[2024-12-04T16:02:04.986+0000] {local_task_job_runner.py:123} INFO - ::group::Pre task execution logs
[2024-12-04T16:02:05.005+0000] {taskinstance.py:2612} INFO - Dependencies all met for dep_context=non-requeueable deps ti=<TaskInstance: get_inaturalist_data_roadkill.publish_message_for_transformation scheduled__2024-12-04T15:30:00+00:00 [queued]>
[2024-12-04T16:02:05.015+0000] {taskinstance.py:2612} INFO - Dependencies all met for dep_context=requeueable deps ti=<TaskInstance: get_inaturalist_data_roadkill.publish_message_for_transformation scheduled__2024-12-04T15:30:00+00:00 [queued]>
[2024-12-04T16:02:05.015+0000] {taskinstance.py:2865} INFO - Starting attempt 1 of 4
[2024-12-04T16:02:05.031+0000] {taskinstance.py:2888} INFO - Executing <Task(_PythonDecoratedOperator): publish_message_for_transformation> on 2024-12-04 15:30:00+00:00
[2024-12-04T16:02:05.040+0000] {warnings.py:112} WARNING - /home/***/.local/lib/python3.12/site-packages/***/task/task_runner/standard_task_runner.py:70: DeprecationWarning: This process (pid=4357) is multi-threaded, use of fork() may lead to deadlocks in the child.
  pid = os.fork()

[2024-12-04T16:02:05.041+0000] {standard_task_runner.py:72} INFO - Started process 4360 to run task
[2024-12-04T16:02:05.042+0000] {standard_task_runner.py:104} INFO - Running: ['***', 'tasks', 'run', 'get_inaturalist_data_roadkill', 'publish_message_for_transformation', 'scheduled__2024-12-04T15:30:00+00:00', '--job-id', '2421', '--raw', '--subdir', 'DAGS_FOLDER/inaturalist_dag.py', '--cfg-path', '/tmp/tmpsx3ujtef']
[2024-12-04T16:02:05.043+0000] {standard_task_runner.py:105} INFO - Job 2421: Subtask publish_message_for_transformation
[2024-12-04T16:02:05.085+0000] {task_command.py:467} INFO - Running <TaskInstance: get_inaturalist_data_roadkill.publish_message_for_transformation scheduled__2024-12-04T15:30:00+00:00 [running]> on host 7102278bc4c1
[2024-12-04T16:02:05.161+0000] {taskinstance.py:3131} INFO - Exporting env vars: AIRFLOW_CTX_DAG_OWNER='***' AIRFLOW_CTX_DAG_ID='get_inaturalist_data_roadkill' AIRFLOW_CTX_TASK_ID='publish_message_for_transformation' AIRFLOW_CTX_EXECUTION_DATE='2024-12-04T15:30:00+00:00' AIRFLOW_CTX_TRY_NUMBER='1' AIRFLOW_CTX_DAG_RUN_ID='scheduled__2024-12-04T15:30:00+00:00'
[2024-12-04T16:02:05.162+0000] {logging_mixin.py:190} INFO - Task instance is in running state
[2024-12-04T16:02:05.162+0000] {logging_mixin.py:190} INFO -  Previous state of the Task instance: queued
[2024-12-04T16:02:05.162+0000] {logging_mixin.py:190} INFO - Current task name:publish_message_for_transformation state:running start_date:2024-12-04 16:02:05.005396+00:00
[2024-12-04T16:02:05.162+0000] {logging_mixin.py:190} INFO - Dag name:get_inaturalist_data_roadkill and current dag run status:running
[2024-12-04T16:02:05.162+0000] {taskinstance.py:731} INFO - ::endgroup::
[2024-12-04T16:02:05.297+0000] {rabbitmq.py:33} INFO - Sending message {'path': 'inaturalist_data/roadkill_data/2024/12/04/roadkill_observations_160159.csv', 'source': 'Inaturalist', 'keyword': 'roadkill', 'extraction_date': 1733328125163324992} to rabbitmq channel environbit
[2024-12-04T16:02:05.338+0000] {python.py:240} INFO - Done. Returned value was: None
[2024-12-04T16:02:05.346+0000] {taskinstance.py:340} INFO - ::group::Post task execution logs
[2024-12-04T16:02:05.346+0000] {taskinstance.py:352} INFO - Marking task as SUCCESS. dag_id=get_inaturalist_data_roadkill, task_id=publish_message_for_transformation, run_id=scheduled__2024-12-04T15:30:00+00:00, execution_date=20241204T153000, start_date=20241204T160205, end_date=20241204T160205
[2024-12-04T16:02:05.355+0000] {logging_mixin.py:190} INFO - Task instance in success state
[2024-12-04T16:02:05.355+0000] {logging_mixin.py:190} INFO -  Previous state of the Task instance: running
[2024-12-04T16:02:05.355+0000] {logging_mixin.py:190} INFO - Dag name:get_inaturalist_data_roadkill queued_at:2024-12-04 16:00:00.328789+00:00
[2024-12-04T16:02:05.356+0000] {logging_mixin.py:190} INFO - Task hostname:7102278bc4c1 operator:_PythonDecoratedOperator
[2024-12-04T16:02:05.376+0000] {local_task_job_runner.py:266} INFO - Task exited with return code 0
[2024-12-04T16:02:05.388+0000] {taskinstance.py:3900} INFO - 0 downstream tasks scheduled from follow-on schedule check
[2024-12-04T16:02:05.390+0000] {local_task_job_runner.py:245} INFO - ::endgroup::
