[2024-12-06T12:02:12.154+0000] {processor.py:186} INFO - Started process (PID=61) to work on /home/airflow/.local/lib/python3.12/site-packages/airflow/example_dags/example_bash_operator.py
[2024-12-06T12:02:12.159+0000] {processor.py:914} INFO - Processing file /home/airflow/.local/lib/python3.12/site-packages/airflow/example_dags/example_bash_operator.py for tasks to queue
[2024-12-06T12:02:12.167+0000] {logging_mixin.py:190} INFO - [2024-12-06T12:02:12.166+0000] {dagbag.py:588} INFO - Filling up the DagBag from /home/airflow/.local/lib/python3.12/site-packages/airflow/example_dags/example_bash_operator.py
[2024-12-06T12:02:12.233+0000] {processor.py:925} INFO - DAG(s) 'example_bash_operator' retrieved from /home/airflow/.local/lib/python3.12/site-packages/airflow/example_dags/example_bash_operator.py
[2024-12-06T12:02:12.300+0000] {logging_mixin.py:190} INFO - [2024-12-06T12:02:12.300+0000] {dag.py:3239} INFO - Sync 1 DAGs
[2024-12-06T12:02:12.348+0000] {logging_mixin.py:190} INFO - [2024-12-06T12:02:12.347+0000] {dag.py:4180} INFO - Setting next_dagrun for example_bash_operator to 2024-12-05 00:00:00+00:00, run_after=2024-12-06 00:00:00+00:00
[2024-12-06T12:02:12.394+0000] {processor.py:208} INFO - Processing /home/airflow/.local/lib/python3.12/site-packages/airflow/example_dags/example_bash_operator.py took 0.256 seconds
[2024-12-06T12:02:42.628+0000] {processor.py:186} INFO - Started process (PID=136) to work on /home/airflow/.local/lib/python3.12/site-packages/airflow/example_dags/example_bash_operator.py
[2024-12-06T12:02:42.631+0000] {processor.py:914} INFO - Processing file /home/airflow/.local/lib/python3.12/site-packages/airflow/example_dags/example_bash_operator.py for tasks to queue
[2024-12-06T12:02:42.636+0000] {logging_mixin.py:190} INFO - [2024-12-06T12:02:42.635+0000] {dagbag.py:588} INFO - Filling up the DagBag from /home/airflow/.local/lib/python3.12/site-packages/airflow/example_dags/example_bash_operator.py
[2024-12-06T12:02:42.656+0000] {processor.py:925} INFO - DAG(s) 'example_bash_operator' retrieved from /home/airflow/.local/lib/python3.12/site-packages/airflow/example_dags/example_bash_operator.py
[2024-12-06T12:02:42.710+0000] {logging_mixin.py:190} INFO - [2024-12-06T12:02:42.708+0000] {dag.py:3239} INFO - Sync 1 DAGs
[2024-12-06T12:02:42.788+0000] {logging_mixin.py:190} INFO - [2024-12-06T12:02:42.788+0000] {dag.py:4180} INFO - Setting next_dagrun for example_bash_operator to 2024-12-05 00:00:00+00:00, run_after=2024-12-06 00:00:00+00:00
[2024-12-06T12:02:42.841+0000] {processor.py:208} INFO - Processing /home/airflow/.local/lib/python3.12/site-packages/airflow/example_dags/example_bash_operator.py took 0.224 seconds
[2024-12-06T12:03:13.239+0000] {processor.py:186} INFO - Started process (PID=201) to work on /home/airflow/.local/lib/python3.12/site-packages/airflow/example_dags/example_bash_operator.py
[2024-12-06T12:03:13.240+0000] {processor.py:914} INFO - Processing file /home/airflow/.local/lib/python3.12/site-packages/airflow/example_dags/example_bash_operator.py for tasks to queue
[2024-12-06T12:03:13.242+0000] {logging_mixin.py:190} INFO - [2024-12-06T12:03:13.242+0000] {dagbag.py:588} INFO - Filling up the DagBag from /home/airflow/.local/lib/python3.12/site-packages/airflow/example_dags/example_bash_operator.py
[2024-12-06T12:03:13.255+0000] {processor.py:925} INFO - DAG(s) 'example_bash_operator' retrieved from /home/airflow/.local/lib/python3.12/site-packages/airflow/example_dags/example_bash_operator.py
[2024-12-06T12:03:13.280+0000] {logging_mixin.py:190} INFO - [2024-12-06T12:03:13.279+0000] {dag.py:3239} INFO - Sync 1 DAGs
[2024-12-06T12:03:13.323+0000] {logging_mixin.py:190} INFO - [2024-12-06T12:03:13.322+0000] {dag.py:4180} INFO - Setting next_dagrun for example_bash_operator to 2024-12-05 00:00:00+00:00, run_after=2024-12-06 00:00:00+00:00
[2024-12-06T12:03:13.353+0000] {processor.py:208} INFO - Processing /home/airflow/.local/lib/python3.12/site-packages/airflow/example_dags/example_bash_operator.py took 0.121 seconds
