[2024-12-06T12:02:11.894+0000] {processor.py:186} INFO - Started process (PID=60) to work on /home/airflow/.local/lib/python3.12/site-packages/airflow/example_dags/example_latest_only.py
[2024-12-06T12:02:11.895+0000] {processor.py:914} INFO - Processing file /home/airflow/.local/lib/python3.12/site-packages/airflow/example_dags/example_latest_only.py for tasks to queue
[2024-12-06T12:02:11.898+0000] {logging_mixin.py:190} INFO - [2024-12-06T12:02:11.898+0000] {dagbag.py:588} INFO - Filling up the DagBag from /home/airflow/.local/lib/python3.12/site-packages/airflow/example_dags/example_latest_only.py
[2024-12-06T12:02:11.933+0000] {processor.py:925} INFO - DAG(s) 'latest_only' retrieved from /home/airflow/.local/lib/python3.12/site-packages/airflow/example_dags/example_latest_only.py
[2024-12-06T12:02:12.004+0000] {logging_mixin.py:190} INFO - [2024-12-06T12:02:12.003+0000] {dag.py:3239} INFO - Sync 1 DAGs
[2024-12-06T12:02:12.056+0000] {logging_mixin.py:190} INFO - [2024-12-06T12:02:12.056+0000] {dag.py:4180} INFO - Setting next_dagrun for latest_only to 2024-12-06 08:00:00+00:00, run_after=2024-12-06 12:00:00+00:00
[2024-12-06T12:02:12.093+0000] {processor.py:208} INFO - Processing /home/airflow/.local/lib/python3.12/site-packages/airflow/example_dags/example_latest_only.py took 0.213 seconds
[2024-12-06T12:02:42.276+0000] {processor.py:186} INFO - Started process (PID=134) to work on /home/airflow/.local/lib/python3.12/site-packages/airflow/example_dags/example_latest_only.py
[2024-12-06T12:02:42.278+0000] {processor.py:914} INFO - Processing file /home/airflow/.local/lib/python3.12/site-packages/airflow/example_dags/example_latest_only.py for tasks to queue
[2024-12-06T12:02:42.282+0000] {logging_mixin.py:190} INFO - [2024-12-06T12:02:42.282+0000] {dagbag.py:588} INFO - Filling up the DagBag from /home/airflow/.local/lib/python3.12/site-packages/airflow/example_dags/example_latest_only.py
[2024-12-06T12:02:42.291+0000] {processor.py:925} INFO - DAG(s) 'latest_only' retrieved from /home/airflow/.local/lib/python3.12/site-packages/airflow/example_dags/example_latest_only.py
[2024-12-06T12:02:42.321+0000] {logging_mixin.py:190} INFO - [2024-12-06T12:02:42.321+0000] {dag.py:3239} INFO - Sync 1 DAGs
[2024-12-06T12:02:42.367+0000] {logging_mixin.py:190} INFO - [2024-12-06T12:02:42.366+0000] {dag.py:4180} INFO - Setting next_dagrun for latest_only to 2024-12-06 08:00:00+00:00, run_after=2024-12-06 12:00:00+00:00
[2024-12-06T12:02:42.399+0000] {processor.py:208} INFO - Processing /home/airflow/.local/lib/python3.12/site-packages/airflow/example_dags/example_latest_only.py took 0.140 seconds
[2024-12-06T12:03:13.213+0000] {processor.py:186} INFO - Started process (PID=200) to work on /home/airflow/.local/lib/python3.12/site-packages/airflow/example_dags/example_latest_only.py
[2024-12-06T12:03:13.215+0000] {processor.py:914} INFO - Processing file /home/airflow/.local/lib/python3.12/site-packages/airflow/example_dags/example_latest_only.py for tasks to queue
[2024-12-06T12:03:13.219+0000] {logging_mixin.py:190} INFO - [2024-12-06T12:03:13.218+0000] {dagbag.py:588} INFO - Filling up the DagBag from /home/airflow/.local/lib/python3.12/site-packages/airflow/example_dags/example_latest_only.py
[2024-12-06T12:03:13.230+0000] {processor.py:925} INFO - DAG(s) 'latest_only' retrieved from /home/airflow/.local/lib/python3.12/site-packages/airflow/example_dags/example_latest_only.py
[2024-12-06T12:03:13.254+0000] {logging_mixin.py:190} INFO - [2024-12-06T12:03:13.254+0000] {dag.py:3239} INFO - Sync 1 DAGs
[2024-12-06T12:03:13.284+0000] {logging_mixin.py:190} INFO - [2024-12-06T12:03:13.284+0000] {dag.py:4180} INFO - Setting next_dagrun for latest_only to 2024-12-06 08:00:00+00:00, run_after=2024-12-06 12:00:00+00:00
[2024-12-06T12:03:13.326+0000] {processor.py:208} INFO - Processing /home/airflow/.local/lib/python3.12/site-packages/airflow/example_dags/example_latest_only.py took 0.121 seconds
