[2024-12-06T12:02:12.188+0000] {processor.py:186} INFO - Started process (PID=62) to work on /home/airflow/.local/lib/python3.12/site-packages/airflow/example_dags/example_task_group.py
[2024-12-06T12:02:12.190+0000] {processor.py:914} INFO - Processing file /home/airflow/.local/lib/python3.12/site-packages/airflow/example_dags/example_task_group.py for tasks to queue
[2024-12-06T12:02:12.193+0000] {logging_mixin.py:190} INFO - [2024-12-06T12:02:12.192+0000] {dagbag.py:588} INFO - Filling up the DagBag from /home/airflow/.local/lib/python3.12/site-packages/airflow/example_dags/example_task_group.py
[2024-12-06T12:02:12.216+0000] {processor.py:925} INFO - DAG(s) 'example_task_group' retrieved from /home/airflow/.local/lib/python3.12/site-packages/airflow/example_dags/example_task_group.py
[2024-12-06T12:02:12.277+0000] {logging_mixin.py:190} INFO - [2024-12-06T12:02:12.276+0000] {dag.py:3239} INFO - Sync 1 DAGs
[2024-12-06T12:02:12.305+0000] {logging_mixin.py:190} INFO - [2024-12-06T12:02:12.305+0000] {dag.py:4180} INFO - Setting next_dagrun for example_task_group to None, run_after=None
[2024-12-06T12:02:12.343+0000] {processor.py:208} INFO - Processing /home/airflow/.local/lib/python3.12/site-packages/airflow/example_dags/example_task_group.py took 0.171 seconds
[2024-12-06T12:02:42.429+0000] {processor.py:186} INFO - Started process (PID=135) to work on /home/airflow/.local/lib/python3.12/site-packages/airflow/example_dags/example_task_group.py
[2024-12-06T12:02:42.431+0000] {processor.py:914} INFO - Processing file /home/airflow/.local/lib/python3.12/site-packages/airflow/example_dags/example_task_group.py for tasks to queue
[2024-12-06T12:02:42.433+0000] {logging_mixin.py:190} INFO - [2024-12-06T12:02:42.433+0000] {dagbag.py:588} INFO - Filling up the DagBag from /home/airflow/.local/lib/python3.12/site-packages/airflow/example_dags/example_task_group.py
[2024-12-06T12:02:42.445+0000] {processor.py:925} INFO - DAG(s) 'example_task_group' retrieved from /home/airflow/.local/lib/python3.12/site-packages/airflow/example_dags/example_task_group.py
[2024-12-06T12:02:42.473+0000] {logging_mixin.py:190} INFO - [2024-12-06T12:02:42.472+0000] {dag.py:3239} INFO - Sync 1 DAGs
[2024-12-06T12:02:42.495+0000] {logging_mixin.py:190} INFO - [2024-12-06T12:02:42.494+0000] {dag.py:4180} INFO - Setting next_dagrun for example_task_group to None, run_after=None
[2024-12-06T12:02:42.549+0000] {processor.py:208} INFO - Processing /home/airflow/.local/lib/python3.12/site-packages/airflow/example_dags/example_task_group.py took 0.129 seconds
[2024-12-06T12:03:13.365+0000] {processor.py:186} INFO - Started process (PID=202) to work on /home/airflow/.local/lib/python3.12/site-packages/airflow/example_dags/example_task_group.py
[2024-12-06T12:03:13.365+0000] {processor.py:914} INFO - Processing file /home/airflow/.local/lib/python3.12/site-packages/airflow/example_dags/example_task_group.py for tasks to queue
[2024-12-06T12:03:13.367+0000] {logging_mixin.py:190} INFO - [2024-12-06T12:03:13.367+0000] {dagbag.py:588} INFO - Filling up the DagBag from /home/airflow/.local/lib/python3.12/site-packages/airflow/example_dags/example_task_group.py
[2024-12-06T12:03:13.375+0000] {processor.py:925} INFO - DAG(s) 'example_task_group' retrieved from /home/airflow/.local/lib/python3.12/site-packages/airflow/example_dags/example_task_group.py
[2024-12-06T12:03:13.395+0000] {logging_mixin.py:190} INFO - [2024-12-06T12:03:13.395+0000] {dag.py:3239} INFO - Sync 1 DAGs
[2024-12-06T12:03:13.409+0000] {logging_mixin.py:190} INFO - [2024-12-06T12:03:13.408+0000] {dag.py:4180} INFO - Setting next_dagrun for example_task_group to None, run_after=None
[2024-12-06T12:03:13.427+0000] {processor.py:208} INFO - Processing /home/airflow/.local/lib/python3.12/site-packages/airflow/example_dags/example_task_group.py took 0.070 seconds
