[2024-12-06T12:02:12.863+0000] {processor.py:186} INFO - Started process (PID=64) to work on /home/airflow/.local/lib/python3.12/site-packages/airflow/example_dags/example_inlet_event_extra.py
[2024-12-06T12:02:12.865+0000] {processor.py:914} INFO - Processing file /home/airflow/.local/lib/python3.12/site-packages/airflow/example_dags/example_inlet_event_extra.py for tasks to queue
[2024-12-06T12:02:12.869+0000] {logging_mixin.py:190} INFO - [2024-12-06T12:02:12.869+0000] {dagbag.py:588} INFO - Filling up the DagBag from /home/airflow/.local/lib/python3.12/site-packages/airflow/example_dags/example_inlet_event_extra.py
[2024-12-06T12:02:14.594+0000] {processor.py:925} INFO - DAG(s) 'read_dataset_event_from_classic', 'read_dataset_event' retrieved from /home/airflow/.local/lib/python3.12/site-packages/airflow/example_dags/example_inlet_event_extra.py
[2024-12-06T12:02:14.659+0000] {logging_mixin.py:190} INFO - [2024-12-06T12:02:14.659+0000] {dag.py:3239} INFO - Sync 2 DAGs
[2024-12-06T12:02:14.731+0000] {logging_mixin.py:190} INFO - [2024-12-06T12:02:14.731+0000] {dag.py:4180} INFO - Setting next_dagrun for read_dataset_event to 2024-12-05 00:00:00+00:00, run_after=2024-12-06 00:00:00+00:00
[2024-12-06T12:02:14.745+0000] {logging_mixin.py:190} INFO - [2024-12-06T12:02:14.744+0000] {dag.py:4180} INFO - Setting next_dagrun for read_dataset_event_from_classic to 2024-12-05 00:00:00+00:00, run_after=2024-12-06 00:00:00+00:00
[2024-12-06T12:02:14.780+0000] {processor.py:208} INFO - Processing /home/airflow/.local/lib/python3.12/site-packages/airflow/example_dags/example_inlet_event_extra.py took 1.927 seconds
[2024-12-06T12:02:44.880+0000] {processor.py:186} INFO - Started process (PID=143) to work on /home/airflow/.local/lib/python3.12/site-packages/airflow/example_dags/example_inlet_event_extra.py
[2024-12-06T12:02:44.881+0000] {processor.py:914} INFO - Processing file /home/airflow/.local/lib/python3.12/site-packages/airflow/example_dags/example_inlet_event_extra.py for tasks to queue
[2024-12-06T12:02:44.885+0000] {logging_mixin.py:190} INFO - [2024-12-06T12:02:44.884+0000] {dagbag.py:588} INFO - Filling up the DagBag from /home/airflow/.local/lib/python3.12/site-packages/airflow/example_dags/example_inlet_event_extra.py
[2024-12-06T12:02:45.133+0000] {processor.py:925} INFO - DAG(s) 'read_dataset_event_from_classic', 'read_dataset_event' retrieved from /home/airflow/.local/lib/python3.12/site-packages/airflow/example_dags/example_inlet_event_extra.py
[2024-12-06T12:02:45.165+0000] {logging_mixin.py:190} INFO - [2024-12-06T12:02:45.164+0000] {dag.py:3239} INFO - Sync 2 DAGs
[2024-12-06T12:02:45.207+0000] {logging_mixin.py:190} INFO - [2024-12-06T12:02:45.207+0000] {dag.py:4180} INFO - Setting next_dagrun for read_dataset_event to 2024-12-05 00:00:00+00:00, run_after=2024-12-06 00:00:00+00:00
[2024-12-06T12:02:45.218+0000] {logging_mixin.py:190} INFO - [2024-12-06T12:02:45.218+0000] {dag.py:4180} INFO - Setting next_dagrun for read_dataset_event_from_classic to 2024-12-05 00:00:00+00:00, run_after=2024-12-06 00:00:00+00:00
[2024-12-06T12:02:45.244+0000] {processor.py:208} INFO - Processing /home/airflow/.local/lib/python3.12/site-packages/airflow/example_dags/example_inlet_event_extra.py took 0.373 seconds
[2024-12-06T12:03:15.363+0000] {processor.py:186} INFO - Started process (PID=211) to work on /home/airflow/.local/lib/python3.12/site-packages/airflow/example_dags/example_inlet_event_extra.py
[2024-12-06T12:03:15.364+0000] {processor.py:914} INFO - Processing file /home/airflow/.local/lib/python3.12/site-packages/airflow/example_dags/example_inlet_event_extra.py for tasks to queue
[2024-12-06T12:03:15.367+0000] {logging_mixin.py:190} INFO - [2024-12-06T12:03:15.367+0000] {dagbag.py:588} INFO - Filling up the DagBag from /home/airflow/.local/lib/python3.12/site-packages/airflow/example_dags/example_inlet_event_extra.py
[2024-12-06T12:03:15.603+0000] {processor.py:925} INFO - DAG(s) 'read_dataset_event', 'read_dataset_event_from_classic' retrieved from /home/airflow/.local/lib/python3.12/site-packages/airflow/example_dags/example_inlet_event_extra.py
[2024-12-06T12:03:15.624+0000] {logging_mixin.py:190} INFO - [2024-12-06T12:03:15.624+0000] {dag.py:3239} INFO - Sync 2 DAGs
[2024-12-06T12:03:15.649+0000] {logging_mixin.py:190} INFO - [2024-12-06T12:03:15.649+0000] {dag.py:4180} INFO - Setting next_dagrun for read_dataset_event to 2024-12-05 00:00:00+00:00, run_after=2024-12-06 00:00:00+00:00
[2024-12-06T12:03:15.656+0000] {logging_mixin.py:190} INFO - [2024-12-06T12:03:15.656+0000] {dag.py:4180} INFO - Setting next_dagrun for read_dataset_event_from_classic to 2024-12-05 00:00:00+00:00, run_after=2024-12-06 00:00:00+00:00
[2024-12-06T12:03:15.677+0000] {processor.py:208} INFO - Processing /home/airflow/.local/lib/python3.12/site-packages/airflow/example_dags/example_inlet_event_extra.py took 0.322 seconds
