[2024-10-29T18:00:05.916+0000] {local_task_job_runner.py:123} INFO - ::group::Pre task execution logs
[2024-10-29T18:00:05.951+0000] {taskinstance.py:2612} INFO - Dependencies all met for dep_context=non-requeueable deps ti=<TaskInstance: get_inaturalist_data_atropelada.process_data scheduled__2024-10-29T17:30:00+00:00 [queued]>
[2024-10-29T18:00:05.966+0000] {taskinstance.py:2612} INFO - Dependencies all met for dep_context=requeueable deps ti=<TaskInstance: get_inaturalist_data_atropelada.process_data scheduled__2024-10-29T17:30:00+00:00 [queued]>
[2024-10-29T18:00:05.967+0000] {taskinstance.py:2865} INFO - Starting attempt 1 of 4
[2024-10-29T18:00:05.994+0000] {taskinstance.py:2888} INFO - Executing <Task(_PythonDecoratedOperator): process_data> on 2024-10-29 17:30:00+00:00
[2024-10-29T18:00:06.012+0000] {warnings.py:112} WARNING - /home/***/.local/lib/python3.12/site-packages/***/task/task_runner/standard_task_runner.py:70: DeprecationWarning: This process (pid=1610) is multi-threaded, use of fork() may lead to deadlocks in the child.
  pid = os.fork()

[2024-10-29T18:00:06.014+0000] {standard_task_runner.py:72} INFO - Started process 1629 to run task
[2024-10-29T18:00:06.016+0000] {standard_task_runner.py:104} INFO - Running: ['***', 'tasks', 'run', 'get_inaturalist_data_atropelada', 'process_data', 'scheduled__2024-10-29T17:30:00+00:00', '--job-id', '165', '--raw', '--subdir', 'DAGS_FOLDER/inaturalist_dag.py', '--cfg-path', '/tmp/tmpg_tuzsjl']
[2024-10-29T18:00:06.018+0000] {standard_task_runner.py:105} INFO - Job 165: Subtask process_data
[2024-10-29T18:00:06.150+0000] {task_command.py:467} INFO - Running <TaskInstance: get_inaturalist_data_atropelada.process_data scheduled__2024-10-29T17:30:00+00:00 [running]> on host 8b409d8ad50e
[2024-10-29T18:00:06.546+0000] {taskinstance.py:3131} INFO - Exporting env vars: AIRFLOW_CTX_DAG_OWNER='***' AIRFLOW_CTX_DAG_ID='get_inaturalist_data_atropelada' AIRFLOW_CTX_TASK_ID='process_data' AIRFLOW_CTX_EXECUTION_DATE='2024-10-29T17:30:00+00:00' AIRFLOW_CTX_TRY_NUMBER='1' AIRFLOW_CTX_DAG_RUN_ID='scheduled__2024-10-29T17:30:00+00:00'
[2024-10-29T18:00:06.550+0000] {logging_mixin.py:190} INFO - Task instance is in running state
[2024-10-29T18:00:06.551+0000] {logging_mixin.py:190} INFO -  Previous state of the Task instance: queued
[2024-10-29T18:00:06.552+0000] {logging_mixin.py:190} INFO - Current task name:process_data state:running start_date:2024-10-29 18:00:05.951630+00:00
[2024-10-29T18:00:06.552+0000] {logging_mixin.py:190} INFO - Dag name:get_inaturalist_data_atropelada and current dag run status:running
[2024-10-29T18:00:06.553+0000] {taskinstance.py:731} INFO - ::endgroup::
[2024-10-29T18:00:06.555+0000] {python.py:240} INFO - Done. Returned value was: {'path': 'inaturalist_data/atropelada_data/2024/10/29/atropelada_observations_180006.json', 'format': 'application/json'}
[2024-10-29T18:00:06.649+0000] {taskinstance.py:340} INFO - ::group::Post task execution logs
[2024-10-29T18:00:06.649+0000] {taskinstance.py:352} INFO - Marking task as SUCCESS. dag_id=get_inaturalist_data_atropelada, task_id=process_data, run_id=scheduled__2024-10-29T17:30:00+00:00, execution_date=20241029T173000, start_date=20241029T180005, end_date=20241029T180006
[2024-10-29T18:00:06.669+0000] {logging_mixin.py:190} INFO - Task instance in success state
[2024-10-29T18:00:06.670+0000] {logging_mixin.py:190} INFO -  Previous state of the Task instance: running
[2024-10-29T18:00:06.671+0000] {logging_mixin.py:190} INFO - Dag name:get_inaturalist_data_atropelada queued_at:2024-10-29 18:00:00.232800+00:00
[2024-10-29T18:00:06.671+0000] {logging_mixin.py:190} INFO - Task hostname:8b409d8ad50e operator:_PythonDecoratedOperator
[2024-10-29T18:00:06.727+0000] {local_task_job_runner.py:266} INFO - Task exited with return code 0
[2024-10-29T18:00:06.774+0000] {taskinstance.py:3900} INFO - 0 downstream tasks scheduled from follow-on schedule check
[2024-10-29T18:00:06.778+0000] {local_task_job_runner.py:245} INFO - ::endgroup::
