[2024-12-02T11:14:49.053+0000] {local_task_job_runner.py:123} INFO - ::group::Pre task execution logs
[2024-12-02T11:14:49.066+0000] {taskinstance.py:2612} INFO - Dependencies all met for dep_context=non-requeueable deps ti=<TaskInstance: get_gbif_data_roadkill.get_all_data manual__2024-12-02T11:14:46.499859+00:00 [queued]>
[2024-12-02T11:14:49.074+0000] {taskinstance.py:2612} INFO - Dependencies all met for dep_context=requeueable deps ti=<TaskInstance: get_gbif_data_roadkill.get_all_data manual__2024-12-02T11:14:46.499859+00:00 [queued]>
[2024-12-02T11:14:49.074+0000] {taskinstance.py:2865} INFO - Starting attempt 1 of 4
[2024-12-02T11:14:49.085+0000] {taskinstance.py:2888} INFO - Executing <Task(_PythonDecoratedOperator): get_all_data> on 2024-12-02 11:14:46.499859+00:00
[2024-12-02T11:14:49.093+0000] {warnings.py:112} WARNING - /home/***/.local/lib/python3.12/site-packages/***/task/task_runner/standard_task_runner.py:70: DeprecationWarning: This process (pid=266) is multi-threaded, use of fork() may lead to deadlocks in the child.
  pid = os.fork()

[2024-12-02T11:14:49.094+0000] {standard_task_runner.py:72} INFO - Started process 269 to run task
[2024-12-02T11:14:49.095+0000] {standard_task_runner.py:104} INFO - Running: ['***', 'tasks', 'run', 'get_gbif_data_roadkill', 'get_all_data', 'manual__2024-12-02T11:14:46.499859+00:00', '--job-id', '2013', '--raw', '--subdir', 'DAGS_FOLDER/gbif_dag.py', '--cfg-path', '/tmp/tmpkilaifjx']
[2024-12-02T11:14:49.096+0000] {standard_task_runner.py:105} INFO - Job 2013: Subtask get_all_data
[2024-12-02T11:14:49.134+0000] {task_command.py:467} INFO - Running <TaskInstance: get_gbif_data_roadkill.get_all_data manual__2024-12-02T11:14:46.499859+00:00 [running]> on host 59d51ca962df
[2024-12-02T11:14:49.210+0000] {taskinstance.py:3131} INFO - Exporting env vars: AIRFLOW_CTX_DAG_OWNER='***' AIRFLOW_CTX_DAG_ID='get_gbif_data_roadkill' AIRFLOW_CTX_TASK_ID='get_all_data' AIRFLOW_CTX_EXECUTION_DATE='2024-12-02T11:14:46.499859+00:00' AIRFLOW_CTX_TRY_NUMBER='1' AIRFLOW_CTX_DAG_RUN_ID='manual__2024-12-02T11:14:46.499859+00:00'
[2024-12-02T11:14:49.211+0000] {logging_mixin.py:190} INFO - Task instance is in running state
[2024-12-02T11:14:49.212+0000] {logging_mixin.py:190} INFO -  Previous state of the Task instance: queued
[2024-12-02T11:14:49.212+0000] {logging_mixin.py:190} INFO - Current task name:get_all_data state:running start_date:2024-12-02 11:14:49.066663+00:00
[2024-12-02T11:14:49.212+0000] {logging_mixin.py:190} INFO - Dag name:get_gbif_data_roadkill and current dag run status:running
[2024-12-02T11:14:49.212+0000] {taskinstance.py:731} INFO - ::endgroup::
[2024-12-02T11:14:49.213+0000] {gbif_dag.py:227} INFO - Getting data from keyword: roadkill
[2024-12-02T11:14:49.746+0000] {gbif_dag.py:220} ERROR - Status code 400
[2024-12-02T11:14:49.746+0000] {gbif_dag.py:221} ERROR - Something went wrong {"body":"Max offset of 100001 exceeded: 125745 + 300"}
[2024-12-02T11:14:49.747+0000] {gbif_dag.py:233} INFO - No more occurrences found, stopping.
[2024-12-02T11:14:49.753+0000] {crypto.py:82} WARNING - empty cryptography key - values will not be stored encrypted.
[2024-12-02T11:14:49.761+0000] {python.py:240} INFO - Done. Returned value was: []
[2024-12-02T11:14:49.782+0000] {taskinstance.py:340} INFO - ::group::Post task execution logs
[2024-12-02T11:14:49.782+0000] {taskinstance.py:352} INFO - Marking task as SUCCESS. dag_id=get_gbif_data_roadkill, task_id=get_all_data, run_id=manual__2024-12-02T11:14:46.499859+00:00, execution_date=20241202T111446, start_date=20241202T111449, end_date=20241202T111449
[2024-12-02T11:14:49.794+0000] {logging_mixin.py:190} INFO - Task instance in success state
[2024-12-02T11:14:49.794+0000] {logging_mixin.py:190} INFO -  Previous state of the Task instance: running
[2024-12-02T11:14:49.795+0000] {logging_mixin.py:190} INFO - Dag name:get_gbif_data_roadkill queued_at:2024-12-02 11:14:46.511058+00:00
[2024-12-02T11:14:49.795+0000] {logging_mixin.py:190} INFO - Task hostname:59d51ca962df operator:_PythonDecoratedOperator
[2024-12-02T11:14:49.829+0000] {local_task_job_runner.py:266} INFO - Task exited with return code 0
[2024-12-02T11:14:49.862+0000] {taskinstance.py:3900} INFO - 1 downstream tasks scheduled from follow-on schedule check
[2024-12-02T11:14:49.867+0000] {local_task_job_runner.py:245} INFO - ::endgroup::
