[2024-10-25T14:00:02.013+0000] {local_task_job_runner.py:123} INFO - ::group::Pre task execution logs
[2024-10-25T14:00:02.031+0000] {taskinstance.py:2612} INFO - Dependencies all met for dep_context=non-requeueable deps ti=<TaskInstance: get_inaturalist_data_atropelada.process_data manual__2024-10-25T13:59:55.006363+00:00 [queued]>
[2024-10-25T14:00:02.040+0000] {taskinstance.py:2612} INFO - Dependencies all met for dep_context=requeueable deps ti=<TaskInstance: get_inaturalist_data_atropelada.process_data manual__2024-10-25T13:59:55.006363+00:00 [queued]>
[2024-10-25T14:00:02.040+0000] {taskinstance.py:2865} INFO - Starting attempt 1 of 4
[2024-10-25T14:00:02.054+0000] {taskinstance.py:2888} INFO - Executing <Task(_PythonDecoratedOperator): process_data> on 2024-10-25 13:59:55.006363+00:00
[2024-10-25T14:00:02.063+0000] {warnings.py:112} WARNING - /home/***/.local/lib/python3.12/site-packages/***/task/task_runner/standard_task_runner.py:70: DeprecationWarning: This process (pid=303) is multi-threaded, use of fork() may lead to deadlocks in the child.
  pid = os.fork()

[2024-10-25T14:00:02.065+0000] {standard_task_runner.py:72} INFO - Started process 308 to run task
[2024-10-25T14:00:02.066+0000] {standard_task_runner.py:104} INFO - Running: ['***', 'tasks', 'run', 'get_inaturalist_data_atropelada', 'process_data', 'manual__2024-10-25T13:59:55.006363+00:00', '--job-id', '18', '--raw', '--subdir', 'DAGS_FOLDER/inaturalist_dag.py', '--cfg-path', '/tmp/tmpfpt8qh0h']
[2024-10-25T14:00:02.067+0000] {standard_task_runner.py:105} INFO - Job 18: Subtask process_data
[2024-10-25T14:00:02.109+0000] {task_command.py:467} INFO - Running <TaskInstance: get_inaturalist_data_atropelada.process_data manual__2024-10-25T13:59:55.006363+00:00 [running]> on host 917daa3cf910
[2024-10-25T14:00:02.193+0000] {taskinstance.py:3131} INFO - Exporting env vars: AIRFLOW_CTX_DAG_OWNER='***' AIRFLOW_CTX_DAG_ID='get_inaturalist_data_atropelada' AIRFLOW_CTX_TASK_ID='process_data' AIRFLOW_CTX_EXECUTION_DATE='2024-10-25T13:59:55.006363+00:00' AIRFLOW_CTX_TRY_NUMBER='1' AIRFLOW_CTX_DAG_RUN_ID='manual__2024-10-25T13:59:55.006363+00:00'
[2024-10-25T14:00:02.194+0000] {logging_mixin.py:190} INFO - Task instance is in running state
[2024-10-25T14:00:02.194+0000] {logging_mixin.py:190} INFO -  Previous state of the Task instance: queued
[2024-10-25T14:00:02.194+0000] {logging_mixin.py:190} INFO - Current task name:process_data state:running start_date:2024-10-25 14:00:02.031597+00:00
[2024-10-25T14:00:02.194+0000] {logging_mixin.py:190} INFO - Dag name:get_inaturalist_data_atropelada and current dag run status:running
[2024-10-25T14:00:02.194+0000] {taskinstance.py:731} INFO - ::endgroup::
[2024-10-25T14:00:02.195+0000] {python.py:240} INFO - Done. Returned value was: {'data': '[]', 'path': 'inaturalist_data/atropelada_data/2024/10/25/atropelada_observations_140002.json', 'format': 'application/json'}
[2024-10-25T14:00:02.220+0000] {taskinstance.py:340} INFO - ::group::Post task execution logs
[2024-10-25T14:00:02.220+0000] {taskinstance.py:352} INFO - Marking task as SUCCESS. dag_id=get_inaturalist_data_atropelada, task_id=process_data, run_id=manual__2024-10-25T13:59:55.006363+00:00, execution_date=20241025T135955, start_date=20241025T140002, end_date=20241025T140002
[2024-10-25T14:00:02.227+0000] {logging_mixin.py:190} INFO - Task instance in success state
[2024-10-25T14:00:02.227+0000] {logging_mixin.py:190} INFO -  Previous state of the Task instance: running
[2024-10-25T14:00:02.228+0000] {logging_mixin.py:190} INFO - Dag name:get_inaturalist_data_atropelada queued_at:2024-10-25 13:59:55.021843+00:00
[2024-10-25T14:00:02.228+0000] {logging_mixin.py:190} INFO - Task hostname:917daa3cf910 operator:_PythonDecoratedOperator
[2024-10-25T14:00:02.239+0000] {local_task_job_runner.py:266} INFO - Task exited with return code 0
[2024-10-25T14:00:02.259+0000] {taskinstance.py:3900} INFO - 1 downstream tasks scheduled from follow-on schedule check
[2024-10-25T14:00:02.260+0000] {local_task_job_runner.py:245} INFO - ::endgroup::
