[2025-03-20T17:14:07.573+0000] {processor.py:186} INFO - Started process (PID=43) to work on /opt/airflow/dags/inaturalist_dag.py
[2025-03-20T17:14:07.574+0000] {processor.py:914} INFO - Processing file /opt/airflow/dags/inaturalist_dag.py for tasks to queue
[2025-03-20T17:14:07.578+0000] {logging_mixin.py:190} INFO - [2025-03-20T17:14:07.576+0000] {dagbag.py:588} INFO - Filling up the DagBag from /opt/airflow/dags/inaturalist_dag.py
[2025-03-20T17:14:12.306+0000] {processor.py:925} INFO - DAG(s) 'get_inaturalist_data_atropelamento', 'get_inaturalist_data_atropelada', 'get_inaturalist_data_roadkill' retrieved from /opt/airflow/dags/inaturalist_dag.py
[2025-03-20T17:14:12.499+0000] {logging_mixin.py:190} INFO - [2025-03-20T17:14:12.497+0000] {dag.py:3239} INFO - Sync 3 DAGs
[2025-03-20T17:14:12.565+0000] {logging_mixin.py:190} INFO - [2025-03-20T17:14:12.564+0000] {dag.py:4180} INFO - Setting next_dagrun for get_inaturalist_data_atropelada to 2025-03-20 17:00:00+00:00, run_after=2025-03-20 17:30:00+00:00
[2025-03-20T17:14:12.576+0000] {logging_mixin.py:190} INFO - [2025-03-20T17:14:12.576+0000] {dag.py:4180} INFO - Setting next_dagrun for get_inaturalist_data_atropelamento to 2025-03-20 17:00:00+00:00, run_after=2025-03-20 17:30:00+00:00
[2025-03-20T17:14:12.585+0000] {logging_mixin.py:190} INFO - [2025-03-20T17:14:12.585+0000] {dag.py:4180} INFO - Setting next_dagrun for get_inaturalist_data_roadkill to 2025-03-20 17:00:00+00:00, run_after=2025-03-20 17:30:00+00:00
[2025-03-20T17:14:12.639+0000] {processor.py:208} INFO - Processing /opt/airflow/dags/inaturalist_dag.py took 5.093 seconds
[2025-03-20T17:14:42.889+0000] {processor.py:186} INFO - Started process (PID=80) to work on /opt/airflow/dags/inaturalist_dag.py
[2025-03-20T17:14:42.890+0000] {processor.py:914} INFO - Processing file /opt/airflow/dags/inaturalist_dag.py for tasks to queue
[2025-03-20T17:14:42.892+0000] {logging_mixin.py:190} INFO - [2025-03-20T17:14:42.891+0000] {dagbag.py:588} INFO - Filling up the DagBag from /opt/airflow/dags/inaturalist_dag.py
[2025-03-20T17:14:43.589+0000] {processor.py:925} INFO - DAG(s) 'get_inaturalist_data_atropelada', 'get_inaturalist_data_roadkill', 'get_inaturalist_data_atropelamento' retrieved from /opt/airflow/dags/inaturalist_dag.py
[2025-03-20T17:14:43.618+0000] {logging_mixin.py:190} INFO - [2025-03-20T17:14:43.617+0000] {dag.py:3239} INFO - Sync 3 DAGs
[2025-03-20T17:14:43.635+0000] {logging_mixin.py:190} INFO - [2025-03-20T17:14:43.635+0000] {dag.py:4180} INFO - Setting next_dagrun for get_inaturalist_data_atropelada to 2025-03-20 17:00:00+00:00, run_after=2025-03-20 17:30:00+00:00
[2025-03-20T17:14:43.638+0000] {logging_mixin.py:190} INFO - [2025-03-20T17:14:43.638+0000] {dag.py:4180} INFO - Setting next_dagrun for get_inaturalist_data_atropelamento to 2025-03-20 17:00:00+00:00, run_after=2025-03-20 17:30:00+00:00
[2025-03-20T17:14:43.639+0000] {logging_mixin.py:190} INFO - [2025-03-20T17:14:43.639+0000] {dag.py:4180} INFO - Setting next_dagrun for get_inaturalist_data_roadkill to 2025-03-20 17:00:00+00:00, run_after=2025-03-20 17:30:00+00:00
[2025-03-20T17:14:43.660+0000] {processor.py:208} INFO - Processing /opt/airflow/dags/inaturalist_dag.py took 0.798 seconds
[2025-03-20T17:15:14.518+0000] {processor.py:186} INFO - Started process (PID=92) to work on /opt/airflow/dags/inaturalist_dag.py
[2025-03-20T17:15:14.519+0000] {processor.py:914} INFO - Processing file /opt/airflow/dags/inaturalist_dag.py for tasks to queue
[2025-03-20T17:15:14.522+0000] {logging_mixin.py:190} INFO - [2025-03-20T17:15:14.521+0000] {dagbag.py:588} INFO - Filling up the DagBag from /opt/airflow/dags/inaturalist_dag.py
[2025-03-20T17:15:15.186+0000] {processor.py:925} INFO - DAG(s) 'get_inaturalist_data_atropelamento', 'get_inaturalist_data_atropelada', 'get_inaturalist_data_roadkill' retrieved from /opt/airflow/dags/inaturalist_dag.py
[2025-03-20T17:15:15.207+0000] {logging_mixin.py:190} INFO - [2025-03-20T17:15:15.207+0000] {dag.py:3239} INFO - Sync 3 DAGs
[2025-03-20T17:15:15.220+0000] {logging_mixin.py:190} INFO - [2025-03-20T17:15:15.220+0000] {dag.py:4180} INFO - Setting next_dagrun for get_inaturalist_data_atropelada to 2025-03-20 17:00:00+00:00, run_after=2025-03-20 17:30:00+00:00
[2025-03-20T17:15:15.224+0000] {logging_mixin.py:190} INFO - [2025-03-20T17:15:15.224+0000] {dag.py:4180} INFO - Setting next_dagrun for get_inaturalist_data_atropelamento to 2025-03-20 17:00:00+00:00, run_after=2025-03-20 17:30:00+00:00
[2025-03-20T17:15:15.225+0000] {logging_mixin.py:190} INFO - [2025-03-20T17:15:15.225+0000] {dag.py:4180} INFO - Setting next_dagrun for get_inaturalist_data_roadkill to 2025-03-20 17:00:00+00:00, run_after=2025-03-20 17:30:00+00:00
[2025-03-20T17:15:15.233+0000] {processor.py:208} INFO - Processing /opt/airflow/dags/inaturalist_dag.py took 0.734 seconds
[2025-03-20T17:15:45.881+0000] {processor.py:186} INFO - Started process (PID=104) to work on /opt/airflow/dags/inaturalist_dag.py
[2025-03-20T17:15:45.882+0000] {processor.py:914} INFO - Processing file /opt/airflow/dags/inaturalist_dag.py for tasks to queue
[2025-03-20T17:15:45.886+0000] {logging_mixin.py:190} INFO - [2025-03-20T17:15:45.884+0000] {dagbag.py:588} INFO - Filling up the DagBag from /opt/airflow/dags/inaturalist_dag.py
[2025-03-20T17:15:46.286+0000] {processor.py:925} INFO - DAG(s) 'get_inaturalist_data_atropelada', 'get_inaturalist_data_atropelamento', 'get_inaturalist_data_roadkill' retrieved from /opt/airflow/dags/inaturalist_dag.py
[2025-03-20T17:15:46.310+0000] {logging_mixin.py:190} INFO - [2025-03-20T17:15:46.310+0000] {dag.py:3239} INFO - Sync 3 DAGs
[2025-03-20T17:15:46.333+0000] {logging_mixin.py:190} INFO - [2025-03-20T17:15:46.333+0000] {dag.py:4180} INFO - Setting next_dagrun for get_inaturalist_data_atropelada to 2025-03-20 17:00:00+00:00, run_after=2025-03-20 17:30:00+00:00
[2025-03-20T17:15:46.336+0000] {logging_mixin.py:190} INFO - [2025-03-20T17:15:46.336+0000] {dag.py:4180} INFO - Setting next_dagrun for get_inaturalist_data_atropelamento to 2025-03-20 17:00:00+00:00, run_after=2025-03-20 17:30:00+00:00
[2025-03-20T17:15:46.337+0000] {logging_mixin.py:190} INFO - [2025-03-20T17:15:46.337+0000] {dag.py:4180} INFO - Setting next_dagrun for get_inaturalist_data_roadkill to 2025-03-20 17:00:00+00:00, run_after=2025-03-20 17:30:00+00:00
[2025-03-20T17:15:46.345+0000] {processor.py:208} INFO - Processing /opt/airflow/dags/inaturalist_dag.py took 0.472 seconds
[2025-03-20T17:16:16.961+0000] {processor.py:186} INFO - Started process (PID=116) to work on /opt/airflow/dags/inaturalist_dag.py
[2025-03-20T17:16:16.962+0000] {processor.py:914} INFO - Processing file /opt/airflow/dags/inaturalist_dag.py for tasks to queue
[2025-03-20T17:16:16.964+0000] {logging_mixin.py:190} INFO - [2025-03-20T17:16:16.963+0000] {dagbag.py:588} INFO - Filling up the DagBag from /opt/airflow/dags/inaturalist_dag.py
[2025-03-20T17:16:17.324+0000] {processor.py:925} INFO - DAG(s) 'get_inaturalist_data_atropelamento', 'get_inaturalist_data_atropelada', 'get_inaturalist_data_roadkill' retrieved from /opt/airflow/dags/inaturalist_dag.py
[2025-03-20T17:16:17.348+0000] {logging_mixin.py:190} INFO - [2025-03-20T17:16:17.347+0000] {dag.py:3239} INFO - Sync 3 DAGs
[2025-03-20T17:16:17.365+0000] {logging_mixin.py:190} INFO - [2025-03-20T17:16:17.365+0000] {dag.py:4180} INFO - Setting next_dagrun for get_inaturalist_data_atropelada to 2025-03-20 17:00:00+00:00, run_after=2025-03-20 17:30:00+00:00
[2025-03-20T17:16:17.368+0000] {logging_mixin.py:190} INFO - [2025-03-20T17:16:17.368+0000] {dag.py:4180} INFO - Setting next_dagrun for get_inaturalist_data_atropelamento to 2025-03-20 17:00:00+00:00, run_after=2025-03-20 17:30:00+00:00
[2025-03-20T17:16:17.369+0000] {logging_mixin.py:190} INFO - [2025-03-20T17:16:17.369+0000] {dag.py:4180} INFO - Setting next_dagrun for get_inaturalist_data_roadkill to 2025-03-20 17:00:00+00:00, run_after=2025-03-20 17:30:00+00:00
[2025-03-20T17:16:17.375+0000] {processor.py:208} INFO - Processing /opt/airflow/dags/inaturalist_dag.py took 0.422 seconds
[2025-03-20T17:16:47.923+0000] {processor.py:186} INFO - Started process (PID=128) to work on /opt/airflow/dags/inaturalist_dag.py
[2025-03-20T17:16:47.924+0000] {processor.py:914} INFO - Processing file /opt/airflow/dags/inaturalist_dag.py for tasks to queue
[2025-03-20T17:16:47.926+0000] {logging_mixin.py:190} INFO - [2025-03-20T17:16:47.925+0000] {dagbag.py:588} INFO - Filling up the DagBag from /opt/airflow/dags/inaturalist_dag.py
[2025-03-20T17:16:48.293+0000] {processor.py:925} INFO - DAG(s) 'get_inaturalist_data_atropelamento', 'get_inaturalist_data_roadkill', 'get_inaturalist_data_atropelada' retrieved from /opt/airflow/dags/inaturalist_dag.py
[2025-03-20T17:16:48.320+0000] {logging_mixin.py:190} INFO - [2025-03-20T17:16:48.319+0000] {dag.py:3239} INFO - Sync 3 DAGs
[2025-03-20T17:16:48.336+0000] {logging_mixin.py:190} INFO - [2025-03-20T17:16:48.336+0000] {dag.py:4180} INFO - Setting next_dagrun for get_inaturalist_data_atropelada to 2025-03-20 17:00:00+00:00, run_after=2025-03-20 17:30:00+00:00
[2025-03-20T17:16:48.338+0000] {logging_mixin.py:190} INFO - [2025-03-20T17:16:48.338+0000] {dag.py:4180} INFO - Setting next_dagrun for get_inaturalist_data_atropelamento to 2025-03-20 17:00:00+00:00, run_after=2025-03-20 17:30:00+00:00
[2025-03-20T17:16:48.339+0000] {logging_mixin.py:190} INFO - [2025-03-20T17:16:48.339+0000] {dag.py:4180} INFO - Setting next_dagrun for get_inaturalist_data_roadkill to 2025-03-20 17:00:00+00:00, run_after=2025-03-20 17:30:00+00:00
[2025-03-20T17:16:48.345+0000] {processor.py:208} INFO - Processing /opt/airflow/dags/inaturalist_dag.py took 0.443 seconds
[2025-03-20T17:17:18.930+0000] {processor.py:186} INFO - Started process (PID=139) to work on /opt/airflow/dags/inaturalist_dag.py
[2025-03-20T17:17:18.931+0000] {processor.py:914} INFO - Processing file /opt/airflow/dags/inaturalist_dag.py for tasks to queue
[2025-03-20T17:17:18.934+0000] {logging_mixin.py:190} INFO - [2025-03-20T17:17:18.932+0000] {dagbag.py:588} INFO - Filling up the DagBag from /opt/airflow/dags/inaturalist_dag.py
[2025-03-20T17:17:19.254+0000] {processor.py:925} INFO - DAG(s) 'get_inaturalist_data_atropelada', 'get_inaturalist_data_roadkill', 'get_inaturalist_data_atropelamento' retrieved from /opt/airflow/dags/inaturalist_dag.py
[2025-03-20T17:17:19.278+0000] {logging_mixin.py:190} INFO - [2025-03-20T17:17:19.277+0000] {dag.py:3239} INFO - Sync 3 DAGs
[2025-03-20T17:17:19.292+0000] {logging_mixin.py:190} INFO - [2025-03-20T17:17:19.292+0000] {dag.py:4180} INFO - Setting next_dagrun for get_inaturalist_data_atropelada to 2025-03-20 17:00:00+00:00, run_after=2025-03-20 17:30:00+00:00
[2025-03-20T17:17:19.295+0000] {logging_mixin.py:190} INFO - [2025-03-20T17:17:19.295+0000] {dag.py:4180} INFO - Setting next_dagrun for get_inaturalist_data_atropelamento to 2025-03-20 17:00:00+00:00, run_after=2025-03-20 17:30:00+00:00
[2025-03-20T17:17:19.296+0000] {logging_mixin.py:190} INFO - [2025-03-20T17:17:19.296+0000] {dag.py:4180} INFO - Setting next_dagrun for get_inaturalist_data_roadkill to 2025-03-20 17:00:00+00:00, run_after=2025-03-20 17:30:00+00:00
[2025-03-20T17:17:19.306+0000] {processor.py:208} INFO - Processing /opt/airflow/dags/inaturalist_dag.py took 0.385 seconds
[2025-03-20T17:17:49.873+0000] {processor.py:186} INFO - Started process (PID=151) to work on /opt/airflow/dags/inaturalist_dag.py
[2025-03-20T17:17:49.875+0000] {processor.py:914} INFO - Processing file /opt/airflow/dags/inaturalist_dag.py for tasks to queue
[2025-03-20T17:17:49.877+0000] {logging_mixin.py:190} INFO - [2025-03-20T17:17:49.877+0000] {dagbag.py:588} INFO - Filling up the DagBag from /opt/airflow/dags/inaturalist_dag.py
[2025-03-20T17:17:50.240+0000] {processor.py:925} INFO - DAG(s) 'get_inaturalist_data_roadkill', 'get_inaturalist_data_atropelada', 'get_inaturalist_data_atropelamento' retrieved from /opt/airflow/dags/inaturalist_dag.py
[2025-03-20T17:17:50.272+0000] {logging_mixin.py:190} INFO - [2025-03-20T17:17:50.271+0000] {dag.py:3239} INFO - Sync 3 DAGs
[2025-03-20T17:17:50.292+0000] {logging_mixin.py:190} INFO - [2025-03-20T17:17:50.292+0000] {dag.py:4180} INFO - Setting next_dagrun for get_inaturalist_data_atropelada to 2025-03-20 17:00:00+00:00, run_after=2025-03-20 17:30:00+00:00
[2025-03-20T17:17:50.296+0000] {logging_mixin.py:190} INFO - [2025-03-20T17:17:50.296+0000] {dag.py:4180} INFO - Setting next_dagrun for get_inaturalist_data_atropelamento to 2025-03-20 17:00:00+00:00, run_after=2025-03-20 17:30:00+00:00
[2025-03-20T17:17:50.297+0000] {logging_mixin.py:190} INFO - [2025-03-20T17:17:50.297+0000] {dag.py:4180} INFO - Setting next_dagrun for get_inaturalist_data_roadkill to 2025-03-20 17:00:00+00:00, run_after=2025-03-20 17:30:00+00:00
[2025-03-20T17:17:50.307+0000] {processor.py:208} INFO - Processing /opt/airflow/dags/inaturalist_dag.py took 0.443 seconds
[2025-03-20T17:18:20.929+0000] {processor.py:186} INFO - Started process (PID=163) to work on /opt/airflow/dags/inaturalist_dag.py
[2025-03-20T17:18:20.929+0000] {processor.py:914} INFO - Processing file /opt/airflow/dags/inaturalist_dag.py for tasks to queue
[2025-03-20T17:18:20.931+0000] {logging_mixin.py:190} INFO - [2025-03-20T17:18:20.931+0000] {dagbag.py:588} INFO - Filling up the DagBag from /opt/airflow/dags/inaturalist_dag.py
[2025-03-20T17:18:21.468+0000] {processor.py:925} INFO - DAG(s) 'get_inaturalist_data_atropelada', 'get_inaturalist_data_atropelamento', 'get_inaturalist_data_roadkill' retrieved from /opt/airflow/dags/inaturalist_dag.py
[2025-03-20T17:18:21.505+0000] {logging_mixin.py:190} INFO - [2025-03-20T17:18:21.504+0000] {dag.py:3239} INFO - Sync 3 DAGs
[2025-03-20T17:18:21.528+0000] {logging_mixin.py:190} INFO - [2025-03-20T17:18:21.528+0000] {dag.py:4180} INFO - Setting next_dagrun for get_inaturalist_data_atropelada to 2025-03-20 17:00:00+00:00, run_after=2025-03-20 17:30:00+00:00
[2025-03-20T17:18:21.531+0000] {logging_mixin.py:190} INFO - [2025-03-20T17:18:21.531+0000] {dag.py:4180} INFO - Setting next_dagrun for get_inaturalist_data_atropelamento to 2025-03-20 17:00:00+00:00, run_after=2025-03-20 17:30:00+00:00
[2025-03-20T17:18:21.532+0000] {logging_mixin.py:190} INFO - [2025-03-20T17:18:21.532+0000] {dag.py:4180} INFO - Setting next_dagrun for get_inaturalist_data_roadkill to 2025-03-20 17:00:00+00:00, run_after=2025-03-20 17:30:00+00:00
[2025-03-20T17:18:21.539+0000] {processor.py:208} INFO - Processing /opt/airflow/dags/inaturalist_dag.py took 0.625 seconds
[2025-03-20T17:18:52.078+0000] {processor.py:186} INFO - Started process (PID=175) to work on /opt/airflow/dags/inaturalist_dag.py
[2025-03-20T17:18:52.080+0000] {processor.py:914} INFO - Processing file /opt/airflow/dags/inaturalist_dag.py for tasks to queue
[2025-03-20T17:18:52.082+0000] {logging_mixin.py:190} INFO - [2025-03-20T17:18:52.081+0000] {dagbag.py:588} INFO - Filling up the DagBag from /opt/airflow/dags/inaturalist_dag.py
[2025-03-20T17:18:52.608+0000] {processor.py:925} INFO - DAG(s) 'get_inaturalist_data_atropelamento', 'get_inaturalist_data_atropelada', 'get_inaturalist_data_roadkill' retrieved from /opt/airflow/dags/inaturalist_dag.py
[2025-03-20T17:18:52.652+0000] {logging_mixin.py:190} INFO - [2025-03-20T17:18:52.651+0000] {dag.py:3239} INFO - Sync 3 DAGs
[2025-03-20T17:18:52.670+0000] {logging_mixin.py:190} INFO - [2025-03-20T17:18:52.670+0000] {dag.py:4180} INFO - Setting next_dagrun for get_inaturalist_data_atropelada to 2025-03-20 17:00:00+00:00, run_after=2025-03-20 17:30:00+00:00
[2025-03-20T17:18:52.674+0000] {logging_mixin.py:190} INFO - [2025-03-20T17:18:52.674+0000] {dag.py:4180} INFO - Setting next_dagrun for get_inaturalist_data_atropelamento to 2025-03-20 17:00:00+00:00, run_after=2025-03-20 17:30:00+00:00
[2025-03-20T17:18:52.676+0000] {logging_mixin.py:190} INFO - [2025-03-20T17:18:52.676+0000] {dag.py:4180} INFO - Setting next_dagrun for get_inaturalist_data_roadkill to 2025-03-20 17:00:00+00:00, run_after=2025-03-20 17:30:00+00:00
[2025-03-20T17:18:52.691+0000] {processor.py:208} INFO - Processing /opt/airflow/dags/inaturalist_dag.py took 0.630 seconds
[2025-03-20T17:19:23.276+0000] {processor.py:186} INFO - Started process (PID=187) to work on /opt/airflow/dags/inaturalist_dag.py
[2025-03-20T17:19:23.277+0000] {processor.py:914} INFO - Processing file /opt/airflow/dags/inaturalist_dag.py for tasks to queue
[2025-03-20T17:19:23.281+0000] {logging_mixin.py:190} INFO - [2025-03-20T17:19:23.281+0000] {dagbag.py:588} INFO - Filling up the DagBag from /opt/airflow/dags/inaturalist_dag.py
[2025-03-20T17:19:23.696+0000] {processor.py:925} INFO - DAG(s) 'get_inaturalist_data_atropelada', 'get_inaturalist_data_roadkill', 'get_inaturalist_data_atropelamento' retrieved from /opt/airflow/dags/inaturalist_dag.py
[2025-03-20T17:19:23.736+0000] {logging_mixin.py:190} INFO - [2025-03-20T17:19:23.736+0000] {dag.py:3239} INFO - Sync 3 DAGs
[2025-03-20T17:19:23.754+0000] {logging_mixin.py:190} INFO - [2025-03-20T17:19:23.754+0000] {dag.py:4180} INFO - Setting next_dagrun for get_inaturalist_data_atropelada to 2025-03-20 17:00:00+00:00, run_after=2025-03-20 17:30:00+00:00
[2025-03-20T17:19:23.756+0000] {logging_mixin.py:190} INFO - [2025-03-20T17:19:23.756+0000] {dag.py:4180} INFO - Setting next_dagrun for get_inaturalist_data_atropelamento to 2025-03-20 17:00:00+00:00, run_after=2025-03-20 17:30:00+00:00
[2025-03-20T17:19:23.757+0000] {logging_mixin.py:190} INFO - [2025-03-20T17:19:23.757+0000] {dag.py:4180} INFO - Setting next_dagrun for get_inaturalist_data_roadkill to 2025-03-20 17:00:00+00:00, run_after=2025-03-20 17:30:00+00:00
[2025-03-20T17:19:23.764+0000] {processor.py:208} INFO - Processing /opt/airflow/dags/inaturalist_dag.py took 0.498 seconds
[2025-03-20T17:19:54.277+0000] {processor.py:186} INFO - Started process (PID=199) to work on /opt/airflow/dags/inaturalist_dag.py
[2025-03-20T17:19:54.278+0000] {processor.py:914} INFO - Processing file /opt/airflow/dags/inaturalist_dag.py for tasks to queue
[2025-03-20T17:19:54.281+0000] {logging_mixin.py:190} INFO - [2025-03-20T17:19:54.279+0000] {dagbag.py:588} INFO - Filling up the DagBag from /opt/airflow/dags/inaturalist_dag.py
[2025-03-20T17:19:54.753+0000] {processor.py:925} INFO - DAG(s) 'get_inaturalist_data_roadkill', 'get_inaturalist_data_atropelamento', 'get_inaturalist_data_atropelada' retrieved from /opt/airflow/dags/inaturalist_dag.py
[2025-03-20T17:19:54.792+0000] {logging_mixin.py:190} INFO - [2025-03-20T17:19:54.792+0000] {dag.py:3239} INFO - Sync 3 DAGs
[2025-03-20T17:19:54.817+0000] {logging_mixin.py:190} INFO - [2025-03-20T17:19:54.817+0000] {dag.py:4180} INFO - Setting next_dagrun for get_inaturalist_data_atropelada to 2025-03-20 17:00:00+00:00, run_after=2025-03-20 17:30:00+00:00
[2025-03-20T17:19:54.820+0000] {logging_mixin.py:190} INFO - [2025-03-20T17:19:54.820+0000] {dag.py:4180} INFO - Setting next_dagrun for get_inaturalist_data_atropelamento to 2025-03-20 17:00:00+00:00, run_after=2025-03-20 17:30:00+00:00
[2025-03-20T17:19:54.821+0000] {logging_mixin.py:190} INFO - [2025-03-20T17:19:54.821+0000] {dag.py:4180} INFO - Setting next_dagrun for get_inaturalist_data_roadkill to 2025-03-20 17:00:00+00:00, run_after=2025-03-20 17:30:00+00:00
[2025-03-20T17:19:54.830+0000] {processor.py:208} INFO - Processing /opt/airflow/dags/inaturalist_dag.py took 0.566 seconds
[2025-03-20T17:20:25.323+0000] {processor.py:186} INFO - Started process (PID=211) to work on /opt/airflow/dags/inaturalist_dag.py
[2025-03-20T17:20:25.324+0000] {processor.py:914} INFO - Processing file /opt/airflow/dags/inaturalist_dag.py for tasks to queue
[2025-03-20T17:20:25.326+0000] {logging_mixin.py:190} INFO - [2025-03-20T17:20:25.325+0000] {dagbag.py:588} INFO - Filling up the DagBag from /opt/airflow/dags/inaturalist_dag.py
[2025-03-20T17:20:25.837+0000] {processor.py:925} INFO - DAG(s) 'get_inaturalist_data_atropelamento', 'get_inaturalist_data_atropelada', 'get_inaturalist_data_roadkill' retrieved from /opt/airflow/dags/inaturalist_dag.py
[2025-03-20T17:20:25.865+0000] {logging_mixin.py:190} INFO - [2025-03-20T17:20:25.865+0000] {dag.py:3239} INFO - Sync 3 DAGs
[2025-03-20T17:20:25.881+0000] {logging_mixin.py:190} INFO - [2025-03-20T17:20:25.880+0000] {dag.py:4180} INFO - Setting next_dagrun for get_inaturalist_data_atropelada to 2025-03-20 17:00:00+00:00, run_after=2025-03-20 17:30:00+00:00
[2025-03-20T17:20:25.883+0000] {logging_mixin.py:190} INFO - [2025-03-20T17:20:25.883+0000] {dag.py:4180} INFO - Setting next_dagrun for get_inaturalist_data_atropelamento to 2025-03-20 17:00:00+00:00, run_after=2025-03-20 17:30:00+00:00
[2025-03-20T17:20:25.884+0000] {logging_mixin.py:190} INFO - [2025-03-20T17:20:25.884+0000] {dag.py:4180} INFO - Setting next_dagrun for get_inaturalist_data_roadkill to 2025-03-20 17:00:00+00:00, run_after=2025-03-20 17:30:00+00:00
[2025-03-20T17:20:25.889+0000] {processor.py:208} INFO - Processing /opt/airflow/dags/inaturalist_dag.py took 0.577 seconds
[2025-03-20T17:20:56.529+0000] {processor.py:186} INFO - Started process (PID=223) to work on /opt/airflow/dags/inaturalist_dag.py
[2025-03-20T17:20:56.529+0000] {processor.py:914} INFO - Processing file /opt/airflow/dags/inaturalist_dag.py for tasks to queue
[2025-03-20T17:20:56.531+0000] {logging_mixin.py:190} INFO - [2025-03-20T17:20:56.530+0000] {dagbag.py:588} INFO - Filling up the DagBag from /opt/airflow/dags/inaturalist_dag.py
[2025-03-20T17:20:57.010+0000] {processor.py:925} INFO - DAG(s) 'get_inaturalist_data_atropelada', 'get_inaturalist_data_atropelamento', 'get_inaturalist_data_roadkill' retrieved from /opt/airflow/dags/inaturalist_dag.py
[2025-03-20T17:20:57.039+0000] {logging_mixin.py:190} INFO - [2025-03-20T17:20:57.039+0000] {dag.py:3239} INFO - Sync 3 DAGs
[2025-03-20T17:20:57.057+0000] {logging_mixin.py:190} INFO - [2025-03-20T17:20:57.057+0000] {dag.py:4180} INFO - Setting next_dagrun for get_inaturalist_data_atropelada to 2025-03-20 17:00:00+00:00, run_after=2025-03-20 17:30:00+00:00
[2025-03-20T17:20:57.059+0000] {logging_mixin.py:190} INFO - [2025-03-20T17:20:57.059+0000] {dag.py:4180} INFO - Setting next_dagrun for get_inaturalist_data_atropelamento to 2025-03-20 17:00:00+00:00, run_after=2025-03-20 17:30:00+00:00
[2025-03-20T17:20:57.060+0000] {logging_mixin.py:190} INFO - [2025-03-20T17:20:57.060+0000] {dag.py:4180} INFO - Setting next_dagrun for get_inaturalist_data_roadkill to 2025-03-20 17:00:00+00:00, run_after=2025-03-20 17:30:00+00:00
[2025-03-20T17:20:57.066+0000] {processor.py:208} INFO - Processing /opt/airflow/dags/inaturalist_dag.py took 0.544 seconds
[2025-03-20T17:21:27.748+0000] {processor.py:186} INFO - Started process (PID=235) to work on /opt/airflow/dags/inaturalist_dag.py
[2025-03-20T17:21:27.749+0000] {processor.py:914} INFO - Processing file /opt/airflow/dags/inaturalist_dag.py for tasks to queue
[2025-03-20T17:21:27.751+0000] {logging_mixin.py:190} INFO - [2025-03-20T17:21:27.750+0000] {dagbag.py:588} INFO - Filling up the DagBag from /opt/airflow/dags/inaturalist_dag.py
[2025-03-20T17:21:28.285+0000] {processor.py:925} INFO - DAG(s) 'get_inaturalist_data_atropelamento', 'get_inaturalist_data_roadkill', 'get_inaturalist_data_atropelada' retrieved from /opt/airflow/dags/inaturalist_dag.py
[2025-03-20T17:21:28.319+0000] {logging_mixin.py:190} INFO - [2025-03-20T17:21:28.319+0000] {dag.py:3239} INFO - Sync 3 DAGs
[2025-03-20T17:21:28.334+0000] {logging_mixin.py:190} INFO - [2025-03-20T17:21:28.334+0000] {dag.py:4180} INFO - Setting next_dagrun for get_inaturalist_data_atropelada to 2025-03-20 17:00:00+00:00, run_after=2025-03-20 17:30:00+00:00
[2025-03-20T17:21:28.336+0000] {logging_mixin.py:190} INFO - [2025-03-20T17:21:28.336+0000] {dag.py:4180} INFO - Setting next_dagrun for get_inaturalist_data_atropelamento to 2025-03-20 17:00:00+00:00, run_after=2025-03-20 17:30:00+00:00
[2025-03-20T17:21:28.337+0000] {logging_mixin.py:190} INFO - [2025-03-20T17:21:28.337+0000] {dag.py:4180} INFO - Setting next_dagrun for get_inaturalist_data_roadkill to 2025-03-20 17:00:00+00:00, run_after=2025-03-20 17:30:00+00:00
[2025-03-20T17:21:28.343+0000] {processor.py:208} INFO - Processing /opt/airflow/dags/inaturalist_dag.py took 0.608 seconds
[2025-03-20T17:21:58.903+0000] {processor.py:186} INFO - Started process (PID=247) to work on /opt/airflow/dags/inaturalist_dag.py
[2025-03-20T17:21:58.903+0000] {processor.py:914} INFO - Processing file /opt/airflow/dags/inaturalist_dag.py for tasks to queue
[2025-03-20T17:21:58.905+0000] {logging_mixin.py:190} INFO - [2025-03-20T17:21:58.905+0000] {dagbag.py:588} INFO - Filling up the DagBag from /opt/airflow/dags/inaturalist_dag.py
[2025-03-20T17:21:59.325+0000] {processor.py:925} INFO - DAG(s) 'get_inaturalist_data_atropelada', 'get_inaturalist_data_atropelamento', 'get_inaturalist_data_roadkill' retrieved from /opt/airflow/dags/inaturalist_dag.py
[2025-03-20T17:21:59.357+0000] {logging_mixin.py:190} INFO - [2025-03-20T17:21:59.357+0000] {dag.py:3239} INFO - Sync 3 DAGs
[2025-03-20T17:21:59.374+0000] {logging_mixin.py:190} INFO - [2025-03-20T17:21:59.374+0000] {dag.py:4180} INFO - Setting next_dagrun for get_inaturalist_data_atropelada to 2025-03-20 17:00:00+00:00, run_after=2025-03-20 17:30:00+00:00
[2025-03-20T17:21:59.376+0000] {logging_mixin.py:190} INFO - [2025-03-20T17:21:59.376+0000] {dag.py:4180} INFO - Setting next_dagrun for get_inaturalist_data_atropelamento to 2025-03-20 17:00:00+00:00, run_after=2025-03-20 17:30:00+00:00
[2025-03-20T17:21:59.377+0000] {logging_mixin.py:190} INFO - [2025-03-20T17:21:59.377+0000] {dag.py:4180} INFO - Setting next_dagrun for get_inaturalist_data_roadkill to 2025-03-20 17:00:00+00:00, run_after=2025-03-20 17:30:00+00:00
[2025-03-20T17:21:59.383+0000] {processor.py:208} INFO - Processing /opt/airflow/dags/inaturalist_dag.py took 0.489 seconds
[2025-03-20T17:22:29.907+0000] {processor.py:186} INFO - Started process (PID=259) to work on /opt/airflow/dags/inaturalist_dag.py
[2025-03-20T17:22:29.907+0000] {processor.py:914} INFO - Processing file /opt/airflow/dags/inaturalist_dag.py for tasks to queue
[2025-03-20T17:22:29.909+0000] {logging_mixin.py:190} INFO - [2025-03-20T17:22:29.909+0000] {dagbag.py:588} INFO - Filling up the DagBag from /opt/airflow/dags/inaturalist_dag.py
[2025-03-20T17:22:30.390+0000] {processor.py:925} INFO - DAG(s) 'get_inaturalist_data_roadkill', 'get_inaturalist_data_atropelada', 'get_inaturalist_data_atropelamento' retrieved from /opt/airflow/dags/inaturalist_dag.py
[2025-03-20T17:22:30.414+0000] {logging_mixin.py:190} INFO - [2025-03-20T17:22:30.414+0000] {dag.py:3239} INFO - Sync 3 DAGs
[2025-03-20T17:22:30.435+0000] {logging_mixin.py:190} INFO - [2025-03-20T17:22:30.435+0000] {dag.py:4180} INFO - Setting next_dagrun for get_inaturalist_data_atropelada to 2025-03-20 17:00:00+00:00, run_after=2025-03-20 17:30:00+00:00
[2025-03-20T17:22:30.437+0000] {logging_mixin.py:190} INFO - [2025-03-20T17:22:30.437+0000] {dag.py:4180} INFO - Setting next_dagrun for get_inaturalist_data_atropelamento to 2025-03-20 17:00:00+00:00, run_after=2025-03-20 17:30:00+00:00
[2025-03-20T17:22:30.438+0000] {logging_mixin.py:190} INFO - [2025-03-20T17:22:30.438+0000] {dag.py:4180} INFO - Setting next_dagrun for get_inaturalist_data_roadkill to 2025-03-20 17:00:00+00:00, run_after=2025-03-20 17:30:00+00:00
[2025-03-20T17:22:30.444+0000] {processor.py:208} INFO - Processing /opt/airflow/dags/inaturalist_dag.py took 0.544 seconds
[2025-03-20T17:23:00.930+0000] {processor.py:186} INFO - Started process (PID=271) to work on /opt/airflow/dags/inaturalist_dag.py
[2025-03-20T17:23:00.931+0000] {processor.py:914} INFO - Processing file /opt/airflow/dags/inaturalist_dag.py for tasks to queue
[2025-03-20T17:23:00.932+0000] {logging_mixin.py:190} INFO - [2025-03-20T17:23:00.932+0000] {dagbag.py:588} INFO - Filling up the DagBag from /opt/airflow/dags/inaturalist_dag.py
[2025-03-20T17:23:01.417+0000] {processor.py:925} INFO - DAG(s) 'get_inaturalist_data_atropelamento', 'get_inaturalist_data_atropelada', 'get_inaturalist_data_roadkill' retrieved from /opt/airflow/dags/inaturalist_dag.py
[2025-03-20T17:23:01.456+0000] {logging_mixin.py:190} INFO - [2025-03-20T17:23:01.456+0000] {dag.py:3239} INFO - Sync 3 DAGs
[2025-03-20T17:23:01.477+0000] {logging_mixin.py:190} INFO - [2025-03-20T17:23:01.477+0000] {dag.py:4180} INFO - Setting next_dagrun for get_inaturalist_data_atropelada to 2025-03-20 17:00:00+00:00, run_after=2025-03-20 17:30:00+00:00
[2025-03-20T17:23:01.481+0000] {logging_mixin.py:190} INFO - [2025-03-20T17:23:01.481+0000] {dag.py:4180} INFO - Setting next_dagrun for get_inaturalist_data_atropelamento to 2025-03-20 17:00:00+00:00, run_after=2025-03-20 17:30:00+00:00
[2025-03-20T17:23:01.483+0000] {logging_mixin.py:190} INFO - [2025-03-20T17:23:01.483+0000] {dag.py:4180} INFO - Setting next_dagrun for get_inaturalist_data_roadkill to 2025-03-20 17:00:00+00:00, run_after=2025-03-20 17:30:00+00:00
[2025-03-20T17:23:01.498+0000] {processor.py:208} INFO - Processing /opt/airflow/dags/inaturalist_dag.py took 0.582 seconds
[2025-03-20T17:23:31.992+0000] {processor.py:186} INFO - Started process (PID=283) to work on /opt/airflow/dags/inaturalist_dag.py
[2025-03-20T17:23:31.994+0000] {processor.py:914} INFO - Processing file /opt/airflow/dags/inaturalist_dag.py for tasks to queue
[2025-03-20T17:23:31.995+0000] {logging_mixin.py:190} INFO - [2025-03-20T17:23:31.995+0000] {dagbag.py:588} INFO - Filling up the DagBag from /opt/airflow/dags/inaturalist_dag.py
[2025-03-20T17:23:32.327+0000] {processor.py:925} INFO - DAG(s) 'get_inaturalist_data_atropelamento', 'get_inaturalist_data_roadkill', 'get_inaturalist_data_atropelada' retrieved from /opt/airflow/dags/inaturalist_dag.py
[2025-03-20T17:23:32.365+0000] {logging_mixin.py:190} INFO - [2025-03-20T17:23:32.365+0000] {dag.py:3239} INFO - Sync 3 DAGs
[2025-03-20T17:23:32.383+0000] {logging_mixin.py:190} INFO - [2025-03-20T17:23:32.383+0000] {dag.py:4180} INFO - Setting next_dagrun for get_inaturalist_data_atropelada to 2025-03-20 17:00:00+00:00, run_after=2025-03-20 17:30:00+00:00
[2025-03-20T17:23:32.388+0000] {logging_mixin.py:190} INFO - [2025-03-20T17:23:32.388+0000] {dag.py:4180} INFO - Setting next_dagrun for get_inaturalist_data_atropelamento to 2025-03-20 17:00:00+00:00, run_after=2025-03-20 17:30:00+00:00
[2025-03-20T17:23:32.390+0000] {logging_mixin.py:190} INFO - [2025-03-20T17:23:32.390+0000] {dag.py:4180} INFO - Setting next_dagrun for get_inaturalist_data_roadkill to 2025-03-20 17:00:00+00:00, run_after=2025-03-20 17:30:00+00:00
[2025-03-20T17:23:32.406+0000] {processor.py:208} INFO - Processing /opt/airflow/dags/inaturalist_dag.py took 0.424 seconds
[2025-03-20T17:24:02.932+0000] {processor.py:186} INFO - Started process (PID=295) to work on /opt/airflow/dags/inaturalist_dag.py
[2025-03-20T17:24:02.932+0000] {processor.py:914} INFO - Processing file /opt/airflow/dags/inaturalist_dag.py for tasks to queue
[2025-03-20T17:24:02.935+0000] {logging_mixin.py:190} INFO - [2025-03-20T17:24:02.934+0000] {dagbag.py:588} INFO - Filling up the DagBag from /opt/airflow/dags/inaturalist_dag.py
[2025-03-20T17:24:03.450+0000] {processor.py:925} INFO - DAG(s) 'get_inaturalist_data_atropelamento', 'get_inaturalist_data_roadkill', 'get_inaturalist_data_atropelada' retrieved from /opt/airflow/dags/inaturalist_dag.py
[2025-03-20T17:24:03.478+0000] {logging_mixin.py:190} INFO - [2025-03-20T17:24:03.478+0000] {dag.py:3239} INFO - Sync 3 DAGs
[2025-03-20T17:24:03.496+0000] {logging_mixin.py:190} INFO - [2025-03-20T17:24:03.496+0000] {dag.py:4180} INFO - Setting next_dagrun for get_inaturalist_data_atropelada to 2025-03-20 17:00:00+00:00, run_after=2025-03-20 17:30:00+00:00
[2025-03-20T17:24:03.498+0000] {logging_mixin.py:190} INFO - [2025-03-20T17:24:03.498+0000] {dag.py:4180} INFO - Setting next_dagrun for get_inaturalist_data_atropelamento to 2025-03-20 17:00:00+00:00, run_after=2025-03-20 17:30:00+00:00
[2025-03-20T17:24:03.499+0000] {logging_mixin.py:190} INFO - [2025-03-20T17:24:03.499+0000] {dag.py:4180} INFO - Setting next_dagrun for get_inaturalist_data_roadkill to 2025-03-20 17:00:00+00:00, run_after=2025-03-20 17:30:00+00:00
[2025-03-20T17:24:03.505+0000] {processor.py:208} INFO - Processing /opt/airflow/dags/inaturalist_dag.py took 0.583 seconds
[2025-03-20T17:24:34.075+0000] {processor.py:186} INFO - Started process (PID=307) to work on /opt/airflow/dags/inaturalist_dag.py
[2025-03-20T17:24:34.076+0000] {processor.py:914} INFO - Processing file /opt/airflow/dags/inaturalist_dag.py for tasks to queue
[2025-03-20T17:24:34.080+0000] {logging_mixin.py:190} INFO - [2025-03-20T17:24:34.079+0000] {dagbag.py:588} INFO - Filling up the DagBag from /opt/airflow/dags/inaturalist_dag.py
[2025-03-20T17:24:34.529+0000] {processor.py:925} INFO - DAG(s) 'get_inaturalist_data_atropelamento', 'get_inaturalist_data_roadkill', 'get_inaturalist_data_atropelada' retrieved from /opt/airflow/dags/inaturalist_dag.py
[2025-03-20T17:24:34.563+0000] {logging_mixin.py:190} INFO - [2025-03-20T17:24:34.563+0000] {dag.py:3239} INFO - Sync 3 DAGs
[2025-03-20T17:24:34.579+0000] {logging_mixin.py:190} INFO - [2025-03-20T17:24:34.579+0000] {dag.py:4180} INFO - Setting next_dagrun for get_inaturalist_data_atropelada to 2025-03-20 17:00:00+00:00, run_after=2025-03-20 17:30:00+00:00
[2025-03-20T17:24:34.586+0000] {logging_mixin.py:190} INFO - [2025-03-20T17:24:34.586+0000] {dag.py:4180} INFO - Setting next_dagrun for get_inaturalist_data_atropelamento to 2025-03-20 17:00:00+00:00, run_after=2025-03-20 17:30:00+00:00
[2025-03-20T17:24:34.588+0000] {logging_mixin.py:190} INFO - [2025-03-20T17:24:34.588+0000] {dag.py:4180} INFO - Setting next_dagrun for get_inaturalist_data_roadkill to 2025-03-20 17:00:00+00:00, run_after=2025-03-20 17:30:00+00:00
[2025-03-20T17:24:34.596+0000] {processor.py:208} INFO - Processing /opt/airflow/dags/inaturalist_dag.py took 0.529 seconds
[2025-03-20T17:25:05.180+0000] {processor.py:186} INFO - Started process (PID=319) to work on /opt/airflow/dags/inaturalist_dag.py
[2025-03-20T17:25:05.181+0000] {processor.py:914} INFO - Processing file /opt/airflow/dags/inaturalist_dag.py for tasks to queue
[2025-03-20T17:25:05.185+0000] {logging_mixin.py:190} INFO - [2025-03-20T17:25:05.183+0000] {dagbag.py:588} INFO - Filling up the DagBag from /opt/airflow/dags/inaturalist_dag.py
[2025-03-20T17:25:05.702+0000] {processor.py:925} INFO - DAG(s) 'get_inaturalist_data_atropelamento', 'get_inaturalist_data_roadkill', 'get_inaturalist_data_atropelada' retrieved from /opt/airflow/dags/inaturalist_dag.py
[2025-03-20T17:25:05.730+0000] {logging_mixin.py:190} INFO - [2025-03-20T17:25:05.729+0000] {dag.py:3239} INFO - Sync 3 DAGs
[2025-03-20T17:25:05.747+0000] {logging_mixin.py:190} INFO - [2025-03-20T17:25:05.747+0000] {dag.py:4180} INFO - Setting next_dagrun for get_inaturalist_data_atropelada to 2025-03-20 17:00:00+00:00, run_after=2025-03-20 17:30:00+00:00
[2025-03-20T17:25:05.749+0000] {logging_mixin.py:190} INFO - [2025-03-20T17:25:05.749+0000] {dag.py:4180} INFO - Setting next_dagrun for get_inaturalist_data_atropelamento to 2025-03-20 17:00:00+00:00, run_after=2025-03-20 17:30:00+00:00
[2025-03-20T17:25:05.750+0000] {logging_mixin.py:190} INFO - [2025-03-20T17:25:05.750+0000] {dag.py:4180} INFO - Setting next_dagrun for get_inaturalist_data_roadkill to 2025-03-20 17:00:00+00:00, run_after=2025-03-20 17:30:00+00:00
[2025-03-20T17:25:05.755+0000] {processor.py:208} INFO - Processing /opt/airflow/dags/inaturalist_dag.py took 0.595 seconds
[2025-03-20T17:25:36.325+0000] {processor.py:186} INFO - Started process (PID=331) to work on /opt/airflow/dags/inaturalist_dag.py
[2025-03-20T17:25:36.325+0000] {processor.py:914} INFO - Processing file /opt/airflow/dags/inaturalist_dag.py for tasks to queue
[2025-03-20T17:25:36.327+0000] {logging_mixin.py:190} INFO - [2025-03-20T17:25:36.326+0000] {dagbag.py:588} INFO - Filling up the DagBag from /opt/airflow/dags/inaturalist_dag.py
[2025-03-20T17:25:36.853+0000] {processor.py:925} INFO - DAG(s) 'get_inaturalist_data_roadkill', 'get_inaturalist_data_atropelamento', 'get_inaturalist_data_atropelada' retrieved from /opt/airflow/dags/inaturalist_dag.py
[2025-03-20T17:25:36.885+0000] {logging_mixin.py:190} INFO - [2025-03-20T17:25:36.885+0000] {dag.py:3239} INFO - Sync 3 DAGs
[2025-03-20T17:25:36.904+0000] {logging_mixin.py:190} INFO - [2025-03-20T17:25:36.904+0000] {dag.py:4180} INFO - Setting next_dagrun for get_inaturalist_data_atropelada to 2025-03-20 17:00:00+00:00, run_after=2025-03-20 17:30:00+00:00
[2025-03-20T17:25:36.906+0000] {logging_mixin.py:190} INFO - [2025-03-20T17:25:36.906+0000] {dag.py:4180} INFO - Setting next_dagrun for get_inaturalist_data_atropelamento to 2025-03-20 17:00:00+00:00, run_after=2025-03-20 17:30:00+00:00
[2025-03-20T17:25:36.907+0000] {logging_mixin.py:190} INFO - [2025-03-20T17:25:36.907+0000] {dag.py:4180} INFO - Setting next_dagrun for get_inaturalist_data_roadkill to 2025-03-20 17:00:00+00:00, run_after=2025-03-20 17:30:00+00:00
[2025-03-20T17:25:36.913+0000] {processor.py:208} INFO - Processing /opt/airflow/dags/inaturalist_dag.py took 0.602 seconds
[2025-03-20T17:26:07.490+0000] {processor.py:186} INFO - Started process (PID=343) to work on /opt/airflow/dags/inaturalist_dag.py
[2025-03-20T17:26:07.491+0000] {processor.py:914} INFO - Processing file /opt/airflow/dags/inaturalist_dag.py for tasks to queue
[2025-03-20T17:26:07.492+0000] {logging_mixin.py:190} INFO - [2025-03-20T17:26:07.492+0000] {dagbag.py:588} INFO - Filling up the DagBag from /opt/airflow/dags/inaturalist_dag.py
[2025-03-20T17:26:08.013+0000] {processor.py:925} INFO - DAG(s) 'get_inaturalist_data_atropelamento', 'get_inaturalist_data_atropelada', 'get_inaturalist_data_roadkill' retrieved from /opt/airflow/dags/inaturalist_dag.py
[2025-03-20T17:26:08.043+0000] {logging_mixin.py:190} INFO - [2025-03-20T17:26:08.043+0000] {dag.py:3239} INFO - Sync 3 DAGs
[2025-03-20T17:26:08.066+0000] {logging_mixin.py:190} INFO - [2025-03-20T17:26:08.066+0000] {dag.py:4180} INFO - Setting next_dagrun for get_inaturalist_data_atropelada to 2025-03-20 17:00:00+00:00, run_after=2025-03-20 17:30:00+00:00
[2025-03-20T17:26:08.069+0000] {logging_mixin.py:190} INFO - [2025-03-20T17:26:08.069+0000] {dag.py:4180} INFO - Setting next_dagrun for get_inaturalist_data_atropelamento to 2025-03-20 17:00:00+00:00, run_after=2025-03-20 17:30:00+00:00
[2025-03-20T17:26:08.070+0000] {logging_mixin.py:190} INFO - [2025-03-20T17:26:08.070+0000] {dag.py:4180} INFO - Setting next_dagrun for get_inaturalist_data_roadkill to 2025-03-20 17:00:00+00:00, run_after=2025-03-20 17:30:00+00:00
[2025-03-20T17:26:08.078+0000] {processor.py:208} INFO - Processing /opt/airflow/dags/inaturalist_dag.py took 0.599 seconds
[2025-03-20T17:26:38.659+0000] {processor.py:186} INFO - Started process (PID=355) to work on /opt/airflow/dags/inaturalist_dag.py
[2025-03-20T17:26:38.662+0000] {processor.py:914} INFO - Processing file /opt/airflow/dags/inaturalist_dag.py for tasks to queue
[2025-03-20T17:26:38.694+0000] {logging_mixin.py:190} INFO - [2025-03-20T17:26:38.693+0000] {dagbag.py:588} INFO - Filling up the DagBag from /opt/airflow/dags/inaturalist_dag.py
[2025-03-20T17:26:39.196+0000] {processor.py:925} INFO - DAG(s) 'get_inaturalist_data_atropelamento', 'get_inaturalist_data_roadkill', 'get_inaturalist_data_atropelada' retrieved from /opt/airflow/dags/inaturalist_dag.py
[2025-03-20T17:26:39.233+0000] {logging_mixin.py:190} INFO - [2025-03-20T17:26:39.233+0000] {dag.py:3239} INFO - Sync 3 DAGs
[2025-03-20T17:26:39.250+0000] {logging_mixin.py:190} INFO - [2025-03-20T17:26:39.249+0000] {dag.py:4180} INFO - Setting next_dagrun for get_inaturalist_data_atropelada to 2025-03-20 17:00:00+00:00, run_after=2025-03-20 17:30:00+00:00
[2025-03-20T17:26:39.254+0000] {logging_mixin.py:190} INFO - [2025-03-20T17:26:39.254+0000] {dag.py:4180} INFO - Setting next_dagrun for get_inaturalist_data_atropelamento to 2025-03-20 17:00:00+00:00, run_after=2025-03-20 17:30:00+00:00
[2025-03-20T17:26:39.256+0000] {logging_mixin.py:190} INFO - [2025-03-20T17:26:39.256+0000] {dag.py:4180} INFO - Setting next_dagrun for get_inaturalist_data_roadkill to 2025-03-20 17:00:00+00:00, run_after=2025-03-20 17:30:00+00:00
[2025-03-20T17:26:39.269+0000] {processor.py:208} INFO - Processing /opt/airflow/dags/inaturalist_dag.py took 0.626 seconds
[2025-03-20T17:27:09.785+0000] {processor.py:186} INFO - Started process (PID=367) to work on /opt/airflow/dags/inaturalist_dag.py
[2025-03-20T17:27:09.786+0000] {processor.py:914} INFO - Processing file /opt/airflow/dags/inaturalist_dag.py for tasks to queue
[2025-03-20T17:27:09.788+0000] {logging_mixin.py:190} INFO - [2025-03-20T17:27:09.787+0000] {dagbag.py:588} INFO - Filling up the DagBag from /opt/airflow/dags/inaturalist_dag.py
[2025-03-20T17:27:10.223+0000] {processor.py:925} INFO - DAG(s) 'get_inaturalist_data_roadkill', 'get_inaturalist_data_atropelada', 'get_inaturalist_data_atropelamento' retrieved from /opt/airflow/dags/inaturalist_dag.py
[2025-03-20T17:27:10.256+0000] {logging_mixin.py:190} INFO - [2025-03-20T17:27:10.256+0000] {dag.py:3239} INFO - Sync 3 DAGs
[2025-03-20T17:27:10.270+0000] {logging_mixin.py:190} INFO - [2025-03-20T17:27:10.270+0000] {dag.py:4180} INFO - Setting next_dagrun for get_inaturalist_data_atropelada to 2025-03-20 17:00:00+00:00, run_after=2025-03-20 17:30:00+00:00
[2025-03-20T17:27:10.273+0000] {logging_mixin.py:190} INFO - [2025-03-20T17:27:10.273+0000] {dag.py:4180} INFO - Setting next_dagrun for get_inaturalist_data_atropelamento to 2025-03-20 17:00:00+00:00, run_after=2025-03-20 17:30:00+00:00
[2025-03-20T17:27:10.274+0000] {logging_mixin.py:190} INFO - [2025-03-20T17:27:10.274+0000] {dag.py:4180} INFO - Setting next_dagrun for get_inaturalist_data_roadkill to 2025-03-20 17:00:00+00:00, run_after=2025-03-20 17:30:00+00:00
[2025-03-20T17:27:10.280+0000] {processor.py:208} INFO - Processing /opt/airflow/dags/inaturalist_dag.py took 0.502 seconds
[2025-03-20T17:27:40.854+0000] {processor.py:186} INFO - Started process (PID=379) to work on /opt/airflow/dags/inaturalist_dag.py
[2025-03-20T17:27:40.855+0000] {processor.py:914} INFO - Processing file /opt/airflow/dags/inaturalist_dag.py for tasks to queue
[2025-03-20T17:27:40.857+0000] {logging_mixin.py:190} INFO - [2025-03-20T17:27:40.856+0000] {dagbag.py:588} INFO - Filling up the DagBag from /opt/airflow/dags/inaturalist_dag.py
[2025-03-20T17:27:41.345+0000] {processor.py:925} INFO - DAG(s) 'get_inaturalist_data_atropelada', 'get_inaturalist_data_roadkill', 'get_inaturalist_data_atropelamento' retrieved from /opt/airflow/dags/inaturalist_dag.py
[2025-03-20T17:27:41.379+0000] {logging_mixin.py:190} INFO - [2025-03-20T17:27:41.379+0000] {dag.py:3239} INFO - Sync 3 DAGs
[2025-03-20T17:27:41.392+0000] {logging_mixin.py:190} INFO - [2025-03-20T17:27:41.392+0000] {dag.py:4180} INFO - Setting next_dagrun for get_inaturalist_data_atropelada to 2025-03-20 17:00:00+00:00, run_after=2025-03-20 17:30:00+00:00
[2025-03-20T17:27:41.394+0000] {logging_mixin.py:190} INFO - [2025-03-20T17:27:41.394+0000] {dag.py:4180} INFO - Setting next_dagrun for get_inaturalist_data_atropelamento to 2025-03-20 17:00:00+00:00, run_after=2025-03-20 17:30:00+00:00
[2025-03-20T17:27:41.395+0000] {logging_mixin.py:190} INFO - [2025-03-20T17:27:41.395+0000] {dag.py:4180} INFO - Setting next_dagrun for get_inaturalist_data_roadkill to 2025-03-20 17:00:00+00:00, run_after=2025-03-20 17:30:00+00:00
[2025-03-20T17:27:41.401+0000] {processor.py:208} INFO - Processing /opt/airflow/dags/inaturalist_dag.py took 0.554 seconds
[2025-03-20T17:28:11.938+0000] {processor.py:186} INFO - Started process (PID=391) to work on /opt/airflow/dags/inaturalist_dag.py
[2025-03-20T17:28:11.938+0000] {processor.py:914} INFO - Processing file /opt/airflow/dags/inaturalist_dag.py for tasks to queue
[2025-03-20T17:28:11.939+0000] {logging_mixin.py:190} INFO - [2025-03-20T17:28:11.939+0000] {dagbag.py:588} INFO - Filling up the DagBag from /opt/airflow/dags/inaturalist_dag.py
[2025-03-20T17:28:12.437+0000] {processor.py:925} INFO - DAG(s) 'get_inaturalist_data_atropelamento', 'get_inaturalist_data_atropelada', 'get_inaturalist_data_roadkill' retrieved from /opt/airflow/dags/inaturalist_dag.py
[2025-03-20T17:28:12.464+0000] {logging_mixin.py:190} INFO - [2025-03-20T17:28:12.464+0000] {dag.py:3239} INFO - Sync 3 DAGs
[2025-03-20T17:28:12.478+0000] {logging_mixin.py:190} INFO - [2025-03-20T17:28:12.478+0000] {dag.py:4180} INFO - Setting next_dagrun for get_inaturalist_data_atropelada to 2025-03-20 17:00:00+00:00, run_after=2025-03-20 17:30:00+00:00
[2025-03-20T17:28:12.480+0000] {logging_mixin.py:190} INFO - [2025-03-20T17:28:12.480+0000] {dag.py:4180} INFO - Setting next_dagrun for get_inaturalist_data_atropelamento to 2025-03-20 17:00:00+00:00, run_after=2025-03-20 17:30:00+00:00
[2025-03-20T17:28:12.481+0000] {logging_mixin.py:190} INFO - [2025-03-20T17:28:12.481+0000] {dag.py:4180} INFO - Setting next_dagrun for get_inaturalist_data_roadkill to 2025-03-20 17:00:00+00:00, run_after=2025-03-20 17:30:00+00:00
[2025-03-20T17:28:12.490+0000] {processor.py:208} INFO - Processing /opt/airflow/dags/inaturalist_dag.py took 0.564 seconds
[2025-03-20T17:28:43.009+0000] {processor.py:186} INFO - Started process (PID=403) to work on /opt/airflow/dags/inaturalist_dag.py
[2025-03-20T17:28:43.010+0000] {processor.py:914} INFO - Processing file /opt/airflow/dags/inaturalist_dag.py for tasks to queue
[2025-03-20T17:28:43.013+0000] {logging_mixin.py:190} INFO - [2025-03-20T17:28:43.012+0000] {dagbag.py:588} INFO - Filling up the DagBag from /opt/airflow/dags/inaturalist_dag.py
[2025-03-20T17:28:43.495+0000] {processor.py:925} INFO - DAG(s) 'get_inaturalist_data_atropelada', 'get_inaturalist_data_atropelamento', 'get_inaturalist_data_roadkill' retrieved from /opt/airflow/dags/inaturalist_dag.py
[2025-03-20T17:28:43.523+0000] {logging_mixin.py:190} INFO - [2025-03-20T17:28:43.522+0000] {dag.py:3239} INFO - Sync 3 DAGs
[2025-03-20T17:28:43.535+0000] {logging_mixin.py:190} INFO - [2025-03-20T17:28:43.535+0000] {dag.py:4180} INFO - Setting next_dagrun for get_inaturalist_data_atropelada to 2025-03-20 17:00:00+00:00, run_after=2025-03-20 17:30:00+00:00
[2025-03-20T17:28:43.537+0000] {logging_mixin.py:190} INFO - [2025-03-20T17:28:43.537+0000] {dag.py:4180} INFO - Setting next_dagrun for get_inaturalist_data_atropelamento to 2025-03-20 17:00:00+00:00, run_after=2025-03-20 17:30:00+00:00
[2025-03-20T17:28:43.538+0000] {logging_mixin.py:190} INFO - [2025-03-20T17:28:43.538+0000] {dag.py:4180} INFO - Setting next_dagrun for get_inaturalist_data_roadkill to 2025-03-20 17:00:00+00:00, run_after=2025-03-20 17:30:00+00:00
[2025-03-20T17:28:43.545+0000] {processor.py:208} INFO - Processing /opt/airflow/dags/inaturalist_dag.py took 0.543 seconds
[2025-03-20T17:29:14.109+0000] {processor.py:186} INFO - Started process (PID=421) to work on /opt/airflow/dags/inaturalist_dag.py
[2025-03-20T17:29:14.110+0000] {processor.py:914} INFO - Processing file /opt/airflow/dags/inaturalist_dag.py for tasks to queue
[2025-03-20T17:29:14.111+0000] {logging_mixin.py:190} INFO - [2025-03-20T17:29:14.111+0000] {dagbag.py:588} INFO - Filling up the DagBag from /opt/airflow/dags/inaturalist_dag.py
[2025-03-20T17:29:14.590+0000] {processor.py:925} INFO - DAG(s) 'get_inaturalist_data_atropelamento', 'get_inaturalist_data_roadkill', 'get_inaturalist_data_atropelada' retrieved from /opt/airflow/dags/inaturalist_dag.py
[2025-03-20T17:29:14.627+0000] {logging_mixin.py:190} INFO - [2025-03-20T17:29:14.627+0000] {dag.py:3239} INFO - Sync 3 DAGs
[2025-03-20T17:29:14.654+0000] {logging_mixin.py:190} INFO - [2025-03-20T17:29:14.654+0000] {dag.py:4180} INFO - Setting next_dagrun for get_inaturalist_data_atropelada to 2025-03-20 17:00:00+00:00, run_after=2025-03-20 17:30:00+00:00
[2025-03-20T17:29:14.661+0000] {logging_mixin.py:190} INFO - [2025-03-20T17:29:14.661+0000] {dag.py:4180} INFO - Setting next_dagrun for get_inaturalist_data_atropelamento to 2025-03-20 17:00:00+00:00, run_after=2025-03-20 17:30:00+00:00
[2025-03-20T17:29:14.662+0000] {logging_mixin.py:190} INFO - [2025-03-20T17:29:14.662+0000] {dag.py:4180} INFO - Setting next_dagrun for get_inaturalist_data_roadkill to 2025-03-20 17:00:00+00:00, run_after=2025-03-20 17:30:00+00:00
[2025-03-20T17:29:14.675+0000] {processor.py:208} INFO - Processing /opt/airflow/dags/inaturalist_dag.py took 0.574 seconds
[2025-03-20T17:29:45.196+0000] {processor.py:186} INFO - Started process (PID=433) to work on /opt/airflow/dags/inaturalist_dag.py
[2025-03-20T17:29:45.197+0000] {processor.py:914} INFO - Processing file /opt/airflow/dags/inaturalist_dag.py for tasks to queue
[2025-03-20T17:29:45.198+0000] {logging_mixin.py:190} INFO - [2025-03-20T17:29:45.198+0000] {dagbag.py:588} INFO - Filling up the DagBag from /opt/airflow/dags/inaturalist_dag.py
[2025-03-20T17:29:45.682+0000] {processor.py:925} INFO - DAG(s) 'get_inaturalist_data_atropelada', 'get_inaturalist_data_atropelamento', 'get_inaturalist_data_roadkill' retrieved from /opt/airflow/dags/inaturalist_dag.py
[2025-03-20T17:29:45.720+0000] {logging_mixin.py:190} INFO - [2025-03-20T17:29:45.719+0000] {dag.py:3239} INFO - Sync 3 DAGs
[2025-03-20T17:29:45.739+0000] {logging_mixin.py:190} INFO - [2025-03-20T17:29:45.738+0000] {dag.py:4180} INFO - Setting next_dagrun for get_inaturalist_data_atropelada to 2025-03-20 17:00:00+00:00, run_after=2025-03-20 17:30:00+00:00
[2025-03-20T17:29:45.741+0000] {logging_mixin.py:190} INFO - [2025-03-20T17:29:45.740+0000] {dag.py:4180} INFO - Setting next_dagrun for get_inaturalist_data_atropelamento to 2025-03-20 17:00:00+00:00, run_after=2025-03-20 17:30:00+00:00
[2025-03-20T17:29:45.741+0000] {logging_mixin.py:190} INFO - [2025-03-20T17:29:45.741+0000] {dag.py:4180} INFO - Setting next_dagrun for get_inaturalist_data_roadkill to 2025-03-20 17:00:00+00:00, run_after=2025-03-20 17:30:00+00:00
[2025-03-20T17:29:45.747+0000] {processor.py:208} INFO - Processing /opt/airflow/dags/inaturalist_dag.py took 0.561 seconds
[2025-03-20T17:30:27.701+0000] {processor.py:186} INFO - Started process (PID=444) to work on /opt/airflow/dags/inaturalist_dag.py
[2025-03-20T17:30:27.702+0000] {processor.py:914} INFO - Processing file /opt/airflow/dags/inaturalist_dag.py for tasks to queue
[2025-03-20T17:30:27.709+0000] {logging_mixin.py:190} INFO - [2025-03-20T17:30:27.704+0000] {dagbag.py:588} INFO - Filling up the DagBag from /opt/airflow/dags/inaturalist_dag.py
[2025-03-20T17:30:29.127+0000] {processor.py:925} INFO - DAG(s) 'get_inaturalist_data_roadkill', 'get_inaturalist_data_atropelamento', 'get_inaturalist_data_atropelada' retrieved from /opt/airflow/dags/inaturalist_dag.py
[2025-03-20T17:30:29.186+0000] {logging_mixin.py:190} INFO - [2025-03-20T17:30:29.185+0000] {dag.py:3239} INFO - Sync 3 DAGs
[2025-03-20T17:30:29.229+0000] {logging_mixin.py:190} INFO - [2025-03-20T17:30:29.228+0000] {dag.py:4180} INFO - Setting next_dagrun for get_inaturalist_data_atropelada to 2025-03-20 17:30:00+00:00, run_after=2025-03-20 18:00:00+00:00
[2025-03-20T17:30:29.235+0000] {logging_mixin.py:190} INFO - [2025-03-20T17:30:29.235+0000] {dag.py:4180} INFO - Setting next_dagrun for get_inaturalist_data_atropelamento to 2025-03-20 17:30:00+00:00, run_after=2025-03-20 18:00:00+00:00
[2025-03-20T17:30:29.241+0000] {logging_mixin.py:190} INFO - [2025-03-20T17:30:29.240+0000] {dag.py:4180} INFO - Setting next_dagrun for get_inaturalist_data_roadkill to 2025-03-20 17:30:00+00:00, run_after=2025-03-20 18:00:00+00:00
[2025-03-20T17:30:29.283+0000] {processor.py:208} INFO - Processing /opt/airflow/dags/inaturalist_dag.py took 1.629 seconds
[2025-03-20T17:31:03.798+0000] {processor.py:186} INFO - Started process (PID=460) to work on /opt/airflow/dags/inaturalist_dag.py
[2025-03-20T17:31:03.802+0000] {processor.py:914} INFO - Processing file /opt/airflow/dags/inaturalist_dag.py for tasks to queue
[2025-03-20T17:31:03.827+0000] {logging_mixin.py:190} INFO - [2025-03-20T17:31:03.804+0000] {dagbag.py:588} INFO - Filling up the DagBag from /opt/airflow/dags/inaturalist_dag.py
[2025-03-20T17:32:24.339+0000] {processor.py:186} INFO - Started process (PID=476) to work on /opt/airflow/dags/inaturalist_dag.py
[2025-03-20T17:32:24.340+0000] {processor.py:914} INFO - Processing file /opt/airflow/dags/inaturalist_dag.py for tasks to queue
[2025-03-20T17:32:24.342+0000] {logging_mixin.py:190} INFO - [2025-03-20T17:32:24.342+0000] {dagbag.py:588} INFO - Filling up the DagBag from /opt/airflow/dags/inaturalist_dag.py
[2025-03-20T17:32:24.895+0000] {processor.py:925} INFO - DAG(s) 'get_inaturalist_data_roadkill', 'get_inaturalist_data_atropelada', 'get_inaturalist_data_atropelamento' retrieved from /opt/airflow/dags/inaturalist_dag.py
[2025-03-20T17:32:24.944+0000] {logging_mixin.py:190} INFO - [2025-03-20T17:32:24.943+0000] {dag.py:3239} INFO - Sync 3 DAGs
[2025-03-20T17:32:24.976+0000] {logging_mixin.py:190} INFO - [2025-03-20T17:32:24.976+0000] {dag.py:4180} INFO - Setting next_dagrun for get_inaturalist_data_atropelada to 2025-03-20 17:30:00+00:00, run_after=2025-03-20 18:00:00+00:00
[2025-03-20T17:32:24.979+0000] {logging_mixin.py:190} INFO - [2025-03-20T17:32:24.979+0000] {dag.py:4180} INFO - Setting next_dagrun for get_inaturalist_data_atropelamento to 2025-03-20 17:30:00+00:00, run_after=2025-03-20 18:00:00+00:00
[2025-03-20T17:32:24.980+0000] {logging_mixin.py:190} INFO - [2025-03-20T17:32:24.980+0000] {dag.py:4180} INFO - Setting next_dagrun for get_inaturalist_data_roadkill to 2025-03-20 17:30:00+00:00, run_after=2025-03-20 18:00:00+00:00
[2025-03-20T17:32:24.992+0000] {processor.py:208} INFO - Processing /opt/airflow/dags/inaturalist_dag.py took 0.664 seconds
[2025-03-20T17:32:55.561+0000] {processor.py:186} INFO - Started process (PID=488) to work on /opt/airflow/dags/inaturalist_dag.py
[2025-03-20T17:32:55.562+0000] {processor.py:914} INFO - Processing file /opt/airflow/dags/inaturalist_dag.py for tasks to queue
[2025-03-20T17:32:55.564+0000] {logging_mixin.py:190} INFO - [2025-03-20T17:32:55.564+0000] {dagbag.py:588} INFO - Filling up the DagBag from /opt/airflow/dags/inaturalist_dag.py
[2025-03-20T17:32:55.870+0000] {processor.py:925} INFO - DAG(s) 'get_inaturalist_data_atropelada', 'get_inaturalist_data_roadkill', 'get_inaturalist_data_atropelamento' retrieved from /opt/airflow/dags/inaturalist_dag.py
[2025-03-20T17:32:55.893+0000] {logging_mixin.py:190} INFO - [2025-03-20T17:32:55.893+0000] {dag.py:3239} INFO - Sync 3 DAGs
[2025-03-20T17:32:55.912+0000] {logging_mixin.py:190} INFO - [2025-03-20T17:32:55.912+0000] {dag.py:4180} INFO - Setting next_dagrun for get_inaturalist_data_atropelada to 2025-03-20 17:30:00+00:00, run_after=2025-03-20 18:00:00+00:00
[2025-03-20T17:32:55.917+0000] {logging_mixin.py:190} INFO - [2025-03-20T17:32:55.917+0000] {dag.py:4180} INFO - Setting next_dagrun for get_inaturalist_data_atropelamento to 2025-03-20 17:30:00+00:00, run_after=2025-03-20 18:00:00+00:00
[2025-03-20T17:32:55.919+0000] {logging_mixin.py:190} INFO - [2025-03-20T17:32:55.919+0000] {dag.py:4180} INFO - Setting next_dagrun for get_inaturalist_data_roadkill to 2025-03-20 17:30:00+00:00, run_after=2025-03-20 18:00:00+00:00
[2025-03-20T17:32:55.930+0000] {processor.py:208} INFO - Processing /opt/airflow/dags/inaturalist_dag.py took 0.380 seconds
[2025-03-20T17:33:26.477+0000] {processor.py:186} INFO - Started process (PID=500) to work on /opt/airflow/dags/inaturalist_dag.py
[2025-03-20T17:33:26.478+0000] {processor.py:914} INFO - Processing file /opt/airflow/dags/inaturalist_dag.py for tasks to queue
[2025-03-20T17:33:26.484+0000] {logging_mixin.py:190} INFO - [2025-03-20T17:33:26.481+0000] {dagbag.py:588} INFO - Filling up the DagBag from /opt/airflow/dags/inaturalist_dag.py
[2025-03-20T17:33:26.775+0000] {processor.py:925} INFO - DAG(s) 'get_inaturalist_data_atropelamento', 'get_inaturalist_data_roadkill', 'get_inaturalist_data_atropelada' retrieved from /opt/airflow/dags/inaturalist_dag.py
[2025-03-20T17:33:26.807+0000] {logging_mixin.py:190} INFO - [2025-03-20T17:33:26.806+0000] {dag.py:3239} INFO - Sync 3 DAGs
[2025-03-20T17:33:26.819+0000] {logging_mixin.py:190} INFO - [2025-03-20T17:33:26.819+0000] {dag.py:4180} INFO - Setting next_dagrun for get_inaturalist_data_atropelada to 2025-03-20 17:30:00+00:00, run_after=2025-03-20 18:00:00+00:00
[2025-03-20T17:33:26.821+0000] {logging_mixin.py:190} INFO - [2025-03-20T17:33:26.821+0000] {dag.py:4180} INFO - Setting next_dagrun for get_inaturalist_data_atropelamento to 2025-03-20 17:30:00+00:00, run_after=2025-03-20 18:00:00+00:00
[2025-03-20T17:33:26.822+0000] {logging_mixin.py:190} INFO - [2025-03-20T17:33:26.822+0000] {dag.py:4180} INFO - Setting next_dagrun for get_inaturalist_data_roadkill to 2025-03-20 17:30:00+00:00, run_after=2025-03-20 18:00:00+00:00
[2025-03-20T17:33:26.835+0000] {processor.py:208} INFO - Processing /opt/airflow/dags/inaturalist_dag.py took 0.366 seconds
[2025-03-20T17:33:57.652+0000] {processor.py:186} INFO - Started process (PID=512) to work on /opt/airflow/dags/inaturalist_dag.py
[2025-03-20T17:33:57.653+0000] {processor.py:914} INFO - Processing file /opt/airflow/dags/inaturalist_dag.py for tasks to queue
[2025-03-20T17:33:57.658+0000] {logging_mixin.py:190} INFO - [2025-03-20T17:33:57.656+0000] {dagbag.py:588} INFO - Filling up the DagBag from /opt/airflow/dags/inaturalist_dag.py
[2025-03-20T17:33:57.961+0000] {processor.py:925} INFO - DAG(s) 'get_inaturalist_data_atropelamento', 'get_inaturalist_data_roadkill', 'get_inaturalist_data_atropelada' retrieved from /opt/airflow/dags/inaturalist_dag.py
[2025-03-20T17:33:57.991+0000] {logging_mixin.py:190} INFO - [2025-03-20T17:33:57.991+0000] {dag.py:3239} INFO - Sync 3 DAGs
[2025-03-20T17:33:58.007+0000] {logging_mixin.py:190} INFO - [2025-03-20T17:33:58.007+0000] {dag.py:4180} INFO - Setting next_dagrun for get_inaturalist_data_atropelada to 2025-03-20 17:30:00+00:00, run_after=2025-03-20 18:00:00+00:00
[2025-03-20T17:33:58.009+0000] {logging_mixin.py:190} INFO - [2025-03-20T17:33:58.009+0000] {dag.py:4180} INFO - Setting next_dagrun for get_inaturalist_data_atropelamento to 2025-03-20 17:30:00+00:00, run_after=2025-03-20 18:00:00+00:00
[2025-03-20T17:33:58.011+0000] {logging_mixin.py:190} INFO - [2025-03-20T17:33:58.010+0000] {dag.py:4180} INFO - Setting next_dagrun for get_inaturalist_data_roadkill to 2025-03-20 17:30:00+00:00, run_after=2025-03-20 18:00:00+00:00
[2025-03-20T17:33:58.017+0000] {processor.py:208} INFO - Processing /opt/airflow/dags/inaturalist_dag.py took 0.374 seconds
[2025-03-20T17:34:28.621+0000] {processor.py:186} INFO - Started process (PID=524) to work on /opt/airflow/dags/inaturalist_dag.py
[2025-03-20T17:34:28.622+0000] {processor.py:914} INFO - Processing file /opt/airflow/dags/inaturalist_dag.py for tasks to queue
[2025-03-20T17:34:28.624+0000] {logging_mixin.py:190} INFO - [2025-03-20T17:34:28.623+0000] {dagbag.py:588} INFO - Filling up the DagBag from /opt/airflow/dags/inaturalist_dag.py
[2025-03-20T17:34:28.878+0000] {processor.py:925} INFO - DAG(s) 'get_inaturalist_data_atropelada', 'get_inaturalist_data_atropelamento', 'get_inaturalist_data_roadkill' retrieved from /opt/airflow/dags/inaturalist_dag.py
[2025-03-20T17:34:28.900+0000] {logging_mixin.py:190} INFO - [2025-03-20T17:34:28.900+0000] {dag.py:3239} INFO - Sync 3 DAGs
[2025-03-20T17:34:28.913+0000] {logging_mixin.py:190} INFO - [2025-03-20T17:34:28.913+0000] {dag.py:4180} INFO - Setting next_dagrun for get_inaturalist_data_atropelada to 2025-03-20 17:30:00+00:00, run_after=2025-03-20 18:00:00+00:00
[2025-03-20T17:34:28.915+0000] {logging_mixin.py:190} INFO - [2025-03-20T17:34:28.915+0000] {dag.py:4180} INFO - Setting next_dagrun for get_inaturalist_data_atropelamento to 2025-03-20 17:30:00+00:00, run_after=2025-03-20 18:00:00+00:00
[2025-03-20T17:34:28.916+0000] {logging_mixin.py:190} INFO - [2025-03-20T17:34:28.916+0000] {dag.py:4180} INFO - Setting next_dagrun for get_inaturalist_data_roadkill to 2025-03-20 17:30:00+00:00, run_after=2025-03-20 18:00:00+00:00
[2025-03-20T17:34:28.922+0000] {processor.py:208} INFO - Processing /opt/airflow/dags/inaturalist_dag.py took 0.310 seconds
[2025-03-20T17:34:59.498+0000] {processor.py:186} INFO - Started process (PID=536) to work on /opt/airflow/dags/inaturalist_dag.py
[2025-03-20T17:34:59.498+0000] {processor.py:914} INFO - Processing file /opt/airflow/dags/inaturalist_dag.py for tasks to queue
[2025-03-20T17:34:59.500+0000] {logging_mixin.py:190} INFO - [2025-03-20T17:34:59.499+0000] {dagbag.py:588} INFO - Filling up the DagBag from /opt/airflow/dags/inaturalist_dag.py
[2025-03-20T17:34:59.817+0000] {processor.py:925} INFO - DAG(s) 'get_inaturalist_data_atropelamento', 'get_inaturalist_data_atropelada', 'get_inaturalist_data_roadkill' retrieved from /opt/airflow/dags/inaturalist_dag.py
[2025-03-20T17:34:59.842+0000] {logging_mixin.py:190} INFO - [2025-03-20T17:34:59.842+0000] {dag.py:3239} INFO - Sync 3 DAGs
[2025-03-20T17:34:59.856+0000] {logging_mixin.py:190} INFO - [2025-03-20T17:34:59.856+0000] {dag.py:4180} INFO - Setting next_dagrun for get_inaturalist_data_atropelada to 2025-03-20 17:30:00+00:00, run_after=2025-03-20 18:00:00+00:00
[2025-03-20T17:34:59.860+0000] {logging_mixin.py:190} INFO - [2025-03-20T17:34:59.860+0000] {dag.py:4180} INFO - Setting next_dagrun for get_inaturalist_data_atropelamento to 2025-03-20 17:30:00+00:00, run_after=2025-03-20 18:00:00+00:00
[2025-03-20T17:34:59.861+0000] {logging_mixin.py:190} INFO - [2025-03-20T17:34:59.861+0000] {dag.py:4180} INFO - Setting next_dagrun for get_inaturalist_data_roadkill to 2025-03-20 17:30:00+00:00, run_after=2025-03-20 18:00:00+00:00
[2025-03-20T17:34:59.867+0000] {processor.py:208} INFO - Processing /opt/airflow/dags/inaturalist_dag.py took 0.383 seconds
[2025-03-20T17:35:30.513+0000] {processor.py:186} INFO - Started process (PID=548) to work on /opt/airflow/dags/inaturalist_dag.py
[2025-03-20T17:35:30.513+0000] {processor.py:914} INFO - Processing file /opt/airflow/dags/inaturalist_dag.py for tasks to queue
[2025-03-20T17:35:30.514+0000] {logging_mixin.py:190} INFO - [2025-03-20T17:35:30.514+0000] {dagbag.py:588} INFO - Filling up the DagBag from /opt/airflow/dags/inaturalist_dag.py
[2025-03-20T17:35:30.799+0000] {processor.py:925} INFO - DAG(s) 'get_inaturalist_data_roadkill', 'get_inaturalist_data_atropelamento', 'get_inaturalist_data_atropelada' retrieved from /opt/airflow/dags/inaturalist_dag.py
[2025-03-20T17:35:30.827+0000] {logging_mixin.py:190} INFO - [2025-03-20T17:35:30.827+0000] {dag.py:3239} INFO - Sync 3 DAGs
[2025-03-20T17:35:30.845+0000] {logging_mixin.py:190} INFO - [2025-03-20T17:35:30.845+0000] {dag.py:4180} INFO - Setting next_dagrun for get_inaturalist_data_atropelada to 2025-03-20 17:30:00+00:00, run_after=2025-03-20 18:00:00+00:00
[2025-03-20T17:35:30.848+0000] {logging_mixin.py:190} INFO - [2025-03-20T17:35:30.848+0000] {dag.py:4180} INFO - Setting next_dagrun for get_inaturalist_data_atropelamento to 2025-03-20 17:30:00+00:00, run_after=2025-03-20 18:00:00+00:00
[2025-03-20T17:35:30.849+0000] {logging_mixin.py:190} INFO - [2025-03-20T17:35:30.849+0000] {dag.py:4180} INFO - Setting next_dagrun for get_inaturalist_data_roadkill to 2025-03-20 17:30:00+00:00, run_after=2025-03-20 18:00:00+00:00
[2025-03-20T17:35:30.862+0000] {processor.py:208} INFO - Processing /opt/airflow/dags/inaturalist_dag.py took 0.361 seconds
[2025-03-20T17:36:01.525+0000] {processor.py:186} INFO - Started process (PID=561) to work on /opt/airflow/dags/inaturalist_dag.py
[2025-03-20T17:36:01.530+0000] {processor.py:914} INFO - Processing file /opt/airflow/dags/inaturalist_dag.py for tasks to queue
[2025-03-20T17:36:01.532+0000] {logging_mixin.py:190} INFO - [2025-03-20T17:36:01.532+0000] {dagbag.py:588} INFO - Filling up the DagBag from /opt/airflow/dags/inaturalist_dag.py
[2025-03-20T17:36:01.843+0000] {processor.py:925} INFO - DAG(s) 'get_inaturalist_data_atropelada', 'get_inaturalist_data_atropelamento', 'get_inaturalist_data_roadkill' retrieved from /opt/airflow/dags/inaturalist_dag.py
[2025-03-20T17:36:01.886+0000] {logging_mixin.py:190} INFO - [2025-03-20T17:36:01.885+0000] {dag.py:3239} INFO - Sync 3 DAGs
[2025-03-20T17:36:01.907+0000] {logging_mixin.py:190} INFO - [2025-03-20T17:36:01.907+0000] {dag.py:4180} INFO - Setting next_dagrun for get_inaturalist_data_atropelada to 2025-03-20 17:30:00+00:00, run_after=2025-03-20 18:00:00+00:00
[2025-03-20T17:36:01.910+0000] {logging_mixin.py:190} INFO - [2025-03-20T17:36:01.910+0000] {dag.py:4180} INFO - Setting next_dagrun for get_inaturalist_data_atropelamento to 2025-03-20 17:30:00+00:00, run_after=2025-03-20 18:00:00+00:00
[2025-03-20T17:36:01.912+0000] {logging_mixin.py:190} INFO - [2025-03-20T17:36:01.912+0000] {dag.py:4180} INFO - Setting next_dagrun for get_inaturalist_data_roadkill to 2025-03-20 17:30:00+00:00, run_after=2025-03-20 18:00:00+00:00
[2025-03-20T17:36:01.930+0000] {processor.py:208} INFO - Processing /opt/airflow/dags/inaturalist_dag.py took 0.413 seconds
[2025-03-20T17:36:32.592+0000] {processor.py:186} INFO - Started process (PID=573) to work on /opt/airflow/dags/inaturalist_dag.py
[2025-03-20T17:36:32.593+0000] {processor.py:914} INFO - Processing file /opt/airflow/dags/inaturalist_dag.py for tasks to queue
[2025-03-20T17:36:32.597+0000] {logging_mixin.py:190} INFO - [2025-03-20T17:36:32.596+0000] {dagbag.py:588} INFO - Filling up the DagBag from /opt/airflow/dags/inaturalist_dag.py
[2025-03-20T17:36:32.984+0000] {processor.py:925} INFO - DAG(s) 'get_inaturalist_data_atropelamento', 'get_inaturalist_data_atropelada', 'get_inaturalist_data_roadkill' retrieved from /opt/airflow/dags/inaturalist_dag.py
[2025-03-20T17:36:33.015+0000] {logging_mixin.py:190} INFO - [2025-03-20T17:36:33.015+0000] {dag.py:3239} INFO - Sync 3 DAGs
[2025-03-20T17:36:33.035+0000] {logging_mixin.py:190} INFO - [2025-03-20T17:36:33.035+0000] {dag.py:4180} INFO - Setting next_dagrun for get_inaturalist_data_atropelada to 2025-03-20 17:30:00+00:00, run_after=2025-03-20 18:00:00+00:00
[2025-03-20T17:36:33.037+0000] {logging_mixin.py:190} INFO - [2025-03-20T17:36:33.037+0000] {dag.py:4180} INFO - Setting next_dagrun for get_inaturalist_data_atropelamento to 2025-03-20 17:30:00+00:00, run_after=2025-03-20 18:00:00+00:00
[2025-03-20T17:36:33.038+0000] {logging_mixin.py:190} INFO - [2025-03-20T17:36:33.038+0000] {dag.py:4180} INFO - Setting next_dagrun for get_inaturalist_data_roadkill to 2025-03-20 17:30:00+00:00, run_after=2025-03-20 18:00:00+00:00
[2025-03-20T17:36:33.045+0000] {processor.py:208} INFO - Processing /opt/airflow/dags/inaturalist_dag.py took 0.473 seconds
[2025-03-20T17:37:03.814+0000] {processor.py:186} INFO - Started process (PID=590) to work on /opt/airflow/dags/inaturalist_dag.py
[2025-03-20T17:37:03.815+0000] {processor.py:914} INFO - Processing file /opt/airflow/dags/inaturalist_dag.py for tasks to queue
[2025-03-20T17:37:03.817+0000] {logging_mixin.py:190} INFO - [2025-03-20T17:37:03.816+0000] {dagbag.py:588} INFO - Filling up the DagBag from /opt/airflow/dags/inaturalist_dag.py
[2025-03-20T17:37:04.119+0000] {processor.py:925} INFO - DAG(s) 'get_inaturalist_data_atropelada', 'get_inaturalist_data_roadkill', 'get_inaturalist_data_atropelamento' retrieved from /opt/airflow/dags/inaturalist_dag.py
[2025-03-20T17:37:04.140+0000] {logging_mixin.py:190} INFO - [2025-03-20T17:37:04.139+0000] {dag.py:3239} INFO - Sync 3 DAGs
[2025-03-20T17:37:04.152+0000] {logging_mixin.py:190} INFO - [2025-03-20T17:37:04.152+0000] {dag.py:4180} INFO - Setting next_dagrun for get_inaturalist_data_atropelada to 2025-03-20 17:30:00+00:00, run_after=2025-03-20 18:00:00+00:00
[2025-03-20T17:37:04.154+0000] {logging_mixin.py:190} INFO - [2025-03-20T17:37:04.154+0000] {dag.py:4180} INFO - Setting next_dagrun for get_inaturalist_data_atropelamento to 2025-03-20 17:30:00+00:00, run_after=2025-03-20 18:00:00+00:00
[2025-03-20T17:37:04.155+0000] {logging_mixin.py:190} INFO - [2025-03-20T17:37:04.155+0000] {dag.py:4180} INFO - Setting next_dagrun for get_inaturalist_data_roadkill to 2025-03-20 17:30:00+00:00, run_after=2025-03-20 18:00:00+00:00
[2025-03-20T17:37:04.162+0000] {processor.py:208} INFO - Processing /opt/airflow/dags/inaturalist_dag.py took 0.356 seconds
[2025-03-20T17:37:34.713+0000] {processor.py:186} INFO - Started process (PID=602) to work on /opt/airflow/dags/inaturalist_dag.py
[2025-03-20T17:37:34.714+0000] {processor.py:914} INFO - Processing file /opt/airflow/dags/inaturalist_dag.py for tasks to queue
[2025-03-20T17:37:34.718+0000] {logging_mixin.py:190} INFO - [2025-03-20T17:37:34.717+0000] {dagbag.py:588} INFO - Filling up the DagBag from /opt/airflow/dags/inaturalist_dag.py
[2025-03-20T17:37:35.008+0000] {processor.py:925} INFO - DAG(s) 'get_inaturalist_data_roadkill', 'get_inaturalist_data_atropelada', 'get_inaturalist_data_atropelamento' retrieved from /opt/airflow/dags/inaturalist_dag.py
[2025-03-20T17:37:35.035+0000] {logging_mixin.py:190} INFO - [2025-03-20T17:37:35.035+0000] {dag.py:3239} INFO - Sync 3 DAGs
[2025-03-20T17:37:35.049+0000] {logging_mixin.py:190} INFO - [2025-03-20T17:37:35.049+0000] {dag.py:4180} INFO - Setting next_dagrun for get_inaturalist_data_atropelada to 2025-03-20 17:30:00+00:00, run_after=2025-03-20 18:00:00+00:00
[2025-03-20T17:37:35.052+0000] {logging_mixin.py:190} INFO - [2025-03-20T17:37:35.052+0000] {dag.py:4180} INFO - Setting next_dagrun for get_inaturalist_data_atropelamento to 2025-03-20 17:30:00+00:00, run_after=2025-03-20 18:00:00+00:00
[2025-03-20T17:37:35.053+0000] {logging_mixin.py:190} INFO - [2025-03-20T17:37:35.052+0000] {dag.py:4180} INFO - Setting next_dagrun for get_inaturalist_data_roadkill to 2025-03-20 17:30:00+00:00, run_after=2025-03-20 18:00:00+00:00
[2025-03-20T17:37:35.062+0000] {processor.py:208} INFO - Processing /opt/airflow/dags/inaturalist_dag.py took 0.361 seconds
[2025-03-20T17:38:05.598+0000] {processor.py:186} INFO - Started process (PID=613) to work on /opt/airflow/dags/inaturalist_dag.py
[2025-03-20T17:38:05.602+0000] {processor.py:914} INFO - Processing file /opt/airflow/dags/inaturalist_dag.py for tasks to queue
[2025-03-20T17:38:05.604+0000] {logging_mixin.py:190} INFO - [2025-03-20T17:38:05.603+0000] {dagbag.py:588} INFO - Filling up the DagBag from /opt/airflow/dags/inaturalist_dag.py
[2025-03-20T17:38:05.917+0000] {processor.py:925} INFO - DAG(s) 'get_inaturalist_data_roadkill', 'get_inaturalist_data_atropelada', 'get_inaturalist_data_atropelamento' retrieved from /opt/airflow/dags/inaturalist_dag.py
[2025-03-20T17:38:05.940+0000] {logging_mixin.py:190} INFO - [2025-03-20T17:38:05.940+0000] {dag.py:3239} INFO - Sync 3 DAGs
[2025-03-20T17:38:05.953+0000] {logging_mixin.py:190} INFO - [2025-03-20T17:38:05.953+0000] {dag.py:4180} INFO - Setting next_dagrun for get_inaturalist_data_atropelada to 2025-03-20 17:30:00+00:00, run_after=2025-03-20 18:00:00+00:00
[2025-03-20T17:38:05.955+0000] {logging_mixin.py:190} INFO - [2025-03-20T17:38:05.955+0000] {dag.py:4180} INFO - Setting next_dagrun for get_inaturalist_data_atropelamento to 2025-03-20 17:30:00+00:00, run_after=2025-03-20 18:00:00+00:00
[2025-03-20T17:38:05.956+0000] {logging_mixin.py:190} INFO - [2025-03-20T17:38:05.956+0000] {dag.py:4180} INFO - Setting next_dagrun for get_inaturalist_data_roadkill to 2025-03-20 17:30:00+00:00, run_after=2025-03-20 18:00:00+00:00
[2025-03-20T17:38:05.962+0000] {processor.py:208} INFO - Processing /opt/airflow/dags/inaturalist_dag.py took 0.381 seconds
[2025-03-20T17:38:36.585+0000] {processor.py:186} INFO - Started process (PID=625) to work on /opt/airflow/dags/inaturalist_dag.py
[2025-03-20T17:38:36.586+0000] {processor.py:914} INFO - Processing file /opt/airflow/dags/inaturalist_dag.py for tasks to queue
[2025-03-20T17:38:36.587+0000] {logging_mixin.py:190} INFO - [2025-03-20T17:38:36.587+0000] {dagbag.py:588} INFO - Filling up the DagBag from /opt/airflow/dags/inaturalist_dag.py
[2025-03-20T17:38:36.961+0000] {processor.py:925} INFO - DAG(s) 'get_inaturalist_data_atropelada', 'get_inaturalist_data_roadkill', 'get_inaturalist_data_atropelamento' retrieved from /opt/airflow/dags/inaturalist_dag.py
[2025-03-20T17:38:36.988+0000] {logging_mixin.py:190} INFO - [2025-03-20T17:38:36.988+0000] {dag.py:3239} INFO - Sync 3 DAGs
[2025-03-20T17:38:37.011+0000] {logging_mixin.py:190} INFO - [2025-03-20T17:38:37.010+0000] {dag.py:4180} INFO - Setting next_dagrun for get_inaturalist_data_atropelada to 2025-03-20 17:30:00+00:00, run_after=2025-03-20 18:00:00+00:00
[2025-03-20T17:38:37.015+0000] {logging_mixin.py:190} INFO - [2025-03-20T17:38:37.015+0000] {dag.py:4180} INFO - Setting next_dagrun for get_inaturalist_data_atropelamento to 2025-03-20 17:30:00+00:00, run_after=2025-03-20 18:00:00+00:00
[2025-03-20T17:38:37.016+0000] {logging_mixin.py:190} INFO - [2025-03-20T17:38:37.016+0000] {dag.py:4180} INFO - Setting next_dagrun for get_inaturalist_data_roadkill to 2025-03-20 17:30:00+00:00, run_after=2025-03-20 18:00:00+00:00
[2025-03-20T17:38:37.026+0000] {processor.py:208} INFO - Processing /opt/airflow/dags/inaturalist_dag.py took 0.451 seconds
[2025-03-20T17:39:07.612+0000] {processor.py:186} INFO - Started process (PID=637) to work on /opt/airflow/dags/inaturalist_dag.py
[2025-03-20T17:39:07.613+0000] {processor.py:914} INFO - Processing file /opt/airflow/dags/inaturalist_dag.py for tasks to queue
[2025-03-20T17:39:07.614+0000] {logging_mixin.py:190} INFO - [2025-03-20T17:39:07.614+0000] {dagbag.py:588} INFO - Filling up the DagBag from /opt/airflow/dags/inaturalist_dag.py
[2025-03-20T17:39:07.892+0000] {processor.py:925} INFO - DAG(s) 'get_inaturalist_data_atropelamento', 'get_inaturalist_data_roadkill', 'get_inaturalist_data_atropelada' retrieved from /opt/airflow/dags/inaturalist_dag.py
[2025-03-20T17:39:07.911+0000] {logging_mixin.py:190} INFO - [2025-03-20T17:39:07.911+0000] {dag.py:3239} INFO - Sync 3 DAGs
[2025-03-20T17:39:07.929+0000] {logging_mixin.py:190} INFO - [2025-03-20T17:39:07.928+0000] {dag.py:4180} INFO - Setting next_dagrun for get_inaturalist_data_atropelada to 2025-03-20 17:30:00+00:00, run_after=2025-03-20 18:00:00+00:00
[2025-03-20T17:39:07.932+0000] {logging_mixin.py:190} INFO - [2025-03-20T17:39:07.932+0000] {dag.py:4180} INFO - Setting next_dagrun for get_inaturalist_data_atropelamento to 2025-03-20 17:30:00+00:00, run_after=2025-03-20 18:00:00+00:00
[2025-03-20T17:39:07.934+0000] {logging_mixin.py:190} INFO - [2025-03-20T17:39:07.934+0000] {dag.py:4180} INFO - Setting next_dagrun for get_inaturalist_data_roadkill to 2025-03-20 17:30:00+00:00, run_after=2025-03-20 18:00:00+00:00
[2025-03-20T17:39:07.941+0000] {processor.py:208} INFO - Processing /opt/airflow/dags/inaturalist_dag.py took 0.339 seconds
[2025-03-20T17:39:38.578+0000] {processor.py:186} INFO - Started process (PID=649) to work on /opt/airflow/dags/inaturalist_dag.py
[2025-03-20T17:39:38.578+0000] {processor.py:914} INFO - Processing file /opt/airflow/dags/inaturalist_dag.py for tasks to queue
[2025-03-20T17:39:38.580+0000] {logging_mixin.py:190} INFO - [2025-03-20T17:39:38.580+0000] {dagbag.py:588} INFO - Filling up the DagBag from /opt/airflow/dags/inaturalist_dag.py
[2025-03-20T17:39:38.869+0000] {processor.py:925} INFO - DAG(s) 'get_inaturalist_data_atropelada', 'get_inaturalist_data_atropelamento', 'get_inaturalist_data_roadkill' retrieved from /opt/airflow/dags/inaturalist_dag.py
[2025-03-20T17:39:38.896+0000] {logging_mixin.py:190} INFO - [2025-03-20T17:39:38.896+0000] {dag.py:3239} INFO - Sync 3 DAGs
[2025-03-20T17:39:38.916+0000] {logging_mixin.py:190} INFO - [2025-03-20T17:39:38.916+0000] {dag.py:4180} INFO - Setting next_dagrun for get_inaturalist_data_atropelada to 2025-03-20 17:30:00+00:00, run_after=2025-03-20 18:00:00+00:00
[2025-03-20T17:39:38.920+0000] {logging_mixin.py:190} INFO - [2025-03-20T17:39:38.919+0000] {dag.py:4180} INFO - Setting next_dagrun for get_inaturalist_data_atropelamento to 2025-03-20 17:30:00+00:00, run_after=2025-03-20 18:00:00+00:00
[2025-03-20T17:39:38.921+0000] {logging_mixin.py:190} INFO - [2025-03-20T17:39:38.921+0000] {dag.py:4180} INFO - Setting next_dagrun for get_inaturalist_data_roadkill to 2025-03-20 17:30:00+00:00, run_after=2025-03-20 18:00:00+00:00
[2025-03-20T17:39:38.933+0000] {processor.py:208} INFO - Processing /opt/airflow/dags/inaturalist_dag.py took 0.363 seconds
[2025-03-20T17:40:09.378+0000] {processor.py:186} INFO - Started process (PID=661) to work on /opt/airflow/dags/inaturalist_dag.py
[2025-03-20T17:40:09.379+0000] {processor.py:914} INFO - Processing file /opt/airflow/dags/inaturalist_dag.py for tasks to queue
[2025-03-20T17:40:09.380+0000] {logging_mixin.py:190} INFO - [2025-03-20T17:40:09.380+0000] {dagbag.py:588} INFO - Filling up the DagBag from /opt/airflow/dags/inaturalist_dag.py
[2025-03-20T17:40:09.648+0000] {processor.py:925} INFO - DAG(s) 'get_inaturalist_data_roadkill', 'get_inaturalist_data_atropelamento', 'get_inaturalist_data_atropelada' retrieved from /opt/airflow/dags/inaturalist_dag.py
[2025-03-20T17:40:09.675+0000] {logging_mixin.py:190} INFO - [2025-03-20T17:40:09.675+0000] {dag.py:3239} INFO - Sync 3 DAGs
[2025-03-20T17:40:09.691+0000] {logging_mixin.py:190} INFO - [2025-03-20T17:40:09.691+0000] {dag.py:4180} INFO - Setting next_dagrun for get_inaturalist_data_atropelada to 2025-03-20 17:30:00+00:00, run_after=2025-03-20 18:00:00+00:00
[2025-03-20T17:40:09.694+0000] {logging_mixin.py:190} INFO - [2025-03-20T17:40:09.694+0000] {dag.py:4180} INFO - Setting next_dagrun for get_inaturalist_data_atropelamento to 2025-03-20 17:30:00+00:00, run_after=2025-03-20 18:00:00+00:00
[2025-03-20T17:40:09.695+0000] {logging_mixin.py:190} INFO - [2025-03-20T17:40:09.695+0000] {dag.py:4180} INFO - Setting next_dagrun for get_inaturalist_data_roadkill to 2025-03-20 17:30:00+00:00, run_after=2025-03-20 18:00:00+00:00
[2025-03-20T17:40:09.852+0000] {processor.py:208} INFO - Processing /opt/airflow/dags/inaturalist_dag.py took 0.482 seconds
[2025-03-20T17:40:40.357+0000] {processor.py:186} INFO - Started process (PID=673) to work on /opt/airflow/dags/inaturalist_dag.py
[2025-03-20T17:40:40.358+0000] {processor.py:914} INFO - Processing file /opt/airflow/dags/inaturalist_dag.py for tasks to queue
[2025-03-20T17:40:40.360+0000] {logging_mixin.py:190} INFO - [2025-03-20T17:40:40.359+0000] {dagbag.py:588} INFO - Filling up the DagBag from /opt/airflow/dags/inaturalist_dag.py
[2025-03-20T17:40:40.657+0000] {processor.py:925} INFO - DAG(s) 'get_inaturalist_data_atropelada', 'get_inaturalist_data_atropelamento', 'get_inaturalist_data_roadkill' retrieved from /opt/airflow/dags/inaturalist_dag.py
[2025-03-20T17:40:40.683+0000] {logging_mixin.py:190} INFO - [2025-03-20T17:40:40.683+0000] {dag.py:3239} INFO - Sync 3 DAGs
[2025-03-20T17:40:40.702+0000] {logging_mixin.py:190} INFO - [2025-03-20T17:40:40.702+0000] {dag.py:4180} INFO - Setting next_dagrun for get_inaturalist_data_atropelada to 2025-03-20 17:30:00+00:00, run_after=2025-03-20 18:00:00+00:00
[2025-03-20T17:40:40.708+0000] {logging_mixin.py:190} INFO - [2025-03-20T17:40:40.708+0000] {dag.py:4180} INFO - Setting next_dagrun for get_inaturalist_data_atropelamento to 2025-03-20 17:30:00+00:00, run_after=2025-03-20 18:00:00+00:00
[2025-03-20T17:40:40.710+0000] {logging_mixin.py:190} INFO - [2025-03-20T17:40:40.710+0000] {dag.py:4180} INFO - Setting next_dagrun for get_inaturalist_data_roadkill to 2025-03-20 17:30:00+00:00, run_after=2025-03-20 18:00:00+00:00
[2025-03-20T17:40:40.717+0000] {processor.py:208} INFO - Processing /opt/airflow/dags/inaturalist_dag.py took 0.372 seconds
[2025-03-20T17:41:11.244+0000] {processor.py:186} INFO - Started process (PID=685) to work on /opt/airflow/dags/inaturalist_dag.py
[2025-03-20T17:41:11.245+0000] {processor.py:914} INFO - Processing file /opt/airflow/dags/inaturalist_dag.py for tasks to queue
[2025-03-20T17:41:11.246+0000] {logging_mixin.py:190} INFO - [2025-03-20T17:41:11.246+0000] {dagbag.py:588} INFO - Filling up the DagBag from /opt/airflow/dags/inaturalist_dag.py
[2025-03-20T17:41:11.500+0000] {processor.py:925} INFO - DAG(s) 'get_inaturalist_data_atropelada', 'get_inaturalist_data_atropelamento', 'get_inaturalist_data_roadkill' retrieved from /opt/airflow/dags/inaturalist_dag.py
[2025-03-20T17:41:11.525+0000] {logging_mixin.py:190} INFO - [2025-03-20T17:41:11.525+0000] {dag.py:3239} INFO - Sync 3 DAGs
[2025-03-20T17:41:11.546+0000] {logging_mixin.py:190} INFO - [2025-03-20T17:41:11.545+0000] {dag.py:4180} INFO - Setting next_dagrun for get_inaturalist_data_atropelada to 2025-03-20 17:30:00+00:00, run_after=2025-03-20 18:00:00+00:00
[2025-03-20T17:41:11.548+0000] {logging_mixin.py:190} INFO - [2025-03-20T17:41:11.548+0000] {dag.py:4180} INFO - Setting next_dagrun for get_inaturalist_data_atropelamento to 2025-03-20 17:30:00+00:00, run_after=2025-03-20 18:00:00+00:00
[2025-03-20T17:41:11.549+0000] {logging_mixin.py:190} INFO - [2025-03-20T17:41:11.549+0000] {dag.py:4180} INFO - Setting next_dagrun for get_inaturalist_data_roadkill to 2025-03-20 17:30:00+00:00, run_after=2025-03-20 18:00:00+00:00
[2025-03-20T17:41:11.557+0000] {processor.py:208} INFO - Processing /opt/airflow/dags/inaturalist_dag.py took 0.321 seconds
[2025-03-20T17:41:42.151+0000] {processor.py:186} INFO - Started process (PID=697) to work on /opt/airflow/dags/inaturalist_dag.py
[2025-03-20T17:41:42.152+0000] {processor.py:914} INFO - Processing file /opt/airflow/dags/inaturalist_dag.py for tasks to queue
[2025-03-20T17:41:42.154+0000] {logging_mixin.py:190} INFO - [2025-03-20T17:41:42.153+0000] {dagbag.py:588} INFO - Filling up the DagBag from /opt/airflow/dags/inaturalist_dag.py
[2025-03-20T17:41:42.447+0000] {processor.py:925} INFO - DAG(s) 'get_inaturalist_data_atropelamento', 'get_inaturalist_data_roadkill', 'get_inaturalist_data_atropelada' retrieved from /opt/airflow/dags/inaturalist_dag.py
[2025-03-20T17:41:42.473+0000] {logging_mixin.py:190} INFO - [2025-03-20T17:41:42.473+0000] {dag.py:3239} INFO - Sync 3 DAGs
[2025-03-20T17:41:42.639+0000] {logging_mixin.py:190} INFO - [2025-03-20T17:41:42.639+0000] {dag.py:4180} INFO - Setting next_dagrun for get_inaturalist_data_atropelada to 2025-03-20 17:30:00+00:00, run_after=2025-03-20 18:00:00+00:00
[2025-03-20T17:41:42.641+0000] {logging_mixin.py:190} INFO - [2025-03-20T17:41:42.641+0000] {dag.py:4180} INFO - Setting next_dagrun for get_inaturalist_data_atropelamento to 2025-03-20 17:30:00+00:00, run_after=2025-03-20 18:00:00+00:00
[2025-03-20T17:41:42.642+0000] {logging_mixin.py:190} INFO - [2025-03-20T17:41:42.642+0000] {dag.py:4180} INFO - Setting next_dagrun for get_inaturalist_data_roadkill to 2025-03-20 17:30:00+00:00, run_after=2025-03-20 18:00:00+00:00
[2025-03-20T17:41:42.647+0000] {processor.py:208} INFO - Processing /opt/airflow/dags/inaturalist_dag.py took 0.505 seconds
[2025-03-20T17:42:13.390+0000] {processor.py:186} INFO - Started process (PID=709) to work on /opt/airflow/dags/inaturalist_dag.py
[2025-03-20T17:42:13.391+0000] {processor.py:914} INFO - Processing file /opt/airflow/dags/inaturalist_dag.py for tasks to queue
[2025-03-20T17:42:13.398+0000] {logging_mixin.py:190} INFO - [2025-03-20T17:42:13.397+0000] {dagbag.py:588} INFO - Filling up the DagBag from /opt/airflow/dags/inaturalist_dag.py
[2025-03-20T17:42:13.872+0000] {processor.py:925} INFO - DAG(s) 'get_inaturalist_data_atropelamento', 'get_inaturalist_data_atropelada', 'get_inaturalist_data_roadkill' retrieved from /opt/airflow/dags/inaturalist_dag.py
[2025-03-20T17:42:13.890+0000] {logging_mixin.py:190} INFO - [2025-03-20T17:42:13.890+0000] {dag.py:3239} INFO - Sync 3 DAGs
[2025-03-20T17:42:13.899+0000] {logging_mixin.py:190} INFO - [2025-03-20T17:42:13.899+0000] {dag.py:4180} INFO - Setting next_dagrun for get_inaturalist_data_atropelada to 2025-03-20 17:30:00+00:00, run_after=2025-03-20 18:00:00+00:00
[2025-03-20T17:42:13.901+0000] {logging_mixin.py:190} INFO - [2025-03-20T17:42:13.901+0000] {dag.py:4180} INFO - Setting next_dagrun for get_inaturalist_data_atropelamento to 2025-03-20 17:30:00+00:00, run_after=2025-03-20 18:00:00+00:00
[2025-03-20T17:42:13.902+0000] {logging_mixin.py:190} INFO - [2025-03-20T17:42:13.902+0000] {dag.py:4180} INFO - Setting next_dagrun for get_inaturalist_data_roadkill to 2025-03-20 17:30:00+00:00, run_after=2025-03-20 18:00:00+00:00
[2025-03-20T17:42:13.907+0000] {processor.py:208} INFO - Processing /opt/airflow/dags/inaturalist_dag.py took 0.526 seconds
[2025-03-20T17:42:44.559+0000] {processor.py:186} INFO - Started process (PID=721) to work on /opt/airflow/dags/inaturalist_dag.py
[2025-03-20T17:42:44.560+0000] {processor.py:914} INFO - Processing file /opt/airflow/dags/inaturalist_dag.py for tasks to queue
[2025-03-20T17:42:44.565+0000] {logging_mixin.py:190} INFO - [2025-03-20T17:42:44.563+0000] {dagbag.py:588} INFO - Filling up the DagBag from /opt/airflow/dags/inaturalist_dag.py
[2025-03-20T17:42:44.935+0000] {processor.py:925} INFO - DAG(s) 'get_inaturalist_data_atropelada', 'get_inaturalist_data_roadkill', 'get_inaturalist_data_atropelamento' retrieved from /opt/airflow/dags/inaturalist_dag.py
[2025-03-20T17:42:44.965+0000] {logging_mixin.py:190} INFO - [2025-03-20T17:42:44.965+0000] {dag.py:3239} INFO - Sync 3 DAGs
[2025-03-20T17:42:45.148+0000] {logging_mixin.py:190} INFO - [2025-03-20T17:42:45.148+0000] {dag.py:4180} INFO - Setting next_dagrun for get_inaturalist_data_atropelada to 2025-03-20 17:30:00+00:00, run_after=2025-03-20 18:00:00+00:00
[2025-03-20T17:42:45.151+0000] {logging_mixin.py:190} INFO - [2025-03-20T17:42:45.151+0000] {dag.py:4180} INFO - Setting next_dagrun for get_inaturalist_data_atropelamento to 2025-03-20 17:30:00+00:00, run_after=2025-03-20 18:00:00+00:00
[2025-03-20T17:42:45.154+0000] {logging_mixin.py:190} INFO - [2025-03-20T17:42:45.154+0000] {dag.py:4180} INFO - Setting next_dagrun for get_inaturalist_data_roadkill to 2025-03-20 17:30:00+00:00, run_after=2025-03-20 18:00:00+00:00
[2025-03-20T17:42:45.168+0000] {processor.py:208} INFO - Processing /opt/airflow/dags/inaturalist_dag.py took 0.619 seconds
[2025-03-20T17:43:15.606+0000] {processor.py:186} INFO - Started process (PID=733) to work on /opt/airflow/dags/inaturalist_dag.py
[2025-03-20T17:43:15.607+0000] {processor.py:914} INFO - Processing file /opt/airflow/dags/inaturalist_dag.py for tasks to queue
[2025-03-20T17:43:15.609+0000] {logging_mixin.py:190} INFO - [2025-03-20T17:43:15.608+0000] {dagbag.py:588} INFO - Filling up the DagBag from /opt/airflow/dags/inaturalist_dag.py
[2025-03-20T17:43:15.939+0000] {processor.py:925} INFO - DAG(s) 'get_inaturalist_data_roadkill', 'get_inaturalist_data_atropelada', 'get_inaturalist_data_atropelamento' retrieved from /opt/airflow/dags/inaturalist_dag.py
[2025-03-20T17:43:15.973+0000] {logging_mixin.py:190} INFO - [2025-03-20T17:43:15.973+0000] {dag.py:3239} INFO - Sync 3 DAGs
[2025-03-20T17:43:16.003+0000] {logging_mixin.py:190} INFO - [2025-03-20T17:43:16.003+0000] {dag.py:4180} INFO - Setting next_dagrun for get_inaturalist_data_atropelada to 2025-03-20 17:30:00+00:00, run_after=2025-03-20 18:00:00+00:00
[2025-03-20T17:43:16.006+0000] {logging_mixin.py:190} INFO - [2025-03-20T17:43:16.006+0000] {dag.py:4180} INFO - Setting next_dagrun for get_inaturalist_data_atropelamento to 2025-03-20 17:30:00+00:00, run_after=2025-03-20 18:00:00+00:00
[2025-03-20T17:43:16.007+0000] {logging_mixin.py:190} INFO - [2025-03-20T17:43:16.007+0000] {dag.py:4180} INFO - Setting next_dagrun for get_inaturalist_data_roadkill to 2025-03-20 17:30:00+00:00, run_after=2025-03-20 18:00:00+00:00
[2025-03-20T17:43:16.016+0000] {processor.py:208} INFO - Processing /opt/airflow/dags/inaturalist_dag.py took 0.423 seconds
[2025-03-20T17:43:46.855+0000] {processor.py:186} INFO - Started process (PID=745) to work on /opt/airflow/dags/inaturalist_dag.py
[2025-03-20T17:43:46.856+0000] {processor.py:914} INFO - Processing file /opt/airflow/dags/inaturalist_dag.py for tasks to queue
[2025-03-20T17:43:46.861+0000] {logging_mixin.py:190} INFO - [2025-03-20T17:43:46.860+0000] {dagbag.py:588} INFO - Filling up the DagBag from /opt/airflow/dags/inaturalist_dag.py
[2025-03-20T17:43:47.225+0000] {processor.py:925} INFO - DAG(s) 'get_inaturalist_data_roadkill', 'get_inaturalist_data_atropelada', 'get_inaturalist_data_atropelamento' retrieved from /opt/airflow/dags/inaturalist_dag.py
[2025-03-20T17:43:47.262+0000] {logging_mixin.py:190} INFO - [2025-03-20T17:43:47.262+0000] {dag.py:3239} INFO - Sync 3 DAGs
[2025-03-20T17:43:47.281+0000] {logging_mixin.py:190} INFO - [2025-03-20T17:43:47.281+0000] {dag.py:4180} INFO - Setting next_dagrun for get_inaturalist_data_atropelada to 2025-03-20 17:30:00+00:00, run_after=2025-03-20 18:00:00+00:00
[2025-03-20T17:43:47.284+0000] {logging_mixin.py:190} INFO - [2025-03-20T17:43:47.284+0000] {dag.py:4180} INFO - Setting next_dagrun for get_inaturalist_data_atropelamento to 2025-03-20 17:30:00+00:00, run_after=2025-03-20 18:00:00+00:00
[2025-03-20T17:43:47.285+0000] {logging_mixin.py:190} INFO - [2025-03-20T17:43:47.285+0000] {dag.py:4180} INFO - Setting next_dagrun for get_inaturalist_data_roadkill to 2025-03-20 17:30:00+00:00, run_after=2025-03-20 18:00:00+00:00
[2025-03-20T17:43:47.296+0000] {processor.py:208} INFO - Processing /opt/airflow/dags/inaturalist_dag.py took 0.452 seconds
