[2024-12-03T18:32:24.096+0000] {local_task_job_runner.py:123} INFO - ::group::Pre task execution logs
[2024-12-03T18:32:24.116+0000] {taskinstance.py:2612} INFO - Dependencies all met for dep_context=non-requeueable deps ti=<TaskInstance: get_inaturalist_data_roadkill.process_data scheduled__2024-12-03T18:00:00+00:00 [queued]>
[2024-12-03T18:32:24.131+0000] {taskinstance.py:2612} INFO - Dependencies all met for dep_context=requeueable deps ti=<TaskInstance: get_inaturalist_data_roadkill.process_data scheduled__2024-12-03T18:00:00+00:00 [queued]>
[2024-12-03T18:32:24.132+0000] {taskinstance.py:2865} INFO - Starting attempt 1 of 4
[2024-12-03T18:32:24.151+0000] {taskinstance.py:2888} INFO - Executing <Task(_PythonDecoratedOperator): process_data> on 2024-12-03 18:00:00+00:00
[2024-12-03T18:32:24.166+0000] {warnings.py:112} WARNING - /home/***/.local/lib/python3.12/site-packages/***/task/task_runner/standard_task_runner.py:70: DeprecationWarning: This process (pid=1649) is multi-threaded, use of fork() may lead to deadlocks in the child.
  pid = os.fork()

[2024-12-03T18:32:24.168+0000] {standard_task_runner.py:72} INFO - Started process 1652 to run task
[2024-12-03T18:32:24.169+0000] {standard_task_runner.py:104} INFO - Running: ['***', 'tasks', 'run', 'get_inaturalist_data_roadkill', 'process_data', 'scheduled__2024-12-03T18:00:00+00:00', '--job-id', '2315', '--raw', '--subdir', 'DAGS_FOLDER/inaturalist_dag.py', '--cfg-path', '/tmp/tmphjbhnbm2']
[2024-12-03T18:32:24.171+0000] {standard_task_runner.py:105} INFO - Job 2315: Subtask process_data
[2024-12-03T18:32:24.236+0000] {task_command.py:467} INFO - Running <TaskInstance: get_inaturalist_data_roadkill.process_data scheduled__2024-12-03T18:00:00+00:00 [running]> on host 559daffc287d
[2024-12-03T18:32:24.847+0000] {taskinstance.py:3131} INFO - Exporting env vars: AIRFLOW_CTX_DAG_OWNER='***' AIRFLOW_CTX_DAG_ID='get_inaturalist_data_roadkill' AIRFLOW_CTX_TASK_ID='process_data' AIRFLOW_CTX_EXECUTION_DATE='2024-12-03T18:00:00+00:00' AIRFLOW_CTX_TRY_NUMBER='1' AIRFLOW_CTX_DAG_RUN_ID='scheduled__2024-12-03T18:00:00+00:00'
[2024-12-03T18:32:24.849+0000] {logging_mixin.py:190} INFO - Task instance is in running state
[2024-12-03T18:32:24.849+0000] {logging_mixin.py:190} INFO -  Previous state of the Task instance: queued
[2024-12-03T18:32:24.849+0000] {logging_mixin.py:190} INFO - Current task name:process_data state:running start_date:2024-12-03 18:32:24.117482+00:00
[2024-12-03T18:32:24.849+0000] {logging_mixin.py:190} INFO - Dag name:get_inaturalist_data_roadkill and current dag run status:running
[2024-12-03T18:32:24.850+0000] {taskinstance.py:731} INFO - ::endgroup::
[2024-12-03T18:32:24.851+0000] {python.py:240} INFO - Done. Returned value was: {'path': 'inaturalist_data/roadkill_data/2024/12/03/roadkill_observations_183224.csv', 'format': 'text/csv'}
[2024-12-03T18:32:24.907+0000] {taskinstance.py:340} INFO - ::group::Post task execution logs
[2024-12-03T18:32:24.908+0000] {taskinstance.py:352} INFO - Marking task as SUCCESS. dag_id=get_inaturalist_data_roadkill, task_id=process_data, run_id=scheduled__2024-12-03T18:00:00+00:00, execution_date=20241203T180000, start_date=20241203T183224, end_date=20241203T183224
[2024-12-03T18:32:24.928+0000] {logging_mixin.py:190} INFO - Task instance in success state
[2024-12-03T18:32:24.930+0000] {logging_mixin.py:190} INFO -  Previous state of the Task instance: running
[2024-12-03T18:32:24.931+0000] {logging_mixin.py:190} INFO - Dag name:get_inaturalist_data_roadkill queued_at:2024-12-03 18:30:00.586492+00:00
[2024-12-03T18:32:24.932+0000] {logging_mixin.py:190} INFO - Task hostname:559daffc287d operator:_PythonDecoratedOperator
[2024-12-03T18:32:24.986+0000] {local_task_job_runner.py:266} INFO - Task exited with return code 0
[2024-12-03T18:32:25.066+0000] {taskinstance.py:3900} INFO - 1 downstream tasks scheduled from follow-on schedule check
[2024-12-03T18:32:25.074+0000] {local_task_job_runner.py:245} INFO - ::endgroup::
