[2024-12-04T16:07:45.817+0000] {local_task_job_runner.py:123} INFO - ::group::Pre task execution logs
[2024-12-04T16:07:45.833+0000] {taskinstance.py:2612} INFO - Dependencies all met for dep_context=non-requeueable deps ti=<TaskInstance: get_inaturalist_data_roadkill.save_data manual__2024-12-04T16:05:22.439917+00:00 [queued]>
[2024-12-04T16:07:45.840+0000] {taskinstance.py:2612} INFO - Dependencies all met for dep_context=requeueable deps ti=<TaskInstance: get_inaturalist_data_roadkill.save_data manual__2024-12-04T16:05:22.439917+00:00 [queued]>
[2024-12-04T16:07:45.840+0000] {taskinstance.py:2865} INFO - Starting attempt 1 of 4
[2024-12-04T16:07:45.853+0000] {taskinstance.py:2888} INFO - Executing <Task(_PythonDecoratedOperator): save_data> on 2024-12-04 16:05:22.439917+00:00
[2024-12-04T16:07:45.862+0000] {warnings.py:112} WARNING - /home/***/.local/lib/python3.12/site-packages/***/task/task_runner/standard_task_runner.py:70: DeprecationWarning: This process (pid=4441) is multi-threaded, use of fork() may lead to deadlocks in the child.
  pid = os.fork()

[2024-12-04T16:07:45.864+0000] {standard_task_runner.py:72} INFO - Started process 4444 to run task
[2024-12-04T16:07:45.865+0000] {standard_task_runner.py:104} INFO - Running: ['***', 'tasks', 'run', 'get_inaturalist_data_roadkill', 'save_data', 'manual__2024-12-04T16:05:22.439917+00:00', '--job-id', '2424', '--raw', '--subdir', 'DAGS_FOLDER/inaturalist_dag.py', '--cfg-path', '/tmp/tmpxx1bqv9n']
[2024-12-04T16:07:45.866+0000] {standard_task_runner.py:105} INFO - Job 2424: Subtask save_data
[2024-12-04T16:07:45.906+0000] {task_command.py:467} INFO - Running <TaskInstance: get_inaturalist_data_roadkill.save_data manual__2024-12-04T16:05:22.439917+00:00 [running]> on host 7102278bc4c1
[2024-12-04T16:07:46.491+0000] {taskinstance.py:3131} INFO - Exporting env vars: AIRFLOW_CTX_DAG_OWNER='***' AIRFLOW_CTX_DAG_ID='get_inaturalist_data_roadkill' AIRFLOW_CTX_TASK_ID='save_data' AIRFLOW_CTX_EXECUTION_DATE='2024-12-04T16:05:22.439917+00:00' AIRFLOW_CTX_TRY_NUMBER='1' AIRFLOW_CTX_DAG_RUN_ID='manual__2024-12-04T16:05:22.439917+00:00'
[2024-12-04T16:07:46.492+0000] {logging_mixin.py:190} INFO - Task instance is in running state
[2024-12-04T16:07:46.492+0000] {logging_mixin.py:190} INFO -  Previous state of the Task instance: queued
[2024-12-04T16:07:46.492+0000] {logging_mixin.py:190} INFO - Current task name:save_data state:running start_date:2024-12-04 16:07:45.833498+00:00
[2024-12-04T16:07:46.493+0000] {logging_mixin.py:190} INFO - Dag name:get_inaturalist_data_roadkill and current dag run status:running
[2024-12-04T16:07:46.493+0000] {taskinstance.py:731} INFO - ::endgroup::
[2024-12-04T16:07:47.533+0000] {minio.py:40} INFO - created inaturalist_data/roadkill_data/2024/12/04/roadkill_observations_160743.csv object; etag: 52f89fdf6cd52d99991fb330a9459f06, version-id: None
[2024-12-04T16:07:47.534+0000] {minio.py:42} INFO - Data successfully uploaded to MinIO in bucket environbit under inaturalist_data/roadkill_data/2024/12/04/roadkill_observations_160743.csv
[2024-12-04T16:07:47.535+0000] {python.py:240} INFO - Done. Returned value was: None
[2024-12-04T16:07:47.546+0000] {taskinstance.py:340} INFO - ::group::Post task execution logs
[2024-12-04T16:07:47.548+0000] {taskinstance.py:352} INFO - Marking task as SUCCESS. dag_id=get_inaturalist_data_roadkill, task_id=save_data, run_id=manual__2024-12-04T16:05:22.439917+00:00, execution_date=20241204T160522, start_date=20241204T160745, end_date=20241204T160747
[2024-12-04T16:07:47.563+0000] {logging_mixin.py:190} INFO - Task instance in success state
[2024-12-04T16:07:47.564+0000] {logging_mixin.py:190} INFO -  Previous state of the Task instance: running
[2024-12-04T16:07:47.565+0000] {logging_mixin.py:190} INFO - Dag name:get_inaturalist_data_roadkill queued_at:2024-12-04 16:05:22.455178+00:00
[2024-12-04T16:07:47.565+0000] {logging_mixin.py:190} INFO - Task hostname:7102278bc4c1 operator:_PythonDecoratedOperator
[2024-12-04T16:07:47.602+0000] {local_task_job_runner.py:266} INFO - Task exited with return code 0
[2024-12-04T16:07:47.635+0000] {taskinstance.py:3900} INFO - 1 downstream tasks scheduled from follow-on schedule check
[2024-12-04T16:07:47.637+0000] {local_task_job_runner.py:245} INFO - ::endgroup::
