[2024-12-03T18:00:02.931+0000] {local_task_job_runner.py:123} INFO - ::group::Pre task execution logs
[2024-12-03T18:00:02.949+0000] {taskinstance.py:2612} INFO - Dependencies all met for dep_context=non-requeueable deps ti=<TaskInstance: get_inaturalist_data_atropelada.get_all_data scheduled__2024-12-03T17:30:00+00:00 [queued]>
[2024-12-03T18:00:02.960+0000] {taskinstance.py:2612} INFO - Dependencies all met for dep_context=requeueable deps ti=<TaskInstance: get_inaturalist_data_atropelada.get_all_data scheduled__2024-12-03T17:30:00+00:00 [queued]>
[2024-12-03T18:00:02.960+0000] {taskinstance.py:2865} INFO - Starting attempt 1 of 4
[2024-12-03T18:00:02.976+0000] {taskinstance.py:2888} INFO - Executing <Task(_PythonDecoratedOperator): get_all_data> on 2024-12-03 17:30:00+00:00
[2024-12-03T18:00:02.988+0000] {warnings.py:112} WARNING - /home/***/.local/lib/python3.12/site-packages/***/task/task_runner/standard_task_runner.py:70: DeprecationWarning: This process (pid=1148) is multi-threaded, use of fork() may lead to deadlocks in the child.
  pid = os.fork()

[2024-12-03T18:00:02.989+0000] {standard_task_runner.py:72} INFO - Started process 1156 to run task
[2024-12-03T18:00:02.991+0000] {standard_task_runner.py:104} INFO - Running: ['***', 'tasks', 'run', 'get_inaturalist_data_atropelada', 'get_all_data', 'scheduled__2024-12-03T17:30:00+00:00', '--job-id', '2295', '--raw', '--subdir', 'DAGS_FOLDER/inaturalist_dag.py', '--cfg-path', '/tmp/tmpoqtslkw7']
[2024-12-03T18:00:02.993+0000] {standard_task_runner.py:105} INFO - Job 2295: Subtask get_all_data
[2024-12-03T18:00:03.046+0000] {task_command.py:467} INFO - Running <TaskInstance: get_inaturalist_data_atropelada.get_all_data scheduled__2024-12-03T17:30:00+00:00 [running]> on host 559daffc287d
[2024-12-03T18:00:03.170+0000] {taskinstance.py:3131} INFO - Exporting env vars: AIRFLOW_CTX_DAG_OWNER='***' AIRFLOW_CTX_DAG_ID='get_inaturalist_data_atropelada' AIRFLOW_CTX_TASK_ID='get_all_data' AIRFLOW_CTX_EXECUTION_DATE='2024-12-03T17:30:00+00:00' AIRFLOW_CTX_TRY_NUMBER='1' AIRFLOW_CTX_DAG_RUN_ID='scheduled__2024-12-03T17:30:00+00:00'
[2024-12-03T18:00:03.171+0000] {logging_mixin.py:190} INFO - Task instance is in running state
[2024-12-03T18:00:03.172+0000] {logging_mixin.py:190} INFO -  Previous state of the Task instance: queued
[2024-12-03T18:00:03.172+0000] {logging_mixin.py:190} INFO - Current task name:get_all_data state:running start_date:2024-12-03 18:00:02.949646+00:00
[2024-12-03T18:00:03.172+0000] {logging_mixin.py:190} INFO - Dag name:get_inaturalist_data_atropelada and current dag run status:running
[2024-12-03T18:00:03.173+0000] {taskinstance.py:731} INFO - ::endgroup::
[2024-12-03T18:00:03.174+0000] {inaturalist_dag.py:153} INFO - Getting data from keyword: atropelada
[2024-12-03T18:00:03.181+0000] {inaturalist_dag.py:45} INFO - Maximum id 253951713 for the request
[2024-12-03T18:00:05.002+0000] {inaturalist_dag.py:61} INFO - Got 0 results
[2024-12-03T18:00:05.003+0000] {inaturalist_dag.py:160} INFO - No more observations found, stopping.
[2024-12-03T18:00:05.010+0000] {crypto.py:82} WARNING - empty cryptography key - values will not be stored encrypted.
[2024-12-03T18:00:05.013+0000] {python.py:240} INFO - Done. Returned value was: []
[2024-12-03T18:00:05.035+0000] {taskinstance.py:340} INFO - ::group::Post task execution logs
[2024-12-03T18:00:05.035+0000] {taskinstance.py:352} INFO - Marking task as SUCCESS. dag_id=get_inaturalist_data_atropelada, task_id=get_all_data, run_id=scheduled__2024-12-03T17:30:00+00:00, execution_date=20241203T173000, start_date=20241203T180002, end_date=20241203T180005
[2024-12-03T18:00:05.049+0000] {logging_mixin.py:190} INFO - Task instance in success state
[2024-12-03T18:00:05.049+0000] {logging_mixin.py:190} INFO -  Previous state of the Task instance: running
[2024-12-03T18:00:05.050+0000] {logging_mixin.py:190} INFO - Dag name:get_inaturalist_data_atropelada queued_at:2024-12-03 18:00:00.685154+00:00
[2024-12-03T18:00:05.050+0000] {logging_mixin.py:190} INFO - Task hostname:559daffc287d operator:_PythonDecoratedOperator
[2024-12-03T18:00:05.089+0000] {local_task_job_runner.py:266} INFO - Task exited with return code 0
[2024-12-03T18:00:05.115+0000] {taskinstance.py:3900} INFO - 1 downstream tasks scheduled from follow-on schedule check
[2024-12-03T18:00:05.118+0000] {local_task_job_runner.py:245} INFO - ::endgroup::
