[2024-12-18T11:59:29.061+0000] {local_task_job_runner.py:123} INFO - ::group::Pre task execution logs
[2024-12-18T11:59:29.153+0000] {taskinstance.py:2612} INFO - Dependencies all met for dep_context=non-requeueable deps ti=<TaskInstance: get_inaturalist_data_atropelada.get_all_data scheduled__2024-12-18T11:00:00+00:00 [queued]>
[2024-12-18T11:59:29.203+0000] {taskinstance.py:2612} INFO - Dependencies all met for dep_context=requeueable deps ti=<TaskInstance: get_inaturalist_data_atropelada.get_all_data scheduled__2024-12-18T11:00:00+00:00 [queued]>
[2024-12-18T11:59:29.203+0000] {taskinstance.py:2865} INFO - Starting attempt 1 of 4
[2024-12-18T11:59:29.276+0000] {taskinstance.py:2888} INFO - Executing <Task(_PythonDecoratedOperator): get_all_data> on 2024-12-18 11:00:00+00:00
[2024-12-18T11:59:29.319+0000] {warnings.py:112} WARNING - /home/***/.local/lib/python3.12/site-packages/***/task/task_runner/standard_task_runner.py:70: DeprecationWarning: This process (pid=58) is multi-threaded, use of fork() may lead to deadlocks in the child.
  pid = os.fork()

[2024-12-18T11:59:29.333+0000] {standard_task_runner.py:72} INFO - Started process 69 to run task
[2024-12-18T11:59:29.340+0000] {standard_task_runner.py:104} INFO - Running: ['***', 'tasks', 'run', 'get_inaturalist_data_atropelada', 'get_all_data', 'scheduled__2024-12-18T11:00:00+00:00', '--job-id', '151', '--raw', '--subdir', 'DAGS_FOLDER/inaturalist_dag.py', '--cfg-path', '/tmp/tmpflaqs0ox']
[2024-12-18T11:59:29.355+0000] {standard_task_runner.py:105} INFO - Job 151: Subtask get_all_data
[2024-12-18T11:59:29.550+0000] {task_command.py:467} INFO - Running <TaskInstance: get_inaturalist_data_atropelada.get_all_data scheduled__2024-12-18T11:00:00+00:00 [running]> on host 3b3f24aa623d
[2024-12-18T11:59:29.885+0000] {taskinstance.py:3131} INFO - Exporting env vars: AIRFLOW_CTX_DAG_OWNER='***' AIRFLOW_CTX_DAG_ID='get_inaturalist_data_atropelada' AIRFLOW_CTX_TASK_ID='get_all_data' AIRFLOW_CTX_EXECUTION_DATE='2024-12-18T11:00:00+00:00' AIRFLOW_CTX_TRY_NUMBER='1' AIRFLOW_CTX_DAG_RUN_ID='scheduled__2024-12-18T11:00:00+00:00'
[2024-12-18T11:59:29.887+0000] {taskinstance.py:731} INFO - ::endgroup::
[2024-12-18T11:59:29.900+0000] {inaturalist_dag.py:150} INFO - Getting data from keyword: atropelada
[2024-12-18T11:59:30.034+0000] {inaturalist_dag.py:41} INFO - Maximum id 254715885 for the request
[2024-12-18T11:59:31.050+0000] {inaturalist_dag.py:58} INFO - Got 0 results
[2024-12-18T11:59:31.051+0000] {inaturalist_dag.py:158} INFO - No more observations found, stopping.
[2024-12-18T11:59:31.057+0000] {crypto.py:82} WARNING - empty cryptography key - values will not be stored encrypted.
[2024-12-18T11:59:31.062+0000] {python.py:240} INFO - Done. Returned value was: []
[2024-12-18T11:59:31.090+0000] {taskinstance.py:340} INFO - ::group::Post task execution logs
[2024-12-18T11:59:31.090+0000] {taskinstance.py:352} INFO - Marking task as SUCCESS. dag_id=get_inaturalist_data_atropelada, task_id=get_all_data, run_id=scheduled__2024-12-18T11:00:00+00:00, execution_date=20241218T110000, start_date=20241218T115929, end_date=20241218T115931
[2024-12-18T11:59:31.153+0000] {local_task_job_runner.py:266} INFO - Task exited with return code 0
[2024-12-18T11:59:31.189+0000] {taskinstance.py:3900} INFO - 1 downstream tasks scheduled from follow-on schedule check
[2024-12-18T11:59:31.191+0000] {local_task_job_runner.py:245} INFO - ::endgroup::
