[2024-10-24T22:08:33.030+0000] {local_task_job_runner.py:123} INFO - ::group::Pre task execution logs
[2024-10-24T22:08:33.071+0000] {taskinstance.py:2612} INFO - Dependencies all met for dep_context=non-requeueable deps ti=<TaskInstance: get_inaturalist_data_roadkill.upload_to_minio scheduled__2024-10-24T16:00:00+00:00 [queued]>
[2024-10-24T22:08:33.094+0000] {taskinstance.py:2612} INFO - Dependencies all met for dep_context=requeueable deps ti=<TaskInstance: get_inaturalist_data_roadkill.upload_to_minio scheduled__2024-10-24T16:00:00+00:00 [queued]>
[2024-10-24T22:08:33.095+0000] {taskinstance.py:2865} INFO - Starting attempt 2 of 4
[2024-10-24T22:08:33.132+0000] {taskinstance.py:2888} INFO - Executing <Task(_PythonDecoratedOperator): upload_to_minio> on 2024-10-24 16:00:00+00:00
[2024-10-24T22:08:33.154+0000] {warnings.py:112} WARNING - /home/***/.local/lib/python3.12/site-packages/***/task/task_runner/standard_task_runner.py:70: DeprecationWarning: This process (pid=306) is multi-threaded, use of fork() may lead to deadlocks in the child.
  pid = os.fork()

[2024-10-24T22:08:33.155+0000] {standard_task_runner.py:72} INFO - Started process 315 to run task
[2024-10-24T22:08:33.157+0000] {standard_task_runner.py:104} INFO - Running: ['***', 'tasks', 'run', 'get_inaturalist_data_roadkill', 'upload_to_minio', 'scheduled__2024-10-24T16:00:00+00:00', '--job-id', '454', '--raw', '--subdir', 'DAGS_FOLDER/inaturalist_dag.py', '--cfg-path', '/tmp/tmp25gaf1c2']
[2024-10-24T22:08:33.158+0000] {standard_task_runner.py:105} INFO - Job 454: Subtask upload_to_minio
[2024-10-24T22:08:33.348+0000] {task_command.py:467} INFO - Running <TaskInstance: get_inaturalist_data_roadkill.upload_to_minio scheduled__2024-10-24T16:00:00+00:00 [running]> on host 0f320a8498fe
[2024-10-24T22:08:33.697+0000] {taskinstance.py:3131} INFO - Exporting env vars: AIRFLOW_CTX_DAG_OWNER='***' AIRFLOW_CTX_DAG_ID='get_inaturalist_data_roadkill' AIRFLOW_CTX_TASK_ID='upload_to_minio' AIRFLOW_CTX_EXECUTION_DATE='2024-10-24T16:00:00+00:00' AIRFLOW_CTX_TRY_NUMBER='2' AIRFLOW_CTX_DAG_RUN_ID='scheduled__2024-10-24T16:00:00+00:00'
[2024-10-24T22:08:33.698+0000] {logging_mixin.py:190} INFO - Task instance is in running state
[2024-10-24T22:08:33.699+0000] {logging_mixin.py:190} INFO -  Previous state of the Task instance: queued
[2024-10-24T22:08:33.699+0000] {logging_mixin.py:190} INFO - Current task name:upload_to_minio state:running start_date:2024-10-24 22:08:33.072407+00:00
[2024-10-24T22:08:33.700+0000] {logging_mixin.py:190} INFO - Dag name:get_inaturalist_data_roadkill and current dag run status:running
[2024-10-24T22:08:33.700+0000] {taskinstance.py:731} INFO - ::endgroup::
[2024-10-24T22:10:47.881+0000] {connectionpool.py:870} WARNING - Retrying (Retry(total=4, connect=None, read=None, redirect=None, status=None)) after connection broken by 'ConnectTimeoutError(<urllib3.connection.HTTPConnection object at 0x76c579581bb0>, 'Connection to 192.168.30.21 timed out. (connect timeout=300)')': /environbit?location=
[2024-10-24T22:13:03.451+0000] {connectionpool.py:870} WARNING - Retrying (Retry(total=3, connect=None, read=None, redirect=None, status=None)) after connection broken by 'ConnectTimeoutError(<urllib3.connection.HTTPConnection object at 0x76c579581d90>, 'Connection to 192.168.30.21 timed out. (connect timeout=300)')': /environbit?location=
[2024-10-24T22:15:19.018+0000] {connectionpool.py:870} WARNING - Retrying (Retry(total=2, connect=None, read=None, redirect=None, status=None)) after connection broken by 'ConnectTimeoutError(<urllib3.connection.HTTPConnection object at 0x76c579582120>, 'Connection to 192.168.30.21 timed out. (connect timeout=300)')': /environbit?location=
