[2024-12-06T17:16:43.180+0000] {local_task_job_runner.py:123} INFO - ::group::Pre task execution logs
[2024-12-06T17:16:43.252+0000] {taskinstance.py:2612} INFO - Dependencies all met for dep_context=non-requeueable deps ti=<TaskInstance: get_inaturalist_data_atropelada.publish_message_for_transformation manual__2024-12-06T17:16:19.230771+00:00 [queued]>
[2024-12-06T17:16:43.284+0000] {taskinstance.py:2612} INFO - Dependencies all met for dep_context=requeueable deps ti=<TaskInstance: get_inaturalist_data_atropelada.publish_message_for_transformation manual__2024-12-06T17:16:19.230771+00:00 [queued]>
[2024-12-06T17:16:43.285+0000] {taskinstance.py:2865} INFO - Starting attempt 1 of 4
[2024-12-06T17:16:43.322+0000] {taskinstance.py:2888} INFO - Executing <Task(_PythonDecoratedOperator): publish_message_for_transformation> on 2024-12-06 17:16:19.230771+00:00
[2024-12-06T17:16:43.340+0000] {warnings.py:112} WARNING - /home/***/.local/lib/python3.12/site-packages/***/task/task_runner/standard_task_runner.py:70: DeprecationWarning: This process (pid=1407) is multi-threaded, use of fork() may lead to deadlocks in the child.
  pid = os.fork()

[2024-12-06T17:16:43.342+0000] {standard_task_runner.py:72} INFO - Started process 1409 to run task
[2024-12-06T17:16:43.344+0000] {standard_task_runner.py:104} INFO - Running: ['***', 'tasks', 'run', 'get_inaturalist_data_atropelada', 'publish_message_for_transformation', 'manual__2024-12-06T17:16:19.230771+00:00', '--job-id', '2658', '--raw', '--subdir', 'DAGS_FOLDER/inaturalist_dag.py', '--cfg-path', '/tmp/tmpwno8lfag']
[2024-12-06T17:16:43.348+0000] {standard_task_runner.py:105} INFO - Job 2658: Subtask publish_message_for_transformation
[2024-12-06T17:16:43.417+0000] {task_command.py:467} INFO - Running <TaskInstance: get_inaturalist_data_atropelada.publish_message_for_transformation manual__2024-12-06T17:16:19.230771+00:00 [running]> on host 21d6d9811d5b
[2024-12-06T17:16:43.576+0000] {taskinstance.py:3131} INFO - Exporting env vars: AIRFLOW_CTX_DAG_OWNER='***' AIRFLOW_CTX_DAG_ID='get_inaturalist_data_atropelada' AIRFLOW_CTX_TASK_ID='publish_message_for_transformation' AIRFLOW_CTX_EXECUTION_DATE='2024-12-06T17:16:19.230771+00:00' AIRFLOW_CTX_TRY_NUMBER='1' AIRFLOW_CTX_DAG_RUN_ID='manual__2024-12-06T17:16:19.230771+00:00'
[2024-12-06T17:16:43.578+0000] {taskinstance.py:731} INFO - ::endgroup::
[2024-12-06T17:16:43.629+0000] {rabbitmq.py:33} INFO - Sending message {'path': 'inaturalist_data/atropelada_data/2024/12/06/atropelada_observations_171638.csv', 'source': 'Inaturalist', 'keyword': 'atropelada', 'extraction_date': 1733505403593538689} to rabbitmq channel environbit
[2024-12-06T17:16:43.638+0000] {python.py:240} INFO - Done. Returned value was: None
[2024-12-06T17:16:43.649+0000] {taskinstance.py:340} INFO - ::group::Post task execution logs
[2024-12-06T17:16:43.650+0000] {taskinstance.py:352} INFO - Marking task as SUCCESS. dag_id=get_inaturalist_data_atropelada, task_id=publish_message_for_transformation, run_id=manual__2024-12-06T17:16:19.230771+00:00, execution_date=20241206T171619, start_date=20241206T171643, end_date=20241206T171643
[2024-12-06T17:16:43.718+0000] {local_task_job_runner.py:266} INFO - Task exited with return code 0
[2024-12-06T17:16:43.756+0000] {taskinstance.py:3900} INFO - 0 downstream tasks scheduled from follow-on schedule check
[2024-12-06T17:16:43.759+0000] {local_task_job_runner.py:245} INFO - ::endgroup::
