[2024-11-21T16:57:20.744+0000] {local_task_job_runner.py:123} INFO - ::group::Pre task execution logs
[2024-11-21T16:57:20.768+0000] {taskinstance.py:2612} INFO - Dependencies all met for dep_context=non-requeueable deps ti=<TaskInstance: get_gbif_data_atropelamento.save_data manual__2024-11-21T16:57:06.164927+00:00 [queued]>
[2024-11-21T16:57:20.781+0000] {taskinstance.py:2612} INFO - Dependencies all met for dep_context=requeueable deps ti=<TaskInstance: get_gbif_data_atropelamento.save_data manual__2024-11-21T16:57:06.164927+00:00 [queued]>
[2024-11-21T16:57:20.782+0000] {taskinstance.py:2865} INFO - Starting attempt 1 of 4
[2024-11-21T16:57:20.802+0000] {taskinstance.py:2888} INFO - Executing <Task(_PythonDecoratedOperator): save_data> on 2024-11-21 16:57:06.164927+00:00
[2024-11-21T16:57:20.816+0000] {warnings.py:112} WARNING - /home/***/.local/lib/python3.12/site-packages/***/task/task_runner/standard_task_runner.py:70: DeprecationWarning: This process (pid=1763) is multi-threaded, use of fork() may lead to deadlocks in the child.
  pid = os.fork()

[2024-11-21T16:57:20.818+0000] {standard_task_runner.py:72} INFO - Started process 1777 to run task
[2024-11-21T16:57:20.818+0000] {standard_task_runner.py:104} INFO - Running: ['***', 'tasks', 'run', 'get_gbif_data_atropelamento', 'save_data', 'manual__2024-11-21T16:57:06.164927+00:00', '--job-id', '996', '--raw', '--subdir', 'DAGS_FOLDER/gbif_dag.py', '--cfg-path', '/tmp/tmp7fsm93jj']
[2024-11-21T16:57:20.819+0000] {standard_task_runner.py:105} INFO - Job 996: Subtask save_data
[2024-11-21T16:57:20.930+0000] {task_command.py:467} INFO - Running <TaskInstance: get_gbif_data_atropelamento.save_data manual__2024-11-21T16:57:06.164927+00:00 [running]> on host 569dbdc45a07
[2024-11-21T16:57:21.827+0000] {taskinstance.py:3131} INFO - Exporting env vars: AIRFLOW_CTX_DAG_OWNER='***' AIRFLOW_CTX_DAG_ID='get_gbif_data_atropelamento' AIRFLOW_CTX_TASK_ID='save_data' AIRFLOW_CTX_EXECUTION_DATE='2024-11-21T16:57:06.164927+00:00' AIRFLOW_CTX_TRY_NUMBER='1' AIRFLOW_CTX_DAG_RUN_ID='manual__2024-11-21T16:57:06.164927+00:00'
[2024-11-21T16:57:21.828+0000] {logging_mixin.py:190} INFO - Task instance is in running state
[2024-11-21T16:57:21.828+0000] {logging_mixin.py:190} INFO -  Previous state of the Task instance: queued
[2024-11-21T16:57:21.828+0000] {logging_mixin.py:190} INFO - Current task name:save_data state:running start_date:2024-11-21 16:57:20.768470+00:00
[2024-11-21T16:57:21.829+0000] {logging_mixin.py:190} INFO - Dag name:get_gbif_data_atropelamento and current dag run status:running
[2024-11-21T16:57:21.829+0000] {taskinstance.py:731} INFO - ::endgroup::
[2024-11-21T16:57:22.110+0000] {minio.py:40} INFO - created gbif_data/atropelamento_data/2024/11/21/atropelamento_occurrences_165717.csv object; etag: efcb68899e3bf9589b83fff1453c5a9a, version-id: None
[2024-11-21T16:57:22.111+0000] {minio.py:42} INFO - Data successfully uploaded to MinIO in bucket environbit under gbif_data/atropelamento_data/2024/11/21/atropelamento_occurrences_165717.csv
[2024-11-21T16:57:22.112+0000] {python.py:240} INFO - Done. Returned value was: None
[2024-11-21T16:57:22.130+0000] {taskinstance.py:340} INFO - ::group::Post task execution logs
[2024-11-21T16:57:22.130+0000] {taskinstance.py:352} INFO - Marking task as SUCCESS. dag_id=get_gbif_data_atropelamento, task_id=save_data, run_id=manual__2024-11-21T16:57:06.164927+00:00, execution_date=20241121T165706, start_date=20241121T165720, end_date=20241121T165722
[2024-11-21T16:57:22.147+0000] {logging_mixin.py:190} INFO - Task instance in success state
[2024-11-21T16:57:22.147+0000] {logging_mixin.py:190} INFO -  Previous state of the Task instance: running
[2024-11-21T16:57:22.147+0000] {logging_mixin.py:190} INFO - Dag name:get_gbif_data_atropelamento queued_at:2024-11-21 16:57:06.183161+00:00
[2024-11-21T16:57:22.148+0000] {logging_mixin.py:190} INFO - Task hostname:569dbdc45a07 operator:_PythonDecoratedOperator
[2024-11-21T16:57:22.170+0000] {local_task_job_runner.py:266} INFO - Task exited with return code 0
[2024-11-21T16:57:22.193+0000] {taskinstance.py:3900} INFO - 0 downstream tasks scheduled from follow-on schedule check
[2024-11-21T16:57:22.195+0000] {local_task_job_runner.py:245} INFO - ::endgroup::
