[2024-10-24T16:13:18.271+0000] {local_task_job_runner.py:123} INFO - ::group::Pre task execution logs
[2024-10-24T16:13:18.332+0000] {taskinstance.py:2612} INFO - Dependencies all met for dep_context=non-requeueable deps ti=<TaskInstance: get_inaturalist_data_atropelamento.upload_to_minio manual__2024-10-24T16:12:05.268843+00:00 [queued]>
[2024-10-24T16:13:18.370+0000] {taskinstance.py:2612} INFO - Dependencies all met for dep_context=requeueable deps ti=<TaskInstance: get_inaturalist_data_atropelamento.upload_to_minio manual__2024-10-24T16:12:05.268843+00:00 [queued]>
[2024-10-24T16:13:18.371+0000] {taskinstance.py:2865} INFO - Starting attempt 1 of 4
[2024-10-24T16:13:18.441+0000] {taskinstance.py:2888} INFO - Executing <Task(_PythonDecoratedOperator): upload_to_minio> on 2024-10-24 16:12:05.268843+00:00
[2024-10-24T16:13:18.482+0000] {warnings.py:112} WARNING - /home/***/.local/lib/python3.12/site-packages/***/task/task_runner/standard_task_runner.py:70: DeprecationWarning: This process (pid=165) is multi-threaded, use of fork() may lead to deadlocks in the child.
  pid = os.fork()

[2024-10-24T16:13:18.487+0000] {standard_task_runner.py:72} INFO - Started process 167 to run task
[2024-10-24T16:13:18.487+0000] {standard_task_runner.py:104} INFO - Running: ['***', 'tasks', 'run', 'get_inaturalist_data_atropelamento', 'upload_to_minio', 'manual__2024-10-24T16:12:05.268843+00:00', '--job-id', '429', '--raw', '--subdir', 'DAGS_FOLDER/inaturalist_dag.py', '--cfg-path', '/tmp/tmpj5ssf3v_']
[2024-10-24T16:13:18.492+0000] {standard_task_runner.py:105} INFO - Job 429: Subtask upload_to_minio
[2024-10-24T16:13:18.670+0000] {task_command.py:467} INFO - Running <TaskInstance: get_inaturalist_data_atropelamento.upload_to_minio manual__2024-10-24T16:12:05.268843+00:00 [running]> on host 0f320a8498fe
[2024-10-24T16:13:19.060+0000] {taskinstance.py:3131} INFO - Exporting env vars: AIRFLOW_CTX_DAG_OWNER='***' AIRFLOW_CTX_DAG_ID='get_inaturalist_data_atropelamento' AIRFLOW_CTX_TASK_ID='upload_to_minio' AIRFLOW_CTX_EXECUTION_DATE='2024-10-24T16:12:05.268843+00:00' AIRFLOW_CTX_TRY_NUMBER='1' AIRFLOW_CTX_DAG_RUN_ID='manual__2024-10-24T16:12:05.268843+00:00'
[2024-10-24T16:13:19.066+0000] {logging_mixin.py:190} INFO - Task instance is in running state
[2024-10-24T16:13:19.067+0000] {logging_mixin.py:190} INFO -  Previous state of the Task instance: queued
[2024-10-24T16:13:19.068+0000] {logging_mixin.py:190} INFO - Current task name:upload_to_minio state:running start_date:2024-10-24 16:13:18.333565+00:00
[2024-10-24T16:13:19.068+0000] {logging_mixin.py:190} INFO - Dag name:get_inaturalist_data_atropelamento and current dag run status:running
[2024-10-24T16:13:19.068+0000] {taskinstance.py:731} INFO - ::endgroup::
[2024-10-24T16:13:19.427+0000] {logging_mixin.py:190} INFO - Data successfully uploaded to MinIO in bucket environbit under inaturalist_data/atropelamento_data/2024/10/24/atropelamento_observations_161319.json
[2024-10-24T16:13:19.429+0000] {python.py:240} INFO - Done. Returned value was: None
[2024-10-24T16:13:19.456+0000] {taskinstance.py:340} INFO - ::group::Post task execution logs
[2024-10-24T16:13:19.458+0000] {taskinstance.py:352} INFO - Marking task as SUCCESS. dag_id=get_inaturalist_data_atropelamento, task_id=upload_to_minio, run_id=manual__2024-10-24T16:12:05.268843+00:00, execution_date=20241024T161205, start_date=20241024T161318, end_date=20241024T161319
[2024-10-24T16:13:19.487+0000] {logging_mixin.py:190} INFO - Task instance in success state
[2024-10-24T16:13:19.488+0000] {logging_mixin.py:190} INFO -  Previous state of the Task instance: running
[2024-10-24T16:13:19.489+0000] {logging_mixin.py:190} INFO - Dag name:get_inaturalist_data_atropelamento queued_at:2024-10-24 16:12:05.285684+00:00
[2024-10-24T16:13:19.490+0000] {logging_mixin.py:190} INFO - Task hostname:0f320a8498fe operator:_PythonDecoratedOperator
[2024-10-24T16:13:19.558+0000] {local_task_job_runner.py:266} INFO - Task exited with return code 0
[2024-10-24T16:13:19.611+0000] {taskinstance.py:3900} INFO - 0 downstream tasks scheduled from follow-on schedule check
[2024-10-24T16:13:19.618+0000] {local_task_job_runner.py:245} INFO - ::endgroup::
