[2024-10-28T15:12:05.370+0000] {local_task_job_runner.py:123} INFO - ::group::Pre task execution logs
[2024-10-28T15:12:05.397+0000] {taskinstance.py:2612} INFO - Dependencies all met for dep_context=non-requeueable deps ti=<TaskInstance: get_inaturalist_data_atropelamento.process_data manual__2024-10-28T15:12:00.655824+00:00 [queued]>
[2024-10-28T15:12:05.418+0000] {taskinstance.py:2612} INFO - Dependencies all met for dep_context=requeueable deps ti=<TaskInstance: get_inaturalist_data_atropelamento.process_data manual__2024-10-28T15:12:00.655824+00:00 [queued]>
[2024-10-28T15:12:05.419+0000] {taskinstance.py:2865} INFO - Starting attempt 1 of 4
[2024-10-28T15:12:05.439+0000] {taskinstance.py:2888} INFO - Executing <Task(_PythonDecoratedOperator): process_data> on 2024-10-28 15:12:00.655824+00:00
[2024-10-28T15:12:05.453+0000] {warnings.py:112} WARNING - /home/***/.local/lib/python3.12/site-packages/***/task/task_runner/standard_task_runner.py:70: DeprecationWarning: This process (pid=316) is multi-threaded, use of fork() may lead to deadlocks in the child.
  pid = os.fork()

[2024-10-28T15:12:05.456+0000] {standard_task_runner.py:72} INFO - Started process 322 to run task
[2024-10-28T15:12:05.456+0000] {standard_task_runner.py:104} INFO - Running: ['***', 'tasks', 'run', 'get_inaturalist_data_atropelamento', 'process_data', 'manual__2024-10-28T15:12:00.655824+00:00', '--job-id', '83', '--raw', '--subdir', 'DAGS_FOLDER/inaturalist_dag.py', '--cfg-path', '/tmp/tmpj8o7yijy']
[2024-10-28T15:12:05.458+0000] {standard_task_runner.py:105} INFO - Job 83: Subtask process_data
[2024-10-28T15:12:05.513+0000] {task_command.py:467} INFO - Running <TaskInstance: get_inaturalist_data_atropelamento.process_data manual__2024-10-28T15:12:00.655824+00:00 [running]> on host d4434c1c111a
[2024-10-28T15:12:05.612+0000] {taskinstance.py:3131} INFO - Exporting env vars: AIRFLOW_CTX_DAG_OWNER='***' AIRFLOW_CTX_DAG_ID='get_inaturalist_data_atropelamento' AIRFLOW_CTX_TASK_ID='process_data' AIRFLOW_CTX_EXECUTION_DATE='2024-10-28T15:12:00.655824+00:00' AIRFLOW_CTX_TRY_NUMBER='1' AIRFLOW_CTX_DAG_RUN_ID='manual__2024-10-28T15:12:00.655824+00:00'
[2024-10-28T15:12:05.613+0000] {logging_mixin.py:190} INFO - Task instance is in running state
[2024-10-28T15:12:05.614+0000] {logging_mixin.py:190} INFO -  Previous state of the Task instance: queued
[2024-10-28T15:12:05.614+0000] {logging_mixin.py:190} INFO - Current task name:process_data state:running start_date:2024-10-28 15:12:05.398162+00:00
[2024-10-28T15:12:05.614+0000] {logging_mixin.py:190} INFO - Dag name:get_inaturalist_data_atropelamento and current dag run status:running
[2024-10-28T15:12:05.615+0000] {taskinstance.py:731} INFO - ::endgroup::
[2024-10-28T15:12:05.615+0000] {python.py:240} INFO - Done. Returned value was: {'path': 'inaturalist_data/atropelamento_data/2024/10/28/atropelamento_observations_151205.json', 'format': 'application/json'}
[2024-10-28T15:12:05.646+0000] {taskinstance.py:340} INFO - ::group::Post task execution logs
[2024-10-28T15:12:05.647+0000] {taskinstance.py:352} INFO - Marking task as SUCCESS. dag_id=get_inaturalist_data_atropelamento, task_id=process_data, run_id=manual__2024-10-28T15:12:00.655824+00:00, execution_date=20241028T151200, start_date=20241028T151205, end_date=20241028T151205
[2024-10-28T15:12:05.656+0000] {logging_mixin.py:190} INFO - Task instance in success state
[2024-10-28T15:12:05.656+0000] {logging_mixin.py:190} INFO -  Previous state of the Task instance: running
[2024-10-28T15:12:05.656+0000] {logging_mixin.py:190} INFO - Dag name:get_inaturalist_data_atropelamento queued_at:2024-10-28 15:12:00.674327+00:00
[2024-10-28T15:12:05.657+0000] {logging_mixin.py:190} INFO - Task hostname:d4434c1c111a operator:_PythonDecoratedOperator
[2024-10-28T15:12:05.670+0000] {local_task_job_runner.py:266} INFO - Task exited with return code 0
[2024-10-28T15:12:05.693+0000] {taskinstance.py:3900} INFO - 0 downstream tasks scheduled from follow-on schedule check
[2024-10-28T15:12:05.695+0000] {local_task_job_runner.py:245} INFO - ::endgroup::
