[2024-12-02T12:01:11.986+0000] {local_task_job_runner.py:123} INFO - ::group::Pre task execution logs
[2024-12-02T12:01:12.078+0000] {taskinstance.py:2612} INFO - Dependencies all met for dep_context=non-requeueable deps ti=<TaskInstance: get_inaturalist_data_atropelamento.process_data scheduled__2024-12-02T11:30:00+00:00 [queued]>
[2024-12-02T12:01:12.095+0000] {taskinstance.py:2612} INFO - Dependencies all met for dep_context=requeueable deps ti=<TaskInstance: get_inaturalist_data_atropelamento.process_data scheduled__2024-12-02T11:30:00+00:00 [queued]>
[2024-12-02T12:01:12.096+0000] {taskinstance.py:2865} INFO - Starting attempt 1 of 4
[2024-12-02T12:01:12.167+0000] {taskinstance.py:2888} INFO - Executing <Task(_PythonDecoratedOperator): process_data> on 2024-12-02 11:30:00+00:00
[2024-12-02T12:01:12.187+0000] {warnings.py:112} WARNING - /home/***/.local/lib/python3.12/site-packages/***/task/task_runner/standard_task_runner.py:70: DeprecationWarning: This process (pid=1037) is multi-threaded, use of fork() may lead to deadlocks in the child.
  pid = os.fork()

[2024-12-02T12:01:12.189+0000] {standard_task_runner.py:72} INFO - Started process 1056 to run task
[2024-12-02T12:01:12.221+0000] {standard_task_runner.py:104} INFO - Running: ['***', 'tasks', 'run', 'get_inaturalist_data_atropelamento', 'process_data', 'scheduled__2024-12-02T11:30:00+00:00', '--job-id', '2062', '--raw', '--subdir', 'DAGS_FOLDER/inaturalist_dag.py', '--cfg-path', '/tmp/tmp2bcxj2y6']
[2024-12-02T12:01:12.233+0000] {standard_task_runner.py:105} INFO - Job 2062: Subtask process_data
[2024-12-02T12:01:12.512+0000] {task_command.py:467} INFO - Running <TaskInstance: get_inaturalist_data_atropelamento.process_data scheduled__2024-12-02T11:30:00+00:00 [running]> on host 59d51ca962df
[2024-12-02T12:01:45.234+0000] {job.py:229} INFO - Heartbeat recovered after 33.49 seconds
[2024-12-02T12:01:45.609+0000] {taskinstance.py:3131} INFO - Exporting env vars: AIRFLOW_CTX_DAG_OWNER='***' AIRFLOW_CTX_DAG_ID='get_inaturalist_data_atropelamento' AIRFLOW_CTX_TASK_ID='process_data' AIRFLOW_CTX_EXECUTION_DATE='2024-12-02T11:30:00+00:00' AIRFLOW_CTX_TRY_NUMBER='1' AIRFLOW_CTX_DAG_RUN_ID='scheduled__2024-12-02T11:30:00+00:00'
[2024-12-02T12:01:45.616+0000] {logging_mixin.py:190} INFO - Task instance is in running state
[2024-12-02T12:01:45.617+0000] {logging_mixin.py:190} INFO -  Previous state of the Task instance: queued
[2024-12-02T12:01:45.622+0000] {logging_mixin.py:190} INFO - Current task name:process_data state:running start_date:2024-12-02 12:01:12.078765+00:00
[2024-12-02T12:01:45.623+0000] {logging_mixin.py:190} INFO - Dag name:get_inaturalist_data_atropelamento and current dag run status:running
[2024-12-02T12:01:45.623+0000] {taskinstance.py:731} INFO - ::endgroup::
[2024-12-02T12:01:45.624+0000] {taskinstance.py:301} INFO - No observations to process, skipping tasks
[2024-12-02T12:01:45.954+0000] {taskinstance.py:340} INFO - ::group::Post task execution logs
[2024-12-02T12:01:45.955+0000] {taskinstance.py:352} INFO - Marking task as SKIPPED. dag_id=get_inaturalist_data_atropelamento, task_id=process_data, run_id=scheduled__2024-12-02T11:30:00+00:00, execution_date=20241202T113000, start_date=20241202T120112, end_date=20241202T120145
[2024-12-02T12:01:46.207+0000] {local_task_job_runner.py:266} INFO - Task exited with return code 0
[2024-12-02T12:01:46.378+0000] {taskinstance.py:3900} INFO - 0 downstream tasks scheduled from follow-on schedule check
[2024-12-02T12:01:46.413+0000] {local_task_job_runner.py:245} INFO - ::endgroup::
