[2024-11-19T10:20:53.609+0000] {local_task_job_runner.py:123} INFO - ::group::Pre task execution logs
[2024-11-19T10:20:53.692+0000] {taskinstance.py:2612} INFO - Dependencies all met for dep_context=non-requeueable deps ti=<TaskInstance: get_gbif_data_atropelada.save_data scheduled__2024-11-18T23:00:00+00:00 [queued]>
[2024-11-19T10:20:53.707+0000] {taskinstance.py:2612} INFO - Dependencies all met for dep_context=requeueable deps ti=<TaskInstance: get_gbif_data_atropelada.save_data scheduled__2024-11-18T23:00:00+00:00 [queued]>
[2024-11-19T10:20:53.708+0000] {taskinstance.py:2865} INFO - Starting attempt 1 of 4
[2024-11-19T10:20:53.763+0000] {taskinstance.py:2888} INFO - Executing <Task(_PythonDecoratedOperator): save_data> on 2024-11-18 23:00:00+00:00
[2024-11-19T10:20:53.795+0000] {warnings.py:112} WARNING - /home/***/.local/lib/python3.12/site-packages/***/task/task_runner/standard_task_runner.py:70: DeprecationWarning: This process (pid=143) is multi-threaded, use of fork() may lead to deadlocks in the child.
  pid = os.fork()

[2024-11-19T10:20:53.800+0000] {standard_task_runner.py:72} INFO - Started process 175 to run task
[2024-11-19T10:20:53.800+0000] {standard_task_runner.py:104} INFO - Running: ['***', 'tasks', 'run', 'get_gbif_data_atropelada', 'save_data', 'scheduled__2024-11-18T23:00:00+00:00', '--job-id', '663', '--raw', '--subdir', 'DAGS_FOLDER/gbif_dag.py', '--cfg-path', '/tmp/tmpbjbj31dt']
[2024-11-19T10:20:53.803+0000] {standard_task_runner.py:105} INFO - Job 663: Subtask save_data
[2024-11-19T10:20:53.995+0000] {task_command.py:467} INFO - Running <TaskInstance: get_gbif_data_atropelada.save_data scheduled__2024-11-18T23:00:00+00:00 [running]> on host 1bd5b698e8d7
[2024-11-19T10:20:54.706+0000] {taskinstance.py:3131} INFO - Exporting env vars: AIRFLOW_CTX_DAG_OWNER='***' AIRFLOW_CTX_DAG_ID='get_gbif_data_atropelada' AIRFLOW_CTX_TASK_ID='save_data' AIRFLOW_CTX_EXECUTION_DATE='2024-11-18T23:00:00+00:00' AIRFLOW_CTX_TRY_NUMBER='1' AIRFLOW_CTX_DAG_RUN_ID='scheduled__2024-11-18T23:00:00+00:00'
[2024-11-19T10:20:54.711+0000] {logging_mixin.py:190} INFO - Task instance is in running state
[2024-11-19T10:20:54.712+0000] {logging_mixin.py:190} INFO -  Previous state of the Task instance: queued
[2024-11-19T10:20:54.715+0000] {logging_mixin.py:190} INFO - Current task name:save_data state:running start_date:2024-11-19 10:20:53.692660+00:00
[2024-11-19T10:20:54.716+0000] {logging_mixin.py:190} INFO - Dag name:get_gbif_data_atropelada and current dag run status:running
[2024-11-19T10:20:54.716+0000] {taskinstance.py:731} INFO - ::endgroup::
[2024-11-19T10:20:54.717+0000] {gbif_dag.py:217} INFO - No new occurrences to store.
[2024-11-19T10:20:54.717+0000] {python.py:240} INFO - Done. Returned value was: None
[2024-11-19T10:20:54.773+0000] {taskinstance.py:340} INFO - ::group::Post task execution logs
[2024-11-19T10:20:54.775+0000] {taskinstance.py:352} INFO - Marking task as SUCCESS. dag_id=get_gbif_data_atropelada, task_id=save_data, run_id=scheduled__2024-11-18T23:00:00+00:00, execution_date=20241118T230000, start_date=20241119T102053, end_date=20241119T102054
[2024-11-19T10:20:54.802+0000] {logging_mixin.py:190} INFO - Task instance in success state
[2024-11-19T10:20:54.803+0000] {logging_mixin.py:190} INFO -  Previous state of the Task instance: running
[2024-11-19T10:20:54.803+0000] {logging_mixin.py:190} INFO - Dag name:get_gbif_data_atropelada queued_at:2024-11-19 10:20:28.694422+00:00
[2024-11-19T10:20:54.803+0000] {logging_mixin.py:190} INFO - Task hostname:1bd5b698e8d7 operator:_PythonDecoratedOperator
[2024-11-19T10:20:54.830+0000] {local_task_job_runner.py:266} INFO - Task exited with return code 0
[2024-11-19T10:20:54.895+0000] {taskinstance.py:3900} INFO - 0 downstream tasks scheduled from follow-on schedule check
[2024-11-19T10:20:54.897+0000] {local_task_job_runner.py:245} INFO - ::endgroup::
