[2024-11-21T12:09:23.792+0000] {local_task_job_runner.py:123} INFO - ::group::Pre task execution logs
[2024-11-21T12:09:23.805+0000] {taskinstance.py:2612} INFO - Dependencies all met for dep_context=non-requeueable deps ti=<TaskInstance: get_inaturalist_data_atropelada.save_data scheduled__2024-11-21T11:30:00+00:00 [queued]>
[2024-11-21T12:09:23.812+0000] {taskinstance.py:2612} INFO - Dependencies all met for dep_context=requeueable deps ti=<TaskInstance: get_inaturalist_data_atropelada.save_data scheduled__2024-11-21T11:30:00+00:00 [queued]>
[2024-11-21T12:09:23.812+0000] {taskinstance.py:2865} INFO - Starting attempt 1 of 4
[2024-11-21T12:09:23.823+0000] {taskinstance.py:2888} INFO - Executing <Task(_PythonDecoratedOperator): save_data> on 2024-11-21 11:30:00+00:00
[2024-11-21T12:09:23.832+0000] {warnings.py:112} WARNING - /home/***/.local/lib/python3.12/site-packages/***/task/task_runner/standard_task_runner.py:70: DeprecationWarning: This process (pid=153) is multi-threaded, use of fork() may lead to deadlocks in the child.
  pid = os.fork()

[2024-11-21T12:09:23.833+0000] {standard_task_runner.py:72} INFO - Started process 156 to run task
[2024-11-21T12:09:23.833+0000] {standard_task_runner.py:104} INFO - Running: ['***', 'tasks', 'run', 'get_inaturalist_data_atropelada', 'save_data', 'scheduled__2024-11-21T11:30:00+00:00', '--job-id', '849', '--raw', '--subdir', 'DAGS_FOLDER/inaturalist_dag.py', '--cfg-path', '/tmp/tmpjw20ys2h']
[2024-11-21T12:09:23.834+0000] {standard_task_runner.py:105} INFO - Job 849: Subtask save_data
[2024-11-21T12:09:23.871+0000] {task_command.py:467} INFO - Running <TaskInstance: get_inaturalist_data_atropelada.save_data scheduled__2024-11-21T11:30:00+00:00 [running]> on host 4e920529e77f
[2024-11-21T12:09:23.960+0000] {taskinstance.py:3131} INFO - Exporting env vars: AIRFLOW_CTX_DAG_OWNER='***' AIRFLOW_CTX_DAG_ID='get_inaturalist_data_atropelada' AIRFLOW_CTX_TASK_ID='save_data' AIRFLOW_CTX_EXECUTION_DATE='2024-11-21T11:30:00+00:00' AIRFLOW_CTX_TRY_NUMBER='1' AIRFLOW_CTX_DAG_RUN_ID='scheduled__2024-11-21T11:30:00+00:00'
[2024-11-21T12:09:23.960+0000] {logging_mixin.py:190} INFO - Task instance is in running state
[2024-11-21T12:09:23.961+0000] {logging_mixin.py:190} INFO -  Previous state of the Task instance: queued
[2024-11-21T12:09:23.961+0000] {logging_mixin.py:190} INFO - Current task name:save_data state:running start_date:2024-11-21 12:09:23.806008+00:00
[2024-11-21T12:09:23.961+0000] {logging_mixin.py:190} INFO - Dag name:get_inaturalist_data_atropelada and current dag run status:running
[2024-11-21T12:09:23.961+0000] {taskinstance.py:731} INFO - ::endgroup::
[2024-11-21T12:09:23.962+0000] {inaturalist_dag.py:166} INFO - No new observations to store.
[2024-11-21T12:09:23.962+0000] {python.py:240} INFO - Done. Returned value was: None
[2024-11-21T12:09:23.970+0000] {taskinstance.py:340} INFO - ::group::Post task execution logs
[2024-11-21T12:09:23.970+0000] {taskinstance.py:352} INFO - Marking task as SUCCESS. dag_id=get_inaturalist_data_atropelada, task_id=save_data, run_id=scheduled__2024-11-21T11:30:00+00:00, execution_date=20241121T113000, start_date=20241121T120923, end_date=20241121T120923
[2024-11-21T12:09:23.978+0000] {logging_mixin.py:190} INFO - Task instance in success state
[2024-11-21T12:09:23.978+0000] {logging_mixin.py:190} INFO -  Previous state of the Task instance: running
[2024-11-21T12:09:23.978+0000] {logging_mixin.py:190} INFO - Dag name:get_inaturalist_data_atropelada queued_at:2024-11-21 12:08:10.567096+00:00
[2024-11-21T12:09:23.978+0000] {logging_mixin.py:190} INFO - Task hostname:4e920529e77f operator:_PythonDecoratedOperator
[2024-11-21T12:09:24.006+0000] {local_task_job_runner.py:266} INFO - Task exited with return code 0
[2024-11-21T12:09:24.020+0000] {taskinstance.py:3900} INFO - 0 downstream tasks scheduled from follow-on schedule check
[2024-11-21T12:09:24.022+0000] {local_task_job_runner.py:245} INFO - ::endgroup::
