[2024-10-31T12:00:08.176+0000] {local_task_job_runner.py:123} INFO - ::group::Pre task execution logs
[2024-10-31T12:00:08.225+0000] {taskinstance.py:2612} INFO - Dependencies all met for dep_context=non-requeueable deps ti=<TaskInstance: get_inaturalist_data_atropelamento.save_data scheduled__2024-10-31T11:30:00+00:00 [queued]>
[2024-10-31T12:00:08.280+0000] {taskinstance.py:2612} INFO - Dependencies all met for dep_context=requeueable deps ti=<TaskInstance: get_inaturalist_data_atropelamento.save_data scheduled__2024-10-31T11:30:00+00:00 [queued]>
[2024-10-31T12:00:08.282+0000] {taskinstance.py:2865} INFO - Starting attempt 1 of 4
[2024-10-31T12:00:08.339+0000] {taskinstance.py:2888} INFO - Executing <Task(_PythonDecoratedOperator): save_data> on 2024-10-31 11:30:00+00:00
[2024-10-31T12:00:08.365+0000] {warnings.py:112} WARNING - /home/***/.local/lib/python3.12/site-packages/***/task/task_runner/standard_task_runner.py:70: DeprecationWarning: This process (pid=191) is multi-threaded, use of fork() may lead to deadlocks in the child.
  pid = os.fork()

[2024-10-31T12:00:08.367+0000] {standard_task_runner.py:72} INFO - Started process 197 to run task
[2024-10-31T12:00:08.372+0000] {standard_task_runner.py:104} INFO - Running: ['***', 'tasks', 'run', 'get_inaturalist_data_atropelamento', 'save_data', 'scheduled__2024-10-31T11:30:00+00:00', '--job-id', '275', '--raw', '--subdir', 'DAGS_FOLDER/inaturalist_dag.py', '--cfg-path', '/tmp/tmpknppf7wq']
[2024-10-31T12:00:08.375+0000] {standard_task_runner.py:105} INFO - Job 275: Subtask save_data
[2024-10-31T12:00:08.452+0000] {task_command.py:467} INFO - Running <TaskInstance: get_inaturalist_data_atropelamento.save_data scheduled__2024-10-31T11:30:00+00:00 [running]> on host 587c00f37f8c
[2024-10-31T12:00:08.668+0000] {taskinstance.py:3131} INFO - Exporting env vars: AIRFLOW_CTX_DAG_OWNER='***' AIRFLOW_CTX_DAG_ID='get_inaturalist_data_atropelamento' AIRFLOW_CTX_TASK_ID='save_data' AIRFLOW_CTX_EXECUTION_DATE='2024-10-31T11:30:00+00:00' AIRFLOW_CTX_TRY_NUMBER='1' AIRFLOW_CTX_DAG_RUN_ID='scheduled__2024-10-31T11:30:00+00:00'
[2024-10-31T12:00:08.675+0000] {logging_mixin.py:190} INFO - Task instance is in running state
[2024-10-31T12:00:08.677+0000] {logging_mixin.py:190} INFO -  Previous state of the Task instance: queued
[2024-10-31T12:00:08.678+0000] {logging_mixin.py:190} INFO - Current task name:save_data state:running start_date:2024-10-31 12:00:08.225696+00:00
[2024-10-31T12:00:08.679+0000] {logging_mixin.py:190} INFO - Dag name:get_inaturalist_data_atropelamento and current dag run status:running
[2024-10-31T12:00:08.679+0000] {taskinstance.py:731} INFO - ::endgroup::
[2024-10-31T12:00:08.681+0000] {inaturalist_dag.py:165} INFO - No new observations to store.
[2024-10-31T12:00:08.682+0000] {python.py:240} INFO - Done. Returned value was: None
[2024-10-31T12:00:08.719+0000] {taskinstance.py:340} INFO - ::group::Post task execution logs
[2024-10-31T12:00:08.721+0000] {taskinstance.py:352} INFO - Marking task as SUCCESS. dag_id=get_inaturalist_data_atropelamento, task_id=save_data, run_id=scheduled__2024-10-31T11:30:00+00:00, execution_date=20241031T113000, start_date=20241031T120008, end_date=20241031T120008
[2024-10-31T12:00:08.762+0000] {logging_mixin.py:190} INFO - Task instance in success state
[2024-10-31T12:00:08.764+0000] {logging_mixin.py:190} INFO -  Previous state of the Task instance: running
[2024-10-31T12:00:08.765+0000] {logging_mixin.py:190} INFO - Dag name:get_inaturalist_data_atropelamento queued_at:2024-10-31 12:00:00.340940+00:00
[2024-10-31T12:00:08.765+0000] {logging_mixin.py:190} INFO - Task hostname:587c00f37f8c operator:_PythonDecoratedOperator
[2024-10-31T12:00:08.830+0000] {local_task_job_runner.py:266} INFO - Task exited with return code 0
[2024-10-31T12:00:08.920+0000] {taskinstance.py:3900} INFO - 0 downstream tasks scheduled from follow-on schedule check
[2024-10-31T12:00:08.929+0000] {local_task_job_runner.py:245} INFO - ::endgroup::
