[2024-12-02T10:15:19.895+0000] {local_task_job_runner.py:123} INFO - ::group::Pre task execution logs
[2024-12-02T10:15:19.916+0000] {taskinstance.py:2612} INFO - Dependencies all met for dep_context=non-requeueable deps ti=<TaskInstance: get_inaturalist_data_roadkill.save_data scheduled__2024-11-28T10:30:00+00:00 [queued]>
[2024-12-02T10:15:19.929+0000] {taskinstance.py:2612} INFO - Dependencies all met for dep_context=requeueable deps ti=<TaskInstance: get_inaturalist_data_roadkill.save_data scheduled__2024-11-28T10:30:00+00:00 [queued]>
[2024-12-02T10:15:19.930+0000] {taskinstance.py:2865} INFO - Starting attempt 1 of 4
[2024-12-02T10:15:19.944+0000] {taskinstance.py:2888} INFO - Executing <Task(_PythonDecoratedOperator): save_data> on 2024-11-28 10:30:00+00:00
[2024-12-02T10:15:19.954+0000] {warnings.py:112} WARNING - /home/***/.local/lib/python3.12/site-packages/***/task/task_runner/standard_task_runner.py:70: DeprecationWarning: This process (pid=128) is multi-threaded, use of fork() may lead to deadlocks in the child.
  pid = os.fork()

[2024-12-02T10:15:19.956+0000] {standard_task_runner.py:72} INFO - Started process 146 to run task
[2024-12-02T10:15:19.958+0000] {standard_task_runner.py:104} INFO - Running: ['***', 'tasks', 'run', 'get_inaturalist_data_roadkill', 'save_data', 'scheduled__2024-11-28T10:30:00+00:00', '--job-id', '1894', '--raw', '--subdir', 'DAGS_FOLDER/inaturalist_dag.py', '--cfg-path', '/tmp/tmp8ennayb1']
[2024-12-02T10:15:19.959+0000] {standard_task_runner.py:105} INFO - Job 1894: Subtask save_data
[2024-12-02T10:15:20.014+0000] {task_command.py:467} INFO - Running <TaskInstance: get_inaturalist_data_roadkill.save_data scheduled__2024-11-28T10:30:00+00:00 [running]> on host 64b3b6a2b10b
[2024-12-02T10:15:20.161+0000] {taskinstance.py:3131} INFO - Exporting env vars: AIRFLOW_CTX_DAG_OWNER='***' AIRFLOW_CTX_DAG_ID='get_inaturalist_data_roadkill' AIRFLOW_CTX_TASK_ID='save_data' AIRFLOW_CTX_EXECUTION_DATE='2024-11-28T10:30:00+00:00' AIRFLOW_CTX_TRY_NUMBER='1' AIRFLOW_CTX_DAG_RUN_ID='scheduled__2024-11-28T10:30:00+00:00'
[2024-12-02T10:15:20.163+0000] {logging_mixin.py:190} INFO - Task instance is in running state
[2024-12-02T10:15:20.163+0000] {logging_mixin.py:190} INFO -  Previous state of the Task instance: queued
[2024-12-02T10:15:20.164+0000] {logging_mixin.py:190} INFO - Current task name:save_data state:running start_date:2024-12-02 10:15:19.917230+00:00
[2024-12-02T10:15:20.164+0000] {logging_mixin.py:190} INFO - Dag name:get_inaturalist_data_roadkill and current dag run status:running
[2024-12-02T10:15:20.164+0000] {taskinstance.py:731} INFO - ::endgroup::
[2024-12-02T10:15:20.165+0000] {inaturalist_dag.py:197} INFO - No new observations to store.
[2024-12-02T10:15:20.165+0000] {python.py:240} INFO - Done. Returned value was: None
[2024-12-02T10:15:20.179+0000] {taskinstance.py:340} INFO - ::group::Post task execution logs
[2024-12-02T10:15:20.179+0000] {taskinstance.py:352} INFO - Marking task as SUCCESS. dag_id=get_inaturalist_data_roadkill, task_id=save_data, run_id=scheduled__2024-11-28T10:30:00+00:00, execution_date=20241128T103000, start_date=20241202T101519, end_date=20241202T101520
[2024-12-02T10:15:20.193+0000] {logging_mixin.py:190} INFO - Task instance in success state
[2024-12-02T10:15:20.194+0000] {logging_mixin.py:190} INFO -  Previous state of the Task instance: running
[2024-12-02T10:15:20.194+0000] {logging_mixin.py:190} INFO - Dag name:get_inaturalist_data_roadkill queued_at:2024-12-02 10:13:12.404334+00:00
[2024-12-02T10:15:20.194+0000] {logging_mixin.py:190} INFO - Task hostname:64b3b6a2b10b operator:_PythonDecoratedOperator
[2024-12-02T10:15:20.210+0000] {local_task_job_runner.py:266} INFO - Task exited with return code 0
[2024-12-02T10:15:20.221+0000] {local_task_job_runner.py:245} INFO - ::endgroup::
