[2024-12-03T16:24:28.882+0000] {local_task_job_runner.py:123} INFO - ::group::Pre task execution logs
[2024-12-03T16:24:28.895+0000] {taskinstance.py:2612} INFO - Dependencies all met for dep_context=non-requeueable deps ti=<TaskInstance: get_inaturalist_data_atropelada.save_data scheduled__2024-12-03T15:30:00+00:00 [queued]>
[2024-12-03T16:24:28.901+0000] {taskinstance.py:2612} INFO - Dependencies all met for dep_context=requeueable deps ti=<TaskInstance: get_inaturalist_data_atropelada.save_data scheduled__2024-12-03T15:30:00+00:00 [queued]>
[2024-12-03T16:24:28.902+0000] {taskinstance.py:2865} INFO - Starting attempt 3 of 4
[2024-12-03T16:24:28.913+0000] {taskinstance.py:2888} INFO - Executing <Task(_PythonDecoratedOperator): save_data> on 2024-12-03 15:30:00+00:00
[2024-12-03T16:24:28.924+0000] {warnings.py:112} WARNING - /home/***/.local/lib/python3.12/site-packages/***/task/task_runner/standard_task_runner.py:70: DeprecationWarning: This process (pid=345) is multi-threaded, use of fork() may lead to deadlocks in the child.
  pid = os.fork()

[2024-12-03T16:24:28.926+0000] {standard_task_runner.py:72} INFO - Started process 348 to run task
[2024-12-03T16:24:28.926+0000] {standard_task_runner.py:104} INFO - Running: ['***', 'tasks', 'run', 'get_inaturalist_data_atropelada', 'save_data', 'scheduled__2024-12-03T15:30:00+00:00', '--job-id', '2252', '--raw', '--subdir', 'DAGS_FOLDER/inaturalist_dag.py', '--cfg-path', '/tmp/tmpt1dv6180']
[2024-12-03T16:24:28.927+0000] {standard_task_runner.py:105} INFO - Job 2252: Subtask save_data
[2024-12-03T16:24:28.964+0000] {task_command.py:467} INFO - Running <TaskInstance: get_inaturalist_data_atropelada.save_data scheduled__2024-12-03T15:30:00+00:00 [running]> on host 559daffc287d
[2024-12-03T16:24:29.103+0000] {taskinstance.py:3131} INFO - Exporting env vars: AIRFLOW_CTX_DAG_OWNER='***' AIRFLOW_CTX_DAG_ID='get_inaturalist_data_atropelada' AIRFLOW_CTX_TASK_ID='save_data' AIRFLOW_CTX_EXECUTION_DATE='2024-12-03T15:30:00+00:00' AIRFLOW_CTX_TRY_NUMBER='3' AIRFLOW_CTX_DAG_RUN_ID='scheduled__2024-12-03T15:30:00+00:00'
[2024-12-03T16:24:29.104+0000] {logging_mixin.py:190} INFO - Task instance is in running state
[2024-12-03T16:24:29.104+0000] {logging_mixin.py:190} INFO -  Previous state of the Task instance: queued
[2024-12-03T16:24:29.104+0000] {logging_mixin.py:190} INFO - Current task name:save_data state:running start_date:2024-12-03 16:24:28.895831+00:00
[2024-12-03T16:24:29.104+0000] {logging_mixin.py:190} INFO - Dag name:get_inaturalist_data_atropelada and current dag run status:running
[2024-12-03T16:24:29.104+0000] {taskinstance.py:731} INFO - ::endgroup::
[2024-12-03T16:24:29.202+0000] {minio.py:40} INFO - created inaturalist_data/atropelada_data/2024/12/03/atropelada_observations_160031.csv object; etag: 99b68c21dcb74e8727d2cead6a95ad8c, version-id: None
[2024-12-03T16:24:29.202+0000] {minio.py:42} INFO - Data successfully uploaded to MinIO in bucket environbit under inaturalist_data/atropelada_data/2024/12/03/atropelada_observations_160031.csv
[2024-12-03T16:24:29.202+0000] {python.py:240} INFO - Done. Returned value was: None
[2024-12-03T16:24:29.210+0000] {taskinstance.py:340} INFO - ::group::Post task execution logs
[2024-12-03T16:24:29.211+0000] {taskinstance.py:352} INFO - Marking task as SUCCESS. dag_id=get_inaturalist_data_atropelada, task_id=save_data, run_id=scheduled__2024-12-03T15:30:00+00:00, execution_date=20241203T153000, start_date=20241203T162428, end_date=20241203T162429
[2024-12-03T16:24:29.219+0000] {logging_mixin.py:190} INFO - Task instance in success state
[2024-12-03T16:24:29.219+0000] {logging_mixin.py:190} INFO -  Previous state of the Task instance: running
[2024-12-03T16:24:29.220+0000] {logging_mixin.py:190} INFO - Dag name:get_inaturalist_data_atropelada queued_at:2024-12-03 16:00:00.679917+00:00
[2024-12-03T16:24:29.220+0000] {logging_mixin.py:190} INFO - Task hostname:559daffc287d operator:_PythonDecoratedOperator
[2024-12-03T16:24:29.260+0000] {local_task_job_runner.py:266} INFO - Task exited with return code 0
[2024-12-03T16:24:29.273+0000] {taskinstance.py:3900} INFO - 0 downstream tasks scheduled from follow-on schedule check
[2024-12-03T16:24:29.276+0000] {local_task_job_runner.py:245} INFO - ::endgroup::
