[2024-10-31T16:28:13.124+0000] {local_task_job_runner.py:123} INFO - ::group::Pre task execution logs
[2024-10-31T16:28:13.167+0000] {taskinstance.py:2612} INFO - Dependencies all met for dep_context=non-requeueable deps ti=<TaskInstance: get_gbif_data_atropelada.get_all_data scheduled__2024-10-31T15:30:00+00:00 [queued]>
[2024-10-31T16:28:13.188+0000] {taskinstance.py:2612} INFO - Dependencies all met for dep_context=requeueable deps ti=<TaskInstance: get_gbif_data_atropelada.get_all_data scheduled__2024-10-31T15:30:00+00:00 [queued]>
[2024-10-31T16:28:13.189+0000] {taskinstance.py:2865} INFO - Starting attempt 1 of 4
[2024-10-31T16:28:13.217+0000] {taskinstance.py:2888} INFO - Executing <Task(_PythonDecoratedOperator): get_all_data> on 2024-10-31 15:30:00+00:00
[2024-10-31T16:28:13.235+0000] {warnings.py:112} WARNING - /home/***/.local/lib/python3.12/site-packages/***/task/task_runner/standard_task_runner.py:70: DeprecationWarning: This process (pid=306) is multi-threaded, use of fork() may lead to deadlocks in the child.
  pid = os.fork()

[2024-10-31T16:28:13.237+0000] {standard_task_runner.py:72} INFO - Started process 308 to run task
[2024-10-31T16:28:13.238+0000] {standard_task_runner.py:104} INFO - Running: ['***', 'tasks', 'run', 'get_gbif_data_atropelada', 'get_all_data', 'scheduled__2024-10-31T15:30:00+00:00', '--job-id', '302', '--raw', '--subdir', 'DAGS_FOLDER/gbif_dag.py', '--cfg-path', '/tmp/tmp4y7asc31']
[2024-10-31T16:28:13.240+0000] {standard_task_runner.py:105} INFO - Job 302: Subtask get_all_data
[2024-10-31T16:28:13.320+0000] {task_command.py:467} INFO - Running <TaskInstance: get_gbif_data_atropelada.get_all_data scheduled__2024-10-31T15:30:00+00:00 [running]> on host d6bcfe968a2b
[2024-10-31T16:28:13.430+0000] {taskinstance.py:3131} INFO - Exporting env vars: AIRFLOW_CTX_DAG_OWNER='***' AIRFLOW_CTX_DAG_ID='get_gbif_data_atropelada' AIRFLOW_CTX_TASK_ID='get_all_data' AIRFLOW_CTX_EXECUTION_DATE='2024-10-31T15:30:00+00:00' AIRFLOW_CTX_TRY_NUMBER='1' AIRFLOW_CTX_DAG_RUN_ID='scheduled__2024-10-31T15:30:00+00:00'
[2024-10-31T16:28:13.431+0000] {logging_mixin.py:190} INFO - Task instance is in running state
[2024-10-31T16:28:13.431+0000] {logging_mixin.py:190} INFO -  Previous state of the Task instance: queued
[2024-10-31T16:28:13.431+0000] {logging_mixin.py:190} INFO - Current task name:get_all_data state:running start_date:2024-10-31 16:28:13.168320+00:00
[2024-10-31T16:28:13.432+0000] {logging_mixin.py:190} INFO - Dag name:get_gbif_data_atropelada and current dag run status:running
[2024-10-31T16:28:13.432+0000] {taskinstance.py:731} INFO - ::endgroup::
[2024-10-31T16:28:13.432+0000] {gbif_dag.py:72} INFO - Getting data from keyword: atropelada
[2024-10-31T16:28:16.014+0000] {logging_mixin.py:190} INFO - each occurrence offset
[2024-10-31T16:28:16.015+0000] {logging_mixin.py:190} INFO - each occurrence limit
[2024-10-31T16:28:16.015+0000] {logging_mixin.py:190} INFO - each occurrence endOfRecords
[2024-10-31T16:28:16.016+0000] {logging_mixin.py:190} INFO - each occurrence count
[2024-10-31T16:28:16.016+0000] {logging_mixin.py:190} INFO - each occurrence results
[2024-10-31T16:28:16.017+0000] {logging_mixin.py:190} INFO - each occurrence facets
[2024-10-31T16:28:16.035+0000] {taskinstance.py:340} INFO - ::group::Post task execution logs
[2024-10-31T16:28:16.035+0000] {taskinstance.py:352} INFO - Marking task as SUCCESS. dag_id=get_gbif_data_atropelada, task_id=get_all_data, run_id=scheduled__2024-10-31T15:30:00+00:00, execution_date=20241031T153000, start_date=20241031T162813, end_date=20241031T162816
[2024-10-31T16:28:16.051+0000] {logging_mixin.py:190} INFO - Task instance in success state
[2024-10-31T16:28:16.051+0000] {logging_mixin.py:190} INFO -  Previous state of the Task instance: running
[2024-10-31T16:28:16.052+0000] {logging_mixin.py:190} INFO - Dag name:get_gbif_data_atropelada queued_at:2024-10-31 16:28:09.230319+00:00
[2024-10-31T16:28:16.052+0000] {logging_mixin.py:190} INFO - Task hostname:d6bcfe968a2b operator:_PythonDecoratedOperator
[2024-10-31T16:28:16.102+0000] {local_task_job_runner.py:266} INFO - Task exited with return code 0
[2024-10-31T16:28:16.126+0000] {taskinstance.py:3900} INFO - 0 downstream tasks scheduled from follow-on schedule check
[2024-10-31T16:28:16.128+0000] {local_task_job_runner.py:245} INFO - ::endgroup::
[2024-11-03T22:22:04.400+0000] {local_task_job_runner.py:123} INFO - ::group::Pre task execution logs
[2024-11-03T22:22:04.432+0000] {taskinstance.py:2602} INFO - Dependencies not met for <TaskInstance: get_gbif_data_atropelada.get_all_data scheduled__2024-10-31T15:30:00+00:00 [success]>, dependency 'Task Instance State' FAILED: Task is in the 'success' state.
[2024-11-03T22:22:04.455+0000] {local_task_job_runner.py:166} INFO - Task is not able to be run
