[2024-11-19T10:20:45.723+0000] {local_task_job_runner.py:123} INFO - ::group::Pre task execution logs
[2024-11-19T10:20:45.769+0000] {taskinstance.py:2612} INFO - Dependencies all met for dep_context=non-requeueable deps ti=<TaskInstance: get_gbif_data_roadkill.get_all_data scheduled__2024-11-19T09:30:00+00:00 [queued]>
[2024-11-19T10:20:45.793+0000] {taskinstance.py:2612} INFO - Dependencies all met for dep_context=requeueable deps ti=<TaskInstance: get_gbif_data_roadkill.get_all_data scheduled__2024-11-19T09:30:00+00:00 [queued]>
[2024-11-19T10:20:45.793+0000] {taskinstance.py:2865} INFO - Starting attempt 1 of 4
[2024-11-19T10:20:45.822+0000] {taskinstance.py:2888} INFO - Executing <Task(_PythonDecoratedOperator): get_all_data> on 2024-11-19 09:30:00+00:00
[2024-11-19T10:20:45.834+0000] {warnings.py:112} WARNING - /home/***/.local/lib/python3.12/site-packages/***/task/task_runner/standard_task_runner.py:70: DeprecationWarning: This process (pid=60) is multi-threaded, use of fork() may lead to deadlocks in the child.
  pid = os.fork()

[2024-11-19T10:20:45.836+0000] {standard_task_runner.py:72} INFO - Started process 104 to run task
[2024-11-19T10:20:45.857+0000] {standard_task_runner.py:104} INFO - Running: ['***', 'tasks', 'run', 'get_gbif_data_roadkill', 'get_all_data', 'scheduled__2024-11-19T09:30:00+00:00', '--job-id', '649', '--raw', '--subdir', 'DAGS_FOLDER/gbif_dag.py', '--cfg-path', '/tmp/tmpu4medwjj']
[2024-11-19T10:20:45.858+0000] {standard_task_runner.py:105} INFO - Job 649: Subtask get_all_data
[2024-11-19T10:20:46.094+0000] {task_command.py:467} INFO - Running <TaskInstance: get_gbif_data_roadkill.get_all_data scheduled__2024-11-19T09:30:00+00:00 [running]> on host 1bd5b698e8d7
[2024-11-19T10:20:46.563+0000] {taskinstance.py:3131} INFO - Exporting env vars: AIRFLOW_CTX_DAG_OWNER='***' AIRFLOW_CTX_DAG_ID='get_gbif_data_roadkill' AIRFLOW_CTX_TASK_ID='get_all_data' AIRFLOW_CTX_EXECUTION_DATE='2024-11-19T09:30:00+00:00' AIRFLOW_CTX_TRY_NUMBER='1' AIRFLOW_CTX_DAG_RUN_ID='scheduled__2024-11-19T09:30:00+00:00'
[2024-11-19T10:20:46.565+0000] {logging_mixin.py:190} INFO - Task instance is in running state
[2024-11-19T10:20:46.566+0000] {logging_mixin.py:190} INFO -  Previous state of the Task instance: queued
[2024-11-19T10:20:46.566+0000] {logging_mixin.py:190} INFO - Current task name:get_all_data state:running start_date:2024-11-19 10:20:45.770079+00:00
[2024-11-19T10:20:46.567+0000] {logging_mixin.py:190} INFO - Dag name:get_gbif_data_roadkill and current dag run status:running
[2024-11-19T10:20:46.567+0000] {taskinstance.py:731} INFO - ::endgroup::
[2024-11-19T10:20:46.569+0000] {gbif_dag.py:182} INFO - Getting data from keyword: roadkill
[2024-11-19T10:20:46.977+0000] {gbif_dag.py:175} ERROR - Status code 400
[2024-11-19T10:20:46.978+0000] {gbif_dag.py:176} ERROR - Something went wrong {"body":"Max offset of 100001 exceeded: 125624 + 300"}
[2024-11-19T10:20:46.979+0000] {gbif_dag.py:188} INFO - No more occurrences found, stopping.
[2024-11-19T10:20:47.001+0000] {crypto.py:82} WARNING - empty cryptography key - values will not be stored encrypted.
[2024-11-19T10:20:47.015+0000] {python.py:240} INFO - Done. Returned value was: []
[2024-11-19T10:20:47.062+0000] {taskinstance.py:340} INFO - ::group::Post task execution logs
[2024-11-19T10:20:47.062+0000] {taskinstance.py:352} INFO - Marking task as SUCCESS. dag_id=get_gbif_data_roadkill, task_id=get_all_data, run_id=scheduled__2024-11-19T09:30:00+00:00, execution_date=20241119T093000, start_date=20241119T102045, end_date=20241119T102047
[2024-11-19T10:20:47.091+0000] {logging_mixin.py:190} INFO - Task instance in success state
[2024-11-19T10:20:47.091+0000] {logging_mixin.py:190} INFO -  Previous state of the Task instance: running
[2024-11-19T10:20:47.092+0000] {logging_mixin.py:190} INFO - Dag name:get_gbif_data_roadkill queued_at:2024-11-19 10:20:30.128528+00:00
[2024-11-19T10:20:47.092+0000] {logging_mixin.py:190} INFO - Task hostname:1bd5b698e8d7 operator:_PythonDecoratedOperator
[2024-11-19T10:20:47.154+0000] {local_task_job_runner.py:266} INFO - Task exited with return code 0
[2024-11-19T10:20:47.204+0000] {taskinstance.py:3900} INFO - 1 downstream tasks scheduled from follow-on schedule check
[2024-11-19T10:20:47.207+0000] {local_task_job_runner.py:245} INFO - ::endgroup::
