[2024-11-18T14:07:49.682+0000] {local_task_job_runner.py:123} INFO - ::group::Pre task execution logs
[2024-11-18T14:07:49.706+0000] {taskinstance.py:2612} INFO - Dependencies all met for dep_context=non-requeueable deps ti=<TaskInstance: get_inaturalist_data_atropelada.save_data scheduled__2024-11-18T12:00:00+00:00 [queued]>
[2024-11-18T14:07:49.719+0000] {taskinstance.py:2612} INFO - Dependencies all met for dep_context=requeueable deps ti=<TaskInstance: get_inaturalist_data_atropelada.save_data scheduled__2024-11-18T12:00:00+00:00 [queued]>
[2024-11-18T14:07:49.720+0000] {taskinstance.py:2865} INFO - Starting attempt 1 of 4
[2024-11-18T14:07:49.744+0000] {taskinstance.py:2888} INFO - Executing <Task(_PythonDecoratedOperator): save_data> on 2024-11-18 12:00:00+00:00
[2024-11-18T14:07:49.763+0000] {warnings.py:112} WARNING - /home/***/.local/lib/python3.12/site-packages/***/task/task_runner/standard_task_runner.py:70: DeprecationWarning: This process (pid=2398) is multi-threaded, use of fork() may lead to deadlocks in the child.
  pid = os.fork()

[2024-11-18T14:07:49.765+0000] {standard_task_runner.py:72} INFO - Started process 2409 to run task
[2024-11-18T14:07:49.766+0000] {standard_task_runner.py:104} INFO - Running: ['***', 'tasks', 'run', 'get_inaturalist_data_atropelada', 'save_data', 'scheduled__2024-11-18T12:00:00+00:00', '--job-id', '570', '--raw', '--subdir', 'DAGS_FOLDER/inaturalist_dag.py', '--cfg-path', '/tmp/tmpulgq10y6']
[2024-11-18T14:07:49.768+0000] {standard_task_runner.py:105} INFO - Job 570: Subtask save_data
[2024-11-18T14:07:49.824+0000] {task_command.py:467} INFO - Running <TaskInstance: get_inaturalist_data_atropelada.save_data scheduled__2024-11-18T12:00:00+00:00 [running]> on host 1657679c2206
[2024-11-18T14:07:49.970+0000] {taskinstance.py:3131} INFO - Exporting env vars: AIRFLOW_CTX_DAG_OWNER='***' AIRFLOW_CTX_DAG_ID='get_inaturalist_data_atropelada' AIRFLOW_CTX_TASK_ID='save_data' AIRFLOW_CTX_EXECUTION_DATE='2024-11-18T12:00:00+00:00' AIRFLOW_CTX_TRY_NUMBER='1' AIRFLOW_CTX_DAG_RUN_ID='scheduled__2024-11-18T12:00:00+00:00'
[2024-11-18T14:07:49.971+0000] {logging_mixin.py:190} INFO - Task instance is in running state
[2024-11-18T14:07:49.972+0000] {logging_mixin.py:190} INFO -  Previous state of the Task instance: queued
[2024-11-18T14:07:49.972+0000] {logging_mixin.py:190} INFO - Current task name:save_data state:running start_date:2024-11-18 14:07:49.707409+00:00
[2024-11-18T14:07:49.972+0000] {logging_mixin.py:190} INFO - Dag name:get_inaturalist_data_atropelada and current dag run status:running
[2024-11-18T14:07:49.972+0000] {taskinstance.py:731} INFO - ::endgroup::
[2024-11-18T14:07:49.973+0000] {inaturalist_dag.py:165} INFO - No new observations to store.
[2024-11-18T14:07:49.973+0000] {python.py:240} INFO - Done. Returned value was: None
[2024-11-18T14:07:49.988+0000] {taskinstance.py:340} INFO - ::group::Post task execution logs
[2024-11-18T14:07:49.989+0000] {taskinstance.py:352} INFO - Marking task as SUCCESS. dag_id=get_inaturalist_data_atropelada, task_id=save_data, run_id=scheduled__2024-11-18T12:00:00+00:00, execution_date=20241118T120000, start_date=20241118T140749, end_date=20241118T140749
[2024-11-18T14:07:50.005+0000] {logging_mixin.py:190} INFO - Task instance in success state
[2024-11-18T14:07:50.006+0000] {logging_mixin.py:190} INFO -  Previous state of the Task instance: running
[2024-11-18T14:07:50.006+0000] {logging_mixin.py:190} INFO - Dag name:get_inaturalist_data_atropelada queued_at:2024-11-18 13:55:56.643690+00:00
[2024-11-18T14:07:50.007+0000] {logging_mixin.py:190} INFO - Task hostname:1657679c2206 operator:_PythonDecoratedOperator
[2024-11-18T14:07:50.020+0000] {local_task_job_runner.py:266} INFO - Task exited with return code 0
[2024-11-18T14:07:50.040+0000] {taskinstance.py:3900} INFO - 0 downstream tasks scheduled from follow-on schedule check
[2024-11-18T14:07:50.042+0000] {local_task_job_runner.py:245} INFO - ::endgroup::
