[2024-12-04T16:07:42.673+0000] {local_task_job_runner.py:123} INFO - ::group::Pre task execution logs
[2024-12-04T16:07:42.689+0000] {taskinstance.py:2612} INFO - Dependencies all met for dep_context=non-requeueable deps ti=<TaskInstance: get_inaturalist_data_roadkill.process_data manual__2024-12-04T16:05:22.439917+00:00 [queued]>
[2024-12-04T16:07:42.702+0000] {taskinstance.py:2612} INFO - Dependencies all met for dep_context=requeueable deps ti=<TaskInstance: get_inaturalist_data_roadkill.process_data manual__2024-12-04T16:05:22.439917+00:00 [queued]>
[2024-12-04T16:07:42.702+0000] {taskinstance.py:2865} INFO - Starting attempt 1 of 4
[2024-12-04T16:07:42.721+0000] {taskinstance.py:2888} INFO - Executing <Task(_PythonDecoratedOperator): process_data> on 2024-12-04 16:05:22.439917+00:00
[2024-12-04T16:07:42.735+0000] {warnings.py:112} WARNING - /home/***/.local/lib/python3.12/site-packages/***/task/task_runner/standard_task_runner.py:70: DeprecationWarning: This process (pid=4436) is multi-threaded, use of fork() may lead to deadlocks in the child.
  pid = os.fork()

[2024-12-04T16:07:42.737+0000] {standard_task_runner.py:72} INFO - Started process 4439 to run task
[2024-12-04T16:07:42.737+0000] {standard_task_runner.py:104} INFO - Running: ['***', 'tasks', 'run', 'get_inaturalist_data_roadkill', 'process_data', 'manual__2024-12-04T16:05:22.439917+00:00', '--job-id', '2423', '--raw', '--subdir', 'DAGS_FOLDER/inaturalist_dag.py', '--cfg-path', '/tmp/tmpnqk12smw']
[2024-12-04T16:07:42.738+0000] {standard_task_runner.py:105} INFO - Job 2423: Subtask process_data
[2024-12-04T16:07:42.793+0000] {task_command.py:467} INFO - Running <TaskInstance: get_inaturalist_data_roadkill.process_data manual__2024-12-04T16:05:22.439917+00:00 [running]> on host 7102278bc4c1
[2024-12-04T16:07:43.470+0000] {taskinstance.py:3131} INFO - Exporting env vars: AIRFLOW_CTX_DAG_OWNER='***' AIRFLOW_CTX_DAG_ID='get_inaturalist_data_roadkill' AIRFLOW_CTX_TASK_ID='process_data' AIRFLOW_CTX_EXECUTION_DATE='2024-12-04T16:05:22.439917+00:00' AIRFLOW_CTX_TRY_NUMBER='1' AIRFLOW_CTX_DAG_RUN_ID='manual__2024-12-04T16:05:22.439917+00:00'
[2024-12-04T16:07:43.471+0000] {logging_mixin.py:190} INFO - Task instance is in running state
[2024-12-04T16:07:43.472+0000] {logging_mixin.py:190} INFO -  Previous state of the Task instance: queued
[2024-12-04T16:07:43.472+0000] {logging_mixin.py:190} INFO - Current task name:process_data state:running start_date:2024-12-04 16:07:42.690213+00:00
[2024-12-04T16:07:43.472+0000] {logging_mixin.py:190} INFO - Dag name:get_inaturalist_data_roadkill and current dag run status:running
[2024-12-04T16:07:43.473+0000] {taskinstance.py:731} INFO - ::endgroup::
[2024-12-04T16:07:43.474+0000] {python.py:240} INFO - Done. Returned value was: {'path': 'inaturalist_data/roadkill_data/2024/12/04/roadkill_observations_160743.csv', 'format': 'text/csv'}
[2024-12-04T16:07:43.520+0000] {taskinstance.py:340} INFO - ::group::Post task execution logs
[2024-12-04T16:07:43.520+0000] {taskinstance.py:352} INFO - Marking task as SUCCESS. dag_id=get_inaturalist_data_roadkill, task_id=process_data, run_id=manual__2024-12-04T16:05:22.439917+00:00, execution_date=20241204T160522, start_date=20241204T160742, end_date=20241204T160743
[2024-12-04T16:07:43.532+0000] {logging_mixin.py:190} INFO - Task instance in success state
[2024-12-04T16:07:43.533+0000] {logging_mixin.py:190} INFO -  Previous state of the Task instance: running
[2024-12-04T16:07:43.533+0000] {logging_mixin.py:190} INFO - Dag name:get_inaturalist_data_roadkill queued_at:2024-12-04 16:05:22.455178+00:00
[2024-12-04T16:07:43.533+0000] {logging_mixin.py:190} INFO - Task hostname:7102278bc4c1 operator:_PythonDecoratedOperator
[2024-12-04T16:07:43.553+0000] {local_task_job_runner.py:266} INFO - Task exited with return code 0
[2024-12-04T16:07:43.589+0000] {taskinstance.py:3900} INFO - 1 downstream tasks scheduled from follow-on schedule check
[2024-12-04T16:07:43.591+0000] {local_task_job_runner.py:245} INFO - ::endgroup::
