[2024-12-02T10:13:33.078+0000] {local_task_job_runner.py:123} INFO - ::group::Pre task execution logs
[2024-12-02T10:13:33.196+0000] {taskinstance.py:2612} INFO - Dependencies all met for dep_context=non-requeueable deps ti=<TaskInstance: prf_dag.extract_hrefs scheduled__2024-11-01T00:00:00+00:00 [queued]>
[2024-12-02T10:13:33.270+0000] {taskinstance.py:2612} INFO - Dependencies all met for dep_context=requeueable deps ti=<TaskInstance: prf_dag.extract_hrefs scheduled__2024-11-01T00:00:00+00:00 [queued]>
[2024-12-02T10:13:33.270+0000] {taskinstance.py:2865} INFO - Starting attempt 1 of 1
[2024-12-02T10:13:33.357+0000] {taskinstance.py:2888} INFO - Executing <Task(_PythonDecoratedOperator): extract_hrefs> on 2024-11-01 00:00:00+00:00
[2024-12-02T10:13:33.373+0000] {warnings.py:112} WARNING - /home/***/.local/lib/python3.12/site-packages/***/task/task_runner/standard_task_runner.py:70: DeprecationWarning: This process (pid=64) is multi-threaded, use of fork() may lead to deadlocks in the child.
  pid = os.fork()

[2024-12-02T10:13:33.376+0000] {standard_task_runner.py:72} INFO - Started process 123 to run task
[2024-12-02T10:13:33.385+0000] {standard_task_runner.py:104} INFO - Running: ['***', 'tasks', 'run', 'prf_dag', 'extract_hrefs', 'scheduled__2024-11-01T00:00:00+00:00', '--job-id', '1871', '--raw', '--subdir', 'DAGS_FOLDER/prf_dag.py', '--cfg-path', '/tmp/tmpk0m0n5_c']
[2024-12-02T10:13:33.391+0000] {standard_task_runner.py:105} INFO - Job 1871: Subtask extract_hrefs
[2024-12-02T10:13:33.653+0000] {task_command.py:467} INFO - Running <TaskInstance: prf_dag.extract_hrefs scheduled__2024-11-01T00:00:00+00:00 [running]> on host 64b3b6a2b10b
[2024-12-02T10:13:34.261+0000] {taskinstance.py:3131} INFO - Exporting env vars: AIRFLOW_CTX_DAG_OWNER='***' AIRFLOW_CTX_DAG_ID='prf_dag' AIRFLOW_CTX_TASK_ID='extract_hrefs' AIRFLOW_CTX_EXECUTION_DATE='2024-11-01T00:00:00+00:00' AIRFLOW_CTX_TRY_NUMBER='1' AIRFLOW_CTX_DAG_RUN_ID='scheduled__2024-11-01T00:00:00+00:00'
[2024-12-02T10:13:34.272+0000] {logging_mixin.py:190} INFO - Task instance is in running state
[2024-12-02T10:13:34.273+0000] {logging_mixin.py:190} INFO -  Previous state of the Task instance: queued
[2024-12-02T10:13:34.274+0000] {logging_mixin.py:190} INFO - Current task name:extract_hrefs state:running start_date:2024-12-02 10:13:33.196554+00:00
[2024-12-02T10:13:34.274+0000] {logging_mixin.py:190} INFO - Dag name:prf_dag and current dag run status:running
[2024-12-02T10:13:34.275+0000] {taskinstance.py:731} INFO - ::endgroup::
[2024-12-02T10:13:36.515+0000] {prf_dag.py:71} INFO - Documento CSV de Acidentes 2024 (Agrupados por ocorrência)
[2024-12-02T10:13:36.516+0000] {prf_dag.py:72} INFO - https://drive.google.com/file/d/14lB0vqMFkaZj8HZ44b0njYgxs9nAN8KO/view?usp=sharing/download
[2024-12-02T10:13:36.516+0000] {prf_dag.py:71} INFO - Documento CSV de Acidentes 2024 (Agrupados por pessoa)
[2024-12-02T10:13:36.516+0000] {prf_dag.py:72} INFO - https://drive.google.com/file/d/14lVfqdoE2gxDliaKZu7K9Mx6847maPtl/view?usp=sharing/download
[2024-12-02T10:13:36.517+0000] {prf_dag.py:71} INFO - Documento CSV de Acidentes 2024 (Agrupados por pessoa - Todas as causas e tipos de acidentes)
[2024-12-02T10:13:36.517+0000] {prf_dag.py:72} INFO - https://drive.google.com/file/d/14qBOhrE1gioVtuXgxkCJ9kCA8YtUGXKA/view?usp=sharing/download
[2024-12-02T10:13:36.528+0000] {python.py:240} INFO - Done. Returned value was: [('Documento CSV de Acidentes 2024 (Agrupados por ocorrência)', 'https://drive.google.com/file/d/14lB0vqMFkaZj8HZ44b0njYgxs9nAN8KO/view?usp=sharing/download'), ('Documento CSV de Acidentes 2024 (Agrupados por pessoa)', 'https://drive.google.com/file/d/14lVfqdoE2gxDliaKZu7K9Mx6847maPtl/view?usp=sharing/download'), ('Documento CSV de Acidentes 2024 (Agrupados por pessoa - Todas as causas e tipos de acidentes)', 'https://drive.google.com/file/d/14qBOhrE1gioVtuXgxkCJ9kCA8YtUGXKA/view?usp=sharing/download')]
[2024-12-02T10:13:36.567+0000] {taskinstance.py:340} INFO - ::group::Post task execution logs
[2024-12-02T10:13:36.568+0000] {taskinstance.py:352} INFO - Marking task as SUCCESS. dag_id=prf_dag, task_id=extract_hrefs, run_id=scheduled__2024-11-01T00:00:00+00:00, execution_date=20241101T000000, start_date=20241202T101333, end_date=20241202T101336
[2024-12-02T10:13:36.594+0000] {logging_mixin.py:190} INFO - Task instance in success state
[2024-12-02T10:13:36.595+0000] {logging_mixin.py:190} INFO -  Previous state of the Task instance: running
[2024-12-02T10:13:36.595+0000] {logging_mixin.py:190} INFO - Dag name:prf_dag queued_at:2024-12-02 10:13:12.452332+00:00
[2024-12-02T10:13:36.596+0000] {logging_mixin.py:190} INFO - Task hostname:64b3b6a2b10b operator:_PythonDecoratedOperator
[2024-12-02T10:13:36.655+0000] {local_task_job_runner.py:266} INFO - Task exited with return code 0
[2024-12-02T10:13:36.721+0000] {taskinstance.py:3900} INFO - 1 downstream tasks scheduled from follow-on schedule check
[2024-12-02T10:13:36.725+0000] {local_task_job_runner.py:245} INFO - ::endgroup::
[2024-12-10T17:47:36.816+0000] {local_task_job_runner.py:123} INFO - ::group::Pre task execution logs
[2024-12-10T17:47:36.852+0000] {taskinstance.py:2612} INFO - Dependencies all met for dep_context=non-requeueable deps ti=<TaskInstance: prf_dag.extract_hrefs scheduled__2024-11-01T00:00:00+00:00 [queued]>
[2024-12-10T17:47:36.870+0000] {taskinstance.py:2612} INFO - Dependencies all met for dep_context=requeueable deps ti=<TaskInstance: prf_dag.extract_hrefs scheduled__2024-11-01T00:00:00+00:00 [queued]>
[2024-12-10T17:47:36.871+0000] {taskinstance.py:2865} INFO - Starting attempt 1 of 1
[2024-12-10T17:47:36.902+0000] {taskinstance.py:2888} INFO - Executing <Task(_PythonDecoratedOperator): extract_hrefs> on 2024-11-01 00:00:00+00:00
[2024-12-10T17:47:36.917+0000] {warnings.py:112} WARNING - /home/***/.local/lib/python3.12/site-packages/***/task/task_runner/standard_task_runner.py:70: DeprecationWarning: This process (pid=80) is multi-threaded, use of fork() may lead to deadlocks in the child.
  pid = os.fork()

[2024-12-10T17:47:36.919+0000] {standard_task_runner.py:72} INFO - Started process 81 to run task
[2024-12-10T17:47:36.921+0000] {standard_task_runner.py:104} INFO - Running: ['***', 'tasks', 'run', 'prf_dag', 'extract_hrefs', 'scheduled__2024-11-01T00:00:00+00:00', '--job-id', '27', '--raw', '--subdir', 'DAGS_FOLDER/prf_dag.py', '--cfg-path', '/tmp/tmpnt9oa99x']
[2024-12-10T17:47:36.923+0000] {standard_task_runner.py:105} INFO - Job 27: Subtask extract_hrefs
[2024-12-10T17:47:37.015+0000] {task_command.py:467} INFO - Running <TaskInstance: prf_dag.extract_hrefs scheduled__2024-11-01T00:00:00+00:00 [running]> on host 4319270bb02f
[2024-12-10T17:47:37.182+0000] {taskinstance.py:3131} INFO - Exporting env vars: AIRFLOW_CTX_DAG_OWNER='***' AIRFLOW_CTX_DAG_ID='prf_dag' AIRFLOW_CTX_TASK_ID='extract_hrefs' AIRFLOW_CTX_EXECUTION_DATE='2024-11-01T00:00:00+00:00' AIRFLOW_CTX_TRY_NUMBER='1' AIRFLOW_CTX_DAG_RUN_ID='scheduled__2024-11-01T00:00:00+00:00'
[2024-12-10T17:47:37.185+0000] {taskinstance.py:731} INFO - ::endgroup::
[2024-12-10T17:47:39.649+0000] {prf_dag.py:71} INFO - Documento CSV de Acidentes 2024 (Agrupados por ocorrência)
[2024-12-10T17:47:39.649+0000] {prf_dag.py:72} INFO - https://drive.google.com/file/d/14lB0vqMFkaZj8HZ44b0njYgxs9nAN8KO/view?usp=sharing/download
[2024-12-10T17:47:39.650+0000] {prf_dag.py:71} INFO - Documento CSV de Acidentes 2024 (Agrupados por pessoa)
[2024-12-10T17:47:39.650+0000] {prf_dag.py:72} INFO - https://drive.google.com/file/d/14lVfqdoE2gxDliaKZu7K9Mx6847maPtl/view?usp=sharing/download
[2024-12-10T17:47:39.650+0000] {prf_dag.py:71} INFO - Documento CSV de Acidentes 2024 (Agrupados por pessoa - Todas as causas e tipos de acidentes)
[2024-12-10T17:47:39.650+0000] {prf_dag.py:72} INFO - https://drive.google.com/file/d/14qBOhrE1gioVtuXgxkCJ9kCA8YtUGXKA/view?usp=sharing/download
[2024-12-10T17:47:39.651+0000] {python.py:240} INFO - Done. Returned value was: [('Documento CSV de Acidentes 2024 (Agrupados por ocorrência)', 'https://drive.google.com/file/d/14lB0vqMFkaZj8HZ44b0njYgxs9nAN8KO/view?usp=sharing/download'), ('Documento CSV de Acidentes 2024 (Agrupados por pessoa)', 'https://drive.google.com/file/d/14lVfqdoE2gxDliaKZu7K9Mx6847maPtl/view?usp=sharing/download'), ('Documento CSV de Acidentes 2024 (Agrupados por pessoa - Todas as causas e tipos de acidentes)', 'https://drive.google.com/file/d/14qBOhrE1gioVtuXgxkCJ9kCA8YtUGXKA/view?usp=sharing/download')]
[2024-12-10T17:47:39.689+0000] {taskinstance.py:340} INFO - ::group::Post task execution logs
[2024-12-10T17:47:39.690+0000] {taskinstance.py:352} INFO - Marking task as SUCCESS. dag_id=prf_dag, task_id=extract_hrefs, run_id=scheduled__2024-11-01T00:00:00+00:00, execution_date=20241101T000000, start_date=20241210T174736, end_date=20241210T174739
[2024-12-10T17:47:39.748+0000] {local_task_job_runner.py:266} INFO - Task exited with return code 0
[2024-12-10T17:47:39.793+0000] {taskinstance.py:3900} INFO - 1 downstream tasks scheduled from follow-on schedule check
[2024-12-10T17:47:39.797+0000] {local_task_job_runner.py:245} INFO - ::endgroup::
