[2024-12-06T13:30:07.959+0000] {local_task_job_runner.py:123} INFO - ::group::Pre task execution logs
[2024-12-06T13:30:07.977+0000] {taskinstance.py:2612} INFO - Dependencies all met for dep_context=non-requeueable deps ti=<TaskInstance: get_inaturalist_data_roadkill.save_data scheduled__2024-12-06T13:00:00+00:00 [queued]>
[2024-12-06T13:30:07.986+0000] {taskinstance.py:2612} INFO - Dependencies all met for dep_context=requeueable deps ti=<TaskInstance: get_inaturalist_data_roadkill.save_data scheduled__2024-12-06T13:00:00+00:00 [queued]>
[2024-12-06T13:30:07.987+0000] {taskinstance.py:2865} INFO - Starting attempt 1 of 4
[2024-12-06T13:30:08.001+0000] {taskinstance.py:2888} INFO - Executing <Task(_PythonDecoratedOperator): save_data> on 2024-12-06 13:00:00+00:00
[2024-12-06T13:30:08.012+0000] {warnings.py:112} WARNING - /home/***/.local/lib/python3.12/site-packages/***/task/task_runner/standard_task_runner.py:70: DeprecationWarning: This process (pid=1189) is multi-threaded, use of fork() may lead to deadlocks in the child.
  pid = os.fork()

[2024-12-06T13:30:08.013+0000] {standard_task_runner.py:72} INFO - Started process 1191 to run task
[2024-12-06T13:30:08.013+0000] {standard_task_runner.py:104} INFO - Running: ['***', 'tasks', 'run', 'get_inaturalist_data_roadkill', 'save_data', 'scheduled__2024-12-06T13:00:00+00:00', '--job-id', '2578', '--raw', '--subdir', 'DAGS_FOLDER/inaturalist_dag.py', '--cfg-path', '/tmp/tmp62rhxfm1']
[2024-12-06T13:30:08.015+0000] {standard_task_runner.py:105} INFO - Job 2578: Subtask save_data
[2024-12-06T13:30:08.054+0000] {task_command.py:467} INFO - Running <TaskInstance: get_inaturalist_data_roadkill.save_data scheduled__2024-12-06T13:00:00+00:00 [running]> on host 4d2800f2c921
[2024-12-06T13:30:08.159+0000] {taskinstance.py:3131} INFO - Exporting env vars: AIRFLOW_CTX_DAG_OWNER='***' AIRFLOW_CTX_DAG_ID='get_inaturalist_data_roadkill' AIRFLOW_CTX_TASK_ID='save_data' AIRFLOW_CTX_EXECUTION_DATE='2024-12-06T13:00:00+00:00' AIRFLOW_CTX_TRY_NUMBER='1' AIRFLOW_CTX_DAG_RUN_ID='scheduled__2024-12-06T13:00:00+00:00'
[2024-12-06T13:30:08.161+0000] {taskinstance.py:731} INFO - ::endgroup::
[2024-12-06T13:30:08.274+0000] {minio.py:40} INFO - created inaturalist_data/roadkill_data/2024/12/06/roadkill_observations_133006.csv object; etag: d84617a7b0b363ffb77ad2213eeff35c, version-id: None
[2024-12-06T13:30:08.274+0000] {minio.py:42} INFO - Data successfully uploaded to MinIO in bucket environbit under inaturalist_data/roadkill_data/2024/12/06/roadkill_observations_133006.csv
[2024-12-06T13:30:08.274+0000] {python.py:240} INFO - Done. Returned value was: None
[2024-12-06T13:30:08.282+0000] {taskinstance.py:340} INFO - ::group::Post task execution logs
[2024-12-06T13:30:08.282+0000] {taskinstance.py:352} INFO - Marking task as SUCCESS. dag_id=get_inaturalist_data_roadkill, task_id=save_data, run_id=scheduled__2024-12-06T13:00:00+00:00, execution_date=20241206T130000, start_date=20241206T133007, end_date=20241206T133008
[2024-12-06T13:30:08.307+0000] {local_task_job_runner.py:266} INFO - Task exited with return code 0
[2024-12-06T13:30:08.325+0000] {taskinstance.py:3900} INFO - 1 downstream tasks scheduled from follow-on schedule check
[2024-12-06T13:30:08.327+0000] {local_task_job_runner.py:245} INFO - ::endgroup::
