[2024-11-21T12:06:36.997+0000] {local_task_job_runner.py:123} INFO - ::group::Pre task execution logs
[2024-11-21T12:06:37.029+0000] {taskinstance.py:2612} INFO - Dependencies all met for dep_context=non-requeueable deps ti=<TaskInstance: get_gbif_data_atropelada.get_all_data scheduled__2024-11-21T11:30:00+00:00 [queued]>
[2024-11-21T12:06:37.045+0000] {taskinstance.py:2612} INFO - Dependencies all met for dep_context=requeueable deps ti=<TaskInstance: get_gbif_data_atropelada.get_all_data scheduled__2024-11-21T11:30:00+00:00 [queued]>
[2024-11-21T12:06:37.046+0000] {taskinstance.py:2865} INFO - Starting attempt 1 of 4
[2024-11-21T12:06:37.084+0000] {taskinstance.py:2888} INFO - Executing <Task(_PythonDecoratedOperator): get_all_data> on 2024-11-21 11:30:00+00:00
[2024-11-21T12:06:37.101+0000] {warnings.py:112} WARNING - /home/***/.local/lib/python3.12/site-packages/***/task/task_runner/standard_task_runner.py:70: DeprecationWarning: This process (pid=48) is multi-threaded, use of fork() may lead to deadlocks in the child.
  pid = os.fork()

[2024-11-21T12:06:37.103+0000] {standard_task_runner.py:72} INFO - Started process 63 to run task
[2024-11-21T12:06:37.105+0000] {standard_task_runner.py:104} INFO - Running: ['***', 'tasks', 'run', 'get_gbif_data_atropelada', 'get_all_data', 'scheduled__2024-11-21T11:30:00+00:00', '--job-id', '836', '--raw', '--subdir', 'DAGS_FOLDER/gbif_dag.py', '--cfg-path', '/tmp/tmpajo8ec67']
[2024-11-21T12:06:37.106+0000] {standard_task_runner.py:105} INFO - Job 836: Subtask get_all_data
[2024-11-21T12:06:37.194+0000] {task_command.py:467} INFO - Running <TaskInstance: get_gbif_data_atropelada.get_all_data scheduled__2024-11-21T11:30:00+00:00 [running]> on host 4e920529e77f
[2024-11-21T12:06:37.318+0000] {taskinstance.py:3131} INFO - Exporting env vars: AIRFLOW_CTX_DAG_OWNER='***' AIRFLOW_CTX_DAG_ID='get_gbif_data_atropelada' AIRFLOW_CTX_TASK_ID='get_all_data' AIRFLOW_CTX_EXECUTION_DATE='2024-11-21T11:30:00+00:00' AIRFLOW_CTX_TRY_NUMBER='1' AIRFLOW_CTX_DAG_RUN_ID='scheduled__2024-11-21T11:30:00+00:00'
[2024-11-21T12:06:37.320+0000] {logging_mixin.py:190} INFO - Task instance is in running state
[2024-11-21T12:06:37.320+0000] {logging_mixin.py:190} INFO -  Previous state of the Task instance: queued
[2024-11-21T12:06:37.321+0000] {logging_mixin.py:190} INFO - Current task name:get_all_data state:running start_date:2024-11-21 12:06:37.030276+00:00
[2024-11-21T12:06:37.321+0000] {logging_mixin.py:190} INFO - Dag name:get_gbif_data_atropelada and current dag run status:running
[2024-11-21T12:06:37.321+0000] {taskinstance.py:731} INFO - ::endgroup::
[2024-11-21T12:06:37.322+0000] {gbif_dag.py:224} INFO - Getting data from keyword: atropelada
[2024-11-21T12:06:38.205+0000] {gbif_dag.py:230} INFO - No more occurrences found, stopping.
[2024-11-21T12:06:38.214+0000] {crypto.py:82} WARNING - empty cryptography key - values will not be stored encrypted.
[2024-11-21T12:06:38.219+0000] {python.py:240} INFO - Done. Returned value was: []
[2024-11-21T12:06:38.254+0000] {taskinstance.py:340} INFO - ::group::Post task execution logs
[2024-11-21T12:06:38.254+0000] {taskinstance.py:352} INFO - Marking task as SUCCESS. dag_id=get_gbif_data_atropelada, task_id=get_all_data, run_id=scheduled__2024-11-21T11:30:00+00:00, execution_date=20241121T113000, start_date=20241121T120637, end_date=20241121T120638
[2024-11-21T12:06:38.267+0000] {logging_mixin.py:190} INFO - Task instance in success state
[2024-11-21T12:06:38.268+0000] {logging_mixin.py:190} INFO -  Previous state of the Task instance: running
[2024-11-21T12:06:38.268+0000] {logging_mixin.py:190} INFO - Dag name:get_gbif_data_atropelada queued_at:2024-11-21 12:06:30.770683+00:00
[2024-11-21T12:06:38.268+0000] {logging_mixin.py:190} INFO - Task hostname:4e920529e77f operator:_PythonDecoratedOperator
[2024-11-21T12:06:38.285+0000] {local_task_job_runner.py:266} INFO - Task exited with return code 0
[2024-11-21T12:06:38.320+0000] {taskinstance.py:3900} INFO - 1 downstream tasks scheduled from follow-on schedule check
[2024-11-21T12:06:38.322+0000] {local_task_job_runner.py:245} INFO - ::endgroup::
