[2024-11-28T10:00:05.457+0000] {local_task_job_runner.py:123} INFO - ::group::Pre task execution logs
[2024-11-28T10:00:05.497+0000] {taskinstance.py:2612} INFO - Dependencies all met for dep_context=non-requeueable deps ti=<TaskInstance: get_inaturalist_data_atropelamento.process_data scheduled__2024-11-28T09:30:00+00:00 [queued]>
[2024-11-28T10:00:05.513+0000] {taskinstance.py:2612} INFO - Dependencies all met for dep_context=requeueable deps ti=<TaskInstance: get_inaturalist_data_atropelamento.process_data scheduled__2024-11-28T09:30:00+00:00 [queued]>
[2024-11-28T10:00:05.513+0000] {taskinstance.py:2865} INFO - Starting attempt 1 of 4
[2024-11-28T10:00:05.579+0000] {taskinstance.py:2888} INFO - Executing <Task(_PythonDecoratedOperator): process_data> on 2024-11-28 09:30:00+00:00
[2024-11-28T10:00:05.597+0000] {warnings.py:112} WARNING - /home/***/.local/lib/python3.12/site-packages/***/task/task_runner/standard_task_runner.py:70: DeprecationWarning: This process (pid=615) is multi-threaded, use of fork() may lead to deadlocks in the child.
  pid = os.fork()

[2024-11-28T10:00:05.598+0000] {standard_task_runner.py:72} INFO - Started process 647 to run task
[2024-11-28T10:00:05.606+0000] {standard_task_runner.py:104} INFO - Running: ['***', 'tasks', 'run', 'get_inaturalist_data_atropelamento', 'process_data', 'scheduled__2024-11-28T09:30:00+00:00', '--job-id', '1791', '--raw', '--subdir', 'DAGS_FOLDER/inaturalist_dag.py', '--cfg-path', '/tmp/tmpkild0u3v']
[2024-11-28T10:00:05.610+0000] {standard_task_runner.py:105} INFO - Job 1791: Subtask process_data
[2024-11-28T10:00:05.829+0000] {task_command.py:467} INFO - Running <TaskInstance: get_inaturalist_data_atropelamento.process_data scheduled__2024-11-28T09:30:00+00:00 [running]> on host 3de0f1e46a39
[2024-11-28T10:00:06.051+0000] {taskinstance.py:3131} INFO - Exporting env vars: AIRFLOW_CTX_DAG_OWNER='***' AIRFLOW_CTX_DAG_ID='get_inaturalist_data_atropelamento' AIRFLOW_CTX_TASK_ID='process_data' AIRFLOW_CTX_EXECUTION_DATE='2024-11-28T09:30:00+00:00' AIRFLOW_CTX_TRY_NUMBER='1' AIRFLOW_CTX_DAG_RUN_ID='scheduled__2024-11-28T09:30:00+00:00'
[2024-11-28T10:00:06.058+0000] {logging_mixin.py:190} INFO - Task instance is in running state
[2024-11-28T10:00:06.060+0000] {logging_mixin.py:190} INFO -  Previous state of the Task instance: queued
[2024-11-28T10:00:06.060+0000] {logging_mixin.py:190} INFO - Current task name:process_data state:running start_date:2024-11-28 10:00:05.498204+00:00
[2024-11-28T10:00:06.060+0000] {logging_mixin.py:190} INFO - Dag name:get_inaturalist_data_atropelamento and current dag run status:running
[2024-11-28T10:00:06.061+0000] {taskinstance.py:731} INFO - ::endgroup::
[2024-11-28T10:00:06.062+0000] {python.py:240} INFO - Done. Returned value was: {'path': 'inaturalist_data/atropelamento_data/2024/11/28/atropelamento_observations_100006.csv', 'format': 'text/csv'}
[2024-11-28T10:00:06.159+0000] {taskinstance.py:340} INFO - ::group::Post task execution logs
[2024-11-28T10:00:06.160+0000] {taskinstance.py:352} INFO - Marking task as SUCCESS. dag_id=get_inaturalist_data_atropelamento, task_id=process_data, run_id=scheduled__2024-11-28T09:30:00+00:00, execution_date=20241128T093000, start_date=20241128T100005, end_date=20241128T100006
[2024-11-28T10:00:06.192+0000] {logging_mixin.py:190} INFO - Task instance in success state
[2024-11-28T10:00:06.195+0000] {logging_mixin.py:190} INFO -  Previous state of the Task instance: running
[2024-11-28T10:00:06.195+0000] {logging_mixin.py:190} INFO - Dag name:get_inaturalist_data_atropelamento queued_at:2024-11-28 10:00:00.447846+00:00
[2024-11-28T10:00:06.196+0000] {logging_mixin.py:190} INFO - Task hostname:3de0f1e46a39 operator:_PythonDecoratedOperator
[2024-11-28T10:00:06.249+0000] {local_task_job_runner.py:266} INFO - Task exited with return code 0
[2024-11-28T10:00:06.334+0000] {taskinstance.py:3900} INFO - 1 downstream tasks scheduled from follow-on schedule check
[2024-11-28T10:00:06.338+0000] {local_task_job_runner.py:245} INFO - ::endgroup::
