[2024-12-03T16:10:29.782+0000] {local_task_job_runner.py:123} INFO - ::group::Pre task execution logs
[2024-12-03T16:10:29.797+0000] {taskinstance.py:2612} INFO - Dependencies all met for dep_context=non-requeueable deps ti=<TaskInstance: get_inaturalist_data_roadkill.get_all_data manual__2024-12-03T16:10:27.739757+00:00 [queued]>
[2024-12-03T16:10:29.807+0000] {taskinstance.py:2612} INFO - Dependencies all met for dep_context=requeueable deps ti=<TaskInstance: get_inaturalist_data_roadkill.get_all_data manual__2024-12-03T16:10:27.739757+00:00 [queued]>
[2024-12-03T16:10:29.807+0000] {taskinstance.py:2865} INFO - Starting attempt 1 of 4
[2024-12-03T16:10:29.820+0000] {taskinstance.py:2888} INFO - Executing <Task(_PythonDecoratedOperator): get_all_data> on 2024-12-03 16:10:27.739757+00:00
[2024-12-03T16:10:29.828+0000] {warnings.py:112} WARNING - /home/***/.local/lib/python3.12/site-packages/***/task/task_runner/standard_task_runner.py:70: DeprecationWarning: This process (pid=102) is multi-threaded, use of fork() may lead to deadlocks in the child.
  pid = os.fork()

[2024-12-03T16:10:29.829+0000] {standard_task_runner.py:72} INFO - Started process 105 to run task
[2024-12-03T16:10:29.830+0000] {standard_task_runner.py:104} INFO - Running: ['***', 'tasks', 'run', 'get_inaturalist_data_roadkill', 'get_all_data', 'manual__2024-12-03T16:10:27.739757+00:00', '--job-id', '2237', '--raw', '--subdir', 'DAGS_FOLDER/inaturalist_dag.py', '--cfg-path', '/tmp/tmpfcl4h921']
[2024-12-03T16:10:29.832+0000] {standard_task_runner.py:105} INFO - Job 2237: Subtask get_all_data
[2024-12-03T16:10:29.876+0000] {task_command.py:467} INFO - Running <TaskInstance: get_inaturalist_data_roadkill.get_all_data manual__2024-12-03T16:10:27.739757+00:00 [running]> on host 559daffc287d
[2024-12-03T16:10:29.967+0000] {taskinstance.py:3131} INFO - Exporting env vars: AIRFLOW_CTX_DAG_OWNER='***' AIRFLOW_CTX_DAG_ID='get_inaturalist_data_roadkill' AIRFLOW_CTX_TASK_ID='get_all_data' AIRFLOW_CTX_EXECUTION_DATE='2024-12-03T16:10:27.739757+00:00' AIRFLOW_CTX_TRY_NUMBER='1' AIRFLOW_CTX_DAG_RUN_ID='manual__2024-12-03T16:10:27.739757+00:00'
[2024-12-03T16:10:29.968+0000] {logging_mixin.py:190} INFO - Task instance is in running state
[2024-12-03T16:10:29.969+0000] {logging_mixin.py:190} INFO -  Previous state of the Task instance: queued
[2024-12-03T16:10:29.969+0000] {logging_mixin.py:190} INFO - Current task name:get_all_data state:running start_date:2024-12-03 16:10:29.798682+00:00
[2024-12-03T16:10:29.969+0000] {logging_mixin.py:190} INFO - Dag name:get_inaturalist_data_roadkill and current dag run status:running
[2024-12-03T16:10:29.969+0000] {taskinstance.py:731} INFO - ::endgroup::
[2024-12-03T16:10:29.970+0000] {inaturalist_dag.py:152} INFO - Getting data from keyword: roadkill
[2024-12-03T16:10:33.090+0000] {inaturalist_dag.py:159} INFO - No more observations found, stopping.
[2024-12-03T16:10:33.096+0000] {crypto.py:82} WARNING - empty cryptography key - values will not be stored encrypted.
[2024-12-03T16:10:33.100+0000] {python.py:240} INFO - Done. Returned value was: []
[2024-12-03T16:10:33.128+0000] {taskinstance.py:340} INFO - ::group::Post task execution logs
[2024-12-03T16:10:33.128+0000] {taskinstance.py:352} INFO - Marking task as SUCCESS. dag_id=get_inaturalist_data_roadkill, task_id=get_all_data, run_id=manual__2024-12-03T16:10:27.739757+00:00, execution_date=20241203T161027, start_date=20241203T161029, end_date=20241203T161033
[2024-12-03T16:10:33.143+0000] {logging_mixin.py:190} INFO - Task instance in success state
[2024-12-03T16:10:33.144+0000] {logging_mixin.py:190} INFO -  Previous state of the Task instance: running
[2024-12-03T16:10:33.144+0000] {logging_mixin.py:190} INFO - Dag name:get_inaturalist_data_roadkill queued_at:2024-12-03 16:10:27.758951+00:00
[2024-12-03T16:10:33.144+0000] {logging_mixin.py:190} INFO - Task hostname:559daffc287d operator:_PythonDecoratedOperator
[2024-12-03T16:10:33.176+0000] {local_task_job_runner.py:266} INFO - Task exited with return code 0
[2024-12-03T16:10:33.211+0000] {taskinstance.py:3900} INFO - 0 downstream tasks scheduled from follow-on schedule check
[2024-12-03T16:10:33.214+0000] {local_task_job_runner.py:245} INFO - ::endgroup::
