[2024-11-20T11:04:23.024+0000] {local_task_job_runner.py:123} INFO - ::group::Pre task execution logs
[2024-11-20T11:04:23.050+0000] {taskinstance.py:2612} INFO - Dependencies all met for dep_context=non-requeueable deps ti=<TaskInstance: get_gbif_data_atropelada.get_all_data manual__2024-11-20T11:04:18.510529+00:00 [queued]>
[2024-11-20T11:04:23.074+0000] {taskinstance.py:2612} INFO - Dependencies all met for dep_context=requeueable deps ti=<TaskInstance: get_gbif_data_atropelada.get_all_data manual__2024-11-20T11:04:18.510529+00:00 [queued]>
[2024-11-20T11:04:23.074+0000] {taskinstance.py:2865} INFO - Starting attempt 1 of 4
[2024-11-20T11:04:23.102+0000] {taskinstance.py:2888} INFO - Executing <Task(_PythonDecoratedOperator): get_all_data> on 2024-11-20 11:04:18.510529+00:00
[2024-11-20T11:04:23.114+0000] {warnings.py:112} WARNING - /home/***/.local/lib/python3.12/site-packages/***/task/task_runner/standard_task_runner.py:70: DeprecationWarning: This process (pid=307) is multi-threaded, use of fork() may lead to deadlocks in the child.
  pid = os.fork()

[2024-11-20T11:04:23.117+0000] {standard_task_runner.py:72} INFO - Started process 317 to run task
[2024-11-20T11:04:23.118+0000] {standard_task_runner.py:104} INFO - Running: ['***', 'tasks', 'run', 'get_gbif_data_atropelada', 'get_all_data', 'manual__2024-11-20T11:04:18.510529+00:00', '--job-id', '821', '--raw', '--subdir', 'DAGS_FOLDER/gbif_dag.py', '--cfg-path', '/tmp/tmpkq1l3b6g']
[2024-11-20T11:04:23.121+0000] {standard_task_runner.py:105} INFO - Job 821: Subtask get_all_data
[2024-11-20T11:04:23.192+0000] {task_command.py:467} INFO - Running <TaskInstance: get_gbif_data_atropelada.get_all_data manual__2024-11-20T11:04:18.510529+00:00 [running]> on host 6e76132c078d
[2024-11-20T11:04:23.341+0000] {taskinstance.py:3131} INFO - Exporting env vars: AIRFLOW_CTX_DAG_OWNER='***' AIRFLOW_CTX_DAG_ID='get_gbif_data_atropelada' AIRFLOW_CTX_TASK_ID='get_all_data' AIRFLOW_CTX_EXECUTION_DATE='2024-11-20T11:04:18.510529+00:00' AIRFLOW_CTX_TRY_NUMBER='1' AIRFLOW_CTX_DAG_RUN_ID='manual__2024-11-20T11:04:18.510529+00:00'
[2024-11-20T11:04:23.346+0000] {logging_mixin.py:190} INFO - Task instance is in running state
[2024-11-20T11:04:23.347+0000] {logging_mixin.py:190} INFO -  Previous state of the Task instance: queued
[2024-11-20T11:04:23.349+0000] {logging_mixin.py:190} INFO - Current task name:get_all_data state:running start_date:2024-11-20 11:04:23.050786+00:00
[2024-11-20T11:04:23.350+0000] {logging_mixin.py:190} INFO - Dag name:get_gbif_data_atropelada and current dag run status:running
[2024-11-20T11:04:23.351+0000] {taskinstance.py:731} INFO - ::endgroup::
[2024-11-20T11:04:23.354+0000] {gbif_dag.py:226} INFO - Getting data from keyword: atropelada
[2024-11-20T11:04:24.205+0000] {gbif_dag.py:232} INFO - No more occurrences found, stopping.
[2024-11-20T11:04:24.232+0000] {crypto.py:82} WARNING - empty cryptography key - values will not be stored encrypted.
[2024-11-20T11:04:24.241+0000] {python.py:240} INFO - Done. Returned value was: []
[2024-11-20T11:04:24.322+0000] {taskinstance.py:340} INFO - ::group::Post task execution logs
[2024-11-20T11:04:24.324+0000] {taskinstance.py:352} INFO - Marking task as SUCCESS. dag_id=get_gbif_data_atropelada, task_id=get_all_data, run_id=manual__2024-11-20T11:04:18.510529+00:00, execution_date=20241120T110418, start_date=20241120T110423, end_date=20241120T110424
[2024-11-20T11:04:24.350+0000] {logging_mixin.py:190} INFO - Task instance in success state
[2024-11-20T11:04:24.351+0000] {logging_mixin.py:190} INFO -  Previous state of the Task instance: running
[2024-11-20T11:04:24.351+0000] {logging_mixin.py:190} INFO - Dag name:get_gbif_data_atropelada queued_at:2024-11-20 11:04:18.536862+00:00
[2024-11-20T11:04:24.352+0000] {logging_mixin.py:190} INFO - Task hostname:6e76132c078d operator:_PythonDecoratedOperator
[2024-11-20T11:04:24.386+0000] {local_task_job_runner.py:266} INFO - Task exited with return code 0
[2024-11-20T11:04:24.423+0000] {local_task_job_runner.py:245} INFO - ::endgroup::
