[2024-11-19T11:30:06.577+0000] {local_task_job_runner.py:123} INFO - ::group::Pre task execution logs
[2024-11-19T11:30:06.649+0000] {taskinstance.py:2612} INFO - Dependencies all met for dep_context=non-requeueable deps ti=<TaskInstance: get_inaturalist_data_atropelamento.process_data scheduled__2024-11-19T11:00:00+00:00 [queued]>
[2024-11-19T11:30:06.671+0000] {taskinstance.py:2612} INFO - Dependencies all met for dep_context=requeueable deps ti=<TaskInstance: get_inaturalist_data_atropelamento.process_data scheduled__2024-11-19T11:00:00+00:00 [queued]>
[2024-11-19T11:30:06.672+0000] {taskinstance.py:2865} INFO - Starting attempt 1 of 4
[2024-11-19T11:30:06.729+0000] {taskinstance.py:2888} INFO - Executing <Task(_PythonDecoratedOperator): process_data> on 2024-11-19 11:00:00+00:00
[2024-11-19T11:30:06.754+0000] {warnings.py:112} WARNING - /home/***/.local/lib/python3.12/site-packages/***/task/task_runner/standard_task_runner.py:70: DeprecationWarning: This process (pid=283) is multi-threaded, use of fork() may lead to deadlocks in the child.
  pid = os.fork()

[2024-11-19T11:30:06.763+0000] {standard_task_runner.py:72} INFO - Started process 303 to run task
[2024-11-19T11:30:06.765+0000] {standard_task_runner.py:104} INFO - Running: ['***', 'tasks', 'run', 'get_inaturalist_data_atropelamento', 'process_data', 'scheduled__2024-11-19T11:00:00+00:00', '--job-id', '743', '--raw', '--subdir', 'DAGS_FOLDER/inaturalist_dag.py', '--cfg-path', '/tmp/tmpl88_0o3u']
[2024-11-19T11:30:06.770+0000] {standard_task_runner.py:105} INFO - Job 743: Subtask process_data
[2024-11-19T11:30:07.154+0000] {task_command.py:467} INFO - Running <TaskInstance: get_inaturalist_data_atropelamento.process_data scheduled__2024-11-19T11:00:00+00:00 [running]> on host 1bd5b698e8d7
[2024-11-19T11:31:14.854+0000] {job.py:229} INFO - Heartbeat recovered after 68.53 seconds
[2024-11-19T11:31:15.431+0000] {taskinstance.py:3131} INFO - Exporting env vars: AIRFLOW_CTX_DAG_OWNER='***' AIRFLOW_CTX_DAG_ID='get_inaturalist_data_atropelamento' AIRFLOW_CTX_TASK_ID='process_data' AIRFLOW_CTX_EXECUTION_DATE='2024-11-19T11:00:00+00:00' AIRFLOW_CTX_TRY_NUMBER='1' AIRFLOW_CTX_DAG_RUN_ID='scheduled__2024-11-19T11:00:00+00:00'
[2024-11-19T11:31:15.433+0000] {logging_mixin.py:190} INFO - Task instance is in running state
[2024-11-19T11:31:15.434+0000] {logging_mixin.py:190} INFO -  Previous state of the Task instance: queued
[2024-11-19T11:31:15.435+0000] {logging_mixin.py:190} INFO - Current task name:process_data state:running start_date:2024-11-19 11:30:06.650897+00:00
[2024-11-19T11:31:15.435+0000] {logging_mixin.py:190} INFO - Dag name:get_inaturalist_data_atropelamento and current dag run status:running
[2024-11-19T11:31:15.436+0000] {taskinstance.py:731} INFO - ::endgroup::
[2024-11-19T11:31:15.437+0000] {python.py:240} INFO - Done. Returned value was: {'path': 'inaturalist_data/atropelamento_data/2024/11/19/atropelamento_observations_113115.json', 'format': 'application/json'}
[2024-11-19T11:31:15.833+0000] {taskinstance.py:340} INFO - ::group::Post task execution logs
[2024-11-19T11:31:15.834+0000] {taskinstance.py:352} INFO - Marking task as SUCCESS. dag_id=get_inaturalist_data_atropelamento, task_id=process_data, run_id=scheduled__2024-11-19T11:00:00+00:00, execution_date=20241119T110000, start_date=20241119T113006, end_date=20241119T113115
[2024-11-19T11:31:15.917+0000] {logging_mixin.py:190} INFO - Task instance in success state
[2024-11-19T11:31:15.929+0000] {logging_mixin.py:190} INFO -  Previous state of the Task instance: running
[2024-11-19T11:31:15.930+0000] {logging_mixin.py:190} INFO - Dag name:get_inaturalist_data_atropelamento queued_at:2024-11-19 11:30:00.931451+00:00
[2024-11-19T11:31:15.930+0000] {logging_mixin.py:190} INFO - Task hostname:1bd5b698e8d7 operator:_PythonDecoratedOperator
[2024-11-19T11:31:16.061+0000] {local_task_job_runner.py:266} INFO - Task exited with return code 0
[2024-11-19T11:31:16.152+0000] {taskinstance.py:3900} INFO - 0 downstream tasks scheduled from follow-on schedule check
[2024-11-19T11:31:16.157+0000] {local_task_job_runner.py:245} INFO - ::endgroup::
