[2024-10-31T12:00:03.169+0000] {local_task_job_runner.py:123} INFO - ::group::Pre task execution logs
[2024-10-31T12:00:03.201+0000] {taskinstance.py:2612} INFO - Dependencies all met for dep_context=non-requeueable deps ti=<TaskInstance: get_inaturalist_data_atropelada.process_data scheduled__2024-10-31T11:30:00+00:00 [queued]>
[2024-10-31T12:00:03.217+0000] {taskinstance.py:2612} INFO - Dependencies all met for dep_context=requeueable deps ti=<TaskInstance: get_inaturalist_data_atropelada.process_data scheduled__2024-10-31T11:30:00+00:00 [queued]>
[2024-10-31T12:00:03.218+0000] {taskinstance.py:2865} INFO - Starting attempt 1 of 4
[2024-10-31T12:00:03.241+0000] {taskinstance.py:2888} INFO - Executing <Task(_PythonDecoratedOperator): process_data> on 2024-10-31 11:30:00+00:00
[2024-10-31T12:00:03.261+0000] {warnings.py:112} WARNING - /home/***/.local/lib/python3.12/site-packages/***/task/task_runner/standard_task_runner.py:70: DeprecationWarning: This process (pid=167) is multi-threaded, use of fork() may lead to deadlocks in the child.
  pid = os.fork()

[2024-10-31T12:00:03.263+0000] {standard_task_runner.py:72} INFO - Started process 182 to run task
[2024-10-31T12:00:03.265+0000] {standard_task_runner.py:104} INFO - Running: ['***', 'tasks', 'run', 'get_inaturalist_data_atropelada', 'process_data', 'scheduled__2024-10-31T11:30:00+00:00', '--job-id', '274', '--raw', '--subdir', 'DAGS_FOLDER/inaturalist_dag.py', '--cfg-path', '/tmp/tmp1rtql3ey']
[2024-10-31T12:00:03.267+0000] {standard_task_runner.py:105} INFO - Job 274: Subtask process_data
[2024-10-31T12:00:03.367+0000] {task_command.py:467} INFO - Running <TaskInstance: get_inaturalist_data_atropelada.process_data scheduled__2024-10-31T11:30:00+00:00 [running]> on host 587c00f37f8c
[2024-10-31T12:00:03.541+0000] {taskinstance.py:3131} INFO - Exporting env vars: AIRFLOW_CTX_DAG_OWNER='***' AIRFLOW_CTX_DAG_ID='get_inaturalist_data_atropelada' AIRFLOW_CTX_TASK_ID='process_data' AIRFLOW_CTX_EXECUTION_DATE='2024-10-31T11:30:00+00:00' AIRFLOW_CTX_TRY_NUMBER='1' AIRFLOW_CTX_DAG_RUN_ID='scheduled__2024-10-31T11:30:00+00:00'
[2024-10-31T12:00:03.543+0000] {logging_mixin.py:190} INFO - Task instance is in running state
[2024-10-31T12:00:03.544+0000] {logging_mixin.py:190} INFO -  Previous state of the Task instance: queued
[2024-10-31T12:00:03.544+0000] {logging_mixin.py:190} INFO - Current task name:process_data state:running start_date:2024-10-31 12:00:03.202452+00:00
[2024-10-31T12:00:03.544+0000] {logging_mixin.py:190} INFO - Dag name:get_inaturalist_data_atropelada and current dag run status:running
[2024-10-31T12:00:03.545+0000] {taskinstance.py:731} INFO - ::endgroup::
[2024-10-31T12:00:03.545+0000] {python.py:240} INFO - Done. Returned value was: {'path': 'inaturalist_data/atropelada_data/2024/10/31/atropelada_observations_120003.json', 'format': 'application/json'}
[2024-10-31T12:00:03.585+0000] {taskinstance.py:340} INFO - ::group::Post task execution logs
[2024-10-31T12:00:03.586+0000] {taskinstance.py:352} INFO - Marking task as SUCCESS. dag_id=get_inaturalist_data_atropelada, task_id=process_data, run_id=scheduled__2024-10-31T11:30:00+00:00, execution_date=20241031T113000, start_date=20241031T120003, end_date=20241031T120003
[2024-10-31T12:00:03.598+0000] {logging_mixin.py:190} INFO - Task instance in success state
[2024-10-31T12:00:03.598+0000] {logging_mixin.py:190} INFO -  Previous state of the Task instance: running
[2024-10-31T12:00:03.599+0000] {logging_mixin.py:190} INFO - Dag name:get_inaturalist_data_atropelada queued_at:2024-10-31 12:00:00.351855+00:00
[2024-10-31T12:00:03.599+0000] {logging_mixin.py:190} INFO - Task hostname:587c00f37f8c operator:_PythonDecoratedOperator
[2024-10-31T12:00:03.649+0000] {local_task_job_runner.py:266} INFO - Task exited with return code 0
[2024-10-31T12:00:03.692+0000] {taskinstance.py:3900} INFO - 0 downstream tasks scheduled from follow-on schedule check
[2024-10-31T12:00:03.695+0000] {local_task_job_runner.py:245} INFO - ::endgroup::
