[2024-12-10T18:06:03.482+0000] {local_task_job_runner.py:123} INFO - ::group::Pre task execution logs
[2024-12-10T18:06:03.509+0000] {taskinstance.py:2612} INFO - Dependencies all met for dep_context=non-requeueable deps ti=<TaskInstance: get_inaturalist_data_atropelada.publish_message_for_transformation manual__2024-12-10T18:05:37.394787+00:00 [queued]>
[2024-12-10T18:06:03.522+0000] {taskinstance.py:2612} INFO - Dependencies all met for dep_context=requeueable deps ti=<TaskInstance: get_inaturalist_data_atropelada.publish_message_for_transformation manual__2024-12-10T18:05:37.394787+00:00 [queued]>
[2024-12-10T18:06:03.523+0000] {taskinstance.py:2865} INFO - Starting attempt 1 of 4
[2024-12-10T18:06:03.544+0000] {taskinstance.py:2888} INFO - Executing <Task(_PythonDecoratedOperator): publish_message_for_transformation> on 2024-12-10 18:05:37.394787+00:00
[2024-12-10T18:06:03.554+0000] {warnings.py:112} WARNING - /home/***/.local/lib/python3.12/site-packages/***/task/task_runner/standard_task_runner.py:70: DeprecationWarning: This process (pid=207) is multi-threaded, use of fork() may lead to deadlocks in the child.
  pid = os.fork()

[2024-12-10T18:06:03.555+0000] {standard_task_runner.py:72} INFO - Started process 209 to run task
[2024-12-10T18:06:03.556+0000] {standard_task_runner.py:104} INFO - Running: ['***', 'tasks', 'run', 'get_inaturalist_data_atropelada', 'publish_message_for_transformation', 'manual__2024-12-10T18:05:37.394787+00:00', '--job-id', '53', '--raw', '--subdir', 'DAGS_FOLDER/inaturalist_dag.py', '--cfg-path', '/tmp/tmpql5gixpg']
[2024-12-10T18:06:03.560+0000] {standard_task_runner.py:105} INFO - Job 53: Subtask publish_message_for_transformation
[2024-12-10T18:06:03.621+0000] {task_command.py:467} INFO - Running <TaskInstance: get_inaturalist_data_atropelada.publish_message_for_transformation manual__2024-12-10T18:05:37.394787+00:00 [running]> on host 09c3c4382fe6
[2024-12-10T18:06:03.734+0000] {taskinstance.py:3131} INFO - Exporting env vars: AIRFLOW_CTX_DAG_OWNER='***' AIRFLOW_CTX_DAG_ID='get_inaturalist_data_atropelada' AIRFLOW_CTX_TASK_ID='publish_message_for_transformation' AIRFLOW_CTX_EXECUTION_DATE='2024-12-10T18:05:37.394787+00:00' AIRFLOW_CTX_TRY_NUMBER='1' AIRFLOW_CTX_DAG_RUN_ID='manual__2024-12-10T18:05:37.394787+00:00'
[2024-12-10T18:06:03.736+0000] {taskinstance.py:731} INFO - ::endgroup::
[2024-12-10T18:06:03.874+0000] {rabbitmq.py:35} INFO - Sending message {'path': 'inaturalist/atropelada/2024/12/10/atropelada_observations_180557.csv', 'source': 'Inaturalist', 'keyword': 'atropelada', 'extraction_date': 1733853963740371283, 'retry': 0} to rabbitmq channel environbit
[2024-12-10T18:06:03.918+0000] {python.py:240} INFO - Done. Returned value was: None
[2024-12-10T18:06:03.930+0000] {taskinstance.py:340} INFO - ::group::Post task execution logs
[2024-12-10T18:06:03.931+0000] {taskinstance.py:352} INFO - Marking task as SUCCESS. dag_id=get_inaturalist_data_atropelada, task_id=publish_message_for_transformation, run_id=manual__2024-12-10T18:05:37.394787+00:00, execution_date=20241210T180537, start_date=20241210T180603, end_date=20241210T180603
[2024-12-10T18:06:03.971+0000] {local_task_job_runner.py:266} INFO - Task exited with return code 0
[2024-12-10T18:06:03.999+0000] {taskinstance.py:3900} INFO - 0 downstream tasks scheduled from follow-on schedule check
[2024-12-10T18:06:04.001+0000] {local_task_job_runner.py:245} INFO - ::endgroup::
