[2024-12-02T11:30:24.244+0000] {local_task_job_runner.py:123} INFO - ::group::Pre task execution logs
[2024-12-02T11:30:24.323+0000] {taskinstance.py:2612} INFO - Dependencies all met for dep_context=non-requeueable deps ti=<TaskInstance: get_gbif_data_roadkill.process_data scheduled__2024-12-02T11:00:00+00:00 [queued]>
[2024-12-02T11:30:24.362+0000] {taskinstance.py:2612} INFO - Dependencies all met for dep_context=requeueable deps ti=<TaskInstance: get_gbif_data_roadkill.process_data scheduled__2024-12-02T11:00:00+00:00 [queued]>
[2024-12-02T11:30:24.363+0000] {taskinstance.py:2865} INFO - Starting attempt 1 of 4
[2024-12-02T11:30:24.395+0000] {taskinstance.py:2888} INFO - Executing <Task(_PythonDecoratedOperator): process_data> on 2024-12-02 11:00:00+00:00
[2024-12-02T11:30:24.439+0000] {warnings.py:112} WARNING - /home/***/.local/lib/python3.12/site-packages/***/task/task_runner/standard_task_runner.py:70: DeprecationWarning: This process (pid=588) is multi-threaded, use of fork() may lead to deadlocks in the child.
  pid = os.fork()

[2024-12-02T11:30:24.442+0000] {standard_task_runner.py:72} INFO - Started process 603 to run task
[2024-12-02T11:30:24.445+0000] {standard_task_runner.py:104} INFO - Running: ['***', 'tasks', 'run', 'get_gbif_data_roadkill', 'process_data', 'scheduled__2024-12-02T11:00:00+00:00', '--job-id', '2042', '--raw', '--subdir', 'DAGS_FOLDER/gbif_dag.py', '--cfg-path', '/tmp/tmpwlliy0fc']
[2024-12-02T11:30:24.451+0000] {standard_task_runner.py:105} INFO - Job 2042: Subtask process_data
[2024-12-02T11:30:24.822+0000] {task_command.py:467} INFO - Running <TaskInstance: get_gbif_data_roadkill.process_data scheduled__2024-12-02T11:00:00+00:00 [running]> on host 59d51ca962df
[2024-12-02T11:30:25.196+0000] {taskinstance.py:3131} INFO - Exporting env vars: AIRFLOW_CTX_DAG_OWNER='***' AIRFLOW_CTX_DAG_ID='get_gbif_data_roadkill' AIRFLOW_CTX_TASK_ID='process_data' AIRFLOW_CTX_EXECUTION_DATE='2024-12-02T11:00:00+00:00' AIRFLOW_CTX_TRY_NUMBER='1' AIRFLOW_CTX_DAG_RUN_ID='scheduled__2024-12-02T11:00:00+00:00'
[2024-12-02T11:30:25.204+0000] {logging_mixin.py:190} INFO - Task instance is in running state
[2024-12-02T11:30:25.210+0000] {logging_mixin.py:190} INFO -  Previous state of the Task instance: queued
[2024-12-02T11:30:25.210+0000] {logging_mixin.py:190} INFO - Current task name:process_data state:running start_date:2024-12-02 11:30:24.324146+00:00
[2024-12-02T11:30:25.211+0000] {logging_mixin.py:190} INFO - Dag name:get_gbif_data_roadkill and current dag run status:running
[2024-12-02T11:30:25.212+0000] {taskinstance.py:731} INFO - ::endgroup::
[2024-12-02T11:30:25.226+0000] {gbif_dag.py:260} INFO - No new occurrences to process
[2024-12-02T11:30:25.228+0000] {taskinstance.py:301} INFO - No occurrences to process
[2024-12-02T11:30:25.354+0000] {taskinstance.py:340} INFO - ::group::Post task execution logs
[2024-12-02T11:30:25.355+0000] {taskinstance.py:352} INFO - Marking task as SKIPPED. dag_id=get_gbif_data_roadkill, task_id=process_data, run_id=scheduled__2024-12-02T11:00:00+00:00, execution_date=20241202T110000, start_date=20241202T113024, end_date=20241202T113025
[2024-12-02T11:30:25.575+0000] {local_task_job_runner.py:266} INFO - Task exited with return code 0
[2024-12-02T11:30:25.635+0000] {local_task_job_runner.py:245} INFO - ::endgroup::
