[2024-10-29T14:27:24.531+0000] {local_task_job_runner.py:123} INFO - ::group::Pre task execution logs
[2024-10-29T14:27:24.576+0000] {taskinstance.py:2612} INFO - Dependencies all met for dep_context=non-requeueable deps ti=<TaskInstance: biological_data_dag.get_specie_link scheduled__2024-09-05T00:00:00+00:00 [queued]>
[2024-10-29T14:27:24.589+0000] {taskinstance.py:2612} INFO - Dependencies all met for dep_context=requeueable deps ti=<TaskInstance: biological_data_dag.get_specie_link scheduled__2024-09-05T00:00:00+00:00 [queued]>
[2024-10-29T14:27:24.590+0000] {taskinstance.py:2865} INFO - Starting attempt 1 of 1
[2024-10-29T14:27:24.607+0000] {taskinstance.py:2888} INFO - Executing <Task(_PythonDecoratedOperator): get_specie_link> on 2024-09-05 00:00:00+00:00
[2024-10-29T14:27:24.620+0000] {warnings.py:112} WARNING - /home/***/.local/lib/python3.12/site-packages/***/task/task_runner/standard_task_runner.py:70: DeprecationWarning: This process (pid=228) is multi-threaded, use of fork() may lead to deadlocks in the child.
  pid = os.fork()

[2024-10-29T14:27:24.622+0000] {standard_task_runner.py:72} INFO - Started process 234 to run task
[2024-10-29T14:27:24.623+0000] {standard_task_runner.py:104} INFO - Running: ['***', 'tasks', 'run', 'biological_data_dag', 'get_specie_link', 'scheduled__2024-09-05T00:00:00+00:00', '--job-id', '102', '--raw', '--subdir', 'DAGS_FOLDER/biological_data_dag.py', '--cfg-path', '/tmp/tmp3snm7s6w']
[2024-10-29T14:27:24.624+0000] {standard_task_runner.py:105} INFO - Job 102: Subtask get_specie_link
[2024-10-29T14:27:24.683+0000] {task_command.py:467} INFO - Running <TaskInstance: biological_data_dag.get_specie_link scheduled__2024-09-05T00:00:00+00:00 [running]> on host d865971e8c23
[2024-10-29T14:27:24.815+0000] {taskinstance.py:3131} INFO - Exporting env vars: AIRFLOW_CTX_DAG_OWNER='***' AIRFLOW_CTX_DAG_ID='biological_data_dag' AIRFLOW_CTX_TASK_ID='get_specie_link' AIRFLOW_CTX_EXECUTION_DATE='2024-09-05T00:00:00+00:00' AIRFLOW_CTX_TRY_NUMBER='1' AIRFLOW_CTX_DAG_RUN_ID='scheduled__2024-09-05T00:00:00+00:00'
[2024-10-29T14:27:24.820+0000] {logging_mixin.py:190} INFO - Task instance is in running state
[2024-10-29T14:27:24.821+0000] {logging_mixin.py:190} INFO -  Previous state of the Task instance: queued
[2024-10-29T14:27:24.822+0000] {logging_mixin.py:190} INFO - Current task name:get_specie_link state:running start_date:2024-10-29 14:27:24.576641+00:00
[2024-10-29T14:27:24.822+0000] {logging_mixin.py:190} INFO - Dag name:biological_data_dag and current dag run status:running
[2024-10-29T14:27:24.823+0000] {taskinstance.py:731} INFO - ::endgroup::
[2024-10-29T14:27:24.824+0000] {logging_mixin.py:190} INFO - len(species_list) 2322
[2024-10-29T14:27:24.825+0000] {logging_mixin.py:190} INFO - Constructed URL: https://www.iucnredlist.org/search?query=Ablepharus+kitaibelii&searchType=species
[2024-10-29T14:27:32.578+0000] {logging_mixin.py:190} INFO - Link for Ablepharus kitaibelii: https://www.iucnredlist.org/species/29691/115767606
[2024-10-29T14:27:32.731+0000] {logging_mixin.py:190} INFO - Constructed URL: https://www.iucnredlist.org/search?query=Acanthis+flammea&searchType=species
[2024-10-29T14:27:39.672+0000] {logging_mixin.py:190} INFO - Link for Acanthis flammea: https://www.iucnredlist.org/species/22725044/155292529
[2024-10-29T14:27:39.744+0000] {logging_mixin.py:190} INFO - Constructed URL: https://www.iucnredlist.org/search?query=Acanthochelys+spixii&searchType=species
[2024-10-29T14:27:45.906+0000] {logging_mixin.py:190} INFO - Link for Acanthochelys spixii: https://www.iucnredlist.org/species/76/97260200
[2024-10-29T14:27:46.003+0000] {logging_mixin.py:190} INFO - Constructed URL: https://www.iucnredlist.org/search?query=Acanthodactylus+erythrurus&searchType=species
[2024-10-29T14:28:02.747+0000] {logging_mixin.py:190} INFO - Link for Acanthodactylus erythrurus: https://www.iucnredlist.org/species/61456/12470495
[2024-10-29T14:28:02.913+0000] {logging_mixin.py:190} INFO - Constructed URL: https://www.iucnredlist.org/search?query=Accipiter+badius&searchType=species
[2024-10-29T14:28:10.139+0000] {logging_mixin.py:190} INFO - Link for Accipiter badius: https://www.iucnredlist.org/species/22695490/197951702
[2024-10-29T14:28:10.216+0000] {python.py:240} INFO - Done. Returned value was: ['https://www.iucnredlist.org/species/29691/115767606', 'https://www.iucnredlist.org/species/22725044/155292529', 'https://www.iucnredlist.org/species/76/97260200', 'https://www.iucnredlist.org/species/61456/12470495', 'https://www.iucnredlist.org/species/22695490/197951702']
[2024-10-29T14:28:10.243+0000] {taskinstance.py:340} INFO - ::group::Post task execution logs
[2024-10-29T14:28:10.243+0000] {taskinstance.py:352} INFO - Marking task as SUCCESS. dag_id=biological_data_dag, task_id=get_specie_link, run_id=scheduled__2024-09-05T00:00:00+00:00, execution_date=20240905T000000, start_date=20241029T142724, end_date=20241029T142810
[2024-10-29T14:28:10.264+0000] {logging_mixin.py:190} INFO - Task instance in success state
[2024-10-29T14:28:10.265+0000] {logging_mixin.py:190} INFO -  Previous state of the Task instance: running
[2024-10-29T14:28:10.265+0000] {logging_mixin.py:190} INFO - Dag name:biological_data_dag queued_at:2024-10-29 14:27:12.503184+00:00
[2024-10-29T14:28:10.265+0000] {logging_mixin.py:190} INFO - Task hostname:d865971e8c23 operator:_PythonDecoratedOperator
[2024-10-29T14:28:10.286+0000] {local_task_job_runner.py:266} INFO - Task exited with return code 0
[2024-10-29T14:28:10.318+0000] {taskinstance.py:3900} INFO - 1 downstream tasks scheduled from follow-on schedule check
[2024-10-29T14:28:10.320+0000] {local_task_job_runner.py:245} INFO - ::endgroup::
