[2024-10-29T18:10:26.541+0000] {local_task_job_runner.py:123} INFO - ::group::Pre task execution logs
[2024-10-29T18:10:26.601+0000] {taskinstance.py:2612} INFO - Dependencies all met for dep_context=non-requeueable deps ti=<TaskInstance: biological_data_dag.list_to_csv manual__2024-10-29T18:09:18.419331+00:00 [queued]>
[2024-10-29T18:10:26.632+0000] {taskinstance.py:2612} INFO - Dependencies all met for dep_context=requeueable deps ti=<TaskInstance: biological_data_dag.list_to_csv manual__2024-10-29T18:09:18.419331+00:00 [queued]>
[2024-10-29T18:10:26.632+0000] {taskinstance.py:2865} INFO - Starting attempt 1 of 1
[2024-10-29T18:10:26.674+0000] {taskinstance.py:2888} INFO - Executing <Task(_PythonDecoratedOperator): list_to_csv> on 2024-10-29 18:09:18.419331+00:00
[2024-10-29T18:10:26.690+0000] {warnings.py:112} WARNING - /home/***/.local/lib/python3.12/site-packages/***/task/task_runner/standard_task_runner.py:70: DeprecationWarning: This process (pid=1207) is multi-threaded, use of fork() may lead to deadlocks in the child.
  pid = os.fork()

[2024-10-29T18:10:26.695+0000] {standard_task_runner.py:72} INFO - Started process 1210 to run task
[2024-10-29T18:10:26.708+0000] {standard_task_runner.py:104} INFO - Running: ['***', 'tasks', 'run', 'biological_data_dag', 'list_to_csv', 'manual__2024-10-29T18:09:18.419331+00:00', '--job-id', '178', '--raw', '--subdir', 'DAGS_FOLDER/biological_data_dag.py', '--cfg-path', '/tmp/tmp923h2r04']
[2024-10-29T18:10:26.710+0000] {standard_task_runner.py:105} INFO - Job 178: Subtask list_to_csv
[2024-10-29T18:10:26.826+0000] {task_command.py:467} INFO - Running <TaskInstance: biological_data_dag.list_to_csv manual__2024-10-29T18:09:18.419331+00:00 [running]> on host 8b409d8ad50e
[2024-10-29T18:10:27.140+0000] {taskinstance.py:3131} INFO - Exporting env vars: AIRFLOW_CTX_DAG_OWNER='***' AIRFLOW_CTX_DAG_ID='biological_data_dag' AIRFLOW_CTX_TASK_ID='list_to_csv' AIRFLOW_CTX_EXECUTION_DATE='2024-10-29T18:09:18.419331+00:00' AIRFLOW_CTX_TRY_NUMBER='1' AIRFLOW_CTX_DAG_RUN_ID='manual__2024-10-29T18:09:18.419331+00:00'
[2024-10-29T18:10:27.145+0000] {logging_mixin.py:190} INFO - Task instance is in running state
[2024-10-29T18:10:27.146+0000] {logging_mixin.py:190} INFO -  Previous state of the Task instance: queued
[2024-10-29T18:10:27.146+0000] {logging_mixin.py:190} INFO - Current task name:list_to_csv state:running start_date:2024-10-29 18:10:26.602088+00:00
[2024-10-29T18:10:27.148+0000] {logging_mixin.py:190} INFO - Dag name:biological_data_dag and current dag run status:running
[2024-10-29T18:10:27.150+0000] {taskinstance.py:731} INFO - ::endgroup::
[2024-10-29T18:10:27.183+0000] {logging_mixin.py:190} INFO - Data converted to csv.
[2024-10-29T18:10:27.185+0000] {python.py:240} INFO - Done. Returned value was: /tmp/species_data_adw_18:10:27.csv
[2024-10-29T18:10:27.250+0000] {taskinstance.py:340} INFO - ::group::Post task execution logs
[2024-10-29T18:10:27.251+0000] {taskinstance.py:352} INFO - Marking task as SUCCESS. dag_id=biological_data_dag, task_id=list_to_csv, run_id=manual__2024-10-29T18:09:18.419331+00:00, execution_date=20241029T180918, start_date=20241029T181026, end_date=20241029T181027
[2024-10-29T18:10:27.285+0000] {logging_mixin.py:190} INFO - Task instance in success state
[2024-10-29T18:10:27.286+0000] {logging_mixin.py:190} INFO -  Previous state of the Task instance: running
[2024-10-29T18:10:27.287+0000] {logging_mixin.py:190} INFO - Dag name:biological_data_dag queued_at:2024-10-29 18:09:18.431758+00:00
[2024-10-29T18:10:27.288+0000] {logging_mixin.py:190} INFO - Task hostname:8b409d8ad50e operator:_PythonDecoratedOperator
[2024-10-29T18:10:27.364+0000] {local_task_job_runner.py:266} INFO - Task exited with return code 0
[2024-10-29T18:10:27.434+0000] {taskinstance.py:3900} INFO - 1 downstream tasks scheduled from follow-on schedule check
[2024-10-29T18:10:27.439+0000] {local_task_job_runner.py:245} INFO - ::endgroup::
