[2024-11-18T14:00:03.531+0000] {local_task_job_runner.py:123} INFO - ::group::Pre task execution logs
[2024-11-18T14:00:03.557+0000] {taskinstance.py:2612} INFO - Dependencies all met for dep_context=non-requeueable deps ti=<TaskInstance: get_inaturalist_data_atropelada.process_data scheduled__2024-11-18T13:30:00+00:00 [queued]>
[2024-11-18T14:00:03.570+0000] {taskinstance.py:2612} INFO - Dependencies all met for dep_context=requeueable deps ti=<TaskInstance: get_inaturalist_data_atropelada.process_data scheduled__2024-11-18T13:30:00+00:00 [queued]>
[2024-11-18T14:00:03.570+0000] {taskinstance.py:2865} INFO - Starting attempt 1 of 4
[2024-11-18T14:00:03.590+0000] {taskinstance.py:2888} INFO - Executing <Task(_PythonDecoratedOperator): process_data> on 2024-11-18 13:30:00+00:00
[2024-11-18T14:00:03.601+0000] {warnings.py:112} WARNING - /home/***/.local/lib/python3.12/site-packages/***/task/task_runner/standard_task_runner.py:70: DeprecationWarning: This process (pid=72) is multi-threaded, use of fork() may lead to deadlocks in the child.
  pid = os.fork()

[2024-11-18T14:00:03.603+0000] {standard_task_runner.py:72} INFO - Started process 77 to run task
[2024-11-18T14:00:03.605+0000] {standard_task_runner.py:104} INFO - Running: ['***', 'tasks', 'run', 'get_inaturalist_data_atropelada', 'process_data', 'scheduled__2024-11-18T13:30:00+00:00', '--job-id', '545', '--raw', '--subdir', 'DAGS_FOLDER/inaturalist_dag.py', '--cfg-path', '/tmp/tmptx7q1hwh']
[2024-11-18T14:00:03.606+0000] {standard_task_runner.py:105} INFO - Job 545: Subtask process_data
[2024-11-18T14:00:03.715+0000] {task_command.py:467} INFO - Running <TaskInstance: get_inaturalist_data_atropelada.process_data scheduled__2024-11-18T13:30:00+00:00 [running]> on host bf677ca5dd6f
[2024-11-18T14:00:03.904+0000] {taskinstance.py:3131} INFO - Exporting env vars: AIRFLOW_CTX_DAG_OWNER='***' AIRFLOW_CTX_DAG_ID='get_inaturalist_data_atropelada' AIRFLOW_CTX_TASK_ID='process_data' AIRFLOW_CTX_EXECUTION_DATE='2024-11-18T13:30:00+00:00' AIRFLOW_CTX_TRY_NUMBER='1' AIRFLOW_CTX_DAG_RUN_ID='scheduled__2024-11-18T13:30:00+00:00'
[2024-11-18T14:00:03.906+0000] {logging_mixin.py:190} INFO - Task instance is in running state
[2024-11-18T14:00:03.906+0000] {logging_mixin.py:190} INFO -  Previous state of the Task instance: queued
[2024-11-18T14:00:03.906+0000] {logging_mixin.py:190} INFO - Current task name:process_data state:running start_date:2024-11-18 14:00:03.558477+00:00
[2024-11-18T14:00:03.907+0000] {logging_mixin.py:190} INFO - Dag name:get_inaturalist_data_atropelada and current dag run status:running
[2024-11-18T14:00:03.907+0000] {taskinstance.py:731} INFO - ::endgroup::
[2024-11-18T14:00:03.908+0000] {python.py:240} INFO - Done. Returned value was: {'path': 'inaturalist_data/atropelada_data/2024/11/18/atropelada_observations_140003.json', 'format': 'application/json'}
[2024-11-18T14:00:03.956+0000] {taskinstance.py:340} INFO - ::group::Post task execution logs
[2024-11-18T14:00:03.957+0000] {taskinstance.py:352} INFO - Marking task as SUCCESS. dag_id=get_inaturalist_data_atropelada, task_id=process_data, run_id=scheduled__2024-11-18T13:30:00+00:00, execution_date=20241118T133000, start_date=20241118T140003, end_date=20241118T140003
[2024-11-18T14:00:03.973+0000] {logging_mixin.py:190} INFO - Task instance in success state
[2024-11-18T14:00:03.974+0000] {logging_mixin.py:190} INFO -  Previous state of the Task instance: running
[2024-11-18T14:00:03.974+0000] {logging_mixin.py:190} INFO - Dag name:get_inaturalist_data_atropelada queued_at:2024-11-18 14:00:00.475084+00:00
[2024-11-18T14:00:03.974+0000] {logging_mixin.py:190} INFO - Task hostname:bf677ca5dd6f operator:_PythonDecoratedOperator
[2024-11-18T14:00:03.990+0000] {local_task_job_runner.py:266} INFO - Task exited with return code 0
[2024-11-18T14:00:04.028+0000] {taskinstance.py:3900} INFO - 0 downstream tasks scheduled from follow-on schedule check
[2024-11-18T14:00:04.030+0000] {local_task_job_runner.py:245} INFO - ::endgroup::
