[2024-11-22T15:39:49.562+0000] {local_task_job_runner.py:123} INFO - ::group::Pre task execution logs
[2024-11-22T15:39:49.597+0000] {taskinstance.py:2612} INFO - Dependencies all met for dep_context=non-requeueable deps ti=<TaskInstance: get_gbif_data_atropelamento.get_all_data scheduled__2024-11-21T17:00:00+00:00 [queued]>
[2024-11-22T15:39:49.612+0000] {taskinstance.py:2612} INFO - Dependencies all met for dep_context=requeueable deps ti=<TaskInstance: get_gbif_data_atropelamento.get_all_data scheduled__2024-11-21T17:00:00+00:00 [queued]>
[2024-11-22T15:39:49.613+0000] {taskinstance.py:2865} INFO - Starting attempt 1 of 4
[2024-11-22T15:39:49.648+0000] {taskinstance.py:2888} INFO - Executing <Task(_PythonDecoratedOperator): get_all_data> on 2024-11-21 17:00:00+00:00
[2024-11-22T15:39:49.674+0000] {standard_task_runner.py:104} INFO - Running: ['***', 'tasks', 'run', 'get_gbif_data_atropelamento', 'get_all_data', 'scheduled__2024-11-21T17:00:00+00:00', '--job-id', '1022', '--raw', '--subdir', 'DAGS_FOLDER/gbif_dag.py', '--cfg-path', '/tmp/tmpdz0lrj4l']
[2024-11-22T15:39:49.676+0000] {standard_task_runner.py:105} INFO - Job 1022: Subtask get_all_data
[2024-11-22T15:39:49.671+0000] {warnings.py:112} WARNING - /home/***/.local/lib/python3.12/site-packages/***/task/task_runner/standard_task_runner.py:70: DeprecationWarning: This process (pid=57) is multi-threaded, use of fork() may lead to deadlocks in the child.
  pid = os.fork()

[2024-11-22T15:39:49.677+0000] {standard_task_runner.py:72} INFO - Started process 80 to run task
[2024-11-22T15:39:49.796+0000] {task_command.py:467} INFO - Running <TaskInstance: get_gbif_data_atropelamento.get_all_data scheduled__2024-11-21T17:00:00+00:00 [running]> on host 9450d15f4e68
[2024-11-22T15:39:50.197+0000] {taskinstance.py:3131} INFO - Exporting env vars: AIRFLOW_CTX_DAG_OWNER='***' AIRFLOW_CTX_DAG_ID='get_gbif_data_atropelamento' AIRFLOW_CTX_TASK_ID='get_all_data' AIRFLOW_CTX_EXECUTION_DATE='2024-11-21T17:00:00+00:00' AIRFLOW_CTX_TRY_NUMBER='1' AIRFLOW_CTX_DAG_RUN_ID='scheduled__2024-11-21T17:00:00+00:00'
[2024-11-22T15:39:50.199+0000] {logging_mixin.py:190} INFO - Task instance is in running state
[2024-11-22T15:39:50.200+0000] {logging_mixin.py:190} INFO -  Previous state of the Task instance: queued
[2024-11-22T15:39:50.201+0000] {logging_mixin.py:190} INFO - Current task name:get_all_data state:running start_date:2024-11-22 15:39:49.598522+00:00
[2024-11-22T15:39:50.202+0000] {logging_mixin.py:190} INFO - Dag name:get_gbif_data_atropelamento and current dag run status:running
[2024-11-22T15:39:50.202+0000] {taskinstance.py:731} INFO - ::endgroup::
[2024-11-22T15:39:50.205+0000] {gbif_dag.py:227} INFO - Getting data from keyword: atropelamento
[2024-11-22T15:39:50.644+0000] {gbif_dag.py:233} INFO - No more occurrences found, stopping.
[2024-11-22T15:39:50.651+0000] {crypto.py:82} WARNING - empty cryptography key - values will not be stored encrypted.
[2024-11-22T15:39:50.657+0000] {python.py:240} INFO - Done. Returned value was: []
[2024-11-22T15:39:50.689+0000] {taskinstance.py:340} INFO - ::group::Post task execution logs
[2024-11-22T15:39:50.689+0000] {taskinstance.py:352} INFO - Marking task as SUCCESS. dag_id=get_gbif_data_atropelamento, task_id=get_all_data, run_id=scheduled__2024-11-21T17:00:00+00:00, execution_date=20241121T170000, start_date=20241122T153949, end_date=20241122T153950
[2024-11-22T15:39:50.704+0000] {logging_mixin.py:190} INFO - Task instance in success state
[2024-11-22T15:39:50.704+0000] {logging_mixin.py:190} INFO -  Previous state of the Task instance: running
[2024-11-22T15:39:50.705+0000] {logging_mixin.py:190} INFO - Dag name:get_gbif_data_atropelamento queued_at:2024-11-22 15:39:36.494292+00:00
[2024-11-22T15:39:50.705+0000] {logging_mixin.py:190} INFO - Task hostname:9450d15f4e68 operator:_PythonDecoratedOperator
[2024-11-22T15:39:50.756+0000] {local_task_job_runner.py:266} INFO - Task exited with return code 0
[2024-11-22T15:39:50.796+0000] {taskinstance.py:3900} INFO - 1 downstream tasks scheduled from follow-on schedule check
[2024-11-22T15:39:50.798+0000] {local_task_job_runner.py:245} INFO - ::endgroup::
