[2024-11-25T16:17:47.166+0000] {local_task_job_runner.py:123} INFO - ::group::Pre task execution logs
[2024-11-25T16:17:47.179+0000] {taskinstance.py:2612} INFO - Dependencies all met for dep_context=non-requeueable deps ti=<TaskInstance: prf_dag.extract_hrefs manual__2024-11-25T16:17:44.810258+00:00 [queued]>
[2024-11-25T16:17:47.187+0000] {taskinstance.py:2612} INFO - Dependencies all met for dep_context=requeueable deps ti=<TaskInstance: prf_dag.extract_hrefs manual__2024-11-25T16:17:44.810258+00:00 [queued]>
[2024-11-25T16:17:47.188+0000] {taskinstance.py:2865} INFO - Starting attempt 1 of 1
[2024-11-25T16:17:47.199+0000] {taskinstance.py:2888} INFO - Executing <Task(_PythonDecoratedOperator): extract_hrefs> on 2024-11-25 16:17:44.810258+00:00
[2024-11-25T16:17:47.207+0000] {warnings.py:112} WARNING - /home/***/.local/lib/python3.12/site-packages/***/task/task_runner/standard_task_runner.py:70: DeprecationWarning: This process (pid=117) is multi-threaded, use of fork() may lead to deadlocks in the child.
  pid = os.fork()

[2024-11-25T16:17:47.208+0000] {standard_task_runner.py:72} INFO - Started process 120 to run task
[2024-11-25T16:17:47.209+0000] {standard_task_runner.py:104} INFO - Running: ['***', 'tasks', 'run', 'prf_dag', 'extract_hrefs', 'manual__2024-11-25T16:17:44.810258+00:00', '--job-id', '1438', '--raw', '--subdir', 'DAGS_FOLDER/prf_dag.py', '--cfg-path', '/tmp/tmp56pcnwb8']
[2024-11-25T16:17:47.210+0000] {standard_task_runner.py:105} INFO - Job 1438: Subtask extract_hrefs
[2024-11-25T16:17:47.250+0000] {task_command.py:467} INFO - Running <TaskInstance: prf_dag.extract_hrefs manual__2024-11-25T16:17:44.810258+00:00 [running]> on host 07f92f2579af
[2024-11-25T16:17:47.327+0000] {taskinstance.py:3131} INFO - Exporting env vars: AIRFLOW_CTX_DAG_OWNER='***' AIRFLOW_CTX_DAG_ID='prf_dag' AIRFLOW_CTX_TASK_ID='extract_hrefs' AIRFLOW_CTX_EXECUTION_DATE='2024-11-25T16:17:44.810258+00:00' AIRFLOW_CTX_TRY_NUMBER='1' AIRFLOW_CTX_DAG_RUN_ID='manual__2024-11-25T16:17:44.810258+00:00'
[2024-11-25T16:17:47.328+0000] {logging_mixin.py:190} INFO - Task instance is in running state
[2024-11-25T16:17:47.328+0000] {logging_mixin.py:190} INFO -  Previous state of the Task instance: queued
[2024-11-25T16:17:47.328+0000] {logging_mixin.py:190} INFO - Current task name:extract_hrefs state:running start_date:2024-11-25 16:17:47.180031+00:00
[2024-11-25T16:17:47.328+0000] {logging_mixin.py:190} INFO - Dag name:prf_dag and current dag run status:running
[2024-11-25T16:17:47.328+0000] {taskinstance.py:731} INFO - ::endgroup::
[2024-11-25T16:17:49.314+0000] {prf_dag.py:69} INFO - Documento CSV de Acidentes 2024 (Agrupados por ocorrência)
[2024-11-25T16:17:49.314+0000] {prf_dag.py:70} INFO - https://drive.google.com/file/d/14lB0vqMFkaZj8HZ44b0njYgxs9nAN8KO/view?usp=sharing/download
[2024-11-25T16:17:49.314+0000] {prf_dag.py:69} INFO - Documento CSV de Acidentes 2024 (Agrupados por pessoa)
[2024-11-25T16:17:49.315+0000] {prf_dag.py:70} INFO - https://drive.google.com/file/d/14lVfqdoE2gxDliaKZu7K9Mx6847maPtl/view?usp=sharing/download
[2024-11-25T16:17:49.315+0000] {prf_dag.py:69} INFO - Documento CSV de Acidentes 2024 (Agrupados por pessoa - Todas as causas e tipos de acidentes)
[2024-11-25T16:17:49.315+0000] {prf_dag.py:70} INFO - https://drive.google.com/file/d/14qBOhrE1gioVtuXgxkCJ9kCA8YtUGXKA/view?usp=sharing/download
[2024-11-25T16:17:49.322+0000] {python.py:240} INFO - Done. Returned value was: [('Documento CSV de Acidentes 2024 (Agrupados por ocorrência)', 'https://drive.google.com/file/d/14lB0vqMFkaZj8HZ44b0njYgxs9nAN8KO/view?usp=sharing/download'), ('Documento CSV de Acidentes 2024 (Agrupados por pessoa)', 'https://drive.google.com/file/d/14lVfqdoE2gxDliaKZu7K9Mx6847maPtl/view?usp=sharing/download'), ('Documento CSV de Acidentes 2024 (Agrupados por pessoa - Todas as causas e tipos de acidentes)', 'https://drive.google.com/file/d/14qBOhrE1gioVtuXgxkCJ9kCA8YtUGXKA/view?usp=sharing/download')]
[2024-11-25T16:17:49.344+0000] {taskinstance.py:340} INFO - ::group::Post task execution logs
[2024-11-25T16:17:49.344+0000] {taskinstance.py:352} INFO - Marking task as SUCCESS. dag_id=prf_dag, task_id=extract_hrefs, run_id=manual__2024-11-25T16:17:44.810258+00:00, execution_date=20241125T161744, start_date=20241125T161747, end_date=20241125T161749
[2024-11-25T16:17:49.355+0000] {logging_mixin.py:190} INFO - Task instance in success state
[2024-11-25T16:17:49.355+0000] {logging_mixin.py:190} INFO -  Previous state of the Task instance: running
[2024-11-25T16:17:49.355+0000] {logging_mixin.py:190} INFO - Dag name:prf_dag queued_at:2024-11-25 16:17:44.852472+00:00
[2024-11-25T16:17:49.355+0000] {logging_mixin.py:190} INFO - Task hostname:07f92f2579af operator:_PythonDecoratedOperator
[2024-11-25T16:17:49.388+0000] {local_task_job_runner.py:266} INFO - Task exited with return code 0
[2024-11-25T16:17:49.414+0000] {taskinstance.py:3900} INFO - 1 downstream tasks scheduled from follow-on schedule check
[2024-11-25T16:17:49.416+0000] {local_task_job_runner.py:245} INFO - ::endgroup::
