[2024-11-18T12:07:35.530+0000] {local_task_job_runner.py:123} INFO - ::group::Pre task execution logs
[2024-11-18T12:07:35.583+0000] {taskinstance.py:2612} INFO - Dependencies all met for dep_context=non-requeueable deps ti=<TaskInstance: get_inaturalist_data_atropelamento.save_data scheduled__2024-11-04T15:00:00+00:00 [queued]>
[2024-11-18T12:07:35.614+0000] {taskinstance.py:2612} INFO - Dependencies all met for dep_context=requeueable deps ti=<TaskInstance: get_inaturalist_data_atropelamento.save_data scheduled__2024-11-04T15:00:00+00:00 [queued]>
[2024-11-18T12:07:35.615+0000] {taskinstance.py:2865} INFO - Starting attempt 1 of 4
[2024-11-18T12:07:35.662+0000] {taskinstance.py:2888} INFO - Executing <Task(_PythonDecoratedOperator): save_data> on 2024-11-04 15:00:00+00:00
[2024-11-18T12:07:35.679+0000] {warnings.py:112} WARNING - /home/***/.local/lib/python3.12/site-packages/***/task/task_runner/standard_task_runner.py:70: DeprecationWarning: This process (pid=95) is multi-threaded, use of fork() may lead to deadlocks in the child.
  pid = os.fork()

[2024-11-18T12:07:35.681+0000] {standard_task_runner.py:72} INFO - Started process 106 to run task
[2024-11-18T12:07:35.683+0000] {standard_task_runner.py:104} INFO - Running: ['***', 'tasks', 'run', 'get_inaturalist_data_atropelamento', 'save_data', 'scheduled__2024-11-04T15:00:00+00:00', '--job-id', '494', '--raw', '--subdir', 'DAGS_FOLDER/inaturalist_dag.py', '--cfg-path', '/tmp/tmplz69s1xw']
[2024-11-18T12:07:35.685+0000] {standard_task_runner.py:105} INFO - Job 494: Subtask save_data
[2024-11-18T12:07:35.779+0000] {task_command.py:467} INFO - Running <TaskInstance: get_inaturalist_data_atropelamento.save_data scheduled__2024-11-04T15:00:00+00:00 [running]> on host bf677ca5dd6f
[2024-11-18T12:07:36.008+0000] {taskinstance.py:3131} INFO - Exporting env vars: AIRFLOW_CTX_DAG_OWNER='***' AIRFLOW_CTX_DAG_ID='get_inaturalist_data_atropelamento' AIRFLOW_CTX_TASK_ID='save_data' AIRFLOW_CTX_EXECUTION_DATE='2024-11-04T15:00:00+00:00' AIRFLOW_CTX_TRY_NUMBER='1' AIRFLOW_CTX_DAG_RUN_ID='scheduled__2024-11-04T15:00:00+00:00'
[2024-11-18T12:07:36.010+0000] {logging_mixin.py:190} INFO - Task instance is in running state
[2024-11-18T12:07:36.011+0000] {logging_mixin.py:190} INFO -  Previous state of the Task instance: queued
[2024-11-18T12:07:36.011+0000] {logging_mixin.py:190} INFO - Current task name:save_data state:running start_date:2024-11-18 12:07:35.584412+00:00
[2024-11-18T12:07:36.011+0000] {logging_mixin.py:190} INFO - Dag name:get_inaturalist_data_atropelamento and current dag run status:running
[2024-11-18T12:07:36.012+0000] {taskinstance.py:731} INFO - ::endgroup::
[2024-11-18T12:07:36.075+0000] {minio.py:40} INFO - created inaturalist_data/atropelamento_data/2024/11/18/atropelamento_observations_120727.json object; etag: 4d93d902221a19899317e97f686597f7, version-id: None
[2024-11-18T12:07:36.075+0000] {minio.py:42} INFO - Data successfully uploaded to MinIO in bucket environbit under inaturalist_data/atropelamento_data/2024/11/18/atropelamento_observations_120727.json
[2024-11-18T12:07:36.076+0000] {python.py:240} INFO - Done. Returned value was: None
[2024-11-18T12:07:36.093+0000] {taskinstance.py:340} INFO - ::group::Post task execution logs
[2024-11-18T12:07:36.094+0000] {taskinstance.py:352} INFO - Marking task as SUCCESS. dag_id=get_inaturalist_data_atropelamento, task_id=save_data, run_id=scheduled__2024-11-04T15:00:00+00:00, execution_date=20241104T150000, start_date=20241118T120735, end_date=20241118T120736
[2024-11-18T12:07:36.113+0000] {logging_mixin.py:190} INFO - Task instance in success state
[2024-11-18T12:07:36.114+0000] {logging_mixin.py:190} INFO -  Previous state of the Task instance: running
[2024-11-18T12:07:36.114+0000] {logging_mixin.py:190} INFO - Dag name:get_inaturalist_data_atropelamento queued_at:2024-11-18 12:07:03.519085+00:00
[2024-11-18T12:07:36.114+0000] {logging_mixin.py:190} INFO - Task hostname:bf677ca5dd6f operator:_PythonDecoratedOperator
[2024-11-18T12:07:36.140+0000] {local_task_job_runner.py:266} INFO - Task exited with return code 0
[2024-11-18T12:07:36.176+0000] {taskinstance.py:3900} INFO - 0 downstream tasks scheduled from follow-on schedule check
[2024-11-18T12:07:36.179+0000] {local_task_job_runner.py:245} INFO - ::endgroup::
