[2024-12-04T12:10:26.499+0000] {local_task_job_runner.py:123} INFO - ::group::Pre task execution logs
[2024-12-04T12:10:26.546+0000] {taskinstance.py:2612} INFO - Dependencies all met for dep_context=non-requeueable deps ti=<TaskInstance: get_inaturalist_data_atropelamento.process_data manual__2024-12-04T12:10:12.382704+00:00 [queued]>
[2024-12-04T12:10:26.567+0000] {taskinstance.py:2612} INFO - Dependencies all met for dep_context=requeueable deps ti=<TaskInstance: get_inaturalist_data_atropelamento.process_data manual__2024-12-04T12:10:12.382704+00:00 [queued]>
[2024-12-04T12:10:26.567+0000] {taskinstance.py:2865} INFO - Starting attempt 1 of 4
[2024-12-04T12:10:26.599+0000] {taskinstance.py:2888} INFO - Executing <Task(_PythonDecoratedOperator): process_data> on 2024-12-04 12:10:12.382704+00:00
[2024-12-04T12:10:26.622+0000] {warnings.py:112} WARNING - /home/***/.local/lib/python3.12/site-packages/***/task/task_runner/standard_task_runner.py:70: DeprecationWarning: This process (pid=1188) is multi-threaded, use of fork() may lead to deadlocks in the child.
  pid = os.fork()

[2024-12-04T12:10:26.625+0000] {standard_task_runner.py:72} INFO - Started process 1191 to run task
[2024-12-04T12:10:26.628+0000] {standard_task_runner.py:104} INFO - Running: ['***', 'tasks', 'run', 'get_inaturalist_data_atropelamento', 'process_data', 'manual__2024-12-04T12:10:12.382704+00:00', '--job-id', '2361', '--raw', '--subdir', 'DAGS_FOLDER/inaturalist_dag.py', '--cfg-path', '/tmp/tmp_x8kyqia']
[2024-12-04T12:10:26.630+0000] {standard_task_runner.py:105} INFO - Job 2361: Subtask process_data
[2024-12-04T12:10:26.715+0000] {task_command.py:467} INFO - Running <TaskInstance: get_inaturalist_data_atropelamento.process_data manual__2024-12-04T12:10:12.382704+00:00 [running]> on host 7102278bc4c1
[2024-12-04T12:10:26.957+0000] {taskinstance.py:3131} INFO - Exporting env vars: AIRFLOW_CTX_DAG_OWNER='***' AIRFLOW_CTX_DAG_ID='get_inaturalist_data_atropelamento' AIRFLOW_CTX_TASK_ID='process_data' AIRFLOW_CTX_EXECUTION_DATE='2024-12-04T12:10:12.382704+00:00' AIRFLOW_CTX_TRY_NUMBER='1' AIRFLOW_CTX_DAG_RUN_ID='manual__2024-12-04T12:10:12.382704+00:00'
[2024-12-04T12:10:26.960+0000] {logging_mixin.py:190} INFO - Task instance is in running state
[2024-12-04T12:10:26.961+0000] {logging_mixin.py:190} INFO -  Previous state of the Task instance: queued
[2024-12-04T12:10:26.961+0000] {logging_mixin.py:190} INFO - Current task name:process_data state:running start_date:2024-12-04 12:10:26.547435+00:00
[2024-12-04T12:10:26.962+0000] {logging_mixin.py:190} INFO - Dag name:get_inaturalist_data_atropelamento and current dag run status:running
[2024-12-04T12:10:26.962+0000] {taskinstance.py:731} INFO - ::endgroup::
[2024-12-04T12:10:26.963+0000] {python.py:240} INFO - Done. Returned value was: {'path': 'inaturalist_data/atropelamento_data/2024/12/04/atropelamento_observations_121026.csv', 'format': 'text/csv'}
[2024-12-04T12:10:27.020+0000] {taskinstance.py:340} INFO - ::group::Post task execution logs
[2024-12-04T12:10:27.021+0000] {taskinstance.py:352} INFO - Marking task as SUCCESS. dag_id=get_inaturalist_data_atropelamento, task_id=process_data, run_id=manual__2024-12-04T12:10:12.382704+00:00, execution_date=20241204T121012, start_date=20241204T121026, end_date=20241204T121027
[2024-12-04T12:10:27.044+0000] {logging_mixin.py:190} INFO - Task instance in success state
[2024-12-04T12:10:27.045+0000] {logging_mixin.py:190} INFO -  Previous state of the Task instance: running
[2024-12-04T12:10:27.045+0000] {logging_mixin.py:190} INFO - Dag name:get_inaturalist_data_atropelamento queued_at:2024-12-04 12:10:12.398897+00:00
[2024-12-04T12:10:27.045+0000] {logging_mixin.py:190} INFO - Task hostname:7102278bc4c1 operator:_PythonDecoratedOperator
[2024-12-04T12:10:27.084+0000] {local_task_job_runner.py:266} INFO - Task exited with return code 0
[2024-12-04T12:10:27.147+0000] {taskinstance.py:3900} INFO - 1 downstream tasks scheduled from follow-on schedule check
[2024-12-04T12:10:27.149+0000] {local_task_job_runner.py:245} INFO - ::endgroup::
