[2024-11-25T16:22:00.930+0000] {local_task_job_runner.py:123} INFO - ::group::Pre task execution logs
[2024-11-25T16:22:00.975+0000] {taskinstance.py:2612} INFO - Dependencies all met for dep_context=non-requeueable deps ti=<TaskInstance: get_inaturalist_data_atropelada.process_data scheduled__2024-11-25T15:30:00+00:00 [queued]>
[2024-11-25T16:22:01.003+0000] {taskinstance.py:2612} INFO - Dependencies all met for dep_context=requeueable deps ti=<TaskInstance: get_inaturalist_data_atropelada.process_data scheduled__2024-11-25T15:30:00+00:00 [queued]>
[2024-11-25T16:22:01.004+0000] {taskinstance.py:2865} INFO - Starting attempt 2 of 4
[2024-11-25T16:22:01.061+0000] {taskinstance.py:2888} INFO - Executing <Task(_PythonDecoratedOperator): process_data> on 2024-11-25 15:30:00+00:00
[2024-11-25T16:22:01.083+0000] {warnings.py:112} WARNING - /home/***/.local/lib/python3.12/site-packages/***/task/task_runner/standard_task_runner.py:70: DeprecationWarning: This process (pid=197) is multi-threaded, use of fork() may lead to deadlocks in the child.
  pid = os.fork()

[2024-11-25T16:22:01.085+0000] {standard_task_runner.py:72} INFO - Started process 268 to run task
[2024-11-25T16:22:01.092+0000] {standard_task_runner.py:104} INFO - Running: ['***', 'tasks', 'run', 'get_inaturalist_data_atropelada', 'process_data', 'scheduled__2024-11-25T15:30:00+00:00', '--job-id', '1455', '--raw', '--subdir', 'DAGS_FOLDER/inaturalist_dag.py', '--cfg-path', '/tmp/tmpetl06sr3']
[2024-11-25T16:22:01.097+0000] {standard_task_runner.py:105} INFO - Job 1455: Subtask process_data
[2024-11-25T16:22:01.263+0000] {task_command.py:467} INFO - Running <TaskInstance: get_inaturalist_data_atropelada.process_data scheduled__2024-11-25T15:30:00+00:00 [running]> on host 07f92f2579af
[2024-11-25T16:22:01.525+0000] {taskinstance.py:3131} INFO - Exporting env vars: AIRFLOW_CTX_DAG_OWNER='***' AIRFLOW_CTX_DAG_ID='get_inaturalist_data_atropelada' AIRFLOW_CTX_TASK_ID='process_data' AIRFLOW_CTX_EXECUTION_DATE='2024-11-25T15:30:00+00:00' AIRFLOW_CTX_TRY_NUMBER='2' AIRFLOW_CTX_DAG_RUN_ID='scheduled__2024-11-25T15:30:00+00:00'
[2024-11-25T16:22:01.527+0000] {logging_mixin.py:190} INFO - Task instance is in running state
[2024-11-25T16:22:01.527+0000] {logging_mixin.py:190} INFO -  Previous state of the Task instance: queued
[2024-11-25T16:22:01.528+0000] {logging_mixin.py:190} INFO - Current task name:process_data state:running start_date:2024-11-25 16:22:00.979194+00:00
[2024-11-25T16:22:01.529+0000] {logging_mixin.py:190} INFO - Dag name:get_inaturalist_data_atropelada and current dag run status:running
[2024-11-25T16:22:01.530+0000] {taskinstance.py:731} INFO - ::endgroup::
[2024-11-25T16:22:01.531+0000] {python.py:240} INFO - Done. Returned value was: {'path': 'inaturalist_data/atropelada_data/2024/11/25/atropelada_observations_162201.csv', 'format': 'text/csv'}
[2024-11-25T16:22:01.677+0000] {taskinstance.py:340} INFO - ::group::Post task execution logs
[2024-11-25T16:22:01.678+0000] {taskinstance.py:352} INFO - Marking task as SUCCESS. dag_id=get_inaturalist_data_atropelada, task_id=process_data, run_id=scheduled__2024-11-25T15:30:00+00:00, execution_date=20241125T153000, start_date=20241125T162200, end_date=20241125T162201
[2024-11-25T16:22:01.715+0000] {logging_mixin.py:190} INFO - Task instance in success state
[2024-11-25T16:22:01.715+0000] {logging_mixin.py:190} INFO -  Previous state of the Task instance: running
[2024-11-25T16:22:01.716+0000] {logging_mixin.py:190} INFO - Dag name:get_inaturalist_data_atropelada queued_at:2024-11-25 16:09:55.553055+00:00
[2024-11-25T16:22:01.718+0000] {logging_mixin.py:190} INFO - Task hostname:07f92f2579af operator:_PythonDecoratedOperator
[2024-11-25T16:22:01.761+0000] {local_task_job_runner.py:266} INFO - Task exited with return code 0
[2024-11-25T16:22:01.798+0000] {local_task_job_runner.py:245} INFO - ::endgroup::
