[2024-12-11T10:05:10.134+0000] {local_task_job_runner.py:123} INFO - ::group::Pre task execution logs
[2024-12-11T10:05:10.156+0000] {taskinstance.py:2612} INFO - Dependencies all met for dep_context=non-requeueable deps ti=<TaskInstance: get_inaturalist_data_roadkill.publish_message_for_transformation manual__2024-12-11T10:03:19.795235+00:00 [queued]>
[2024-12-11T10:05:10.166+0000] {taskinstance.py:2612} INFO - Dependencies all met for dep_context=requeueable deps ti=<TaskInstance: get_inaturalist_data_roadkill.publish_message_for_transformation manual__2024-12-11T10:03:19.795235+00:00 [queued]>
[2024-12-11T10:05:10.167+0000] {taskinstance.py:2865} INFO - Starting attempt 1 of 4
[2024-12-11T10:05:10.182+0000] {taskinstance.py:2888} INFO - Executing <Task(_PythonDecoratedOperator): publish_message_for_transformation> on 2024-12-11 10:03:19.795235+00:00
[2024-12-11T10:05:10.192+0000] {warnings.py:112} WARNING - /home/***/.local/lib/python3.12/site-packages/***/task/task_runner/standard_task_runner.py:70: DeprecationWarning: This process (pid=644) is multi-threaded, use of fork() may lead to deadlocks in the child.
  pid = os.fork()

[2024-12-11T10:05:10.193+0000] {standard_task_runner.py:72} INFO - Started process 646 to run task
[2024-12-11T10:05:10.194+0000] {standard_task_runner.py:104} INFO - Running: ['***', 'tasks', 'run', 'get_inaturalist_data_roadkill', 'publish_message_for_transformation', 'manual__2024-12-11T10:03:19.795235+00:00', '--job-id', '90', '--raw', '--subdir', 'DAGS_FOLDER/inaturalist_dag.py', '--cfg-path', '/tmp/tmp7_sfs7eh']
[2024-12-11T10:05:10.196+0000] {standard_task_runner.py:105} INFO - Job 90: Subtask publish_message_for_transformation
[2024-12-11T10:05:10.248+0000] {task_command.py:467} INFO - Running <TaskInstance: get_inaturalist_data_roadkill.publish_message_for_transformation manual__2024-12-11T10:03:19.795235+00:00 [running]> on host a036f9eea991
[2024-12-11T10:05:10.366+0000] {taskinstance.py:3131} INFO - Exporting env vars: AIRFLOW_CTX_DAG_OWNER='***' AIRFLOW_CTX_DAG_ID='get_inaturalist_data_roadkill' AIRFLOW_CTX_TASK_ID='publish_message_for_transformation' AIRFLOW_CTX_EXECUTION_DATE='2024-12-11T10:03:19.795235+00:00' AIRFLOW_CTX_TRY_NUMBER='1' AIRFLOW_CTX_DAG_RUN_ID='manual__2024-12-11T10:03:19.795235+00:00'
[2024-12-11T10:05:10.368+0000] {taskinstance.py:731} INFO - ::endgroup::
[2024-12-11T10:05:10.389+0000] {rabbitmq.py:35} INFO - Sending message {'path': 'inaturalist/roadkill/2024/12/11/roadkill_observations_100504.csv', 'source': 'Inaturalist', 'keyword': 'roadkill', 'extraction_date': 1733911510372618249, 'retry': 0} to rabbitmq channel environbit
[2024-12-11T10:05:10.397+0000] {python.py:240} INFO - Done. Returned value was: None
[2024-12-11T10:05:10.411+0000] {taskinstance.py:340} INFO - ::group::Post task execution logs
[2024-12-11T10:05:10.411+0000] {taskinstance.py:352} INFO - Marking task as SUCCESS. dag_id=get_inaturalist_data_roadkill, task_id=publish_message_for_transformation, run_id=manual__2024-12-11T10:03:19.795235+00:00, execution_date=20241211T100319, start_date=20241211T100510, end_date=20241211T100510
[2024-12-11T10:05:10.448+0000] {local_task_job_runner.py:266} INFO - Task exited with return code 0
[2024-12-11T10:05:10.472+0000] {taskinstance.py:3900} INFO - 0 downstream tasks scheduled from follow-on schedule check
[2024-12-11T10:05:10.474+0000] {local_task_job_runner.py:245} INFO - ::endgroup::
