[2024-10-31T16:12:52.924+0000] {local_task_job_runner.py:123} INFO - ::group::Pre task execution logs
[2024-10-31T16:12:52.983+0000] {taskinstance.py:2612} INFO - Dependencies all met for dep_context=non-requeueable deps ti=<TaskInstance: get_inaturalist_data_atropelamento.get_all_data scheduled__2024-10-31T15:30:00+00:00 [queued]>
[2024-10-31T16:12:53.011+0000] {taskinstance.py:2612} INFO - Dependencies all met for dep_context=requeueable deps ti=<TaskInstance: get_inaturalist_data_atropelamento.get_all_data scheduled__2024-10-31T15:30:00+00:00 [queued]>
[2024-10-31T16:12:53.012+0000] {taskinstance.py:2865} INFO - Starting attempt 1 of 4
[2024-10-31T16:12:53.069+0000] {taskinstance.py:2888} INFO - Executing <Task(_PythonDecoratedOperator): get_all_data> on 2024-10-31 15:30:00+00:00
[2024-10-31T16:12:53.113+0000] {standard_task_runner.py:104} INFO - Running: ['***', 'tasks', 'run', 'get_inaturalist_data_atropelamento', 'get_all_data', 'scheduled__2024-10-31T15:30:00+00:00', '--job-id', '290', '--raw', '--subdir', 'DAGS_FOLDER/inaturalist_dag.py', '--cfg-path', '/tmp/tmpfhfba12b']
[2024-10-31T16:12:53.114+0000] {standard_task_runner.py:105} INFO - Job 290: Subtask get_all_data
[2024-10-31T16:12:53.105+0000] {warnings.py:112} WARNING - /home/***/.local/lib/python3.12/site-packages/***/task/task_runner/standard_task_runner.py:70: DeprecationWarning: This process (pid=62) is multi-threaded, use of fork() may lead to deadlocks in the child.
  pid = os.fork()

[2024-10-31T16:12:53.115+0000] {standard_task_runner.py:72} INFO - Started process 78 to run task
[2024-10-31T16:12:53.281+0000] {task_command.py:467} INFO - Running <TaskInstance: get_inaturalist_data_atropelamento.get_all_data scheduled__2024-10-31T15:30:00+00:00 [running]> on host d6bcfe968a2b
[2024-10-31T16:12:53.622+0000] {taskinstance.py:3131} INFO - Exporting env vars: AIRFLOW_CTX_DAG_OWNER='***' AIRFLOW_CTX_DAG_ID='get_inaturalist_data_atropelamento' AIRFLOW_CTX_TASK_ID='get_all_data' AIRFLOW_CTX_EXECUTION_DATE='2024-10-31T15:30:00+00:00' AIRFLOW_CTX_TRY_NUMBER='1' AIRFLOW_CTX_DAG_RUN_ID='scheduled__2024-10-31T15:30:00+00:00'
[2024-10-31T16:12:53.623+0000] {logging_mixin.py:190} INFO - Task instance is in running state
[2024-10-31T16:12:53.624+0000] {logging_mixin.py:190} INFO -  Previous state of the Task instance: queued
[2024-10-31T16:12:53.624+0000] {logging_mixin.py:190} INFO - Current task name:get_all_data state:running start_date:2024-10-31 16:12:52.984034+00:00
[2024-10-31T16:12:53.624+0000] {logging_mixin.py:190} INFO - Dag name:get_inaturalist_data_atropelamento and current dag run status:running
[2024-10-31T16:12:53.625+0000] {taskinstance.py:731} INFO - ::endgroup::
[2024-10-31T16:12:53.628+0000] {inaturalist_dag.py:129} INFO - Getting data from keyword: atropelamento
[2024-10-31T16:12:55.031+0000] {inaturalist_dag.py:135} INFO - No more observations found, stopping.
[2024-10-31T16:12:55.041+0000] {crypto.py:82} WARNING - empty cryptography key - values will not be stored encrypted.
[2024-10-31T16:12:55.047+0000] {python.py:240} INFO - Done. Returned value was: []
[2024-10-31T16:12:55.096+0000] {taskinstance.py:340} INFO - ::group::Post task execution logs
[2024-10-31T16:12:55.097+0000] {taskinstance.py:352} INFO - Marking task as SUCCESS. dag_id=get_inaturalist_data_atropelamento, task_id=get_all_data, run_id=scheduled__2024-10-31T15:30:00+00:00, execution_date=20241031T153000, start_date=20241031T161252, end_date=20241031T161255
[2024-10-31T16:12:55.115+0000] {logging_mixin.py:190} INFO - Task instance in success state
[2024-10-31T16:12:55.115+0000] {logging_mixin.py:190} INFO -  Previous state of the Task instance: running
[2024-10-31T16:12:55.116+0000] {logging_mixin.py:190} INFO - Dag name:get_inaturalist_data_atropelamento queued_at:2024-10-31 16:12:15.963764+00:00
[2024-10-31T16:12:55.116+0000] {logging_mixin.py:190} INFO - Task hostname:d6bcfe968a2b operator:_PythonDecoratedOperator
[2024-10-31T16:12:55.169+0000] {local_task_job_runner.py:266} INFO - Task exited with return code 0
[2024-10-31T16:12:55.201+0000] {taskinstance.py:3900} INFO - 1 downstream tasks scheduled from follow-on schedule check
[2024-10-31T16:12:55.203+0000] {local_task_job_runner.py:245} INFO - ::endgroup::
