[2024-11-19T10:20:45.757+0000] {local_task_job_runner.py:123} INFO - ::group::Pre task execution logs
[2024-11-19T10:20:45.877+0000] {taskinstance.py:2612} INFO - Dependencies all met for dep_context=non-requeueable deps ti=<TaskInstance: get_gbif_data_roadkill.process_data scheduled__2024-11-18T23:00:00+00:00 [queued]>
[2024-11-19T10:20:45.938+0000] {taskinstance.py:2612} INFO - Dependencies all met for dep_context=requeueable deps ti=<TaskInstance: get_gbif_data_roadkill.process_data scheduled__2024-11-18T23:00:00+00:00 [queued]>
[2024-11-19T10:20:45.939+0000] {taskinstance.py:2865} INFO - Starting attempt 1 of 4
[2024-11-19T10:20:46.037+0000] {taskinstance.py:2888} INFO - Executing <Task(_PythonDecoratedOperator): process_data> on 2024-11-18 23:00:00+00:00
[2024-11-19T10:20:46.077+0000] {warnings.py:112} WARNING - /home/***/.local/lib/python3.12/site-packages/***/task/task_runner/standard_task_runner.py:70: DeprecationWarning: This process (pid=51) is multi-threaded, use of fork() may lead to deadlocks in the child.
  pid = os.fork()

[2024-11-19T10:20:46.089+0000] {standard_task_runner.py:72} INFO - Started process 122 to run task
[2024-11-19T10:20:46.106+0000] {standard_task_runner.py:104} INFO - Running: ['***', 'tasks', 'run', 'get_gbif_data_roadkill', 'process_data', 'scheduled__2024-11-18T23:00:00+00:00', '--job-id', '646', '--raw', '--subdir', 'DAGS_FOLDER/gbif_dag.py', '--cfg-path', '/tmp/tmp4n3g96vj']
[2024-11-19T10:20:46.112+0000] {standard_task_runner.py:105} INFO - Job 646: Subtask process_data
[2024-11-19T10:20:46.373+0000] {task_command.py:467} INFO - Running <TaskInstance: get_gbif_data_roadkill.process_data scheduled__2024-11-18T23:00:00+00:00 [running]> on host 1bd5b698e8d7
[2024-11-19T10:20:46.924+0000] {taskinstance.py:3131} INFO - Exporting env vars: AIRFLOW_CTX_DAG_OWNER='***' AIRFLOW_CTX_DAG_ID='get_gbif_data_roadkill' AIRFLOW_CTX_TASK_ID='process_data' AIRFLOW_CTX_EXECUTION_DATE='2024-11-18T23:00:00+00:00' AIRFLOW_CTX_TRY_NUMBER='1' AIRFLOW_CTX_DAG_RUN_ID='scheduled__2024-11-18T23:00:00+00:00'
[2024-11-19T10:20:46.926+0000] {logging_mixin.py:190} INFO - Task instance is in running state
[2024-11-19T10:20:46.926+0000] {logging_mixin.py:190} INFO -  Previous state of the Task instance: queued
[2024-11-19T10:20:46.926+0000] {logging_mixin.py:190} INFO - Current task name:process_data state:running start_date:2024-11-19 10:20:45.878380+00:00
[2024-11-19T10:20:46.927+0000] {logging_mixin.py:190} INFO - Dag name:get_gbif_data_roadkill and current dag run status:running
[2024-11-19T10:20:46.933+0000] {taskinstance.py:731} INFO - ::endgroup::
[2024-11-19T10:20:46.934+0000] {python.py:240} INFO - Done. Returned value was: {'path': 'gbif_data/roadkill_data/2024/11/19/roadkill_occurrences_102046.json', 'format': 'application/json'}
[2024-11-19T10:20:47.011+0000] {taskinstance.py:340} INFO - ::group::Post task execution logs
[2024-11-19T10:20:47.012+0000] {taskinstance.py:352} INFO - Marking task as SUCCESS. dag_id=get_gbif_data_roadkill, task_id=process_data, run_id=scheduled__2024-11-18T23:00:00+00:00, execution_date=20241118T230000, start_date=20241119T102045, end_date=20241119T102047
[2024-11-19T10:20:47.035+0000] {logging_mixin.py:190} INFO - Task instance in success state
[2024-11-19T10:20:47.035+0000] {logging_mixin.py:190} INFO -  Previous state of the Task instance: running
[2024-11-19T10:20:47.036+0000] {logging_mixin.py:190} INFO - Dag name:get_gbif_data_roadkill queued_at:2024-11-19 10:20:28.674722+00:00
[2024-11-19T10:20:47.036+0000] {logging_mixin.py:190} INFO - Task hostname:1bd5b698e8d7 operator:_PythonDecoratedOperator
[2024-11-19T10:20:47.078+0000] {local_task_job_runner.py:266} INFO - Task exited with return code 0
[2024-11-19T10:20:47.130+0000] {taskinstance.py:3900} INFO - 0 downstream tasks scheduled from follow-on schedule check
[2024-11-19T10:20:47.133+0000] {local_task_job_runner.py:245} INFO - ::endgroup::
