[2024-12-06T12:02:26.604+0000] {local_task_job_runner.py:123} INFO - ::group::Pre task execution logs
[2024-12-06T12:02:26.625+0000] {taskinstance.py:2612} INFO - Dependencies all met for dep_context=non-requeueable deps ti=<TaskInstance: get_inaturalist_data_atropelada.save_data scheduled__2024-12-05T15:30:00+00:00 [queued]>
[2024-12-06T12:02:26.638+0000] {taskinstance.py:2612} INFO - Dependencies all met for dep_context=requeueable deps ti=<TaskInstance: get_inaturalist_data_atropelada.save_data scheduled__2024-12-05T15:30:00+00:00 [queued]>
[2024-12-06T12:02:26.639+0000] {taskinstance.py:2865} INFO - Starting attempt 1 of 4
[2024-12-06T12:02:26.663+0000] {taskinstance.py:2888} INFO - Executing <Task(_PythonDecoratedOperator): save_data> on 2024-12-05 15:30:00+00:00
[2024-12-06T12:02:26.677+0000] {warnings.py:112} WARNING - /home/***/.local/lib/python3.12/site-packages/***/task/task_runner/standard_task_runner.py:70: DeprecationWarning: This process (pid=102) is multi-threaded, use of fork() may lead to deadlocks in the child.
  pid = os.fork()

[2024-12-06T12:02:26.679+0000] {standard_task_runner.py:72} INFO - Started process 107 to run task
[2024-12-06T12:02:26.679+0000] {standard_task_runner.py:104} INFO - Running: ['***', 'tasks', 'run', 'get_inaturalist_data_atropelada', 'save_data', 'scheduled__2024-12-05T15:30:00+00:00', '--job-id', '2548', '--raw', '--subdir', 'DAGS_FOLDER/inaturalist_dag.py', '--cfg-path', '/tmp/tmpl6hwih8t']
[2024-12-06T12:02:26.680+0000] {standard_task_runner.py:105} INFO - Job 2548: Subtask save_data
[2024-12-06T12:02:26.731+0000] {task_command.py:467} INFO - Running <TaskInstance: get_inaturalist_data_atropelada.save_data scheduled__2024-12-05T15:30:00+00:00 [running]> on host ff91ab1fa443
[2024-12-06T12:02:26.921+0000] {taskinstance.py:3131} INFO - Exporting env vars: AIRFLOW_CTX_DAG_OWNER='***' AIRFLOW_CTX_DAG_ID='get_inaturalist_data_atropelada' AIRFLOW_CTX_TASK_ID='save_data' AIRFLOW_CTX_EXECUTION_DATE='2024-12-05T15:30:00+00:00' AIRFLOW_CTX_TRY_NUMBER='1' AIRFLOW_CTX_DAG_RUN_ID='scheduled__2024-12-05T15:30:00+00:00'
[2024-12-06T12:02:26.922+0000] {logging_mixin.py:190} INFO - Task instance is in running state
[2024-12-06T12:02:26.923+0000] {logging_mixin.py:190} INFO -  Previous state of the Task instance: queued
[2024-12-06T12:02:26.923+0000] {logging_mixin.py:190} INFO - Current task name:save_data state:running start_date:2024-12-06 12:02:26.627215+00:00
[2024-12-06T12:02:26.924+0000] {logging_mixin.py:190} INFO - Dag name:get_inaturalist_data_atropelada and current dag run status:running
[2024-12-06T12:02:26.924+0000] {taskinstance.py:731} INFO - ::endgroup::
[2024-12-06T12:02:27.046+0000] {minio.py:40} INFO - created inaturalist_data/atropelada_data/2024/12/06/atropelada_observations_120223.csv object; etag: 92920ae91802873f1e435911572fed98, version-id: None
[2024-12-06T12:02:27.046+0000] {minio.py:42} INFO - Data successfully uploaded to MinIO in bucket environbit under inaturalist_data/atropelada_data/2024/12/06/atropelada_observations_120223.csv
[2024-12-06T12:02:27.047+0000] {python.py:240} INFO - Done. Returned value was: None
[2024-12-06T12:02:27.099+0000] {taskinstance.py:340} INFO - ::group::Post task execution logs
[2024-12-06T12:02:27.101+0000] {taskinstance.py:352} INFO - Marking task as SUCCESS. dag_id=get_inaturalist_data_atropelada, task_id=save_data, run_id=scheduled__2024-12-05T15:30:00+00:00, execution_date=20241205T153000, start_date=20241206T120226, end_date=20241206T120227
[2024-12-06T12:02:27.130+0000] {logging_mixin.py:190} INFO - Task instance in success state
[2024-12-06T12:02:27.130+0000] {logging_mixin.py:190} INFO -  Previous state of the Task instance: running
[2024-12-06T12:02:27.131+0000] {logging_mixin.py:190} INFO - Dag name:get_inaturalist_data_atropelada queued_at:2024-12-06 12:02:07.816163+00:00
[2024-12-06T12:02:27.131+0000] {logging_mixin.py:190} INFO - Task hostname:ff91ab1fa443 operator:_PythonDecoratedOperator
[2024-12-06T12:02:27.181+0000] {local_task_job_runner.py:266} INFO - Task exited with return code 0
[2024-12-06T12:02:27.227+0000] {taskinstance.py:3900} INFO - 1 downstream tasks scheduled from follow-on schedule check
[2024-12-06T12:02:27.236+0000] {local_task_job_runner.py:245} INFO - ::endgroup::
