[2024-12-02T10:15:15.273+0000] {local_task_job_runner.py:123} INFO - ::group::Pre task execution logs
[2024-12-02T10:15:15.377+0000] {taskinstance.py:2612} INFO - Dependencies all met for dep_context=non-requeueable deps ti=<TaskInstance: get_inaturalist_data_roadkill.process_data scheduled__2024-12-02T09:30:00+00:00 [queued]>
[2024-12-02T10:15:15.403+0000] {taskinstance.py:2612} INFO - Dependencies all met for dep_context=requeueable deps ti=<TaskInstance: get_inaturalist_data_roadkill.process_data scheduled__2024-12-02T09:30:00+00:00 [queued]>
[2024-12-02T10:15:15.403+0000] {taskinstance.py:2865} INFO - Starting attempt 1 of 4
[2024-12-02T10:15:15.439+0000] {taskinstance.py:2888} INFO - Executing <Task(_PythonDecoratedOperator): process_data> on 2024-12-02 09:30:00+00:00
[2024-12-02T10:15:15.460+0000] {warnings.py:112} WARNING - /home/***/.local/lib/python3.12/site-packages/***/task/task_runner/standard_task_runner.py:70: DeprecationWarning: This process (pid=51) is multi-threaded, use of fork() may lead to deadlocks in the child.
  pid = os.fork()

[2024-12-02T10:15:15.462+0000] {standard_task_runner.py:72} INFO - Started process 111 to run task
[2024-12-02T10:15:15.480+0000] {standard_task_runner.py:104} INFO - Running: ['***', 'tasks', 'run', 'get_inaturalist_data_roadkill', 'process_data', 'scheduled__2024-12-02T09:30:00+00:00', '--job-id', '1882', '--raw', '--subdir', 'DAGS_FOLDER/inaturalist_dag.py', '--cfg-path', '/tmp/tmp4oj6tspx']
[2024-12-02T10:15:15.482+0000] {standard_task_runner.py:105} INFO - Job 1882: Subtask process_data
[2024-12-02T10:15:15.813+0000] {task_command.py:467} INFO - Running <TaskInstance: get_inaturalist_data_roadkill.process_data scheduled__2024-12-02T09:30:00+00:00 [running]> on host 64b3b6a2b10b
[2024-12-02T10:15:16.213+0000] {taskinstance.py:3131} INFO - Exporting env vars: AIRFLOW_CTX_DAG_OWNER='***' AIRFLOW_CTX_DAG_ID='get_inaturalist_data_roadkill' AIRFLOW_CTX_TASK_ID='process_data' AIRFLOW_CTX_EXECUTION_DATE='2024-12-02T09:30:00+00:00' AIRFLOW_CTX_TRY_NUMBER='1' AIRFLOW_CTX_DAG_RUN_ID='scheduled__2024-12-02T09:30:00+00:00'
[2024-12-02T10:15:16.215+0000] {logging_mixin.py:190} INFO - Task instance is in running state
[2024-12-02T10:15:16.215+0000] {logging_mixin.py:190} INFO -  Previous state of the Task instance: queued
[2024-12-02T10:15:16.216+0000] {logging_mixin.py:190} INFO - Current task name:process_data state:running start_date:2024-12-02 10:15:15.378302+00:00
[2024-12-02T10:15:16.226+0000] {logging_mixin.py:190} INFO - Dag name:get_inaturalist_data_roadkill and current dag run status:running
[2024-12-02T10:15:16.227+0000] {taskinstance.py:731} INFO - ::endgroup::
[2024-12-02T10:15:16.228+0000] {python.py:240} INFO - Done. Returned value was: {'path': 'inaturalist_data/roadkill_data/2024/12/02/roadkill_observations_101516.csv', 'format': 'text/csv'}
[2024-12-02T10:15:16.398+0000] {taskinstance.py:340} INFO - ::group::Post task execution logs
[2024-12-02T10:15:16.399+0000] {taskinstance.py:352} INFO - Marking task as SUCCESS. dag_id=get_inaturalist_data_roadkill, task_id=process_data, run_id=scheduled__2024-12-02T09:30:00+00:00, execution_date=20241202T093000, start_date=20241202T101515, end_date=20241202T101516
[2024-12-02T10:15:16.465+0000] {logging_mixin.py:190} INFO - Task instance in success state
[2024-12-02T10:15:16.466+0000] {logging_mixin.py:190} INFO -  Previous state of the Task instance: running
[2024-12-02T10:15:16.466+0000] {logging_mixin.py:190} INFO - Dag name:get_inaturalist_data_roadkill queued_at:2024-12-02 10:13:15.073461+00:00
[2024-12-02T10:15:16.467+0000] {logging_mixin.py:190} INFO - Task hostname:64b3b6a2b10b operator:_PythonDecoratedOperator
[2024-12-02T10:15:16.565+0000] {local_task_job_runner.py:266} INFO - Task exited with return code 0
[2024-12-02T10:15:16.616+0000] {local_task_job_runner.py:245} INFO - ::endgroup::
