[2024-12-06T12:02:30.891+0000] {local_task_job_runner.py:123} INFO - ::group::Pre task execution logs
[2024-12-06T12:02:30.923+0000] {taskinstance.py:2612} INFO - Dependencies all met for dep_context=non-requeueable deps ti=<TaskInstance: get_inaturalist_data_atropelada.publish_message_for_transformation scheduled__2024-12-05T15:30:00+00:00 [queued]>
[2024-12-06T12:02:30.939+0000] {taskinstance.py:2612} INFO - Dependencies all met for dep_context=requeueable deps ti=<TaskInstance: get_inaturalist_data_atropelada.publish_message_for_transformation scheduled__2024-12-05T15:30:00+00:00 [queued]>
[2024-12-06T12:02:30.940+0000] {taskinstance.py:2865} INFO - Starting attempt 1 of 4
[2024-12-06T12:02:30.960+0000] {taskinstance.py:2888} INFO - Executing <Task(_PythonDecoratedOperator): publish_message_for_transformation> on 2024-12-05 15:30:00+00:00
[2024-12-06T12:02:30.971+0000] {warnings.py:112} WARNING - /home/***/.local/lib/python3.12/site-packages/***/task/task_runner/standard_task_runner.py:70: DeprecationWarning: This process (pid=111) is multi-threaded, use of fork() may lead to deadlocks in the child.
  pid = os.fork()

[2024-12-06T12:02:30.973+0000] {standard_task_runner.py:72} INFO - Started process 117 to run task
[2024-12-06T12:02:30.973+0000] {standard_task_runner.py:104} INFO - Running: ['***', 'tasks', 'run', 'get_inaturalist_data_atropelada', 'publish_message_for_transformation', 'scheduled__2024-12-05T15:30:00+00:00', '--job-id', '2550', '--raw', '--subdir', 'DAGS_FOLDER/inaturalist_dag.py', '--cfg-path', '/tmp/tmp_otxjo3c']
[2024-12-06T12:02:30.975+0000] {standard_task_runner.py:105} INFO - Job 2550: Subtask publish_message_for_transformation
[2024-12-06T12:02:31.040+0000] {task_command.py:467} INFO - Running <TaskInstance: get_inaturalist_data_atropelada.publish_message_for_transformation scheduled__2024-12-05T15:30:00+00:00 [running]> on host ff91ab1fa443
[2024-12-06T12:02:31.170+0000] {taskinstance.py:3131} INFO - Exporting env vars: AIRFLOW_CTX_DAG_OWNER='***' AIRFLOW_CTX_DAG_ID='get_inaturalist_data_atropelada' AIRFLOW_CTX_TASK_ID='publish_message_for_transformation' AIRFLOW_CTX_EXECUTION_DATE='2024-12-05T15:30:00+00:00' AIRFLOW_CTX_TRY_NUMBER='1' AIRFLOW_CTX_DAG_RUN_ID='scheduled__2024-12-05T15:30:00+00:00'
[2024-12-06T12:02:31.171+0000] {logging_mixin.py:190} INFO - Task instance is in running state
[2024-12-06T12:02:31.172+0000] {logging_mixin.py:190} INFO -  Previous state of the Task instance: queued
[2024-12-06T12:02:31.172+0000] {logging_mixin.py:190} INFO - Current task name:publish_message_for_transformation state:running start_date:2024-12-06 12:02:30.924102+00:00
[2024-12-06T12:02:31.172+0000] {logging_mixin.py:190} INFO - Dag name:get_inaturalist_data_atropelada and current dag run status:running
[2024-12-06T12:02:31.173+0000] {taskinstance.py:731} INFO - ::endgroup::
[2024-12-06T12:02:31.207+0000] {rabbitmq.py:33} INFO - Sending message {'path': 'inaturalist_data/atropelada_data/2024/12/06/atropelada_observations_120223.csv', 'source': 'Inaturalist', 'keyword': 'atropelada', 'extraction_date': 1733486551173856423} to rabbitmq channel environbit
[2024-12-06T12:02:31.213+0000] {python.py:240} INFO - Done. Returned value was: None
[2024-12-06T12:02:31.224+0000] {taskinstance.py:340} INFO - ::group::Post task execution logs
[2024-12-06T12:02:31.225+0000] {taskinstance.py:352} INFO - Marking task as SUCCESS. dag_id=get_inaturalist_data_atropelada, task_id=publish_message_for_transformation, run_id=scheduled__2024-12-05T15:30:00+00:00, execution_date=20241205T153000, start_date=20241206T120230, end_date=20241206T120231
[2024-12-06T12:02:31.239+0000] {logging_mixin.py:190} INFO - Task instance in success state
[2024-12-06T12:02:31.239+0000] {logging_mixin.py:190} INFO -  Previous state of the Task instance: running
[2024-12-06T12:02:31.240+0000] {logging_mixin.py:190} INFO - Dag name:get_inaturalist_data_atropelada queued_at:2024-12-06 12:02:07.816163+00:00
[2024-12-06T12:02:31.240+0000] {logging_mixin.py:190} INFO - Task hostname:ff91ab1fa443 operator:_PythonDecoratedOperator
[2024-12-06T12:02:31.270+0000] {local_task_job_runner.py:266} INFO - Task exited with return code 0
[2024-12-06T12:02:31.298+0000] {taskinstance.py:3900} INFO - 0 downstream tasks scheduled from follow-on schedule check
[2024-12-06T12:02:31.300+0000] {local_task_job_runner.py:245} INFO - ::endgroup::
