[2024-10-29T18:09:28.954+0000] {local_task_job_runner.py:123} INFO - ::group::Pre task execution logs
[2024-10-29T18:09:28.981+0000] {taskinstance.py:2612} INFO - Dependencies all met for dep_context=non-requeueable deps ti=<TaskInstance: biological_data_dag.get_specie_link manual__2024-10-29T18:09:18.419331+00:00 [queued]>
[2024-10-29T18:09:28.997+0000] {taskinstance.py:2612} INFO - Dependencies all met for dep_context=requeueable deps ti=<TaskInstance: biological_data_dag.get_specie_link manual__2024-10-29T18:09:18.419331+00:00 [queued]>
[2024-10-29T18:09:28.998+0000] {taskinstance.py:2865} INFO - Starting attempt 1 of 1
[2024-10-29T18:09:29.017+0000] {taskinstance.py:2888} INFO - Executing <Task(_PythonDecoratedOperator): get_specie_link> on 2024-10-29 18:09:18.419331+00:00
[2024-10-29T18:09:29.032+0000] {warnings.py:112} WARNING - /home/***/.local/lib/python3.12/site-packages/***/task/task_runner/standard_task_runner.py:70: DeprecationWarning: This process (pid=65) is multi-threaded, use of fork() may lead to deadlocks in the child.
  pid = os.fork()

[2024-10-29T18:09:29.034+0000] {standard_task_runner.py:72} INFO - Started process 78 to run task
[2024-10-29T18:09:29.035+0000] {standard_task_runner.py:104} INFO - Running: ['***', 'tasks', 'run', 'biological_data_dag', 'get_specie_link', 'manual__2024-10-29T18:09:18.419331+00:00', '--job-id', '175', '--raw', '--subdir', 'DAGS_FOLDER/biological_data_dag.py', '--cfg-path', '/tmp/tmpbvbj8fwv']
[2024-10-29T18:09:29.036+0000] {standard_task_runner.py:105} INFO - Job 175: Subtask get_specie_link
[2024-10-29T18:09:29.126+0000] {task_command.py:467} INFO - Running <TaskInstance: biological_data_dag.get_specie_link manual__2024-10-29T18:09:18.419331+00:00 [running]> on host 8b409d8ad50e
[2024-10-29T18:09:29.286+0000] {taskinstance.py:3131} INFO - Exporting env vars: AIRFLOW_CTX_DAG_OWNER='***' AIRFLOW_CTX_DAG_ID='biological_data_dag' AIRFLOW_CTX_TASK_ID='get_specie_link' AIRFLOW_CTX_EXECUTION_DATE='2024-10-29T18:09:18.419331+00:00' AIRFLOW_CTX_TRY_NUMBER='1' AIRFLOW_CTX_DAG_RUN_ID='manual__2024-10-29T18:09:18.419331+00:00'
[2024-10-29T18:09:29.288+0000] {logging_mixin.py:190} INFO - Task instance is in running state
[2024-10-29T18:09:29.288+0000] {logging_mixin.py:190} INFO -  Previous state of the Task instance: queued
[2024-10-29T18:09:29.289+0000] {logging_mixin.py:190} INFO - Current task name:get_specie_link state:running start_date:2024-10-29 18:09:28.981757+00:00
[2024-10-29T18:09:29.289+0000] {logging_mixin.py:190} INFO - Dag name:biological_data_dag and current dag run status:running
[2024-10-29T18:09:29.289+0000] {taskinstance.py:731} INFO - ::endgroup::
[2024-10-29T18:09:29.292+0000] {logging_mixin.py:190} INFO - len(species_list) 2322
[2024-10-29T18:09:29.293+0000] {logging_mixin.py:190} INFO - Constructed URL: https://www.iucnredlist.org/search?query=Ablepharus+kitaibelii&searchType=species
[2024-10-29T18:09:35.673+0000] {logging_mixin.py:190} INFO - Link for Ablepharus kitaibelii: https://www.iucnredlist.org/species/29691/115767606
[2024-10-29T18:09:35.776+0000] {logging_mixin.py:190} INFO - Constructed URL: https://www.iucnredlist.org/search?query=Acanthis+flammea&searchType=species
[2024-10-29T18:09:41.284+0000] {logging_mixin.py:190} INFO - Link for Acanthis flammea: https://www.iucnredlist.org/species/22725044/155292529
[2024-10-29T18:09:41.405+0000] {logging_mixin.py:190} INFO - Constructed URL: https://www.iucnredlist.org/search?query=Acanthochelys+spixii&searchType=species
[2024-10-29T18:09:47.640+0000] {logging_mixin.py:190} INFO - Link for Acanthochelys spixii: https://www.iucnredlist.org/species/76/97260200
[2024-10-29T18:09:47.708+0000] {logging_mixin.py:190} INFO - Constructed URL: https://www.iucnredlist.org/search?query=Acanthodactylus+erythrurus&searchType=species
[2024-10-29T18:09:52.140+0000] {logging_mixin.py:190} INFO - Link for Acanthodactylus erythrurus: https://www.iucnredlist.org/species/61456/12470495
[2024-10-29T18:09:52.205+0000] {logging_mixin.py:190} INFO - Constructed URL: https://www.iucnredlist.org/search?query=Accipiter+badius&searchType=species
[2024-10-29T18:09:58.318+0000] {logging_mixin.py:190} INFO - Link for Accipiter badius: https://www.iucnredlist.org/species/22695490/197951702
[2024-10-29T18:09:58.400+0000] {python.py:240} INFO - Done. Returned value was: ['https://www.iucnredlist.org/species/29691/115767606', 'https://www.iucnredlist.org/species/22725044/155292529', 'https://www.iucnredlist.org/species/76/97260200', 'https://www.iucnredlist.org/species/61456/12470495', 'https://www.iucnredlist.org/species/22695490/197951702']
[2024-10-29T18:09:58.444+0000] {taskinstance.py:340} INFO - ::group::Post task execution logs
[2024-10-29T18:09:58.444+0000] {taskinstance.py:352} INFO - Marking task as SUCCESS. dag_id=biological_data_dag, task_id=get_specie_link, run_id=manual__2024-10-29T18:09:18.419331+00:00, execution_date=20241029T180918, start_date=20241029T180928, end_date=20241029T180958
[2024-10-29T18:09:58.463+0000] {logging_mixin.py:190} INFO - Task instance in success state
[2024-10-29T18:09:58.466+0000] {logging_mixin.py:190} INFO -  Previous state of the Task instance: running
[2024-10-29T18:09:58.466+0000] {logging_mixin.py:190} INFO - Dag name:biological_data_dag queued_at:2024-10-29 18:09:18.431758+00:00
[2024-10-29T18:09:58.467+0000] {logging_mixin.py:190} INFO - Task hostname:8b409d8ad50e operator:_PythonDecoratedOperator
[2024-10-29T18:09:58.518+0000] {local_task_job_runner.py:266} INFO - Task exited with return code 0
[2024-10-29T18:09:58.566+0000] {taskinstance.py:3900} INFO - 1 downstream tasks scheduled from follow-on schedule check
[2024-10-29T18:09:58.568+0000] {local_task_job_runner.py:245} INFO - ::endgroup::
