[2024-12-03T15:59:07.648+0000] {local_task_job_runner.py:123} INFO - ::group::Pre task execution logs
[2024-12-03T15:59:07.682+0000] {taskinstance.py:2612} INFO - Dependencies all met for dep_context=non-requeueable deps ti=<TaskInstance: get_inaturalist_data_roadkill.get_all_data manual__2024-12-03T15:57:33.416443+00:00 [queued]>
[2024-12-03T15:59:07.703+0000] {taskinstance.py:2612} INFO - Dependencies all met for dep_context=requeueable deps ti=<TaskInstance: get_inaturalist_data_roadkill.get_all_data manual__2024-12-03T15:57:33.416443+00:00 [queued]>
[2024-12-03T15:59:07.704+0000] {taskinstance.py:2865} INFO - Starting attempt 2 of 5
[2024-12-03T15:59:07.727+0000] {taskinstance.py:2888} INFO - Executing <Task(_PythonDecoratedOperator): get_all_data> on 2024-12-03 15:57:33.416443+00:00
[2024-12-03T15:59:07.753+0000] {standard_task_runner.py:104} INFO - Running: ['***', 'tasks', 'run', 'get_inaturalist_data_roadkill', 'get_all_data', 'manual__2024-12-03T15:57:33.416443+00:00', '--job-id', '2218', '--raw', '--subdir', 'DAGS_FOLDER/inaturalist_dag.py', '--cfg-path', '/tmp/tmp0gw61_se']
[2024-12-03T15:59:07.755+0000] {standard_task_runner.py:105} INFO - Job 2218: Subtask get_all_data
[2024-12-03T15:59:07.751+0000] {warnings.py:112} WARNING - /home/***/.local/lib/python3.12/site-packages/***/task/task_runner/standard_task_runner.py:70: DeprecationWarning: This process (pid=308) is multi-threaded, use of fork() may lead to deadlocks in the child.
  pid = os.fork()

[2024-12-03T15:59:07.758+0000] {standard_task_runner.py:72} INFO - Started process 311 to run task
[2024-12-03T15:59:07.854+0000] {task_command.py:467} INFO - Running <TaskInstance: get_inaturalist_data_roadkill.get_all_data manual__2024-12-03T15:57:33.416443+00:00 [running]> on host 559daffc287d
[2024-12-03T15:59:08.117+0000] {taskinstance.py:3131} INFO - Exporting env vars: AIRFLOW_CTX_DAG_OWNER='***' AIRFLOW_CTX_DAG_ID='get_inaturalist_data_roadkill' AIRFLOW_CTX_TASK_ID='get_all_data' AIRFLOW_CTX_EXECUTION_DATE='2024-12-03T15:57:33.416443+00:00' AIRFLOW_CTX_TRY_NUMBER='2' AIRFLOW_CTX_DAG_RUN_ID='manual__2024-12-03T15:57:33.416443+00:00'
[2024-12-03T15:59:08.125+0000] {logging_mixin.py:190} INFO - Task instance is in running state
[2024-12-03T15:59:08.127+0000] {logging_mixin.py:190} INFO -  Previous state of the Task instance: queued
[2024-12-03T15:59:08.127+0000] {logging_mixin.py:190} INFO - Current task name:get_all_data state:running start_date:2024-12-03 15:59:07.683207+00:00
[2024-12-03T15:59:08.127+0000] {logging_mixin.py:190} INFO - Dag name:get_inaturalist_data_roadkill and current dag run status:running
[2024-12-03T15:59:08.128+0000] {taskinstance.py:731} INFO - ::endgroup::
[2024-12-03T15:59:08.129+0000] {inaturalist_dag.py:152} INFO - Getting data from keyword: roadkill
[2024-12-03T15:59:12.678+0000] {inaturalist_dag.py:164} INFO - Extracted 94 observations
[2024-12-03T15:59:16.588+0000] {inaturalist_dag.py:164} INFO - Extracted 190 observations
[2024-12-03T15:59:20.778+0000] {inaturalist_dag.py:164} INFO - Extracted 283 observations
[2024-12-03T15:59:24.773+0000] {inaturalist_dag.py:164} INFO - Extracted 382 observations
[2024-12-03T15:59:27.924+0000] {inaturalist_dag.py:164} INFO - Extracted 482 observations
[2024-12-03T15:59:29.977+0000] {inaturalist_dag.py:164} INFO - Extracted 577 observations
[2024-12-03T15:59:33.497+0000] {inaturalist_dag.py:164} INFO - Extracted 651 observations
[2024-12-03T15:59:37.502+0000] {inaturalist_dag.py:164} INFO - Extracted 751 observations
[2024-12-03T15:59:42.472+0000] {inaturalist_dag.py:164} INFO - Extracted 847 observations
[2024-12-03T15:59:46.869+0000] {inaturalist_dag.py:164} INFO - Extracted 947 observations
[2024-12-03T15:59:51.499+0000] {inaturalist_dag.py:164} INFO - Extracted 1043 observations
[2024-12-03T15:59:56.044+0000] {inaturalist_dag.py:164} INFO - Extracted 1137 observations
[2024-12-03T16:00:04.384+0000] {inaturalist_dag.py:164} INFO - Extracted 1237 observations
[2024-12-03T16:00:08.682+0000] {inaturalist_dag.py:164} INFO - Extracted 1332 observations
[2024-12-03T16:00:14.438+0000] {inaturalist_dag.py:164} INFO - Extracted 1425 observations
[2024-12-03T16:00:18.822+0000] {inaturalist_dag.py:164} INFO - Extracted 1524 observations
[2024-12-03T16:00:23.605+0000] {inaturalist_dag.py:164} INFO - Extracted 1623 observations
[2024-12-03T16:00:27.329+0000] {inaturalist_dag.py:164} INFO - Extracted 1718 observations
[2024-12-03T16:00:31.217+0000] {inaturalist_dag.py:164} INFO - Extracted 1815 observations
[2024-12-03T16:00:35.069+0000] {inaturalist_dag.py:164} INFO - Extracted 1913 observations
[2024-12-03T16:00:40.148+0000] {inaturalist_dag.py:164} INFO - Extracted 2012 observations
[2024-12-03T16:00:43.009+0000] {inaturalist_dag.py:164} INFO - Extracted 2110 observations
[2024-12-03T16:00:44.581+0000] {inaturalist_dag.py:164} INFO - Extracted 2203 observations
[2024-12-03T16:00:48.385+0000] {inaturalist_dag.py:164} INFO - Extracted 2291 observations
[2024-12-03T16:00:50.455+0000] {inaturalist_dag.py:164} INFO - Extracted 2383 observations
[2024-12-03T16:00:52.466+0000] {inaturalist_dag.py:164} INFO - Extracted 2476 observations
[2024-12-03T16:00:54.146+0000] {inaturalist_dag.py:164} INFO - Extracted 2571 observations
[2024-12-03T16:00:56.078+0000] {inaturalist_dag.py:164} INFO - Extracted 2670 observations
[2024-12-03T16:00:57.381+0000] {inaturalist_dag.py:164} INFO - Extracted 2769 observations
[2024-12-03T16:00:58.614+0000] {inaturalist_dag.py:164} INFO - Extracted 2859 observations
[2024-12-03T16:00:59.917+0000] {inaturalist_dag.py:164} INFO - Extracted 2940 observations
[2024-12-03T16:01:03.082+0000] {inaturalist_dag.py:164} INFO - Extracted 3036 observations
[2024-12-03T16:01:04.617+0000] {inaturalist_dag.py:164} INFO - Extracted 3125 observations
[2024-12-03T16:01:06.015+0000] {inaturalist_dag.py:164} INFO - Extracted 3217 observations
[2024-12-03T16:01:07.648+0000] {inaturalist_dag.py:164} INFO - Extracted 3309 observations
[2024-12-03T16:01:08.996+0000] {inaturalist_dag.py:164} INFO - Extracted 3403 observations
[2024-12-03T16:01:10.464+0000] {inaturalist_dag.py:164} INFO - Extracted 3502 observations
[2024-12-03T16:01:12.448+0000] {inaturalist_dag.py:164} INFO - Extracted 3602 observations
[2024-12-03T16:01:13.776+0000] {inaturalist_dag.py:164} INFO - Extracted 3691 observations
[2024-12-03T16:01:15.097+0000] {inaturalist_dag.py:164} INFO - Extracted 3776 observations
[2024-12-03T16:01:17.530+0000] {inaturalist_dag.py:164} INFO - Extracted 3871 observations
[2024-12-03T16:01:19.792+0000] {inaturalist_dag.py:164} INFO - Extracted 3970 observations
[2024-12-03T16:01:22.204+0000] {inaturalist_dag.py:164} INFO - Extracted 4068 observations
[2024-12-03T16:01:24.833+0000] {inaturalist_dag.py:164} INFO - Extracted 4158 observations
[2024-12-03T16:01:31.475+0000] {inaturalist_dag.py:164} INFO - Extracted 4252 observations
