[2024-10-31T11:55:48.221+0000] {local_task_job_runner.py:123} INFO - ::group::Pre task execution logs
[2024-10-31T11:55:48.324+0000] {taskinstance.py:2612} INFO - Dependencies all met for dep_context=non-requeueable deps ti=<TaskInstance: get_inaturalist_data_atropelada.get_all_data scheduled__2024-10-31T11:00:00+00:00 [queued]>
[2024-10-31T11:55:48.344+0000] {taskinstance.py:2612} INFO - Dependencies all met for dep_context=requeueable deps ti=<TaskInstance: get_inaturalist_data_atropelada.get_all_data scheduled__2024-10-31T11:00:00+00:00 [queued]>
[2024-10-31T11:55:48.345+0000] {taskinstance.py:2865} INFO - Starting attempt 1 of 4
[2024-10-31T11:55:48.377+0000] {taskinstance.py:2888} INFO - Executing <Task(_PythonDecoratedOperator): get_all_data> on 2024-10-31 11:00:00+00:00
[2024-10-31T11:55:48.432+0000] {warnings.py:112} WARNING - /home/***/.local/lib/python3.12/site-packages/***/task/task_runner/standard_task_runner.py:70: DeprecationWarning: This process (pid=66) is multi-threaded, use of fork() may lead to deadlocks in the child.
  pid = os.fork()

[2024-10-31T11:55:48.439+0000] {standard_task_runner.py:72} INFO - Started process 88 to run task
[2024-10-31T11:55:48.495+0000] {standard_task_runner.py:104} INFO - Running: ['***', 'tasks', 'run', 'get_inaturalist_data_atropelada', 'get_all_data', 'scheduled__2024-10-31T11:00:00+00:00', '--job-id', '263', '--raw', '--subdir', 'DAGS_FOLDER/inaturalist_dag.py', '--cfg-path', '/tmp/tmpp6g90s2p']
[2024-10-31T11:55:48.524+0000] {standard_task_runner.py:105} INFO - Job 263: Subtask get_all_data
[2024-10-31T11:55:49.475+0000] {task_command.py:467} INFO - Running <TaskInstance: get_inaturalist_data_atropelada.get_all_data scheduled__2024-10-31T11:00:00+00:00 [running]> on host 587c00f37f8c
[2024-10-31T11:55:50.301+0000] {taskinstance.py:3131} INFO - Exporting env vars: AIRFLOW_CTX_DAG_OWNER='***' AIRFLOW_CTX_DAG_ID='get_inaturalist_data_atropelada' AIRFLOW_CTX_TASK_ID='get_all_data' AIRFLOW_CTX_EXECUTION_DATE='2024-10-31T11:00:00+00:00' AIRFLOW_CTX_TRY_NUMBER='1' AIRFLOW_CTX_DAG_RUN_ID='scheduled__2024-10-31T11:00:00+00:00'
[2024-10-31T11:55:50.319+0000] {logging_mixin.py:190} INFO - Task instance is in running state
[2024-10-31T11:55:50.319+0000] {logging_mixin.py:190} INFO -  Previous state of the Task instance: queued
[2024-10-31T11:55:50.320+0000] {logging_mixin.py:190} INFO - Current task name:get_all_data state:running start_date:2024-10-31 11:55:48.325132+00:00
[2024-10-31T11:55:50.321+0000] {logging_mixin.py:190} INFO - Dag name:get_inaturalist_data_atropelada and current dag run status:running
[2024-10-31T11:55:50.322+0000] {taskinstance.py:731} INFO - ::endgroup::
[2024-10-31T11:55:50.324+0000] {inaturalist_dag.py:129} INFO - Getting data from keyword: atropelada
[2024-10-31T11:55:52.171+0000] {inaturalist_dag.py:135} INFO - No more observations found, stopping.
[2024-10-31T11:55:52.231+0000] {crypto.py:82} WARNING - empty cryptography key - values will not be stored encrypted.
[2024-10-31T11:55:52.275+0000] {python.py:240} INFO - Done. Returned value was: []
[2024-10-31T11:55:52.453+0000] {taskinstance.py:340} INFO - ::group::Post task execution logs
[2024-10-31T11:55:52.454+0000] {taskinstance.py:352} INFO - Marking task as SUCCESS. dag_id=get_inaturalist_data_atropelada, task_id=get_all_data, run_id=scheduled__2024-10-31T11:00:00+00:00, execution_date=20241031T110000, start_date=20241031T115548, end_date=20241031T115552
[2024-10-31T11:55:52.499+0000] {logging_mixin.py:190} INFO - Task instance in success state
[2024-10-31T11:55:52.500+0000] {logging_mixin.py:190} INFO -  Previous state of the Task instance: running
[2024-10-31T11:55:52.503+0000] {logging_mixin.py:190} INFO - Dag name:get_inaturalist_data_atropelada queued_at:2024-10-31 11:55:28.591176+00:00
[2024-10-31T11:55:52.512+0000] {logging_mixin.py:190} INFO - Task hostname:587c00f37f8c operator:_PythonDecoratedOperator
[2024-10-31T11:55:52.622+0000] {local_task_job_runner.py:266} INFO - Task exited with return code 0
[2024-10-31T11:55:52.751+0000] {taskinstance.py:3900} INFO - 0 downstream tasks scheduled from follow-on schedule check
[2024-10-31T11:55:52.766+0000] {local_task_job_runner.py:245} INFO - ::endgroup::
