[2024-10-28T15:06:25.026+0000] {local_task_job_runner.py:123} INFO - ::group::Pre task execution logs
[2024-10-28T15:06:25.061+0000] {taskinstance.py:2612} INFO - Dependencies all met for dep_context=non-requeueable deps ti=<TaskInstance: get_inaturalist_data_atropelada.save_data manual__2024-10-28T14:50:07.324948+00:00 [queued]>
[2024-10-28T15:06:25.075+0000] {taskinstance.py:2612} INFO - Dependencies all met for dep_context=requeueable deps ti=<TaskInstance: get_inaturalist_data_atropelada.save_data manual__2024-10-28T14:50:07.324948+00:00 [queued]>
[2024-10-28T15:06:25.075+0000] {taskinstance.py:2865} INFO - Starting attempt 3 of 5
[2024-10-28T15:06:25.106+0000] {taskinstance.py:2888} INFO - Executing <Task(_PythonDecoratedOperator): save_data> on 2024-10-28 14:50:07.324948+00:00
[2024-10-28T15:06:25.137+0000] {warnings.py:112} WARNING - /home/***/.local/lib/python3.12/site-packages/***/task/task_runner/standard_task_runner.py:70: DeprecationWarning: This process (pid=207) is multi-threaded, use of fork() may lead to deadlocks in the child.
  pid = os.fork()

[2024-10-28T15:06:25.139+0000] {standard_task_runner.py:72} INFO - Started process 209 to run task
[2024-10-28T15:06:25.141+0000] {standard_task_runner.py:104} INFO - Running: ['***', 'tasks', 'run', 'get_inaturalist_data_atropelada', 'save_data', 'manual__2024-10-28T14:50:07.324948+00:00', '--job-id', '72', '--raw', '--subdir', 'DAGS_FOLDER/inaturalist_dag.py', '--cfg-path', '/tmp/tmpexj_r81u']
[2024-10-28T15:06:25.144+0000] {standard_task_runner.py:105} INFO - Job 72: Subtask save_data
[2024-10-28T15:06:25.244+0000] {task_command.py:467} INFO - Running <TaskInstance: get_inaturalist_data_atropelada.save_data manual__2024-10-28T14:50:07.324948+00:00 [running]> on host d4434c1c111a
[2024-10-28T15:06:25.523+0000] {taskinstance.py:3131} INFO - Exporting env vars: AIRFLOW_CTX_DAG_OWNER='***' AIRFLOW_CTX_DAG_ID='get_inaturalist_data_atropelada' AIRFLOW_CTX_TASK_ID='save_data' AIRFLOW_CTX_EXECUTION_DATE='2024-10-28T14:50:07.324948+00:00' AIRFLOW_CTX_TRY_NUMBER='3' AIRFLOW_CTX_DAG_RUN_ID='manual__2024-10-28T14:50:07.324948+00:00'
[2024-10-28T15:06:25.528+0000] {logging_mixin.py:190} INFO - Task instance is in running state
[2024-10-28T15:06:25.528+0000] {logging_mixin.py:190} INFO -  Previous state of the Task instance: queued
[2024-10-28T15:06:25.531+0000] {logging_mixin.py:190} INFO - Current task name:save_data state:running start_date:2024-10-28 15:06:25.061693+00:00
[2024-10-28T15:06:25.531+0000] {logging_mixin.py:190} INFO - Dag name:get_inaturalist_data_atropelada and current dag run status:running
[2024-10-28T15:06:25.532+0000] {taskinstance.py:731} INFO - ::endgroup::
[2024-10-28T15:06:25.536+0000] {inaturalist_dag.py:165} INFO - No new observations to store.
[2024-10-28T15:06:25.537+0000] {python.py:240} INFO - Done. Returned value was: None
[2024-10-28T15:06:25.559+0000] {taskinstance.py:340} INFO - ::group::Post task execution logs
[2024-10-28T15:06:25.561+0000] {taskinstance.py:352} INFO - Marking task as SUCCESS. dag_id=get_inaturalist_data_atropelada, task_id=save_data, run_id=manual__2024-10-28T14:50:07.324948+00:00, execution_date=20241028T145007, start_date=20241028T150625, end_date=20241028T150625
[2024-10-28T15:06:25.593+0000] {logging_mixin.py:190} INFO - Task instance in success state
[2024-10-28T15:06:25.595+0000] {logging_mixin.py:190} INFO -  Previous state of the Task instance: running
[2024-10-28T15:06:25.595+0000] {logging_mixin.py:190} INFO - Dag name:get_inaturalist_data_atropelada queued_at:2024-10-28 14:50:57.352169+00:00
[2024-10-28T15:06:25.597+0000] {logging_mixin.py:190} INFO - Task hostname:d4434c1c111a operator:_PythonDecoratedOperator
[2024-10-28T15:06:25.638+0000] {local_task_job_runner.py:266} INFO - Task exited with return code 0
[2024-10-28T15:06:25.695+0000] {taskinstance.py:3900} INFO - 0 downstream tasks scheduled from follow-on schedule check
[2024-10-28T15:06:25.708+0000] {local_task_job_runner.py:245} INFO - ::endgroup::
