[2024-11-21T12:08:20.431+0000] {local_task_job_runner.py:123} INFO - ::group::Pre task execution logs
[2024-11-21T12:08:20.456+0000] {taskinstance.py:2612} INFO - Dependencies all met for dep_context=non-requeueable deps ti=<TaskInstance: get_inaturalist_data_atropelada.save_data manual__2024-11-21T12:08:09.920518+00:00 [queued]>
[2024-11-21T12:08:20.466+0000] {taskinstance.py:2612} INFO - Dependencies all met for dep_context=requeueable deps ti=<TaskInstance: get_inaturalist_data_atropelada.save_data manual__2024-11-21T12:08:09.920518+00:00 [queued]>
[2024-11-21T12:08:20.466+0000] {taskinstance.py:2865} INFO - Starting attempt 1 of 4
[2024-11-21T12:08:20.491+0000] {taskinstance.py:2888} INFO - Executing <Task(_PythonDecoratedOperator): save_data> on 2024-11-21 12:08:09.920518+00:00
[2024-11-21T12:08:20.499+0000] {warnings.py:112} WARNING - /home/***/.local/lib/python3.12/site-packages/***/task/task_runner/standard_task_runner.py:70: DeprecationWarning: This process (pid=126) is multi-threaded, use of fork() may lead to deadlocks in the child.
  pid = os.fork()

[2024-11-21T12:08:20.502+0000] {standard_task_runner.py:72} INFO - Started process 129 to run task
[2024-11-21T12:08:20.502+0000] {standard_task_runner.py:104} INFO - Running: ['***', 'tasks', 'run', 'get_inaturalist_data_atropelada', 'save_data', 'manual__2024-11-21T12:08:09.920518+00:00', '--job-id', '845', '--raw', '--subdir', 'DAGS_FOLDER/inaturalist_dag.py', '--cfg-path', '/tmp/tmp82q066m2']
[2024-11-21T12:08:20.505+0000] {standard_task_runner.py:105} INFO - Job 845: Subtask save_data
[2024-11-21T12:08:20.559+0000] {task_command.py:467} INFO - Running <TaskInstance: get_inaturalist_data_atropelada.save_data manual__2024-11-21T12:08:09.920518+00:00 [running]> on host 4e920529e77f
[2024-11-21T12:08:20.702+0000] {taskinstance.py:3131} INFO - Exporting env vars: AIRFLOW_CTX_DAG_OWNER='***' AIRFLOW_CTX_DAG_ID='get_inaturalist_data_atropelada' AIRFLOW_CTX_TASK_ID='save_data' AIRFLOW_CTX_EXECUTION_DATE='2024-11-21T12:08:09.920518+00:00' AIRFLOW_CTX_TRY_NUMBER='1' AIRFLOW_CTX_DAG_RUN_ID='manual__2024-11-21T12:08:09.920518+00:00'
[2024-11-21T12:08:20.705+0000] {logging_mixin.py:190} INFO - Task instance is in running state
[2024-11-21T12:08:20.706+0000] {logging_mixin.py:190} INFO -  Previous state of the Task instance: queued
[2024-11-21T12:08:20.706+0000] {logging_mixin.py:190} INFO - Current task name:save_data state:running start_date:2024-11-21 12:08:20.456832+00:00
[2024-11-21T12:08:20.707+0000] {logging_mixin.py:190} INFO - Dag name:get_inaturalist_data_atropelada and current dag run status:running
[2024-11-21T12:08:20.708+0000] {taskinstance.py:731} INFO - ::endgroup::
[2024-11-21T12:08:20.864+0000] {minio.py:40} INFO - created inaturalist_data/atropelada_data/2024/11/21/atropelada_observations_120813.json object; etag: 655600a04a8a705809213866d4203693, version-id: None
[2024-11-21T12:08:20.864+0000] {minio.py:42} INFO - Data successfully uploaded to MinIO in bucket environbit under inaturalist_data/atropelada_data/2024/11/21/atropelada_observations_120813.json
[2024-11-21T12:08:20.865+0000] {python.py:240} INFO - Done. Returned value was: None
[2024-11-21T12:08:20.877+0000] {taskinstance.py:340} INFO - ::group::Post task execution logs
[2024-11-21T12:08:20.878+0000] {taskinstance.py:352} INFO - Marking task as SUCCESS. dag_id=get_inaturalist_data_atropelada, task_id=save_data, run_id=manual__2024-11-21T12:08:09.920518+00:00, execution_date=20241121T120809, start_date=20241121T120820, end_date=20241121T120820
[2024-11-21T12:08:20.893+0000] {logging_mixin.py:190} INFO - Task instance in success state
[2024-11-21T12:08:20.893+0000] {logging_mixin.py:190} INFO -  Previous state of the Task instance: running
[2024-11-21T12:08:20.894+0000] {logging_mixin.py:190} INFO - Dag name:get_inaturalist_data_atropelada queued_at:2024-11-21 12:08:09.941714+00:00
[2024-11-21T12:08:20.894+0000] {logging_mixin.py:190} INFO - Task hostname:4e920529e77f operator:_PythonDecoratedOperator
[2024-11-21T12:08:20.918+0000] {local_task_job_runner.py:266} INFO - Task exited with return code 0
[2024-11-21T12:08:20.945+0000] {taskinstance.py:3900} INFO - 0 downstream tasks scheduled from follow-on schedule check
[2024-11-21T12:08:20.952+0000] {local_task_job_runner.py:245} INFO - ::endgroup::
