[2024-12-03T15:26:35.326+0000] {local_task_job_runner.py:123} INFO - ::group::Pre task execution logs
[2024-12-03T15:26:35.371+0000] {taskinstance.py:2612} INFO - Dependencies all met for dep_context=non-requeueable deps ti=<TaskInstance: get_gbif_data_atropelamento.process_data scheduled__2024-12-03T14:30:00+00:00 [queued]>
[2024-12-03T15:26:35.416+0000] {taskinstance.py:2612} INFO - Dependencies all met for dep_context=requeueable deps ti=<TaskInstance: get_gbif_data_atropelamento.process_data scheduled__2024-12-03T14:30:00+00:00 [queued]>
[2024-12-03T15:26:35.417+0000] {taskinstance.py:2865} INFO - Starting attempt 1 of 4
[2024-12-03T15:26:35.515+0000] {taskinstance.py:2888} INFO - Executing <Task(_PythonDecoratedOperator): process_data> on 2024-12-03 14:30:00+00:00
[2024-12-03T15:26:35.622+0000] {warnings.py:112} WARNING - /home/***/.local/lib/python3.12/site-packages/***/task/task_runner/standard_task_runner.py:70: DeprecationWarning: This process (pid=57) is multi-threaded, use of fork() may lead to deadlocks in the child.
  pid = os.fork()

[2024-12-03T15:26:35.625+0000] {standard_task_runner.py:72} INFO - Started process 93 to run task
[2024-12-03T15:26:35.630+0000] {standard_task_runner.py:104} INFO - Running: ['***', 'tasks', 'run', 'get_gbif_data_atropelamento', 'process_data', 'scheduled__2024-12-03T14:30:00+00:00', '--job-id', '2179', '--raw', '--subdir', 'DAGS_FOLDER/gbif_dag.py', '--cfg-path', '/tmp/tmpck111oyy']
[2024-12-03T15:26:35.632+0000] {standard_task_runner.py:105} INFO - Job 2179: Subtask process_data
[2024-12-03T15:26:36.067+0000] {task_command.py:467} INFO - Running <TaskInstance: get_gbif_data_atropelamento.process_data scheduled__2024-12-03T14:30:00+00:00 [running]> on host 559daffc287d
[2024-12-03T15:26:36.703+0000] {taskinstance.py:3131} INFO - Exporting env vars: AIRFLOW_CTX_DAG_OWNER='***' AIRFLOW_CTX_DAG_ID='get_gbif_data_atropelamento' AIRFLOW_CTX_TASK_ID='process_data' AIRFLOW_CTX_EXECUTION_DATE='2024-12-03T14:30:00+00:00' AIRFLOW_CTX_TRY_NUMBER='1' AIRFLOW_CTX_DAG_RUN_ID='scheduled__2024-12-03T14:30:00+00:00'
[2024-12-03T15:26:36.705+0000] {logging_mixin.py:190} INFO - Task instance is in running state
[2024-12-03T15:26:36.731+0000] {logging_mixin.py:190} INFO -  Previous state of the Task instance: queued
[2024-12-03T15:26:36.731+0000] {logging_mixin.py:190} INFO - Current task name:process_data state:running start_date:2024-12-03 15:26:35.371822+00:00
[2024-12-03T15:26:36.732+0000] {logging_mixin.py:190} INFO - Dag name:get_gbif_data_atropelamento and current dag run status:running
[2024-12-03T15:26:36.732+0000] {taskinstance.py:731} INFO - ::endgroup::
[2024-12-03T15:26:36.742+0000] {gbif_dag.py:260} INFO - No new occurrences to process
[2024-12-03T15:26:36.743+0000] {taskinstance.py:301} INFO - No occurrences to process
[2024-12-03T15:26:36.848+0000] {taskinstance.py:340} INFO - ::group::Post task execution logs
[2024-12-03T15:26:36.849+0000] {taskinstance.py:352} INFO - Marking task as SKIPPED. dag_id=get_gbif_data_atropelamento, task_id=process_data, run_id=scheduled__2024-12-03T14:30:00+00:00, execution_date=20241203T143000, start_date=20241203T152635, end_date=20241203T152636
[2024-12-03T15:26:36.941+0000] {local_task_job_runner.py:266} INFO - Task exited with return code 0
[2024-12-03T15:26:37.172+0000] {taskinstance.py:3900} INFO - 0 downstream tasks scheduled from follow-on schedule check
[2024-12-03T15:26:37.198+0000] {local_task_job_runner.py:245} INFO - ::endgroup::
