[2024-11-25T10:30:10.485+0000] {local_task_job_runner.py:123} INFO - ::group::Pre task execution logs
[2024-11-25T10:30:10.511+0000] {taskinstance.py:2612} INFO - Dependencies all met for dep_context=non-requeueable deps ti=<TaskInstance: get_inaturalist_data_atropelamento.get_all_data scheduled__2024-11-25T10:00:00+00:00 [queued]>
[2024-11-25T10:30:10.523+0000] {taskinstance.py:2612} INFO - Dependencies all met for dep_context=requeueable deps ti=<TaskInstance: get_inaturalist_data_atropelamento.get_all_data scheduled__2024-11-25T10:00:00+00:00 [queued]>
[2024-11-25T10:30:10.523+0000] {taskinstance.py:2865} INFO - Starting attempt 1 of 4
[2024-11-25T10:30:10.558+0000] {taskinstance.py:2888} INFO - Executing <Task(_PythonDecoratedOperator): get_all_data> on 2024-11-25 10:00:00+00:00
[2024-11-25T10:30:10.571+0000] {warnings.py:112} WARNING - /home/***/.local/lib/python3.12/site-packages/***/task/task_runner/standard_task_runner.py:70: DeprecationWarning: This process (pid=577) is multi-threaded, use of fork() may lead to deadlocks in the child.
  pid = os.fork()

[2024-11-25T10:30:10.573+0000] {standard_task_runner.py:72} INFO - Started process 598 to run task
[2024-11-25T10:30:10.574+0000] {standard_task_runner.py:104} INFO - Running: ['***', 'tasks', 'run', 'get_inaturalist_data_atropelamento', 'get_all_data', 'scheduled__2024-11-25T10:00:00+00:00', '--job-id', '1294', '--raw', '--subdir', 'DAGS_FOLDER/inaturalist_dag.py', '--cfg-path', '/tmp/tmp6inmfmdu']
[2024-11-25T10:30:10.575+0000] {standard_task_runner.py:105} INFO - Job 1294: Subtask get_all_data
[2024-11-25T10:30:10.635+0000] {task_command.py:467} INFO - Running <TaskInstance: get_inaturalist_data_atropelamento.get_all_data scheduled__2024-11-25T10:00:00+00:00 [running]> on host bedd18328759
[2024-11-25T10:30:10.759+0000] {taskinstance.py:3131} INFO - Exporting env vars: AIRFLOW_CTX_DAG_OWNER='***' AIRFLOW_CTX_DAG_ID='get_inaturalist_data_atropelamento' AIRFLOW_CTX_TASK_ID='get_all_data' AIRFLOW_CTX_EXECUTION_DATE='2024-11-25T10:00:00+00:00' AIRFLOW_CTX_TRY_NUMBER='1' AIRFLOW_CTX_DAG_RUN_ID='scheduled__2024-11-25T10:00:00+00:00'
[2024-11-25T10:30:10.760+0000] {logging_mixin.py:190} INFO - Task instance is in running state
[2024-11-25T10:30:10.761+0000] {logging_mixin.py:190} INFO -  Previous state of the Task instance: queued
[2024-11-25T10:30:10.761+0000] {logging_mixin.py:190} INFO - Current task name:get_all_data state:running start_date:2024-11-25 10:30:10.512135+00:00
[2024-11-25T10:30:10.761+0000] {logging_mixin.py:190} INFO - Dag name:get_inaturalist_data_atropelamento and current dag run status:running
[2024-11-25T10:30:10.762+0000] {taskinstance.py:731} INFO - ::endgroup::
[2024-11-25T10:30:10.763+0000] {inaturalist_dag.py:156} INFO - Getting data from keyword: atropelamento
[2024-11-25T10:30:12.314+0000] {inaturalist_dag.py:70} INFO - Found 0
[2024-11-25T10:30:12.316+0000] {inaturalist_dag.py:162} INFO - No more observations found, stopping.
[2024-11-25T10:30:12.326+0000] {crypto.py:82} WARNING - empty cryptography key - values will not be stored encrypted.
[2024-11-25T10:30:12.340+0000] {python.py:240} INFO - Done. Returned value was: []
[2024-11-25T10:30:12.398+0000] {taskinstance.py:340} INFO - ::group::Post task execution logs
[2024-11-25T10:30:12.399+0000] {taskinstance.py:352} INFO - Marking task as SUCCESS. dag_id=get_inaturalist_data_atropelamento, task_id=get_all_data, run_id=scheduled__2024-11-25T10:00:00+00:00, execution_date=20241125T100000, start_date=20241125T103010, end_date=20241125T103012
[2024-11-25T10:30:12.426+0000] {logging_mixin.py:190} INFO - Task instance in success state
[2024-11-25T10:30:12.427+0000] {logging_mixin.py:190} INFO -  Previous state of the Task instance: running
[2024-11-25T10:30:12.427+0000] {logging_mixin.py:190} INFO - Dag name:get_inaturalist_data_atropelamento queued_at:2024-11-25 10:30:00.533901+00:00
[2024-11-25T10:30:12.428+0000] {logging_mixin.py:190} INFO - Task hostname:bedd18328759 operator:_PythonDecoratedOperator
[2024-11-25T10:30:12.478+0000] {local_task_job_runner.py:266} INFO - Task exited with return code 0
[2024-11-25T10:30:12.505+0000] {taskinstance.py:3900} INFO - 1 downstream tasks scheduled from follow-on schedule check
[2024-11-25T10:30:12.508+0000] {local_task_job_runner.py:245} INFO - ::endgroup::
