[2024-12-02T11:30:56.622+0000] {local_task_job_runner.py:123} INFO - ::group::Pre task execution logs
[2024-12-02T11:30:56.687+0000] {taskinstance.py:2612} INFO - Dependencies all met for dep_context=non-requeueable deps ti=<TaskInstance: get_gbif_data_roadkill.process_data manual__2024-12-02T11:30:46.533269+00:00 [queued]>
[2024-12-02T11:30:56.725+0000] {taskinstance.py:2612} INFO - Dependencies all met for dep_context=requeueable deps ti=<TaskInstance: get_gbif_data_roadkill.process_data manual__2024-12-02T11:30:46.533269+00:00 [queued]>
[2024-12-02T11:30:56.727+0000] {taskinstance.py:2865} INFO - Starting attempt 1 of 4
[2024-12-02T11:30:56.760+0000] {taskinstance.py:2888} INFO - Executing <Task(_PythonDecoratedOperator): process_data> on 2024-12-02 11:30:46.533269+00:00
[2024-12-02T11:30:56.789+0000] {warnings.py:112} WARNING - /home/***/.local/lib/python3.12/site-packages/***/task/task_runner/standard_task_runner.py:70: DeprecationWarning: This process (pid=623) is multi-threaded, use of fork() may lead to deadlocks in the child.
  pid = os.fork()

[2024-12-02T11:30:56.792+0000] {standard_task_runner.py:72} INFO - Started process 626 to run task
[2024-12-02T11:30:56.799+0000] {standard_task_runner.py:104} INFO - Running: ['***', 'tasks', 'run', 'get_gbif_data_roadkill', 'process_data', 'manual__2024-12-02T11:30:46.533269+00:00', '--job-id', '2047', '--raw', '--subdir', 'DAGS_FOLDER/gbif_dag.py', '--cfg-path', '/tmp/tmpx7bbynpc']
[2024-12-02T11:30:56.801+0000] {standard_task_runner.py:105} INFO - Job 2047: Subtask process_data
[2024-12-02T11:30:56.974+0000] {task_command.py:467} INFO - Running <TaskInstance: get_gbif_data_roadkill.process_data manual__2024-12-02T11:30:46.533269+00:00 [running]> on host 59d51ca962df
[2024-12-02T11:30:57.412+0000] {taskinstance.py:3131} INFO - Exporting env vars: AIRFLOW_CTX_DAG_OWNER='***' AIRFLOW_CTX_DAG_ID='get_gbif_data_roadkill' AIRFLOW_CTX_TASK_ID='process_data' AIRFLOW_CTX_EXECUTION_DATE='2024-12-02T11:30:46.533269+00:00' AIRFLOW_CTX_TRY_NUMBER='1' AIRFLOW_CTX_DAG_RUN_ID='manual__2024-12-02T11:30:46.533269+00:00'
[2024-12-02T11:30:57.415+0000] {logging_mixin.py:190} INFO - Task instance is in running state
[2024-12-02T11:30:57.416+0000] {logging_mixin.py:190} INFO -  Previous state of the Task instance: queued
[2024-12-02T11:30:57.416+0000] {logging_mixin.py:190} INFO - Current task name:process_data state:running start_date:2024-12-02 11:30:56.690335+00:00
[2024-12-02T11:30:57.416+0000] {logging_mixin.py:190} INFO - Dag name:get_gbif_data_roadkill and current dag run status:running
[2024-12-02T11:30:57.417+0000] {taskinstance.py:731} INFO - ::endgroup::
[2024-12-02T11:30:57.418+0000] {gbif_dag.py:260} INFO - No new occurrences to process
[2024-12-02T11:30:57.418+0000] {taskinstance.py:301} INFO - No occurrences to process
[2024-12-02T11:30:57.490+0000] {taskinstance.py:340} INFO - ::group::Post task execution logs
[2024-12-02T11:30:57.492+0000] {taskinstance.py:352} INFO - Marking task as SKIPPED. dag_id=get_gbif_data_roadkill, task_id=process_data, run_id=manual__2024-12-02T11:30:46.533269+00:00, execution_date=20241202T113046, start_date=20241202T113056, end_date=20241202T113057
[2024-12-02T11:30:57.601+0000] {local_task_job_runner.py:266} INFO - Task exited with return code 0
[2024-12-02T11:30:57.695+0000] {taskinstance.py:3900} INFO - 0 downstream tasks scheduled from follow-on schedule check
[2024-12-02T11:30:57.709+0000] {local_task_job_runner.py:245} INFO - ::endgroup::
