[2024-12-06T12:02:26.712+0000] {local_task_job_runner.py:123} INFO - ::group::Pre task execution logs
[2024-12-06T12:02:26.733+0000] {taskinstance.py:2612} INFO - Dependencies all met for dep_context=non-requeueable deps ti=<TaskInstance: get_inaturalist_data_roadkill.save_data scheduled__2024-12-05T15:30:00+00:00 [queued]>
[2024-12-06T12:02:26.744+0000] {taskinstance.py:2612} INFO - Dependencies all met for dep_context=requeueable deps ti=<TaskInstance: get_inaturalist_data_roadkill.save_data scheduled__2024-12-05T15:30:00+00:00 [queued]>
[2024-12-06T12:02:26.745+0000] {taskinstance.py:2865} INFO - Starting attempt 1 of 4
[2024-12-06T12:02:26.766+0000] {taskinstance.py:2888} INFO - Executing <Task(_PythonDecoratedOperator): save_data> on 2024-12-05 15:30:00+00:00
[2024-12-06T12:02:26.776+0000] {warnings.py:112} WARNING - /home/***/.local/lib/python3.12/site-packages/***/task/task_runner/standard_task_runner.py:70: DeprecationWarning: This process (pid=101) is multi-threaded, use of fork() may lead to deadlocks in the child.
  pid = os.fork()

[2024-12-06T12:02:26.778+0000] {standard_task_runner.py:72} INFO - Started process 109 to run task
[2024-12-06T12:02:26.779+0000] {standard_task_runner.py:104} INFO - Running: ['***', 'tasks', 'run', 'get_inaturalist_data_roadkill', 'save_data', 'scheduled__2024-12-05T15:30:00+00:00', '--job-id', '2549', '--raw', '--subdir', 'DAGS_FOLDER/inaturalist_dag.py', '--cfg-path', '/tmp/tmpxrtw7qjo']
[2024-12-06T12:02:26.780+0000] {standard_task_runner.py:105} INFO - Job 2549: Subtask save_data
[2024-12-06T12:02:26.858+0000] {task_command.py:467} INFO - Running <TaskInstance: get_inaturalist_data_roadkill.save_data scheduled__2024-12-05T15:30:00+00:00 [running]> on host ff91ab1fa443
[2024-12-06T12:02:27.151+0000] {taskinstance.py:3131} INFO - Exporting env vars: AIRFLOW_CTX_DAG_OWNER='***' AIRFLOW_CTX_DAG_ID='get_inaturalist_data_roadkill' AIRFLOW_CTX_TASK_ID='save_data' AIRFLOW_CTX_EXECUTION_DATE='2024-12-05T15:30:00+00:00' AIRFLOW_CTX_TRY_NUMBER='1' AIRFLOW_CTX_DAG_RUN_ID='scheduled__2024-12-05T15:30:00+00:00'
[2024-12-06T12:02:27.154+0000] {logging_mixin.py:190} INFO - Task instance is in running state
[2024-12-06T12:02:27.155+0000] {logging_mixin.py:190} INFO -  Previous state of the Task instance: queued
[2024-12-06T12:02:27.156+0000] {logging_mixin.py:190} INFO - Current task name:save_data state:running start_date:2024-12-06 12:02:26.734305+00:00
[2024-12-06T12:02:27.156+0000] {logging_mixin.py:190} INFO - Dag name:get_inaturalist_data_roadkill and current dag run status:running
[2024-12-06T12:02:27.156+0000] {taskinstance.py:731} INFO - ::endgroup::
[2024-12-06T12:02:27.252+0000] {minio.py:40} INFO - created inaturalist_data/roadkill_data/2024/12/06/roadkill_observations_120223.csv object; etag: ac4694d15335ed33bf475e03e5cf17d9, version-id: None
[2024-12-06T12:02:27.253+0000] {minio.py:42} INFO - Data successfully uploaded to MinIO in bucket environbit under inaturalist_data/roadkill_data/2024/12/06/roadkill_observations_120223.csv
[2024-12-06T12:02:27.254+0000] {python.py:240} INFO - Done. Returned value was: None
[2024-12-06T12:02:27.292+0000] {taskinstance.py:340} INFO - ::group::Post task execution logs
[2024-12-06T12:02:27.296+0000] {taskinstance.py:352} INFO - Marking task as SUCCESS. dag_id=get_inaturalist_data_roadkill, task_id=save_data, run_id=scheduled__2024-12-05T15:30:00+00:00, execution_date=20241205T153000, start_date=20241206T120226, end_date=20241206T120227
[2024-12-06T12:02:27.329+0000] {logging_mixin.py:190} INFO - Task instance in success state
[2024-12-06T12:02:27.330+0000] {logging_mixin.py:190} INFO -  Previous state of the Task instance: running
[2024-12-06T12:02:27.330+0000] {logging_mixin.py:190} INFO - Dag name:get_inaturalist_data_roadkill queued_at:2024-12-06 12:02:07.784176+00:00
[2024-12-06T12:02:27.331+0000] {logging_mixin.py:190} INFO - Task hostname:ff91ab1fa443 operator:_PythonDecoratedOperator
[2024-12-06T12:02:27.414+0000] {local_task_job_runner.py:266} INFO - Task exited with return code 0
[2024-12-06T12:02:27.475+0000] {taskinstance.py:3900} INFO - 1 downstream tasks scheduled from follow-on schedule check
[2024-12-06T12:02:27.481+0000] {local_task_job_runner.py:245} INFO - ::endgroup::
