[2024-11-21T14:30:08.438+0000] {local_task_job_runner.py:123} INFO - ::group::Pre task execution logs
[2024-11-21T14:30:08.518+0000] {taskinstance.py:2612} INFO - Dependencies all met for dep_context=non-requeueable deps ti=<TaskInstance: get_inaturalist_data_atropelada.get_all_data scheduled__2024-11-21T14:00:00+00:00 [queued]>
[2024-11-21T14:30:08.550+0000] {taskinstance.py:2612} INFO - Dependencies all met for dep_context=requeueable deps ti=<TaskInstance: get_inaturalist_data_atropelada.get_all_data scheduled__2024-11-21T14:00:00+00:00 [queued]>
[2024-11-21T14:30:08.551+0000] {taskinstance.py:2865} INFO - Starting attempt 1 of 4
[2024-11-21T14:30:08.602+0000] {taskinstance.py:2888} INFO - Executing <Task(_PythonDecoratedOperator): get_all_data> on 2024-11-21 14:00:00+00:00
[2024-11-21T14:30:08.633+0000] {warnings.py:112} WARNING - /home/***/.local/lib/python3.12/site-packages/***/task/task_runner/standard_task_runner.py:70: DeprecationWarning: This process (pid=193) is multi-threaded, use of fork() may lead to deadlocks in the child.
  pid = os.fork()

[2024-11-21T14:30:08.635+0000] {standard_task_runner.py:72} INFO - Started process 204 to run task
[2024-11-21T14:30:08.636+0000] {standard_task_runner.py:104} INFO - Running: ['***', 'tasks', 'run', 'get_inaturalist_data_atropelada', 'get_all_data', 'scheduled__2024-11-21T14:00:00+00:00', '--job-id', '881', '--raw', '--subdir', 'DAGS_FOLDER/inaturalist_dag.py', '--cfg-path', '/tmp/tmpa3rnfd0v']
[2024-11-21T14:30:08.640+0000] {standard_task_runner.py:105} INFO - Job 881: Subtask get_all_data
[2024-11-21T14:30:08.889+0000] {task_command.py:467} INFO - Running <TaskInstance: get_inaturalist_data_atropelada.get_all_data scheduled__2024-11-21T14:00:00+00:00 [running]> on host 569dbdc45a07
[2024-11-21T14:30:09.453+0000] {taskinstance.py:3131} INFO - Exporting env vars: AIRFLOW_CTX_DAG_OWNER='***' AIRFLOW_CTX_DAG_ID='get_inaturalist_data_atropelada' AIRFLOW_CTX_TASK_ID='get_all_data' AIRFLOW_CTX_EXECUTION_DATE='2024-11-21T14:00:00+00:00' AIRFLOW_CTX_TRY_NUMBER='1' AIRFLOW_CTX_DAG_RUN_ID='scheduled__2024-11-21T14:00:00+00:00'
[2024-11-21T14:30:09.455+0000] {logging_mixin.py:190} INFO - Task instance is in running state
[2024-11-21T14:30:09.466+0000] {logging_mixin.py:190} INFO -  Previous state of the Task instance: queued
[2024-11-21T14:30:09.467+0000] {logging_mixin.py:190} INFO - Current task name:get_all_data state:running start_date:2024-11-21 14:30:08.519530+00:00
[2024-11-21T14:30:09.467+0000] {logging_mixin.py:190} INFO - Dag name:get_inaturalist_data_atropelada and current dag run status:running
[2024-11-21T14:30:09.468+0000] {taskinstance.py:731} INFO - ::endgroup::
[2024-11-21T14:30:09.469+0000] {inaturalist_dag.py:129} INFO - Getting data from keyword: atropelada
[2024-11-21T14:30:10.744+0000] {inaturalist_dag.py:135} INFO - No more observations found, stopping.
[2024-11-21T14:30:10.761+0000] {crypto.py:82} WARNING - empty cryptography key - values will not be stored encrypted.
[2024-11-21T14:30:10.778+0000] {python.py:240} INFO - Done. Returned value was: []
[2024-11-21T14:30:10.872+0000] {taskinstance.py:340} INFO - ::group::Post task execution logs
[2024-11-21T14:30:10.873+0000] {taskinstance.py:352} INFO - Marking task as SUCCESS. dag_id=get_inaturalist_data_atropelada, task_id=get_all_data, run_id=scheduled__2024-11-21T14:00:00+00:00, execution_date=20241121T140000, start_date=20241121T143008, end_date=20241121T143010
[2024-11-21T14:30:10.907+0000] {logging_mixin.py:190} INFO - Task instance in success state
[2024-11-21T14:30:10.909+0000] {logging_mixin.py:190} INFO -  Previous state of the Task instance: running
[2024-11-21T14:30:10.910+0000] {logging_mixin.py:190} INFO - Dag name:get_inaturalist_data_atropelada queued_at:2024-11-21 14:30:00.683706+00:00
[2024-11-21T14:30:10.912+0000] {logging_mixin.py:190} INFO - Task hostname:569dbdc45a07 operator:_PythonDecoratedOperator
[2024-11-21T14:30:10.953+0000] {local_task_job_runner.py:266} INFO - Task exited with return code 0
[2024-11-21T14:30:11.029+0000] {taskinstance.py:3900} INFO - 1 downstream tasks scheduled from follow-on schedule check
[2024-11-21T14:30:11.035+0000] {local_task_job_runner.py:245} INFO - ::endgroup::
