[2024-11-19T10:20:54.766+0000] {local_task_job_runner.py:123} INFO - ::group::Pre task execution logs
[2024-11-19T10:20:54.799+0000] {taskinstance.py:2612} INFO - Dependencies all met for dep_context=non-requeueable deps ti=<TaskInstance: get_gbif_data_atropelamento.save_data scheduled__2024-11-18T23:00:00+00:00 [queued]>
[2024-11-19T10:20:54.831+0000] {taskinstance.py:2612} INFO - Dependencies all met for dep_context=requeueable deps ti=<TaskInstance: get_gbif_data_atropelamento.save_data scheduled__2024-11-18T23:00:00+00:00 [queued]>
[2024-11-19T10:20:54.831+0000] {taskinstance.py:2865} INFO - Starting attempt 1 of 4
[2024-11-19T10:20:54.866+0000] {taskinstance.py:2888} INFO - Executing <Task(_PythonDecoratedOperator): save_data> on 2024-11-18 23:00:00+00:00
[2024-11-19T10:20:54.915+0000] {standard_task_runner.py:104} INFO - Running: ['***', 'tasks', 'run', 'get_gbif_data_atropelamento', 'save_data', 'scheduled__2024-11-18T23:00:00+00:00', '--job-id', '667', '--raw', '--subdir', 'DAGS_FOLDER/gbif_dag.py', '--cfg-path', '/tmp/tmpfxlhl_cq']
[2024-11-19T10:20:54.917+0000] {standard_task_runner.py:105} INFO - Job 667: Subtask save_data
[2024-11-19T10:20:54.918+0000] {warnings.py:112} WARNING - /home/***/.local/lib/python3.12/site-packages/***/task/task_runner/standard_task_runner.py:70: DeprecationWarning: This process (pid=145) is multi-threaded, use of fork() may lead to deadlocks in the child.
  pid = os.fork()

[2024-11-19T10:20:54.919+0000] {standard_task_runner.py:72} INFO - Started process 181 to run task
[2024-11-19T10:20:55.056+0000] {task_command.py:467} INFO - Running <TaskInstance: get_gbif_data_atropelamento.save_data scheduled__2024-11-18T23:00:00+00:00 [running]> on host 1bd5b698e8d7
[2024-11-19T10:20:55.422+0000] {taskinstance.py:3131} INFO - Exporting env vars: AIRFLOW_CTX_DAG_OWNER='***' AIRFLOW_CTX_DAG_ID='get_gbif_data_atropelamento' AIRFLOW_CTX_TASK_ID='save_data' AIRFLOW_CTX_EXECUTION_DATE='2024-11-18T23:00:00+00:00' AIRFLOW_CTX_TRY_NUMBER='1' AIRFLOW_CTX_DAG_RUN_ID='scheduled__2024-11-18T23:00:00+00:00'
[2024-11-19T10:20:55.423+0000] {logging_mixin.py:190} INFO - Task instance is in running state
[2024-11-19T10:20:55.424+0000] {logging_mixin.py:190} INFO -  Previous state of the Task instance: queued
[2024-11-19T10:20:55.424+0000] {logging_mixin.py:190} INFO - Current task name:save_data state:running start_date:2024-11-19 10:20:54.800776+00:00
[2024-11-19T10:20:55.424+0000] {logging_mixin.py:190} INFO - Dag name:get_gbif_data_atropelamento and current dag run status:running
[2024-11-19T10:20:55.425+0000] {taskinstance.py:731} INFO - ::endgroup::
[2024-11-19T10:20:55.425+0000] {gbif_dag.py:217} INFO - No new occurrences to store.
[2024-11-19T10:20:55.426+0000] {python.py:240} INFO - Done. Returned value was: None
[2024-11-19T10:20:55.440+0000] {taskinstance.py:340} INFO - ::group::Post task execution logs
[2024-11-19T10:20:55.441+0000] {taskinstance.py:352} INFO - Marking task as SUCCESS. dag_id=get_gbif_data_atropelamento, task_id=save_data, run_id=scheduled__2024-11-18T23:00:00+00:00, execution_date=20241118T230000, start_date=20241119T102054, end_date=20241119T102055
[2024-11-19T10:20:55.457+0000] {logging_mixin.py:190} INFO - Task instance in success state
[2024-11-19T10:20:55.457+0000] {logging_mixin.py:190} INFO -  Previous state of the Task instance: running
[2024-11-19T10:20:55.457+0000] {logging_mixin.py:190} INFO - Dag name:get_gbif_data_atropelamento queued_at:2024-11-19 10:20:28.726918+00:00
[2024-11-19T10:20:55.458+0000] {logging_mixin.py:190} INFO - Task hostname:1bd5b698e8d7 operator:_PythonDecoratedOperator
[2024-11-19T10:20:55.489+0000] {local_task_job_runner.py:266} INFO - Task exited with return code 0
[2024-11-19T10:20:55.521+0000] {taskinstance.py:3900} INFO - 0 downstream tasks scheduled from follow-on schedule check
[2024-11-19T10:20:55.524+0000] {local_task_job_runner.py:245} INFO - ::endgroup::
