[2024-12-02T12:00:09.495+0000] {local_task_job_runner.py:123} INFO - ::group::Pre task execution logs
[2024-12-02T12:00:09.664+0000] {taskinstance.py:2612} INFO - Dependencies all met for dep_context=non-requeueable deps ti=<TaskInstance: get_inaturalist_data_atropelamento.get_all_data scheduled__2024-12-02T11:30:00+00:00 [queued]>
[2024-12-02T12:00:09.713+0000] {taskinstance.py:2612} INFO - Dependencies all met for dep_context=requeueable deps ti=<TaskInstance: get_inaturalist_data_atropelamento.get_all_data scheduled__2024-12-02T11:30:00+00:00 [queued]>
[2024-12-02T12:00:09.717+0000] {taskinstance.py:2865} INFO - Starting attempt 1 of 4
[2024-12-02T12:00:09.787+0000] {taskinstance.py:2888} INFO - Executing <Task(_PythonDecoratedOperator): get_all_data> on 2024-12-02 11:30:00+00:00
[2024-12-02T12:00:09.832+0000] {warnings.py:112} WARNING - /home/***/.local/lib/python3.12/site-packages/***/task/task_runner/standard_task_runner.py:70: DeprecationWarning: This process (pid=1009) is multi-threaded, use of fork() may lead to deadlocks in the child.
  pid = os.fork()

[2024-12-02T12:00:09.841+0000] {standard_task_runner.py:72} INFO - Started process 1024 to run task
[2024-12-02T12:00:09.843+0000] {standard_task_runner.py:104} INFO - Running: ['***', 'tasks', 'run', 'get_inaturalist_data_atropelamento', 'get_all_data', 'scheduled__2024-12-02T11:30:00+00:00', '--job-id', '2058', '--raw', '--subdir', 'DAGS_FOLDER/inaturalist_dag.py', '--cfg-path', '/tmp/tmp925wcd60']
[2024-12-02T12:00:09.848+0000] {standard_task_runner.py:105} INFO - Job 2058: Subtask get_all_data
[2024-12-02T12:00:10.267+0000] {task_command.py:467} INFO - Running <TaskInstance: get_inaturalist_data_atropelamento.get_all_data scheduled__2024-12-02T11:30:00+00:00 [running]> on host 59d51ca962df
[2024-12-02T12:00:11.479+0000] {taskinstance.py:3131} INFO - Exporting env vars: AIRFLOW_CTX_DAG_OWNER='***' AIRFLOW_CTX_DAG_ID='get_inaturalist_data_atropelamento' AIRFLOW_CTX_TASK_ID='get_all_data' AIRFLOW_CTX_EXECUTION_DATE='2024-12-02T11:30:00+00:00' AIRFLOW_CTX_TRY_NUMBER='1' AIRFLOW_CTX_DAG_RUN_ID='scheduled__2024-12-02T11:30:00+00:00'
[2024-12-02T12:00:11.500+0000] {logging_mixin.py:190} INFO - Task instance is in running state
[2024-12-02T12:00:11.500+0000] {logging_mixin.py:190} INFO -  Previous state of the Task instance: queued
[2024-12-02T12:00:11.504+0000] {logging_mixin.py:190} INFO - Current task name:get_all_data state:running start_date:2024-12-02 12:00:09.665048+00:00
[2024-12-02T12:00:11.504+0000] {logging_mixin.py:190} INFO - Dag name:get_inaturalist_data_atropelamento and current dag run status:running
[2024-12-02T12:00:11.505+0000] {taskinstance.py:731} INFO - ::endgroup::
[2024-12-02T12:00:11.508+0000] {inaturalist_dag.py:151} INFO - Getting data from keyword: atropelamento
[2024-12-02T12:00:18.518+0000] {inaturalist_dag.py:60} INFO - Found 0
[2024-12-02T12:00:18.689+0000] {inaturalist_dag.py:157} INFO - No more observations found, stopping.
[2024-12-02T12:00:24.698+0000] {crypto.py:82} WARNING - empty cryptography key - values will not be stored encrypted.
[2024-12-02T12:00:26.470+0000] {python.py:240} INFO - Done. Returned value was: []
[2024-12-02T12:00:31.819+0000] {job.py:229} INFO - Heartbeat recovered after 14.57 seconds
[2024-12-02T12:00:54.613+0000] {taskinstance.py:340} INFO - ::group::Post task execution logs
[2024-12-02T12:00:54.997+0000] {taskinstance.py:352} INFO - Marking task as SUCCESS. dag_id=get_inaturalist_data_atropelamento, task_id=get_all_data, run_id=scheduled__2024-12-02T11:30:00+00:00, execution_date=20241202T113000, start_date=20241202T120009, end_date=20241202T120054
[2024-12-02T12:00:59.861+0000] {logging_mixin.py:190} INFO - Task instance in success state
[2024-12-02T12:00:59.942+0000] {logging_mixin.py:190} INFO -  Previous state of the Task instance: running
[2024-12-02T12:00:59.949+0000] {logging_mixin.py:190} INFO - Dag name:get_inaturalist_data_atropelamento queued_at:2024-12-02 12:00:00.235937+00:00
[2024-12-02T12:00:59.950+0000] {logging_mixin.py:190} INFO - Task hostname:59d51ca962df operator:_PythonDecoratedOperator
[2024-12-02T12:01:00.412+0000] {job.py:229} INFO - Heartbeat recovered after 29.91 seconds
[2024-12-02T12:01:01.543+0000] {local_task_job_runner.py:266} INFO - Task exited with return code 0
[2024-12-02T12:01:01.933+0000] {taskinstance.py:3900} INFO - 1 downstream tasks scheduled from follow-on schedule check
[2024-12-02T12:01:01.939+0000] {local_task_job_runner.py:245} INFO - ::endgroup::
