[2024-10-29T14:15:55.479+0000] {processor.py:186} INFO - Started process (PID=45) to work on /opt/airflow/dags/get_csv_from_psb_dag.py
[2024-10-29T14:15:55.480+0000] {processor.py:914} INFO - Processing file /opt/airflow/dags/get_csv_from_psb_dag.py for tasks to queue
[2024-10-29T14:15:55.490+0000] {logging_mixin.py:190} INFO - [2024-10-29T14:15:55.489+0000] {dagbag.py:588} INFO - Filling up the DagBag from /opt/airflow/dags/get_csv_from_psb_dag.py
[2024-10-29T14:15:55.536+0000] {processor.py:925} INFO - DAG(s) 'get_csv_from_prf' retrieved from /opt/airflow/dags/get_csv_from_psb_dag.py
[2024-10-29T14:15:56.125+0000] {logging_mixin.py:190} INFO - [2024-10-29T14:15:56.124+0000] {override.py:1900} INFO - Created Permission View: can edit on DAG:get_csv_from_prf
[2024-10-29T14:15:56.150+0000] {logging_mixin.py:190} INFO - [2024-10-29T14:15:56.150+0000] {override.py:1900} INFO - Created Permission View: can read on DAG:get_csv_from_prf
[2024-10-29T14:15:56.167+0000] {logging_mixin.py:190} INFO - [2024-10-29T14:15:56.166+0000] {override.py:1900} INFO - Created Permission View: can delete on DAG:get_csv_from_prf
[2024-10-29T14:15:56.189+0000] {logging_mixin.py:190} INFO - [2024-10-29T14:15:56.188+0000] {override.py:1900} INFO - Created Permission View: menu access on DAG Run:get_csv_from_prf
[2024-10-29T14:15:56.201+0000] {logging_mixin.py:190} INFO - [2024-10-29T14:15:56.201+0000] {override.py:1900} INFO - Created Permission View: can read on DAG Run:get_csv_from_prf
[2024-10-29T14:15:56.213+0000] {logging_mixin.py:190} INFO - [2024-10-29T14:15:56.212+0000] {override.py:1900} INFO - Created Permission View: can delete on DAG Run:get_csv_from_prf
[2024-10-29T14:15:56.223+0000] {logging_mixin.py:190} INFO - [2024-10-29T14:15:56.223+0000] {override.py:1900} INFO - Created Permission View: can create on DAG Run:get_csv_from_prf
[2024-10-29T14:15:56.224+0000] {logging_mixin.py:190} INFO - [2024-10-29T14:15:56.224+0000] {dag.py:3239} INFO - Sync 1 DAGs
[2024-10-29T14:15:56.249+0000] {logging_mixin.py:190} INFO - [2024-10-29T14:15:56.248+0000] {dag.py:3262} INFO - Creating ORM DAG for get_csv_from_prf
[2024-10-29T14:15:56.265+0000] {logging_mixin.py:190} INFO - [2024-10-29T14:15:56.264+0000] {dag.py:4180} INFO - Setting next_dagrun for get_csv_from_prf to 2024-09-01 00:00:00+00:00, run_after=2024-10-01 00:00:00+00:00
[2024-10-29T14:15:56.298+0000] {processor.py:208} INFO - Processing /opt/airflow/dags/get_csv_from_psb_dag.py took 0.854 seconds
[2024-10-29T14:16:26.957+0000] {processor.py:186} INFO - Started process (PID=116) to work on /opt/airflow/dags/get_csv_from_psb_dag.py
[2024-10-29T14:16:26.958+0000] {processor.py:914} INFO - Processing file /opt/airflow/dags/get_csv_from_psb_dag.py for tasks to queue
[2024-10-29T14:16:26.960+0000] {logging_mixin.py:190} INFO - [2024-10-29T14:16:26.960+0000] {dagbag.py:588} INFO - Filling up the DagBag from /opt/airflow/dags/get_csv_from_psb_dag.py
[2024-10-29T14:16:26.971+0000] {processor.py:925} INFO - DAG(s) 'get_csv_from_prf' retrieved from /opt/airflow/dags/get_csv_from_psb_dag.py
[2024-10-29T14:16:26.987+0000] {logging_mixin.py:190} INFO - [2024-10-29T14:16:26.987+0000] {dag.py:3239} INFO - Sync 1 DAGs
[2024-10-29T14:16:27.012+0000] {logging_mixin.py:190} INFO - [2024-10-29T14:16:27.011+0000] {dag.py:4180} INFO - Setting next_dagrun for get_csv_from_prf to 2024-09-01 00:00:00+00:00, run_after=2024-10-01 00:00:00+00:00
[2024-10-29T14:16:27.028+0000] {processor.py:208} INFO - Processing /opt/airflow/dags/get_csv_from_psb_dag.py took 0.076 seconds
[2024-10-29T14:16:57.341+0000] {processor.py:186} INFO - Started process (PID=182) to work on /opt/airflow/dags/get_csv_from_psb_dag.py
[2024-10-29T14:16:57.342+0000] {processor.py:914} INFO - Processing file /opt/airflow/dags/get_csv_from_psb_dag.py for tasks to queue
[2024-10-29T14:16:57.346+0000] {logging_mixin.py:190} INFO - [2024-10-29T14:16:57.345+0000] {dagbag.py:588} INFO - Filling up the DagBag from /opt/airflow/dags/get_csv_from_psb_dag.py
[2024-10-29T14:16:57.356+0000] {processor.py:925} INFO - DAG(s) 'get_csv_from_prf' retrieved from /opt/airflow/dags/get_csv_from_psb_dag.py
[2024-10-29T14:16:57.379+0000] {logging_mixin.py:190} INFO - [2024-10-29T14:16:57.379+0000] {dag.py:3239} INFO - Sync 1 DAGs
[2024-10-29T14:16:57.402+0000] {logging_mixin.py:190} INFO - [2024-10-29T14:16:57.401+0000] {dag.py:4180} INFO - Setting next_dagrun for get_csv_from_prf to 2024-09-01 00:00:00+00:00, run_after=2024-10-01 00:00:00+00:00
[2024-10-29T14:16:57.421+0000] {processor.py:208} INFO - Processing /opt/airflow/dags/get_csv_from_psb_dag.py took 0.085 seconds
[2024-10-29T14:17:27.953+0000] {processor.py:186} INFO - Started process (PID=247) to work on /opt/airflow/dags/get_csv_from_psb_dag.py
[2024-10-29T14:17:27.955+0000] {processor.py:914} INFO - Processing file /opt/airflow/dags/get_csv_from_psb_dag.py for tasks to queue
[2024-10-29T14:17:27.957+0000] {logging_mixin.py:190} INFO - [2024-10-29T14:17:27.956+0000] {dagbag.py:588} INFO - Filling up the DagBag from /opt/airflow/dags/get_csv_from_psb_dag.py
[2024-10-29T14:17:27.968+0000] {processor.py:925} INFO - DAG(s) 'get_csv_from_prf' retrieved from /opt/airflow/dags/get_csv_from_psb_dag.py
[2024-10-29T14:17:27.990+0000] {logging_mixin.py:190} INFO - [2024-10-29T14:17:27.990+0000] {dag.py:3239} INFO - Sync 1 DAGs
[2024-10-29T14:17:28.017+0000] {logging_mixin.py:190} INFO - [2024-10-29T14:17:28.017+0000] {dag.py:4180} INFO - Setting next_dagrun for get_csv_from_prf to 2024-09-01 00:00:00+00:00, run_after=2024-10-01 00:00:00+00:00
[2024-10-29T14:17:28.037+0000] {processor.py:208} INFO - Processing /opt/airflow/dags/get_csv_from_psb_dag.py took 0.090 seconds
[2024-10-29T14:17:58.458+0000] {processor.py:186} INFO - Started process (PID=313) to work on /opt/airflow/dags/get_csv_from_psb_dag.py
[2024-10-29T14:17:58.461+0000] {processor.py:914} INFO - Processing file /opt/airflow/dags/get_csv_from_psb_dag.py for tasks to queue
[2024-10-29T14:17:58.464+0000] {logging_mixin.py:190} INFO - [2024-10-29T14:17:58.464+0000] {dagbag.py:588} INFO - Filling up the DagBag from /opt/airflow/dags/get_csv_from_psb_dag.py
[2024-10-29T14:17:58.475+0000] {processor.py:925} INFO - DAG(s) 'get_csv_from_prf' retrieved from /opt/airflow/dags/get_csv_from_psb_dag.py
[2024-10-29T14:17:58.498+0000] {logging_mixin.py:190} INFO - [2024-10-29T14:17:58.498+0000] {dag.py:3239} INFO - Sync 1 DAGs
[2024-10-29T14:17:58.525+0000] {logging_mixin.py:190} INFO - [2024-10-29T14:17:58.524+0000] {dag.py:4180} INFO - Setting next_dagrun for get_csv_from_prf to 2024-09-01 00:00:00+00:00, run_after=2024-10-01 00:00:00+00:00
[2024-10-29T14:17:58.550+0000] {processor.py:208} INFO - Processing /opt/airflow/dags/get_csv_from_psb_dag.py took 0.098 seconds
[2024-10-29T14:18:28.875+0000] {processor.py:186} INFO - Started process (PID=379) to work on /opt/airflow/dags/get_csv_from_psb_dag.py
[2024-10-29T14:18:28.877+0000] {processor.py:914} INFO - Processing file /opt/airflow/dags/get_csv_from_psb_dag.py for tasks to queue
[2024-10-29T14:18:28.880+0000] {logging_mixin.py:190} INFO - [2024-10-29T14:18:28.879+0000] {dagbag.py:588} INFO - Filling up the DagBag from /opt/airflow/dags/get_csv_from_psb_dag.py
[2024-10-29T14:18:28.889+0000] {processor.py:925} INFO - DAG(s) 'get_csv_from_prf' retrieved from /opt/airflow/dags/get_csv_from_psb_dag.py
[2024-10-29T14:18:28.910+0000] {logging_mixin.py:190} INFO - [2024-10-29T14:18:28.909+0000] {dag.py:3239} INFO - Sync 1 DAGs
[2024-10-29T14:18:28.939+0000] {logging_mixin.py:190} INFO - [2024-10-29T14:18:28.939+0000] {dag.py:4180} INFO - Setting next_dagrun for get_csv_from_prf to 2024-09-01 00:00:00+00:00, run_after=2024-10-01 00:00:00+00:00
[2024-10-29T14:18:28.957+0000] {processor.py:208} INFO - Processing /opt/airflow/dags/get_csv_from_psb_dag.py took 0.088 seconds
[2024-10-29T14:18:59.678+0000] {processor.py:186} INFO - Started process (PID=445) to work on /opt/airflow/dags/get_csv_from_psb_dag.py
[2024-10-29T14:18:59.682+0000] {processor.py:914} INFO - Processing file /opt/airflow/dags/get_csv_from_psb_dag.py for tasks to queue
[2024-10-29T14:18:59.685+0000] {logging_mixin.py:190} INFO - [2024-10-29T14:18:59.684+0000] {dagbag.py:588} INFO - Filling up the DagBag from /opt/airflow/dags/get_csv_from_psb_dag.py
[2024-10-29T14:18:59.698+0000] {processor.py:925} INFO - DAG(s) 'get_csv_from_prf' retrieved from /opt/airflow/dags/get_csv_from_psb_dag.py
[2024-10-29T14:18:59.719+0000] {logging_mixin.py:190} INFO - [2024-10-29T14:18:59.719+0000] {dag.py:3239} INFO - Sync 1 DAGs
[2024-10-29T14:18:59.746+0000] {logging_mixin.py:190} INFO - [2024-10-29T14:18:59.745+0000] {dag.py:4180} INFO - Setting next_dagrun for get_csv_from_prf to 2024-09-01 00:00:00+00:00, run_after=2024-10-01 00:00:00+00:00
[2024-10-29T14:18:59.769+0000] {processor.py:208} INFO - Processing /opt/airflow/dags/get_csv_from_psb_dag.py took 0.097 seconds
[2024-10-29T14:19:30.290+0000] {processor.py:186} INFO - Started process (PID=511) to work on /opt/airflow/dags/get_csv_from_psb_dag.py
[2024-10-29T14:19:30.292+0000] {processor.py:914} INFO - Processing file /opt/airflow/dags/get_csv_from_psb_dag.py for tasks to queue
[2024-10-29T14:19:30.294+0000] {logging_mixin.py:190} INFO - [2024-10-29T14:19:30.294+0000] {dagbag.py:588} INFO - Filling up the DagBag from /opt/airflow/dags/get_csv_from_psb_dag.py
[2024-10-29T14:19:30.305+0000] {processor.py:925} INFO - DAG(s) 'get_csv_from_prf' retrieved from /opt/airflow/dags/get_csv_from_psb_dag.py
[2024-10-29T14:19:30.330+0000] {logging_mixin.py:190} INFO - [2024-10-29T14:19:30.329+0000] {dag.py:3239} INFO - Sync 1 DAGs
[2024-10-29T14:19:30.366+0000] {logging_mixin.py:190} INFO - [2024-10-29T14:19:30.366+0000] {dag.py:4180} INFO - Setting next_dagrun for get_csv_from_prf to 2024-09-01 00:00:00+00:00, run_after=2024-10-01 00:00:00+00:00
[2024-10-29T14:19:30.388+0000] {processor.py:208} INFO - Processing /opt/airflow/dags/get_csv_from_psb_dag.py took 0.103 seconds
[2024-10-29T14:20:00.659+0000] {processor.py:186} INFO - Started process (PID=577) to work on /opt/airflow/dags/get_csv_from_psb_dag.py
[2024-10-29T14:20:00.661+0000] {processor.py:914} INFO - Processing file /opt/airflow/dags/get_csv_from_psb_dag.py for tasks to queue
[2024-10-29T14:20:00.664+0000] {logging_mixin.py:190} INFO - [2024-10-29T14:20:00.664+0000] {dagbag.py:588} INFO - Filling up the DagBag from /opt/airflow/dags/get_csv_from_psb_dag.py
[2024-10-29T14:20:00.674+0000] {processor.py:925} INFO - DAG(s) 'get_csv_from_prf' retrieved from /opt/airflow/dags/get_csv_from_psb_dag.py
[2024-10-29T14:20:00.695+0000] {logging_mixin.py:190} INFO - [2024-10-29T14:20:00.695+0000] {dag.py:3239} INFO - Sync 1 DAGs
[2024-10-29T14:20:00.718+0000] {logging_mixin.py:190} INFO - [2024-10-29T14:20:00.718+0000] {dag.py:4180} INFO - Setting next_dagrun for get_csv_from_prf to 2024-09-01 00:00:00+00:00, run_after=2024-10-01 00:00:00+00:00
[2024-10-29T14:20:00.737+0000] {processor.py:208} INFO - Processing /opt/airflow/dags/get_csv_from_psb_dag.py took 0.084 seconds
[2024-10-29T14:20:31.632+0000] {processor.py:186} INFO - Started process (PID=643) to work on /opt/airflow/dags/get_csv_from_psb_dag.py
[2024-10-29T14:20:31.634+0000] {processor.py:914} INFO - Processing file /opt/airflow/dags/get_csv_from_psb_dag.py for tasks to queue
[2024-10-29T14:20:31.637+0000] {logging_mixin.py:190} INFO - [2024-10-29T14:20:31.637+0000] {dagbag.py:588} INFO - Filling up the DagBag from /opt/airflow/dags/get_csv_from_psb_dag.py
[2024-10-29T14:20:31.653+0000] {processor.py:925} INFO - DAG(s) 'get_csv_from_prf' retrieved from /opt/airflow/dags/get_csv_from_psb_dag.py
[2024-10-29T14:20:31.683+0000] {logging_mixin.py:190} INFO - [2024-10-29T14:20:31.682+0000] {dag.py:3239} INFO - Sync 1 DAGs
[2024-10-29T14:20:31.708+0000] {logging_mixin.py:190} INFO - [2024-10-29T14:20:31.707+0000] {dag.py:4180} INFO - Setting next_dagrun for get_csv_from_prf to 2024-09-01 00:00:00+00:00, run_after=2024-10-01 00:00:00+00:00
[2024-10-29T14:20:31.732+0000] {processor.py:208} INFO - Processing /opt/airflow/dags/get_csv_from_psb_dag.py took 0.109 seconds
[2024-10-29T14:21:02.023+0000] {processor.py:186} INFO - Started process (PID=709) to work on /opt/airflow/dags/get_csv_from_psb_dag.py
[2024-10-29T14:21:02.024+0000] {processor.py:914} INFO - Processing file /opt/airflow/dags/get_csv_from_psb_dag.py for tasks to queue
[2024-10-29T14:21:02.027+0000] {logging_mixin.py:190} INFO - [2024-10-29T14:21:02.026+0000] {dagbag.py:588} INFO - Filling up the DagBag from /opt/airflow/dags/get_csv_from_psb_dag.py
[2024-10-29T14:21:02.037+0000] {processor.py:925} INFO - DAG(s) 'get_csv_from_prf' retrieved from /opt/airflow/dags/get_csv_from_psb_dag.py
[2024-10-29T14:21:02.056+0000] {logging_mixin.py:190} INFO - [2024-10-29T14:21:02.056+0000] {dag.py:3239} INFO - Sync 1 DAGs
[2024-10-29T14:21:02.080+0000] {logging_mixin.py:190} INFO - [2024-10-29T14:21:02.080+0000] {dag.py:4180} INFO - Setting next_dagrun for get_csv_from_prf to 2024-09-01 00:00:00+00:00, run_after=2024-10-01 00:00:00+00:00
[2024-10-29T14:21:02.099+0000] {processor.py:208} INFO - Processing /opt/airflow/dags/get_csv_from_psb_dag.py took 0.081 seconds
[2024-10-29T14:21:32.243+0000] {processor.py:186} INFO - Started process (PID=775) to work on /opt/airflow/dags/get_csv_from_psb_dag.py
[2024-10-29T14:21:32.245+0000] {processor.py:914} INFO - Processing file /opt/airflow/dags/get_csv_from_psb_dag.py for tasks to queue
[2024-10-29T14:21:32.246+0000] {logging_mixin.py:190} INFO - [2024-10-29T14:21:32.246+0000] {dagbag.py:588} INFO - Filling up the DagBag from /opt/airflow/dags/get_csv_from_psb_dag.py
[2024-10-29T14:21:32.254+0000] {processor.py:925} INFO - DAG(s) 'get_csv_from_prf' retrieved from /opt/airflow/dags/get_csv_from_psb_dag.py
[2024-10-29T14:21:32.271+0000] {logging_mixin.py:190} INFO - [2024-10-29T14:21:32.271+0000] {dag.py:3239} INFO - Sync 1 DAGs
[2024-10-29T14:21:32.291+0000] {logging_mixin.py:190} INFO - [2024-10-29T14:21:32.291+0000] {dag.py:4180} INFO - Setting next_dagrun for get_csv_from_prf to 2024-09-01 00:00:00+00:00, run_after=2024-10-01 00:00:00+00:00
[2024-10-29T14:21:32.306+0000] {processor.py:208} INFO - Processing /opt/airflow/dags/get_csv_from_psb_dag.py took 0.067 seconds
[2024-10-29T14:22:03.017+0000] {processor.py:186} INFO - Started process (PID=841) to work on /opt/airflow/dags/get_csv_from_psb_dag.py
[2024-10-29T14:22:03.019+0000] {processor.py:914} INFO - Processing file /opt/airflow/dags/get_csv_from_psb_dag.py for tasks to queue
[2024-10-29T14:22:03.021+0000] {logging_mixin.py:190} INFO - [2024-10-29T14:22:03.021+0000] {dagbag.py:588} INFO - Filling up the DagBag from /opt/airflow/dags/get_csv_from_psb_dag.py
[2024-10-29T14:22:03.030+0000] {processor.py:925} INFO - DAG(s) 'get_csv_from_prf' retrieved from /opt/airflow/dags/get_csv_from_psb_dag.py
[2024-10-29T14:22:03.046+0000] {logging_mixin.py:190} INFO - [2024-10-29T14:22:03.046+0000] {dag.py:3239} INFO - Sync 1 DAGs
[2024-10-29T14:22:03.073+0000] {logging_mixin.py:190} INFO - [2024-10-29T14:22:03.072+0000] {dag.py:4180} INFO - Setting next_dagrun for get_csv_from_prf to 2024-09-01 00:00:00+00:00, run_after=2024-10-01 00:00:00+00:00
[2024-10-29T14:22:03.092+0000] {processor.py:208} INFO - Processing /opt/airflow/dags/get_csv_from_psb_dag.py took 0.079 seconds
[2024-10-29T14:22:33.250+0000] {processor.py:186} INFO - Started process (PID=907) to work on /opt/airflow/dags/get_csv_from_psb_dag.py
[2024-10-29T14:22:33.252+0000] {processor.py:914} INFO - Processing file /opt/airflow/dags/get_csv_from_psb_dag.py for tasks to queue
[2024-10-29T14:22:33.254+0000] {logging_mixin.py:190} INFO - [2024-10-29T14:22:33.254+0000] {dagbag.py:588} INFO - Filling up the DagBag from /opt/airflow/dags/get_csv_from_psb_dag.py
[2024-10-29T14:22:33.263+0000] {processor.py:925} INFO - DAG(s) 'get_csv_from_prf' retrieved from /opt/airflow/dags/get_csv_from_psb_dag.py
[2024-10-29T14:22:33.279+0000] {logging_mixin.py:190} INFO - [2024-10-29T14:22:33.279+0000] {dag.py:3239} INFO - Sync 1 DAGs
[2024-10-29T14:22:33.300+0000] {logging_mixin.py:190} INFO - [2024-10-29T14:22:33.300+0000] {dag.py:4180} INFO - Setting next_dagrun for get_csv_from_prf to 2024-09-01 00:00:00+00:00, run_after=2024-10-01 00:00:00+00:00
[2024-10-29T14:22:33.316+0000] {processor.py:208} INFO - Processing /opt/airflow/dags/get_csv_from_psb_dag.py took 0.071 seconds
[2024-10-29T14:23:04.355+0000] {processor.py:186} INFO - Started process (PID=973) to work on /opt/airflow/dags/get_csv_from_psb_dag.py
[2024-10-29T14:23:04.357+0000] {processor.py:914} INFO - Processing file /opt/airflow/dags/get_csv_from_psb_dag.py for tasks to queue
[2024-10-29T14:23:04.359+0000] {logging_mixin.py:190} INFO - [2024-10-29T14:23:04.358+0000] {dagbag.py:588} INFO - Filling up the DagBag from /opt/airflow/dags/get_csv_from_psb_dag.py
[2024-10-29T14:23:04.368+0000] {processor.py:925} INFO - DAG(s) 'get_csv_from_prf' retrieved from /opt/airflow/dags/get_csv_from_psb_dag.py
[2024-10-29T14:23:04.391+0000] {logging_mixin.py:190} INFO - [2024-10-29T14:23:04.390+0000] {dag.py:3239} INFO - Sync 1 DAGs
[2024-10-29T14:23:04.419+0000] {logging_mixin.py:190} INFO - [2024-10-29T14:23:04.419+0000] {dag.py:4180} INFO - Setting next_dagrun for get_csv_from_prf to 2024-09-01 00:00:00+00:00, run_after=2024-10-01 00:00:00+00:00
[2024-10-29T14:23:04.437+0000] {processor.py:208} INFO - Processing /opt/airflow/dags/get_csv_from_psb_dag.py took 0.088 seconds
[2024-10-29T14:23:34.501+0000] {processor.py:186} INFO - Started process (PID=1039) to work on /opt/airflow/dags/get_csv_from_psb_dag.py
[2024-10-29T14:23:34.503+0000] {processor.py:914} INFO - Processing file /opt/airflow/dags/get_csv_from_psb_dag.py for tasks to queue
[2024-10-29T14:23:34.506+0000] {logging_mixin.py:190} INFO - [2024-10-29T14:23:34.505+0000] {dagbag.py:588} INFO - Filling up the DagBag from /opt/airflow/dags/get_csv_from_psb_dag.py
[2024-10-29T14:23:34.521+0000] {processor.py:925} INFO - DAG(s) 'get_csv_from_prf' retrieved from /opt/airflow/dags/get_csv_from_psb_dag.py
[2024-10-29T14:23:34.542+0000] {logging_mixin.py:190} INFO - [2024-10-29T14:23:34.542+0000] {dag.py:3239} INFO - Sync 1 DAGs
[2024-10-29T14:23:34.565+0000] {logging_mixin.py:190} INFO - [2024-10-29T14:23:34.565+0000] {dag.py:4180} INFO - Setting next_dagrun for get_csv_from_prf to 2024-09-01 00:00:00+00:00, run_after=2024-10-01 00:00:00+00:00
[2024-10-29T14:23:34.582+0000] {processor.py:208} INFO - Processing /opt/airflow/dags/get_csv_from_psb_dag.py took 0.087 seconds
[2024-10-29T14:24:05.561+0000] {processor.py:186} INFO - Started process (PID=1104) to work on /opt/airflow/dags/get_csv_from_psb_dag.py
[2024-10-29T14:24:05.563+0000] {processor.py:914} INFO - Processing file /opt/airflow/dags/get_csv_from_psb_dag.py for tasks to queue
[2024-10-29T14:24:05.565+0000] {logging_mixin.py:190} INFO - [2024-10-29T14:24:05.565+0000] {dagbag.py:588} INFO - Filling up the DagBag from /opt/airflow/dags/get_csv_from_psb_dag.py
[2024-10-29T14:24:05.574+0000] {processor.py:925} INFO - DAG(s) 'get_csv_from_prf' retrieved from /opt/airflow/dags/get_csv_from_psb_dag.py
[2024-10-29T14:24:05.593+0000] {logging_mixin.py:190} INFO - [2024-10-29T14:24:05.592+0000] {dag.py:3239} INFO - Sync 1 DAGs
[2024-10-29T14:24:05.621+0000] {logging_mixin.py:190} INFO - [2024-10-29T14:24:05.620+0000] {dag.py:4180} INFO - Setting next_dagrun for get_csv_from_prf to 2024-09-01 00:00:00+00:00, run_after=2024-10-01 00:00:00+00:00
[2024-10-29T14:24:05.648+0000] {processor.py:208} INFO - Processing /opt/airflow/dags/get_csv_from_psb_dag.py took 0.091 seconds
[2024-10-29T14:24:36.597+0000] {processor.py:186} INFO - Started process (PID=1170) to work on /opt/airflow/dags/get_csv_from_psb_dag.py
[2024-10-29T14:24:36.599+0000] {processor.py:914} INFO - Processing file /opt/airflow/dags/get_csv_from_psb_dag.py for tasks to queue
[2024-10-29T14:24:36.601+0000] {logging_mixin.py:190} INFO - [2024-10-29T14:24:36.600+0000] {dagbag.py:588} INFO - Filling up the DagBag from /opt/airflow/dags/get_csv_from_psb_dag.py
[2024-10-29T14:24:36.611+0000] {processor.py:925} INFO - DAG(s) 'get_csv_from_prf' retrieved from /opt/airflow/dags/get_csv_from_psb_dag.py
[2024-10-29T14:24:36.627+0000] {logging_mixin.py:190} INFO - [2024-10-29T14:24:36.627+0000] {dag.py:3239} INFO - Sync 1 DAGs
[2024-10-29T14:24:36.648+0000] {logging_mixin.py:190} INFO - [2024-10-29T14:24:36.647+0000] {dag.py:4180} INFO - Setting next_dagrun for get_csv_from_prf to 2024-09-01 00:00:00+00:00, run_after=2024-10-01 00:00:00+00:00
[2024-10-29T14:24:36.663+0000] {processor.py:208} INFO - Processing /opt/airflow/dags/get_csv_from_psb_dag.py took 0.072 seconds
[2024-10-29T14:25:06.998+0000] {processor.py:186} INFO - Started process (PID=1236) to work on /opt/airflow/dags/get_csv_from_psb_dag.py
[2024-10-29T14:25:06.999+0000] {processor.py:914} INFO - Processing file /opt/airflow/dags/get_csv_from_psb_dag.py for tasks to queue
[2024-10-29T14:25:07.002+0000] {logging_mixin.py:190} INFO - [2024-10-29T14:25:07.001+0000] {dagbag.py:588} INFO - Filling up the DagBag from /opt/airflow/dags/get_csv_from_psb_dag.py
[2024-10-29T14:25:07.012+0000] {processor.py:925} INFO - DAG(s) 'get_csv_from_prf' retrieved from /opt/airflow/dags/get_csv_from_psb_dag.py
[2024-10-29T14:25:07.028+0000] {logging_mixin.py:190} INFO - [2024-10-29T14:25:07.028+0000] {dag.py:3239} INFO - Sync 1 DAGs
[2024-10-29T14:25:07.050+0000] {logging_mixin.py:190} INFO - [2024-10-29T14:25:07.050+0000] {dag.py:4180} INFO - Setting next_dagrun for get_csv_from_prf to 2024-09-01 00:00:00+00:00, run_after=2024-10-01 00:00:00+00:00
[2024-10-29T14:25:07.067+0000] {processor.py:208} INFO - Processing /opt/airflow/dags/get_csv_from_psb_dag.py took 0.075 seconds
[2024-10-29T14:25:37.466+0000] {processor.py:186} INFO - Started process (PID=1301) to work on /opt/airflow/dags/get_csv_from_psb_dag.py
[2024-10-29T14:25:37.467+0000] {processor.py:914} INFO - Processing file /opt/airflow/dags/get_csv_from_psb_dag.py for tasks to queue
[2024-10-29T14:25:37.469+0000] {logging_mixin.py:190} INFO - [2024-10-29T14:25:37.469+0000] {dagbag.py:588} INFO - Filling up the DagBag from /opt/airflow/dags/get_csv_from_psb_dag.py
[2024-10-29T14:25:37.482+0000] {processor.py:925} INFO - DAG(s) 'get_csv_from_prf' retrieved from /opt/airflow/dags/get_csv_from_psb_dag.py
[2024-10-29T14:25:37.504+0000] {logging_mixin.py:190} INFO - [2024-10-29T14:25:37.504+0000] {dag.py:3239} INFO - Sync 1 DAGs
[2024-10-29T14:25:37.533+0000] {logging_mixin.py:190} INFO - [2024-10-29T14:25:37.533+0000] {dag.py:4180} INFO - Setting next_dagrun for get_csv_from_prf to 2024-09-01 00:00:00+00:00, run_after=2024-10-01 00:00:00+00:00
[2024-10-29T14:25:37.551+0000] {processor.py:208} INFO - Processing /opt/airflow/dags/get_csv_from_psb_dag.py took 0.095 seconds
[2024-10-29T14:26:08.383+0000] {processor.py:186} INFO - Started process (PID=1367) to work on /opt/airflow/dags/get_csv_from_psb_dag.py
[2024-10-29T14:26:08.384+0000] {processor.py:914} INFO - Processing file /opt/airflow/dags/get_csv_from_psb_dag.py for tasks to queue
[2024-10-29T14:26:08.387+0000] {logging_mixin.py:190} INFO - [2024-10-29T14:26:08.386+0000] {dagbag.py:588} INFO - Filling up the DagBag from /opt/airflow/dags/get_csv_from_psb_dag.py
[2024-10-29T14:26:08.402+0000] {processor.py:925} INFO - DAG(s) 'get_csv_from_prf' retrieved from /opt/airflow/dags/get_csv_from_psb_dag.py
[2024-10-29T14:26:08.428+0000] {logging_mixin.py:190} INFO - [2024-10-29T14:26:08.428+0000] {dag.py:3239} INFO - Sync 1 DAGs
[2024-10-29T14:26:08.460+0000] {logging_mixin.py:190} INFO - [2024-10-29T14:26:08.460+0000] {dag.py:4180} INFO - Setting next_dagrun for get_csv_from_prf to 2024-09-01 00:00:00+00:00, run_after=2024-10-01 00:00:00+00:00
[2024-10-29T14:26:08.478+0000] {processor.py:208} INFO - Processing /opt/airflow/dags/get_csv_from_psb_dag.py took 0.101 seconds
[2024-10-29T14:26:38.621+0000] {processor.py:186} INFO - Started process (PID=1433) to work on /opt/airflow/dags/get_csv_from_psb_dag.py
[2024-10-29T14:26:38.623+0000] {processor.py:914} INFO - Processing file /opt/airflow/dags/get_csv_from_psb_dag.py for tasks to queue
[2024-10-29T14:26:38.625+0000] {logging_mixin.py:190} INFO - [2024-10-29T14:26:38.624+0000] {dagbag.py:588} INFO - Filling up the DagBag from /opt/airflow/dags/get_csv_from_psb_dag.py
[2024-10-29T14:26:38.641+0000] {processor.py:925} INFO - DAG(s) 'get_csv_from_prf' retrieved from /opt/airflow/dags/get_csv_from_psb_dag.py
[2024-10-29T14:26:38.681+0000] {logging_mixin.py:190} INFO - [2024-10-29T14:26:38.681+0000] {dag.py:3239} INFO - Sync 1 DAGs
[2024-10-29T14:26:38.738+0000] {logging_mixin.py:190} INFO - [2024-10-29T14:26:38.737+0000] {dag.py:4180} INFO - Setting next_dagrun for get_csv_from_prf to 2024-09-01 00:00:00+00:00, run_after=2024-10-01 00:00:00+00:00
[2024-10-29T14:26:38.787+0000] {processor.py:208} INFO - Processing /opt/airflow/dags/get_csv_from_psb_dag.py took 0.175 seconds
[2024-10-29T14:27:08.853+0000] {processor.py:186} INFO - Started process (PID=1499) to work on /opt/airflow/dags/get_csv_from_psb_dag.py
[2024-10-29T14:27:08.853+0000] {processor.py:914} INFO - Processing file /opt/airflow/dags/get_csv_from_psb_dag.py for tasks to queue
[2024-10-29T14:27:08.856+0000] {logging_mixin.py:190} INFO - [2024-10-29T14:27:08.856+0000] {dagbag.py:588} INFO - Filling up the DagBag from /opt/airflow/dags/get_csv_from_psb_dag.py
[2024-10-29T14:27:08.872+0000] {processor.py:925} INFO - DAG(s) 'get_csv_from_prf' retrieved from /opt/airflow/dags/get_csv_from_psb_dag.py
[2024-10-29T14:27:08.902+0000] {logging_mixin.py:190} INFO - [2024-10-29T14:27:08.902+0000] {dag.py:3239} INFO - Sync 1 DAGs
[2024-10-29T14:27:08.936+0000] {logging_mixin.py:190} INFO - [2024-10-29T14:27:08.936+0000] {dag.py:4180} INFO - Setting next_dagrun for get_csv_from_prf to 2024-09-01 00:00:00+00:00, run_after=2024-10-01 00:00:00+00:00
[2024-10-29T14:27:09.190+0000] {processor.py:208} INFO - Processing /opt/airflow/dags/get_csv_from_psb_dag.py took 0.345 seconds
[2024-10-29T14:27:39.385+0000] {processor.py:186} INFO - Started process (PID=1569) to work on /opt/airflow/dags/get_csv_from_psb_dag.py
[2024-10-29T14:27:39.387+0000] {processor.py:914} INFO - Processing file /opt/airflow/dags/get_csv_from_psb_dag.py for tasks to queue
[2024-10-29T14:27:39.389+0000] {logging_mixin.py:190} INFO - [2024-10-29T14:27:39.389+0000] {dagbag.py:588} INFO - Filling up the DagBag from /opt/airflow/dags/get_csv_from_psb_dag.py
[2024-10-29T14:27:39.408+0000] {processor.py:925} INFO - DAG(s) 'get_csv_from_prf' retrieved from /opt/airflow/dags/get_csv_from_psb_dag.py
[2024-10-29T14:27:39.439+0000] {logging_mixin.py:190} INFO - [2024-10-29T14:27:39.439+0000] {dag.py:3239} INFO - Sync 1 DAGs
[2024-10-29T14:27:39.471+0000] {logging_mixin.py:190} INFO - [2024-10-29T14:27:39.471+0000] {dag.py:4180} INFO - Setting next_dagrun for get_csv_from_prf to 2024-09-01 00:00:00+00:00, run_after=2024-10-01 00:00:00+00:00
[2024-10-29T14:27:39.500+0000] {processor.py:208} INFO - Processing /opt/airflow/dags/get_csv_from_psb_dag.py took 0.141 seconds
[2024-10-29T14:28:09.637+0000] {processor.py:186} INFO - Started process (PID=1635) to work on /opt/airflow/dags/get_csv_from_psb_dag.py
[2024-10-29T14:28:09.638+0000] {processor.py:914} INFO - Processing file /opt/airflow/dags/get_csv_from_psb_dag.py for tasks to queue
[2024-10-29T14:28:09.641+0000] {logging_mixin.py:190} INFO - [2024-10-29T14:28:09.640+0000] {dagbag.py:588} INFO - Filling up the DagBag from /opt/airflow/dags/get_csv_from_psb_dag.py
[2024-10-29T14:28:09.657+0000] {processor.py:925} INFO - DAG(s) 'get_csv_from_prf' retrieved from /opt/airflow/dags/get_csv_from_psb_dag.py
[2024-10-29T14:28:09.685+0000] {logging_mixin.py:190} INFO - [2024-10-29T14:28:09.684+0000] {dag.py:3239} INFO - Sync 1 DAGs
[2024-10-29T14:28:09.717+0000] {logging_mixin.py:190} INFO - [2024-10-29T14:28:09.716+0000] {dag.py:4180} INFO - Setting next_dagrun for get_csv_from_prf to 2024-09-01 00:00:00+00:00, run_after=2024-10-01 00:00:00+00:00
[2024-10-29T14:28:09.744+0000] {processor.py:208} INFO - Processing /opt/airflow/dags/get_csv_from_psb_dag.py took 0.116 seconds
[2024-10-29T14:28:39.816+0000] {processor.py:186} INFO - Started process (PID=1702) to work on /opt/airflow/dags/get_csv_from_psb_dag.py
[2024-10-29T14:28:39.819+0000] {processor.py:914} INFO - Processing file /opt/airflow/dags/get_csv_from_psb_dag.py for tasks to queue
[2024-10-29T14:28:39.822+0000] {logging_mixin.py:190} INFO - [2024-10-29T14:28:39.821+0000] {dagbag.py:588} INFO - Filling up the DagBag from /opt/airflow/dags/get_csv_from_psb_dag.py
[2024-10-29T14:28:39.837+0000] {processor.py:925} INFO - DAG(s) 'get_csv_from_prf' retrieved from /opt/airflow/dags/get_csv_from_psb_dag.py
[2024-10-29T14:28:39.864+0000] {logging_mixin.py:190} INFO - [2024-10-29T14:28:39.863+0000] {dag.py:3239} INFO - Sync 1 DAGs
[2024-10-29T14:28:39.914+0000] {logging_mixin.py:190} INFO - [2024-10-29T14:28:39.914+0000] {dag.py:4180} INFO - Setting next_dagrun for get_csv_from_prf to 2024-09-01 00:00:00+00:00, run_after=2024-10-01 00:00:00+00:00
[2024-10-29T14:28:39.944+0000] {processor.py:208} INFO - Processing /opt/airflow/dags/get_csv_from_psb_dag.py took 0.136 seconds
[2024-10-29T14:29:10.586+0000] {processor.py:186} INFO - Started process (PID=1768) to work on /opt/airflow/dags/get_csv_from_psb_dag.py
[2024-10-29T14:29:10.588+0000] {processor.py:914} INFO - Processing file /opt/airflow/dags/get_csv_from_psb_dag.py for tasks to queue
[2024-10-29T14:29:10.591+0000] {logging_mixin.py:190} INFO - [2024-10-29T14:29:10.591+0000] {dagbag.py:588} INFO - Filling up the DagBag from /opt/airflow/dags/get_csv_from_psb_dag.py
[2024-10-29T14:29:10.610+0000] {processor.py:925} INFO - DAG(s) 'get_csv_from_prf' retrieved from /opt/airflow/dags/get_csv_from_psb_dag.py
[2024-10-29T14:29:10.656+0000] {logging_mixin.py:190} INFO - [2024-10-29T14:29:10.655+0000] {dag.py:3239} INFO - Sync 1 DAGs
[2024-10-29T14:29:10.714+0000] {logging_mixin.py:190} INFO - [2024-10-29T14:29:10.714+0000] {dag.py:4180} INFO - Setting next_dagrun for get_csv_from_prf to 2024-09-01 00:00:00+00:00, run_after=2024-10-01 00:00:00+00:00
[2024-10-29T14:29:10.749+0000] {processor.py:208} INFO - Processing /opt/airflow/dags/get_csv_from_psb_dag.py took 0.176 seconds
[2024-10-29T14:29:41.020+0000] {processor.py:186} INFO - Started process (PID=1834) to work on /opt/airflow/dags/get_csv_from_psb_dag.py
[2024-10-29T14:29:41.024+0000] {processor.py:914} INFO - Processing file /opt/airflow/dags/get_csv_from_psb_dag.py for tasks to queue
[2024-10-29T14:29:41.026+0000] {logging_mixin.py:190} INFO - [2024-10-29T14:29:41.025+0000] {dagbag.py:588} INFO - Filling up the DagBag from /opt/airflow/dags/get_csv_from_psb_dag.py
[2024-10-29T14:29:41.039+0000] {processor.py:925} INFO - DAG(s) 'get_csv_from_prf' retrieved from /opt/airflow/dags/get_csv_from_psb_dag.py
[2024-10-29T14:29:41.062+0000] {logging_mixin.py:190} INFO - [2024-10-29T14:29:41.061+0000] {dag.py:3239} INFO - Sync 1 DAGs
[2024-10-29T14:29:41.096+0000] {logging_mixin.py:190} INFO - [2024-10-29T14:29:41.096+0000] {dag.py:4180} INFO - Setting next_dagrun for get_csv_from_prf to 2024-09-01 00:00:00+00:00, run_after=2024-10-01 00:00:00+00:00
[2024-10-29T14:29:41.121+0000] {processor.py:208} INFO - Processing /opt/airflow/dags/get_csv_from_psb_dag.py took 0.108 seconds
[2024-10-29T14:30:11.183+0000] {processor.py:186} INFO - Started process (PID=1899) to work on /opt/airflow/dags/get_csv_from_psb_dag.py
[2024-10-29T14:30:11.184+0000] {processor.py:914} INFO - Processing file /opt/airflow/dags/get_csv_from_psb_dag.py for tasks to queue
[2024-10-29T14:30:11.186+0000] {logging_mixin.py:190} INFO - [2024-10-29T14:30:11.185+0000] {dagbag.py:588} INFO - Filling up the DagBag from /opt/airflow/dags/get_csv_from_psb_dag.py
[2024-10-29T14:30:11.197+0000] {processor.py:925} INFO - DAG(s) 'get_csv_from_prf' retrieved from /opt/airflow/dags/get_csv_from_psb_dag.py
[2024-10-29T14:30:11.217+0000] {logging_mixin.py:190} INFO - [2024-10-29T14:30:11.217+0000] {dag.py:3239} INFO - Sync 1 DAGs
[2024-10-29T14:30:11.238+0000] {logging_mixin.py:190} INFO - [2024-10-29T14:30:11.237+0000] {dag.py:4180} INFO - Setting next_dagrun for get_csv_from_prf to 2024-09-01 00:00:00+00:00, run_after=2024-10-01 00:00:00+00:00
[2024-10-29T14:30:11.252+0000] {processor.py:208} INFO - Processing /opt/airflow/dags/get_csv_from_psb_dag.py took 0.077 seconds
[2024-10-29T14:30:41.802+0000] {processor.py:186} INFO - Started process (PID=1965) to work on /opt/airflow/dags/get_csv_from_psb_dag.py
[2024-10-29T14:30:41.804+0000] {processor.py:914} INFO - Processing file /opt/airflow/dags/get_csv_from_psb_dag.py for tasks to queue
[2024-10-29T14:30:41.810+0000] {logging_mixin.py:190} INFO - [2024-10-29T14:30:41.810+0000] {dagbag.py:588} INFO - Filling up the DagBag from /opt/airflow/dags/get_csv_from_psb_dag.py
[2024-10-29T14:30:41.837+0000] {processor.py:925} INFO - DAG(s) 'get_csv_from_prf' retrieved from /opt/airflow/dags/get_csv_from_psb_dag.py
[2024-10-29T14:30:41.877+0000] {logging_mixin.py:190} INFO - [2024-10-29T14:30:41.877+0000] {dag.py:3239} INFO - Sync 1 DAGs
[2024-10-29T14:30:41.927+0000] {logging_mixin.py:190} INFO - [2024-10-29T14:30:41.927+0000] {dag.py:4180} INFO - Setting next_dagrun for get_csv_from_prf to 2024-09-01 00:00:00+00:00, run_after=2024-10-01 00:00:00+00:00
[2024-10-29T14:30:41.955+0000] {processor.py:208} INFO - Processing /opt/airflow/dags/get_csv_from_psb_dag.py took 0.167 seconds
[2024-10-29T14:31:12.091+0000] {processor.py:186} INFO - Started process (PID=2031) to work on /opt/airflow/dags/get_csv_from_psb_dag.py
[2024-10-29T14:31:12.094+0000] {processor.py:914} INFO - Processing file /opt/airflow/dags/get_csv_from_psb_dag.py for tasks to queue
[2024-10-29T14:31:12.096+0000] {logging_mixin.py:190} INFO - [2024-10-29T14:31:12.096+0000] {dagbag.py:588} INFO - Filling up the DagBag from /opt/airflow/dags/get_csv_from_psb_dag.py
[2024-10-29T14:31:12.112+0000] {processor.py:925} INFO - DAG(s) 'get_csv_from_prf' retrieved from /opt/airflow/dags/get_csv_from_psb_dag.py
[2024-10-29T14:31:12.141+0000] {logging_mixin.py:190} INFO - [2024-10-29T14:31:12.140+0000] {dag.py:3239} INFO - Sync 1 DAGs
[2024-10-29T14:31:12.181+0000] {logging_mixin.py:190} INFO - [2024-10-29T14:31:12.180+0000] {dag.py:4180} INFO - Setting next_dagrun for get_csv_from_prf to 2024-09-01 00:00:00+00:00, run_after=2024-10-01 00:00:00+00:00
[2024-10-29T14:31:12.212+0000] {processor.py:208} INFO - Processing /opt/airflow/dags/get_csv_from_psb_dag.py took 0.134 seconds
[2024-10-29T14:31:43.127+0000] {processor.py:186} INFO - Started process (PID=2096) to work on /opt/airflow/dags/get_csv_from_psb_dag.py
[2024-10-29T14:31:43.129+0000] {processor.py:914} INFO - Processing file /opt/airflow/dags/get_csv_from_psb_dag.py for tasks to queue
[2024-10-29T14:31:43.131+0000] {logging_mixin.py:190} INFO - [2024-10-29T14:31:43.131+0000] {dagbag.py:588} INFO - Filling up the DagBag from /opt/airflow/dags/get_csv_from_psb_dag.py
[2024-10-29T14:31:43.146+0000] {processor.py:925} INFO - DAG(s) 'get_csv_from_prf' retrieved from /opt/airflow/dags/get_csv_from_psb_dag.py
[2024-10-29T14:31:43.178+0000] {logging_mixin.py:190} INFO - [2024-10-29T14:31:43.178+0000] {dag.py:3239} INFO - Sync 1 DAGs
[2024-10-29T14:31:43.211+0000] {logging_mixin.py:190} INFO - [2024-10-29T14:31:43.211+0000] {dag.py:4180} INFO - Setting next_dagrun for get_csv_from_prf to 2024-09-01 00:00:00+00:00, run_after=2024-10-01 00:00:00+00:00
[2024-10-29T14:31:43.230+0000] {processor.py:208} INFO - Processing /opt/airflow/dags/get_csv_from_psb_dag.py took 0.111 seconds
[2024-10-29T14:32:13.332+0000] {processor.py:186} INFO - Started process (PID=2162) to work on /opt/airflow/dags/get_csv_from_psb_dag.py
[2024-10-29T14:32:13.335+0000] {processor.py:914} INFO - Processing file /opt/airflow/dags/get_csv_from_psb_dag.py for tasks to queue
[2024-10-29T14:32:13.338+0000] {logging_mixin.py:190} INFO - [2024-10-29T14:32:13.338+0000] {dagbag.py:588} INFO - Filling up the DagBag from /opt/airflow/dags/get_csv_from_psb_dag.py
[2024-10-29T14:32:13.352+0000] {processor.py:925} INFO - DAG(s) 'get_csv_from_prf' retrieved from /opt/airflow/dags/get_csv_from_psb_dag.py
[2024-10-29T14:32:13.381+0000] {logging_mixin.py:190} INFO - [2024-10-29T14:32:13.381+0000] {dag.py:3239} INFO - Sync 1 DAGs
[2024-10-29T14:32:13.414+0000] {logging_mixin.py:190} INFO - [2024-10-29T14:32:13.414+0000] {dag.py:4180} INFO - Setting next_dagrun for get_csv_from_prf to 2024-09-01 00:00:00+00:00, run_after=2024-10-01 00:00:00+00:00
[2024-10-29T14:32:13.437+0000] {processor.py:208} INFO - Processing /opt/airflow/dags/get_csv_from_psb_dag.py took 0.111 seconds
[2024-10-29T14:32:44.270+0000] {processor.py:186} INFO - Started process (PID=2228) to work on /opt/airflow/dags/get_csv_from_psb_dag.py
[2024-10-29T14:32:44.274+0000] {processor.py:914} INFO - Processing file /opt/airflow/dags/get_csv_from_psb_dag.py for tasks to queue
[2024-10-29T14:32:44.277+0000] {logging_mixin.py:190} INFO - [2024-10-29T14:32:44.277+0000] {dagbag.py:588} INFO - Filling up the DagBag from /opt/airflow/dags/get_csv_from_psb_dag.py
[2024-10-29T14:32:44.290+0000] {processor.py:925} INFO - DAG(s) 'get_csv_from_prf' retrieved from /opt/airflow/dags/get_csv_from_psb_dag.py
[2024-10-29T14:32:44.312+0000] {logging_mixin.py:190} INFO - [2024-10-29T14:32:44.312+0000] {dag.py:3239} INFO - Sync 1 DAGs
[2024-10-29T14:32:44.345+0000] {logging_mixin.py:190} INFO - [2024-10-29T14:32:44.345+0000] {dag.py:4180} INFO - Setting next_dagrun for get_csv_from_prf to 2024-09-01 00:00:00+00:00, run_after=2024-10-01 00:00:00+00:00
[2024-10-29T14:32:44.364+0000] {processor.py:208} INFO - Processing /opt/airflow/dags/get_csv_from_psb_dag.py took 0.103 seconds
[2024-10-29T14:33:15.227+0000] {processor.py:186} INFO - Started process (PID=2293) to work on /opt/airflow/dags/get_csv_from_psb_dag.py
[2024-10-29T14:33:15.228+0000] {processor.py:914} INFO - Processing file /opt/airflow/dags/get_csv_from_psb_dag.py for tasks to queue
[2024-10-29T14:33:15.230+0000] {logging_mixin.py:190} INFO - [2024-10-29T14:33:15.229+0000] {dagbag.py:588} INFO - Filling up the DagBag from /opt/airflow/dags/get_csv_from_psb_dag.py
[2024-10-29T14:33:15.245+0000] {processor.py:925} INFO - DAG(s) 'get_csv_from_prf' retrieved from /opt/airflow/dags/get_csv_from_psb_dag.py
[2024-10-29T14:33:15.287+0000] {logging_mixin.py:190} INFO - [2024-10-29T14:33:15.287+0000] {dag.py:3239} INFO - Sync 1 DAGs
[2024-10-29T14:33:15.320+0000] {logging_mixin.py:190} INFO - [2024-10-29T14:33:15.319+0000] {dag.py:4180} INFO - Setting next_dagrun for get_csv_from_prf to 2024-09-01 00:00:00+00:00, run_after=2024-10-01 00:00:00+00:00
[2024-10-29T14:33:15.342+0000] {processor.py:208} INFO - Processing /opt/airflow/dags/get_csv_from_psb_dag.py took 0.121 seconds
[2024-10-29T14:33:46.158+0000] {processor.py:186} INFO - Started process (PID=2358) to work on /opt/airflow/dags/get_csv_from_psb_dag.py
[2024-10-29T14:33:46.160+0000] {processor.py:914} INFO - Processing file /opt/airflow/dags/get_csv_from_psb_dag.py for tasks to queue
[2024-10-29T14:33:46.164+0000] {logging_mixin.py:190} INFO - [2024-10-29T14:33:46.163+0000] {dagbag.py:588} INFO - Filling up the DagBag from /opt/airflow/dags/get_csv_from_psb_dag.py
[2024-10-29T14:33:46.189+0000] {processor.py:925} INFO - DAG(s) 'get_csv_from_prf' retrieved from /opt/airflow/dags/get_csv_from_psb_dag.py
[2024-10-29T14:33:46.242+0000] {logging_mixin.py:190} INFO - [2024-10-29T14:33:46.241+0000] {dag.py:3239} INFO - Sync 1 DAGs
[2024-10-29T14:33:46.332+0000] {logging_mixin.py:190} INFO - [2024-10-29T14:33:46.331+0000] {dag.py:4180} INFO - Setting next_dagrun for get_csv_from_prf to 2024-09-01 00:00:00+00:00, run_after=2024-10-01 00:00:00+00:00
[2024-10-29T14:33:46.415+0000] {processor.py:208} INFO - Processing /opt/airflow/dags/get_csv_from_psb_dag.py took 0.273 seconds
[2024-10-29T14:34:17.178+0000] {processor.py:186} INFO - Started process (PID=2425) to work on /opt/airflow/dags/get_csv_from_psb_dag.py
[2024-10-29T14:34:17.179+0000] {processor.py:914} INFO - Processing file /opt/airflow/dags/get_csv_from_psb_dag.py for tasks to queue
[2024-10-29T14:34:17.182+0000] {logging_mixin.py:190} INFO - [2024-10-29T14:34:17.181+0000] {dagbag.py:588} INFO - Filling up the DagBag from /opt/airflow/dags/get_csv_from_psb_dag.py
[2024-10-29T14:34:17.195+0000] {processor.py:925} INFO - DAG(s) 'get_csv_from_prf' retrieved from /opt/airflow/dags/get_csv_from_psb_dag.py
[2024-10-29T14:34:17.217+0000] {logging_mixin.py:190} INFO - [2024-10-29T14:34:17.216+0000] {dag.py:3239} INFO - Sync 1 DAGs
[2024-10-29T14:34:17.249+0000] {logging_mixin.py:190} INFO - [2024-10-29T14:34:17.248+0000] {dag.py:4180} INFO - Setting next_dagrun for get_csv_from_prf to 2024-09-01 00:00:00+00:00, run_after=2024-10-01 00:00:00+00:00
[2024-10-29T14:34:17.280+0000] {processor.py:208} INFO - Processing /opt/airflow/dags/get_csv_from_psb_dag.py took 0.109 seconds
[2024-10-29T14:34:48.079+0000] {processor.py:186} INFO - Started process (PID=2490) to work on /opt/airflow/dags/get_csv_from_psb_dag.py
[2024-10-29T14:34:48.081+0000] {processor.py:914} INFO - Processing file /opt/airflow/dags/get_csv_from_psb_dag.py for tasks to queue
[2024-10-29T14:34:48.084+0000] {logging_mixin.py:190} INFO - [2024-10-29T14:34:48.083+0000] {dagbag.py:588} INFO - Filling up the DagBag from /opt/airflow/dags/get_csv_from_psb_dag.py
[2024-10-29T14:34:48.108+0000] {processor.py:925} INFO - DAG(s) 'get_csv_from_prf' retrieved from /opt/airflow/dags/get_csv_from_psb_dag.py
[2024-10-29T14:34:48.135+0000] {logging_mixin.py:190} INFO - [2024-10-29T14:34:48.134+0000] {dag.py:3239} INFO - Sync 1 DAGs
[2024-10-29T14:34:48.175+0000] {logging_mixin.py:190} INFO - [2024-10-29T14:34:48.175+0000] {dag.py:4180} INFO - Setting next_dagrun for get_csv_from_prf to 2024-09-01 00:00:00+00:00, run_after=2024-10-01 00:00:00+00:00
[2024-10-29T14:34:48.227+0000] {processor.py:208} INFO - Processing /opt/airflow/dags/get_csv_from_psb_dag.py took 0.159 seconds
[2024-10-29T14:35:18.807+0000] {processor.py:186} INFO - Started process (PID=2556) to work on /opt/airflow/dags/get_csv_from_psb_dag.py
[2024-10-29T14:35:18.813+0000] {processor.py:914} INFO - Processing file /opt/airflow/dags/get_csv_from_psb_dag.py for tasks to queue
[2024-10-29T14:35:18.818+0000] {logging_mixin.py:190} INFO - [2024-10-29T14:35:18.817+0000] {dagbag.py:588} INFO - Filling up the DagBag from /opt/airflow/dags/get_csv_from_psb_dag.py
[2024-10-29T14:35:18.839+0000] {processor.py:925} INFO - DAG(s) 'get_csv_from_prf' retrieved from /opt/airflow/dags/get_csv_from_psb_dag.py
[2024-10-29T14:35:18.888+0000] {logging_mixin.py:190} INFO - [2024-10-29T14:35:18.887+0000] {dag.py:3239} INFO - Sync 1 DAGs
[2024-10-29T14:35:18.965+0000] {logging_mixin.py:190} INFO - [2024-10-29T14:35:18.964+0000] {dag.py:4180} INFO - Setting next_dagrun for get_csv_from_prf to 2024-09-01 00:00:00+00:00, run_after=2024-10-01 00:00:00+00:00
[2024-10-29T14:35:19.018+0000] {processor.py:208} INFO - Processing /opt/airflow/dags/get_csv_from_psb_dag.py took 0.226 seconds
[2024-10-29T14:35:49.766+0000] {processor.py:186} INFO - Started process (PID=2622) to work on /opt/airflow/dags/get_csv_from_psb_dag.py
[2024-10-29T14:35:49.767+0000] {processor.py:914} INFO - Processing file /opt/airflow/dags/get_csv_from_psb_dag.py for tasks to queue
[2024-10-29T14:35:49.770+0000] {logging_mixin.py:190} INFO - [2024-10-29T14:35:49.769+0000] {dagbag.py:588} INFO - Filling up the DagBag from /opt/airflow/dags/get_csv_from_psb_dag.py
[2024-10-29T14:35:49.785+0000] {processor.py:925} INFO - DAG(s) 'get_csv_from_prf' retrieved from /opt/airflow/dags/get_csv_from_psb_dag.py
[2024-10-29T14:35:49.815+0000] {logging_mixin.py:190} INFO - [2024-10-29T14:35:49.814+0000] {dag.py:3239} INFO - Sync 1 DAGs
[2024-10-29T14:35:49.847+0000] {logging_mixin.py:190} INFO - [2024-10-29T14:35:49.847+0000] {dag.py:4180} INFO - Setting next_dagrun for get_csv_from_prf to 2024-09-01 00:00:00+00:00, run_after=2024-10-01 00:00:00+00:00
[2024-10-29T14:35:49.879+0000] {processor.py:208} INFO - Processing /opt/airflow/dags/get_csv_from_psb_dag.py took 0.124 seconds
[2024-10-29T14:36:20.463+0000] {processor.py:186} INFO - Started process (PID=2688) to work on /opt/airflow/dags/get_csv_from_psb_dag.py
[2024-10-29T14:36:20.466+0000] {processor.py:914} INFO - Processing file /opt/airflow/dags/get_csv_from_psb_dag.py for tasks to queue
[2024-10-29T14:36:20.470+0000] {logging_mixin.py:190} INFO - [2024-10-29T14:36:20.469+0000] {dagbag.py:588} INFO - Filling up the DagBag from /opt/airflow/dags/get_csv_from_psb_dag.py
[2024-10-29T14:36:20.498+0000] {processor.py:925} INFO - DAG(s) 'get_csv_from_prf' retrieved from /opt/airflow/dags/get_csv_from_psb_dag.py
[2024-10-29T14:36:20.539+0000] {logging_mixin.py:190} INFO - [2024-10-29T14:36:20.538+0000] {dag.py:3239} INFO - Sync 1 DAGs
[2024-10-29T14:36:20.606+0000] {logging_mixin.py:190} INFO - [2024-10-29T14:36:20.605+0000] {dag.py:4180} INFO - Setting next_dagrun for get_csv_from_prf to 2024-09-01 00:00:00+00:00, run_after=2024-10-01 00:00:00+00:00
[2024-10-29T14:36:20.661+0000] {processor.py:208} INFO - Processing /opt/airflow/dags/get_csv_from_psb_dag.py took 0.213 seconds
[2024-10-29T14:36:51.135+0000] {processor.py:186} INFO - Started process (PID=2754) to work on /opt/airflow/dags/get_csv_from_psb_dag.py
[2024-10-29T14:36:51.138+0000] {processor.py:914} INFO - Processing file /opt/airflow/dags/get_csv_from_psb_dag.py for tasks to queue
[2024-10-29T14:36:51.145+0000] {logging_mixin.py:190} INFO - [2024-10-29T14:36:51.144+0000] {dagbag.py:588} INFO - Filling up the DagBag from /opt/airflow/dags/get_csv_from_psb_dag.py
[2024-10-29T14:36:51.165+0000] {processor.py:925} INFO - DAG(s) 'get_csv_from_prf' retrieved from /opt/airflow/dags/get_csv_from_psb_dag.py
[2024-10-29T14:36:51.198+0000] {logging_mixin.py:190} INFO - [2024-10-29T14:36:51.198+0000] {dag.py:3239} INFO - Sync 1 DAGs
[2024-10-29T14:36:51.240+0000] {logging_mixin.py:190} INFO - [2024-10-29T14:36:51.240+0000] {dag.py:4180} INFO - Setting next_dagrun for get_csv_from_prf to 2024-09-01 00:00:00+00:00, run_after=2024-10-01 00:00:00+00:00
[2024-10-29T14:36:51.269+0000] {processor.py:208} INFO - Processing /opt/airflow/dags/get_csv_from_psb_dag.py took 0.141 seconds
[2024-10-29T14:37:22.187+0000] {processor.py:186} INFO - Started process (PID=2820) to work on /opt/airflow/dags/get_csv_from_psb_dag.py
[2024-10-29T14:37:22.190+0000] {processor.py:914} INFO - Processing file /opt/airflow/dags/get_csv_from_psb_dag.py for tasks to queue
[2024-10-29T14:37:22.192+0000] {logging_mixin.py:190} INFO - [2024-10-29T14:37:22.191+0000] {dagbag.py:588} INFO - Filling up the DagBag from /opt/airflow/dags/get_csv_from_psb_dag.py
[2024-10-29T14:37:22.201+0000] {processor.py:925} INFO - DAG(s) 'get_csv_from_prf' retrieved from /opt/airflow/dags/get_csv_from_psb_dag.py
[2024-10-29T14:37:22.218+0000] {logging_mixin.py:190} INFO - [2024-10-29T14:37:22.218+0000] {dag.py:3239} INFO - Sync 1 DAGs
[2024-10-29T14:37:22.246+0000] {logging_mixin.py:190} INFO - [2024-10-29T14:37:22.246+0000] {dag.py:4180} INFO - Setting next_dagrun for get_csv_from_prf to 2024-09-01 00:00:00+00:00, run_after=2024-10-01 00:00:00+00:00
[2024-10-29T14:37:22.263+0000] {processor.py:208} INFO - Processing /opt/airflow/dags/get_csv_from_psb_dag.py took 0.083 seconds
[2024-10-29T14:37:52.809+0000] {processor.py:186} INFO - Started process (PID=2886) to work on /opt/airflow/dags/get_csv_from_psb_dag.py
[2024-10-29T14:37:52.811+0000] {processor.py:914} INFO - Processing file /opt/airflow/dags/get_csv_from_psb_dag.py for tasks to queue
[2024-10-29T14:37:52.814+0000] {logging_mixin.py:190} INFO - [2024-10-29T14:37:52.813+0000] {dagbag.py:588} INFO - Filling up the DagBag from /opt/airflow/dags/get_csv_from_psb_dag.py
[2024-10-29T14:37:52.829+0000] {processor.py:925} INFO - DAG(s) 'get_csv_from_prf' retrieved from /opt/airflow/dags/get_csv_from_psb_dag.py
[2024-10-29T14:37:52.856+0000] {logging_mixin.py:190} INFO - [2024-10-29T14:37:52.856+0000] {dag.py:3239} INFO - Sync 1 DAGs
[2024-10-29T14:37:52.891+0000] {logging_mixin.py:190} INFO - [2024-10-29T14:37:52.890+0000] {dag.py:4180} INFO - Setting next_dagrun for get_csv_from_prf to 2024-09-01 00:00:00+00:00, run_after=2024-10-01 00:00:00+00:00
[2024-10-29T14:37:52.916+0000] {processor.py:208} INFO - Processing /opt/airflow/dags/get_csv_from_psb_dag.py took 0.116 seconds
[2024-10-29T14:38:23.159+0000] {processor.py:186} INFO - Started process (PID=2952) to work on /opt/airflow/dags/get_csv_from_psb_dag.py
[2024-10-29T14:38:23.160+0000] {processor.py:914} INFO - Processing file /opt/airflow/dags/get_csv_from_psb_dag.py for tasks to queue
[2024-10-29T14:38:23.161+0000] {logging_mixin.py:190} INFO - [2024-10-29T14:38:23.161+0000] {dagbag.py:588} INFO - Filling up the DagBag from /opt/airflow/dags/get_csv_from_psb_dag.py
[2024-10-29T14:38:23.170+0000] {processor.py:925} INFO - DAG(s) 'get_csv_from_prf' retrieved from /opt/airflow/dags/get_csv_from_psb_dag.py
[2024-10-29T14:38:23.186+0000] {logging_mixin.py:190} INFO - [2024-10-29T14:38:23.186+0000] {dag.py:3239} INFO - Sync 1 DAGs
[2024-10-29T14:38:23.206+0000] {logging_mixin.py:190} INFO - [2024-10-29T14:38:23.206+0000] {dag.py:4180} INFO - Setting next_dagrun for get_csv_from_prf to 2024-09-01 00:00:00+00:00, run_after=2024-10-01 00:00:00+00:00
[2024-10-29T14:38:23.221+0000] {processor.py:208} INFO - Processing /opt/airflow/dags/get_csv_from_psb_dag.py took 0.066 seconds
[2024-10-29T14:38:53.758+0000] {processor.py:186} INFO - Started process (PID=3018) to work on /opt/airflow/dags/get_csv_from_psb_dag.py
[2024-10-29T14:38:53.759+0000] {processor.py:914} INFO - Processing file /opt/airflow/dags/get_csv_from_psb_dag.py for tasks to queue
[2024-10-29T14:38:53.761+0000] {logging_mixin.py:190} INFO - [2024-10-29T14:38:53.761+0000] {dagbag.py:588} INFO - Filling up the DagBag from /opt/airflow/dags/get_csv_from_psb_dag.py
[2024-10-29T14:38:53.770+0000] {processor.py:925} INFO - DAG(s) 'get_csv_from_prf' retrieved from /opt/airflow/dags/get_csv_from_psb_dag.py
[2024-10-29T14:38:53.785+0000] {logging_mixin.py:190} INFO - [2024-10-29T14:38:53.785+0000] {dag.py:3239} INFO - Sync 1 DAGs
[2024-10-29T14:38:53.805+0000] {logging_mixin.py:190} INFO - [2024-10-29T14:38:53.805+0000] {dag.py:4180} INFO - Setting next_dagrun for get_csv_from_prf to 2024-09-01 00:00:00+00:00, run_after=2024-10-01 00:00:00+00:00
[2024-10-29T14:38:53.822+0000] {processor.py:208} INFO - Processing /opt/airflow/dags/get_csv_from_psb_dag.py took 0.069 seconds
[2024-10-29T14:39:24.550+0000] {processor.py:186} INFO - Started process (PID=3083) to work on /opt/airflow/dags/get_csv_from_psb_dag.py
[2024-10-29T14:39:24.552+0000] {processor.py:914} INFO - Processing file /opt/airflow/dags/get_csv_from_psb_dag.py for tasks to queue
[2024-10-29T14:39:24.554+0000] {logging_mixin.py:190} INFO - [2024-10-29T14:39:24.553+0000] {dagbag.py:588} INFO - Filling up the DagBag from /opt/airflow/dags/get_csv_from_psb_dag.py
[2024-10-29T14:39:24.562+0000] {processor.py:925} INFO - DAG(s) 'get_csv_from_prf' retrieved from /opt/airflow/dags/get_csv_from_psb_dag.py
[2024-10-29T14:39:24.578+0000] {logging_mixin.py:190} INFO - [2024-10-29T14:39:24.578+0000] {dag.py:3239} INFO - Sync 1 DAGs
[2024-10-29T14:39:24.598+0000] {logging_mixin.py:190} INFO - [2024-10-29T14:39:24.598+0000] {dag.py:4180} INFO - Setting next_dagrun for get_csv_from_prf to 2024-09-01 00:00:00+00:00, run_after=2024-10-01 00:00:00+00:00
[2024-10-29T14:39:24.612+0000] {processor.py:208} INFO - Processing /opt/airflow/dags/get_csv_from_psb_dag.py took 0.067 seconds
[2024-10-29T14:39:55.023+0000] {processor.py:186} INFO - Started process (PID=3149) to work on /opt/airflow/dags/get_csv_from_psb_dag.py
[2024-10-29T14:39:55.025+0000] {processor.py:914} INFO - Processing file /opt/airflow/dags/get_csv_from_psb_dag.py for tasks to queue
[2024-10-29T14:39:55.026+0000] {logging_mixin.py:190} INFO - [2024-10-29T14:39:55.026+0000] {dagbag.py:588} INFO - Filling up the DagBag from /opt/airflow/dags/get_csv_from_psb_dag.py
[2024-10-29T14:39:55.035+0000] {processor.py:925} INFO - DAG(s) 'get_csv_from_prf' retrieved from /opt/airflow/dags/get_csv_from_psb_dag.py
[2024-10-29T14:39:55.051+0000] {logging_mixin.py:190} INFO - [2024-10-29T14:39:55.051+0000] {dag.py:3239} INFO - Sync 1 DAGs
[2024-10-29T14:39:55.072+0000] {logging_mixin.py:190} INFO - [2024-10-29T14:39:55.071+0000] {dag.py:4180} INFO - Setting next_dagrun for get_csv_from_prf to 2024-09-01 00:00:00+00:00, run_after=2024-10-01 00:00:00+00:00
[2024-10-29T14:39:55.085+0000] {processor.py:208} INFO - Processing /opt/airflow/dags/get_csv_from_psb_dag.py took 0.067 seconds
[2024-10-29T14:40:25.389+0000] {processor.py:186} INFO - Started process (PID=3215) to work on /opt/airflow/dags/get_csv_from_psb_dag.py
[2024-10-29T14:40:25.390+0000] {processor.py:914} INFO - Processing file /opt/airflow/dags/get_csv_from_psb_dag.py for tasks to queue
[2024-10-29T14:40:25.394+0000] {logging_mixin.py:190} INFO - [2024-10-29T14:40:25.394+0000] {dagbag.py:588} INFO - Filling up the DagBag from /opt/airflow/dags/get_csv_from_psb_dag.py
[2024-10-29T14:40:25.405+0000] {processor.py:925} INFO - DAG(s) 'get_csv_from_prf' retrieved from /opt/airflow/dags/get_csv_from_psb_dag.py
[2024-10-29T14:40:25.423+0000] {logging_mixin.py:190} INFO - [2024-10-29T14:40:25.423+0000] {dag.py:3239} INFO - Sync 1 DAGs
[2024-10-29T14:40:25.446+0000] {logging_mixin.py:190} INFO - [2024-10-29T14:40:25.445+0000] {dag.py:4180} INFO - Setting next_dagrun for get_csv_from_prf to 2024-09-01 00:00:00+00:00, run_after=2024-10-01 00:00:00+00:00
[2024-10-29T14:40:25.462+0000] {processor.py:208} INFO - Processing /opt/airflow/dags/get_csv_from_psb_dag.py took 0.078 seconds
