[2024-11-28T09:46:07.706+0000] {local_task_job_runner.py:123} INFO - ::group::Pre task execution logs
[2024-11-28T09:46:07.771+0000] {taskinstance.py:2612} INFO - Dependencies all met for dep_context=non-requeueable deps ti=<TaskInstance: get_gbif_data_atropelada.get_all_data scheduled__2024-11-27T16:00:00+00:00 [queued]>
[2024-11-28T09:46:07.795+0000] {taskinstance.py:2612} INFO - Dependencies all met for dep_context=requeueable deps ti=<TaskInstance: get_gbif_data_atropelada.get_all_data scheduled__2024-11-27T16:00:00+00:00 [queued]>
[2024-11-28T09:46:07.796+0000] {taskinstance.py:2865} INFO - Starting attempt 1 of 4
[2024-11-28T09:46:07.846+0000] {taskinstance.py:2888} INFO - Executing <Task(_PythonDecoratedOperator): get_all_data> on 2024-11-27 16:00:00+00:00
[2024-11-28T09:46:07.882+0000] {warnings.py:112} WARNING - /home/***/.local/lib/python3.12/site-packages/***/task/task_runner/standard_task_runner.py:70: DeprecationWarning: This process (pid=57) is multi-threaded, use of fork() may lead to deadlocks in the child.
  pid = os.fork()

[2024-11-28T09:46:07.884+0000] {standard_task_runner.py:72} INFO - Started process 109 to run task
[2024-11-28T09:46:07.891+0000] {standard_task_runner.py:104} INFO - Running: ['***', 'tasks', 'run', 'get_gbif_data_atropelada', 'get_all_data', 'scheduled__2024-11-27T16:00:00+00:00', '--job-id', '1719', '--raw', '--subdir', 'DAGS_FOLDER/gbif_dag.py', '--cfg-path', '/tmp/tmp95d0xgj2']
[2024-11-28T09:46:07.892+0000] {standard_task_runner.py:105} INFO - Job 1719: Subtask get_all_data
[2024-11-28T09:46:08.066+0000] {task_command.py:467} INFO - Running <TaskInstance: get_gbif_data_atropelada.get_all_data scheduled__2024-11-27T16:00:00+00:00 [running]> on host 3de0f1e46a39
[2024-11-28T09:46:08.444+0000] {taskinstance.py:3131} INFO - Exporting env vars: AIRFLOW_CTX_DAG_OWNER='***' AIRFLOW_CTX_DAG_ID='get_gbif_data_atropelada' AIRFLOW_CTX_TASK_ID='get_all_data' AIRFLOW_CTX_EXECUTION_DATE='2024-11-27T16:00:00+00:00' AIRFLOW_CTX_TRY_NUMBER='1' AIRFLOW_CTX_DAG_RUN_ID='scheduled__2024-11-27T16:00:00+00:00'
[2024-11-28T09:46:08.445+0000] {logging_mixin.py:190} INFO - Task instance is in running state
[2024-11-28T09:46:08.445+0000] {logging_mixin.py:190} INFO -  Previous state of the Task instance: queued
[2024-11-28T09:46:08.451+0000] {logging_mixin.py:190} INFO - Current task name:get_all_data state:running start_date:2024-11-28 09:46:07.772070+00:00
[2024-11-28T09:46:08.451+0000] {logging_mixin.py:190} INFO - Dag name:get_gbif_data_atropelada and current dag run status:running
[2024-11-28T09:46:08.454+0000] {taskinstance.py:731} INFO - ::endgroup::
[2024-11-28T09:46:08.455+0000] {gbif_dag.py:227} INFO - Getting data from keyword: atropelada
[2024-11-28T09:46:09.091+0000] {gbif_dag.py:233} INFO - No more occurrences found, stopping.
[2024-11-28T09:46:09.144+0000] {crypto.py:82} WARNING - empty cryptography key - values will not be stored encrypted.
[2024-11-28T09:46:09.155+0000] {python.py:240} INFO - Done. Returned value was: []
[2024-11-28T09:46:09.246+0000] {taskinstance.py:340} INFO - ::group::Post task execution logs
[2024-11-28T09:46:09.246+0000] {taskinstance.py:352} INFO - Marking task as SUCCESS. dag_id=get_gbif_data_atropelada, task_id=get_all_data, run_id=scheduled__2024-11-27T16:00:00+00:00, execution_date=20241127T160000, start_date=20241128T094607, end_date=20241128T094609
[2024-11-28T09:46:09.308+0000] {logging_mixin.py:190} INFO - Task instance in success state
[2024-11-28T09:46:09.308+0000] {logging_mixin.py:190} INFO -  Previous state of the Task instance: running
[2024-11-28T09:46:09.308+0000] {logging_mixin.py:190} INFO - Dag name:get_gbif_data_atropelada queued_at:2024-11-28 09:45:54.985062+00:00
[2024-11-28T09:46:09.309+0000] {logging_mixin.py:190} INFO - Task hostname:3de0f1e46a39 operator:_PythonDecoratedOperator
[2024-11-28T09:46:09.366+0000] {local_task_job_runner.py:266} INFO - Task exited with return code 0
[2024-11-28T09:46:09.394+0000] {local_task_job_runner.py:245} INFO - ::endgroup::
