[2024-11-03T22:22:01.570+0000] {processor.py:186} INFO - Started process (PID=73) to work on /home/airflow/.local/lib/python3.12/site-packages/airflow/example_dags/example_xcom.py
[2024-11-03T22:22:01.571+0000] {processor.py:914} INFO - Processing file /home/airflow/.local/lib/python3.12/site-packages/airflow/example_dags/example_xcom.py for tasks to queue
[2024-11-03T22:22:01.572+0000] {logging_mixin.py:190} INFO - [2024-11-03T22:22:01.572+0000] {dagbag.py:588} INFO - Filling up the DagBag from /home/airflow/.local/lib/python3.12/site-packages/airflow/example_dags/example_xcom.py
[2024-11-03T22:22:01.587+0000] {processor.py:925} INFO - DAG(s) 'example_xcom' retrieved from /home/airflow/.local/lib/python3.12/site-packages/airflow/example_dags/example_xcom.py
[2024-11-03T22:22:01.624+0000] {logging_mixin.py:190} INFO - [2024-11-03T22:22:01.624+0000] {dag.py:3239} INFO - Sync 1 DAGs
[2024-11-03T22:22:01.666+0000] {logging_mixin.py:190} INFO - [2024-11-03T22:22:01.666+0000] {dag.py:4180} INFO - Setting next_dagrun for example_xcom to 2021-01-01 00:00:00+00:00, run_after=2021-01-01 00:00:00+00:00
[2024-11-03T22:22:01.705+0000] {processor.py:208} INFO - Processing /home/airflow/.local/lib/python3.12/site-packages/airflow/example_dags/example_xcom.py took 0.147 seconds
[2024-11-03T22:22:32.563+0000] {processor.py:186} INFO - Started process (PID=144) to work on /home/airflow/.local/lib/python3.12/site-packages/airflow/example_dags/example_xcom.py
[2024-11-03T22:22:32.563+0000] {processor.py:914} INFO - Processing file /home/airflow/.local/lib/python3.12/site-packages/airflow/example_dags/example_xcom.py for tasks to queue
[2024-11-03T22:22:32.564+0000] {logging_mixin.py:190} INFO - [2024-11-03T22:22:32.564+0000] {dagbag.py:588} INFO - Filling up the DagBag from /home/airflow/.local/lib/python3.12/site-packages/airflow/example_dags/example_xcom.py
[2024-11-03T22:22:32.573+0000] {processor.py:925} INFO - DAG(s) 'example_xcom' retrieved from /home/airflow/.local/lib/python3.12/site-packages/airflow/example_dags/example_xcom.py
[2024-11-03T22:22:32.602+0000] {logging_mixin.py:190} INFO - [2024-11-03T22:22:32.602+0000] {dag.py:3239} INFO - Sync 1 DAGs
[2024-11-03T22:22:32.632+0000] {logging_mixin.py:190} INFO - [2024-11-03T22:22:32.632+0000] {dag.py:4180} INFO - Setting next_dagrun for example_xcom to 2021-01-01 00:00:00+00:00, run_after=2021-01-01 00:00:00+00:00
[2024-11-03T22:22:32.660+0000] {processor.py:208} INFO - Processing /home/airflow/.local/lib/python3.12/site-packages/airflow/example_dags/example_xcom.py took 0.102 seconds
[2024-11-03T22:23:03.280+0000] {processor.py:186} INFO - Started process (PID=209) to work on /home/airflow/.local/lib/python3.12/site-packages/airflow/example_dags/example_xcom.py
[2024-11-03T22:23:03.280+0000] {processor.py:914} INFO - Processing file /home/airflow/.local/lib/python3.12/site-packages/airflow/example_dags/example_xcom.py for tasks to queue
[2024-11-03T22:23:03.282+0000] {logging_mixin.py:190} INFO - [2024-11-03T22:23:03.281+0000] {dagbag.py:588} INFO - Filling up the DagBag from /home/airflow/.local/lib/python3.12/site-packages/airflow/example_dags/example_xcom.py
[2024-11-03T22:23:03.292+0000] {processor.py:925} INFO - DAG(s) 'example_xcom' retrieved from /home/airflow/.local/lib/python3.12/site-packages/airflow/example_dags/example_xcom.py
[2024-11-03T22:23:03.313+0000] {logging_mixin.py:190} INFO - [2024-11-03T22:23:03.313+0000] {dag.py:3239} INFO - Sync 1 DAGs
[2024-11-03T22:23:03.338+0000] {logging_mixin.py:190} INFO - [2024-11-03T22:23:03.338+0000] {dag.py:4180} INFO - Setting next_dagrun for example_xcom to 2021-01-01 00:00:00+00:00, run_after=2021-01-01 00:00:00+00:00
[2024-11-03T22:23:03.363+0000] {processor.py:208} INFO - Processing /home/airflow/.local/lib/python3.12/site-packages/airflow/example_dags/example_xcom.py took 0.088 seconds
[2024-11-03T22:23:34.779+0000] {processor.py:186} INFO - Started process (PID=274) to work on /home/airflow/.local/lib/python3.12/site-packages/airflow/example_dags/example_xcom.py
[2024-11-03T22:23:34.781+0000] {processor.py:914} INFO - Processing file /home/airflow/.local/lib/python3.12/site-packages/airflow/example_dags/example_xcom.py for tasks to queue
[2024-11-03T22:23:34.783+0000] {logging_mixin.py:190} INFO - [2024-11-03T22:23:34.783+0000] {dagbag.py:588} INFO - Filling up the DagBag from /home/airflow/.local/lib/python3.12/site-packages/airflow/example_dags/example_xcom.py
[2024-11-03T22:23:34.799+0000] {processor.py:925} INFO - DAG(s) 'example_xcom' retrieved from /home/airflow/.local/lib/python3.12/site-packages/airflow/example_dags/example_xcom.py
[2024-11-03T22:23:34.830+0000] {logging_mixin.py:190} INFO - [2024-11-03T22:23:34.829+0000] {dag.py:3239} INFO - Sync 1 DAGs
[2024-11-03T22:23:34.865+0000] {logging_mixin.py:190} INFO - [2024-11-03T22:23:34.865+0000] {dag.py:4180} INFO - Setting next_dagrun for example_xcom to 2021-01-01 00:00:00+00:00, run_after=2021-01-01 00:00:00+00:00
[2024-11-03T22:23:34.898+0000] {processor.py:208} INFO - Processing /home/airflow/.local/lib/python3.12/site-packages/airflow/example_dags/example_xcom.py took 0.129 seconds
[2024-11-03T22:24:05.289+0000] {processor.py:186} INFO - Started process (PID=337) to work on /home/airflow/.local/lib/python3.12/site-packages/airflow/example_dags/example_xcom.py
[2024-11-03T22:24:05.290+0000] {processor.py:914} INFO - Processing file /home/airflow/.local/lib/python3.12/site-packages/airflow/example_dags/example_xcom.py for tasks to queue
[2024-11-03T22:24:05.292+0000] {logging_mixin.py:190} INFO - [2024-11-03T22:24:05.291+0000] {dagbag.py:588} INFO - Filling up the DagBag from /home/airflow/.local/lib/python3.12/site-packages/airflow/example_dags/example_xcom.py
[2024-11-03T22:24:05.306+0000] {processor.py:925} INFO - DAG(s) 'example_xcom' retrieved from /home/airflow/.local/lib/python3.12/site-packages/airflow/example_dags/example_xcom.py
[2024-11-03T22:24:05.341+0000] {logging_mixin.py:190} INFO - [2024-11-03T22:24:05.340+0000] {dag.py:3239} INFO - Sync 1 DAGs
[2024-11-03T22:24:05.383+0000] {logging_mixin.py:190} INFO - [2024-11-03T22:24:05.383+0000] {dag.py:4180} INFO - Setting next_dagrun for example_xcom to 2021-01-01 00:00:00+00:00, run_after=2021-01-01 00:00:00+00:00
[2024-11-03T22:24:05.415+0000] {processor.py:208} INFO - Processing /home/airflow/.local/lib/python3.12/site-packages/airflow/example_dags/example_xcom.py took 0.135 seconds
[2024-11-03T22:24:36.037+0000] {processor.py:186} INFO - Started process (PID=402) to work on /home/airflow/.local/lib/python3.12/site-packages/airflow/example_dags/example_xcom.py
[2024-11-03T22:24:36.039+0000] {processor.py:914} INFO - Processing file /home/airflow/.local/lib/python3.12/site-packages/airflow/example_dags/example_xcom.py for tasks to queue
[2024-11-03T22:24:36.041+0000] {logging_mixin.py:190} INFO - [2024-11-03T22:24:36.040+0000] {dagbag.py:588} INFO - Filling up the DagBag from /home/airflow/.local/lib/python3.12/site-packages/airflow/example_dags/example_xcom.py
[2024-11-03T22:24:36.067+0000] {processor.py:925} INFO - DAG(s) 'example_xcom' retrieved from /home/airflow/.local/lib/python3.12/site-packages/airflow/example_dags/example_xcom.py
[2024-11-03T22:24:36.119+0000] {logging_mixin.py:190} INFO - [2024-11-03T22:24:36.118+0000] {dag.py:3239} INFO - Sync 1 DAGs
[2024-11-03T22:24:36.172+0000] {logging_mixin.py:190} INFO - [2024-11-03T22:24:36.171+0000] {dag.py:4180} INFO - Setting next_dagrun for example_xcom to 2021-01-01 00:00:00+00:00, run_after=2021-01-01 00:00:00+00:00
[2024-11-03T22:24:36.213+0000] {processor.py:208} INFO - Processing /home/airflow/.local/lib/python3.12/site-packages/airflow/example_dags/example_xcom.py took 0.186 seconds
[2024-11-03T22:25:07.037+0000] {processor.py:186} INFO - Started process (PID=468) to work on /home/airflow/.local/lib/python3.12/site-packages/airflow/example_dags/example_xcom.py
[2024-11-03T22:25:07.037+0000] {processor.py:914} INFO - Processing file /home/airflow/.local/lib/python3.12/site-packages/airflow/example_dags/example_xcom.py for tasks to queue
[2024-11-03T22:25:07.039+0000] {logging_mixin.py:190} INFO - [2024-11-03T22:25:07.038+0000] {dagbag.py:588} INFO - Filling up the DagBag from /home/airflow/.local/lib/python3.12/site-packages/airflow/example_dags/example_xcom.py
[2024-11-03T22:25:07.054+0000] {processor.py:925} INFO - DAG(s) 'example_xcom' retrieved from /home/airflow/.local/lib/python3.12/site-packages/airflow/example_dags/example_xcom.py
[2024-11-03T22:25:07.088+0000] {logging_mixin.py:190} INFO - [2024-11-03T22:25:07.088+0000] {dag.py:3239} INFO - Sync 1 DAGs
[2024-11-03T22:25:07.131+0000] {logging_mixin.py:190} INFO - [2024-11-03T22:25:07.130+0000] {dag.py:4180} INFO - Setting next_dagrun for example_xcom to 2021-01-01 00:00:00+00:00, run_after=2021-01-01 00:00:00+00:00
[2024-11-03T22:25:07.164+0000] {processor.py:208} INFO - Processing /home/airflow/.local/lib/python3.12/site-packages/airflow/example_dags/example_xcom.py took 0.134 seconds
[2024-11-03T22:25:38.061+0000] {processor.py:186} INFO - Started process (PID=533) to work on /home/airflow/.local/lib/python3.12/site-packages/airflow/example_dags/example_xcom.py
[2024-11-03T22:25:38.062+0000] {processor.py:914} INFO - Processing file /home/airflow/.local/lib/python3.12/site-packages/airflow/example_dags/example_xcom.py for tasks to queue
[2024-11-03T22:25:38.063+0000] {logging_mixin.py:190} INFO - [2024-11-03T22:25:38.063+0000] {dagbag.py:588} INFO - Filling up the DagBag from /home/airflow/.local/lib/python3.12/site-packages/airflow/example_dags/example_xcom.py
[2024-11-03T22:25:38.072+0000] {processor.py:925} INFO - DAG(s) 'example_xcom' retrieved from /home/airflow/.local/lib/python3.12/site-packages/airflow/example_dags/example_xcom.py
[2024-11-03T22:25:38.094+0000] {logging_mixin.py:190} INFO - [2024-11-03T22:25:38.094+0000] {dag.py:3239} INFO - Sync 1 DAGs
[2024-11-03T22:25:38.120+0000] {logging_mixin.py:190} INFO - [2024-11-03T22:25:38.120+0000] {dag.py:4180} INFO - Setting next_dagrun for example_xcom to 2021-01-01 00:00:00+00:00, run_after=2021-01-01 00:00:00+00:00
[2024-11-03T22:25:38.142+0000] {processor.py:208} INFO - Processing /home/airflow/.local/lib/python3.12/site-packages/airflow/example_dags/example_xcom.py took 0.086 seconds
[2024-11-03T22:26:08.981+0000] {processor.py:186} INFO - Started process (PID=598) to work on /home/airflow/.local/lib/python3.12/site-packages/airflow/example_dags/example_xcom.py
[2024-11-03T22:26:08.982+0000] {processor.py:914} INFO - Processing file /home/airflow/.local/lib/python3.12/site-packages/airflow/example_dags/example_xcom.py for tasks to queue
[2024-11-03T22:26:08.983+0000] {logging_mixin.py:190} INFO - [2024-11-03T22:26:08.983+0000] {dagbag.py:588} INFO - Filling up the DagBag from /home/airflow/.local/lib/python3.12/site-packages/airflow/example_dags/example_xcom.py
[2024-11-03T22:26:08.994+0000] {processor.py:925} INFO - DAG(s) 'example_xcom' retrieved from /home/airflow/.local/lib/python3.12/site-packages/airflow/example_dags/example_xcom.py
[2024-11-03T22:26:09.027+0000] {logging_mixin.py:190} INFO - [2024-11-03T22:26:09.027+0000] {dag.py:3239} INFO - Sync 1 DAGs
[2024-11-03T22:26:09.073+0000] {logging_mixin.py:190} INFO - [2024-11-03T22:26:09.072+0000] {dag.py:4180} INFO - Setting next_dagrun for example_xcom to 2021-01-01 00:00:00+00:00, run_after=2021-01-01 00:00:00+00:00
[2024-11-03T22:26:09.114+0000] {processor.py:208} INFO - Processing /home/airflow/.local/lib/python3.12/site-packages/airflow/example_dags/example_xcom.py took 0.139 seconds
