[2024-11-03T22:22:00.285+0000] {processor.py:186} INFO - Started process (PID=55) to work on /home/airflow/.local/lib/python3.12/site-packages/airflow/example_dags/example_complex.py
[2024-11-03T22:22:00.285+0000] {processor.py:914} INFO - Processing file /home/airflow/.local/lib/python3.12/site-packages/airflow/example_dags/example_complex.py for tasks to queue
[2024-11-03T22:22:00.286+0000] {logging_mixin.py:190} INFO - [2024-11-03T22:22:00.286+0000] {dagbag.py:588} INFO - Filling up the DagBag from /home/airflow/.local/lib/python3.12/site-packages/airflow/example_dags/example_complex.py
[2024-11-03T22:22:00.298+0000] {processor.py:925} INFO - DAG(s) 'example_complex' retrieved from /home/airflow/.local/lib/python3.12/site-packages/airflow/example_dags/example_complex.py
[2024-11-03T22:22:00.343+0000] {logging_mixin.py:190} INFO - [2024-11-03T22:22:00.342+0000] {dag.py:3239} INFO - Sync 1 DAGs
[2024-11-03T22:22:00.355+0000] {logging_mixin.py:190} INFO - [2024-11-03T22:22:00.355+0000] {dag.py:4180} INFO - Setting next_dagrun for example_complex to None, run_after=None
[2024-11-03T22:22:00.370+0000] {processor.py:208} INFO - Processing /home/airflow/.local/lib/python3.12/site-packages/airflow/example_dags/example_complex.py took 0.090 seconds
[2024-11-03T22:22:30.629+0000] {processor.py:186} INFO - Started process (PID=126) to work on /home/airflow/.local/lib/python3.12/site-packages/airflow/example_dags/example_complex.py
[2024-11-03T22:22:30.629+0000] {processor.py:914} INFO - Processing file /home/airflow/.local/lib/python3.12/site-packages/airflow/example_dags/example_complex.py for tasks to queue
[2024-11-03T22:22:30.630+0000] {logging_mixin.py:190} INFO - [2024-11-03T22:22:30.630+0000] {dagbag.py:588} INFO - Filling up the DagBag from /home/airflow/.local/lib/python3.12/site-packages/airflow/example_dags/example_complex.py
[2024-11-03T22:22:30.640+0000] {processor.py:925} INFO - DAG(s) 'example_complex' retrieved from /home/airflow/.local/lib/python3.12/site-packages/airflow/example_dags/example_complex.py
[2024-11-03T22:22:30.668+0000] {logging_mixin.py:190} INFO - [2024-11-03T22:22:30.668+0000] {dag.py:3239} INFO - Sync 1 DAGs
[2024-11-03T22:22:30.682+0000] {logging_mixin.py:190} INFO - [2024-11-03T22:22:30.682+0000] {dag.py:4180} INFO - Setting next_dagrun for example_complex to None, run_after=None
[2024-11-03T22:22:30.701+0000] {processor.py:208} INFO - Processing /home/airflow/.local/lib/python3.12/site-packages/airflow/example_dags/example_complex.py took 0.076 seconds
[2024-11-03T22:23:01.100+0000] {processor.py:186} INFO - Started process (PID=191) to work on /home/airflow/.local/lib/python3.12/site-packages/airflow/example_dags/example_complex.py
[2024-11-03T22:23:01.101+0000] {processor.py:914} INFO - Processing file /home/airflow/.local/lib/python3.12/site-packages/airflow/example_dags/example_complex.py for tasks to queue
[2024-11-03T22:23:01.102+0000] {logging_mixin.py:190} INFO - [2024-11-03T22:23:01.102+0000] {dagbag.py:588} INFO - Filling up the DagBag from /home/airflow/.local/lib/python3.12/site-packages/airflow/example_dags/example_complex.py
[2024-11-03T22:23:01.115+0000] {processor.py:925} INFO - DAG(s) 'example_complex' retrieved from /home/airflow/.local/lib/python3.12/site-packages/airflow/example_dags/example_complex.py
[2024-11-03T22:23:01.153+0000] {logging_mixin.py:190} INFO - [2024-11-03T22:23:01.152+0000] {dag.py:3239} INFO - Sync 1 DAGs
[2024-11-03T22:23:01.170+0000] {logging_mixin.py:190} INFO - [2024-11-03T22:23:01.169+0000] {dag.py:4180} INFO - Setting next_dagrun for example_complex to None, run_after=None
[2024-11-03T22:23:01.189+0000] {processor.py:208} INFO - Processing /home/airflow/.local/lib/python3.12/site-packages/airflow/example_dags/example_complex.py took 0.094 seconds
[2024-11-03T22:23:32.449+0000] {processor.py:186} INFO - Started process (PID=256) to work on /home/airflow/.local/lib/python3.12/site-packages/airflow/example_dags/example_complex.py
[2024-11-03T22:23:32.452+0000] {processor.py:914} INFO - Processing file /home/airflow/.local/lib/python3.12/site-packages/airflow/example_dags/example_complex.py for tasks to queue
[2024-11-03T22:23:32.455+0000] {logging_mixin.py:190} INFO - [2024-11-03T22:23:32.454+0000] {dagbag.py:588} INFO - Filling up the DagBag from /home/airflow/.local/lib/python3.12/site-packages/airflow/example_dags/example_complex.py
[2024-11-03T22:23:32.478+0000] {processor.py:925} INFO - DAG(s) 'example_complex' retrieved from /home/airflow/.local/lib/python3.12/site-packages/airflow/example_dags/example_complex.py
[2024-11-03T22:23:32.543+0000] {logging_mixin.py:190} INFO - [2024-11-03T22:23:32.542+0000] {dag.py:3239} INFO - Sync 1 DAGs
[2024-11-03T22:23:32.575+0000] {logging_mixin.py:190} INFO - [2024-11-03T22:23:32.575+0000] {dag.py:4180} INFO - Setting next_dagrun for example_complex to None, run_after=None
[2024-11-03T22:23:32.616+0000] {processor.py:208} INFO - Processing /home/airflow/.local/lib/python3.12/site-packages/airflow/example_dags/example_complex.py took 0.175 seconds
[2024-11-03T22:24:03.479+0000] {processor.py:186} INFO - Started process (PID=320) to work on /home/airflow/.local/lib/python3.12/site-packages/airflow/example_dags/example_complex.py
[2024-11-03T22:24:03.479+0000] {processor.py:914} INFO - Processing file /home/airflow/.local/lib/python3.12/site-packages/airflow/example_dags/example_complex.py for tasks to queue
[2024-11-03T22:24:03.480+0000] {logging_mixin.py:190} INFO - [2024-11-03T22:24:03.480+0000] {dagbag.py:588} INFO - Filling up the DagBag from /home/airflow/.local/lib/python3.12/site-packages/airflow/example_dags/example_complex.py
[2024-11-03T22:24:03.496+0000] {processor.py:925} INFO - DAG(s) 'example_complex' retrieved from /home/airflow/.local/lib/python3.12/site-packages/airflow/example_dags/example_complex.py
[2024-11-03T22:24:03.541+0000] {logging_mixin.py:190} INFO - [2024-11-03T22:24:03.541+0000] {dag.py:3239} INFO - Sync 1 DAGs
[2024-11-03T22:24:03.569+0000] {logging_mixin.py:190} INFO - [2024-11-03T22:24:03.569+0000] {dag.py:4180} INFO - Setting next_dagrun for example_complex to None, run_after=None
[2024-11-03T22:24:03.609+0000] {processor.py:208} INFO - Processing /home/airflow/.local/lib/python3.12/site-packages/airflow/example_dags/example_complex.py took 0.137 seconds
[2024-11-03T22:24:34.065+0000] {processor.py:186} INFO - Started process (PID=385) to work on /home/airflow/.local/lib/python3.12/site-packages/airflow/example_dags/example_complex.py
[2024-11-03T22:24:34.066+0000] {processor.py:914} INFO - Processing file /home/airflow/.local/lib/python3.12/site-packages/airflow/example_dags/example_complex.py for tasks to queue
[2024-11-03T22:24:34.067+0000] {logging_mixin.py:190} INFO - [2024-11-03T22:24:34.067+0000] {dagbag.py:588} INFO - Filling up the DagBag from /home/airflow/.local/lib/python3.12/site-packages/airflow/example_dags/example_complex.py
[2024-11-03T22:24:34.083+0000] {processor.py:925} INFO - DAG(s) 'example_complex' retrieved from /home/airflow/.local/lib/python3.12/site-packages/airflow/example_dags/example_complex.py
[2024-11-03T22:24:34.123+0000] {logging_mixin.py:190} INFO - [2024-11-03T22:24:34.122+0000] {dag.py:3239} INFO - Sync 1 DAGs
[2024-11-03T22:24:34.145+0000] {logging_mixin.py:190} INFO - [2024-11-03T22:24:34.145+0000] {dag.py:4180} INFO - Setting next_dagrun for example_complex to None, run_after=None
[2024-11-03T22:24:34.178+0000] {processor.py:208} INFO - Processing /home/airflow/.local/lib/python3.12/site-packages/airflow/example_dags/example_complex.py took 0.119 seconds
[2024-11-03T22:25:04.972+0000] {processor.py:186} INFO - Started process (PID=450) to work on /home/airflow/.local/lib/python3.12/site-packages/airflow/example_dags/example_complex.py
[2024-11-03T22:25:04.974+0000] {processor.py:914} INFO - Processing file /home/airflow/.local/lib/python3.12/site-packages/airflow/example_dags/example_complex.py for tasks to queue
[2024-11-03T22:25:04.976+0000] {logging_mixin.py:190} INFO - [2024-11-03T22:25:04.975+0000] {dagbag.py:588} INFO - Filling up the DagBag from /home/airflow/.local/lib/python3.12/site-packages/airflow/example_dags/example_complex.py
[2024-11-03T22:25:04.993+0000] {processor.py:925} INFO - DAG(s) 'example_complex' retrieved from /home/airflow/.local/lib/python3.12/site-packages/airflow/example_dags/example_complex.py
[2024-11-03T22:25:05.045+0000] {logging_mixin.py:190} INFO - [2024-11-03T22:25:05.044+0000] {dag.py:3239} INFO - Sync 1 DAGs
[2024-11-03T22:25:05.077+0000] {logging_mixin.py:190} INFO - [2024-11-03T22:25:05.076+0000] {dag.py:4180} INFO - Setting next_dagrun for example_complex to None, run_after=None
[2024-11-03T22:25:05.114+0000] {processor.py:208} INFO - Processing /home/airflow/.local/lib/python3.12/site-packages/airflow/example_dags/example_complex.py took 0.147 seconds
[2024-11-03T22:25:35.385+0000] {processor.py:186} INFO - Started process (PID=515) to work on /home/airflow/.local/lib/python3.12/site-packages/airflow/example_dags/example_complex.py
[2024-11-03T22:25:35.386+0000] {processor.py:914} INFO - Processing file /home/airflow/.local/lib/python3.12/site-packages/airflow/example_dags/example_complex.py for tasks to queue
[2024-11-03T22:25:35.387+0000] {logging_mixin.py:190} INFO - [2024-11-03T22:25:35.387+0000] {dagbag.py:588} INFO - Filling up the DagBag from /home/airflow/.local/lib/python3.12/site-packages/airflow/example_dags/example_complex.py
[2024-11-03T22:25:35.402+0000] {processor.py:925} INFO - DAG(s) 'example_complex' retrieved from /home/airflow/.local/lib/python3.12/site-packages/airflow/example_dags/example_complex.py
[2024-11-03T22:25:35.438+0000] {logging_mixin.py:190} INFO - [2024-11-03T22:25:35.437+0000] {dag.py:3239} INFO - Sync 1 DAGs
[2024-11-03T22:25:35.455+0000] {logging_mixin.py:190} INFO - [2024-11-03T22:25:35.454+0000] {dag.py:4180} INFO - Setting next_dagrun for example_complex to None, run_after=None
[2024-11-03T22:25:35.477+0000] {processor.py:208} INFO - Processing /home/airflow/.local/lib/python3.12/site-packages/airflow/example_dags/example_complex.py took 0.099 seconds
[2024-11-03T22:26:06.525+0000] {processor.py:186} INFO - Started process (PID=580) to work on /home/airflow/.local/lib/python3.12/site-packages/airflow/example_dags/example_complex.py
[2024-11-03T22:26:06.525+0000] {processor.py:914} INFO - Processing file /home/airflow/.local/lib/python3.12/site-packages/airflow/example_dags/example_complex.py for tasks to queue
[2024-11-03T22:26:06.527+0000] {logging_mixin.py:190} INFO - [2024-11-03T22:26:06.526+0000] {dagbag.py:588} INFO - Filling up the DagBag from /home/airflow/.local/lib/python3.12/site-packages/airflow/example_dags/example_complex.py
[2024-11-03T22:26:06.541+0000] {processor.py:925} INFO - DAG(s) 'example_complex' retrieved from /home/airflow/.local/lib/python3.12/site-packages/airflow/example_dags/example_complex.py
[2024-11-03T22:26:06.578+0000] {logging_mixin.py:190} INFO - [2024-11-03T22:26:06.578+0000] {dag.py:3239} INFO - Sync 1 DAGs
[2024-11-03T22:26:06.598+0000] {logging_mixin.py:190} INFO - [2024-11-03T22:26:06.597+0000] {dag.py:4180} INFO - Setting next_dagrun for example_complex to None, run_after=None
[2024-11-03T22:26:06.626+0000] {processor.py:208} INFO - Processing /home/airflow/.local/lib/python3.12/site-packages/airflow/example_dags/example_complex.py took 0.107 seconds
