[2024-11-03T22:22:00.460+0000] {processor.py:186} INFO - Started process (PID=58) to work on /home/airflow/.local/lib/python3.12/site-packages/airflow/example_dags/example_task_group.py
[2024-11-03T22:22:00.461+0000] {processor.py:914} INFO - Processing file /home/airflow/.local/lib/python3.12/site-packages/airflow/example_dags/example_task_group.py for tasks to queue
[2024-11-03T22:22:00.461+0000] {logging_mixin.py:190} INFO - [2024-11-03T22:22:00.461+0000] {dagbag.py:588} INFO - Filling up the DagBag from /home/airflow/.local/lib/python3.12/site-packages/airflow/example_dags/example_task_group.py
[2024-11-03T22:22:00.468+0000] {processor.py:925} INFO - DAG(s) 'example_task_group' retrieved from /home/airflow/.local/lib/python3.12/site-packages/airflow/example_dags/example_task_group.py
[2024-11-03T22:22:00.493+0000] {logging_mixin.py:190} INFO - [2024-11-03T22:22:00.492+0000] {dag.py:3239} INFO - Sync 1 DAGs
[2024-11-03T22:22:00.505+0000] {logging_mixin.py:190} INFO - [2024-11-03T22:22:00.505+0000] {dag.py:4180} INFO - Setting next_dagrun for example_task_group to None, run_after=None
[2024-11-03T22:22:00.519+0000] {processor.py:208} INFO - Processing /home/airflow/.local/lib/python3.12/site-packages/airflow/example_dags/example_task_group.py took 0.063 seconds
[2024-11-03T22:22:30.778+0000] {processor.py:186} INFO - Started process (PID=129) to work on /home/airflow/.local/lib/python3.12/site-packages/airflow/example_dags/example_task_group.py
[2024-11-03T22:22:30.778+0000] {processor.py:914} INFO - Processing file /home/airflow/.local/lib/python3.12/site-packages/airflow/example_dags/example_task_group.py for tasks to queue
[2024-11-03T22:22:30.780+0000] {logging_mixin.py:190} INFO - [2024-11-03T22:22:30.779+0000] {dagbag.py:588} INFO - Filling up the DagBag from /home/airflow/.local/lib/python3.12/site-packages/airflow/example_dags/example_task_group.py
[2024-11-03T22:22:30.788+0000] {processor.py:925} INFO - DAG(s) 'example_task_group' retrieved from /home/airflow/.local/lib/python3.12/site-packages/airflow/example_dags/example_task_group.py
[2024-11-03T22:22:30.805+0000] {logging_mixin.py:190} INFO - [2024-11-03T22:22:30.805+0000] {dag.py:3239} INFO - Sync 1 DAGs
[2024-11-03T22:22:30.820+0000] {logging_mixin.py:190} INFO - [2024-11-03T22:22:30.820+0000] {dag.py:4180} INFO - Setting next_dagrun for example_task_group to None, run_after=None
[2024-11-03T22:22:30.840+0000] {processor.py:208} INFO - Processing /home/airflow/.local/lib/python3.12/site-packages/airflow/example_dags/example_task_group.py took 0.067 seconds
[2024-11-03T22:23:01.244+0000] {processor.py:186} INFO - Started process (PID=194) to work on /home/airflow/.local/lib/python3.12/site-packages/airflow/example_dags/example_task_group.py
[2024-11-03T22:23:01.245+0000] {processor.py:914} INFO - Processing file /home/airflow/.local/lib/python3.12/site-packages/airflow/example_dags/example_task_group.py for tasks to queue
[2024-11-03T22:23:01.246+0000] {logging_mixin.py:190} INFO - [2024-11-03T22:23:01.246+0000] {dagbag.py:588} INFO - Filling up the DagBag from /home/airflow/.local/lib/python3.12/site-packages/airflow/example_dags/example_task_group.py
[2024-11-03T22:23:01.256+0000] {processor.py:925} INFO - DAG(s) 'example_task_group' retrieved from /home/airflow/.local/lib/python3.12/site-packages/airflow/example_dags/example_task_group.py
[2024-11-03T22:23:01.278+0000] {logging_mixin.py:190} INFO - [2024-11-03T22:23:01.277+0000] {dag.py:3239} INFO - Sync 1 DAGs
[2024-11-03T22:23:01.293+0000] {logging_mixin.py:190} INFO - [2024-11-03T22:23:01.293+0000] {dag.py:4180} INFO - Setting next_dagrun for example_task_group to None, run_after=None
[2024-11-03T22:23:01.313+0000] {processor.py:208} INFO - Processing /home/airflow/.local/lib/python3.12/site-packages/airflow/example_dags/example_task_group.py took 0.075 seconds
[2024-11-03T22:23:32.724+0000] {processor.py:186} INFO - Started process (PID=259) to work on /home/airflow/.local/lib/python3.12/site-packages/airflow/example_dags/example_task_group.py
[2024-11-03T22:23:32.727+0000] {processor.py:914} INFO - Processing file /home/airflow/.local/lib/python3.12/site-packages/airflow/example_dags/example_task_group.py for tasks to queue
[2024-11-03T22:23:32.729+0000] {logging_mixin.py:190} INFO - [2024-11-03T22:23:32.728+0000] {dagbag.py:588} INFO - Filling up the DagBag from /home/airflow/.local/lib/python3.12/site-packages/airflow/example_dags/example_task_group.py
[2024-11-03T22:23:32.747+0000] {processor.py:925} INFO - DAG(s) 'example_task_group' retrieved from /home/airflow/.local/lib/python3.12/site-packages/airflow/example_dags/example_task_group.py
[2024-11-03T22:23:32.796+0000] {logging_mixin.py:190} INFO - [2024-11-03T22:23:32.796+0000] {dag.py:3239} INFO - Sync 1 DAGs
[2024-11-03T22:23:32.825+0000] {logging_mixin.py:190} INFO - [2024-11-03T22:23:32.825+0000] {dag.py:4180} INFO - Setting next_dagrun for example_task_group to None, run_after=None
[2024-11-03T22:23:32.862+0000] {processor.py:208} INFO - Processing /home/airflow/.local/lib/python3.12/site-packages/airflow/example_dags/example_task_group.py took 0.150 seconds
[2024-11-03T22:24:03.737+0000] {processor.py:186} INFO - Started process (PID=323) to work on /home/airflow/.local/lib/python3.12/site-packages/airflow/example_dags/example_task_group.py
[2024-11-03T22:24:03.738+0000] {processor.py:914} INFO - Processing file /home/airflow/.local/lib/python3.12/site-packages/airflow/example_dags/example_task_group.py for tasks to queue
[2024-11-03T22:24:03.739+0000] {logging_mixin.py:190} INFO - [2024-11-03T22:24:03.739+0000] {dagbag.py:588} INFO - Filling up the DagBag from /home/airflow/.local/lib/python3.12/site-packages/airflow/example_dags/example_task_group.py
[2024-11-03T22:24:03.754+0000] {processor.py:925} INFO - DAG(s) 'example_task_group' retrieved from /home/airflow/.local/lib/python3.12/site-packages/airflow/example_dags/example_task_group.py
[2024-11-03T22:24:03.791+0000] {logging_mixin.py:190} INFO - [2024-11-03T22:24:03.790+0000] {dag.py:3239} INFO - Sync 1 DAGs
[2024-11-03T22:24:03.820+0000] {logging_mixin.py:190} INFO - [2024-11-03T22:24:03.819+0000] {dag.py:4180} INFO - Setting next_dagrun for example_task_group to None, run_after=None
[2024-11-03T22:24:03.853+0000] {processor.py:208} INFO - Processing /home/airflow/.local/lib/python3.12/site-packages/airflow/example_dags/example_task_group.py took 0.125 seconds
[2024-11-03T22:24:34.313+0000] {processor.py:186} INFO - Started process (PID=388) to work on /home/airflow/.local/lib/python3.12/site-packages/airflow/example_dags/example_task_group.py
[2024-11-03T22:24:34.314+0000] {processor.py:914} INFO - Processing file /home/airflow/.local/lib/python3.12/site-packages/airflow/example_dags/example_task_group.py for tasks to queue
[2024-11-03T22:24:34.315+0000] {logging_mixin.py:190} INFO - [2024-11-03T22:24:34.315+0000] {dagbag.py:588} INFO - Filling up the DagBag from /home/airflow/.local/lib/python3.12/site-packages/airflow/example_dags/example_task_group.py
[2024-11-03T22:24:34.327+0000] {processor.py:925} INFO - DAG(s) 'example_task_group' retrieved from /home/airflow/.local/lib/python3.12/site-packages/airflow/example_dags/example_task_group.py
[2024-11-03T22:24:34.369+0000] {logging_mixin.py:190} INFO - [2024-11-03T22:24:34.368+0000] {dag.py:3239} INFO - Sync 1 DAGs
[2024-11-03T22:24:34.400+0000] {logging_mixin.py:190} INFO - [2024-11-03T22:24:34.400+0000] {dag.py:4180} INFO - Setting next_dagrun for example_task_group to None, run_after=None
[2024-11-03T22:24:34.449+0000] {processor.py:208} INFO - Processing /home/airflow/.local/lib/python3.12/site-packages/airflow/example_dags/example_task_group.py took 0.145 seconds
[2024-11-03T22:25:05.332+0000] {processor.py:186} INFO - Started process (PID=453) to work on /home/airflow/.local/lib/python3.12/site-packages/airflow/example_dags/example_task_group.py
[2024-11-03T22:25:05.333+0000] {processor.py:914} INFO - Processing file /home/airflow/.local/lib/python3.12/site-packages/airflow/example_dags/example_task_group.py for tasks to queue
[2024-11-03T22:25:05.335+0000] {logging_mixin.py:190} INFO - [2024-11-03T22:25:05.334+0000] {dagbag.py:588} INFO - Filling up the DagBag from /home/airflow/.local/lib/python3.12/site-packages/airflow/example_dags/example_task_group.py
[2024-11-03T22:25:05.352+0000] {processor.py:925} INFO - DAG(s) 'example_task_group' retrieved from /home/airflow/.local/lib/python3.12/site-packages/airflow/example_dags/example_task_group.py
[2024-11-03T22:25:05.415+0000] {logging_mixin.py:190} INFO - [2024-11-03T22:25:05.415+0000] {dag.py:3239} INFO - Sync 1 DAGs
[2024-11-03T22:25:05.459+0000] {logging_mixin.py:190} INFO - [2024-11-03T22:25:05.458+0000] {dag.py:4180} INFO - Setting next_dagrun for example_task_group to None, run_after=None
[2024-11-03T22:25:05.490+0000] {processor.py:208} INFO - Processing /home/airflow/.local/lib/python3.12/site-packages/airflow/example_dags/example_task_group.py took 0.168 seconds
[2024-11-03T22:25:35.535+0000] {processor.py:186} INFO - Started process (PID=517) to work on /home/airflow/.local/lib/python3.12/site-packages/airflow/example_dags/example_task_group.py
[2024-11-03T22:25:35.536+0000] {processor.py:914} INFO - Processing file /home/airflow/.local/lib/python3.12/site-packages/airflow/example_dags/example_task_group.py for tasks to queue
[2024-11-03T22:25:35.537+0000] {logging_mixin.py:190} INFO - [2024-11-03T22:25:35.536+0000] {dagbag.py:588} INFO - Filling up the DagBag from /home/airflow/.local/lib/python3.12/site-packages/airflow/example_dags/example_task_group.py
[2024-11-03T22:25:35.546+0000] {processor.py:925} INFO - DAG(s) 'example_task_group' retrieved from /home/airflow/.local/lib/python3.12/site-packages/airflow/example_dags/example_task_group.py
[2024-11-03T22:25:35.579+0000] {logging_mixin.py:190} INFO - [2024-11-03T22:25:35.578+0000] {dag.py:3239} INFO - Sync 1 DAGs
[2024-11-03T22:25:35.608+0000] {logging_mixin.py:190} INFO - [2024-11-03T22:25:35.608+0000] {dag.py:4180} INFO - Setting next_dagrun for example_task_group to None, run_after=None
[2024-11-03T22:25:35.632+0000] {processor.py:208} INFO - Processing /home/airflow/.local/lib/python3.12/site-packages/airflow/example_dags/example_task_group.py took 0.102 seconds
[2024-11-03T22:26:06.813+0000] {processor.py:186} INFO - Started process (PID=583) to work on /home/airflow/.local/lib/python3.12/site-packages/airflow/example_dags/example_task_group.py
[2024-11-03T22:26:06.814+0000] {processor.py:914} INFO - Processing file /home/airflow/.local/lib/python3.12/site-packages/airflow/example_dags/example_task_group.py for tasks to queue
[2024-11-03T22:26:06.815+0000] {logging_mixin.py:190} INFO - [2024-11-03T22:26:06.814+0000] {dagbag.py:588} INFO - Filling up the DagBag from /home/airflow/.local/lib/python3.12/site-packages/airflow/example_dags/example_task_group.py
[2024-11-03T22:26:06.826+0000] {processor.py:925} INFO - DAG(s) 'example_task_group' retrieved from /home/airflow/.local/lib/python3.12/site-packages/airflow/example_dags/example_task_group.py
[2024-11-03T22:26:06.855+0000] {logging_mixin.py:190} INFO - [2024-11-03T22:26:06.854+0000] {dag.py:3239} INFO - Sync 1 DAGs
[2024-11-03T22:26:06.876+0000] {logging_mixin.py:190} INFO - [2024-11-03T22:26:06.876+0000] {dag.py:4180} INFO - Setting next_dagrun for example_task_group to None, run_after=None
[2024-11-03T22:26:06.905+0000] {processor.py:208} INFO - Processing /home/airflow/.local/lib/python3.12/site-packages/airflow/example_dags/example_task_group.py took 0.098 seconds
