[2024-11-03T22:22:00.794+0000] {processor.py:186} INFO - Started process (PID=63) to work on /home/airflow/.local/lib/python3.12/site-packages/airflow/example_dags/example_xcomargs.py
[2024-11-03T22:22:00.795+0000] {processor.py:914} INFO - Processing file /home/airflow/.local/lib/python3.12/site-packages/airflow/example_dags/example_xcomargs.py for tasks to queue
[2024-11-03T22:22:00.796+0000] {logging_mixin.py:190} INFO - [2024-11-03T22:22:00.795+0000] {dagbag.py:588} INFO - Filling up the DagBag from /home/airflow/.local/lib/python3.12/site-packages/airflow/example_dags/example_xcomargs.py
[2024-11-03T22:22:00.803+0000] {processor.py:925} INFO - DAG(s) 'example_xcom_args_with_operators', 'example_xcom_args' retrieved from /home/airflow/.local/lib/python3.12/site-packages/airflow/example_dags/example_xcomargs.py
[2024-11-03T22:22:00.827+0000] {logging_mixin.py:190} INFO - [2024-11-03T22:22:00.827+0000] {dag.py:3239} INFO - Sync 2 DAGs
[2024-11-03T22:22:00.845+0000] {logging_mixin.py:190} INFO - [2024-11-03T22:22:00.845+0000] {dag.py:4180} INFO - Setting next_dagrun for example_xcom_args to None, run_after=None
[2024-11-03T22:22:00.849+0000] {logging_mixin.py:190} INFO - [2024-11-03T22:22:00.849+0000] {dag.py:4180} INFO - Setting next_dagrun for example_xcom_args_with_operators to None, run_after=None
[2024-11-03T22:22:00.864+0000] {processor.py:208} INFO - Processing /home/airflow/.local/lib/python3.12/site-packages/airflow/example_dags/example_xcomargs.py took 0.074 seconds
[2024-11-03T22:22:31.041+0000] {processor.py:186} INFO - Started process (PID=134) to work on /home/airflow/.local/lib/python3.12/site-packages/airflow/example_dags/example_xcomargs.py
[2024-11-03T22:22:31.042+0000] {processor.py:914} INFO - Processing file /home/airflow/.local/lib/python3.12/site-packages/airflow/example_dags/example_xcomargs.py for tasks to queue
[2024-11-03T22:22:31.042+0000] {logging_mixin.py:190} INFO - [2024-11-03T22:22:31.042+0000] {dagbag.py:588} INFO - Filling up the DagBag from /home/airflow/.local/lib/python3.12/site-packages/airflow/example_dags/example_xcomargs.py
[2024-11-03T22:22:31.050+0000] {processor.py:925} INFO - DAG(s) 'example_xcom_args_with_operators', 'example_xcom_args' retrieved from /home/airflow/.local/lib/python3.12/site-packages/airflow/example_dags/example_xcomargs.py
[2024-11-03T22:22:31.067+0000] {logging_mixin.py:190} INFO - [2024-11-03T22:22:31.067+0000] {dag.py:3239} INFO - Sync 2 DAGs
[2024-11-03T22:22:31.080+0000] {logging_mixin.py:190} INFO - [2024-11-03T22:22:31.080+0000] {dag.py:4180} INFO - Setting next_dagrun for example_xcom_args to None, run_after=None
[2024-11-03T22:22:31.083+0000] {logging_mixin.py:190} INFO - [2024-11-03T22:22:31.083+0000] {dag.py:4180} INFO - Setting next_dagrun for example_xcom_args_with_operators to None, run_after=None
[2024-11-03T22:22:31.096+0000] {processor.py:208} INFO - Processing /home/airflow/.local/lib/python3.12/site-packages/airflow/example_dags/example_xcomargs.py took 0.059 seconds
[2024-11-03T22:23:01.673+0000] {processor.py:186} INFO - Started process (PID=199) to work on /home/airflow/.local/lib/python3.12/site-packages/airflow/example_dags/example_xcomargs.py
[2024-11-03T22:23:01.674+0000] {processor.py:914} INFO - Processing file /home/airflow/.local/lib/python3.12/site-packages/airflow/example_dags/example_xcomargs.py for tasks to queue
[2024-11-03T22:23:01.675+0000] {logging_mixin.py:190} INFO - [2024-11-03T22:23:01.674+0000] {dagbag.py:588} INFO - Filling up the DagBag from /home/airflow/.local/lib/python3.12/site-packages/airflow/example_dags/example_xcomargs.py
[2024-11-03T22:23:01.686+0000] {processor.py:925} INFO - DAG(s) 'example_xcom_args', 'example_xcom_args_with_operators' retrieved from /home/airflow/.local/lib/python3.12/site-packages/airflow/example_dags/example_xcomargs.py
[2024-11-03T22:23:01.712+0000] {logging_mixin.py:190} INFO - [2024-11-03T22:23:01.712+0000] {dag.py:3239} INFO - Sync 2 DAGs
[2024-11-03T22:23:01.731+0000] {logging_mixin.py:190} INFO - [2024-11-03T22:23:01.730+0000] {dag.py:4180} INFO - Setting next_dagrun for example_xcom_args to None, run_after=None
[2024-11-03T22:23:01.735+0000] {logging_mixin.py:190} INFO - [2024-11-03T22:23:01.735+0000] {dag.py:4180} INFO - Setting next_dagrun for example_xcom_args_with_operators to None, run_after=None
[2024-11-03T22:23:01.753+0000] {processor.py:208} INFO - Processing /home/airflow/.local/lib/python3.12/site-packages/airflow/example_dags/example_xcomargs.py took 0.085 seconds
[2024-11-03T22:23:33.577+0000] {processor.py:186} INFO - Started process (PID=264) to work on /home/airflow/.local/lib/python3.12/site-packages/airflow/example_dags/example_xcomargs.py
[2024-11-03T22:23:33.579+0000] {processor.py:914} INFO - Processing file /home/airflow/.local/lib/python3.12/site-packages/airflow/example_dags/example_xcomargs.py for tasks to queue
[2024-11-03T22:23:33.581+0000] {logging_mixin.py:190} INFO - [2024-11-03T22:23:33.580+0000] {dagbag.py:588} INFO - Filling up the DagBag from /home/airflow/.local/lib/python3.12/site-packages/airflow/example_dags/example_xcomargs.py
[2024-11-03T22:23:33.604+0000] {processor.py:925} INFO - DAG(s) 'example_xcom_args', 'example_xcom_args_with_operators' retrieved from /home/airflow/.local/lib/python3.12/site-packages/airflow/example_dags/example_xcomargs.py
[2024-11-03T22:23:33.658+0000] {logging_mixin.py:190} INFO - [2024-11-03T22:23:33.657+0000] {dag.py:3239} INFO - Sync 2 DAGs
[2024-11-03T22:23:33.689+0000] {logging_mixin.py:190} INFO - [2024-11-03T22:23:33.688+0000] {dag.py:4180} INFO - Setting next_dagrun for example_xcom_args to None, run_after=None
[2024-11-03T22:23:33.697+0000] {logging_mixin.py:190} INFO - [2024-11-03T22:23:33.697+0000] {dag.py:4180} INFO - Setting next_dagrun for example_xcom_args_with_operators to None, run_after=None
[2024-11-03T22:23:33.732+0000] {processor.py:208} INFO - Processing /home/airflow/.local/lib/python3.12/site-packages/airflow/example_dags/example_xcomargs.py took 0.165 seconds
[2024-11-03T22:24:04.423+0000] {processor.py:186} INFO - Started process (PID=328) to work on /home/airflow/.local/lib/python3.12/site-packages/airflow/example_dags/example_xcomargs.py
[2024-11-03T22:24:04.423+0000] {processor.py:914} INFO - Processing file /home/airflow/.local/lib/python3.12/site-packages/airflow/example_dags/example_xcomargs.py for tasks to queue
[2024-11-03T22:24:04.425+0000] {logging_mixin.py:190} INFO - [2024-11-03T22:24:04.424+0000] {dagbag.py:588} INFO - Filling up the DagBag from /home/airflow/.local/lib/python3.12/site-packages/airflow/example_dags/example_xcomargs.py
[2024-11-03T22:24:04.438+0000] {processor.py:925} INFO - DAG(s) 'example_xcom_args_with_operators', 'example_xcom_args' retrieved from /home/airflow/.local/lib/python3.12/site-packages/airflow/example_dags/example_xcomargs.py
[2024-11-03T22:24:04.476+0000] {logging_mixin.py:190} INFO - [2024-11-03T22:24:04.476+0000] {dag.py:3239} INFO - Sync 2 DAGs
[2024-11-03T22:24:04.506+0000] {logging_mixin.py:190} INFO - [2024-11-03T22:24:04.505+0000] {dag.py:4180} INFO - Setting next_dagrun for example_xcom_args to None, run_after=None
[2024-11-03T22:24:04.512+0000] {logging_mixin.py:190} INFO - [2024-11-03T22:24:04.512+0000] {dag.py:4180} INFO - Setting next_dagrun for example_xcom_args_with_operators to None, run_after=None
[2024-11-03T22:24:04.534+0000] {processor.py:208} INFO - Processing /home/airflow/.local/lib/python3.12/site-packages/airflow/example_dags/example_xcomargs.py took 0.118 seconds
[2024-11-03T22:24:34.930+0000] {processor.py:186} INFO - Started process (PID=393) to work on /home/airflow/.local/lib/python3.12/site-packages/airflow/example_dags/example_xcomargs.py
[2024-11-03T22:24:34.932+0000] {processor.py:914} INFO - Processing file /home/airflow/.local/lib/python3.12/site-packages/airflow/example_dags/example_xcomargs.py for tasks to queue
[2024-11-03T22:24:34.934+0000] {logging_mixin.py:190} INFO - [2024-11-03T22:24:34.934+0000] {dagbag.py:588} INFO - Filling up the DagBag from /home/airflow/.local/lib/python3.12/site-packages/airflow/example_dags/example_xcomargs.py
[2024-11-03T22:24:34.952+0000] {processor.py:925} INFO - DAG(s) 'example_xcom_args_with_operators', 'example_xcom_args' retrieved from /home/airflow/.local/lib/python3.12/site-packages/airflow/example_dags/example_xcomargs.py
[2024-11-03T22:24:34.993+0000] {logging_mixin.py:190} INFO - [2024-11-03T22:24:34.993+0000] {dag.py:3239} INFO - Sync 2 DAGs
[2024-11-03T22:24:35.030+0000] {logging_mixin.py:190} INFO - [2024-11-03T22:24:35.030+0000] {dag.py:4180} INFO - Setting next_dagrun for example_xcom_args to None, run_after=None
[2024-11-03T22:24:35.038+0000] {logging_mixin.py:190} INFO - [2024-11-03T22:24:35.037+0000] {dag.py:4180} INFO - Setting next_dagrun for example_xcom_args_with_operators to None, run_after=None
[2024-11-03T22:24:35.071+0000] {processor.py:208} INFO - Processing /home/airflow/.local/lib/python3.12/site-packages/airflow/example_dags/example_xcomargs.py took 0.151 seconds
[2024-11-03T22:25:06.069+0000] {processor.py:186} INFO - Started process (PID=458) to work on /home/airflow/.local/lib/python3.12/site-packages/airflow/example_dags/example_xcomargs.py
[2024-11-03T22:25:06.070+0000] {processor.py:914} INFO - Processing file /home/airflow/.local/lib/python3.12/site-packages/airflow/example_dags/example_xcomargs.py for tasks to queue
[2024-11-03T22:25:06.072+0000] {logging_mixin.py:190} INFO - [2024-11-03T22:25:06.071+0000] {dagbag.py:588} INFO - Filling up the DagBag from /home/airflow/.local/lib/python3.12/site-packages/airflow/example_dags/example_xcomargs.py
[2024-11-03T22:25:06.097+0000] {processor.py:925} INFO - DAG(s) 'example_xcom_args_with_operators', 'example_xcom_args' retrieved from /home/airflow/.local/lib/python3.12/site-packages/airflow/example_dags/example_xcomargs.py
[2024-11-03T22:25:06.140+0000] {logging_mixin.py:190} INFO - [2024-11-03T22:25:06.139+0000] {dag.py:3239} INFO - Sync 2 DAGs
[2024-11-03T22:25:06.166+0000] {logging_mixin.py:190} INFO - [2024-11-03T22:25:06.166+0000] {dag.py:4180} INFO - Setting next_dagrun for example_xcom_args to None, run_after=None
[2024-11-03T22:25:06.171+0000] {logging_mixin.py:190} INFO - [2024-11-03T22:25:06.171+0000] {dag.py:4180} INFO - Setting next_dagrun for example_xcom_args_with_operators to None, run_after=None
[2024-11-03T22:25:06.203+0000] {processor.py:208} INFO - Processing /home/airflow/.local/lib/python3.12/site-packages/airflow/example_dags/example_xcomargs.py took 0.148 seconds
[2024-11-03T22:25:36.531+0000] {processor.py:186} INFO - Started process (PID=523) to work on /home/airflow/.local/lib/python3.12/site-packages/airflow/example_dags/example_xcomargs.py
[2024-11-03T22:25:36.531+0000] {processor.py:914} INFO - Processing file /home/airflow/.local/lib/python3.12/site-packages/airflow/example_dags/example_xcomargs.py for tasks to queue
[2024-11-03T22:25:36.533+0000] {logging_mixin.py:190} INFO - [2024-11-03T22:25:36.532+0000] {dagbag.py:588} INFO - Filling up the DagBag from /home/airflow/.local/lib/python3.12/site-packages/airflow/example_dags/example_xcomargs.py
[2024-11-03T22:25:36.544+0000] {processor.py:925} INFO - DAG(s) 'example_xcom_args', 'example_xcom_args_with_operators' retrieved from /home/airflow/.local/lib/python3.12/site-packages/airflow/example_dags/example_xcomargs.py
[2024-11-03T22:25:36.570+0000] {logging_mixin.py:190} INFO - [2024-11-03T22:25:36.570+0000] {dag.py:3239} INFO - Sync 2 DAGs
[2024-11-03T22:25:36.589+0000] {logging_mixin.py:190} INFO - [2024-11-03T22:25:36.589+0000] {dag.py:4180} INFO - Setting next_dagrun for example_xcom_args to None, run_after=None
[2024-11-03T22:25:36.594+0000] {logging_mixin.py:190} INFO - [2024-11-03T22:25:36.594+0000] {dag.py:4180} INFO - Setting next_dagrun for example_xcom_args_with_operators to None, run_after=None
[2024-11-03T22:25:36.614+0000] {processor.py:208} INFO - Processing /home/airflow/.local/lib/python3.12/site-packages/airflow/example_dags/example_xcomargs.py took 0.089 seconds
[2024-11-03T22:26:07.351+0000] {processor.py:186} INFO - Started process (PID=588) to work on /home/airflow/.local/lib/python3.12/site-packages/airflow/example_dags/example_xcomargs.py
[2024-11-03T22:26:07.352+0000] {processor.py:914} INFO - Processing file /home/airflow/.local/lib/python3.12/site-packages/airflow/example_dags/example_xcomargs.py for tasks to queue
[2024-11-03T22:26:07.353+0000] {logging_mixin.py:190} INFO - [2024-11-03T22:26:07.352+0000] {dagbag.py:588} INFO - Filling up the DagBag from /home/airflow/.local/lib/python3.12/site-packages/airflow/example_dags/example_xcomargs.py
[2024-11-03T22:26:07.364+0000] {processor.py:925} INFO - DAG(s) 'example_xcom_args', 'example_xcom_args_with_operators' retrieved from /home/airflow/.local/lib/python3.12/site-packages/airflow/example_dags/example_xcomargs.py
[2024-11-03T22:26:07.394+0000] {logging_mixin.py:190} INFO - [2024-11-03T22:26:07.394+0000] {dag.py:3239} INFO - Sync 2 DAGs
[2024-11-03T22:26:07.413+0000] {logging_mixin.py:190} INFO - [2024-11-03T22:26:07.413+0000] {dag.py:4180} INFO - Setting next_dagrun for example_xcom_args to None, run_after=None
[2024-11-03T22:26:07.420+0000] {logging_mixin.py:190} INFO - [2024-11-03T22:26:07.420+0000] {dag.py:4180} INFO - Setting next_dagrun for example_xcom_args_with_operators to None, run_after=None
[2024-11-03T22:26:07.465+0000] {processor.py:208} INFO - Processing /home/airflow/.local/lib/python3.12/site-packages/airflow/example_dags/example_xcomargs.py took 0.120 seconds
