[2024-12-10T18:02:07.385+0000] {local_task_job_runner.py:123} INFO - ::group::Pre task execution logs
[2024-12-10T18:02:07.405+0000] {taskinstance.py:2612} INFO - Dependencies all met for dep_context=non-requeueable deps ti=<TaskInstance: prf_dag.get_data manual__2024-12-10T18:02:00.506429+00:00 [queued]>
[2024-12-10T18:02:07.414+0000] {taskinstance.py:2612} INFO - Dependencies all met for dep_context=requeueable deps ti=<TaskInstance: prf_dag.get_data manual__2024-12-10T18:02:00.506429+00:00 [queued]>
[2024-12-10T18:02:07.414+0000] {taskinstance.py:2865} INFO - Starting attempt 1 of 4
[2024-12-10T18:02:07.430+0000] {taskinstance.py:2888} INFO - Executing <Task(_PythonDecoratedOperator): get_data> on 2024-12-10 18:02:00.506429+00:00
[2024-12-10T18:02:07.437+0000] {warnings.py:112} WARNING - /home/***/.local/lib/python3.12/site-packages/***/task/task_runner/standard_task_runner.py:70: DeprecationWarning: This process (pid=120) is multi-threaded, use of fork() may lead to deadlocks in the child.
  pid = os.fork()

[2024-12-10T18:02:07.440+0000] {standard_task_runner.py:72} INFO - Started process 121 to run task
[2024-12-10T18:02:07.441+0000] {standard_task_runner.py:104} INFO - Running: ['***', 'tasks', 'run', 'prf_dag', 'get_data', 'manual__2024-12-10T18:02:00.506429+00:00', '--job-id', '44', '--raw', '--subdir', 'DAGS_FOLDER/prf_dag.py', '--cfg-path', '/tmp/tmpri9ltsam']
[2024-12-10T18:02:07.442+0000] {standard_task_runner.py:105} INFO - Job 44: Subtask get_data
[2024-12-10T18:02:07.493+0000] {task_command.py:467} INFO - Running <TaskInstance: prf_dag.get_data manual__2024-12-10T18:02:00.506429+00:00 [running]> on host 09c3c4382fe6
[2024-12-10T18:02:07.588+0000] {taskinstance.py:3131} INFO - Exporting env vars: AIRFLOW_CTX_DAG_OWNER='***' AIRFLOW_CTX_DAG_ID='prf_dag' AIRFLOW_CTX_TASK_ID='get_data' AIRFLOW_CTX_EXECUTION_DATE='2024-12-10T18:02:00.506429+00:00' AIRFLOW_CTX_TRY_NUMBER='1' AIRFLOW_CTX_DAG_RUN_ID='manual__2024-12-10T18:02:00.506429+00:00'
[2024-12-10T18:02:07.589+0000] {taskinstance.py:731} INFO - ::endgroup::
[2024-12-10T18:02:19.593+0000] {prf_dag.py:133} INFO - Renamed 'datatran2024.csv' to 'occorência_datatran2024_12.csv'
[2024-12-10T18:02:32.645+0000] {prf_dag.py:133} INFO - Renamed 'acidentes2024.csv' to 'pessoa_acidentes2024_12.csv'
[2024-12-10T18:02:45.075+0000] {prf_dag.py:133} INFO - Renamed 'acidentes2024_todas_causas_tipos.csv' to 'acidentes2024_todas_causas_tipos_12.csv'
[2024-12-10T18:02:55.931+0000] {prf_dag.py:133} INFO - Renamed 'datatran2023.csv' to 'occorência_datatran2023_12.csv'
[2024-12-10T18:03:08.819+0000] {prf_dag.py:133} INFO - Renamed 'acidentes2023.csv' to 'pessoa_acidentes2023_12.csv'
[2024-12-10T18:03:20.291+0000] {prf_dag.py:133} INFO - Renamed 'acidentes2023_todas_causas_tipos.csv' to 'acidentes2023_todas_causas_tipos_12.csv'
[2024-12-10T18:03:29.856+0000] {prf_dag.py:133} INFO - Renamed 'datatran2022.csv' to 'occorência_datatran2022_12.csv'
[2024-12-10T18:03:41.033+0000] {prf_dag.py:133} INFO - Renamed 'acidentes2022.csv' to 'pessoa_acidentes2022_12.csv'
[2024-12-10T18:03:54.159+0000] {prf_dag.py:133} INFO - Renamed 'acidentes2022_todas_causas_tipos.csv' to 'acidentes2022_todas_causas_tipos_12.csv'
[2024-12-10T18:04:05.624+0000] {prf_dag.py:133} INFO - Renamed 'datatran2021.csv' to 'occorência_datatran2021_12.csv'
[2024-12-10T18:04:16.951+0000] {prf_dag.py:133} INFO - Renamed 'acidentes2021.csv' to 'pessoa_acidentes2021_12.csv'
[2024-12-10T18:04:28.275+0000] {prf_dag.py:133} INFO - Renamed 'acidentes2021_todas_causas_tipos.csv' to 'acidentes2021_todas_causas_tipos_12.csv'
[2024-12-10T18:04:38.311+0000] {prf_dag.py:133} INFO - Renamed 'datatran2020.csv' to 'occorência_datatran2020_12.csv'
[2024-12-10T18:04:49.538+0000] {prf_dag.py:133} INFO - Renamed 'acidentes2020.csv' to 'pessoa_acidentes2020_12.csv'
[2024-12-10T18:05:02.342+0000] {prf_dag.py:133} INFO - Renamed 'acidentes2020_todas_causas_tipos.csv' to 'acidentes2020_todas_causas_tipos_12.csv'
[2024-12-10T18:05:11.245+0000] {prf_dag.py:133} INFO - Renamed 'datatran2019.csv' to 'occorência_datatran2019_12.csv'
[2024-12-10T18:05:23.054+0000] {prf_dag.py:133} INFO - Renamed 'acidentes2019.csv' to 'pessoa_acidentes2019_12.csv'
[2024-12-10T18:05:34.020+0000] {prf_dag.py:133} INFO - Renamed 'acidentes2019_todas_causas_tipos.csv' to 'acidentes2019_todas_causas_tipos_12.csv'
[2024-12-10T18:05:43.400+0000] {prf_dag.py:133} INFO - Renamed 'datatran2018.csv' to 'occorência_datatran2018_12.csv'
[2024-12-10T18:05:54.634+0000] {prf_dag.py:133} INFO - Renamed 'acidentes2018.csv' to 'pessoa_acidentes2018_12.csv'
[2024-12-10T18:06:05.373+0000] {prf_dag.py:133} INFO - Renamed 'acidentes2018_todas_causas_tipos.csv' to 'acidentes2018_todas_causas_tipos_12.csv'
[2024-12-10T18:06:16.651+0000] {prf_dag.py:133} INFO - Renamed 'datatran2017.csv' to 'occorência_datatran2017_12.csv'
[2024-12-10T18:06:28.786+0000] {prf_dag.py:133} INFO - Renamed 'acidentes2017.csv' to 'pessoa_acidentes2017_12.csv'
[2024-12-10T18:06:39.577+0000] {prf_dag.py:133} INFO - Renamed 'acidentes2017_todas_causas_tipos.csv' to 'acidentes2017_todas_causas_tipos_12.csv'
[2024-12-10T18:06:51.443+0000] {prf_dag.py:133} INFO - Renamed 'datatran2016.csv' to 'occorência_datatran2016_12.csv'
[2024-12-10T18:07:04.803+0000] {prf_dag.py:133} INFO - Renamed 'acidentes2016_atual.csv' to 'pessoa_acidentes2016_atual_12.csv'
[2024-12-10T18:07:15.098+0000] {prf_dag.py:133} INFO - Renamed 'datatran2015.csv' to 'occorência_datatran2015_12.csv'
[2024-12-10T18:07:28.826+0000] {prf_dag.py:133} INFO - Renamed 'acidentes2015.csv' to 'pessoa_acidentes2015_12.csv'
[2024-12-10T18:07:37.714+0000] {prf_dag.py:133} INFO - Renamed 'datatran2014.csv' to 'occorência_datatran2014_12.csv'
