[2024-11-21T12:10:29.689+0000] {local_task_job_runner.py:123} INFO - ::group::Pre task execution logs
[2024-11-21T12:10:29.706+0000] {taskinstance.py:2612} INFO - Dependencies all met for dep_context=non-requeueable deps ti=<TaskInstance: get_inaturalist_data_atropelada.save_data manual__2024-11-21T12:10:20.446102+00:00 [queued]>
[2024-11-21T12:10:29.713+0000] {taskinstance.py:2612} INFO - Dependencies all met for dep_context=requeueable deps ti=<TaskInstance: get_inaturalist_data_atropelada.save_data manual__2024-11-21T12:10:20.446102+00:00 [queued]>
[2024-11-21T12:10:29.713+0000] {taskinstance.py:2865} INFO - Starting attempt 1 of 4
[2024-11-21T12:10:29.730+0000] {taskinstance.py:2888} INFO - Executing <Task(_PythonDecoratedOperator): save_data> on 2024-11-21 12:10:20.446102+00:00
[2024-11-21T12:10:29.742+0000] {warnings.py:112} WARNING - /home/***/.local/lib/python3.12/site-packages/***/task/task_runner/standard_task_runner.py:70: DeprecationWarning: This process (pid=192) is multi-threaded, use of fork() may lead to deadlocks in the child.
  pid = os.fork()

[2024-11-21T12:10:29.743+0000] {standard_task_runner.py:72} INFO - Started process 195 to run task
[2024-11-21T12:10:29.744+0000] {standard_task_runner.py:104} INFO - Running: ['***', 'tasks', 'run', 'get_inaturalist_data_atropelada', 'save_data', 'manual__2024-11-21T12:10:20.446102+00:00', '--job-id', '854', '--raw', '--subdir', 'DAGS_FOLDER/inaturalist_dag.py', '--cfg-path', '/tmp/tmpb_qm4318']
[2024-11-21T12:10:29.745+0000] {standard_task_runner.py:105} INFO - Job 854: Subtask save_data
[2024-11-21T12:10:29.798+0000] {task_command.py:467} INFO - Running <TaskInstance: get_inaturalist_data_atropelada.save_data manual__2024-11-21T12:10:20.446102+00:00 [running]> on host 4e920529e77f
[2024-11-21T12:10:29.930+0000] {taskinstance.py:3131} INFO - Exporting env vars: AIRFLOW_CTX_DAG_OWNER='***' AIRFLOW_CTX_DAG_ID='get_inaturalist_data_atropelada' AIRFLOW_CTX_TASK_ID='save_data' AIRFLOW_CTX_EXECUTION_DATE='2024-11-21T12:10:20.446102+00:00' AIRFLOW_CTX_TRY_NUMBER='1' AIRFLOW_CTX_DAG_RUN_ID='manual__2024-11-21T12:10:20.446102+00:00'
[2024-11-21T12:10:29.931+0000] {logging_mixin.py:190} INFO - Task instance is in running state
[2024-11-21T12:10:29.932+0000] {logging_mixin.py:190} INFO -  Previous state of the Task instance: queued
[2024-11-21T12:10:29.932+0000] {logging_mixin.py:190} INFO - Current task name:save_data state:running start_date:2024-11-21 12:10:29.706939+00:00
[2024-11-21T12:10:29.932+0000] {logging_mixin.py:190} INFO - Dag name:get_inaturalist_data_atropelada and current dag run status:running
[2024-11-21T12:10:29.933+0000] {taskinstance.py:731} INFO - ::endgroup::
[2024-11-21T12:10:30.098+0000] {minio.py:40} INFO - created inaturalist_data/atropelada_data/2024/11/21/atropelada_observations_121023.json object; etag: 655600a04a8a705809213866d4203693, version-id: None
[2024-11-21T12:10:30.099+0000] {minio.py:42} INFO - Data successfully uploaded to MinIO in bucket environbit under inaturalist_data/atropelada_data/2024/11/21/atropelada_observations_121023.json
[2024-11-21T12:10:30.099+0000] {python.py:240} INFO - Done. Returned value was: None
[2024-11-21T12:10:30.109+0000] {taskinstance.py:340} INFO - ::group::Post task execution logs
[2024-11-21T12:10:30.110+0000] {taskinstance.py:352} INFO - Marking task as SUCCESS. dag_id=get_inaturalist_data_atropelada, task_id=save_data, run_id=manual__2024-11-21T12:10:20.446102+00:00, execution_date=20241121T121020, start_date=20241121T121029, end_date=20241121T121030
[2024-11-21T12:10:30.121+0000] {logging_mixin.py:190} INFO - Task instance in success state
[2024-11-21T12:10:30.121+0000] {logging_mixin.py:190} INFO -  Previous state of the Task instance: running
[2024-11-21T12:10:30.122+0000] {logging_mixin.py:190} INFO - Dag name:get_inaturalist_data_atropelada queued_at:2024-11-21 12:10:20.463278+00:00
[2024-11-21T12:10:30.122+0000] {logging_mixin.py:190} INFO - Task hostname:4e920529e77f operator:_PythonDecoratedOperator
[2024-11-21T12:10:30.158+0000] {local_task_job_runner.py:266} INFO - Task exited with return code 0
[2024-11-21T12:10:30.175+0000] {taskinstance.py:3900} INFO - 0 downstream tasks scheduled from follow-on schedule check
[2024-11-21T12:10:30.177+0000] {local_task_job_runner.py:245} INFO - ::endgroup::
