[2024-11-21T15:37:41.103+0000] {local_task_job_runner.py:123} INFO - ::group::Pre task execution logs
[2024-11-21T15:37:41.136+0000] {taskinstance.py:2612} INFO - Dependencies all met for dep_context=non-requeueable deps ti=<TaskInstance: get_gbif_data_atropelamento.save_data manual__2024-11-21T15:37:22.095152+00:00 [queued]>
[2024-11-21T15:37:41.155+0000] {taskinstance.py:2612} INFO - Dependencies all met for dep_context=requeueable deps ti=<TaskInstance: get_gbif_data_atropelamento.save_data manual__2024-11-21T15:37:22.095152+00:00 [queued]>
[2024-11-21T15:37:41.155+0000] {taskinstance.py:2865} INFO - Starting attempt 1 of 4
[2024-11-21T15:37:41.184+0000] {taskinstance.py:2888} INFO - Executing <Task(_PythonDecoratedOperator): save_data> on 2024-11-21 15:37:22.095152+00:00
[2024-11-21T15:37:41.206+0000] {warnings.py:112} WARNING - /home/***/.local/lib/python3.12/site-packages/***/task/task_runner/standard_task_runner.py:70: DeprecationWarning: This process (pid=450) is multi-threaded, use of fork() may lead to deadlocks in the child.
  pid = os.fork()

[2024-11-21T15:37:41.209+0000] {standard_task_runner.py:72} INFO - Started process 455 to run task
[2024-11-21T15:37:41.209+0000] {standard_task_runner.py:104} INFO - Running: ['***', 'tasks', 'run', 'get_gbif_data_atropelamento', 'save_data', 'manual__2024-11-21T15:37:22.095152+00:00', '--job-id', '936', '--raw', '--subdir', 'DAGS_FOLDER/gbif_dag.py', '--cfg-path', '/tmp/tmpti4v7d4l']
[2024-11-21T15:37:41.211+0000] {standard_task_runner.py:105} INFO - Job 936: Subtask save_data
[2024-11-21T15:37:41.331+0000] {task_command.py:467} INFO - Running <TaskInstance: get_gbif_data_atropelamento.save_data manual__2024-11-21T15:37:22.095152+00:00 [running]> on host 569dbdc45a07
[2024-11-21T15:37:41.592+0000] {taskinstance.py:3131} INFO - Exporting env vars: AIRFLOW_CTX_DAG_OWNER='***' AIRFLOW_CTX_DAG_ID='get_gbif_data_atropelamento' AIRFLOW_CTX_TASK_ID='save_data' AIRFLOW_CTX_EXECUTION_DATE='2024-11-21T15:37:22.095152+00:00' AIRFLOW_CTX_TRY_NUMBER='1' AIRFLOW_CTX_DAG_RUN_ID='manual__2024-11-21T15:37:22.095152+00:00'
[2024-11-21T15:37:41.593+0000] {logging_mixin.py:190} INFO - Task instance is in running state
[2024-11-21T15:37:41.594+0000] {logging_mixin.py:190} INFO -  Previous state of the Task instance: queued
[2024-11-21T15:37:41.594+0000] {logging_mixin.py:190} INFO - Current task name:save_data state:running start_date:2024-11-21 15:37:41.136719+00:00
[2024-11-21T15:37:41.594+0000] {logging_mixin.py:190} INFO - Dag name:get_gbif_data_atropelamento and current dag run status:running
[2024-11-21T15:37:41.595+0000] {taskinstance.py:731} INFO - ::endgroup::
[2024-11-21T15:37:41.782+0000] {minio.py:40} INFO - created gbif_data/atropelamento_data/2024/11/21/atropelamento_occurrences_153736.csv object; etag: 025cae4bcea6305f6adcf6b808149a84, version-id: None
[2024-11-21T15:37:41.782+0000] {minio.py:42} INFO - Data successfully uploaded to MinIO in bucket environbit under gbif_data/atropelamento_data/2024/11/21/atropelamento_occurrences_153736.csv
[2024-11-21T15:37:41.783+0000] {python.py:240} INFO - Done. Returned value was: None
[2024-11-21T15:37:41.802+0000] {taskinstance.py:340} INFO - ::group::Post task execution logs
[2024-11-21T15:37:41.803+0000] {taskinstance.py:352} INFO - Marking task as SUCCESS. dag_id=get_gbif_data_atropelamento, task_id=save_data, run_id=manual__2024-11-21T15:37:22.095152+00:00, execution_date=20241121T153722, start_date=20241121T153741, end_date=20241121T153741
[2024-11-21T15:37:41.824+0000] {logging_mixin.py:190} INFO - Task instance in success state
[2024-11-21T15:37:41.825+0000] {logging_mixin.py:190} INFO -  Previous state of the Task instance: running
[2024-11-21T15:37:41.825+0000] {logging_mixin.py:190} INFO - Dag name:get_gbif_data_atropelamento queued_at:2024-11-21 15:37:22.113226+00:00
[2024-11-21T15:37:41.826+0000] {logging_mixin.py:190} INFO - Task hostname:569dbdc45a07 operator:_PythonDecoratedOperator
[2024-11-21T15:37:41.867+0000] {local_task_job_runner.py:266} INFO - Task exited with return code 0
[2024-11-21T15:37:41.894+0000] {taskinstance.py:3900} INFO - 0 downstream tasks scheduled from follow-on schedule check
[2024-11-21T15:37:41.897+0000] {local_task_job_runner.py:245} INFO - ::endgroup::
