[2024-12-10T18:02:31.983+0000] {local_task_job_runner.py:123} INFO - ::group::Pre task execution logs
[2024-12-10T18:02:32.010+0000] {taskinstance.py:2612} INFO - Dependencies all met for dep_context=non-requeueable deps ti=<TaskInstance: get_inaturalist_data_atropelamento.publish_message_for_transformation manual__2024-12-10T18:02:16.040583+00:00 [queued]>
[2024-12-10T18:02:32.034+0000] {taskinstance.py:2612} INFO - Dependencies all met for dep_context=requeueable deps ti=<TaskInstance: get_inaturalist_data_atropelamento.publish_message_for_transformation manual__2024-12-10T18:02:16.040583+00:00 [queued]>
[2024-12-10T18:02:32.035+0000] {taskinstance.py:2865} INFO - Starting attempt 1 of 4
[2024-12-10T18:02:32.058+0000] {taskinstance.py:2888} INFO - Executing <Task(_PythonDecoratedOperator): publish_message_for_transformation> on 2024-12-10 18:02:16.040583+00:00
[2024-12-10T18:02:32.076+0000] {warnings.py:112} WARNING - /home/***/.local/lib/python3.12/site-packages/***/task/task_runner/standard_task_runner.py:70: DeprecationWarning: This process (pid=143) is multi-threaded, use of fork() may lead to deadlocks in the child.
  pid = os.fork()

[2024-12-10T18:02:32.079+0000] {standard_task_runner.py:72} INFO - Started process 145 to run task
[2024-12-10T18:02:32.082+0000] {standard_task_runner.py:104} INFO - Running: ['***', 'tasks', 'run', 'get_inaturalist_data_atropelamento', 'publish_message_for_transformation', 'manual__2024-12-10T18:02:16.040583+00:00', '--job-id', '48', '--raw', '--subdir', 'DAGS_FOLDER/inaturalist_dag.py', '--cfg-path', '/tmp/tmpg46s0xnu']
[2024-12-10T18:02:32.089+0000] {standard_task_runner.py:105} INFO - Job 48: Subtask publish_message_for_transformation
[2024-12-10T18:02:32.175+0000] {task_command.py:467} INFO - Running <TaskInstance: get_inaturalist_data_atropelamento.publish_message_for_transformation manual__2024-12-10T18:02:16.040583+00:00 [running]> on host 09c3c4382fe6
[2024-12-10T18:02:32.354+0000] {taskinstance.py:3131} INFO - Exporting env vars: AIRFLOW_CTX_DAG_OWNER='***' AIRFLOW_CTX_DAG_ID='get_inaturalist_data_atropelamento' AIRFLOW_CTX_TASK_ID='publish_message_for_transformation' AIRFLOW_CTX_EXECUTION_DATE='2024-12-10T18:02:16.040583+00:00' AIRFLOW_CTX_TRY_NUMBER='1' AIRFLOW_CTX_DAG_RUN_ID='manual__2024-12-10T18:02:16.040583+00:00'
[2024-12-10T18:02:32.356+0000] {taskinstance.py:731} INFO - ::endgroup::
[2024-12-10T18:02:32.497+0000] {rabbitmq.py:35} INFO - Sending message {'path': 'inaturalist/atropelamento/2024/12/10/atropelamento_observations_180226.csv', 'source': 'Inaturalist', 'keyword': 'atropelamento', 'extraction_date': 1733853752359783454, 'retry': 0} to rabbitmq channel environbit
[2024-12-10T18:02:32.540+0000] {python.py:240} INFO - Done. Returned value was: None
[2024-12-10T18:02:32.556+0000] {taskinstance.py:340} INFO - ::group::Post task execution logs
[2024-12-10T18:02:32.557+0000] {taskinstance.py:352} INFO - Marking task as SUCCESS. dag_id=get_inaturalist_data_atropelamento, task_id=publish_message_for_transformation, run_id=manual__2024-12-10T18:02:16.040583+00:00, execution_date=20241210T180216, start_date=20241210T180232, end_date=20241210T180232
[2024-12-10T18:02:32.632+0000] {local_task_job_runner.py:266} INFO - Task exited with return code 0
[2024-12-10T18:02:32.655+0000] {taskinstance.py:3900} INFO - 0 downstream tasks scheduled from follow-on schedule check
[2024-12-10T18:02:32.657+0000] {local_task_job_runner.py:245} INFO - ::endgroup::
