[2024-11-18T14:00:03.554+0000] {local_task_job_runner.py:123} INFO - ::group::Pre task execution logs
[2024-11-18T14:00:03.578+0000] {taskinstance.py:2612} INFO - Dependencies all met for dep_context=non-requeueable deps ti=<TaskInstance: get_inaturalist_data_atropelamento.process_data scheduled__2024-11-18T13:30:00+00:00 [queued]>
[2024-11-18T14:00:03.593+0000] {taskinstance.py:2612} INFO - Dependencies all met for dep_context=requeueable deps ti=<TaskInstance: get_inaturalist_data_atropelamento.process_data scheduled__2024-11-18T13:30:00+00:00 [queued]>
[2024-11-18T14:00:03.594+0000] {taskinstance.py:2865} INFO - Starting attempt 1 of 4
[2024-11-18T14:00:03.629+0000] {taskinstance.py:2888} INFO - Executing <Task(_PythonDecoratedOperator): process_data> on 2024-11-18 13:30:00+00:00
[2024-11-18T14:00:03.647+0000] {warnings.py:112} WARNING - /home/***/.local/lib/python3.12/site-packages/***/task/task_runner/standard_task_runner.py:70: DeprecationWarning: This process (pid=71) is multi-threaded, use of fork() may lead to deadlocks in the child.
  pid = os.fork()

[2024-11-18T14:00:03.649+0000] {standard_task_runner.py:72} INFO - Started process 83 to run task
[2024-11-18T14:00:03.650+0000] {standard_task_runner.py:104} INFO - Running: ['***', 'tasks', 'run', 'get_inaturalist_data_atropelamento', 'process_data', 'scheduled__2024-11-18T13:30:00+00:00', '--job-id', '548', '--raw', '--subdir', 'DAGS_FOLDER/inaturalist_dag.py', '--cfg-path', '/tmp/tmpeh0i95r2']
[2024-11-18T14:00:03.651+0000] {standard_task_runner.py:105} INFO - Job 548: Subtask process_data
[2024-11-18T14:00:03.754+0000] {task_command.py:467} INFO - Running <TaskInstance: get_inaturalist_data_atropelamento.process_data scheduled__2024-11-18T13:30:00+00:00 [running]> on host bf677ca5dd6f
[2024-11-18T14:00:03.925+0000] {taskinstance.py:3131} INFO - Exporting env vars: AIRFLOW_CTX_DAG_OWNER='***' AIRFLOW_CTX_DAG_ID='get_inaturalist_data_atropelamento' AIRFLOW_CTX_TASK_ID='process_data' AIRFLOW_CTX_EXECUTION_DATE='2024-11-18T13:30:00+00:00' AIRFLOW_CTX_TRY_NUMBER='1' AIRFLOW_CTX_DAG_RUN_ID='scheduled__2024-11-18T13:30:00+00:00'
[2024-11-18T14:00:03.927+0000] {logging_mixin.py:190} INFO - Task instance is in running state
[2024-11-18T14:00:03.928+0000] {logging_mixin.py:190} INFO -  Previous state of the Task instance: queued
[2024-11-18T14:00:03.929+0000] {logging_mixin.py:190} INFO - Current task name:process_data state:running start_date:2024-11-18 14:00:03.579266+00:00
[2024-11-18T14:00:03.929+0000] {logging_mixin.py:190} INFO - Dag name:get_inaturalist_data_atropelamento and current dag run status:running
[2024-11-18T14:00:03.929+0000] {taskinstance.py:731} INFO - ::endgroup::
[2024-11-18T14:00:03.930+0000] {python.py:240} INFO - Done. Returned value was: {'path': 'inaturalist_data/atropelamento_data/2024/11/18/atropelamento_observations_140003.json', 'format': 'application/json'}
[2024-11-18T14:00:03.972+0000] {taskinstance.py:340} INFO - ::group::Post task execution logs
[2024-11-18T14:00:03.972+0000] {taskinstance.py:352} INFO - Marking task as SUCCESS. dag_id=get_inaturalist_data_atropelamento, task_id=process_data, run_id=scheduled__2024-11-18T13:30:00+00:00, execution_date=20241118T133000, start_date=20241118T140003, end_date=20241118T140003
[2024-11-18T14:00:03.986+0000] {logging_mixin.py:190} INFO - Task instance in success state
[2024-11-18T14:00:03.987+0000] {logging_mixin.py:190} INFO -  Previous state of the Task instance: running
[2024-11-18T14:00:03.987+0000] {logging_mixin.py:190} INFO - Dag name:get_inaturalist_data_atropelamento queued_at:2024-11-18 14:00:00.496046+00:00
[2024-11-18T14:00:03.987+0000] {logging_mixin.py:190} INFO - Task hostname:bf677ca5dd6f operator:_PythonDecoratedOperator
[2024-11-18T14:00:04.035+0000] {local_task_job_runner.py:266} INFO - Task exited with return code 0
[2024-11-18T14:00:04.070+0000] {taskinstance.py:3900} INFO - 0 downstream tasks scheduled from follow-on schedule check
[2024-11-18T14:00:04.072+0000] {local_task_job_runner.py:245} INFO - ::endgroup::
