[2024-12-06T16:01:25.185+0000] {local_task_job_runner.py:123} INFO - ::group::Pre task execution logs
[2024-12-06T16:01:25.220+0000] {taskinstance.py:2612} INFO - Dependencies all met for dep_context=non-requeueable deps ti=<TaskInstance: get_inaturalist_data_atropelada.publish_message_for_transformation manual__2024-12-06T16:00:59.281817+00:00 [queued]>
[2024-12-06T16:01:25.246+0000] {taskinstance.py:2612} INFO - Dependencies all met for dep_context=requeueable deps ti=<TaskInstance: get_inaturalist_data_atropelada.publish_message_for_transformation manual__2024-12-06T16:00:59.281817+00:00 [queued]>
[2024-12-06T16:01:25.247+0000] {taskinstance.py:2865} INFO - Starting attempt 1 of 4
[2024-12-06T16:01:25.281+0000] {taskinstance.py:2888} INFO - Executing <Task(_PythonDecoratedOperator): publish_message_for_transformation> on 2024-12-06 16:00:59.281817+00:00
[2024-12-06T16:01:25.303+0000] {warnings.py:112} WARNING - /home/***/.local/lib/python3.12/site-packages/***/task/task_runner/standard_task_runner.py:70: DeprecationWarning: This process (pid=410) is multi-threaded, use of fork() may lead to deadlocks in the child.
  pid = os.fork()

[2024-12-06T16:01:25.305+0000] {standard_task_runner.py:72} INFO - Started process 412 to run task
[2024-12-06T16:01:25.309+0000] {standard_task_runner.py:104} INFO - Running: ['***', 'tasks', 'run', 'get_inaturalist_data_atropelada', 'publish_message_for_transformation', 'manual__2024-12-06T16:00:59.281817+00:00', '--job-id', '2642', '--raw', '--subdir', 'DAGS_FOLDER/inaturalist_dag.py', '--cfg-path', '/tmp/tmpdwp5tw27']
[2024-12-06T16:01:25.314+0000] {standard_task_runner.py:105} INFO - Job 2642: Subtask publish_message_for_transformation
[2024-12-06T16:01:25.447+0000] {task_command.py:467} INFO - Running <TaskInstance: get_inaturalist_data_atropelada.publish_message_for_transformation manual__2024-12-06T16:00:59.281817+00:00 [running]> on host 21d6d9811d5b
[2024-12-06T16:01:25.713+0000] {taskinstance.py:3131} INFO - Exporting env vars: AIRFLOW_CTX_DAG_OWNER='***' AIRFLOW_CTX_DAG_ID='get_inaturalist_data_atropelada' AIRFLOW_CTX_TASK_ID='publish_message_for_transformation' AIRFLOW_CTX_EXECUTION_DATE='2024-12-06T16:00:59.281817+00:00' AIRFLOW_CTX_TRY_NUMBER='1' AIRFLOW_CTX_DAG_RUN_ID='manual__2024-12-06T16:00:59.281817+00:00'
[2024-12-06T16:01:25.715+0000] {taskinstance.py:731} INFO - ::endgroup::
[2024-12-06T16:01:25.774+0000] {rabbitmq.py:33} INFO - Sending message {'path': 'inaturalist_data/atropelada_data/2024/12/06/atropelada_observations_160118.csv', 'source': 'Inaturalist', 'keyword': 'atropelada', 'extraction_date': 1733500885738058393} to rabbitmq channel environbit
[2024-12-06T16:01:25.790+0000] {python.py:240} INFO - Done. Returned value was: None
[2024-12-06T16:01:25.807+0000] {taskinstance.py:340} INFO - ::group::Post task execution logs
[2024-12-06T16:01:25.808+0000] {taskinstance.py:352} INFO - Marking task as SUCCESS. dag_id=get_inaturalist_data_atropelada, task_id=publish_message_for_transformation, run_id=manual__2024-12-06T16:00:59.281817+00:00, execution_date=20241206T160059, start_date=20241206T160125, end_date=20241206T160125
[2024-12-06T16:01:25.888+0000] {local_task_job_runner.py:266} INFO - Task exited with return code 0
[2024-12-06T16:01:25.929+0000] {taskinstance.py:3900} INFO - 0 downstream tasks scheduled from follow-on schedule check
[2024-12-06T16:01:25.935+0000] {local_task_job_runner.py:245} INFO - ::endgroup::
