[2024-11-18T22:19:17.885+0000] {local_task_job_runner.py:123} INFO - ::group::Pre task execution logs
[2024-11-18T22:19:17.977+0000] {taskinstance.py:2612} INFO - Dependencies all met for dep_context=non-requeueable deps ti=<TaskInstance: get_inaturalist_data_atropelada.get_all_data scheduled__2024-11-18T15:00:00+00:00 [queued]>
[2024-11-18T22:19:18.035+0000] {taskinstance.py:2612} INFO - Dependencies all met for dep_context=requeueable deps ti=<TaskInstance: get_inaturalist_data_atropelada.get_all_data scheduled__2024-11-18T15:00:00+00:00 [queued]>
[2024-11-18T22:19:18.035+0000] {taskinstance.py:2865} INFO - Starting attempt 1 of 4
[2024-11-18T22:19:18.125+0000] {taskinstance.py:2888} INFO - Executing <Task(_PythonDecoratedOperator): get_all_data> on 2024-11-18 15:00:00+00:00
[2024-11-18T22:19:18.164+0000] {warnings.py:112} WARNING - /home/***/.local/lib/python3.12/site-packages/***/task/task_runner/standard_task_runner.py:70: DeprecationWarning: This process (pid=49) is multi-threaded, use of fork() may lead to deadlocks in the child.
  pid = os.fork()

[2024-11-18T22:19:18.166+0000] {standard_task_runner.py:72} INFO - Started process 105 to run task
[2024-11-18T22:19:18.160+0000] {standard_task_runner.py:104} INFO - Running: ['***', 'tasks', 'run', 'get_inaturalist_data_atropelada', 'get_all_data', 'scheduled__2024-11-18T15:00:00+00:00', '--job-id', '593', '--raw', '--subdir', 'DAGS_FOLDER/inaturalist_dag.py', '--cfg-path', '/tmp/tmp71448gx9']
[2024-11-18T22:19:18.168+0000] {standard_task_runner.py:105} INFO - Job 593: Subtask get_all_data
[2024-11-18T22:19:18.334+0000] {task_command.py:467} INFO - Running <TaskInstance: get_inaturalist_data_atropelada.get_all_data scheduled__2024-11-18T15:00:00+00:00 [running]> on host 35304c961dcb
[2024-11-18T22:19:18.611+0000] {taskinstance.py:3131} INFO - Exporting env vars: AIRFLOW_CTX_DAG_OWNER='***' AIRFLOW_CTX_DAG_ID='get_inaturalist_data_atropelada' AIRFLOW_CTX_TASK_ID='get_all_data' AIRFLOW_CTX_EXECUTION_DATE='2024-11-18T15:00:00+00:00' AIRFLOW_CTX_TRY_NUMBER='1' AIRFLOW_CTX_DAG_RUN_ID='scheduled__2024-11-18T15:00:00+00:00'
[2024-11-18T22:19:18.612+0000] {logging_mixin.py:190} INFO - Task instance is in running state
[2024-11-18T22:19:18.613+0000] {logging_mixin.py:190} INFO -  Previous state of the Task instance: queued
[2024-11-18T22:19:18.613+0000] {logging_mixin.py:190} INFO - Current task name:get_all_data state:running start_date:2024-11-18 22:19:17.977762+00:00
[2024-11-18T22:19:18.613+0000] {logging_mixin.py:190} INFO - Dag name:get_inaturalist_data_atropelada and current dag run status:running
[2024-11-18T22:19:18.617+0000] {taskinstance.py:731} INFO - ::endgroup::
[2024-11-18T22:19:18.618+0000] {inaturalist_dag.py:129} INFO - Getting data from keyword: atropelada
[2024-11-18T22:19:19.950+0000] {inaturalist_dag.py:135} INFO - No more observations found, stopping.
[2024-11-18T22:19:19.958+0000] {crypto.py:82} WARNING - empty cryptography key - values will not be stored encrypted.
[2024-11-18T22:19:19.964+0000] {python.py:240} INFO - Done. Returned value was: []
[2024-11-18T22:19:20.022+0000] {taskinstance.py:340} INFO - ::group::Post task execution logs
[2024-11-18T22:19:20.023+0000] {taskinstance.py:352} INFO - Marking task as SUCCESS. dag_id=get_inaturalist_data_atropelada, task_id=get_all_data, run_id=scheduled__2024-11-18T15:00:00+00:00, execution_date=20241118T150000, start_date=20241118T221917, end_date=20241118T221920
[2024-11-18T22:19:20.039+0000] {logging_mixin.py:190} INFO - Task instance in success state
[2024-11-18T22:19:20.039+0000] {logging_mixin.py:190} INFO -  Previous state of the Task instance: running
[2024-11-18T22:19:20.043+0000] {logging_mixin.py:190} INFO - Dag name:get_inaturalist_data_atropelada queued_at:2024-11-18 22:19:07.441651+00:00
[2024-11-18T22:19:20.043+0000] {logging_mixin.py:190} INFO - Task hostname:35304c961dcb operator:_PythonDecoratedOperator
[2024-11-18T22:19:20.104+0000] {local_task_job_runner.py:266} INFO - Task exited with return code 0
[2024-11-18T22:19:20.148+0000] {taskinstance.py:3900} INFO - 1 downstream tasks scheduled from follow-on schedule check
[2024-11-18T22:19:20.157+0000] {local_task_job_runner.py:245} INFO - ::endgroup::
