[2024-10-30T12:00:04.112+0000] {local_task_job_runner.py:123} INFO - ::group::Pre task execution logs
[2024-10-30T12:00:04.130+0000] {taskinstance.py:2612} INFO - Dependencies all met for dep_context=non-requeueable deps ti=<TaskInstance: get_inaturalist_data_atropelada.process_data scheduled__2024-10-30T11:30:00+00:00 [queued]>
[2024-10-30T12:00:04.143+0000] {taskinstance.py:2612} INFO - Dependencies all met for dep_context=requeueable deps ti=<TaskInstance: get_inaturalist_data_atropelada.process_data scheduled__2024-10-30T11:30:00+00:00 [queued]>
[2024-10-30T12:00:04.143+0000] {taskinstance.py:2865} INFO - Starting attempt 1 of 4
[2024-10-30T12:00:04.160+0000] {taskinstance.py:2888} INFO - Executing <Task(_PythonDecoratedOperator): process_data> on 2024-10-30 11:30:00+00:00
[2024-10-30T12:00:04.170+0000] {warnings.py:112} WARNING - /home/***/.local/lib/python3.12/site-packages/***/task/task_runner/standard_task_runner.py:70: DeprecationWarning: This process (pid=2012) is multi-threaded, use of fork() may lead to deadlocks in the child.
  pid = os.fork()

[2024-10-30T12:00:04.172+0000] {standard_task_runner.py:72} INFO - Started process 2026 to run task
[2024-10-30T12:00:04.173+0000] {standard_task_runner.py:104} INFO - Running: ['***', 'tasks', 'run', 'get_inaturalist_data_atropelada', 'process_data', 'scheduled__2024-10-30T11:30:00+00:00', '--job-id', '232', '--raw', '--subdir', 'DAGS_FOLDER/inaturalist_dag.py', '--cfg-path', '/tmp/tmpysrwnzuv']
[2024-10-30T12:00:04.174+0000] {standard_task_runner.py:105} INFO - Job 232: Subtask process_data
[2024-10-30T12:00:04.235+0000] {task_command.py:467} INFO - Running <TaskInstance: get_inaturalist_data_atropelada.process_data scheduled__2024-10-30T11:30:00+00:00 [running]> on host 8b409d8ad50e
[2024-10-30T12:00:04.320+0000] {taskinstance.py:3131} INFO - Exporting env vars: AIRFLOW_CTX_DAG_OWNER='***' AIRFLOW_CTX_DAG_ID='get_inaturalist_data_atropelada' AIRFLOW_CTX_TASK_ID='process_data' AIRFLOW_CTX_EXECUTION_DATE='2024-10-30T11:30:00+00:00' AIRFLOW_CTX_TRY_NUMBER='1' AIRFLOW_CTX_DAG_RUN_ID='scheduled__2024-10-30T11:30:00+00:00'
[2024-10-30T12:00:04.321+0000] {logging_mixin.py:190} INFO - Task instance is in running state
[2024-10-30T12:00:04.321+0000] {logging_mixin.py:190} INFO -  Previous state of the Task instance: queued
[2024-10-30T12:00:04.321+0000] {logging_mixin.py:190} INFO - Current task name:process_data state:running start_date:2024-10-30 12:00:04.130706+00:00
[2024-10-30T12:00:04.321+0000] {logging_mixin.py:190} INFO - Dag name:get_inaturalist_data_atropelada and current dag run status:running
[2024-10-30T12:00:04.322+0000] {taskinstance.py:731} INFO - ::endgroup::
[2024-10-30T12:00:04.322+0000] {python.py:240} INFO - Done. Returned value was: {'path': 'inaturalist_data/atropelada_data/2024/10/30/atropelada_observations_120004.json', 'format': 'application/json'}
[2024-10-30T12:00:04.345+0000] {taskinstance.py:340} INFO - ::group::Post task execution logs
[2024-10-30T12:00:04.346+0000] {taskinstance.py:352} INFO - Marking task as SUCCESS. dag_id=get_inaturalist_data_atropelada, task_id=process_data, run_id=scheduled__2024-10-30T11:30:00+00:00, execution_date=20241030T113000, start_date=20241030T120004, end_date=20241030T120004
[2024-10-30T12:00:04.354+0000] {logging_mixin.py:190} INFO - Task instance in success state
[2024-10-30T12:00:04.354+0000] {logging_mixin.py:190} INFO -  Previous state of the Task instance: running
[2024-10-30T12:00:04.354+0000] {logging_mixin.py:190} INFO - Dag name:get_inaturalist_data_atropelada queued_at:2024-10-30 12:00:00.861804+00:00
[2024-10-30T12:00:04.355+0000] {logging_mixin.py:190} INFO - Task hostname:8b409d8ad50e operator:_PythonDecoratedOperator
[2024-10-30T12:00:04.386+0000] {local_task_job_runner.py:266} INFO - Task exited with return code 0
[2024-10-30T12:00:04.394+0000] {local_task_job_runner.py:245} INFO - ::endgroup::
