[2024-11-25T10:07:31.178+0000] {local_task_job_runner.py:123} INFO - ::group::Pre task execution logs
[2024-11-25T10:07:31.197+0000] {taskinstance.py:2612} INFO - Dependencies all met for dep_context=non-requeueable deps ti=<TaskInstance: get_inaturalist_data_atropelamento.save_data manual__2024-11-25T10:06:40.255096+00:00 [queued]>
[2024-11-25T10:07:31.207+0000] {taskinstance.py:2612} INFO - Dependencies all met for dep_context=requeueable deps ti=<TaskInstance: get_inaturalist_data_atropelamento.save_data manual__2024-11-25T10:06:40.255096+00:00 [queued]>
[2024-11-25T10:07:31.208+0000] {taskinstance.py:2865} INFO - Starting attempt 1 of 4
[2024-11-25T10:07:31.229+0000] {taskinstance.py:2888} INFO - Executing <Task(_PythonDecoratedOperator): save_data> on 2024-11-25 10:06:40.255096+00:00
[2024-11-25T10:07:31.240+0000] {warnings.py:112} WARNING - /home/***/.local/lib/python3.12/site-packages/***/task/task_runner/standard_task_runner.py:70: DeprecationWarning: This process (pid=98) is multi-threaded, use of fork() may lead to deadlocks in the child.
  pid = os.fork()

[2024-11-25T10:07:31.241+0000] {standard_task_runner.py:72} INFO - Started process 101 to run task
[2024-11-25T10:07:31.242+0000] {standard_task_runner.py:104} INFO - Running: ['***', 'tasks', 'run', 'get_inaturalist_data_atropelamento', 'save_data', 'manual__2024-11-25T10:06:40.255096+00:00', '--job-id', '1255', '--raw', '--subdir', 'DAGS_FOLDER/inaturalist_dag.py', '--cfg-path', '/tmp/tmpoxwsbqts']
[2024-11-25T10:07:31.243+0000] {standard_task_runner.py:105} INFO - Job 1255: Subtask save_data
[2024-11-25T10:07:31.292+0000] {task_command.py:467} INFO - Running <TaskInstance: get_inaturalist_data_atropelamento.save_data manual__2024-11-25T10:06:40.255096+00:00 [running]> on host bedd18328759
[2024-11-25T10:07:31.438+0000] {taskinstance.py:3131} INFO - Exporting env vars: AIRFLOW_CTX_DAG_OWNER='***' AIRFLOW_CTX_DAG_ID='get_inaturalist_data_atropelamento' AIRFLOW_CTX_TASK_ID='save_data' AIRFLOW_CTX_EXECUTION_DATE='2024-11-25T10:06:40.255096+00:00' AIRFLOW_CTX_TRY_NUMBER='1' AIRFLOW_CTX_DAG_RUN_ID='manual__2024-11-25T10:06:40.255096+00:00'
[2024-11-25T10:07:31.439+0000] {logging_mixin.py:190} INFO - Task instance is in running state
[2024-11-25T10:07:31.440+0000] {logging_mixin.py:190} INFO -  Previous state of the Task instance: queued
[2024-11-25T10:07:31.440+0000] {logging_mixin.py:190} INFO - Current task name:save_data state:running start_date:2024-11-25 10:07:31.197881+00:00
[2024-11-25T10:07:31.440+0000] {logging_mixin.py:190} INFO - Dag name:get_inaturalist_data_atropelamento and current dag run status:running
[2024-11-25T10:07:31.440+0000] {taskinstance.py:731} INFO - ::endgroup::
[2024-11-25T10:07:31.547+0000] {minio.py:40} INFO - created inaturalist_data/atropelamento_data/2024/11/25/atropelamento_observations_100645.json object; etag: a7698cbab6c7eaae7975b41ac26f520d, version-id: None
[2024-11-25T10:07:31.547+0000] {minio.py:42} INFO - Data successfully uploaded to MinIO in bucket environbit under inaturalist_data/atropelamento_data/2024/11/25/atropelamento_observations_100645.json
[2024-11-25T10:07:31.548+0000] {python.py:240} INFO - Done. Returned value was: None
[2024-11-25T10:07:31.559+0000] {taskinstance.py:340} INFO - ::group::Post task execution logs
[2024-11-25T10:07:31.560+0000] {taskinstance.py:352} INFO - Marking task as SUCCESS. dag_id=get_inaturalist_data_atropelamento, task_id=save_data, run_id=manual__2024-11-25T10:06:40.255096+00:00, execution_date=20241125T100640, start_date=20241125T100731, end_date=20241125T100731
[2024-11-25T10:07:31.572+0000] {logging_mixin.py:190} INFO - Task instance in success state
[2024-11-25T10:07:31.573+0000] {logging_mixin.py:190} INFO -  Previous state of the Task instance: running
[2024-11-25T10:07:31.573+0000] {logging_mixin.py:190} INFO - Dag name:get_inaturalist_data_atropelamento queued_at:2024-11-25 10:06:40.269167+00:00
[2024-11-25T10:07:31.573+0000] {logging_mixin.py:190} INFO - Task hostname:bedd18328759 operator:_PythonDecoratedOperator
[2024-11-25T10:07:31.616+0000] {local_task_job_runner.py:266} INFO - Task exited with return code 0
[2024-11-25T10:07:31.642+0000] {taskinstance.py:3900} INFO - 0 downstream tasks scheduled from follow-on schedule check
[2024-11-25T10:07:31.644+0000] {local_task_job_runner.py:245} INFO - ::endgroup::
