[2024-11-18T15:12:19.787+0000] {local_task_job_runner.py:123} INFO - ::group::Pre task execution logs
[2024-11-18T15:12:19.847+0000] {taskinstance.py:2612} INFO - Dependencies all met for dep_context=non-requeueable deps ti=<TaskInstance: get_inaturalist_data_atropelada.process_data scheduled__2024-11-18T14:00:00+00:00 [queued]>
[2024-11-18T15:12:19.862+0000] {taskinstance.py:2612} INFO - Dependencies all met for dep_context=requeueable deps ti=<TaskInstance: get_inaturalist_data_atropelada.process_data scheduled__2024-11-18T14:00:00+00:00 [queued]>
[2024-11-18T15:12:19.863+0000] {taskinstance.py:2865} INFO - Starting attempt 1 of 4
[2024-11-18T15:12:19.893+0000] {taskinstance.py:2888} INFO - Executing <Task(_PythonDecoratedOperator): process_data> on 2024-11-18 14:00:00+00:00
[2024-11-18T15:12:19.921+0000] {warnings.py:112} WARNING - /home/***/.local/lib/python3.12/site-packages/***/task/task_runner/standard_task_runner.py:70: DeprecationWarning: This process (pid=56) is multi-threaded, use of fork() may lead to deadlocks in the child.
  pid = os.fork()

[2024-11-18T15:12:19.923+0000] {standard_task_runner.py:72} INFO - Started process 79 to run task
[2024-11-18T15:12:19.927+0000] {standard_task_runner.py:104} INFO - Running: ['***', 'tasks', 'run', 'get_inaturalist_data_atropelada', 'process_data', 'scheduled__2024-11-18T14:00:00+00:00', '--job-id', '576', '--raw', '--subdir', 'DAGS_FOLDER/inaturalist_dag.py', '--cfg-path', '/tmp/tmp5zriqoiu']
[2024-11-18T15:12:19.929+0000] {standard_task_runner.py:105} INFO - Job 576: Subtask process_data
[2024-11-18T15:12:20.136+0000] {task_command.py:467} INFO - Running <TaskInstance: get_inaturalist_data_atropelada.process_data scheduled__2024-11-18T14:00:00+00:00 [running]> on host 35304c961dcb
[2024-11-18T15:12:20.448+0000] {taskinstance.py:3131} INFO - Exporting env vars: AIRFLOW_CTX_DAG_OWNER='***' AIRFLOW_CTX_DAG_ID='get_inaturalist_data_atropelada' AIRFLOW_CTX_TASK_ID='process_data' AIRFLOW_CTX_EXECUTION_DATE='2024-11-18T14:00:00+00:00' AIRFLOW_CTX_TRY_NUMBER='1' AIRFLOW_CTX_DAG_RUN_ID='scheduled__2024-11-18T14:00:00+00:00'
[2024-11-18T15:12:20.450+0000] {logging_mixin.py:190} INFO - Task instance is in running state
[2024-11-18T15:12:20.451+0000] {logging_mixin.py:190} INFO -  Previous state of the Task instance: queued
[2024-11-18T15:12:20.453+0000] {logging_mixin.py:190} INFO - Current task name:process_data state:running start_date:2024-11-18 15:12:19.847868+00:00
[2024-11-18T15:12:20.454+0000] {logging_mixin.py:190} INFO - Dag name:get_inaturalist_data_atropelada and current dag run status:running
[2024-11-18T15:12:20.457+0000] {taskinstance.py:731} INFO - ::endgroup::
[2024-11-18T15:12:20.458+0000] {python.py:240} INFO - Done. Returned value was: {'path': 'inaturalist_data/atropelada_data/2024/11/18/atropelada_observations_151220.json', 'format': 'application/json'}
[2024-11-18T15:12:20.575+0000] {taskinstance.py:340} INFO - ::group::Post task execution logs
[2024-11-18T15:12:20.576+0000] {taskinstance.py:352} INFO - Marking task as SUCCESS. dag_id=get_inaturalist_data_atropelada, task_id=process_data, run_id=scheduled__2024-11-18T14:00:00+00:00, execution_date=20241118T140000, start_date=20241118T151219, end_date=20241118T151220
[2024-11-18T15:12:20.596+0000] {logging_mixin.py:190} INFO - Task instance in success state
[2024-11-18T15:12:20.597+0000] {logging_mixin.py:190} INFO -  Previous state of the Task instance: running
[2024-11-18T15:12:20.597+0000] {logging_mixin.py:190} INFO - Dag name:get_inaturalist_data_atropelada queued_at:2024-11-18 15:12:01.585600+00:00
[2024-11-18T15:12:20.598+0000] {logging_mixin.py:190} INFO - Task hostname:35304c961dcb operator:_PythonDecoratedOperator
[2024-11-18T15:12:20.640+0000] {local_task_job_runner.py:266} INFO - Task exited with return code 0
[2024-11-18T15:12:20.674+0000] {taskinstance.py:3900} INFO - 0 downstream tasks scheduled from follow-on schedule check
[2024-11-18T15:12:20.676+0000] {local_task_job_runner.py:245} INFO - ::endgroup::
