[2024-11-20T11:00:23.124+0000] {local_task_job_runner.py:123} INFO - ::group::Pre task execution logs
[2024-11-20T11:00:23.209+0000] {taskinstance.py:2612} INFO - Dependencies all met for dep_context=non-requeueable deps ti=<TaskInstance: get_inaturalist_data_atropelamento.process_data scheduled__2024-11-20T10:30:00+00:00 [queued]>
[2024-11-20T11:00:23.289+0000] {taskinstance.py:2612} INFO - Dependencies all met for dep_context=requeueable deps ti=<TaskInstance: get_inaturalist_data_atropelamento.process_data scheduled__2024-11-20T10:30:00+00:00 [queued]>
[2024-11-20T11:00:23.290+0000] {taskinstance.py:2865} INFO - Starting attempt 1 of 4
[2024-11-20T11:00:23.417+0000] {taskinstance.py:2888} INFO - Executing <Task(_PythonDecoratedOperator): process_data> on 2024-11-20 10:30:00+00:00
[2024-11-20T11:00:23.485+0000] {standard_task_runner.py:104} INFO - Running: ['***', 'tasks', 'run', 'get_inaturalist_data_atropelamento', 'process_data', 'scheduled__2024-11-20T10:30:00+00:00', '--job-id', '802', '--raw', '--subdir', 'DAGS_FOLDER/inaturalist_dag.py', '--cfg-path', '/tmp/tmpbf3blqqv']
[2024-11-20T11:00:23.492+0000] {standard_task_runner.py:105} INFO - Job 802: Subtask process_data
[2024-11-20T11:00:23.482+0000] {warnings.py:112} WARNING - /home/***/.local/lib/python3.12/site-packages/***/task/task_runner/standard_task_runner.py:70: DeprecationWarning: This process (pid=117) is multi-threaded, use of fork() may lead to deadlocks in the child.
  pid = os.fork()

[2024-11-20T11:00:23.495+0000] {standard_task_runner.py:72} INFO - Started process 178 to run task
[2024-11-20T11:00:23.947+0000] {task_command.py:467} INFO - Running <TaskInstance: get_inaturalist_data_atropelamento.process_data scheduled__2024-11-20T10:30:00+00:00 [running]> on host 6e76132c078d
[2024-11-20T11:00:24.531+0000] {taskinstance.py:3131} INFO - Exporting env vars: AIRFLOW_CTX_DAG_OWNER='***' AIRFLOW_CTX_DAG_ID='get_inaturalist_data_atropelamento' AIRFLOW_CTX_TASK_ID='process_data' AIRFLOW_CTX_EXECUTION_DATE='2024-11-20T10:30:00+00:00' AIRFLOW_CTX_TRY_NUMBER='1' AIRFLOW_CTX_DAG_RUN_ID='scheduled__2024-11-20T10:30:00+00:00'
[2024-11-20T11:00:24.546+0000] {logging_mixin.py:190} INFO - Task instance is in running state
[2024-11-20T11:00:24.547+0000] {logging_mixin.py:190} INFO -  Previous state of the Task instance: queued
[2024-11-20T11:00:24.548+0000] {logging_mixin.py:190} INFO - Current task name:process_data state:running start_date:2024-11-20 11:00:23.211871+00:00
[2024-11-20T11:00:24.548+0000] {logging_mixin.py:190} INFO - Dag name:get_inaturalist_data_atropelamento and current dag run status:running
[2024-11-20T11:00:24.549+0000] {taskinstance.py:731} INFO - ::endgroup::
[2024-11-20T11:00:24.555+0000] {python.py:240} INFO - Done. Returned value was: {'path': 'inaturalist_data/atropelamento_data/2024/11/20/atropelamento_observations_110024.json', 'format': 'application/json'}
[2024-11-20T11:00:24.760+0000] {taskinstance.py:340} INFO - ::group::Post task execution logs
[2024-11-20T11:00:24.761+0000] {taskinstance.py:352} INFO - Marking task as SUCCESS. dag_id=get_inaturalist_data_atropelamento, task_id=process_data, run_id=scheduled__2024-11-20T10:30:00+00:00, execution_date=20241120T103000, start_date=20241120T110023, end_date=20241120T110024
[2024-11-20T11:00:24.791+0000] {logging_mixin.py:190} INFO - Task instance in success state
[2024-11-20T11:00:24.792+0000] {logging_mixin.py:190} INFO -  Previous state of the Task instance: running
[2024-11-20T11:00:24.793+0000] {logging_mixin.py:190} INFO - Dag name:get_inaturalist_data_atropelamento queued_at:2024-11-20 11:00:00.354160+00:00
[2024-11-20T11:00:24.793+0000] {logging_mixin.py:190} INFO - Task hostname:6e76132c078d operator:_PythonDecoratedOperator
[2024-11-20T11:00:24.974+0000] {local_task_job_runner.py:266} INFO - Task exited with return code 0
[2024-11-20T11:00:25.161+0000] {taskinstance.py:3900} INFO - 1 downstream tasks scheduled from follow-on schedule check
[2024-11-20T11:00:25.167+0000] {local_task_job_runner.py:245} INFO - ::endgroup::
