[2024-10-29T16:50:02.448+0000] {local_task_job_runner.py:123} INFO - ::group::Pre task execution logs
[2024-10-29T16:50:02.490+0000] {taskinstance.py:2612} INFO - Dependencies all met for dep_context=non-requeueable deps ti=<TaskInstance: get_inaturalist_data_atropelada.get_all_data scheduled__2024-10-29T16:00:00+00:00 [queued]>
[2024-10-29T16:50:02.507+0000] {taskinstance.py:2612} INFO - Dependencies all met for dep_context=requeueable deps ti=<TaskInstance: get_inaturalist_data_atropelada.get_all_data scheduled__2024-10-29T16:00:00+00:00 [queued]>
[2024-10-29T16:50:02.507+0000] {taskinstance.py:2865} INFO - Starting attempt 1 of 4
[2024-10-29T16:50:02.534+0000] {taskinstance.py:2888} INFO - Executing <Task(_PythonDecoratedOperator): get_all_data> on 2024-10-29 16:00:00+00:00
[2024-10-29T16:50:02.558+0000] {warnings.py:112} WARNING - /home/***/.local/lib/python3.12/site-packages/***/task/task_runner/standard_task_runner.py:70: DeprecationWarning: This process (pid=51) is multi-threaded, use of fork() may lead to deadlocks in the child.
  pid = os.fork()

[2024-10-29T16:50:02.560+0000] {standard_task_runner.py:72} INFO - Started process 68 to run task
[2024-10-29T16:50:02.570+0000] {standard_task_runner.py:104} INFO - Running: ['***', 'tasks', 'run', 'get_inaturalist_data_atropelada', 'get_all_data', 'scheduled__2024-10-29T16:00:00+00:00', '--job-id', '114', '--raw', '--subdir', 'DAGS_FOLDER/inaturalist_dag.py', '--cfg-path', '/tmp/tmp9z2ija8c']
[2024-10-29T16:50:02.572+0000] {standard_task_runner.py:105} INFO - Job 114: Subtask get_all_data
[2024-10-29T16:50:02.745+0000] {task_command.py:467} INFO - Running <TaskInstance: get_inaturalist_data_atropelada.get_all_data scheduled__2024-10-29T16:00:00+00:00 [running]> on host 8b409d8ad50e
[2024-10-29T16:50:02.926+0000] {taskinstance.py:3131} INFO - Exporting env vars: AIRFLOW_CTX_DAG_OWNER='***' AIRFLOW_CTX_DAG_ID='get_inaturalist_data_atropelada' AIRFLOW_CTX_TASK_ID='get_all_data' AIRFLOW_CTX_EXECUTION_DATE='2024-10-29T16:00:00+00:00' AIRFLOW_CTX_TRY_NUMBER='1' AIRFLOW_CTX_DAG_RUN_ID='scheduled__2024-10-29T16:00:00+00:00'
[2024-10-29T16:50:02.928+0000] {logging_mixin.py:190} INFO - Task instance is in running state
[2024-10-29T16:50:02.928+0000] {logging_mixin.py:190} INFO -  Previous state of the Task instance: queued
[2024-10-29T16:50:02.929+0000] {logging_mixin.py:190} INFO - Current task name:get_all_data state:running start_date:2024-10-29 16:50:02.491221+00:00
[2024-10-29T16:50:02.929+0000] {logging_mixin.py:190} INFO - Dag name:get_inaturalist_data_atropelada and current dag run status:running
[2024-10-29T16:50:02.929+0000] {taskinstance.py:731} INFO - ::endgroup::
[2024-10-29T16:50:02.930+0000] {inaturalist_dag.py:129} INFO - Getting data from keyword: atropelada
[2024-10-29T16:50:05.314+0000] {inaturalist_dag.py:135} INFO - No more observations found, stopping.
[2024-10-29T16:50:05.319+0000] {crypto.py:82} WARNING - empty cryptography key - values will not be stored encrypted.
[2024-10-29T16:50:05.323+0000] {python.py:240} INFO - Done. Returned value was: []
[2024-10-29T16:50:05.345+0000] {taskinstance.py:340} INFO - ::group::Post task execution logs
[2024-10-29T16:50:05.345+0000] {taskinstance.py:352} INFO - Marking task as SUCCESS. dag_id=get_inaturalist_data_atropelada, task_id=get_all_data, run_id=scheduled__2024-10-29T16:00:00+00:00, execution_date=20241029T160000, start_date=20241029T165002, end_date=20241029T165005
[2024-10-29T16:50:05.361+0000] {logging_mixin.py:190} INFO - Task instance in success state
[2024-10-29T16:50:05.362+0000] {logging_mixin.py:190} INFO -  Previous state of the Task instance: running
[2024-10-29T16:50:05.362+0000] {logging_mixin.py:190} INFO - Dag name:get_inaturalist_data_atropelada queued_at:2024-10-29 16:49:52.767223+00:00
[2024-10-29T16:50:05.362+0000] {logging_mixin.py:190} INFO - Task hostname:8b409d8ad50e operator:_PythonDecoratedOperator
[2024-10-29T16:50:05.377+0000] {local_task_job_runner.py:266} INFO - Task exited with return code 0
[2024-10-29T16:50:05.397+0000] {taskinstance.py:3900} INFO - 1 downstream tasks scheduled from follow-on schedule check
[2024-10-29T16:50:05.399+0000] {local_task_job_runner.py:245} INFO - ::endgroup::
