[2024-10-31T11:55:48.397+0000] {local_task_job_runner.py:123} INFO - ::group::Pre task execution logs
[2024-10-31T11:55:48.714+0000] {taskinstance.py:2612} INFO - Dependencies all met for dep_context=non-requeueable deps ti=<TaskInstance: get_inaturalist_data_atropelamento.process_data scheduled__2024-10-30T13:30:00+00:00 [queued]>
[2024-10-31T11:55:48.973+0000] {taskinstance.py:2612} INFO - Dependencies all met for dep_context=requeueable deps ti=<TaskInstance: get_inaturalist_data_atropelamento.process_data scheduled__2024-10-30T13:30:00+00:00 [queued]>
[2024-10-31T11:55:48.974+0000] {taskinstance.py:2865} INFO - Starting attempt 1 of 4
[2024-10-31T11:55:49.503+0000] {taskinstance.py:2888} INFO - Executing <Task(_PythonDecoratedOperator): process_data> on 2024-10-30 13:30:00+00:00
[2024-10-31T11:55:49.795+0000] {warnings.py:112} WARNING - /home/***/.local/lib/python3.12/site-packages/***/task/task_runner/standard_task_runner.py:70: DeprecationWarning: This process (pid=57) is multi-threaded, use of fork() may lead to deadlocks in the child.
  pid = os.fork()

[2024-10-31T11:55:49.797+0000] {standard_task_runner.py:72} INFO - Started process 97 to run task
[2024-10-31T11:55:49.853+0000] {standard_task_runner.py:104} INFO - Running: ['***', 'tasks', 'run', 'get_inaturalist_data_atropelamento', 'process_data', 'scheduled__2024-10-30T13:30:00+00:00', '--job-id', '264', '--raw', '--subdir', 'DAGS_FOLDER/inaturalist_dag.py', '--cfg-path', '/tmp/tmpc21etq2h']
[2024-10-31T11:55:49.856+0000] {standard_task_runner.py:105} INFO - Job 264: Subtask process_data
[2024-10-31T11:55:50.299+0000] {task_command.py:467} INFO - Running <TaskInstance: get_inaturalist_data_atropelamento.process_data scheduled__2024-10-30T13:30:00+00:00 [running]> on host 587c00f37f8c
[2024-10-31T11:55:51.546+0000] {taskinstance.py:3131} INFO - Exporting env vars: AIRFLOW_CTX_DAG_OWNER='***' AIRFLOW_CTX_DAG_ID='get_inaturalist_data_atropelamento' AIRFLOW_CTX_TASK_ID='process_data' AIRFLOW_CTX_EXECUTION_DATE='2024-10-30T13:30:00+00:00' AIRFLOW_CTX_TRY_NUMBER='1' AIRFLOW_CTX_DAG_RUN_ID='scheduled__2024-10-30T13:30:00+00:00'
[2024-10-31T11:55:51.549+0000] {logging_mixin.py:190} INFO - Task instance is in running state
[2024-10-31T11:55:51.558+0000] {logging_mixin.py:190} INFO -  Previous state of the Task instance: queued
[2024-10-31T11:55:51.564+0000] {logging_mixin.py:190} INFO - Current task name:process_data state:running start_date:2024-10-31 11:55:48.715139+00:00
[2024-10-31T11:55:51.565+0000] {logging_mixin.py:190} INFO - Dag name:get_inaturalist_data_atropelamento and current dag run status:running
[2024-10-31T11:55:51.565+0000] {taskinstance.py:731} INFO - ::endgroup::
[2024-10-31T11:55:51.567+0000] {python.py:240} INFO - Done. Returned value was: {'path': 'inaturalist_data/atropelamento_data/2024/10/31/atropelamento_observations_115551.json', 'format': 'application/json'}
[2024-10-31T11:55:51.769+0000] {taskinstance.py:340} INFO - ::group::Post task execution logs
[2024-10-31T11:55:51.770+0000] {taskinstance.py:352} INFO - Marking task as SUCCESS. dag_id=get_inaturalist_data_atropelamento, task_id=process_data, run_id=scheduled__2024-10-30T13:30:00+00:00, execution_date=20241030T133000, start_date=20241031T115548, end_date=20241031T115551
[2024-10-31T11:55:51.917+0000] {logging_mixin.py:190} INFO - Task instance in success state
[2024-10-31T11:55:51.918+0000] {logging_mixin.py:190} INFO -  Previous state of the Task instance: running
[2024-10-31T11:55:51.919+0000] {logging_mixin.py:190} INFO - Dag name:get_inaturalist_data_atropelamento queued_at:2024-10-31 11:55:26.362854+00:00
[2024-10-31T11:55:51.940+0000] {logging_mixin.py:190} INFO - Task hostname:587c00f37f8c operator:_PythonDecoratedOperator
[2024-10-31T11:55:52.102+0000] {local_task_job_runner.py:266} INFO - Task exited with return code 0
[2024-10-31T11:55:52.295+0000] {taskinstance.py:3900} INFO - 0 downstream tasks scheduled from follow-on schedule check
[2024-10-31T11:55:52.313+0000] {local_task_job_runner.py:245} INFO - ::endgroup::
