[2024-11-25T17:30:03.102+0000] {local_task_job_runner.py:123} INFO - ::group::Pre task execution logs
[2024-11-25T17:30:03.123+0000] {taskinstance.py:2612} INFO - Dependencies all met for dep_context=non-requeueable deps ti=<TaskInstance: get_gbif_data_atropelamento.get_all_data scheduled__2024-11-25T17:00:00+00:00 [queued]>
[2024-11-25T17:30:03.133+0000] {taskinstance.py:2612} INFO - Dependencies all met for dep_context=requeueable deps ti=<TaskInstance: get_gbif_data_atropelamento.get_all_data scheduled__2024-11-25T17:00:00+00:00 [queued]>
[2024-11-25T17:30:03.134+0000] {taskinstance.py:2865} INFO - Starting attempt 1 of 4
[2024-11-25T17:30:03.151+0000] {taskinstance.py:2888} INFO - Executing <Task(_PythonDecoratedOperator): get_all_data> on 2024-11-25 17:00:00+00:00
[2024-11-25T17:30:03.162+0000] {warnings.py:112} WARNING - /home/***/.local/lib/python3.12/site-packages/***/task/task_runner/standard_task_runner.py:70: DeprecationWarning: This process (pid=1647) is multi-threaded, use of fork() may lead to deadlocks in the child.
  pid = os.fork()

[2024-11-25T17:30:03.165+0000] {standard_task_runner.py:72} INFO - Started process 1669 to run task
[2024-11-25T17:30:03.166+0000] {standard_task_runner.py:104} INFO - Running: ['***', 'tasks', 'run', 'get_gbif_data_atropelamento', 'get_all_data', 'scheduled__2024-11-25T17:00:00+00:00', '--job-id', '1549', '--raw', '--subdir', 'DAGS_FOLDER/gbif_dag.py', '--cfg-path', '/tmp/tmpfoihyijh']
[2024-11-25T17:30:03.167+0000] {standard_task_runner.py:105} INFO - Job 1549: Subtask get_all_data
[2024-11-25T17:30:03.249+0000] {task_command.py:467} INFO - Running <TaskInstance: get_gbif_data_atropelamento.get_all_data scheduled__2024-11-25T17:00:00+00:00 [running]> on host 07f92f2579af
[2024-11-25T17:30:03.375+0000] {taskinstance.py:3131} INFO - Exporting env vars: AIRFLOW_CTX_DAG_OWNER='***' AIRFLOW_CTX_DAG_ID='get_gbif_data_atropelamento' AIRFLOW_CTX_TASK_ID='get_all_data' AIRFLOW_CTX_EXECUTION_DATE='2024-11-25T17:00:00+00:00' AIRFLOW_CTX_TRY_NUMBER='1' AIRFLOW_CTX_DAG_RUN_ID='scheduled__2024-11-25T17:00:00+00:00'
[2024-11-25T17:30:03.376+0000] {logging_mixin.py:190} INFO - Task instance is in running state
[2024-11-25T17:30:03.376+0000] {logging_mixin.py:190} INFO -  Previous state of the Task instance: queued
[2024-11-25T17:30:03.376+0000] {logging_mixin.py:190} INFO - Current task name:get_all_data state:running start_date:2024-11-25 17:30:03.123590+00:00
[2024-11-25T17:30:03.376+0000] {logging_mixin.py:190} INFO - Dag name:get_gbif_data_atropelamento and current dag run status:running
[2024-11-25T17:30:03.377+0000] {taskinstance.py:731} INFO - ::endgroup::
[2024-11-25T17:30:03.377+0000] {gbif_dag.py:227} INFO - Getting data from keyword: atropelamento
[2024-11-25T17:30:03.847+0000] {gbif_dag.py:233} INFO - No more occurrences found, stopping.
[2024-11-25T17:30:03.853+0000] {crypto.py:82} WARNING - empty cryptography key - values will not be stored encrypted.
[2024-11-25T17:30:03.858+0000] {python.py:240} INFO - Done. Returned value was: []
[2024-11-25T17:30:03.875+0000] {taskinstance.py:340} INFO - ::group::Post task execution logs
[2024-11-25T17:30:03.876+0000] {taskinstance.py:352} INFO - Marking task as SUCCESS. dag_id=get_gbif_data_atropelamento, task_id=get_all_data, run_id=scheduled__2024-11-25T17:00:00+00:00, execution_date=20241125T170000, start_date=20241125T173003, end_date=20241125T173003
[2024-11-25T17:30:03.883+0000] {logging_mixin.py:190} INFO - Task instance in success state
[2024-11-25T17:30:03.883+0000] {logging_mixin.py:190} INFO -  Previous state of the Task instance: running
[2024-11-25T17:30:03.883+0000] {logging_mixin.py:190} INFO - Dag name:get_gbif_data_atropelamento queued_at:2024-11-25 17:30:00.379466+00:00
[2024-11-25T17:30:03.883+0000] {logging_mixin.py:190} INFO - Task hostname:07f92f2579af operator:_PythonDecoratedOperator
[2024-11-25T17:30:03.912+0000] {local_task_job_runner.py:266} INFO - Task exited with return code 0
[2024-11-25T17:30:03.933+0000] {taskinstance.py:3900} INFO - 1 downstream tasks scheduled from follow-on schedule check
[2024-11-25T17:30:03.935+0000] {local_task_job_runner.py:245} INFO - ::endgroup::
