[2024-11-22T16:37:15.753+0000] {local_task_job_runner.py:123} INFO - ::group::Pre task execution logs
[2024-11-22T16:37:15.772+0000] {taskinstance.py:2612} INFO - Dependencies all met for dep_context=non-requeueable deps ti=<TaskInstance: get_inaturalist_data_atropelada.process_data manual__2024-11-22T16:37:12.857211+00:00 [queued]>
[2024-11-22T16:37:15.782+0000] {taskinstance.py:2612} INFO - Dependencies all met for dep_context=requeueable deps ti=<TaskInstance: get_inaturalist_data_atropelada.process_data manual__2024-11-22T16:37:12.857211+00:00 [queued]>
[2024-11-22T16:37:15.782+0000] {taskinstance.py:2865} INFO - Starting attempt 1 of 4
[2024-11-22T16:37:15.794+0000] {taskinstance.py:2888} INFO - Executing <Task(_PythonDecoratedOperator): process_data> on 2024-11-22 16:37:12.857211+00:00
[2024-11-22T16:37:15.806+0000] {warnings.py:112} WARNING - /home/***/.local/lib/python3.12/site-packages/***/task/task_runner/standard_task_runner.py:70: DeprecationWarning: This process (pid=907) is multi-threaded, use of fork() may lead to deadlocks in the child.
  pid = os.fork()

[2024-11-22T16:37:15.807+0000] {standard_task_runner.py:72} INFO - Started process 912 to run task
[2024-11-22T16:37:15.808+0000] {standard_task_runner.py:104} INFO - Running: ['***', 'tasks', 'run', 'get_inaturalist_data_atropelada', 'process_data', 'manual__2024-11-22T16:37:12.857211+00:00', '--job-id', '1111', '--raw', '--subdir', 'DAGS_FOLDER/inaturalist_dag.py', '--cfg-path', '/tmp/tmpjs68f5e1']
[2024-11-22T16:37:15.809+0000] {standard_task_runner.py:105} INFO - Job 1111: Subtask process_data
[2024-11-22T16:37:15.868+0000] {task_command.py:467} INFO - Running <TaskInstance: get_inaturalist_data_atropelada.process_data manual__2024-11-22T16:37:12.857211+00:00 [running]> on host 9450d15f4e68
[2024-11-22T16:37:15.968+0000] {taskinstance.py:3131} INFO - Exporting env vars: AIRFLOW_CTX_DAG_OWNER='***' AIRFLOW_CTX_DAG_ID='get_inaturalist_data_atropelada' AIRFLOW_CTX_TASK_ID='process_data' AIRFLOW_CTX_EXECUTION_DATE='2024-11-22T16:37:12.857211+00:00' AIRFLOW_CTX_TRY_NUMBER='1' AIRFLOW_CTX_DAG_RUN_ID='manual__2024-11-22T16:37:12.857211+00:00'
[2024-11-22T16:37:15.970+0000] {logging_mixin.py:190} INFO - Task instance is in running state
[2024-11-22T16:37:15.970+0000] {logging_mixin.py:190} INFO -  Previous state of the Task instance: queued
[2024-11-22T16:37:15.970+0000] {logging_mixin.py:190} INFO - Current task name:process_data state:running start_date:2024-11-22 16:37:15.773094+00:00
[2024-11-22T16:37:15.971+0000] {logging_mixin.py:190} INFO - Dag name:get_inaturalist_data_atropelada and current dag run status:running
[2024-11-22T16:37:15.971+0000] {taskinstance.py:731} INFO - ::endgroup::
[2024-11-22T16:37:15.972+0000] {python.py:240} INFO - Done. Returned value was: {'path': 'inaturalist_data/atropelada_data/2024/11/22/atropelada_observations_163715.json', 'format': 'application/json'}
[2024-11-22T16:37:16.003+0000] {taskinstance.py:340} INFO - ::group::Post task execution logs
[2024-11-22T16:37:16.003+0000] {taskinstance.py:352} INFO - Marking task as SUCCESS. dag_id=get_inaturalist_data_atropelada, task_id=process_data, run_id=manual__2024-11-22T16:37:12.857211+00:00, execution_date=20241122T163712, start_date=20241122T163715, end_date=20241122T163716
[2024-11-22T16:37:16.012+0000] {logging_mixin.py:190} INFO - Task instance in success state
[2024-11-22T16:37:16.012+0000] {logging_mixin.py:190} INFO -  Previous state of the Task instance: running
[2024-11-22T16:37:16.013+0000] {logging_mixin.py:190} INFO - Dag name:get_inaturalist_data_atropelada queued_at:2024-11-22 16:37:12.872335+00:00
[2024-11-22T16:37:16.013+0000] {logging_mixin.py:190} INFO - Task hostname:9450d15f4e68 operator:_PythonDecoratedOperator
[2024-11-22T16:37:16.062+0000] {local_task_job_runner.py:266} INFO - Task exited with return code 0
[2024-11-22T16:37:16.088+0000] {taskinstance.py:3900} INFO - 0 downstream tasks scheduled from follow-on schedule check
[2024-11-22T16:37:16.090+0000] {local_task_job_runner.py:245} INFO - ::endgroup::
