[2024-10-29T17:56:03.170+0000] {local_task_job_runner.py:123} INFO - ::group::Pre task execution logs
[2024-10-29T17:56:03.183+0000] {taskinstance.py:2612} INFO - Dependencies all met for dep_context=non-requeueable deps ti=<TaskInstance: biological_data_dag.save_data_minio__1 manual__2024-10-29T17:52:55.998843+00:00 [queued]>
[2024-10-29T17:56:03.189+0000] {taskinstance.py:2612} INFO - Dependencies all met for dep_context=requeueable deps ti=<TaskInstance: biological_data_dag.save_data_minio__1 manual__2024-10-29T17:52:55.998843+00:00 [queued]>
[2024-10-29T17:56:03.189+0000] {taskinstance.py:2865} INFO - Starting attempt 1 of 1
[2024-10-29T17:56:03.199+0000] {taskinstance.py:2888} INFO - Executing <Task(_PythonDecoratedOperator): save_data_minio__1> on 2024-10-29 17:52:55.998843+00:00
[2024-10-29T17:56:03.207+0000] {warnings.py:112} WARNING - /home/***/.local/lib/python3.12/site-packages/***/task/task_runner/standard_task_runner.py:70: DeprecationWarning: This process (pid=1556) is multi-threaded, use of fork() may lead to deadlocks in the child.
  pid = os.fork()

[2024-10-29T17:56:03.208+0000] {standard_task_runner.py:72} INFO - Started process 1559 to run task
[2024-10-29T17:56:03.209+0000] {standard_task_runner.py:104} INFO - Running: ['***', 'tasks', 'run', 'biological_data_dag', 'save_data_minio__1', 'manual__2024-10-29T17:52:55.998843+00:00', '--job-id', '164', '--raw', '--subdir', 'DAGS_FOLDER/biological_data_dag.py', '--cfg-path', '/tmp/tmppjxfbdxc']
[2024-10-29T17:56:03.210+0000] {standard_task_runner.py:105} INFO - Job 164: Subtask save_data_minio__1
[2024-10-29T17:56:03.242+0000] {task_command.py:467} INFO - Running <TaskInstance: biological_data_dag.save_data_minio__1 manual__2024-10-29T17:52:55.998843+00:00 [running]> on host 8b409d8ad50e
[2024-10-29T17:56:03.315+0000] {taskinstance.py:3131} INFO - Exporting env vars: AIRFLOW_CTX_DAG_OWNER='***' AIRFLOW_CTX_DAG_ID='biological_data_dag' AIRFLOW_CTX_TASK_ID='save_data_minio__1' AIRFLOW_CTX_EXECUTION_DATE='2024-10-29T17:52:55.998843+00:00' AIRFLOW_CTX_TRY_NUMBER='1' AIRFLOW_CTX_DAG_RUN_ID='manual__2024-10-29T17:52:55.998843+00:00'
[2024-10-29T17:56:03.316+0000] {logging_mixin.py:190} INFO - Task instance is in running state
[2024-10-29T17:56:03.316+0000] {logging_mixin.py:190} INFO -  Previous state of the Task instance: queued
[2024-10-29T17:56:03.316+0000] {logging_mixin.py:190} INFO - Current task name:save_data_minio__1 state:running start_date:2024-10-29 17:56:03.183624+00:00
[2024-10-29T17:56:03.316+0000] {logging_mixin.py:190} INFO - Dag name:biological_data_dag and current dag run status:running
[2024-10-29T17:56:03.316+0000] {taskinstance.py:731} INFO - ::endgroup::
[2024-10-29T17:56:03.417+0000] {logging_mixin.py:190} INFO - File species_data_red_list_17:56:01.csv saved in minIo.
[2024-10-29T17:56:03.418+0000] {python.py:240} INFO - Done. Returned value was: None
[2024-10-29T17:56:03.449+0000] {taskinstance.py:340} INFO - ::group::Post task execution logs
[2024-10-29T17:56:03.450+0000] {taskinstance.py:352} INFO - Marking task as SUCCESS. dag_id=biological_data_dag, task_id=save_data_minio__1, run_id=manual__2024-10-29T17:52:55.998843+00:00, execution_date=20241029T175255, start_date=20241029T175603, end_date=20241029T175603
[2024-10-29T17:56:03.470+0000] {logging_mixin.py:190} INFO - Task instance in success state
[2024-10-29T17:56:03.470+0000] {logging_mixin.py:190} INFO -  Previous state of the Task instance: running
[2024-10-29T17:56:03.471+0000] {logging_mixin.py:190} INFO - Dag name:biological_data_dag queued_at:2024-10-29 17:52:56.045010+00:00
[2024-10-29T17:56:03.471+0000] {logging_mixin.py:190} INFO - Task hostname:8b409d8ad50e operator:_PythonDecoratedOperator
[2024-10-29T17:56:03.502+0000] {local_task_job_runner.py:266} INFO - Task exited with return code 0
[2024-10-29T17:56:03.516+0000] {taskinstance.py:3900} INFO - 0 downstream tasks scheduled from follow-on schedule check
[2024-10-29T17:56:03.518+0000] {local_task_job_runner.py:245} INFO - ::endgroup::
