[2024-10-31T12:15:09.516+0000] {local_task_job_runner.py:123} INFO - ::group::Pre task execution logs
[2024-10-31T12:15:09.529+0000] {taskinstance.py:2612} INFO - Dependencies all met for dep_context=non-requeueable deps ti=<TaskInstance: biological_data_dag.list_to_csv__1 manual__2024-10-31T12:11:27.564141+00:00 [queued]>
[2024-10-31T12:15:09.535+0000] {taskinstance.py:2612} INFO - Dependencies all met for dep_context=requeueable deps ti=<TaskInstance: biological_data_dag.list_to_csv__1 manual__2024-10-31T12:11:27.564141+00:00 [queued]>
[2024-10-31T12:15:09.536+0000] {taskinstance.py:2865} INFO - Starting attempt 1 of 1
[2024-10-31T12:15:09.545+0000] {taskinstance.py:2888} INFO - Executing <Task(_PythonDecoratedOperator): list_to_csv__1> on 2024-10-31 12:11:27.564141+00:00
[2024-10-31T12:15:09.554+0000] {warnings.py:112} WARNING - /home/***/.local/lib/python3.12/site-packages/***/task/task_runner/standard_task_runner.py:70: DeprecationWarning: This process (pid=2467) is multi-threaded, use of fork() may lead to deadlocks in the child.
  pid = os.fork()

[2024-10-31T12:15:09.554+0000] {standard_task_runner.py:72} INFO - Started process 2470 to run task
[2024-10-31T12:15:09.555+0000] {standard_task_runner.py:104} INFO - Running: ['***', 'tasks', 'run', 'biological_data_dag', 'list_to_csv__1', 'manual__2024-10-31T12:11:27.564141+00:00', '--job-id', '283', '--raw', '--subdir', 'DAGS_FOLDER/biological_data_dag.py', '--cfg-path', '/tmp/tmph7cvhapi']
[2024-10-31T12:15:09.556+0000] {standard_task_runner.py:105} INFO - Job 283: Subtask list_to_csv__1
[2024-10-31T12:15:09.590+0000] {task_command.py:467} INFO - Running <TaskInstance: biological_data_dag.list_to_csv__1 manual__2024-10-31T12:11:27.564141+00:00 [running]> on host 587c00f37f8c
[2024-10-31T12:15:09.664+0000] {taskinstance.py:3131} INFO - Exporting env vars: AIRFLOW_CTX_DAG_OWNER='***' AIRFLOW_CTX_DAG_ID='biological_data_dag' AIRFLOW_CTX_TASK_ID='list_to_csv__1' AIRFLOW_CTX_EXECUTION_DATE='2024-10-31T12:11:27.564141+00:00' AIRFLOW_CTX_TRY_NUMBER='1' AIRFLOW_CTX_DAG_RUN_ID='manual__2024-10-31T12:11:27.564141+00:00'
[2024-10-31T12:15:09.665+0000] {logging_mixin.py:190} INFO - Task instance is in running state
[2024-10-31T12:15:09.666+0000] {logging_mixin.py:190} INFO -  Previous state of the Task instance: queued
[2024-10-31T12:15:09.666+0000] {logging_mixin.py:190} INFO - Current task name:list_to_csv__1 state:running start_date:2024-10-31 12:15:09.529682+00:00
[2024-10-31T12:15:09.666+0000] {logging_mixin.py:190} INFO - Dag name:biological_data_dag and current dag run status:running
[2024-10-31T12:15:09.666+0000] {taskinstance.py:731} INFO - ::endgroup::
[2024-10-31T12:15:09.673+0000] {biological_data_dag.py:422} INFO - Data converted to csv.
[2024-10-31T12:15:09.673+0000] {python.py:240} INFO - Done. Returned value was: /tmp/species_data_red_list.csv
[2024-10-31T12:15:09.691+0000] {taskinstance.py:340} INFO - ::group::Post task execution logs
[2024-10-31T12:15:09.692+0000] {taskinstance.py:352} INFO - Marking task as SUCCESS. dag_id=biological_data_dag, task_id=list_to_csv__1, run_id=manual__2024-10-31T12:11:27.564141+00:00, execution_date=20241031T121127, start_date=20241031T121509, end_date=20241031T121509
[2024-10-31T12:15:09.700+0000] {logging_mixin.py:190} INFO - Task instance in success state
[2024-10-31T12:15:09.701+0000] {logging_mixin.py:190} INFO -  Previous state of the Task instance: running
[2024-10-31T12:15:09.701+0000] {logging_mixin.py:190} INFO - Dag name:biological_data_dag queued_at:2024-10-31 12:11:27.591056+00:00
[2024-10-31T12:15:09.701+0000] {logging_mixin.py:190} INFO - Task hostname:587c00f37f8c operator:_PythonDecoratedOperator
[2024-10-31T12:15:09.728+0000] {local_task_job_runner.py:266} INFO - Task exited with return code 0
[2024-10-31T12:15:09.750+0000] {taskinstance.py:3900} INFO - 1 downstream tasks scheduled from follow-on schedule check
[2024-10-31T12:15:09.757+0000] {local_task_job_runner.py:245} INFO - ::endgroup::
