[2024-11-18T14:07:14.000+0000] {local_task_job_runner.py:123} INFO - ::group::Pre task execution logs
[2024-11-18T14:07:14.017+0000] {taskinstance.py:2612} INFO - Dependencies all met for dep_context=non-requeueable deps ti=<TaskInstance: biological_data_dag.save_data__1 scheduled__2024-10-05T00:00:00+00:00 [queued]>
[2024-11-18T14:07:14.026+0000] {taskinstance.py:2612} INFO - Dependencies all met for dep_context=requeueable deps ti=<TaskInstance: biological_data_dag.save_data__1 scheduled__2024-10-05T00:00:00+00:00 [queued]>
[2024-11-18T14:07:14.026+0000] {taskinstance.py:2865} INFO - Starting attempt 1 of 1
[2024-11-18T14:07:14.039+0000] {taskinstance.py:2888} INFO - Executing <Task(_PythonDecoratedOperator): save_data__1> on 2024-10-05 00:00:00+00:00
[2024-11-18T14:07:14.048+0000] {warnings.py:112} WARNING - /home/***/.local/lib/python3.12/site-packages/***/task/task_runner/standard_task_runner.py:70: DeprecationWarning: This process (pid=2344) is multi-threaded, use of fork() may lead to deadlocks in the child.
  pid = os.fork()

[2024-11-18T14:07:14.049+0000] {standard_task_runner.py:72} INFO - Started process 2347 to run task
[2024-11-18T14:07:14.050+0000] {standard_task_runner.py:104} INFO - Running: ['***', 'tasks', 'run', 'biological_data_dag', 'save_data__1', 'scheduled__2024-10-05T00:00:00+00:00', '--job-id', '559', '--raw', '--subdir', 'DAGS_FOLDER/biological_data_dag.py', '--cfg-path', '/tmp/tmpuk1s1hbc']
[2024-11-18T14:07:14.050+0000] {standard_task_runner.py:105} INFO - Job 559: Subtask save_data__1
[2024-11-18T14:07:14.090+0000] {task_command.py:467} INFO - Running <TaskInstance: biological_data_dag.save_data__1 scheduled__2024-10-05T00:00:00+00:00 [running]> on host 1657679c2206
[2024-11-18T14:07:14.190+0000] {taskinstance.py:3131} INFO - Exporting env vars: AIRFLOW_CTX_DAG_OWNER='***' AIRFLOW_CTX_DAG_ID='biological_data_dag' AIRFLOW_CTX_TASK_ID='save_data__1' AIRFLOW_CTX_EXECUTION_DATE='2024-10-05T00:00:00+00:00' AIRFLOW_CTX_TRY_NUMBER='1' AIRFLOW_CTX_DAG_RUN_ID='scheduled__2024-10-05T00:00:00+00:00'
[2024-11-18T14:07:14.191+0000] {logging_mixin.py:190} INFO - Task instance is in running state
[2024-11-18T14:07:14.191+0000] {logging_mixin.py:190} INFO -  Previous state of the Task instance: queued
[2024-11-18T14:07:14.192+0000] {logging_mixin.py:190} INFO - Current task name:save_data__1 state:running start_date:2024-11-18 14:07:14.018077+00:00
[2024-11-18T14:07:14.192+0000] {logging_mixin.py:190} INFO - Dag name:biological_data_dag and current dag run status:running
[2024-11-18T14:07:14.192+0000] {taskinstance.py:731} INFO - ::endgroup::
[2024-11-18T14:07:14.282+0000] {minio.py:40} INFO - created /biological_data/2024/11/18/species_data_red_list.csv object; etag: 822576ed0465894b3be69fa8b194c640, version-id: None
[2024-11-18T14:07:14.282+0000] {minio.py:42} INFO - Data successfully uploaded to MinIO in bucket environbit under /biological_data/2024/11/18/species_data_red_list.csv
[2024-11-18T14:07:14.283+0000] {biological_data_dag.py:470} INFO - File species_data_red_list.csv saved in minIo.
[2024-11-18T14:07:14.283+0000] {python.py:240} INFO - Done. Returned value was: None
[2024-11-18T14:07:14.292+0000] {taskinstance.py:340} INFO - ::group::Post task execution logs
[2024-11-18T14:07:14.292+0000] {taskinstance.py:352} INFO - Marking task as SUCCESS. dag_id=biological_data_dag, task_id=save_data__1, run_id=scheduled__2024-10-05T00:00:00+00:00, execution_date=20241005T000000, start_date=20241118T140714, end_date=20241118T140714
[2024-11-18T14:07:14.301+0000] {logging_mixin.py:190} INFO - Task instance in success state
[2024-11-18T14:07:14.301+0000] {logging_mixin.py:190} INFO -  Previous state of the Task instance: running
[2024-11-18T14:07:14.301+0000] {logging_mixin.py:190} INFO - Dag name:biological_data_dag queued_at:2024-11-18 14:04:40.867087+00:00
[2024-11-18T14:07:14.301+0000] {logging_mixin.py:190} INFO - Task hostname:1657679c2206 operator:_PythonDecoratedOperator
[2024-11-18T14:07:14.343+0000] {local_task_job_runner.py:266} INFO - Task exited with return code 0
[2024-11-18T14:07:14.357+0000] {taskinstance.py:3900} INFO - 0 downstream tasks scheduled from follow-on schedule check
[2024-11-18T14:07:14.359+0000] {local_task_job_runner.py:245} INFO - ::endgroup::
