[2024-11-20T10:53:26.162+0000] {processor.py:186} INFO - Started process (PID=50) to work on /opt/airflow/dags/biological_data_dag.py
[2024-11-20T10:53:26.166+0000] {processor.py:914} INFO - Processing file /opt/airflow/dags/biological_data_dag.py for tasks to queue
[2024-11-20T10:53:26.172+0000] {logging_mixin.py:190} INFO - [2024-11-20T10:53:26.170+0000] {dagbag.py:588} INFO - Filling up the DagBag from /opt/airflow/dags/biological_data_dag.py
[2024-11-20T10:53:27.698+0000] {processor.py:925} INFO - DAG(s) 'biological_data_dag' retrieved from /opt/airflow/dags/biological_data_dag.py
[2024-11-20T10:53:27.770+0000] {logging_mixin.py:190} INFO - [2024-11-20T10:53:27.768+0000] {dag.py:3239} INFO - Sync 1 DAGs
[2024-11-20T10:53:27.843+0000] {logging_mixin.py:190} INFO - [2024-11-20T10:53:27.843+0000] {dag.py:4180} INFO - Setting next_dagrun for biological_data_dag to 2024-11-05 00:00:00+00:00, run_after=2024-12-05 00:00:00+00:00
[2024-11-20T10:53:27.882+0000] {processor.py:208} INFO - Processing /opt/airflow/dags/biological_data_dag.py took 1.742 seconds
[2024-11-20T10:56:45.265+0000] {processor.py:186} INFO - Started process (PID=35) to work on /opt/airflow/dags/biological_data_dag.py
[2024-11-20T10:56:45.267+0000] {processor.py:914} INFO - Processing file /opt/airflow/dags/biological_data_dag.py for tasks to queue
[2024-11-20T10:56:45.269+0000] {logging_mixin.py:190} INFO - [2024-11-20T10:56:45.269+0000] {dagbag.py:588} INFO - Filling up the DagBag from /opt/airflow/dags/biological_data_dag.py
[2024-11-20T10:56:45.756+0000] {processor.py:925} INFO - DAG(s) 'biological_data_dag' retrieved from /opt/airflow/dags/biological_data_dag.py
[2024-11-20T10:56:45.787+0000] {logging_mixin.py:190} INFO - [2024-11-20T10:56:45.786+0000] {dag.py:3239} INFO - Sync 1 DAGs
[2024-11-20T10:56:45.825+0000] {logging_mixin.py:190} INFO - [2024-11-20T10:56:45.825+0000] {dag.py:4180} INFO - Setting next_dagrun for biological_data_dag to 2024-11-05 00:00:00+00:00, run_after=2024-12-05 00:00:00+00:00
[2024-11-20T10:56:45.849+0000] {processor.py:208} INFO - Processing /opt/airflow/dags/biological_data_dag.py took 0.592 seconds
[2024-11-20T10:57:15.956+0000] {processor.py:186} INFO - Started process (PID=101) to work on /opt/airflow/dags/biological_data_dag.py
[2024-11-20T10:57:15.957+0000] {processor.py:914} INFO - Processing file /opt/airflow/dags/biological_data_dag.py for tasks to queue
[2024-11-20T10:57:15.959+0000] {logging_mixin.py:190} INFO - [2024-11-20T10:57:15.959+0000] {dagbag.py:588} INFO - Filling up the DagBag from /opt/airflow/dags/biological_data_dag.py
[2024-11-20T10:57:16.272+0000] {processor.py:925} INFO - DAG(s) 'biological_data_dag' retrieved from /opt/airflow/dags/biological_data_dag.py
[2024-11-20T10:57:16.291+0000] {logging_mixin.py:190} INFO - [2024-11-20T10:57:16.290+0000] {dag.py:3239} INFO - Sync 1 DAGs
[2024-11-20T10:57:16.335+0000] {logging_mixin.py:190} INFO - [2024-11-20T10:57:16.335+0000] {dag.py:4180} INFO - Setting next_dagrun for biological_data_dag to 2024-11-05 00:00:00+00:00, run_after=2024-12-05 00:00:00+00:00
[2024-11-20T10:57:16.363+0000] {processor.py:208} INFO - Processing /opt/airflow/dags/biological_data_dag.py took 0.414 seconds
[2024-11-20T10:57:46.429+0000] {processor.py:186} INFO - Started process (PID=167) to work on /opt/airflow/dags/biological_data_dag.py
[2024-11-20T10:57:46.431+0000] {processor.py:914} INFO - Processing file /opt/airflow/dags/biological_data_dag.py for tasks to queue
[2024-11-20T10:57:46.433+0000] {logging_mixin.py:190} INFO - [2024-11-20T10:57:46.433+0000] {dagbag.py:588} INFO - Filling up the DagBag from /opt/airflow/dags/biological_data_dag.py
[2024-11-20T10:57:46.931+0000] {processor.py:925} INFO - DAG(s) 'biological_data_dag' retrieved from /opt/airflow/dags/biological_data_dag.py
[2024-11-20T10:57:46.956+0000] {logging_mixin.py:190} INFO - [2024-11-20T10:57:46.955+0000] {dag.py:3239} INFO - Sync 1 DAGs
[2024-11-20T10:57:47.006+0000] {logging_mixin.py:190} INFO - [2024-11-20T10:57:47.006+0000] {dag.py:4180} INFO - Setting next_dagrun for biological_data_dag to 2024-11-05 00:00:00+00:00, run_after=2024-12-05 00:00:00+00:00
[2024-11-20T10:57:47.041+0000] {processor.py:208} INFO - Processing /opt/airflow/dags/biological_data_dag.py took 0.624 seconds
[2024-11-20T10:58:17.752+0000] {processor.py:186} INFO - Started process (PID=233) to work on /opt/airflow/dags/biological_data_dag.py
[2024-11-20T10:58:17.754+0000] {processor.py:914} INFO - Processing file /opt/airflow/dags/biological_data_dag.py for tasks to queue
[2024-11-20T10:58:17.758+0000] {logging_mixin.py:190} INFO - [2024-11-20T10:58:17.757+0000] {dagbag.py:588} INFO - Filling up the DagBag from /opt/airflow/dags/biological_data_dag.py
[2024-11-20T10:58:18.401+0000] {processor.py:925} INFO - DAG(s) 'biological_data_dag' retrieved from /opt/airflow/dags/biological_data_dag.py
[2024-11-20T10:58:18.428+0000] {logging_mixin.py:190} INFO - [2024-11-20T10:58:18.427+0000] {dag.py:3239} INFO - Sync 1 DAGs
[2024-11-20T10:58:18.484+0000] {logging_mixin.py:190} INFO - [2024-11-20T10:58:18.482+0000] {dag.py:4180} INFO - Setting next_dagrun for biological_data_dag to 2024-11-05 00:00:00+00:00, run_after=2024-12-05 00:00:00+00:00
[2024-11-20T10:58:18.524+0000] {processor.py:208} INFO - Processing /opt/airflow/dags/biological_data_dag.py took 0.782 seconds
[2024-11-20T10:58:49.811+0000] {processor.py:186} INFO - Started process (PID=302) to work on /opt/airflow/dags/biological_data_dag.py
[2024-11-20T10:58:49.812+0000] {processor.py:914} INFO - Processing file /opt/airflow/dags/biological_data_dag.py for tasks to queue
[2024-11-20T10:58:49.816+0000] {logging_mixin.py:190} INFO - [2024-11-20T10:58:49.816+0000] {dagbag.py:588} INFO - Filling up the DagBag from /opt/airflow/dags/biological_data_dag.py
[2024-11-20T10:58:50.645+0000] {processor.py:925} INFO - DAG(s) 'biological_data_dag' retrieved from /opt/airflow/dags/biological_data_dag.py
[2024-11-20T10:58:50.675+0000] {logging_mixin.py:190} INFO - [2024-11-20T10:58:50.674+0000] {dag.py:3239} INFO - Sync 1 DAGs
[2024-11-20T10:58:50.730+0000] {logging_mixin.py:190} INFO - [2024-11-20T10:58:50.729+0000] {dag.py:4180} INFO - Setting next_dagrun for biological_data_dag to 2024-11-05 00:00:00+00:00, run_after=2024-12-05 00:00:00+00:00
[2024-11-20T10:58:51.040+0000] {processor.py:208} INFO - Processing /opt/airflow/dags/biological_data_dag.py took 1.240 seconds
[2024-11-20T10:59:21.907+0000] {processor.py:186} INFO - Started process (PID=371) to work on /opt/airflow/dags/biological_data_dag.py
[2024-11-20T10:59:21.909+0000] {processor.py:914} INFO - Processing file /opt/airflow/dags/biological_data_dag.py for tasks to queue
[2024-11-20T10:59:21.912+0000] {logging_mixin.py:190} INFO - [2024-11-20T10:59:21.911+0000] {dagbag.py:588} INFO - Filling up the DagBag from /opt/airflow/dags/biological_data_dag.py
[2024-11-20T10:59:22.809+0000] {processor.py:925} INFO - DAG(s) 'biological_data_dag' retrieved from /opt/airflow/dags/biological_data_dag.py
[2024-11-20T10:59:22.853+0000] {logging_mixin.py:190} INFO - [2024-11-20T10:59:22.852+0000] {dag.py:3239} INFO - Sync 1 DAGs
[2024-11-20T10:59:23.331+0000] {logging_mixin.py:190} INFO - [2024-11-20T10:59:23.331+0000] {dag.py:4180} INFO - Setting next_dagrun for biological_data_dag to 2024-11-05 00:00:00+00:00, run_after=2024-12-05 00:00:00+00:00
[2024-11-20T10:59:23.367+0000] {processor.py:208} INFO - Processing /opt/airflow/dags/biological_data_dag.py took 1.471 seconds
[2024-11-20T10:59:53.693+0000] {processor.py:186} INFO - Started process (PID=449) to work on /opt/airflow/dags/biological_data_dag.py
[2024-11-20T10:59:53.701+0000] {processor.py:914} INFO - Processing file /opt/airflow/dags/biological_data_dag.py for tasks to queue
[2024-11-20T10:59:53.708+0000] {logging_mixin.py:190} INFO - [2024-11-20T10:59:53.707+0000] {dagbag.py:588} INFO - Filling up the DagBag from /opt/airflow/dags/biological_data_dag.py
[2024-11-20T10:59:55.773+0000] {processor.py:925} INFO - DAG(s) 'biological_data_dag' retrieved from /opt/airflow/dags/biological_data_dag.py
[2024-11-20T10:59:55.838+0000] {logging_mixin.py:190} INFO - [2024-11-20T10:59:55.837+0000] {dag.py:3239} INFO - Sync 1 DAGs
[2024-11-20T10:59:55.949+0000] {logging_mixin.py:190} INFO - [2024-11-20T10:59:55.949+0000] {dag.py:4180} INFO - Setting next_dagrun for biological_data_dag to 2024-11-05 00:00:00+00:00, run_after=2024-12-05 00:00:00+00:00
[2024-11-20T10:59:56.037+0000] {processor.py:208} INFO - Processing /opt/airflow/dags/biological_data_dag.py took 2.370 seconds
[2024-11-20T11:00:26.339+0000] {processor.py:186} INFO - Started process (PID=550) to work on /opt/airflow/dags/biological_data_dag.py
[2024-11-20T11:00:26.346+0000] {processor.py:914} INFO - Processing file /opt/airflow/dags/biological_data_dag.py for tasks to queue
[2024-11-20T11:00:26.354+0000] {logging_mixin.py:190} INFO - [2024-11-20T11:00:26.354+0000] {dagbag.py:588} INFO - Filling up the DagBag from /opt/airflow/dags/biological_data_dag.py
[2024-11-20T11:00:27.602+0000] {processor.py:925} INFO - DAG(s) 'biological_data_dag' retrieved from /opt/airflow/dags/biological_data_dag.py
[2024-11-20T11:00:27.636+0000] {logging_mixin.py:190} INFO - [2024-11-20T11:00:27.635+0000] {dag.py:3239} INFO - Sync 1 DAGs
[2024-11-20T11:00:27.720+0000] {logging_mixin.py:190} INFO - [2024-11-20T11:00:27.720+0000] {dag.py:4180} INFO - Setting next_dagrun for biological_data_dag to 2024-11-05 00:00:00+00:00, run_after=2024-12-05 00:00:00+00:00
[2024-11-20T11:00:27.806+0000] {processor.py:208} INFO - Processing /opt/airflow/dags/biological_data_dag.py took 1.508 seconds
[2024-11-20T11:00:58.443+0000] {processor.py:186} INFO - Started process (PID=617) to work on /opt/airflow/dags/biological_data_dag.py
[2024-11-20T11:00:58.445+0000] {processor.py:914} INFO - Processing file /opt/airflow/dags/biological_data_dag.py for tasks to queue
[2024-11-20T11:00:58.448+0000] {logging_mixin.py:190} INFO - [2024-11-20T11:00:58.447+0000] {dagbag.py:588} INFO - Filling up the DagBag from /opt/airflow/dags/biological_data_dag.py
[2024-11-20T11:00:59.220+0000] {processor.py:925} INFO - DAG(s) 'biological_data_dag' retrieved from /opt/airflow/dags/biological_data_dag.py
[2024-11-20T11:00:59.259+0000] {logging_mixin.py:190} INFO - [2024-11-20T11:00:59.258+0000] {dag.py:3239} INFO - Sync 1 DAGs
[2024-11-20T11:00:59.337+0000] {logging_mixin.py:190} INFO - [2024-11-20T11:00:59.335+0000] {dag.py:4180} INFO - Setting next_dagrun for biological_data_dag to 2024-11-05 00:00:00+00:00, run_after=2024-12-05 00:00:00+00:00
[2024-11-20T11:00:59.399+0000] {processor.py:208} INFO - Processing /opt/airflow/dags/biological_data_dag.py took 0.964 seconds
[2024-11-20T11:01:30.043+0000] {processor.py:186} INFO - Started process (PID=689) to work on /opt/airflow/dags/biological_data_dag.py
[2024-11-20T11:01:30.046+0000] {processor.py:914} INFO - Processing file /opt/airflow/dags/biological_data_dag.py for tasks to queue
[2024-11-20T11:01:30.055+0000] {logging_mixin.py:190} INFO - [2024-11-20T11:01:30.054+0000] {dagbag.py:588} INFO - Filling up the DagBag from /opt/airflow/dags/biological_data_dag.py
[2024-11-20T11:01:31.611+0000] {processor.py:925} INFO - DAG(s) 'biological_data_dag' retrieved from /opt/airflow/dags/biological_data_dag.py
[2024-11-20T11:01:31.738+0000] {logging_mixin.py:190} INFO - [2024-11-20T11:01:31.737+0000] {dag.py:3239} INFO - Sync 1 DAGs
[2024-11-20T11:01:31.923+0000] {logging_mixin.py:190} INFO - [2024-11-20T11:01:31.920+0000] {dag.py:4180} INFO - Setting next_dagrun for biological_data_dag to 2024-11-05 00:00:00+00:00, run_after=2024-12-05 00:00:00+00:00
[2024-11-20T11:01:32.579+0000] {processor.py:208} INFO - Processing /opt/airflow/dags/biological_data_dag.py took 2.556 seconds
[2024-11-20T11:02:03.318+0000] {processor.py:186} INFO - Started process (PID=760) to work on /opt/airflow/dags/biological_data_dag.py
[2024-11-20T11:02:03.320+0000] {processor.py:914} INFO - Processing file /opt/airflow/dags/biological_data_dag.py for tasks to queue
[2024-11-20T11:02:03.333+0000] {logging_mixin.py:190} INFO - [2024-11-20T11:02:03.332+0000] {dagbag.py:588} INFO - Filling up the DagBag from /opt/airflow/dags/biological_data_dag.py
[2024-11-20T11:02:05.365+0000] {processor.py:925} INFO - DAG(s) 'biological_data_dag' retrieved from /opt/airflow/dags/biological_data_dag.py
[2024-11-20T11:02:05.415+0000] {logging_mixin.py:190} INFO - [2024-11-20T11:02:05.413+0000] {dag.py:3239} INFO - Sync 1 DAGs
[2024-11-20T11:02:05.487+0000] {logging_mixin.py:190} INFO - [2024-11-20T11:02:05.486+0000] {dag.py:4180} INFO - Setting next_dagrun for biological_data_dag to 2024-11-05 00:00:00+00:00, run_after=2024-12-05 00:00:00+00:00
[2024-11-20T11:02:05.537+0000] {processor.py:208} INFO - Processing /opt/airflow/dags/biological_data_dag.py took 2.240 seconds
[2024-11-20T11:02:35.787+0000] {processor.py:186} INFO - Started process (PID=831) to work on /opt/airflow/dags/biological_data_dag.py
[2024-11-20T11:02:35.788+0000] {processor.py:914} INFO - Processing file /opt/airflow/dags/biological_data_dag.py for tasks to queue
[2024-11-20T11:02:35.793+0000] {logging_mixin.py:190} INFO - [2024-11-20T11:02:35.792+0000] {dagbag.py:588} INFO - Filling up the DagBag from /opt/airflow/dags/biological_data_dag.py
[2024-11-20T11:02:37.575+0000] {processor.py:925} INFO - DAG(s) 'biological_data_dag' retrieved from /opt/airflow/dags/biological_data_dag.py
[2024-11-20T11:02:37.623+0000] {logging_mixin.py:190} INFO - [2024-11-20T11:02:37.622+0000] {dag.py:3239} INFO - Sync 1 DAGs
[2024-11-20T11:02:37.735+0000] {logging_mixin.py:190} INFO - [2024-11-20T11:02:37.735+0000] {dag.py:4180} INFO - Setting next_dagrun for biological_data_dag to 2024-11-05 00:00:00+00:00, run_after=2024-12-05 00:00:00+00:00
[2024-11-20T11:02:37.857+0000] {processor.py:208} INFO - Processing /opt/airflow/dags/biological_data_dag.py took 2.080 seconds
[2024-11-20T11:03:08.247+0000] {processor.py:186} INFO - Started process (PID=901) to work on /opt/airflow/dags/biological_data_dag.py
[2024-11-20T11:03:08.251+0000] {processor.py:914} INFO - Processing file /opt/airflow/dags/biological_data_dag.py for tasks to queue
[2024-11-20T11:03:08.256+0000] {logging_mixin.py:190} INFO - [2024-11-20T11:03:08.255+0000] {dagbag.py:588} INFO - Filling up the DagBag from /opt/airflow/dags/biological_data_dag.py
[2024-11-20T11:03:09.008+0000] {processor.py:925} INFO - DAG(s) 'biological_data_dag' retrieved from /opt/airflow/dags/biological_data_dag.py
[2024-11-20T11:03:09.020+0000] {logging_mixin.py:190} INFO - [2024-11-20T11:03:09.020+0000] {dag.py:3239} INFO - Sync 1 DAGs
[2024-11-20T11:03:09.049+0000] {logging_mixin.py:190} INFO - [2024-11-20T11:03:09.048+0000] {dag.py:4180} INFO - Setting next_dagrun for biological_data_dag to 2024-11-05 00:00:00+00:00, run_after=2024-12-05 00:00:00+00:00
[2024-11-20T11:03:09.078+0000] {processor.py:208} INFO - Processing /opt/airflow/dags/biological_data_dag.py took 0.849 seconds
[2024-11-20T11:03:39.504+0000] {processor.py:186} INFO - Started process (PID=968) to work on /opt/airflow/dags/biological_data_dag.py
[2024-11-20T11:03:39.506+0000] {processor.py:914} INFO - Processing file /opt/airflow/dags/biological_data_dag.py for tasks to queue
[2024-11-20T11:03:39.508+0000] {logging_mixin.py:190} INFO - [2024-11-20T11:03:39.508+0000] {dagbag.py:588} INFO - Filling up the DagBag from /opt/airflow/dags/biological_data_dag.py
[2024-11-20T11:03:40.042+0000] {processor.py:925} INFO - DAG(s) 'biological_data_dag' retrieved from /opt/airflow/dags/biological_data_dag.py
[2024-11-20T11:03:40.064+0000] {logging_mixin.py:190} INFO - [2024-11-20T11:03:40.064+0000] {dag.py:3239} INFO - Sync 1 DAGs
[2024-11-20T11:03:40.096+0000] {logging_mixin.py:190} INFO - [2024-11-20T11:03:40.095+0000] {dag.py:4180} INFO - Setting next_dagrun for biological_data_dag to 2024-11-05 00:00:00+00:00, run_after=2024-12-05 00:00:00+00:00
[2024-11-20T11:03:40.116+0000] {processor.py:208} INFO - Processing /opt/airflow/dags/biological_data_dag.py took 0.617 seconds
[2024-11-20T11:04:10.637+0000] {processor.py:186} INFO - Started process (PID=1038) to work on /opt/airflow/dags/biological_data_dag.py
[2024-11-20T11:04:10.642+0000] {processor.py:914} INFO - Processing file /opt/airflow/dags/biological_data_dag.py for tasks to queue
[2024-11-20T11:04:10.646+0000] {logging_mixin.py:190} INFO - [2024-11-20T11:04:10.646+0000] {dagbag.py:588} INFO - Filling up the DagBag from /opt/airflow/dags/biological_data_dag.py
[2024-11-20T11:04:11.580+0000] {processor.py:925} INFO - DAG(s) 'biological_data_dag' retrieved from /opt/airflow/dags/biological_data_dag.py
[2024-11-20T11:04:11.606+0000] {logging_mixin.py:190} INFO - [2024-11-20T11:04:11.605+0000] {dag.py:3239} INFO - Sync 1 DAGs
[2024-11-20T11:04:11.654+0000] {logging_mixin.py:190} INFO - [2024-11-20T11:04:11.653+0000] {dag.py:4180} INFO - Setting next_dagrun for biological_data_dag to 2024-11-05 00:00:00+00:00, run_after=2024-12-05 00:00:00+00:00
[2024-11-20T11:04:11.695+0000] {processor.py:208} INFO - Processing /opt/airflow/dags/biological_data_dag.py took 1.070 seconds
[2024-11-20T11:04:42.070+0000] {processor.py:186} INFO - Started process (PID=1103) to work on /opt/airflow/dags/biological_data_dag.py
[2024-11-20T11:04:42.073+0000] {processor.py:914} INFO - Processing file /opt/airflow/dags/biological_data_dag.py for tasks to queue
[2024-11-20T11:04:42.078+0000] {logging_mixin.py:190} INFO - [2024-11-20T11:04:42.077+0000] {dagbag.py:588} INFO - Filling up the DagBag from /opt/airflow/dags/biological_data_dag.py
[2024-11-20T11:04:42.951+0000] {processor.py:925} INFO - DAG(s) 'biological_data_dag' retrieved from /opt/airflow/dags/biological_data_dag.py
[2024-11-20T11:04:42.978+0000] {logging_mixin.py:190} INFO - [2024-11-20T11:04:42.978+0000] {dag.py:3239} INFO - Sync 1 DAGs
[2024-11-20T11:04:43.031+0000] {logging_mixin.py:190} INFO - [2024-11-20T11:04:43.030+0000] {dag.py:4180} INFO - Setting next_dagrun for biological_data_dag to 2024-11-05 00:00:00+00:00, run_after=2024-12-05 00:00:00+00:00
[2024-11-20T11:04:43.080+0000] {processor.py:208} INFO - Processing /opt/airflow/dags/biological_data_dag.py took 1.017 seconds
[2024-11-20T11:05:13.472+0000] {processor.py:186} INFO - Started process (PID=1173) to work on /opt/airflow/dags/biological_data_dag.py
[2024-11-20T11:05:13.474+0000] {processor.py:914} INFO - Processing file /opt/airflow/dags/biological_data_dag.py for tasks to queue
[2024-11-20T11:05:13.478+0000] {logging_mixin.py:190} INFO - [2024-11-20T11:05:13.477+0000] {dagbag.py:588} INFO - Filling up the DagBag from /opt/airflow/dags/biological_data_dag.py
[2024-11-20T11:05:14.854+0000] {processor.py:925} INFO - DAG(s) 'biological_data_dag' retrieved from /opt/airflow/dags/biological_data_dag.py
[2024-11-20T11:05:14.919+0000] {logging_mixin.py:190} INFO - [2024-11-20T11:05:14.918+0000] {dag.py:3239} INFO - Sync 1 DAGs
[2024-11-20T11:05:14.985+0000] {logging_mixin.py:190} INFO - [2024-11-20T11:05:14.984+0000] {dag.py:4180} INFO - Setting next_dagrun for biological_data_dag to 2024-11-05 00:00:00+00:00, run_after=2024-12-05 00:00:00+00:00
[2024-11-20T11:05:15.038+0000] {processor.py:208} INFO - Processing /opt/airflow/dags/biological_data_dag.py took 1.583 seconds
[2024-11-20T11:05:45.125+0000] {processor.py:186} INFO - Started process (PID=1243) to work on /opt/airflow/dags/biological_data_dag.py
[2024-11-20T11:05:45.129+0000] {processor.py:914} INFO - Processing file /opt/airflow/dags/biological_data_dag.py for tasks to queue
[2024-11-20T11:05:45.132+0000] {logging_mixin.py:190} INFO - [2024-11-20T11:05:45.131+0000] {dagbag.py:588} INFO - Filling up the DagBag from /opt/airflow/dags/biological_data_dag.py
[2024-11-20T11:05:46.097+0000] {processor.py:925} INFO - DAG(s) 'biological_data_dag' retrieved from /opt/airflow/dags/biological_data_dag.py
[2024-11-20T11:05:46.121+0000] {logging_mixin.py:190} INFO - [2024-11-20T11:05:46.120+0000] {dag.py:3239} INFO - Sync 1 DAGs
[2024-11-20T11:05:46.155+0000] {logging_mixin.py:190} INFO - [2024-11-20T11:05:46.155+0000] {dag.py:4180} INFO - Setting next_dagrun for biological_data_dag to 2024-11-05 00:00:00+00:00, run_after=2024-12-05 00:00:00+00:00
[2024-11-20T11:05:46.183+0000] {processor.py:208} INFO - Processing /opt/airflow/dags/biological_data_dag.py took 1.065 seconds
[2024-11-20T11:06:16.830+0000] {processor.py:186} INFO - Started process (PID=1310) to work on /opt/airflow/dags/biological_data_dag.py
[2024-11-20T11:06:16.832+0000] {processor.py:914} INFO - Processing file /opt/airflow/dags/biological_data_dag.py for tasks to queue
[2024-11-20T11:06:16.835+0000] {logging_mixin.py:190} INFO - [2024-11-20T11:06:16.834+0000] {dagbag.py:588} INFO - Filling up the DagBag from /opt/airflow/dags/biological_data_dag.py
[2024-11-20T11:06:17.463+0000] {processor.py:925} INFO - DAG(s) 'biological_data_dag' retrieved from /opt/airflow/dags/biological_data_dag.py
[2024-11-20T11:06:17.495+0000] {logging_mixin.py:190} INFO - [2024-11-20T11:06:17.494+0000] {dag.py:3239} INFO - Sync 1 DAGs
[2024-11-20T11:06:17.580+0000] {logging_mixin.py:190} INFO - [2024-11-20T11:06:17.578+0000] {dag.py:4180} INFO - Setting next_dagrun for biological_data_dag to 2024-11-05 00:00:00+00:00, run_after=2024-12-05 00:00:00+00:00
[2024-11-20T11:06:17.616+0000] {processor.py:208} INFO - Processing /opt/airflow/dags/biological_data_dag.py took 0.794 seconds
[2024-11-20T11:06:48.279+0000] {processor.py:186} INFO - Started process (PID=1378) to work on /opt/airflow/dags/biological_data_dag.py
[2024-11-20T11:06:48.280+0000] {processor.py:914} INFO - Processing file /opt/airflow/dags/biological_data_dag.py for tasks to queue
[2024-11-20T11:06:48.282+0000] {logging_mixin.py:190} INFO - [2024-11-20T11:06:48.282+0000] {dagbag.py:588} INFO - Filling up the DagBag from /opt/airflow/dags/biological_data_dag.py
[2024-11-20T11:06:48.659+0000] {processor.py:925} INFO - DAG(s) 'biological_data_dag' retrieved from /opt/airflow/dags/biological_data_dag.py
[2024-11-20T11:06:48.675+0000] {logging_mixin.py:190} INFO - [2024-11-20T11:06:48.675+0000] {dag.py:3239} INFO - Sync 1 DAGs
[2024-11-20T11:06:48.711+0000] {logging_mixin.py:190} INFO - [2024-11-20T11:06:48.711+0000] {dag.py:4180} INFO - Setting next_dagrun for biological_data_dag to 2024-11-05 00:00:00+00:00, run_after=2024-12-05 00:00:00+00:00
[2024-11-20T11:06:48.738+0000] {processor.py:208} INFO - Processing /opt/airflow/dags/biological_data_dag.py took 0.465 seconds
[2024-11-20T11:07:18.833+0000] {processor.py:186} INFO - Started process (PID=1444) to work on /opt/airflow/dags/biological_data_dag.py
[2024-11-20T11:07:18.834+0000] {processor.py:914} INFO - Processing file /opt/airflow/dags/biological_data_dag.py for tasks to queue
[2024-11-20T11:07:18.836+0000] {logging_mixin.py:190} INFO - [2024-11-20T11:07:18.836+0000] {dagbag.py:588} INFO - Filling up the DagBag from /opt/airflow/dags/biological_data_dag.py
[2024-11-20T11:07:19.077+0000] {processor.py:925} INFO - DAG(s) 'biological_data_dag' retrieved from /opt/airflow/dags/biological_data_dag.py
[2024-11-20T11:07:19.089+0000] {logging_mixin.py:190} INFO - [2024-11-20T11:07:19.088+0000] {dag.py:3239} INFO - Sync 1 DAGs
[2024-11-20T11:07:19.108+0000] {logging_mixin.py:190} INFO - [2024-11-20T11:07:19.108+0000] {dag.py:4180} INFO - Setting next_dagrun for biological_data_dag to 2024-11-05 00:00:00+00:00, run_after=2024-12-05 00:00:00+00:00
[2024-11-20T11:07:19.123+0000] {processor.py:208} INFO - Processing /opt/airflow/dags/biological_data_dag.py took 0.295 seconds
[2024-11-20T11:07:49.232+0000] {processor.py:186} INFO - Started process (PID=1510) to work on /opt/airflow/dags/biological_data_dag.py
[2024-11-20T11:07:49.233+0000] {processor.py:914} INFO - Processing file /opt/airflow/dags/biological_data_dag.py for tasks to queue
[2024-11-20T11:07:49.234+0000] {logging_mixin.py:190} INFO - [2024-11-20T11:07:49.234+0000] {dagbag.py:588} INFO - Filling up the DagBag from /opt/airflow/dags/biological_data_dag.py
[2024-11-20T11:07:49.510+0000] {processor.py:925} INFO - DAG(s) 'biological_data_dag' retrieved from /opt/airflow/dags/biological_data_dag.py
[2024-11-20T11:07:49.522+0000] {logging_mixin.py:190} INFO - [2024-11-20T11:07:49.522+0000] {dag.py:3239} INFO - Sync 1 DAGs
[2024-11-20T11:07:49.544+0000] {logging_mixin.py:190} INFO - [2024-11-20T11:07:49.544+0000] {dag.py:4180} INFO - Setting next_dagrun for biological_data_dag to 2024-11-05 00:00:00+00:00, run_after=2024-12-05 00:00:00+00:00
[2024-11-20T11:07:49.562+0000] {processor.py:208} INFO - Processing /opt/airflow/dags/biological_data_dag.py took 0.334 seconds
[2024-11-20T11:08:19.640+0000] {processor.py:186} INFO - Started process (PID=1577) to work on /opt/airflow/dags/biological_data_dag.py
[2024-11-20T11:08:19.641+0000] {processor.py:914} INFO - Processing file /opt/airflow/dags/biological_data_dag.py for tasks to queue
[2024-11-20T11:08:19.642+0000] {logging_mixin.py:190} INFO - [2024-11-20T11:08:19.642+0000] {dagbag.py:588} INFO - Filling up the DagBag from /opt/airflow/dags/biological_data_dag.py
[2024-11-20T11:08:19.903+0000] {processor.py:925} INFO - DAG(s) 'biological_data_dag' retrieved from /opt/airflow/dags/biological_data_dag.py
[2024-11-20T11:08:19.915+0000] {logging_mixin.py:190} INFO - [2024-11-20T11:08:19.914+0000] {dag.py:3239} INFO - Sync 1 DAGs
[2024-11-20T11:08:19.936+0000] {logging_mixin.py:190} INFO - [2024-11-20T11:08:19.936+0000] {dag.py:4180} INFO - Setting next_dagrun for biological_data_dag to 2024-11-05 00:00:00+00:00, run_after=2024-12-05 00:00:00+00:00
[2024-11-20T11:08:19.949+0000] {processor.py:208} INFO - Processing /opt/airflow/dags/biological_data_dag.py took 0.314 seconds
[2024-11-20T11:08:50.323+0000] {processor.py:186} INFO - Started process (PID=1643) to work on /opt/airflow/dags/biological_data_dag.py
[2024-11-20T11:08:50.324+0000] {processor.py:914} INFO - Processing file /opt/airflow/dags/biological_data_dag.py for tasks to queue
[2024-11-20T11:08:50.326+0000] {logging_mixin.py:190} INFO - [2024-11-20T11:08:50.325+0000] {dagbag.py:588} INFO - Filling up the DagBag from /opt/airflow/dags/biological_data_dag.py
[2024-11-20T11:08:50.970+0000] {processor.py:925} INFO - DAG(s) 'biological_data_dag' retrieved from /opt/airflow/dags/biological_data_dag.py
[2024-11-20T11:08:51.000+0000] {logging_mixin.py:190} INFO - [2024-11-20T11:08:50.999+0000] {dag.py:3239} INFO - Sync 1 DAGs
[2024-11-20T11:08:51.058+0000] {logging_mixin.py:190} INFO - [2024-11-20T11:08:51.058+0000] {dag.py:4180} INFO - Setting next_dagrun for biological_data_dag to 2024-11-05 00:00:00+00:00, run_after=2024-12-05 00:00:00+00:00
[2024-11-20T11:08:51.111+0000] {processor.py:208} INFO - Processing /opt/airflow/dags/biological_data_dag.py took 0.802 seconds
[2024-11-20T11:09:21.294+0000] {processor.py:186} INFO - Started process (PID=1712) to work on /opt/airflow/dags/biological_data_dag.py
[2024-11-20T11:09:21.300+0000] {processor.py:914} INFO - Processing file /opt/airflow/dags/biological_data_dag.py for tasks to queue
[2024-11-20T11:09:21.304+0000] {logging_mixin.py:190} INFO - [2024-11-20T11:09:21.302+0000] {dagbag.py:588} INFO - Filling up the DagBag from /opt/airflow/dags/biological_data_dag.py
[2024-11-20T11:09:21.973+0000] {processor.py:925} INFO - DAG(s) 'biological_data_dag' retrieved from /opt/airflow/dags/biological_data_dag.py
[2024-11-20T11:09:21.997+0000] {logging_mixin.py:190} INFO - [2024-11-20T11:09:21.996+0000] {dag.py:3239} INFO - Sync 1 DAGs
[2024-11-20T11:09:22.049+0000] {logging_mixin.py:190} INFO - [2024-11-20T11:09:22.049+0000] {dag.py:4180} INFO - Setting next_dagrun for biological_data_dag to 2024-11-05 00:00:00+00:00, run_after=2024-12-05 00:00:00+00:00
[2024-11-20T11:09:22.116+0000] {processor.py:208} INFO - Processing /opt/airflow/dags/biological_data_dag.py took 0.835 seconds
[2024-11-20T11:09:52.954+0000] {processor.py:186} INFO - Started process (PID=1778) to work on /opt/airflow/dags/biological_data_dag.py
[2024-11-20T11:09:52.956+0000] {processor.py:914} INFO - Processing file /opt/airflow/dags/biological_data_dag.py for tasks to queue
[2024-11-20T11:09:52.958+0000] {logging_mixin.py:190} INFO - [2024-11-20T11:09:52.957+0000] {dagbag.py:588} INFO - Filling up the DagBag from /opt/airflow/dags/biological_data_dag.py
[2024-11-20T11:09:53.518+0000] {processor.py:925} INFO - DAG(s) 'biological_data_dag' retrieved from /opt/airflow/dags/biological_data_dag.py
[2024-11-20T11:09:53.539+0000] {logging_mixin.py:190} INFO - [2024-11-20T11:09:53.539+0000] {dag.py:3239} INFO - Sync 1 DAGs
[2024-11-20T11:09:53.570+0000] {logging_mixin.py:190} INFO - [2024-11-20T11:09:53.570+0000] {dag.py:4180} INFO - Setting next_dagrun for biological_data_dag to 2024-11-05 00:00:00+00:00, run_after=2024-12-05 00:00:00+00:00
[2024-11-20T11:09:53.596+0000] {processor.py:208} INFO - Processing /opt/airflow/dags/biological_data_dag.py took 0.651 seconds
[2024-11-20T11:10:23.682+0000] {processor.py:186} INFO - Started process (PID=1846) to work on /opt/airflow/dags/biological_data_dag.py
[2024-11-20T11:10:23.685+0000] {processor.py:914} INFO - Processing file /opt/airflow/dags/biological_data_dag.py for tasks to queue
[2024-11-20T11:10:23.687+0000] {logging_mixin.py:190} INFO - [2024-11-20T11:10:23.686+0000] {dagbag.py:588} INFO - Filling up the DagBag from /opt/airflow/dags/biological_data_dag.py
[2024-11-20T11:10:24.125+0000] {processor.py:925} INFO - DAG(s) 'biological_data_dag' retrieved from /opt/airflow/dags/biological_data_dag.py
[2024-11-20T11:10:24.159+0000] {logging_mixin.py:190} INFO - [2024-11-20T11:10:24.158+0000] {dag.py:3239} INFO - Sync 1 DAGs
[2024-11-20T11:10:24.197+0000] {logging_mixin.py:190} INFO - [2024-11-20T11:10:24.196+0000] {dag.py:4180} INFO - Setting next_dagrun for biological_data_dag to 2024-11-05 00:00:00+00:00, run_after=2024-12-05 00:00:00+00:00
[2024-11-20T11:10:24.218+0000] {processor.py:208} INFO - Processing /opt/airflow/dags/biological_data_dag.py took 0.546 seconds
[2024-11-20T11:10:55.163+0000] {processor.py:186} INFO - Started process (PID=1913) to work on /opt/airflow/dags/biological_data_dag.py
[2024-11-20T11:10:55.165+0000] {processor.py:914} INFO - Processing file /opt/airflow/dags/biological_data_dag.py for tasks to queue
[2024-11-20T11:10:55.168+0000] {logging_mixin.py:190} INFO - [2024-11-20T11:10:55.168+0000] {dagbag.py:588} INFO - Filling up the DagBag from /opt/airflow/dags/biological_data_dag.py
[2024-11-20T11:10:55.910+0000] {processor.py:925} INFO - DAG(s) 'biological_data_dag' retrieved from /opt/airflow/dags/biological_data_dag.py
[2024-11-20T11:10:55.946+0000] {logging_mixin.py:190} INFO - [2024-11-20T11:10:55.945+0000] {dag.py:3239} INFO - Sync 1 DAGs
[2024-11-20T11:10:56.007+0000] {logging_mixin.py:190} INFO - [2024-11-20T11:10:56.006+0000] {dag.py:4180} INFO - Setting next_dagrun for biological_data_dag to 2024-11-05 00:00:00+00:00, run_after=2024-12-05 00:00:00+00:00
[2024-11-20T11:10:56.051+0000] {processor.py:208} INFO - Processing /opt/airflow/dags/biological_data_dag.py took 0.903 seconds
[2024-11-20T11:11:26.958+0000] {processor.py:186} INFO - Started process (PID=1980) to work on /opt/airflow/dags/biological_data_dag.py
[2024-11-20T11:11:26.962+0000] {processor.py:914} INFO - Processing file /opt/airflow/dags/biological_data_dag.py for tasks to queue
[2024-11-20T11:11:26.964+0000] {logging_mixin.py:190} INFO - [2024-11-20T11:11:26.964+0000] {dagbag.py:588} INFO - Filling up the DagBag from /opt/airflow/dags/biological_data_dag.py
[2024-11-20T11:11:27.609+0000] {processor.py:925} INFO - DAG(s) 'biological_data_dag' retrieved from /opt/airflow/dags/biological_data_dag.py
[2024-11-20T11:11:27.642+0000] {logging_mixin.py:190} INFO - [2024-11-20T11:11:27.641+0000] {dag.py:3239} INFO - Sync 1 DAGs
[2024-11-20T11:11:27.706+0000] {logging_mixin.py:190} INFO - [2024-11-20T11:11:27.705+0000] {dag.py:4180} INFO - Setting next_dagrun for biological_data_dag to 2024-11-05 00:00:00+00:00, run_after=2024-12-05 00:00:00+00:00
[2024-11-20T11:11:27.749+0000] {processor.py:208} INFO - Processing /opt/airflow/dags/biological_data_dag.py took 0.817 seconds
[2024-11-20T11:11:58.725+0000] {processor.py:186} INFO - Started process (PID=2049) to work on /opt/airflow/dags/biological_data_dag.py
[2024-11-20T11:11:58.727+0000] {processor.py:914} INFO - Processing file /opt/airflow/dags/biological_data_dag.py for tasks to queue
[2024-11-20T11:11:58.728+0000] {logging_mixin.py:190} INFO - [2024-11-20T11:11:58.727+0000] {dagbag.py:588} INFO - Filling up the DagBag from /opt/airflow/dags/biological_data_dag.py
[2024-11-20T11:11:59.057+0000] {processor.py:925} INFO - DAG(s) 'biological_data_dag' retrieved from /opt/airflow/dags/biological_data_dag.py
[2024-11-20T11:11:59.075+0000] {logging_mixin.py:190} INFO - [2024-11-20T11:11:59.074+0000] {dag.py:3239} INFO - Sync 1 DAGs
[2024-11-20T11:11:59.104+0000] {logging_mixin.py:190} INFO - [2024-11-20T11:11:59.103+0000] {dag.py:4180} INFO - Setting next_dagrun for biological_data_dag to 2024-11-05 00:00:00+00:00, run_after=2024-12-05 00:00:00+00:00
[2024-11-20T11:11:59.121+0000] {processor.py:208} INFO - Processing /opt/airflow/dags/biological_data_dag.py took 0.404 seconds
[2024-11-20T11:12:29.818+0000] {processor.py:186} INFO - Started process (PID=2120) to work on /opt/airflow/dags/biological_data_dag.py
[2024-11-20T11:12:29.820+0000] {processor.py:914} INFO - Processing file /opt/airflow/dags/biological_data_dag.py for tasks to queue
[2024-11-20T11:12:29.821+0000] {logging_mixin.py:190} INFO - [2024-11-20T11:12:29.820+0000] {dagbag.py:588} INFO - Filling up the DagBag from /opt/airflow/dags/biological_data_dag.py
[2024-11-20T11:12:30.117+0000] {processor.py:925} INFO - DAG(s) 'biological_data_dag' retrieved from /opt/airflow/dags/biological_data_dag.py
[2024-11-20T11:12:30.135+0000] {logging_mixin.py:190} INFO - [2024-11-20T11:12:30.135+0000] {dag.py:3239} INFO - Sync 1 DAGs
[2024-11-20T11:12:30.167+0000] {logging_mixin.py:190} INFO - [2024-11-20T11:12:30.166+0000] {dag.py:4180} INFO - Setting next_dagrun for biological_data_dag to 2024-11-05 00:00:00+00:00, run_after=2024-12-05 00:00:00+00:00
[2024-11-20T11:12:30.188+0000] {processor.py:208} INFO - Processing /opt/airflow/dags/biological_data_dag.py took 0.375 seconds
[2024-11-20T11:13:01.136+0000] {processor.py:186} INFO - Started process (PID=2186) to work on /opt/airflow/dags/biological_data_dag.py
[2024-11-20T11:13:01.139+0000] {processor.py:914} INFO - Processing file /opt/airflow/dags/biological_data_dag.py for tasks to queue
[2024-11-20T11:13:01.140+0000] {logging_mixin.py:190} INFO - [2024-11-20T11:13:01.140+0000] {dagbag.py:588} INFO - Filling up the DagBag from /opt/airflow/dags/biological_data_dag.py
[2024-11-20T11:13:01.509+0000] {processor.py:925} INFO - DAG(s) 'biological_data_dag' retrieved from /opt/airflow/dags/biological_data_dag.py
[2024-11-20T11:13:01.530+0000] {logging_mixin.py:190} INFO - [2024-11-20T11:13:01.530+0000] {dag.py:3239} INFO - Sync 1 DAGs
[2024-11-20T11:13:01.573+0000] {logging_mixin.py:190} INFO - [2024-11-20T11:13:01.572+0000] {dag.py:4180} INFO - Setting next_dagrun for biological_data_dag to 2024-11-05 00:00:00+00:00, run_after=2024-12-05 00:00:00+00:00
[2024-11-20T11:13:01.599+0000] {processor.py:208} INFO - Processing /opt/airflow/dags/biological_data_dag.py took 0.473 seconds
[2024-11-20T11:13:31.678+0000] {processor.py:186} INFO - Started process (PID=2252) to work on /opt/airflow/dags/biological_data_dag.py
[2024-11-20T11:13:31.679+0000] {processor.py:914} INFO - Processing file /opt/airflow/dags/biological_data_dag.py for tasks to queue
[2024-11-20T11:13:31.680+0000] {logging_mixin.py:190} INFO - [2024-11-20T11:13:31.680+0000] {dagbag.py:588} INFO - Filling up the DagBag from /opt/airflow/dags/biological_data_dag.py
[2024-11-20T11:13:31.931+0000] {processor.py:925} INFO - DAG(s) 'biological_data_dag' retrieved from /opt/airflow/dags/biological_data_dag.py
[2024-11-20T11:13:31.943+0000] {logging_mixin.py:190} INFO - [2024-11-20T11:13:31.943+0000] {dag.py:3239} INFO - Sync 1 DAGs
[2024-11-20T11:13:31.963+0000] {logging_mixin.py:190} INFO - [2024-11-20T11:13:31.963+0000] {dag.py:4180} INFO - Setting next_dagrun for biological_data_dag to 2024-11-05 00:00:00+00:00, run_after=2024-12-05 00:00:00+00:00
[2024-11-20T11:13:31.977+0000] {processor.py:208} INFO - Processing /opt/airflow/dags/biological_data_dag.py took 0.303 seconds
[2024-11-20T11:14:02.411+0000] {processor.py:186} INFO - Started process (PID=2318) to work on /opt/airflow/dags/biological_data_dag.py
[2024-11-20T11:14:02.412+0000] {processor.py:914} INFO - Processing file /opt/airflow/dags/biological_data_dag.py for tasks to queue
[2024-11-20T11:14:02.413+0000] {logging_mixin.py:190} INFO - [2024-11-20T11:14:02.412+0000] {dagbag.py:588} INFO - Filling up the DagBag from /opt/airflow/dags/biological_data_dag.py
[2024-11-20T11:14:02.737+0000] {processor.py:925} INFO - DAG(s) 'biological_data_dag' retrieved from /opt/airflow/dags/biological_data_dag.py
[2024-11-20T11:14:02.752+0000] {logging_mixin.py:190} INFO - [2024-11-20T11:14:02.751+0000] {dag.py:3239} INFO - Sync 1 DAGs
[2024-11-20T11:14:02.779+0000] {logging_mixin.py:190} INFO - [2024-11-20T11:14:02.779+0000] {dag.py:4180} INFO - Setting next_dagrun for biological_data_dag to 2024-11-05 00:00:00+00:00, run_after=2024-12-05 00:00:00+00:00
[2024-11-20T11:14:02.799+0000] {processor.py:208} INFO - Processing /opt/airflow/dags/biological_data_dag.py took 0.393 seconds
[2024-11-20T11:14:33.319+0000] {processor.py:186} INFO - Started process (PID=2384) to work on /opt/airflow/dags/biological_data_dag.py
[2024-11-20T11:14:33.320+0000] {processor.py:914} INFO - Processing file /opt/airflow/dags/biological_data_dag.py for tasks to queue
[2024-11-20T11:14:33.321+0000] {logging_mixin.py:190} INFO - [2024-11-20T11:14:33.321+0000] {dagbag.py:588} INFO - Filling up the DagBag from /opt/airflow/dags/biological_data_dag.py
[2024-11-20T11:14:33.591+0000] {processor.py:925} INFO - DAG(s) 'biological_data_dag' retrieved from /opt/airflow/dags/biological_data_dag.py
[2024-11-20T11:14:33.604+0000] {logging_mixin.py:190} INFO - [2024-11-20T11:14:33.604+0000] {dag.py:3239} INFO - Sync 1 DAGs
[2024-11-20T11:14:33.627+0000] {logging_mixin.py:190} INFO - [2024-11-20T11:14:33.627+0000] {dag.py:4180} INFO - Setting next_dagrun for biological_data_dag to 2024-11-05 00:00:00+00:00, run_after=2024-12-05 00:00:00+00:00
[2024-11-20T11:14:33.642+0000] {processor.py:208} INFO - Processing /opt/airflow/dags/biological_data_dag.py took 0.327 seconds
[2024-11-20T11:15:04.334+0000] {processor.py:186} INFO - Started process (PID=2450) to work on /opt/airflow/dags/biological_data_dag.py
[2024-11-20T11:15:04.335+0000] {processor.py:914} INFO - Processing file /opt/airflow/dags/biological_data_dag.py for tasks to queue
[2024-11-20T11:15:04.336+0000] {logging_mixin.py:190} INFO - [2024-11-20T11:15:04.336+0000] {dagbag.py:588} INFO - Filling up the DagBag from /opt/airflow/dags/biological_data_dag.py
[2024-11-20T11:15:04.751+0000] {processor.py:925} INFO - DAG(s) 'biological_data_dag' retrieved from /opt/airflow/dags/biological_data_dag.py
[2024-11-20T11:15:04.773+0000] {logging_mixin.py:190} INFO - [2024-11-20T11:15:04.772+0000] {dag.py:3239} INFO - Sync 1 DAGs
[2024-11-20T11:15:04.812+0000] {logging_mixin.py:190} INFO - [2024-11-20T11:15:04.812+0000] {dag.py:4180} INFO - Setting next_dagrun for biological_data_dag to 2024-11-05 00:00:00+00:00, run_after=2024-12-05 00:00:00+00:00
[2024-11-20T11:15:04.842+0000] {processor.py:208} INFO - Processing /opt/airflow/dags/biological_data_dag.py took 0.513 seconds
[2024-11-20T11:15:34.935+0000] {processor.py:186} INFO - Started process (PID=2516) to work on /opt/airflow/dags/biological_data_dag.py
[2024-11-20T11:15:34.936+0000] {processor.py:914} INFO - Processing file /opt/airflow/dags/biological_data_dag.py for tasks to queue
[2024-11-20T11:15:34.938+0000] {logging_mixin.py:190} INFO - [2024-11-20T11:15:34.938+0000] {dagbag.py:588} INFO - Filling up the DagBag from /opt/airflow/dags/biological_data_dag.py
[2024-11-20T11:15:35.524+0000] {processor.py:925} INFO - DAG(s) 'biological_data_dag' retrieved from /opt/airflow/dags/biological_data_dag.py
[2024-11-20T11:15:35.560+0000] {logging_mixin.py:190} INFO - [2024-11-20T11:15:35.558+0000] {dag.py:3239} INFO - Sync 1 DAGs
[2024-11-20T11:15:35.618+0000] {logging_mixin.py:190} INFO - [2024-11-20T11:15:35.618+0000] {dag.py:4180} INFO - Setting next_dagrun for biological_data_dag to 2024-11-05 00:00:00+00:00, run_after=2024-12-05 00:00:00+00:00
[2024-11-20T11:15:35.660+0000] {processor.py:208} INFO - Processing /opt/airflow/dags/biological_data_dag.py took 0.736 seconds
[2024-11-20T11:16:06.099+0000] {processor.py:186} INFO - Started process (PID=2582) to work on /opt/airflow/dags/biological_data_dag.py
[2024-11-20T11:16:06.100+0000] {processor.py:914} INFO - Processing file /opt/airflow/dags/biological_data_dag.py for tasks to queue
[2024-11-20T11:16:06.103+0000] {logging_mixin.py:190} INFO - [2024-11-20T11:16:06.103+0000] {dagbag.py:588} INFO - Filling up the DagBag from /opt/airflow/dags/biological_data_dag.py
[2024-11-20T11:16:06.924+0000] {processor.py:925} INFO - DAG(s) 'biological_data_dag' retrieved from /opt/airflow/dags/biological_data_dag.py
[2024-11-20T11:16:06.960+0000] {logging_mixin.py:190} INFO - [2024-11-20T11:16:06.959+0000] {dag.py:3239} INFO - Sync 1 DAGs
[2024-11-20T11:16:07.029+0000] {logging_mixin.py:190} INFO - [2024-11-20T11:16:07.028+0000] {dag.py:4180} INFO - Setting next_dagrun for biological_data_dag to 2024-11-05 00:00:00+00:00, run_after=2024-12-05 00:00:00+00:00
[2024-11-20T11:16:07.083+0000] {processor.py:208} INFO - Processing /opt/airflow/dags/biological_data_dag.py took 0.999 seconds
[2024-11-20T11:16:37.587+0000] {processor.py:186} INFO - Started process (PID=2648) to work on /opt/airflow/dags/biological_data_dag.py
[2024-11-20T11:16:37.588+0000] {processor.py:914} INFO - Processing file /opt/airflow/dags/biological_data_dag.py for tasks to queue
[2024-11-20T11:16:37.589+0000] {logging_mixin.py:190} INFO - [2024-11-20T11:16:37.589+0000] {dagbag.py:588} INFO - Filling up the DagBag from /opt/airflow/dags/biological_data_dag.py
[2024-11-20T11:16:38.049+0000] {processor.py:925} INFO - DAG(s) 'biological_data_dag' retrieved from /opt/airflow/dags/biological_data_dag.py
[2024-11-20T11:16:38.065+0000] {logging_mixin.py:190} INFO - [2024-11-20T11:16:38.065+0000] {dag.py:3239} INFO - Sync 1 DAGs
[2024-11-20T11:16:38.095+0000] {logging_mixin.py:190} INFO - [2024-11-20T11:16:38.095+0000] {dag.py:4180} INFO - Setting next_dagrun for biological_data_dag to 2024-11-05 00:00:00+00:00, run_after=2024-12-05 00:00:00+00:00
[2024-11-20T11:16:38.113+0000] {processor.py:208} INFO - Processing /opt/airflow/dags/biological_data_dag.py took 0.536 seconds
[2024-11-20T11:17:08.227+0000] {processor.py:186} INFO - Started process (PID=2714) to work on /opt/airflow/dags/biological_data_dag.py
[2024-11-20T11:17:08.228+0000] {processor.py:914} INFO - Processing file /opt/airflow/dags/biological_data_dag.py for tasks to queue
[2024-11-20T11:17:08.230+0000] {logging_mixin.py:190} INFO - [2024-11-20T11:17:08.230+0000] {dagbag.py:588} INFO - Filling up the DagBag from /opt/airflow/dags/biological_data_dag.py
[2024-11-20T11:17:08.683+0000] {processor.py:925} INFO - DAG(s) 'biological_data_dag' retrieved from /opt/airflow/dags/biological_data_dag.py
[2024-11-20T11:17:08.704+0000] {logging_mixin.py:190} INFO - [2024-11-20T11:17:08.704+0000] {dag.py:3239} INFO - Sync 1 DAGs
[2024-11-20T11:17:08.742+0000] {logging_mixin.py:190} INFO - [2024-11-20T11:17:08.742+0000] {dag.py:4180} INFO - Setting next_dagrun for biological_data_dag to 2024-11-05 00:00:00+00:00, run_after=2024-12-05 00:00:00+00:00
[2024-11-20T11:17:08.767+0000] {processor.py:208} INFO - Processing /opt/airflow/dags/biological_data_dag.py took 0.547 seconds
[2024-11-20T11:17:39.684+0000] {processor.py:186} INFO - Started process (PID=2779) to work on /opt/airflow/dags/biological_data_dag.py
[2024-11-20T11:17:39.685+0000] {processor.py:914} INFO - Processing file /opt/airflow/dags/biological_data_dag.py for tasks to queue
[2024-11-20T11:17:39.690+0000] {logging_mixin.py:190} INFO - [2024-11-20T11:17:39.687+0000] {dagbag.py:588} INFO - Filling up the DagBag from /opt/airflow/dags/biological_data_dag.py
[2024-11-20T11:17:40.401+0000] {processor.py:925} INFO - DAG(s) 'biological_data_dag' retrieved from /opt/airflow/dags/biological_data_dag.py
[2024-11-20T11:17:40.442+0000] {logging_mixin.py:190} INFO - [2024-11-20T11:17:40.441+0000] {dag.py:3239} INFO - Sync 1 DAGs
[2024-11-20T11:17:40.498+0000] {logging_mixin.py:190} INFO - [2024-11-20T11:17:40.497+0000] {dag.py:4180} INFO - Setting next_dagrun for biological_data_dag to 2024-11-05 00:00:00+00:00, run_after=2024-12-05 00:00:00+00:00
[2024-11-20T11:17:40.533+0000] {processor.py:208} INFO - Processing /opt/airflow/dags/biological_data_dag.py took 0.861 seconds
[2024-11-20T11:18:11.481+0000] {processor.py:186} INFO - Started process (PID=2846) to work on /opt/airflow/dags/biological_data_dag.py
[2024-11-20T11:18:11.483+0000] {processor.py:914} INFO - Processing file /opt/airflow/dags/biological_data_dag.py for tasks to queue
[2024-11-20T11:18:11.484+0000] {logging_mixin.py:190} INFO - [2024-11-20T11:18:11.484+0000] {dagbag.py:588} INFO - Filling up the DagBag from /opt/airflow/dags/biological_data_dag.py
[2024-11-20T11:18:11.803+0000] {processor.py:925} INFO - DAG(s) 'biological_data_dag' retrieved from /opt/airflow/dags/biological_data_dag.py
[2024-11-20T11:18:11.819+0000] {logging_mixin.py:190} INFO - [2024-11-20T11:18:11.818+0000] {dag.py:3239} INFO - Sync 1 DAGs
[2024-11-20T11:18:11.843+0000] {logging_mixin.py:190} INFO - [2024-11-20T11:18:11.842+0000] {dag.py:4180} INFO - Setting next_dagrun for biological_data_dag to 2024-11-05 00:00:00+00:00, run_after=2024-12-05 00:00:00+00:00
[2024-11-20T11:18:11.861+0000] {processor.py:208} INFO - Processing /opt/airflow/dags/biological_data_dag.py took 0.388 seconds
[2024-11-20T11:18:42.637+0000] {processor.py:186} INFO - Started process (PID=2912) to work on /opt/airflow/dags/biological_data_dag.py
[2024-11-20T11:18:42.638+0000] {processor.py:914} INFO - Processing file /opt/airflow/dags/biological_data_dag.py for tasks to queue
[2024-11-20T11:18:42.640+0000] {logging_mixin.py:190} INFO - [2024-11-20T11:18:42.639+0000] {dagbag.py:588} INFO - Filling up the DagBag from /opt/airflow/dags/biological_data_dag.py
[2024-11-20T11:18:43.152+0000] {processor.py:925} INFO - DAG(s) 'biological_data_dag' retrieved from /opt/airflow/dags/biological_data_dag.py
[2024-11-20T11:18:43.190+0000] {logging_mixin.py:190} INFO - [2024-11-20T11:18:43.189+0000] {dag.py:3239} INFO - Sync 1 DAGs
[2024-11-20T11:18:43.244+0000] {logging_mixin.py:190} INFO - [2024-11-20T11:18:43.244+0000] {dag.py:4180} INFO - Setting next_dagrun for biological_data_dag to 2024-11-05 00:00:00+00:00, run_after=2024-12-05 00:00:00+00:00
[2024-11-20T11:18:43.285+0000] {processor.py:208} INFO - Processing /opt/airflow/dags/biological_data_dag.py took 0.662 seconds
[2024-11-20T11:19:13.498+0000] {processor.py:186} INFO - Started process (PID=2979) to work on /opt/airflow/dags/biological_data_dag.py
[2024-11-20T11:19:13.499+0000] {processor.py:914} INFO - Processing file /opt/airflow/dags/biological_data_dag.py for tasks to queue
[2024-11-20T11:19:13.500+0000] {logging_mixin.py:190} INFO - [2024-11-20T11:19:13.500+0000] {dagbag.py:588} INFO - Filling up the DagBag from /opt/airflow/dags/biological_data_dag.py
[2024-11-20T11:19:13.808+0000] {processor.py:925} INFO - DAG(s) 'biological_data_dag' retrieved from /opt/airflow/dags/biological_data_dag.py
[2024-11-20T11:19:13.822+0000] {logging_mixin.py:190} INFO - [2024-11-20T11:19:13.821+0000] {dag.py:3239} INFO - Sync 1 DAGs
[2024-11-20T11:19:13.848+0000] {logging_mixin.py:190} INFO - [2024-11-20T11:19:13.848+0000] {dag.py:4180} INFO - Setting next_dagrun for biological_data_dag to 2024-11-05 00:00:00+00:00, run_after=2024-12-05 00:00:00+00:00
[2024-11-20T11:19:13.866+0000] {processor.py:208} INFO - Processing /opt/airflow/dags/biological_data_dag.py took 0.375 seconds
[2024-11-20T11:19:44.014+0000] {processor.py:186} INFO - Started process (PID=3046) to work on /opt/airflow/dags/biological_data_dag.py
[2024-11-20T11:19:44.015+0000] {processor.py:914} INFO - Processing file /opt/airflow/dags/biological_data_dag.py for tasks to queue
[2024-11-20T11:19:44.016+0000] {logging_mixin.py:190} INFO - [2024-11-20T11:19:44.016+0000] {dagbag.py:588} INFO - Filling up the DagBag from /opt/airflow/dags/biological_data_dag.py
[2024-11-20T11:19:44.320+0000] {processor.py:925} INFO - DAG(s) 'biological_data_dag' retrieved from /opt/airflow/dags/biological_data_dag.py
[2024-11-20T11:19:44.335+0000] {logging_mixin.py:190} INFO - [2024-11-20T11:19:44.334+0000] {dag.py:3239} INFO - Sync 1 DAGs
[2024-11-20T11:19:44.358+0000] {logging_mixin.py:190} INFO - [2024-11-20T11:19:44.358+0000] {dag.py:4180} INFO - Setting next_dagrun for biological_data_dag to 2024-11-05 00:00:00+00:00, run_after=2024-12-05 00:00:00+00:00
[2024-11-20T11:19:44.376+0000] {processor.py:208} INFO - Processing /opt/airflow/dags/biological_data_dag.py took 0.367 seconds
[2024-11-20T11:20:14.929+0000] {processor.py:186} INFO - Started process (PID=3110) to work on /opt/airflow/dags/biological_data_dag.py
[2024-11-20T11:20:14.930+0000] {processor.py:914} INFO - Processing file /opt/airflow/dags/biological_data_dag.py for tasks to queue
[2024-11-20T11:20:14.931+0000] {logging_mixin.py:190} INFO - [2024-11-20T11:20:14.931+0000] {dagbag.py:588} INFO - Filling up the DagBag from /opt/airflow/dags/biological_data_dag.py
[2024-11-20T11:20:15.372+0000] {processor.py:925} INFO - DAG(s) 'biological_data_dag' retrieved from /opt/airflow/dags/biological_data_dag.py
[2024-11-20T11:20:15.394+0000] {logging_mixin.py:190} INFO - [2024-11-20T11:20:15.393+0000] {dag.py:3239} INFO - Sync 1 DAGs
[2024-11-20T11:20:15.427+0000] {logging_mixin.py:190} INFO - [2024-11-20T11:20:15.426+0000] {dag.py:4180} INFO - Setting next_dagrun for biological_data_dag to 2024-11-05 00:00:00+00:00, run_after=2024-12-05 00:00:00+00:00
[2024-11-20T11:20:15.458+0000] {processor.py:208} INFO - Processing /opt/airflow/dags/biological_data_dag.py took 0.534 seconds
[2024-11-20T11:20:45.781+0000] {processor.py:186} INFO - Started process (PID=3177) to work on /opt/airflow/dags/biological_data_dag.py
[2024-11-20T11:20:45.783+0000] {processor.py:914} INFO - Processing file /opt/airflow/dags/biological_data_dag.py for tasks to queue
[2024-11-20T11:20:45.784+0000] {logging_mixin.py:190} INFO - [2024-11-20T11:20:45.783+0000] {dagbag.py:588} INFO - Filling up the DagBag from /opt/airflow/dags/biological_data_dag.py
[2024-11-20T11:20:46.092+0000] {processor.py:925} INFO - DAG(s) 'biological_data_dag' retrieved from /opt/airflow/dags/biological_data_dag.py
[2024-11-20T11:20:46.108+0000] {logging_mixin.py:190} INFO - [2024-11-20T11:20:46.108+0000] {dag.py:3239} INFO - Sync 1 DAGs
[2024-11-20T11:20:46.133+0000] {logging_mixin.py:190} INFO - [2024-11-20T11:20:46.132+0000] {dag.py:4180} INFO - Setting next_dagrun for biological_data_dag to 2024-11-05 00:00:00+00:00, run_after=2024-12-05 00:00:00+00:00
[2024-11-20T11:20:46.152+0000] {processor.py:208} INFO - Processing /opt/airflow/dags/biological_data_dag.py took 0.377 seconds
[2024-11-20T11:21:16.754+0000] {processor.py:186} INFO - Started process (PID=3242) to work on /opt/airflow/dags/biological_data_dag.py
[2024-11-20T11:21:16.755+0000] {processor.py:914} INFO - Processing file /opt/airflow/dags/biological_data_dag.py for tasks to queue
[2024-11-20T11:21:16.757+0000] {logging_mixin.py:190} INFO - [2024-11-20T11:21:16.757+0000] {dagbag.py:588} INFO - Filling up the DagBag from /opt/airflow/dags/biological_data_dag.py
[2024-11-20T11:21:17.090+0000] {processor.py:925} INFO - DAG(s) 'biological_data_dag' retrieved from /opt/airflow/dags/biological_data_dag.py
[2024-11-20T11:21:17.107+0000] {logging_mixin.py:190} INFO - [2024-11-20T11:21:17.107+0000] {dag.py:3239} INFO - Sync 1 DAGs
[2024-11-20T11:21:17.134+0000] {logging_mixin.py:190} INFO - [2024-11-20T11:21:17.133+0000] {dag.py:4180} INFO - Setting next_dagrun for biological_data_dag to 2024-11-05 00:00:00+00:00, run_after=2024-12-05 00:00:00+00:00
[2024-11-20T11:21:17.366+0000] {processor.py:208} INFO - Processing /opt/airflow/dags/biological_data_dag.py took 0.618 seconds
[2024-11-20T11:21:47.561+0000] {processor.py:186} INFO - Started process (PID=3308) to work on /opt/airflow/dags/biological_data_dag.py
[2024-11-20T11:21:47.564+0000] {processor.py:914} INFO - Processing file /opt/airflow/dags/biological_data_dag.py for tasks to queue
[2024-11-20T11:21:47.565+0000] {logging_mixin.py:190} INFO - [2024-11-20T11:21:47.565+0000] {dagbag.py:588} INFO - Filling up the DagBag from /opt/airflow/dags/biological_data_dag.py
[2024-11-20T11:21:48.141+0000] {processor.py:925} INFO - DAG(s) 'biological_data_dag' retrieved from /opt/airflow/dags/biological_data_dag.py
[2024-11-20T11:21:48.159+0000] {logging_mixin.py:190} INFO - [2024-11-20T11:21:48.159+0000] {dag.py:3239} INFO - Sync 1 DAGs
[2024-11-20T11:21:48.187+0000] {logging_mixin.py:190} INFO - [2024-11-20T11:21:48.187+0000] {dag.py:4180} INFO - Setting next_dagrun for biological_data_dag to 2024-11-05 00:00:00+00:00, run_after=2024-12-05 00:00:00+00:00
[2024-11-20T11:21:48.212+0000] {processor.py:208} INFO - Processing /opt/airflow/dags/biological_data_dag.py took 0.658 seconds
[2024-11-20T11:22:18.913+0000] {processor.py:186} INFO - Started process (PID=3373) to work on /opt/airflow/dags/biological_data_dag.py
[2024-11-20T11:22:18.915+0000] {processor.py:914} INFO - Processing file /opt/airflow/dags/biological_data_dag.py for tasks to queue
[2024-11-20T11:22:18.918+0000] {logging_mixin.py:190} INFO - [2024-11-20T11:22:18.917+0000] {dagbag.py:588} INFO - Filling up the DagBag from /opt/airflow/dags/biological_data_dag.py
[2024-11-20T11:22:19.494+0000] {processor.py:925} INFO - DAG(s) 'biological_data_dag' retrieved from /opt/airflow/dags/biological_data_dag.py
[2024-11-20T11:22:19.854+0000] {logging_mixin.py:190} INFO - [2024-11-20T11:22:19.853+0000] {dag.py:3239} INFO - Sync 1 DAGs
[2024-11-20T11:22:19.908+0000] {logging_mixin.py:190} INFO - [2024-11-20T11:22:19.908+0000] {dag.py:4180} INFO - Setting next_dagrun for biological_data_dag to 2024-11-05 00:00:00+00:00, run_after=2024-12-05 00:00:00+00:00
[2024-11-20T11:22:19.944+0000] {processor.py:208} INFO - Processing /opt/airflow/dags/biological_data_dag.py took 1.038 seconds
[2024-11-20T11:22:50.456+0000] {processor.py:186} INFO - Started process (PID=3439) to work on /opt/airflow/dags/biological_data_dag.py
[2024-11-20T11:22:50.458+0000] {processor.py:914} INFO - Processing file /opt/airflow/dags/biological_data_dag.py for tasks to queue
[2024-11-20T11:22:50.461+0000] {logging_mixin.py:190} INFO - [2024-11-20T11:22:50.459+0000] {dagbag.py:588} INFO - Filling up the DagBag from /opt/airflow/dags/biological_data_dag.py
[2024-11-20T11:22:51.497+0000] {processor.py:925} INFO - DAG(s) 'biological_data_dag' retrieved from /opt/airflow/dags/biological_data_dag.py
[2024-11-20T11:22:51.533+0000] {logging_mixin.py:190} INFO - [2024-11-20T11:22:51.531+0000] {dag.py:3239} INFO - Sync 1 DAGs
[2024-11-20T11:22:51.594+0000] {logging_mixin.py:190} INFO - [2024-11-20T11:22:51.594+0000] {dag.py:4180} INFO - Setting next_dagrun for biological_data_dag to 2024-11-05 00:00:00+00:00, run_after=2024-12-05 00:00:00+00:00
[2024-11-20T11:22:51.625+0000] {processor.py:208} INFO - Processing /opt/airflow/dags/biological_data_dag.py took 1.184 seconds
[2024-11-20T11:23:21.871+0000] {processor.py:186} INFO - Started process (PID=3505) to work on /opt/airflow/dags/biological_data_dag.py
[2024-11-20T11:23:21.872+0000] {processor.py:914} INFO - Processing file /opt/airflow/dags/biological_data_dag.py for tasks to queue
[2024-11-20T11:23:21.873+0000] {logging_mixin.py:190} INFO - [2024-11-20T11:23:21.873+0000] {dagbag.py:588} INFO - Filling up the DagBag from /opt/airflow/dags/biological_data_dag.py
[2024-11-20T11:23:22.121+0000] {processor.py:925} INFO - DAG(s) 'biological_data_dag' retrieved from /opt/airflow/dags/biological_data_dag.py
[2024-11-20T11:23:22.133+0000] {logging_mixin.py:190} INFO - [2024-11-20T11:23:22.132+0000] {dag.py:3239} INFO - Sync 1 DAGs
[2024-11-20T11:23:22.155+0000] {logging_mixin.py:190} INFO - [2024-11-20T11:23:22.155+0000] {dag.py:4180} INFO - Setting next_dagrun for biological_data_dag to 2024-11-05 00:00:00+00:00, run_after=2024-12-05 00:00:00+00:00
[2024-11-20T11:23:22.174+0000] {processor.py:208} INFO - Processing /opt/airflow/dags/biological_data_dag.py took 0.310 seconds
[2024-11-20T11:23:52.237+0000] {processor.py:186} INFO - Started process (PID=3571) to work on /opt/airflow/dags/biological_data_dag.py
[2024-11-20T11:23:52.239+0000] {processor.py:914} INFO - Processing file /opt/airflow/dags/biological_data_dag.py for tasks to queue
[2024-11-20T11:23:52.240+0000] {logging_mixin.py:190} INFO - [2024-11-20T11:23:52.239+0000] {dagbag.py:588} INFO - Filling up the DagBag from /opt/airflow/dags/biological_data_dag.py
[2024-11-20T11:23:52.860+0000] {processor.py:925} INFO - DAG(s) 'biological_data_dag' retrieved from /opt/airflow/dags/biological_data_dag.py
[2024-11-20T11:23:52.885+0000] {logging_mixin.py:190} INFO - [2024-11-20T11:23:52.884+0000] {dag.py:3239} INFO - Sync 1 DAGs
[2024-11-20T11:23:52.926+0000] {logging_mixin.py:190} INFO - [2024-11-20T11:23:52.926+0000] {dag.py:4180} INFO - Setting next_dagrun for biological_data_dag to 2024-11-05 00:00:00+00:00, run_after=2024-12-05 00:00:00+00:00
[2024-11-20T11:23:52.945+0000] {processor.py:208} INFO - Processing /opt/airflow/dags/biological_data_dag.py took 0.715 seconds
[2024-11-20T11:24:23.781+0000] {processor.py:186} INFO - Started process (PID=3637) to work on /opt/airflow/dags/biological_data_dag.py
[2024-11-20T11:24:23.783+0000] {processor.py:914} INFO - Processing file /opt/airflow/dags/biological_data_dag.py for tasks to queue
[2024-11-20T11:24:23.793+0000] {logging_mixin.py:190} INFO - [2024-11-20T11:24:23.785+0000] {dagbag.py:588} INFO - Filling up the DagBag from /opt/airflow/dags/biological_data_dag.py
[2024-11-20T11:24:24.657+0000] {processor.py:925} INFO - DAG(s) 'biological_data_dag' retrieved from /opt/airflow/dags/biological_data_dag.py
[2024-11-20T11:24:24.681+0000] {logging_mixin.py:190} INFO - [2024-11-20T11:24:24.681+0000] {dag.py:3239} INFO - Sync 1 DAGs
[2024-11-20T11:24:24.734+0000] {logging_mixin.py:190} INFO - [2024-11-20T11:24:24.733+0000] {dag.py:4180} INFO - Setting next_dagrun for biological_data_dag to 2024-11-05 00:00:00+00:00, run_after=2024-12-05 00:00:00+00:00
[2024-11-20T11:24:24.778+0000] {processor.py:208} INFO - Processing /opt/airflow/dags/biological_data_dag.py took 1.008 seconds
[2024-11-20T11:24:55.252+0000] {processor.py:186} INFO - Started process (PID=3703) to work on /opt/airflow/dags/biological_data_dag.py
[2024-11-20T11:24:55.254+0000] {processor.py:914} INFO - Processing file /opt/airflow/dags/biological_data_dag.py for tasks to queue
[2024-11-20T11:24:55.255+0000] {logging_mixin.py:190} INFO - [2024-11-20T11:24:55.255+0000] {dagbag.py:588} INFO - Filling up the DagBag from /opt/airflow/dags/biological_data_dag.py
[2024-11-20T11:24:55.916+0000] {processor.py:925} INFO - DAG(s) 'biological_data_dag' retrieved from /opt/airflow/dags/biological_data_dag.py
[2024-11-20T11:24:55.946+0000] {logging_mixin.py:190} INFO - [2024-11-20T11:24:55.945+0000] {dag.py:3239} INFO - Sync 1 DAGs
[2024-11-20T11:24:55.990+0000] {logging_mixin.py:190} INFO - [2024-11-20T11:24:55.990+0000] {dag.py:4180} INFO - Setting next_dagrun for biological_data_dag to 2024-11-05 00:00:00+00:00, run_after=2024-12-05 00:00:00+00:00
[2024-11-20T11:24:56.010+0000] {processor.py:208} INFO - Processing /opt/airflow/dags/biological_data_dag.py took 0.766 seconds
[2024-11-20T11:25:26.128+0000] {processor.py:186} INFO - Started process (PID=3770) to work on /opt/airflow/dags/biological_data_dag.py
[2024-11-20T11:25:26.129+0000] {processor.py:914} INFO - Processing file /opt/airflow/dags/biological_data_dag.py for tasks to queue
[2024-11-20T11:25:26.130+0000] {logging_mixin.py:190} INFO - [2024-11-20T11:25:26.129+0000] {dagbag.py:588} INFO - Filling up the DagBag from /opt/airflow/dags/biological_data_dag.py
[2024-11-20T11:25:26.807+0000] {processor.py:925} INFO - DAG(s) 'biological_data_dag' retrieved from /opt/airflow/dags/biological_data_dag.py
[2024-11-20T11:25:26.825+0000] {logging_mixin.py:190} INFO - [2024-11-20T11:25:26.825+0000] {dag.py:3239} INFO - Sync 1 DAGs
[2024-11-20T11:25:26.848+0000] {logging_mixin.py:190} INFO - [2024-11-20T11:25:26.848+0000] {dag.py:4180} INFO - Setting next_dagrun for biological_data_dag to 2024-11-05 00:00:00+00:00, run_after=2024-12-05 00:00:00+00:00
[2024-11-20T11:25:26.871+0000] {processor.py:208} INFO - Processing /opt/airflow/dags/biological_data_dag.py took 0.755 seconds
[2024-11-20T11:25:57.043+0000] {processor.py:186} INFO - Started process (PID=3836) to work on /opt/airflow/dags/biological_data_dag.py
[2024-11-20T11:25:57.047+0000] {processor.py:914} INFO - Processing file /opt/airflow/dags/biological_data_dag.py for tasks to queue
[2024-11-20T11:25:57.049+0000] {logging_mixin.py:190} INFO - [2024-11-20T11:25:57.048+0000] {dagbag.py:588} INFO - Filling up the DagBag from /opt/airflow/dags/biological_data_dag.py
[2024-11-20T11:25:57.670+0000] {processor.py:925} INFO - DAG(s) 'biological_data_dag' retrieved from /opt/airflow/dags/biological_data_dag.py
[2024-11-20T11:25:57.687+0000] {logging_mixin.py:190} INFO - [2024-11-20T11:25:57.687+0000] {dag.py:3239} INFO - Sync 1 DAGs
[2024-11-20T11:25:57.718+0000] {logging_mixin.py:190} INFO - [2024-11-20T11:25:57.718+0000] {dag.py:4180} INFO - Setting next_dagrun for biological_data_dag to 2024-11-05 00:00:00+00:00, run_after=2024-12-05 00:00:00+00:00
[2024-11-20T11:25:57.753+0000] {processor.py:208} INFO - Processing /opt/airflow/dags/biological_data_dag.py took 0.716 seconds
[2024-11-20T11:26:27.942+0000] {processor.py:186} INFO - Started process (PID=3903) to work on /opt/airflow/dags/biological_data_dag.py
[2024-11-20T11:26:27.943+0000] {processor.py:914} INFO - Processing file /opt/airflow/dags/biological_data_dag.py for tasks to queue
[2024-11-20T11:26:27.944+0000] {logging_mixin.py:190} INFO - [2024-11-20T11:26:27.943+0000] {dagbag.py:588} INFO - Filling up the DagBag from /opt/airflow/dags/biological_data_dag.py
[2024-11-20T11:26:28.593+0000] {processor.py:925} INFO - DAG(s) 'biological_data_dag' retrieved from /opt/airflow/dags/biological_data_dag.py
[2024-11-20T11:26:28.610+0000] {logging_mixin.py:190} INFO - [2024-11-20T11:26:28.609+0000] {dag.py:3239} INFO - Sync 1 DAGs
[2024-11-20T11:26:28.646+0000] {logging_mixin.py:190} INFO - [2024-11-20T11:26:28.646+0000] {dag.py:4180} INFO - Setting next_dagrun for biological_data_dag to 2024-11-05 00:00:00+00:00, run_after=2024-12-05 00:00:00+00:00
[2024-11-20T11:26:28.667+0000] {processor.py:208} INFO - Processing /opt/airflow/dags/biological_data_dag.py took 0.733 seconds
[2024-11-20T11:26:59.084+0000] {processor.py:186} INFO - Started process (PID=3968) to work on /opt/airflow/dags/biological_data_dag.py
[2024-11-20T11:26:59.085+0000] {processor.py:914} INFO - Processing file /opt/airflow/dags/biological_data_dag.py for tasks to queue
[2024-11-20T11:26:59.086+0000] {logging_mixin.py:190} INFO - [2024-11-20T11:26:59.086+0000] {dagbag.py:588} INFO - Filling up the DagBag from /opt/airflow/dags/biological_data_dag.py
[2024-11-20T11:27:00.115+0000] {processor.py:925} INFO - DAG(s) 'biological_data_dag' retrieved from /opt/airflow/dags/biological_data_dag.py
[2024-11-20T11:27:00.148+0000] {logging_mixin.py:190} INFO - [2024-11-20T11:27:00.147+0000] {dag.py:3239} INFO - Sync 1 DAGs
[2024-11-20T11:27:00.225+0000] {logging_mixin.py:190} INFO - [2024-11-20T11:27:00.225+0000] {dag.py:4180} INFO - Setting next_dagrun for biological_data_dag to 2024-11-05 00:00:00+00:00, run_after=2024-12-05 00:00:00+00:00
[2024-11-20T11:27:00.268+0000] {processor.py:208} INFO - Processing /opt/airflow/dags/biological_data_dag.py took 1.196 seconds
[2024-11-20T11:27:30.816+0000] {processor.py:186} INFO - Started process (PID=4036) to work on /opt/airflow/dags/biological_data_dag.py
[2024-11-20T11:27:30.819+0000] {processor.py:914} INFO - Processing file /opt/airflow/dags/biological_data_dag.py for tasks to queue
[2024-11-20T11:27:30.826+0000] {logging_mixin.py:190} INFO - [2024-11-20T11:27:30.824+0000] {dagbag.py:588} INFO - Filling up the DagBag from /opt/airflow/dags/biological_data_dag.py
[2024-11-20T11:27:31.367+0000] {processor.py:925} INFO - DAG(s) 'biological_data_dag' retrieved from /opt/airflow/dags/biological_data_dag.py
[2024-11-20T11:27:31.391+0000] {logging_mixin.py:190} INFO - [2024-11-20T11:27:31.390+0000] {dag.py:3239} INFO - Sync 1 DAGs
[2024-11-20T11:27:31.449+0000] {logging_mixin.py:190} INFO - [2024-11-20T11:27:31.448+0000] {dag.py:4180} INFO - Setting next_dagrun for biological_data_dag to 2024-11-05 00:00:00+00:00, run_after=2024-12-05 00:00:00+00:00
[2024-11-20T11:27:31.495+0000] {processor.py:208} INFO - Processing /opt/airflow/dags/biological_data_dag.py took 0.689 seconds
[2024-11-20T11:28:01.956+0000] {processor.py:186} INFO - Started process (PID=4102) to work on /opt/airflow/dags/biological_data_dag.py
[2024-11-20T11:28:01.958+0000] {processor.py:914} INFO - Processing file /opt/airflow/dags/biological_data_dag.py for tasks to queue
[2024-11-20T11:28:01.960+0000] {logging_mixin.py:190} INFO - [2024-11-20T11:28:01.959+0000] {dagbag.py:588} INFO - Filling up the DagBag from /opt/airflow/dags/biological_data_dag.py
[2024-11-20T11:28:02.316+0000] {processor.py:925} INFO - DAG(s) 'biological_data_dag' retrieved from /opt/airflow/dags/biological_data_dag.py
[2024-11-20T11:28:02.338+0000] {logging_mixin.py:190} INFO - [2024-11-20T11:28:02.336+0000] {dag.py:3239} INFO - Sync 1 DAGs
[2024-11-20T11:28:02.381+0000] {logging_mixin.py:190} INFO - [2024-11-20T11:28:02.380+0000] {dag.py:4180} INFO - Setting next_dagrun for biological_data_dag to 2024-11-05 00:00:00+00:00, run_after=2024-12-05 00:00:00+00:00
[2024-11-20T11:28:02.409+0000] {processor.py:208} INFO - Processing /opt/airflow/dags/biological_data_dag.py took 0.458 seconds
[2024-11-20T11:28:32.507+0000] {processor.py:186} INFO - Started process (PID=4169) to work on /opt/airflow/dags/biological_data_dag.py
[2024-11-20T11:28:32.508+0000] {processor.py:914} INFO - Processing file /opt/airflow/dags/biological_data_dag.py for tasks to queue
[2024-11-20T11:28:32.509+0000] {logging_mixin.py:190} INFO - [2024-11-20T11:28:32.509+0000] {dagbag.py:588} INFO - Filling up the DagBag from /opt/airflow/dags/biological_data_dag.py
[2024-11-20T11:28:32.752+0000] {processor.py:925} INFO - DAG(s) 'biological_data_dag' retrieved from /opt/airflow/dags/biological_data_dag.py
[2024-11-20T11:28:32.764+0000] {logging_mixin.py:190} INFO - [2024-11-20T11:28:32.763+0000] {dag.py:3239} INFO - Sync 1 DAGs
[2024-11-20T11:28:32.788+0000] {logging_mixin.py:190} INFO - [2024-11-20T11:28:32.788+0000] {dag.py:4180} INFO - Setting next_dagrun for biological_data_dag to 2024-11-05 00:00:00+00:00, run_after=2024-12-05 00:00:00+00:00
[2024-11-20T11:28:32.804+0000] {processor.py:208} INFO - Processing /opt/airflow/dags/biological_data_dag.py took 0.301 seconds
[2024-11-20T11:29:02.883+0000] {processor.py:186} INFO - Started process (PID=4235) to work on /opt/airflow/dags/biological_data_dag.py
[2024-11-20T11:29:02.884+0000] {processor.py:914} INFO - Processing file /opt/airflow/dags/biological_data_dag.py for tasks to queue
[2024-11-20T11:29:02.885+0000] {logging_mixin.py:190} INFO - [2024-11-20T11:29:02.885+0000] {dagbag.py:588} INFO - Filling up the DagBag from /opt/airflow/dags/biological_data_dag.py
[2024-11-20T11:29:03.123+0000] {processor.py:925} INFO - DAG(s) 'biological_data_dag' retrieved from /opt/airflow/dags/biological_data_dag.py
[2024-11-20T11:29:03.135+0000] {logging_mixin.py:190} INFO - [2024-11-20T11:29:03.134+0000] {dag.py:3239} INFO - Sync 1 DAGs
[2024-11-20T11:29:03.154+0000] {logging_mixin.py:190} INFO - [2024-11-20T11:29:03.154+0000] {dag.py:4180} INFO - Setting next_dagrun for biological_data_dag to 2024-11-05 00:00:00+00:00, run_after=2024-12-05 00:00:00+00:00
[2024-11-20T11:29:03.169+0000] {processor.py:208} INFO - Processing /opt/airflow/dags/biological_data_dag.py took 0.290 seconds
[2024-11-20T11:29:34.115+0000] {processor.py:186} INFO - Started process (PID=4301) to work on /opt/airflow/dags/biological_data_dag.py
[2024-11-20T11:29:34.116+0000] {processor.py:914} INFO - Processing file /opt/airflow/dags/biological_data_dag.py for tasks to queue
[2024-11-20T11:29:34.117+0000] {logging_mixin.py:190} INFO - [2024-11-20T11:29:34.117+0000] {dagbag.py:588} INFO - Filling up the DagBag from /opt/airflow/dags/biological_data_dag.py
[2024-11-20T11:29:34.341+0000] {processor.py:925} INFO - DAG(s) 'biological_data_dag' retrieved from /opt/airflow/dags/biological_data_dag.py
[2024-11-20T11:29:34.351+0000] {logging_mixin.py:190} INFO - [2024-11-20T11:29:34.351+0000] {dag.py:3239} INFO - Sync 1 DAGs
[2024-11-20T11:29:34.371+0000] {logging_mixin.py:190} INFO - [2024-11-20T11:29:34.371+0000] {dag.py:4180} INFO - Setting next_dagrun for biological_data_dag to 2024-11-05 00:00:00+00:00, run_after=2024-12-05 00:00:00+00:00
[2024-11-20T11:29:34.384+0000] {processor.py:208} INFO - Processing /opt/airflow/dags/biological_data_dag.py took 0.273 seconds
[2024-11-20T11:30:04.425+0000] {processor.py:186} INFO - Started process (PID=4367) to work on /opt/airflow/dags/biological_data_dag.py
[2024-11-20T11:30:04.426+0000] {processor.py:914} INFO - Processing file /opt/airflow/dags/biological_data_dag.py for tasks to queue
[2024-11-20T11:30:04.427+0000] {logging_mixin.py:190} INFO - [2024-11-20T11:30:04.427+0000] {dagbag.py:588} INFO - Filling up the DagBag from /opt/airflow/dags/biological_data_dag.py
[2024-11-20T11:30:04.667+0000] {processor.py:925} INFO - DAG(s) 'biological_data_dag' retrieved from /opt/airflow/dags/biological_data_dag.py
[2024-11-20T11:30:04.677+0000] {logging_mixin.py:190} INFO - [2024-11-20T11:30:04.677+0000] {dag.py:3239} INFO - Sync 1 DAGs
[2024-11-20T11:30:04.697+0000] {logging_mixin.py:190} INFO - [2024-11-20T11:30:04.697+0000] {dag.py:4180} INFO - Setting next_dagrun for biological_data_dag to 2024-11-05 00:00:00+00:00, run_after=2024-12-05 00:00:00+00:00
[2024-11-20T11:30:04.712+0000] {processor.py:208} INFO - Processing /opt/airflow/dags/biological_data_dag.py took 0.291 seconds
[2024-11-20T11:30:35.155+0000] {processor.py:186} INFO - Started process (PID=4439) to work on /opt/airflow/dags/biological_data_dag.py
[2024-11-20T11:30:35.157+0000] {processor.py:914} INFO - Processing file /opt/airflow/dags/biological_data_dag.py for tasks to queue
[2024-11-20T11:30:35.158+0000] {logging_mixin.py:190} INFO - [2024-11-20T11:30:35.158+0000] {dagbag.py:588} INFO - Filling up the DagBag from /opt/airflow/dags/biological_data_dag.py
[2024-11-20T11:30:35.415+0000] {processor.py:925} INFO - DAG(s) 'biological_data_dag' retrieved from /opt/airflow/dags/biological_data_dag.py
[2024-11-20T11:30:35.426+0000] {logging_mixin.py:190} INFO - [2024-11-20T11:30:35.426+0000] {dag.py:3239} INFO - Sync 1 DAGs
[2024-11-20T11:30:35.445+0000] {logging_mixin.py:190} INFO - [2024-11-20T11:30:35.445+0000] {dag.py:4180} INFO - Setting next_dagrun for biological_data_dag to 2024-11-05 00:00:00+00:00, run_after=2024-12-05 00:00:00+00:00
[2024-11-20T11:30:35.460+0000] {processor.py:208} INFO - Processing /opt/airflow/dags/biological_data_dag.py took 0.310 seconds
[2024-11-20T11:31:05.611+0000] {processor.py:186} INFO - Started process (PID=4505) to work on /opt/airflow/dags/biological_data_dag.py
[2024-11-20T11:31:05.611+0000] {processor.py:914} INFO - Processing file /opt/airflow/dags/biological_data_dag.py for tasks to queue
[2024-11-20T11:31:05.612+0000] {logging_mixin.py:190} INFO - [2024-11-20T11:31:05.612+0000] {dagbag.py:588} INFO - Filling up the DagBag from /opt/airflow/dags/biological_data_dag.py
[2024-11-20T11:31:05.871+0000] {processor.py:925} INFO - DAG(s) 'biological_data_dag' retrieved from /opt/airflow/dags/biological_data_dag.py
[2024-11-20T11:31:05.882+0000] {logging_mixin.py:190} INFO - [2024-11-20T11:31:05.882+0000] {dag.py:3239} INFO - Sync 1 DAGs
[2024-11-20T11:31:05.903+0000] {logging_mixin.py:190} INFO - [2024-11-20T11:31:05.903+0000] {dag.py:4180} INFO - Setting next_dagrun for biological_data_dag to 2024-11-05 00:00:00+00:00, run_after=2024-12-05 00:00:00+00:00
[2024-11-20T11:31:05.916+0000] {processor.py:208} INFO - Processing /opt/airflow/dags/biological_data_dag.py took 0.310 seconds
[2024-11-20T11:31:36.125+0000] {processor.py:186} INFO - Started process (PID=4571) to work on /opt/airflow/dags/biological_data_dag.py
[2024-11-20T11:31:36.127+0000] {processor.py:914} INFO - Processing file /opt/airflow/dags/biological_data_dag.py for tasks to queue
[2024-11-20T11:31:36.128+0000] {logging_mixin.py:190} INFO - [2024-11-20T11:31:36.128+0000] {dagbag.py:588} INFO - Filling up the DagBag from /opt/airflow/dags/biological_data_dag.py
[2024-11-20T11:31:36.383+0000] {processor.py:925} INFO - DAG(s) 'biological_data_dag' retrieved from /opt/airflow/dags/biological_data_dag.py
[2024-11-20T11:31:36.395+0000] {logging_mixin.py:190} INFO - [2024-11-20T11:31:36.394+0000] {dag.py:3239} INFO - Sync 1 DAGs
[2024-11-20T11:31:36.414+0000] {logging_mixin.py:190} INFO - [2024-11-20T11:31:36.414+0000] {dag.py:4180} INFO - Setting next_dagrun for biological_data_dag to 2024-11-05 00:00:00+00:00, run_after=2024-12-05 00:00:00+00:00
[2024-11-20T11:31:36.429+0000] {processor.py:208} INFO - Processing /opt/airflow/dags/biological_data_dag.py took 0.309 seconds
[2024-11-20T11:32:07.204+0000] {processor.py:186} INFO - Started process (PID=4637) to work on /opt/airflow/dags/biological_data_dag.py
[2024-11-20T11:32:07.206+0000] {processor.py:914} INFO - Processing file /opt/airflow/dags/biological_data_dag.py for tasks to queue
[2024-11-20T11:32:07.207+0000] {logging_mixin.py:190} INFO - [2024-11-20T11:32:07.206+0000] {dagbag.py:588} INFO - Filling up the DagBag from /opt/airflow/dags/biological_data_dag.py
[2024-11-20T11:32:07.585+0000] {processor.py:925} INFO - DAG(s) 'biological_data_dag' retrieved from /opt/airflow/dags/biological_data_dag.py
[2024-11-20T11:32:07.617+0000] {logging_mixin.py:190} INFO - [2024-11-20T11:32:07.615+0000] {dag.py:3239} INFO - Sync 1 DAGs
[2024-11-20T11:32:07.664+0000] {logging_mixin.py:190} INFO - [2024-11-20T11:32:07.663+0000] {dag.py:4180} INFO - Setting next_dagrun for biological_data_dag to 2024-11-05 00:00:00+00:00, run_after=2024-12-05 00:00:00+00:00
[2024-11-20T11:32:07.694+0000] {processor.py:208} INFO - Processing /opt/airflow/dags/biological_data_dag.py took 0.495 seconds
[2024-11-20T11:32:38.406+0000] {processor.py:186} INFO - Started process (PID=4704) to work on /opt/airflow/dags/biological_data_dag.py
[2024-11-20T11:32:38.406+0000] {processor.py:914} INFO - Processing file /opt/airflow/dags/biological_data_dag.py for tasks to queue
[2024-11-20T11:32:38.407+0000] {logging_mixin.py:190} INFO - [2024-11-20T11:32:38.407+0000] {dagbag.py:588} INFO - Filling up the DagBag from /opt/airflow/dags/biological_data_dag.py
[2024-11-20T11:32:38.664+0000] {processor.py:925} INFO - DAG(s) 'biological_data_dag' retrieved from /opt/airflow/dags/biological_data_dag.py
[2024-11-20T11:32:38.676+0000] {logging_mixin.py:190} INFO - [2024-11-20T11:32:38.675+0000] {dag.py:3239} INFO - Sync 1 DAGs
[2024-11-20T11:32:38.697+0000] {logging_mixin.py:190} INFO - [2024-11-20T11:32:38.697+0000] {dag.py:4180} INFO - Setting next_dagrun for biological_data_dag to 2024-11-05 00:00:00+00:00, run_after=2024-12-05 00:00:00+00:00
[2024-11-20T11:32:38.712+0000] {processor.py:208} INFO - Processing /opt/airflow/dags/biological_data_dag.py took 0.311 seconds
