[2024-10-29T17:00:09.911+0000] {local_task_job_runner.py:123} INFO - ::group::Pre task execution logs
[2024-10-29T17:00:10.047+0000] {taskinstance.py:2612} INFO - Dependencies all met for dep_context=non-requeueable deps ti=<TaskInstance: get_inaturalist_data_atropelada.process_data scheduled__2024-10-29T16:30:00+00:00 [queued]>
[2024-10-29T17:00:10.108+0000] {taskinstance.py:2612} INFO - Dependencies all met for dep_context=requeueable deps ti=<TaskInstance: get_inaturalist_data_atropelada.process_data scheduled__2024-10-29T16:30:00+00:00 [queued]>
[2024-10-29T17:00:10.113+0000] {taskinstance.py:2865} INFO - Starting attempt 1 of 4
[2024-10-29T17:00:10.172+0000] {taskinstance.py:2888} INFO - Executing <Task(_PythonDecoratedOperator): process_data> on 2024-10-29 16:30:00+00:00
[2024-10-29T17:00:10.212+0000] {warnings.py:112} WARNING - /home/***/.local/lib/python3.12/site-packages/***/task/task_runner/standard_task_runner.py:70: DeprecationWarning: This process (pid=1057) is multi-threaded, use of fork() may lead to deadlocks in the child.
  pid = os.fork()

[2024-10-29T17:00:10.214+0000] {standard_task_runner.py:72} INFO - Started process 1071 to run task
[2024-10-29T17:00:10.234+0000] {standard_task_runner.py:104} INFO - Running: ['***', 'tasks', 'run', 'get_inaturalist_data_atropelada', 'process_data', 'scheduled__2024-10-29T16:30:00+00:00', '--job-id', '125', '--raw', '--subdir', 'DAGS_FOLDER/inaturalist_dag.py', '--cfg-path', '/tmp/tmp7w8y6k5b']
[2024-10-29T17:00:10.250+0000] {standard_task_runner.py:105} INFO - Job 125: Subtask process_data
[2024-10-29T17:00:10.676+0000] {task_command.py:467} INFO - Running <TaskInstance: get_inaturalist_data_atropelada.process_data scheduled__2024-10-29T16:30:00+00:00 [running]> on host 8b409d8ad50e
[2024-10-29T17:00:11.105+0000] {taskinstance.py:3131} INFO - Exporting env vars: AIRFLOW_CTX_DAG_OWNER='***' AIRFLOW_CTX_DAG_ID='get_inaturalist_data_atropelada' AIRFLOW_CTX_TASK_ID='process_data' AIRFLOW_CTX_EXECUTION_DATE='2024-10-29T16:30:00+00:00' AIRFLOW_CTX_TRY_NUMBER='1' AIRFLOW_CTX_DAG_RUN_ID='scheduled__2024-10-29T16:30:00+00:00'
[2024-10-29T17:00:11.110+0000] {logging_mixin.py:190} INFO - Task instance is in running state
[2024-10-29T17:00:11.112+0000] {logging_mixin.py:190} INFO -  Previous state of the Task instance: queued
[2024-10-29T17:00:11.112+0000] {logging_mixin.py:190} INFO - Current task name:process_data state:running start_date:2024-10-29 17:00:10.048373+00:00
[2024-10-29T17:00:11.120+0000] {logging_mixin.py:190} INFO - Dag name:get_inaturalist_data_atropelada and current dag run status:running
[2024-10-29T17:00:11.121+0000] {taskinstance.py:731} INFO - ::endgroup::
[2024-10-29T17:00:11.125+0000] {python.py:240} INFO - Done. Returned value was: {'path': 'inaturalist_data/atropelada_data/2024/10/29/atropelada_observations_170011.json', 'format': 'application/json'}
[2024-10-29T17:00:11.298+0000] {taskinstance.py:340} INFO - ::group::Post task execution logs
[2024-10-29T17:00:11.299+0000] {taskinstance.py:352} INFO - Marking task as SUCCESS. dag_id=get_inaturalist_data_atropelada, task_id=process_data, run_id=scheduled__2024-10-29T16:30:00+00:00, execution_date=20241029T163000, start_date=20241029T170010, end_date=20241029T170011
[2024-10-29T17:00:11.327+0000] {logging_mixin.py:190} INFO - Task instance in success state
[2024-10-29T17:00:11.328+0000] {logging_mixin.py:190} INFO -  Previous state of the Task instance: running
[2024-10-29T17:00:11.329+0000] {logging_mixin.py:190} INFO - Dag name:get_inaturalist_data_atropelada queued_at:2024-10-29 17:00:00.252692+00:00
[2024-10-29T17:00:11.329+0000] {logging_mixin.py:190} INFO - Task hostname:8b409d8ad50e operator:_PythonDecoratedOperator
[2024-10-29T17:00:11.391+0000] {local_task_job_runner.py:266} INFO - Task exited with return code 0
[2024-10-29T17:00:11.436+0000] {local_task_job_runner.py:245} INFO - ::endgroup::
