[2024-11-27T16:15:33.543+0000] {local_task_job_runner.py:123} INFO - ::group::Pre task execution logs
[2024-11-27T16:15:33.628+0000] {taskinstance.py:2612} INFO - Dependencies all met for dep_context=non-requeueable deps ti=<TaskInstance: get_inaturalist_data_atropelamento.get_all_data scheduled__2024-11-27T11:30:00+00:00 [queued]>
[2024-11-27T16:15:33.681+0000] {taskinstance.py:2612} INFO - Dependencies all met for dep_context=requeueable deps ti=<TaskInstance: get_inaturalist_data_atropelamento.get_all_data scheduled__2024-11-27T11:30:00+00:00 [queued]>
[2024-11-27T16:15:33.683+0000] {taskinstance.py:2865} INFO - Starting attempt 1 of 4
[2024-11-27T16:15:33.768+0000] {taskinstance.py:2888} INFO - Executing <Task(_PythonDecoratedOperator): get_all_data> on 2024-11-27 11:30:00+00:00
[2024-11-27T16:15:33.827+0000] {warnings.py:112} WARNING - /home/***/.local/lib/python3.12/site-packages/***/task/task_runner/standard_task_runner.py:70: DeprecationWarning: This process (pid=62) is multi-threaded, use of fork() may lead to deadlocks in the child.
  pid = os.fork()

[2024-11-27T16:15:33.829+0000] {standard_task_runner.py:72} INFO - Started process 113 to run task
[2024-11-27T16:15:33.846+0000] {standard_task_runner.py:104} INFO - Running: ['***', 'tasks', 'run', 'get_inaturalist_data_atropelamento', 'get_all_data', 'scheduled__2024-11-27T11:30:00+00:00', '--job-id', '1662', '--raw', '--subdir', 'DAGS_FOLDER/inaturalist_dag.py', '--cfg-path', '/tmp/tmp0wr099fl']
[2024-11-27T16:15:33.848+0000] {standard_task_runner.py:105} INFO - Job 1662: Subtask get_all_data
[2024-11-27T16:15:34.166+0000] {task_command.py:467} INFO - Running <TaskInstance: get_inaturalist_data_atropelamento.get_all_data scheduled__2024-11-27T11:30:00+00:00 [running]> on host 3de0f1e46a39
[2024-11-27T16:15:35.221+0000] {taskinstance.py:3131} INFO - Exporting env vars: AIRFLOW_CTX_DAG_OWNER='***' AIRFLOW_CTX_DAG_ID='get_inaturalist_data_atropelamento' AIRFLOW_CTX_TASK_ID='get_all_data' AIRFLOW_CTX_EXECUTION_DATE='2024-11-27T11:30:00+00:00' AIRFLOW_CTX_TRY_NUMBER='1' AIRFLOW_CTX_DAG_RUN_ID='scheduled__2024-11-27T11:30:00+00:00'
[2024-11-27T16:15:35.249+0000] {logging_mixin.py:190} INFO - Task instance is in running state
[2024-11-27T16:15:35.260+0000] {logging_mixin.py:190} INFO -  Previous state of the Task instance: queued
[2024-11-27T16:15:35.264+0000] {logging_mixin.py:190} INFO - Current task name:get_all_data state:running start_date:2024-11-27 16:15:33.629316+00:00
[2024-11-27T16:15:35.273+0000] {logging_mixin.py:190} INFO - Dag name:get_inaturalist_data_atropelamento and current dag run status:running
[2024-11-27T16:15:35.273+0000] {taskinstance.py:731} INFO - ::endgroup::
[2024-11-27T16:15:35.286+0000] {inaturalist_dag.py:161} INFO - Getting data from keyword: atropelamento
[2024-11-27T16:15:36.859+0000] {inaturalist_dag.py:70} INFO - Found 0
[2024-11-27T16:15:36.861+0000] {inaturalist_dag.py:167} INFO - No more observations found, stopping.
[2024-11-27T16:15:36.981+0000] {crypto.py:82} WARNING - empty cryptography key - values will not be stored encrypted.
[2024-11-27T16:15:37.018+0000] {python.py:240} INFO - Done. Returned value was: []
[2024-11-27T16:15:37.237+0000] {taskinstance.py:340} INFO - ::group::Post task execution logs
[2024-11-27T16:15:37.271+0000] {taskinstance.py:352} INFO - Marking task as SUCCESS. dag_id=get_inaturalist_data_atropelamento, task_id=get_all_data, run_id=scheduled__2024-11-27T11:30:00+00:00, execution_date=20241127T113000, start_date=20241127T161533, end_date=20241127T161537
[2024-11-27T16:15:37.442+0000] {logging_mixin.py:190} INFO - Task instance in success state
[2024-11-27T16:15:37.443+0000] {logging_mixin.py:190} INFO -  Previous state of the Task instance: running
[2024-11-27T16:15:37.458+0000] {logging_mixin.py:190} INFO - Dag name:get_inaturalist_data_atropelamento queued_at:2024-11-27 16:15:13.053326+00:00
[2024-11-27T16:15:37.459+0000] {logging_mixin.py:190} INFO - Task hostname:3de0f1e46a39 operator:_PythonDecoratedOperator
[2024-11-27T16:15:37.629+0000] {local_task_job_runner.py:266} INFO - Task exited with return code 0
[2024-11-27T16:15:38.016+0000] {taskinstance.py:3900} INFO - 1 downstream tasks scheduled from follow-on schedule check
[2024-11-27T16:15:38.047+0000] {local_task_job_runner.py:245} INFO - ::endgroup::
