[2024-11-25T11:28:29.774+0000] {local_task_job_runner.py:123} INFO - ::group::Pre task execution logs
[2024-11-25T11:28:29.788+0000] {taskinstance.py:2612} INFO - Dependencies all met for dep_context=non-requeueable deps ti=<TaskInstance: get_inaturalist_data_roadkill.process_data manual__2024-11-25T11:28:25.159094+00:00 [queued]>
[2024-11-25T11:28:29.797+0000] {taskinstance.py:2612} INFO - Dependencies all met for dep_context=requeueable deps ti=<TaskInstance: get_inaturalist_data_roadkill.process_data manual__2024-11-25T11:28:25.159094+00:00 [queued]>
[2024-11-25T11:28:29.797+0000] {taskinstance.py:2865} INFO - Starting attempt 1 of 4
[2024-11-25T11:28:29.810+0000] {taskinstance.py:2888} INFO - Executing <Task(_PythonDecoratedOperator): process_data> on 2024-11-25 11:28:25.159094+00:00
[2024-11-25T11:28:29.819+0000] {warnings.py:112} WARNING - /home/***/.local/lib/python3.12/site-packages/***/task/task_runner/standard_task_runner.py:70: DeprecationWarning: This process (pid=61) is multi-threaded, use of fork() may lead to deadlocks in the child.
  pid = os.fork()

[2024-11-25T11:28:29.821+0000] {standard_task_runner.py:72} INFO - Started process 67 to run task
[2024-11-25T11:28:29.823+0000] {standard_task_runner.py:104} INFO - Running: ['***', 'tasks', 'run', 'get_inaturalist_data_roadkill', 'process_data', 'manual__2024-11-25T11:28:25.159094+00:00', '--job-id', '1356', '--raw', '--subdir', 'DAGS_FOLDER/inaturalist_dag.py', '--cfg-path', '/tmp/tmpmxu6sew3']
[2024-11-25T11:28:29.824+0000] {standard_task_runner.py:105} INFO - Job 1356: Subtask process_data
[2024-11-25T11:28:29.869+0000] {task_command.py:467} INFO - Running <TaskInstance: get_inaturalist_data_roadkill.process_data manual__2024-11-25T11:28:25.159094+00:00 [running]> on host 07f92f2579af
[2024-11-25T11:28:29.955+0000] {taskinstance.py:3131} INFO - Exporting env vars: AIRFLOW_CTX_DAG_OWNER='***' AIRFLOW_CTX_DAG_ID='get_inaturalist_data_roadkill' AIRFLOW_CTX_TASK_ID='process_data' AIRFLOW_CTX_EXECUTION_DATE='2024-11-25T11:28:25.159094+00:00' AIRFLOW_CTX_TRY_NUMBER='1' AIRFLOW_CTX_DAG_RUN_ID='manual__2024-11-25T11:28:25.159094+00:00'
[2024-11-25T11:28:29.957+0000] {logging_mixin.py:190} INFO - Task instance is in running state
[2024-11-25T11:28:29.957+0000] {logging_mixin.py:190} INFO -  Previous state of the Task instance: queued
[2024-11-25T11:28:29.957+0000] {logging_mixin.py:190} INFO - Current task name:process_data state:running start_date:2024-11-25 11:28:29.789209+00:00
[2024-11-25T11:28:29.958+0000] {logging_mixin.py:190} INFO - Dag name:get_inaturalist_data_roadkill and current dag run status:running
[2024-11-25T11:28:29.958+0000] {taskinstance.py:731} INFO - ::endgroup::
[2024-11-25T11:28:29.958+0000] {python.py:240} INFO - Done. Returned value was: {'path': 'inaturalist_data/roadkill_data/2024/11/25/roadkill_observations_112829.csv', 'format': 'text/csv'}
[2024-11-25T11:28:29.984+0000] {taskinstance.py:340} INFO - ::group::Post task execution logs
[2024-11-25T11:28:29.984+0000] {taskinstance.py:352} INFO - Marking task as SUCCESS. dag_id=get_inaturalist_data_roadkill, task_id=process_data, run_id=manual__2024-11-25T11:28:25.159094+00:00, execution_date=20241125T112825, start_date=20241125T112829, end_date=20241125T112829
[2024-11-25T11:28:29.995+0000] {logging_mixin.py:190} INFO - Task instance in success state
[2024-11-25T11:28:29.995+0000] {logging_mixin.py:190} INFO -  Previous state of the Task instance: running
[2024-11-25T11:28:29.995+0000] {logging_mixin.py:190} INFO - Dag name:get_inaturalist_data_roadkill queued_at:2024-11-25 11:28:25.191407+00:00
[2024-11-25T11:28:29.995+0000] {logging_mixin.py:190} INFO - Task hostname:07f92f2579af operator:_PythonDecoratedOperator
[2024-11-25T11:28:30.036+0000] {local_task_job_runner.py:266} INFO - Task exited with return code 0
[2024-11-25T11:28:30.061+0000] {taskinstance.py:3900} INFO - 1 downstream tasks scheduled from follow-on schedule check
[2024-11-25T11:28:30.063+0000] {local_task_job_runner.py:245} INFO - ::endgroup::
