[2024-12-20T15:00:03.663+0000] {local_task_job_runner.py:123} INFO - ::group::Pre task execution logs
[2024-12-20T15:00:03.694+0000] {taskinstance.py:2612} INFO - Dependencies all met for dep_context=non-requeueable deps ti=<TaskInstance: get_inaturalist_data_atropelamento.get_all_data scheduled__2024-12-20T14:30:00+00:00 [queued]>
[2024-12-20T15:00:03.711+0000] {taskinstance.py:2612} INFO - Dependencies all met for dep_context=requeueable deps ti=<TaskInstance: get_inaturalist_data_atropelamento.get_all_data scheduled__2024-12-20T14:30:00+00:00 [queued]>
[2024-12-20T15:00:03.712+0000] {taskinstance.py:2865} INFO - Starting attempt 1 of 4
[2024-12-20T15:00:03.739+0000] {taskinstance.py:2888} INFO - Executing <Task(_PythonDecoratedOperator): get_all_data> on 2024-12-20 14:30:00+00:00
[2024-12-20T15:00:03.753+0000] {warnings.py:112} WARNING - /home/***/.local/lib/python3.12/site-packages/***/task/task_runner/standard_task_runner.py:70: DeprecationWarning: This process (pid=4271) is multi-threaded, use of fork() may lead to deadlocks in the child.
  pid = os.fork()

[2024-12-20T15:00:03.756+0000] {standard_task_runner.py:72} INFO - Started process 4278 to run task
[2024-12-20T15:00:03.757+0000] {standard_task_runner.py:104} INFO - Running: ['***', 'tasks', 'run', 'get_inaturalist_data_atropelamento', 'get_all_data', 'scheduled__2024-12-20T14:30:00+00:00', '--job-id', '520', '--raw', '--subdir', 'DAGS_FOLDER/inaturalist_dag.py', '--cfg-path', '/tmp/tmpgzqbztcs']
[2024-12-20T15:00:03.761+0000] {standard_task_runner.py:105} INFO - Job 520: Subtask get_all_data
[2024-12-20T15:00:03.836+0000] {task_command.py:467} INFO - Running <TaskInstance: get_inaturalist_data_atropelamento.get_all_data scheduled__2024-12-20T14:30:00+00:00 [running]> on host e919aa2070f5
[2024-12-20T15:00:04.016+0000] {taskinstance.py:3131} INFO - Exporting env vars: AIRFLOW_CTX_DAG_OWNER='***' AIRFLOW_CTX_DAG_ID='get_inaturalist_data_atropelamento' AIRFLOW_CTX_TASK_ID='get_all_data' AIRFLOW_CTX_EXECUTION_DATE='2024-12-20T14:30:00+00:00' AIRFLOW_CTX_TRY_NUMBER='1' AIRFLOW_CTX_DAG_RUN_ID='scheduled__2024-12-20T14:30:00+00:00'
[2024-12-20T15:00:04.018+0000] {taskinstance.py:731} INFO - ::endgroup::
[2024-12-20T15:00:04.022+0000] {inaturalist_dag.py:150} INFO - Getting data from keyword: atropelamento
[2024-12-20T15:00:04.049+0000] {inaturalist_dag.py:41} INFO - Maximum id 254303192 for the request
[2024-12-20T15:00:05.140+0000] {inaturalist_dag.py:58} INFO - Got 0 results
[2024-12-20T15:00:05.144+0000] {inaturalist_dag.py:158} INFO - No more observations found, stopping.
[2024-12-20T15:00:05.171+0000] {crypto.py:82} WARNING - empty cryptography key - values will not be stored encrypted.
[2024-12-20T15:00:05.186+0000] {python.py:240} INFO - Done. Returned value was: []
[2024-12-20T15:00:05.245+0000] {taskinstance.py:340} INFO - ::group::Post task execution logs
[2024-12-20T15:00:05.245+0000] {taskinstance.py:352} INFO - Marking task as SUCCESS. dag_id=get_inaturalist_data_atropelamento, task_id=get_all_data, run_id=scheduled__2024-12-20T14:30:00+00:00, execution_date=20241220T143000, start_date=20241220T150003, end_date=20241220T150005
[2024-12-20T15:00:05.302+0000] {local_task_job_runner.py:266} INFO - Task exited with return code 0
[2024-12-20T15:00:05.322+0000] {local_task_job_runner.py:245} INFO - ::endgroup::
