[2024-12-19T11:30:01.984+0000] {local_task_job_runner.py:123} INFO - ::group::Pre task execution logs
[2024-12-19T11:30:02.009+0000] {taskinstance.py:2612} INFO - Dependencies all met for dep_context=non-requeueable deps ti=<TaskInstance: get_inaturalist_data_atropelada.get_all_data scheduled__2024-12-19T11:00:00+00:00 [queued]>
[2024-12-19T11:30:02.023+0000] {taskinstance.py:2612} INFO - Dependencies all met for dep_context=requeueable deps ti=<TaskInstance: get_inaturalist_data_atropelada.get_all_data scheduled__2024-12-19T11:00:00+00:00 [queued]>
[2024-12-19T11:30:02.024+0000] {taskinstance.py:2865} INFO - Starting attempt 1 of 4
[2024-12-19T11:30:02.048+0000] {taskinstance.py:2888} INFO - Executing <Task(_PythonDecoratedOperator): get_all_data> on 2024-12-19 11:00:00+00:00
[2024-12-19T11:30:02.059+0000] {warnings.py:112} WARNING - /home/***/.local/lib/python3.12/site-packages/***/task/task_runner/standard_task_runner.py:70: DeprecationWarning: This process (pid=1580) is multi-threaded, use of fork() may lead to deadlocks in the child.
  pid = os.fork()

[2024-12-19T11:30:02.061+0000] {standard_task_runner.py:72} INFO - Started process 1585 to run task
[2024-12-19T11:30:02.064+0000] {standard_task_runner.py:104} INFO - Running: ['***', 'tasks', 'run', 'get_inaturalist_data_atropelada', 'get_all_data', 'scheduled__2024-12-19T11:00:00+00:00', '--job-id', '305', '--raw', '--subdir', 'DAGS_FOLDER/inaturalist_dag.py', '--cfg-path', '/tmp/tmpbtr3gmq4']
[2024-12-19T11:30:02.069+0000] {standard_task_runner.py:105} INFO - Job 305: Subtask get_all_data
[2024-12-19T11:30:02.133+0000] {task_command.py:467} INFO - Running <TaskInstance: get_inaturalist_data_atropelada.get_all_data scheduled__2024-12-19T11:00:00+00:00 [running]> on host e919aa2070f5
[2024-12-19T11:30:02.277+0000] {taskinstance.py:3131} INFO - Exporting env vars: AIRFLOW_CTX_DAG_OWNER='***' AIRFLOW_CTX_DAG_ID='get_inaturalist_data_atropelada' AIRFLOW_CTX_TASK_ID='get_all_data' AIRFLOW_CTX_EXECUTION_DATE='2024-12-19T11:00:00+00:00' AIRFLOW_CTX_TRY_NUMBER='1' AIRFLOW_CTX_DAG_RUN_ID='scheduled__2024-12-19T11:00:00+00:00'
[2024-12-19T11:30:02.280+0000] {taskinstance.py:731} INFO - ::endgroup::
[2024-12-19T11:30:02.284+0000] {inaturalist_dag.py:150} INFO - Getting data from keyword: atropelada
[2024-12-19T11:30:02.307+0000] {inaturalist_dag.py:41} INFO - Maximum id 254715885 for the request
[2024-12-19T11:30:03.220+0000] {inaturalist_dag.py:58} INFO - Got 0 results
[2024-12-19T11:30:03.220+0000] {inaturalist_dag.py:158} INFO - No more observations found, stopping.
[2024-12-19T11:30:03.226+0000] {crypto.py:82} WARNING - empty cryptography key - values will not be stored encrypted.
[2024-12-19T11:30:03.232+0000] {python.py:240} INFO - Done. Returned value was: []
[2024-12-19T11:30:03.259+0000] {taskinstance.py:340} INFO - ::group::Post task execution logs
[2024-12-19T11:30:03.259+0000] {taskinstance.py:352} INFO - Marking task as SUCCESS. dag_id=get_inaturalist_data_atropelada, task_id=get_all_data, run_id=scheduled__2024-12-19T11:00:00+00:00, execution_date=20241219T110000, start_date=20241219T113002, end_date=20241219T113003
[2024-12-19T11:30:03.323+0000] {local_task_job_runner.py:266} INFO - Task exited with return code 0
[2024-12-19T11:30:03.336+0000] {local_task_job_runner.py:245} INFO - ::endgroup::
