[2024-12-06T14:30:11.528+0000] {local_task_job_runner.py:123} INFO - ::group::Pre task execution logs
[2024-12-06T14:30:11.545+0000] {taskinstance.py:2612} INFO - Dependencies all met for dep_context=non-requeueable deps ti=<TaskInstance: get_inaturalist_data_roadkill.publish_message_for_transformation scheduled__2024-12-06T14:00:00+00:00 [queued]>
[2024-12-06T14:30:11.556+0000] {taskinstance.py:2612} INFO - Dependencies all met for dep_context=requeueable deps ti=<TaskInstance: get_inaturalist_data_roadkill.publish_message_for_transformation scheduled__2024-12-06T14:00:00+00:00 [queued]>
[2024-12-06T14:30:11.557+0000] {taskinstance.py:2865} INFO - Starting attempt 1 of 4
[2024-12-06T14:30:11.577+0000] {taskinstance.py:2888} INFO - Executing <Task(_PythonDecoratedOperator): publish_message_for_transformation> on 2024-12-06 14:00:00+00:00
[2024-12-06T14:30:11.587+0000] {warnings.py:112} WARNING - /home/***/.local/lib/python3.12/site-packages/***/task/task_runner/standard_task_runner.py:70: DeprecationWarning: This process (pid=2012) is multi-threaded, use of fork() may lead to deadlocks in the child.
  pid = os.fork()

[2024-12-06T14:30:11.589+0000] {standard_task_runner.py:72} INFO - Started process 2014 to run task
[2024-12-06T14:30:11.589+0000] {standard_task_runner.py:104} INFO - Running: ['***', 'tasks', 'run', 'get_inaturalist_data_roadkill', 'publish_message_for_transformation', 'scheduled__2024-12-06T14:00:00+00:00', '--job-id', '2593', '--raw', '--subdir', 'DAGS_FOLDER/inaturalist_dag.py', '--cfg-path', '/tmp/tmpz38422kt']
[2024-12-06T14:30:11.594+0000] {standard_task_runner.py:105} INFO - Job 2593: Subtask publish_message_for_transformation
[2024-12-06T14:30:11.660+0000] {task_command.py:467} INFO - Running <TaskInstance: get_inaturalist_data_roadkill.publish_message_for_transformation scheduled__2024-12-06T14:00:00+00:00 [running]> on host 4d2800f2c921
[2024-12-06T14:30:11.803+0000] {taskinstance.py:3131} INFO - Exporting env vars: AIRFLOW_CTX_DAG_OWNER='***' AIRFLOW_CTX_DAG_ID='get_inaturalist_data_roadkill' AIRFLOW_CTX_TASK_ID='publish_message_for_transformation' AIRFLOW_CTX_EXECUTION_DATE='2024-12-06T14:00:00+00:00' AIRFLOW_CTX_TRY_NUMBER='1' AIRFLOW_CTX_DAG_RUN_ID='scheduled__2024-12-06T14:00:00+00:00'
[2024-12-06T14:30:11.805+0000] {taskinstance.py:731} INFO - ::endgroup::
[2024-12-06T14:30:11.833+0000] {rabbitmq.py:33} INFO - Sending message {'path': 'inaturalist_data/roadkill_data/2024/12/06/roadkill_observations_143007.csv', 'source': 'Inaturalist', 'keyword': 'roadkill', 'extraction_date': 1733495411808583463} to rabbitmq channel environbit
[2024-12-06T14:30:11.872+0000] {python.py:240} INFO - Done. Returned value was: None
[2024-12-06T14:30:11.895+0000] {taskinstance.py:340} INFO - ::group::Post task execution logs
[2024-12-06T14:30:11.895+0000] {taskinstance.py:352} INFO - Marking task as SUCCESS. dag_id=get_inaturalist_data_roadkill, task_id=publish_message_for_transformation, run_id=scheduled__2024-12-06T14:00:00+00:00, execution_date=20241206T140000, start_date=20241206T143011, end_date=20241206T143011
[2024-12-06T14:30:11.970+0000] {local_task_job_runner.py:266} INFO - Task exited with return code 0
[2024-12-06T14:30:12.028+0000] {taskinstance.py:3900} INFO - 0 downstream tasks scheduled from follow-on schedule check
[2024-12-06T14:30:12.031+0000] {local_task_job_runner.py:245} INFO - ::endgroup::
