[2024-11-20T11:10:12.078+0000] {local_task_job_runner.py:123} INFO - ::group::Pre task execution logs
[2024-11-20T11:10:12.100+0000] {taskinstance.py:2612} INFO - Dependencies all met for dep_context=non-requeueable deps ti=<TaskInstance: get_gbif_data_atropelada.save_data manual__2024-11-20T11:09:56.301251+00:00 [queued]>
[2024-11-20T11:10:12.131+0000] {taskinstance.py:2612} INFO - Dependencies all met for dep_context=requeueable deps ti=<TaskInstance: get_gbif_data_atropelada.save_data manual__2024-11-20T11:09:56.301251+00:00 [queued]>
[2024-11-20T11:10:12.131+0000] {taskinstance.py:2865} INFO - Starting attempt 1 of 4
[2024-11-20T11:10:12.160+0000] {taskinstance.py:2888} INFO - Executing <Task(_PythonDecoratedOperator): save_data> on 2024-11-20 11:09:56.301251+00:00
[2024-11-20T11:10:12.171+0000] {warnings.py:112} WARNING - /home/***/.local/lib/python3.12/site-packages/***/task/task_runner/standard_task_runner.py:70: DeprecationWarning: This process (pid=411) is multi-threaded, use of fork() may lead to deadlocks in the child.
  pid = os.fork()

[2024-11-20T11:10:12.174+0000] {standard_task_runner.py:72} INFO - Started process 414 to run task
[2024-11-20T11:10:12.175+0000] {standard_task_runner.py:104} INFO - Running: ['***', 'tasks', 'run', 'get_gbif_data_atropelada', 'save_data', 'manual__2024-11-20T11:09:56.301251+00:00', '--job-id', '828', '--raw', '--subdir', 'DAGS_FOLDER/gbif_dag.py', '--cfg-path', '/tmp/tmp1rqwa_0_']
[2024-11-20T11:10:12.177+0000] {standard_task_runner.py:105} INFO - Job 828: Subtask save_data
[2024-11-20T11:10:12.253+0000] {task_command.py:467} INFO - Running <TaskInstance: get_gbif_data_atropelada.save_data manual__2024-11-20T11:09:56.301251+00:00 [running]> on host 6e76132c078d
[2024-11-20T11:10:12.498+0000] {taskinstance.py:3131} INFO - Exporting env vars: AIRFLOW_CTX_DAG_OWNER='***' AIRFLOW_CTX_DAG_ID='get_gbif_data_atropelada' AIRFLOW_CTX_TASK_ID='save_data' AIRFLOW_CTX_EXECUTION_DATE='2024-11-20T11:09:56.301251+00:00' AIRFLOW_CTX_TRY_NUMBER='1' AIRFLOW_CTX_DAG_RUN_ID='manual__2024-11-20T11:09:56.301251+00:00'
[2024-11-20T11:10:12.500+0000] {logging_mixin.py:190} INFO - Task instance is in running state
[2024-11-20T11:10:12.501+0000] {logging_mixin.py:190} INFO -  Previous state of the Task instance: queued
[2024-11-20T11:10:12.503+0000] {logging_mixin.py:190} INFO - Current task name:save_data state:running start_date:2024-11-20 11:10:12.101451+00:00
[2024-11-20T11:10:12.504+0000] {logging_mixin.py:190} INFO - Dag name:get_gbif_data_atropelada and current dag run status:running
[2024-11-20T11:10:12.505+0000] {taskinstance.py:731} INFO - ::endgroup::
[2024-11-20T11:10:12.640+0000] {minio.py:40} INFO - created gbif_data/atropelada_data/2024/11/20/atropelada_occurrences_111008.csv object; etag: c948edd62c91c2e488ea91c5977fb616, version-id: None
[2024-11-20T11:10:12.641+0000] {minio.py:42} INFO - Data successfully uploaded to MinIO in bucket environbit under gbif_data/atropelada_data/2024/11/20/atropelada_occurrences_111008.csv
[2024-11-20T11:10:12.641+0000] {python.py:240} INFO - Done. Returned value was: None
[2024-11-20T11:10:12.656+0000] {taskinstance.py:340} INFO - ::group::Post task execution logs
[2024-11-20T11:10:12.656+0000] {taskinstance.py:352} INFO - Marking task as SUCCESS. dag_id=get_gbif_data_atropelada, task_id=save_data, run_id=manual__2024-11-20T11:09:56.301251+00:00, execution_date=20241120T110956, start_date=20241120T111012, end_date=20241120T111012
[2024-11-20T11:10:12.670+0000] {logging_mixin.py:190} INFO - Task instance in success state
[2024-11-20T11:10:12.670+0000] {logging_mixin.py:190} INFO -  Previous state of the Task instance: running
[2024-11-20T11:10:12.671+0000] {logging_mixin.py:190} INFO - Dag name:get_gbif_data_atropelada queued_at:2024-11-20 11:09:56.317492+00:00
[2024-11-20T11:10:12.671+0000] {logging_mixin.py:190} INFO - Task hostname:6e76132c078d operator:_PythonDecoratedOperator
[2024-11-20T11:10:12.711+0000] {local_task_job_runner.py:266} INFO - Task exited with return code 0
[2024-11-20T11:10:12.734+0000] {taskinstance.py:3900} INFO - 0 downstream tasks scheduled from follow-on schedule check
[2024-11-20T11:10:12.737+0000] {local_task_job_runner.py:245} INFO - ::endgroup::
