[2024-12-04T16:20:18.120+0000] {local_task_job_runner.py:123} INFO - ::group::Pre task execution logs
[2024-12-04T16:20:18.165+0000] {taskinstance.py:2612} INFO - Dependencies all met for dep_context=non-requeueable deps ti=<TaskInstance: get_inaturalist_data_atropelamento.publish_message_for_transformation manual__2024-12-04T16:17:19.155150+00:00 [queued]>
[2024-12-04T16:20:18.190+0000] {taskinstance.py:2612} INFO - Dependencies all met for dep_context=requeueable deps ti=<TaskInstance: get_inaturalist_data_atropelamento.publish_message_for_transformation manual__2024-12-04T16:17:19.155150+00:00 [queued]>
[2024-12-04T16:20:18.191+0000] {taskinstance.py:2865} INFO - Starting attempt 1 of 4
[2024-12-04T16:20:18.231+0000] {taskinstance.py:2888} INFO - Executing <Task(_PythonDecoratedOperator): publish_message_for_transformation> on 2024-12-04 16:17:19.155150+00:00
[2024-12-04T16:20:18.248+0000] {warnings.py:112} WARNING - /home/***/.local/lib/python3.12/site-packages/***/task/task_runner/standard_task_runner.py:70: DeprecationWarning: This process (pid=4642) is multi-threaded, use of fork() may lead to deadlocks in the child.
  pid = os.fork()

[2024-12-04T16:20:18.251+0000] {standard_task_runner.py:72} INFO - Started process 4645 to run task
[2024-12-04T16:20:18.256+0000] {standard_task_runner.py:104} INFO - Running: ['***', 'tasks', 'run', 'get_inaturalist_data_atropelamento', 'publish_message_for_transformation', 'manual__2024-12-04T16:17:19.155150+00:00', '--job-id', '2433', '--raw', '--subdir', 'DAGS_FOLDER/inaturalist_dag.py', '--cfg-path', '/tmp/tmp5gw7nydz']
[2024-12-04T16:20:18.259+0000] {standard_task_runner.py:105} INFO - Job 2433: Subtask publish_message_for_transformation
[2024-12-04T16:20:18.403+0000] {task_command.py:467} INFO - Running <TaskInstance: get_inaturalist_data_atropelamento.publish_message_for_transformation manual__2024-12-04T16:17:19.155150+00:00 [running]> on host 7102278bc4c1
[2024-12-04T16:20:18.684+0000] {taskinstance.py:3131} INFO - Exporting env vars: AIRFLOW_CTX_DAG_OWNER='***' AIRFLOW_CTX_DAG_ID='get_inaturalist_data_atropelamento' AIRFLOW_CTX_TASK_ID='publish_message_for_transformation' AIRFLOW_CTX_EXECUTION_DATE='2024-12-04T16:17:19.155150+00:00' AIRFLOW_CTX_TRY_NUMBER='1' AIRFLOW_CTX_DAG_RUN_ID='manual__2024-12-04T16:17:19.155150+00:00'
[2024-12-04T16:20:18.686+0000] {logging_mixin.py:190} INFO - Task instance is in running state
[2024-12-04T16:20:18.686+0000] {logging_mixin.py:190} INFO -  Previous state of the Task instance: queued
[2024-12-04T16:20:18.686+0000] {logging_mixin.py:190} INFO - Current task name:publish_message_for_transformation state:running start_date:2024-12-04 16:20:18.165962+00:00
[2024-12-04T16:20:18.690+0000] {logging_mixin.py:190} INFO - Dag name:get_inaturalist_data_atropelamento and current dag run status:running
[2024-12-04T16:20:18.691+0000] {taskinstance.py:731} INFO - ::endgroup::
[2024-12-04T16:20:18.847+0000] {rabbitmq.py:33} INFO - Sending message {'path': 'inaturalist_data/atropelamento_data/2024/12/04/atropelamento_observations_161734.csv', 'source': 'Inaturalist', 'keyword': 'atropelamento', 'extraction_date': 1733329218692185047} to rabbitmq channel environbit
[2024-12-04T16:20:18.900+0000] {python.py:240} INFO - Done. Returned value was: None
[2024-12-04T16:20:18.922+0000] {taskinstance.py:340} INFO - ::group::Post task execution logs
[2024-12-04T16:20:18.924+0000] {taskinstance.py:352} INFO - Marking task as SUCCESS. dag_id=get_inaturalist_data_atropelamento, task_id=publish_message_for_transformation, run_id=manual__2024-12-04T16:17:19.155150+00:00, execution_date=20241204T161719, start_date=20241204T162018, end_date=20241204T162018
[2024-12-04T16:20:18.956+0000] {logging_mixin.py:190} INFO - Task instance in success state
[2024-12-04T16:20:18.956+0000] {logging_mixin.py:190} INFO -  Previous state of the Task instance: running
[2024-12-04T16:20:18.957+0000] {logging_mixin.py:190} INFO - Dag name:get_inaturalist_data_atropelamento queued_at:2024-12-04 16:17:19.173521+00:00
[2024-12-04T16:20:18.957+0000] {logging_mixin.py:190} INFO - Task hostname:7102278bc4c1 operator:_PythonDecoratedOperator
[2024-12-04T16:20:18.996+0000] {local_task_job_runner.py:266} INFO - Task exited with return code 0
[2024-12-04T16:20:19.040+0000] {taskinstance.py:3900} INFO - 0 downstream tasks scheduled from follow-on schedule check
[2024-12-04T16:20:19.043+0000] {local_task_job_runner.py:245} INFO - ::endgroup::
