[2024-12-07T23:01:34.275+0000] {processor.py:186} INFO - Started process (PID=44) to work on /opt/airflow/dags/gbif_dag.py
[2024-12-07T23:01:34.276+0000] {processor.py:914} INFO - Processing file /opt/airflow/dags/gbif_dag.py for tasks to queue
[2024-12-07T23:01:34.278+0000] {logging_mixin.py:190} INFO - [2024-12-07T23:01:34.278+0000] {dagbag.py:588} INFO - Filling up the DagBag from /opt/airflow/dags/gbif_dag.py
[2024-12-07T23:01:34.702+0000] {processor.py:925} INFO - DAG(s) 'get_gbif_data_atropelada', 'get_gbif_data_roadkill', 'get_gbif_data_atropelamento' retrieved from /opt/airflow/dags/gbif_dag.py
[2024-12-07T23:01:34.736+0000] {logging_mixin.py:190} INFO - [2024-12-07T23:01:34.736+0000] {dag.py:3239} INFO - Sync 3 DAGs
[2024-12-07T23:01:34.761+0000] {logging_mixin.py:190} INFO - [2024-12-07T23:01:34.760+0000] {dag.py:4180} INFO - Setting next_dagrun for get_gbif_data_atropelada to 2024-12-07 22:30:00+00:00, run_after=2024-12-07 23:00:00+00:00
[2024-12-07T23:01:34.766+0000] {logging_mixin.py:190} INFO - [2024-12-07T23:01:34.766+0000] {dag.py:4180} INFO - Setting next_dagrun for get_gbif_data_atropelamento to 2024-12-07 22:30:00+00:00, run_after=2024-12-07 23:00:00+00:00
[2024-12-07T23:01:34.770+0000] {logging_mixin.py:190} INFO - [2024-12-07T23:01:34.769+0000] {dag.py:4180} INFO - Setting next_dagrun for get_gbif_data_roadkill to 2024-12-07 22:30:00+00:00, run_after=2024-12-07 23:00:00+00:00
[2024-12-07T23:01:34.784+0000] {processor.py:208} INFO - Processing /opt/airflow/dags/gbif_dag.py took 0.518 seconds
[2024-12-07T23:02:05.757+0000] {processor.py:186} INFO - Started process (PID=61) to work on /opt/airflow/dags/gbif_dag.py
[2024-12-07T23:02:05.761+0000] {processor.py:914} INFO - Processing file /opt/airflow/dags/gbif_dag.py for tasks to queue
[2024-12-07T23:02:05.764+0000] {logging_mixin.py:190} INFO - [2024-12-07T23:02:05.763+0000] {dagbag.py:588} INFO - Filling up the DagBag from /opt/airflow/dags/gbif_dag.py
[2024-12-07T23:02:06.021+0000] {processor.py:925} INFO - DAG(s) 'get_gbif_data_atropelamento', 'get_gbif_data_roadkill', 'get_gbif_data_atropelada' retrieved from /opt/airflow/dags/gbif_dag.py
[2024-12-07T23:02:06.063+0000] {logging_mixin.py:190} INFO - [2024-12-07T23:02:06.063+0000] {dag.py:3239} INFO - Sync 3 DAGs
[2024-12-07T23:02:06.099+0000] {logging_mixin.py:190} INFO - [2024-12-07T23:02:06.098+0000] {dag.py:4180} INFO - Setting next_dagrun for get_gbif_data_atropelada to 2024-12-07 22:30:00+00:00, run_after=2024-12-07 23:00:00+00:00
[2024-12-07T23:02:06.106+0000] {logging_mixin.py:190} INFO - [2024-12-07T23:02:06.106+0000] {dag.py:4180} INFO - Setting next_dagrun for get_gbif_data_atropelamento to 2024-12-07 22:30:00+00:00, run_after=2024-12-07 23:00:00+00:00
[2024-12-07T23:02:06.110+0000] {logging_mixin.py:190} INFO - [2024-12-07T23:02:06.110+0000] {dag.py:4180} INFO - Setting next_dagrun for get_gbif_data_roadkill to 2024-12-07 22:30:00+00:00, run_after=2024-12-07 23:00:00+00:00
[2024-12-07T23:02:06.125+0000] {processor.py:208} INFO - Processing /opt/airflow/dags/gbif_dag.py took 0.375 seconds
[2024-12-07T23:02:37.421+0000] {processor.py:186} INFO - Started process (PID=73) to work on /opt/airflow/dags/gbif_dag.py
[2024-12-07T23:02:37.422+0000] {processor.py:914} INFO - Processing file /opt/airflow/dags/gbif_dag.py for tasks to queue
[2024-12-07T23:02:37.424+0000] {logging_mixin.py:190} INFO - [2024-12-07T23:02:37.424+0000] {dagbag.py:588} INFO - Filling up the DagBag from /opt/airflow/dags/gbif_dag.py
[2024-12-07T23:02:37.868+0000] {processor.py:925} INFO - DAG(s) 'get_gbif_data_roadkill', 'get_gbif_data_atropelada', 'get_gbif_data_atropelamento' retrieved from /opt/airflow/dags/gbif_dag.py
[2024-12-07T23:02:37.933+0000] {logging_mixin.py:190} INFO - [2024-12-07T23:02:37.932+0000] {dag.py:3239} INFO - Sync 3 DAGs
[2024-12-07T23:02:37.996+0000] {logging_mixin.py:190} INFO - [2024-12-07T23:02:37.996+0000] {dag.py:4180} INFO - Setting next_dagrun for get_gbif_data_atropelada to 2024-12-07 22:30:00+00:00, run_after=2024-12-07 23:00:00+00:00
[2024-12-07T23:02:38.010+0000] {logging_mixin.py:190} INFO - [2024-12-07T23:02:38.010+0000] {dag.py:4180} INFO - Setting next_dagrun for get_gbif_data_atropelamento to 2024-12-07 22:30:00+00:00, run_after=2024-12-07 23:00:00+00:00
[2024-12-07T23:02:38.018+0000] {logging_mixin.py:190} INFO - [2024-12-07T23:02:38.017+0000] {dag.py:4180} INFO - Setting next_dagrun for get_gbif_data_roadkill to 2024-12-07 22:30:00+00:00, run_after=2024-12-07 23:00:00+00:00
[2024-12-07T23:02:38.054+0000] {processor.py:208} INFO - Processing /opt/airflow/dags/gbif_dag.py took 0.639 seconds
[2024-12-07T23:03:08.241+0000] {processor.py:186} INFO - Started process (PID=85) to work on /opt/airflow/dags/gbif_dag.py
[2024-12-07T23:03:08.242+0000] {processor.py:914} INFO - Processing file /opt/airflow/dags/gbif_dag.py for tasks to queue
[2024-12-07T23:03:08.243+0000] {logging_mixin.py:190} INFO - [2024-12-07T23:03:08.243+0000] {dagbag.py:588} INFO - Filling up the DagBag from /opt/airflow/dags/gbif_dag.py
[2024-12-07T23:03:08.478+0000] {processor.py:925} INFO - DAG(s) 'get_gbif_data_atropelada', 'get_gbif_data_roadkill', 'get_gbif_data_atropelamento' retrieved from /opt/airflow/dags/gbif_dag.py
[2024-12-07T23:03:08.503+0000] {logging_mixin.py:190} INFO - [2024-12-07T23:03:08.502+0000] {dag.py:3239} INFO - Sync 3 DAGs
[2024-12-07T23:03:08.527+0000] {logging_mixin.py:190} INFO - [2024-12-07T23:03:08.527+0000] {dag.py:4180} INFO - Setting next_dagrun for get_gbif_data_atropelada to 2024-12-07 22:30:00+00:00, run_after=2024-12-07 23:00:00+00:00
[2024-12-07T23:03:08.533+0000] {logging_mixin.py:190} INFO - [2024-12-07T23:03:08.533+0000] {dag.py:4180} INFO - Setting next_dagrun for get_gbif_data_atropelamento to 2024-12-07 22:30:00+00:00, run_after=2024-12-07 23:00:00+00:00
[2024-12-07T23:03:08.536+0000] {logging_mixin.py:190} INFO - [2024-12-07T23:03:08.536+0000] {dag.py:4180} INFO - Setting next_dagrun for get_gbif_data_roadkill to 2024-12-07 22:30:00+00:00, run_after=2024-12-07 23:00:00+00:00
[2024-12-07T23:03:08.551+0000] {processor.py:208} INFO - Processing /opt/airflow/dags/gbif_dag.py took 0.315 seconds
[2024-12-07T23:03:39.884+0000] {processor.py:186} INFO - Started process (PID=97) to work on /opt/airflow/dags/gbif_dag.py
[2024-12-07T23:03:39.888+0000] {processor.py:914} INFO - Processing file /opt/airflow/dags/gbif_dag.py for tasks to queue
[2024-12-07T23:03:39.890+0000] {logging_mixin.py:190} INFO - [2024-12-07T23:03:39.890+0000] {dagbag.py:588} INFO - Filling up the DagBag from /opt/airflow/dags/gbif_dag.py
[2024-12-07T23:03:40.166+0000] {processor.py:925} INFO - DAG(s) 'get_gbif_data_atropelada', 'get_gbif_data_roadkill', 'get_gbif_data_atropelamento' retrieved from /opt/airflow/dags/gbif_dag.py
[2024-12-07T23:03:40.206+0000] {logging_mixin.py:190} INFO - [2024-12-07T23:03:40.206+0000] {dag.py:3239} INFO - Sync 3 DAGs
[2024-12-07T23:03:40.253+0000] {logging_mixin.py:190} INFO - [2024-12-07T23:03:40.253+0000] {dag.py:4180} INFO - Setting next_dagrun for get_gbif_data_atropelada to 2024-12-07 22:30:00+00:00, run_after=2024-12-07 23:00:00+00:00
[2024-12-07T23:03:40.262+0000] {logging_mixin.py:190} INFO - [2024-12-07T23:03:40.262+0000] {dag.py:4180} INFO - Setting next_dagrun for get_gbif_data_atropelamento to 2024-12-07 22:30:00+00:00, run_after=2024-12-07 23:00:00+00:00
[2024-12-07T23:03:40.268+0000] {logging_mixin.py:190} INFO - [2024-12-07T23:03:40.268+0000] {dag.py:4180} INFO - Setting next_dagrun for get_gbif_data_roadkill to 2024-12-07 22:30:00+00:00, run_after=2024-12-07 23:00:00+00:00
[2024-12-07T23:03:40.286+0000] {processor.py:208} INFO - Processing /opt/airflow/dags/gbif_dag.py took 0.407 seconds
[2024-12-07T23:04:10.917+0000] {processor.py:186} INFO - Started process (PID=109) to work on /opt/airflow/dags/gbif_dag.py
[2024-12-07T23:04:10.918+0000] {processor.py:914} INFO - Processing file /opt/airflow/dags/gbif_dag.py for tasks to queue
[2024-12-07T23:04:10.920+0000] {logging_mixin.py:190} INFO - [2024-12-07T23:04:10.919+0000] {dagbag.py:588} INFO - Filling up the DagBag from /opt/airflow/dags/gbif_dag.py
[2024-12-07T23:04:11.126+0000] {processor.py:925} INFO - DAG(s) 'get_gbif_data_roadkill', 'get_gbif_data_atropelada', 'get_gbif_data_atropelamento' retrieved from /opt/airflow/dags/gbif_dag.py
[2024-12-07T23:04:11.157+0000] {logging_mixin.py:190} INFO - [2024-12-07T23:04:11.157+0000] {dag.py:3239} INFO - Sync 3 DAGs
[2024-12-07T23:04:11.183+0000] {logging_mixin.py:190} INFO - [2024-12-07T23:04:11.183+0000] {dag.py:4180} INFO - Setting next_dagrun for get_gbif_data_atropelada to 2024-12-07 22:30:00+00:00, run_after=2024-12-07 23:00:00+00:00
[2024-12-07T23:04:11.189+0000] {logging_mixin.py:190} INFO - [2024-12-07T23:04:11.188+0000] {dag.py:4180} INFO - Setting next_dagrun for get_gbif_data_atropelamento to 2024-12-07 22:30:00+00:00, run_after=2024-12-07 23:00:00+00:00
[2024-12-07T23:04:11.192+0000] {logging_mixin.py:190} INFO - [2024-12-07T23:04:11.192+0000] {dag.py:4180} INFO - Setting next_dagrun for get_gbif_data_roadkill to 2024-12-07 22:30:00+00:00, run_after=2024-12-07 23:00:00+00:00
[2024-12-07T23:04:11.207+0000] {processor.py:208} INFO - Processing /opt/airflow/dags/gbif_dag.py took 0.295 seconds
[2024-12-07T23:04:41.985+0000] {processor.py:186} INFO - Started process (PID=120) to work on /opt/airflow/dags/gbif_dag.py
[2024-12-07T23:04:41.986+0000] {processor.py:914} INFO - Processing file /opt/airflow/dags/gbif_dag.py for tasks to queue
[2024-12-07T23:04:41.988+0000] {logging_mixin.py:190} INFO - [2024-12-07T23:04:41.988+0000] {dagbag.py:588} INFO - Filling up the DagBag from /opt/airflow/dags/gbif_dag.py
[2024-12-07T23:04:42.230+0000] {processor.py:925} INFO - DAG(s) 'get_gbif_data_roadkill', 'get_gbif_data_atropelamento', 'get_gbif_data_atropelada' retrieved from /opt/airflow/dags/gbif_dag.py
[2024-12-07T23:04:42.259+0000] {logging_mixin.py:190} INFO - [2024-12-07T23:04:42.259+0000] {dag.py:3239} INFO - Sync 3 DAGs
[2024-12-07T23:04:42.291+0000] {logging_mixin.py:190} INFO - [2024-12-07T23:04:42.291+0000] {dag.py:4180} INFO - Setting next_dagrun for get_gbif_data_atropelada to 2024-12-07 22:30:00+00:00, run_after=2024-12-07 23:00:00+00:00
[2024-12-07T23:04:42.297+0000] {logging_mixin.py:190} INFO - [2024-12-07T23:04:42.297+0000] {dag.py:4180} INFO - Setting next_dagrun for get_gbif_data_atropelamento to 2024-12-07 22:30:00+00:00, run_after=2024-12-07 23:00:00+00:00
[2024-12-07T23:04:42.300+0000] {logging_mixin.py:190} INFO - [2024-12-07T23:04:42.300+0000] {dag.py:4180} INFO - Setting next_dagrun for get_gbif_data_roadkill to 2024-12-07 22:30:00+00:00, run_after=2024-12-07 23:00:00+00:00
[2024-12-07T23:04:42.318+0000] {processor.py:208} INFO - Processing /opt/airflow/dags/gbif_dag.py took 0.339 seconds
[2024-12-07T23:05:13.053+0000] {processor.py:186} INFO - Started process (PID=132) to work on /opt/airflow/dags/gbif_dag.py
[2024-12-07T23:05:13.054+0000] {processor.py:914} INFO - Processing file /opt/airflow/dags/gbif_dag.py for tasks to queue
[2024-12-07T23:05:13.056+0000] {logging_mixin.py:190} INFO - [2024-12-07T23:05:13.055+0000] {dagbag.py:588} INFO - Filling up the DagBag from /opt/airflow/dags/gbif_dag.py
[2024-12-07T23:05:13.231+0000] {processor.py:925} INFO - DAG(s) 'get_gbif_data_roadkill', 'get_gbif_data_atropelada', 'get_gbif_data_atropelamento' retrieved from /opt/airflow/dags/gbif_dag.py
[2024-12-07T23:05:13.254+0000] {logging_mixin.py:190} INFO - [2024-12-07T23:05:13.254+0000] {dag.py:3239} INFO - Sync 3 DAGs
[2024-12-07T23:05:13.278+0000] {logging_mixin.py:190} INFO - [2024-12-07T23:05:13.278+0000] {dag.py:4180} INFO - Setting next_dagrun for get_gbif_data_atropelada to 2024-12-07 22:30:00+00:00, run_after=2024-12-07 23:00:00+00:00
[2024-12-07T23:05:13.284+0000] {logging_mixin.py:190} INFO - [2024-12-07T23:05:13.284+0000] {dag.py:4180} INFO - Setting next_dagrun for get_gbif_data_atropelamento to 2024-12-07 22:30:00+00:00, run_after=2024-12-07 23:00:00+00:00
[2024-12-07T23:05:13.287+0000] {logging_mixin.py:190} INFO - [2024-12-07T23:05:13.287+0000] {dag.py:4180} INFO - Setting next_dagrun for get_gbif_data_roadkill to 2024-12-07 22:30:00+00:00, run_after=2024-12-07 23:00:00+00:00
[2024-12-07T23:05:13.301+0000] {processor.py:208} INFO - Processing /opt/airflow/dags/gbif_dag.py took 0.252 seconds
[2024-12-07T23:05:44.267+0000] {processor.py:186} INFO - Started process (PID=144) to work on /opt/airflow/dags/gbif_dag.py
[2024-12-07T23:05:44.268+0000] {processor.py:914} INFO - Processing file /opt/airflow/dags/gbif_dag.py for tasks to queue
[2024-12-07T23:05:44.269+0000] {logging_mixin.py:190} INFO - [2024-12-07T23:05:44.269+0000] {dagbag.py:588} INFO - Filling up the DagBag from /opt/airflow/dags/gbif_dag.py
[2024-12-07T23:05:44.520+0000] {processor.py:925} INFO - DAG(s) 'get_gbif_data_atropelada', 'get_gbif_data_atropelamento', 'get_gbif_data_roadkill' retrieved from /opt/airflow/dags/gbif_dag.py
[2024-12-07T23:05:44.565+0000] {logging_mixin.py:190} INFO - [2024-12-07T23:05:44.564+0000] {dag.py:3239} INFO - Sync 3 DAGs
[2024-12-07T23:05:44.606+0000] {logging_mixin.py:190} INFO - [2024-12-07T23:05:44.605+0000] {dag.py:4180} INFO - Setting next_dagrun for get_gbif_data_atropelada to 2024-12-07 22:30:00+00:00, run_after=2024-12-07 23:00:00+00:00
[2024-12-07T23:05:44.614+0000] {logging_mixin.py:190} INFO - [2024-12-07T23:05:44.613+0000] {dag.py:4180} INFO - Setting next_dagrun for get_gbif_data_atropelamento to 2024-12-07 22:30:00+00:00, run_after=2024-12-07 23:00:00+00:00
[2024-12-07T23:05:44.621+0000] {logging_mixin.py:190} INFO - [2024-12-07T23:05:44.621+0000] {dag.py:4180} INFO - Setting next_dagrun for get_gbif_data_roadkill to 2024-12-07 22:30:00+00:00, run_after=2024-12-07 23:00:00+00:00
[2024-12-07T23:05:44.646+0000] {processor.py:208} INFO - Processing /opt/airflow/dags/gbif_dag.py took 0.384 seconds
[2024-12-07T23:06:15.359+0000] {processor.py:186} INFO - Started process (PID=156) to work on /opt/airflow/dags/gbif_dag.py
[2024-12-07T23:06:15.359+0000] {processor.py:914} INFO - Processing file /opt/airflow/dags/gbif_dag.py for tasks to queue
[2024-12-07T23:06:15.361+0000] {logging_mixin.py:190} INFO - [2024-12-07T23:06:15.361+0000] {dagbag.py:588} INFO - Filling up the DagBag from /opt/airflow/dags/gbif_dag.py
[2024-12-07T23:06:15.544+0000] {processor.py:925} INFO - DAG(s) 'get_gbif_data_roadkill', 'get_gbif_data_atropelamento', 'get_gbif_data_atropelada' retrieved from /opt/airflow/dags/gbif_dag.py
[2024-12-07T23:06:15.569+0000] {logging_mixin.py:190} INFO - [2024-12-07T23:06:15.568+0000] {dag.py:3239} INFO - Sync 3 DAGs
[2024-12-07T23:06:15.594+0000] {logging_mixin.py:190} INFO - [2024-12-07T23:06:15.594+0000] {dag.py:4180} INFO - Setting next_dagrun for get_gbif_data_atropelada to 2024-12-07 22:30:00+00:00, run_after=2024-12-07 23:00:00+00:00
[2024-12-07T23:06:15.600+0000] {logging_mixin.py:190} INFO - [2024-12-07T23:06:15.600+0000] {dag.py:4180} INFO - Setting next_dagrun for get_gbif_data_atropelamento to 2024-12-07 22:30:00+00:00, run_after=2024-12-07 23:00:00+00:00
[2024-12-07T23:06:15.603+0000] {logging_mixin.py:190} INFO - [2024-12-07T23:06:15.603+0000] {dag.py:4180} INFO - Setting next_dagrun for get_gbif_data_roadkill to 2024-12-07 22:30:00+00:00, run_after=2024-12-07 23:00:00+00:00
[2024-12-07T23:06:15.618+0000] {processor.py:208} INFO - Processing /opt/airflow/dags/gbif_dag.py took 0.264 seconds
[2024-12-07T23:06:46.395+0000] {processor.py:186} INFO - Started process (PID=168) to work on /opt/airflow/dags/gbif_dag.py
[2024-12-07T23:06:46.396+0000] {processor.py:914} INFO - Processing file /opt/airflow/dags/gbif_dag.py for tasks to queue
[2024-12-07T23:06:46.398+0000] {logging_mixin.py:190} INFO - [2024-12-07T23:06:46.397+0000] {dagbag.py:588} INFO - Filling up the DagBag from /opt/airflow/dags/gbif_dag.py
[2024-12-07T23:06:46.588+0000] {processor.py:925} INFO - DAG(s) 'get_gbif_data_roadkill', 'get_gbif_data_atropelada', 'get_gbif_data_atropelamento' retrieved from /opt/airflow/dags/gbif_dag.py
[2024-12-07T23:06:46.612+0000] {logging_mixin.py:190} INFO - [2024-12-07T23:06:46.612+0000] {dag.py:3239} INFO - Sync 3 DAGs
[2024-12-07T23:06:46.636+0000] {logging_mixin.py:190} INFO - [2024-12-07T23:06:46.636+0000] {dag.py:4180} INFO - Setting next_dagrun for get_gbif_data_atropelada to 2024-12-07 22:30:00+00:00, run_after=2024-12-07 23:00:00+00:00
[2024-12-07T23:06:46.642+0000] {logging_mixin.py:190} INFO - [2024-12-07T23:06:46.641+0000] {dag.py:4180} INFO - Setting next_dagrun for get_gbif_data_atropelamento to 2024-12-07 22:30:00+00:00, run_after=2024-12-07 23:00:00+00:00
[2024-12-07T23:06:46.645+0000] {logging_mixin.py:190} INFO - [2024-12-07T23:06:46.645+0000] {dag.py:4180} INFO - Setting next_dagrun for get_gbif_data_roadkill to 2024-12-07 22:30:00+00:00, run_after=2024-12-07 23:00:00+00:00
[2024-12-07T23:06:46.658+0000] {processor.py:208} INFO - Processing /opt/airflow/dags/gbif_dag.py took 0.267 seconds
[2024-12-07T23:07:17.453+0000] {processor.py:186} INFO - Started process (PID=180) to work on /opt/airflow/dags/gbif_dag.py
[2024-12-07T23:07:17.454+0000] {processor.py:914} INFO - Processing file /opt/airflow/dags/gbif_dag.py for tasks to queue
[2024-12-07T23:07:17.456+0000] {logging_mixin.py:190} INFO - [2024-12-07T23:07:17.455+0000] {dagbag.py:588} INFO - Filling up the DagBag from /opt/airflow/dags/gbif_dag.py
[2024-12-07T23:07:17.633+0000] {processor.py:925} INFO - DAG(s) 'get_gbif_data_atropelamento', 'get_gbif_data_atropelada', 'get_gbif_data_roadkill' retrieved from /opt/airflow/dags/gbif_dag.py
[2024-12-07T23:07:17.661+0000] {logging_mixin.py:190} INFO - [2024-12-07T23:07:17.661+0000] {dag.py:3239} INFO - Sync 3 DAGs
[2024-12-07T23:07:17.686+0000] {logging_mixin.py:190} INFO - [2024-12-07T23:07:17.686+0000] {dag.py:4180} INFO - Setting next_dagrun for get_gbif_data_atropelada to 2024-12-07 22:30:00+00:00, run_after=2024-12-07 23:00:00+00:00
[2024-12-07T23:07:17.692+0000] {logging_mixin.py:190} INFO - [2024-12-07T23:07:17.692+0000] {dag.py:4180} INFO - Setting next_dagrun for get_gbif_data_atropelamento to 2024-12-07 22:30:00+00:00, run_after=2024-12-07 23:00:00+00:00
[2024-12-07T23:07:17.695+0000] {logging_mixin.py:190} INFO - [2024-12-07T23:07:17.695+0000] {dag.py:4180} INFO - Setting next_dagrun for get_gbif_data_roadkill to 2024-12-07 22:30:00+00:00, run_after=2024-12-07 23:00:00+00:00
[2024-12-07T23:07:17.708+0000] {processor.py:208} INFO - Processing /opt/airflow/dags/gbif_dag.py took 0.259 seconds
[2024-12-07T23:07:48.441+0000] {processor.py:186} INFO - Started process (PID=192) to work on /opt/airflow/dags/gbif_dag.py
[2024-12-07T23:07:48.441+0000] {processor.py:914} INFO - Processing file /opt/airflow/dags/gbif_dag.py for tasks to queue
[2024-12-07T23:07:48.443+0000] {logging_mixin.py:190} INFO - [2024-12-07T23:07:48.442+0000] {dagbag.py:588} INFO - Filling up the DagBag from /opt/airflow/dags/gbif_dag.py
[2024-12-07T23:07:48.623+0000] {processor.py:925} INFO - DAG(s) 'get_gbif_data_atropelamento', 'get_gbif_data_atropelada', 'get_gbif_data_roadkill' retrieved from /opt/airflow/dags/gbif_dag.py
[2024-12-07T23:07:48.645+0000] {logging_mixin.py:190} INFO - [2024-12-07T23:07:48.645+0000] {dag.py:3239} INFO - Sync 3 DAGs
[2024-12-07T23:07:48.669+0000] {logging_mixin.py:190} INFO - [2024-12-07T23:07:48.669+0000] {dag.py:4180} INFO - Setting next_dagrun for get_gbif_data_atropelada to 2024-12-07 22:30:00+00:00, run_after=2024-12-07 23:00:00+00:00
[2024-12-07T23:07:48.674+0000] {logging_mixin.py:190} INFO - [2024-12-07T23:07:48.674+0000] {dag.py:4180} INFO - Setting next_dagrun for get_gbif_data_atropelamento to 2024-12-07 22:30:00+00:00, run_after=2024-12-07 23:00:00+00:00
[2024-12-07T23:07:48.677+0000] {logging_mixin.py:190} INFO - [2024-12-07T23:07:48.677+0000] {dag.py:4180} INFO - Setting next_dagrun for get_gbif_data_roadkill to 2024-12-07 22:30:00+00:00, run_after=2024-12-07 23:00:00+00:00
[2024-12-07T23:07:48.691+0000] {processor.py:208} INFO - Processing /opt/airflow/dags/gbif_dag.py took 0.255 seconds
[2024-12-07T23:08:19.491+0000] {processor.py:186} INFO - Started process (PID=210) to work on /opt/airflow/dags/gbif_dag.py
[2024-12-07T23:08:19.491+0000] {processor.py:914} INFO - Processing file /opt/airflow/dags/gbif_dag.py for tasks to queue
[2024-12-07T23:08:19.493+0000] {logging_mixin.py:190} INFO - [2024-12-07T23:08:19.493+0000] {dagbag.py:588} INFO - Filling up the DagBag from /opt/airflow/dags/gbif_dag.py
[2024-12-07T23:08:19.689+0000] {processor.py:925} INFO - DAG(s) 'get_gbif_data_roadkill', 'get_gbif_data_atropelamento', 'get_gbif_data_atropelada' retrieved from /opt/airflow/dags/gbif_dag.py
[2024-12-07T23:08:19.713+0000] {logging_mixin.py:190} INFO - [2024-12-07T23:08:19.712+0000] {dag.py:3239} INFO - Sync 3 DAGs
[2024-12-07T23:08:19.737+0000] {logging_mixin.py:190} INFO - [2024-12-07T23:08:19.737+0000] {dag.py:4180} INFO - Setting next_dagrun for get_gbif_data_atropelada to 2024-12-07 22:30:00+00:00, run_after=2024-12-07 23:00:00+00:00
[2024-12-07T23:08:19.743+0000] {logging_mixin.py:190} INFO - [2024-12-07T23:08:19.743+0000] {dag.py:4180} INFO - Setting next_dagrun for get_gbif_data_atropelamento to 2024-12-07 22:30:00+00:00, run_after=2024-12-07 23:00:00+00:00
[2024-12-07T23:08:19.746+0000] {logging_mixin.py:190} INFO - [2024-12-07T23:08:19.746+0000] {dag.py:4180} INFO - Setting next_dagrun for get_gbif_data_roadkill to 2024-12-07 22:30:00+00:00, run_after=2024-12-07 23:00:00+00:00
[2024-12-07T23:08:19.760+0000] {processor.py:208} INFO - Processing /opt/airflow/dags/gbif_dag.py took 0.274 seconds
[2024-12-07T23:08:50.537+0000] {processor.py:186} INFO - Started process (PID=222) to work on /opt/airflow/dags/gbif_dag.py
[2024-12-07T23:08:50.538+0000] {processor.py:914} INFO - Processing file /opt/airflow/dags/gbif_dag.py for tasks to queue
[2024-12-07T23:08:50.539+0000] {logging_mixin.py:190} INFO - [2024-12-07T23:08:50.539+0000] {dagbag.py:588} INFO - Filling up the DagBag from /opt/airflow/dags/gbif_dag.py
[2024-12-07T23:08:50.718+0000] {processor.py:925} INFO - DAG(s) 'get_gbif_data_atropelamento', 'get_gbif_data_roadkill', 'get_gbif_data_atropelada' retrieved from /opt/airflow/dags/gbif_dag.py
[2024-12-07T23:08:50.742+0000] {logging_mixin.py:190} INFO - [2024-12-07T23:08:50.742+0000] {dag.py:3239} INFO - Sync 3 DAGs
[2024-12-07T23:08:50.766+0000] {logging_mixin.py:190} INFO - [2024-12-07T23:08:50.766+0000] {dag.py:4180} INFO - Setting next_dagrun for get_gbif_data_atropelada to 2024-12-07 22:30:00+00:00, run_after=2024-12-07 23:00:00+00:00
[2024-12-07T23:08:50.771+0000] {logging_mixin.py:190} INFO - [2024-12-07T23:08:50.771+0000] {dag.py:4180} INFO - Setting next_dagrun for get_gbif_data_atropelamento to 2024-12-07 22:30:00+00:00, run_after=2024-12-07 23:00:00+00:00
[2024-12-07T23:08:50.774+0000] {logging_mixin.py:190} INFO - [2024-12-07T23:08:50.774+0000] {dag.py:4180} INFO - Setting next_dagrun for get_gbif_data_roadkill to 2024-12-07 22:30:00+00:00, run_after=2024-12-07 23:00:00+00:00
[2024-12-07T23:08:50.788+0000] {processor.py:208} INFO - Processing /opt/airflow/dags/gbif_dag.py took 0.256 seconds
[2024-12-07T23:09:21.525+0000] {processor.py:186} INFO - Started process (PID=234) to work on /opt/airflow/dags/gbif_dag.py
[2024-12-07T23:09:21.525+0000] {processor.py:914} INFO - Processing file /opt/airflow/dags/gbif_dag.py for tasks to queue
[2024-12-07T23:09:21.527+0000] {logging_mixin.py:190} INFO - [2024-12-07T23:09:21.527+0000] {dagbag.py:588} INFO - Filling up the DagBag from /opt/airflow/dags/gbif_dag.py
[2024-12-07T23:09:21.709+0000] {processor.py:925} INFO - DAG(s) 'get_gbif_data_atropelamento', 'get_gbif_data_atropelada', 'get_gbif_data_roadkill' retrieved from /opt/airflow/dags/gbif_dag.py
[2024-12-07T23:09:21.733+0000] {logging_mixin.py:190} INFO - [2024-12-07T23:09:21.733+0000] {dag.py:3239} INFO - Sync 3 DAGs
[2024-12-07T23:09:21.758+0000] {logging_mixin.py:190} INFO - [2024-12-07T23:09:21.758+0000] {dag.py:4180} INFO - Setting next_dagrun for get_gbif_data_atropelada to 2024-12-07 22:30:00+00:00, run_after=2024-12-07 23:00:00+00:00
[2024-12-07T23:09:21.763+0000] {logging_mixin.py:190} INFO - [2024-12-07T23:09:21.763+0000] {dag.py:4180} INFO - Setting next_dagrun for get_gbif_data_atropelamento to 2024-12-07 22:30:00+00:00, run_after=2024-12-07 23:00:00+00:00
[2024-12-07T23:09:21.767+0000] {logging_mixin.py:190} INFO - [2024-12-07T23:09:21.766+0000] {dag.py:4180} INFO - Setting next_dagrun for get_gbif_data_roadkill to 2024-12-07 22:30:00+00:00, run_after=2024-12-07 23:00:00+00:00
[2024-12-07T23:09:21.781+0000] {processor.py:208} INFO - Processing /opt/airflow/dags/gbif_dag.py took 0.261 seconds
[2024-12-07T23:09:52.536+0000] {processor.py:186} INFO - Started process (PID=246) to work on /opt/airflow/dags/gbif_dag.py
[2024-12-07T23:09:52.537+0000] {processor.py:914} INFO - Processing file /opt/airflow/dags/gbif_dag.py for tasks to queue
[2024-12-07T23:09:52.539+0000] {logging_mixin.py:190} INFO - [2024-12-07T23:09:52.538+0000] {dagbag.py:588} INFO - Filling up the DagBag from /opt/airflow/dags/gbif_dag.py
[2024-12-07T23:09:52.721+0000] {processor.py:925} INFO - DAG(s) 'get_gbif_data_atropelada', 'get_gbif_data_atropelamento', 'get_gbif_data_roadkill' retrieved from /opt/airflow/dags/gbif_dag.py
[2024-12-07T23:09:52.746+0000] {logging_mixin.py:190} INFO - [2024-12-07T23:09:52.745+0000] {dag.py:3239} INFO - Sync 3 DAGs
[2024-12-07T23:09:52.771+0000] {logging_mixin.py:190} INFO - [2024-12-07T23:09:52.771+0000] {dag.py:4180} INFO - Setting next_dagrun for get_gbif_data_atropelada to 2024-12-07 22:30:00+00:00, run_after=2024-12-07 23:00:00+00:00
[2024-12-07T23:09:52.777+0000] {logging_mixin.py:190} INFO - [2024-12-07T23:09:52.777+0000] {dag.py:4180} INFO - Setting next_dagrun for get_gbif_data_atropelamento to 2024-12-07 22:30:00+00:00, run_after=2024-12-07 23:00:00+00:00
[2024-12-07T23:09:52.780+0000] {logging_mixin.py:190} INFO - [2024-12-07T23:09:52.780+0000] {dag.py:4180} INFO - Setting next_dagrun for get_gbif_data_roadkill to 2024-12-07 22:30:00+00:00, run_after=2024-12-07 23:00:00+00:00
[2024-12-07T23:09:52.793+0000] {processor.py:208} INFO - Processing /opt/airflow/dags/gbif_dag.py took 0.262 seconds
[2024-12-07T23:10:23.584+0000] {processor.py:186} INFO - Started process (PID=258) to work on /opt/airflow/dags/gbif_dag.py
[2024-12-07T23:10:23.585+0000] {processor.py:914} INFO - Processing file /opt/airflow/dags/gbif_dag.py for tasks to queue
[2024-12-07T23:10:23.587+0000] {logging_mixin.py:190} INFO - [2024-12-07T23:10:23.586+0000] {dagbag.py:588} INFO - Filling up the DagBag from /opt/airflow/dags/gbif_dag.py
[2024-12-07T23:10:23.763+0000] {processor.py:925} INFO - DAG(s) 'get_gbif_data_atropelada', 'get_gbif_data_roadkill', 'get_gbif_data_atropelamento' retrieved from /opt/airflow/dags/gbif_dag.py
[2024-12-07T23:10:23.787+0000] {logging_mixin.py:190} INFO - [2024-12-07T23:10:23.786+0000] {dag.py:3239} INFO - Sync 3 DAGs
[2024-12-07T23:10:23.811+0000] {logging_mixin.py:190} INFO - [2024-12-07T23:10:23.811+0000] {dag.py:4180} INFO - Setting next_dagrun for get_gbif_data_atropelada to 2024-12-07 22:30:00+00:00, run_after=2024-12-07 23:00:00+00:00
[2024-12-07T23:10:23.817+0000] {logging_mixin.py:190} INFO - [2024-12-07T23:10:23.816+0000] {dag.py:4180} INFO - Setting next_dagrun for get_gbif_data_atropelamento to 2024-12-07 22:30:00+00:00, run_after=2024-12-07 23:00:00+00:00
[2024-12-07T23:10:23.820+0000] {logging_mixin.py:190} INFO - [2024-12-07T23:10:23.819+0000] {dag.py:4180} INFO - Setting next_dagrun for get_gbif_data_roadkill to 2024-12-07 22:30:00+00:00, run_after=2024-12-07 23:00:00+00:00
[2024-12-07T23:10:23.834+0000] {processor.py:208} INFO - Processing /opt/airflow/dags/gbif_dag.py took 0.254 seconds
[2024-12-07T23:10:54.584+0000] {processor.py:186} INFO - Started process (PID=270) to work on /opt/airflow/dags/gbif_dag.py
[2024-12-07T23:10:54.585+0000] {processor.py:914} INFO - Processing file /opt/airflow/dags/gbif_dag.py for tasks to queue
[2024-12-07T23:10:54.586+0000] {logging_mixin.py:190} INFO - [2024-12-07T23:10:54.586+0000] {dagbag.py:588} INFO - Filling up the DagBag from /opt/airflow/dags/gbif_dag.py
[2024-12-07T23:10:54.765+0000] {processor.py:925} INFO - DAG(s) 'get_gbif_data_atropelamento', 'get_gbif_data_atropelada', 'get_gbif_data_roadkill' retrieved from /opt/airflow/dags/gbif_dag.py
[2024-12-07T23:10:54.788+0000] {logging_mixin.py:190} INFO - [2024-12-07T23:10:54.788+0000] {dag.py:3239} INFO - Sync 3 DAGs
[2024-12-07T23:10:54.811+0000] {logging_mixin.py:190} INFO - [2024-12-07T23:10:54.811+0000] {dag.py:4180} INFO - Setting next_dagrun for get_gbif_data_atropelada to 2024-12-07 22:30:00+00:00, run_after=2024-12-07 23:00:00+00:00
[2024-12-07T23:10:54.817+0000] {logging_mixin.py:190} INFO - [2024-12-07T23:10:54.817+0000] {dag.py:4180} INFO - Setting next_dagrun for get_gbif_data_atropelamento to 2024-12-07 22:30:00+00:00, run_after=2024-12-07 23:00:00+00:00
[2024-12-07T23:10:54.820+0000] {logging_mixin.py:190} INFO - [2024-12-07T23:10:54.820+0000] {dag.py:4180} INFO - Setting next_dagrun for get_gbif_data_roadkill to 2024-12-07 22:30:00+00:00, run_after=2024-12-07 23:00:00+00:00
[2024-12-07T23:10:54.834+0000] {processor.py:208} INFO - Processing /opt/airflow/dags/gbif_dag.py took 0.255 seconds
[2024-12-07T23:11:25.656+0000] {processor.py:186} INFO - Started process (PID=282) to work on /opt/airflow/dags/gbif_dag.py
[2024-12-07T23:11:25.657+0000] {processor.py:914} INFO - Processing file /opt/airflow/dags/gbif_dag.py for tasks to queue
[2024-12-07T23:11:25.659+0000] {logging_mixin.py:190} INFO - [2024-12-07T23:11:25.658+0000] {dagbag.py:588} INFO - Filling up the DagBag from /opt/airflow/dags/gbif_dag.py
[2024-12-07T23:11:25.887+0000] {processor.py:925} INFO - DAG(s) 'get_gbif_data_atropelada', 'get_gbif_data_atropelamento', 'get_gbif_data_roadkill' retrieved from /opt/airflow/dags/gbif_dag.py
[2024-12-07T23:11:25.918+0000] {logging_mixin.py:190} INFO - [2024-12-07T23:11:25.918+0000] {dag.py:3239} INFO - Sync 3 DAGs
[2024-12-07T23:11:25.949+0000] {logging_mixin.py:190} INFO - [2024-12-07T23:11:25.948+0000] {dag.py:4180} INFO - Setting next_dagrun for get_gbif_data_atropelada to 2024-12-07 22:30:00+00:00, run_after=2024-12-07 23:00:00+00:00
[2024-12-07T23:11:25.956+0000] {logging_mixin.py:190} INFO - [2024-12-07T23:11:25.956+0000] {dag.py:4180} INFO - Setting next_dagrun for get_gbif_data_atropelamento to 2024-12-07 22:30:00+00:00, run_after=2024-12-07 23:00:00+00:00
[2024-12-07T23:11:25.959+0000] {logging_mixin.py:190} INFO - [2024-12-07T23:11:25.959+0000] {dag.py:4180} INFO - Setting next_dagrun for get_gbif_data_roadkill to 2024-12-07 22:30:00+00:00, run_after=2024-12-07 23:00:00+00:00
[2024-12-07T23:11:25.977+0000] {processor.py:208} INFO - Processing /opt/airflow/dags/gbif_dag.py took 0.327 seconds
[2024-12-07T23:11:56.728+0000] {processor.py:186} INFO - Started process (PID=294) to work on /opt/airflow/dags/gbif_dag.py
[2024-12-07T23:11:56.729+0000] {processor.py:914} INFO - Processing file /opt/airflow/dags/gbif_dag.py for tasks to queue
[2024-12-07T23:11:56.730+0000] {logging_mixin.py:190} INFO - [2024-12-07T23:11:56.730+0000] {dagbag.py:588} INFO - Filling up the DagBag from /opt/airflow/dags/gbif_dag.py
[2024-12-07T23:11:56.919+0000] {processor.py:925} INFO - DAG(s) 'get_gbif_data_atropelamento', 'get_gbif_data_roadkill', 'get_gbif_data_atropelada' retrieved from /opt/airflow/dags/gbif_dag.py
[2024-12-07T23:11:56.947+0000] {logging_mixin.py:190} INFO - [2024-12-07T23:11:56.947+0000] {dag.py:3239} INFO - Sync 3 DAGs
[2024-12-07T23:11:56.977+0000] {logging_mixin.py:190} INFO - [2024-12-07T23:11:56.977+0000] {dag.py:4180} INFO - Setting next_dagrun for get_gbif_data_atropelada to 2024-12-07 22:30:00+00:00, run_after=2024-12-07 23:00:00+00:00
[2024-12-07T23:11:56.983+0000] {logging_mixin.py:190} INFO - [2024-12-07T23:11:56.983+0000] {dag.py:4180} INFO - Setting next_dagrun for get_gbif_data_atropelamento to 2024-12-07 22:30:00+00:00, run_after=2024-12-07 23:00:00+00:00
[2024-12-07T23:11:56.986+0000] {logging_mixin.py:190} INFO - [2024-12-07T23:11:56.986+0000] {dag.py:4180} INFO - Setting next_dagrun for get_gbif_data_roadkill to 2024-12-07 22:30:00+00:00, run_after=2024-12-07 23:00:00+00:00
[2024-12-07T23:11:57.003+0000] {processor.py:208} INFO - Processing /opt/airflow/dags/gbif_dag.py took 0.280 seconds
[2024-12-07T23:12:27.965+0000] {processor.py:186} INFO - Started process (PID=306) to work on /opt/airflow/dags/gbif_dag.py
[2024-12-07T23:12:27.966+0000] {processor.py:914} INFO - Processing file /opt/airflow/dags/gbif_dag.py for tasks to queue
[2024-12-07T23:12:27.968+0000] {logging_mixin.py:190} INFO - [2024-12-07T23:12:27.967+0000] {dagbag.py:588} INFO - Filling up the DagBag from /opt/airflow/dags/gbif_dag.py
[2024-12-07T23:12:28.233+0000] {processor.py:925} INFO - DAG(s) 'get_gbif_data_atropelamento', 'get_gbif_data_atropelada', 'get_gbif_data_roadkill' retrieved from /opt/airflow/dags/gbif_dag.py
[2024-12-07T23:12:28.270+0000] {logging_mixin.py:190} INFO - [2024-12-07T23:12:28.270+0000] {dag.py:3239} INFO - Sync 3 DAGs
[2024-12-07T23:12:28.318+0000] {logging_mixin.py:190} INFO - [2024-12-07T23:12:28.317+0000] {dag.py:4180} INFO - Setting next_dagrun for get_gbif_data_atropelada to 2024-12-07 22:30:00+00:00, run_after=2024-12-07 23:00:00+00:00
[2024-12-07T23:12:28.327+0000] {logging_mixin.py:190} INFO - [2024-12-07T23:12:28.326+0000] {dag.py:4180} INFO - Setting next_dagrun for get_gbif_data_atropelamento to 2024-12-07 22:30:00+00:00, run_after=2024-12-07 23:00:00+00:00
[2024-12-07T23:12:28.332+0000] {logging_mixin.py:190} INFO - [2024-12-07T23:12:28.332+0000] {dag.py:4180} INFO - Setting next_dagrun for get_gbif_data_roadkill to 2024-12-07 22:30:00+00:00, run_after=2024-12-07 23:00:00+00:00
[2024-12-07T23:12:28.347+0000] {processor.py:208} INFO - Processing /opt/airflow/dags/gbif_dag.py took 0.387 seconds
[2024-12-07T23:12:59.867+0000] {processor.py:186} INFO - Started process (PID=317) to work on /opt/airflow/dags/gbif_dag.py
[2024-12-07T23:12:59.869+0000] {processor.py:914} INFO - Processing file /opt/airflow/dags/gbif_dag.py for tasks to queue
[2024-12-07T23:12:59.873+0000] {logging_mixin.py:190} INFO - [2024-12-07T23:12:59.872+0000] {dagbag.py:588} INFO - Filling up the DagBag from /opt/airflow/dags/gbif_dag.py
[2024-12-07T23:13:00.286+0000] {processor.py:925} INFO - DAG(s) 'get_gbif_data_atropelamento', 'get_gbif_data_roadkill', 'get_gbif_data_atropelada' retrieved from /opt/airflow/dags/gbif_dag.py
[2024-12-07T23:13:00.332+0000] {logging_mixin.py:190} INFO - [2024-12-07T23:13:00.332+0000] {dag.py:3239} INFO - Sync 3 DAGs
[2024-12-07T23:13:00.383+0000] {logging_mixin.py:190} INFO - [2024-12-07T23:13:00.383+0000] {dag.py:4180} INFO - Setting next_dagrun for get_gbif_data_atropelada to 2024-12-07 22:30:00+00:00, run_after=2024-12-07 23:00:00+00:00
[2024-12-07T23:13:00.397+0000] {logging_mixin.py:190} INFO - [2024-12-07T23:13:00.396+0000] {dag.py:4180} INFO - Setting next_dagrun for get_gbif_data_atropelamento to 2024-12-07 22:30:00+00:00, run_after=2024-12-07 23:00:00+00:00
[2024-12-07T23:13:00.406+0000] {logging_mixin.py:190} INFO - [2024-12-07T23:13:00.405+0000] {dag.py:4180} INFO - Setting next_dagrun for get_gbif_data_roadkill to 2024-12-07 22:30:00+00:00, run_after=2024-12-07 23:00:00+00:00
[2024-12-07T23:13:00.440+0000] {processor.py:208} INFO - Processing /opt/airflow/dags/gbif_dag.py took 0.582 seconds
[2024-12-07T23:13:30.748+0000] {processor.py:186} INFO - Started process (PID=329) to work on /opt/airflow/dags/gbif_dag.py
[2024-12-07T23:13:30.749+0000] {processor.py:914} INFO - Processing file /opt/airflow/dags/gbif_dag.py for tasks to queue
[2024-12-07T23:13:30.751+0000] {logging_mixin.py:190} INFO - [2024-12-07T23:13:30.751+0000] {dagbag.py:588} INFO - Filling up the DagBag from /opt/airflow/dags/gbif_dag.py
[2024-12-07T23:13:30.937+0000] {processor.py:925} INFO - DAG(s) 'get_gbif_data_atropelada', 'get_gbif_data_atropelamento', 'get_gbif_data_roadkill' retrieved from /opt/airflow/dags/gbif_dag.py
[2024-12-07T23:13:30.961+0000] {logging_mixin.py:190} INFO - [2024-12-07T23:13:30.961+0000] {dag.py:3239} INFO - Sync 3 DAGs
[2024-12-07T23:13:30.987+0000] {logging_mixin.py:190} INFO - [2024-12-07T23:13:30.987+0000] {dag.py:4180} INFO - Setting next_dagrun for get_gbif_data_atropelada to 2024-12-07 22:30:00+00:00, run_after=2024-12-07 23:00:00+00:00
[2024-12-07T23:13:30.993+0000] {logging_mixin.py:190} INFO - [2024-12-07T23:13:30.992+0000] {dag.py:4180} INFO - Setting next_dagrun for get_gbif_data_atropelamento to 2024-12-07 22:30:00+00:00, run_after=2024-12-07 23:00:00+00:00
[2024-12-07T23:13:30.996+0000] {logging_mixin.py:190} INFO - [2024-12-07T23:13:30.996+0000] {dag.py:4180} INFO - Setting next_dagrun for get_gbif_data_roadkill to 2024-12-07 22:30:00+00:00, run_after=2024-12-07 23:00:00+00:00
[2024-12-07T23:13:31.009+0000] {processor.py:208} INFO - Processing /opt/airflow/dags/gbif_dag.py took 0.266 seconds
[2024-12-07T23:14:02.053+0000] {processor.py:186} INFO - Started process (PID=341) to work on /opt/airflow/dags/gbif_dag.py
[2024-12-07T23:14:02.054+0000] {processor.py:914} INFO - Processing file /opt/airflow/dags/gbif_dag.py for tasks to queue
[2024-12-07T23:14:02.055+0000] {logging_mixin.py:190} INFO - [2024-12-07T23:14:02.055+0000] {dagbag.py:588} INFO - Filling up the DagBag from /opt/airflow/dags/gbif_dag.py
[2024-12-07T23:14:02.239+0000] {processor.py:925} INFO - DAG(s) 'get_gbif_data_roadkill', 'get_gbif_data_atropelamento', 'get_gbif_data_atropelada' retrieved from /opt/airflow/dags/gbif_dag.py
[2024-12-07T23:14:02.262+0000] {logging_mixin.py:190} INFO - [2024-12-07T23:14:02.262+0000] {dag.py:3239} INFO - Sync 3 DAGs
[2024-12-07T23:14:02.286+0000] {logging_mixin.py:190} INFO - [2024-12-07T23:14:02.286+0000] {dag.py:4180} INFO - Setting next_dagrun for get_gbif_data_atropelada to 2024-12-07 22:30:00+00:00, run_after=2024-12-07 23:00:00+00:00
[2024-12-07T23:14:02.292+0000] {logging_mixin.py:190} INFO - [2024-12-07T23:14:02.291+0000] {dag.py:4180} INFO - Setting next_dagrun for get_gbif_data_atropelamento to 2024-12-07 22:30:00+00:00, run_after=2024-12-07 23:00:00+00:00
[2024-12-07T23:14:02.295+0000] {logging_mixin.py:190} INFO - [2024-12-07T23:14:02.295+0000] {dag.py:4180} INFO - Setting next_dagrun for get_gbif_data_roadkill to 2024-12-07 22:30:00+00:00, run_after=2024-12-07 23:00:00+00:00
[2024-12-07T23:14:02.310+0000] {processor.py:208} INFO - Processing /opt/airflow/dags/gbif_dag.py took 0.262 seconds
[2024-12-07T23:14:33.055+0000] {processor.py:186} INFO - Started process (PID=353) to work on /opt/airflow/dags/gbif_dag.py
[2024-12-07T23:14:33.055+0000] {processor.py:914} INFO - Processing file /opt/airflow/dags/gbif_dag.py for tasks to queue
[2024-12-07T23:14:33.057+0000] {logging_mixin.py:190} INFO - [2024-12-07T23:14:33.057+0000] {dagbag.py:588} INFO - Filling up the DagBag from /opt/airflow/dags/gbif_dag.py
[2024-12-07T23:14:33.237+0000] {processor.py:925} INFO - DAG(s) 'get_gbif_data_roadkill', 'get_gbif_data_atropelada', 'get_gbif_data_atropelamento' retrieved from /opt/airflow/dags/gbif_dag.py
[2024-12-07T23:14:33.261+0000] {logging_mixin.py:190} INFO - [2024-12-07T23:14:33.261+0000] {dag.py:3239} INFO - Sync 3 DAGs
[2024-12-07T23:14:33.286+0000] {logging_mixin.py:190} INFO - [2024-12-07T23:14:33.286+0000] {dag.py:4180} INFO - Setting next_dagrun for get_gbif_data_atropelada to 2024-12-07 22:30:00+00:00, run_after=2024-12-07 23:00:00+00:00
[2024-12-07T23:14:33.291+0000] {logging_mixin.py:190} INFO - [2024-12-07T23:14:33.291+0000] {dag.py:4180} INFO - Setting next_dagrun for get_gbif_data_atropelamento to 2024-12-07 22:30:00+00:00, run_after=2024-12-07 23:00:00+00:00
[2024-12-07T23:14:33.294+0000] {logging_mixin.py:190} INFO - [2024-12-07T23:14:33.294+0000] {dag.py:4180} INFO - Setting next_dagrun for get_gbif_data_roadkill to 2024-12-07 22:30:00+00:00, run_after=2024-12-07 23:00:00+00:00
[2024-12-07T23:14:33.309+0000] {processor.py:208} INFO - Processing /opt/airflow/dags/gbif_dag.py took 0.259 seconds
[2024-12-07T23:15:04.109+0000] {processor.py:186} INFO - Started process (PID=365) to work on /opt/airflow/dags/gbif_dag.py
[2024-12-07T23:15:04.110+0000] {processor.py:914} INFO - Processing file /opt/airflow/dags/gbif_dag.py for tasks to queue
[2024-12-07T23:15:04.112+0000] {logging_mixin.py:190} INFO - [2024-12-07T23:15:04.111+0000] {dagbag.py:588} INFO - Filling up the DagBag from /opt/airflow/dags/gbif_dag.py
[2024-12-07T23:15:04.308+0000] {processor.py:925} INFO - DAG(s) 'get_gbif_data_atropelada', 'get_gbif_data_atropelamento', 'get_gbif_data_roadkill' retrieved from /opt/airflow/dags/gbif_dag.py
[2024-12-07T23:15:04.333+0000] {logging_mixin.py:190} INFO - [2024-12-07T23:15:04.333+0000] {dag.py:3239} INFO - Sync 3 DAGs
[2024-12-07T23:15:04.358+0000] {logging_mixin.py:190} INFO - [2024-12-07T23:15:04.358+0000] {dag.py:4180} INFO - Setting next_dagrun for get_gbif_data_atropelada to 2024-12-07 22:30:00+00:00, run_after=2024-12-07 23:00:00+00:00
[2024-12-07T23:15:04.363+0000] {logging_mixin.py:190} INFO - [2024-12-07T23:15:04.363+0000] {dag.py:4180} INFO - Setting next_dagrun for get_gbif_data_atropelamento to 2024-12-07 22:30:00+00:00, run_after=2024-12-07 23:00:00+00:00
[2024-12-07T23:15:04.366+0000] {logging_mixin.py:190} INFO - [2024-12-07T23:15:04.366+0000] {dag.py:4180} INFO - Setting next_dagrun for get_gbif_data_roadkill to 2024-12-07 22:30:00+00:00, run_after=2024-12-07 23:00:00+00:00
[2024-12-07T23:15:04.379+0000] {processor.py:208} INFO - Processing /opt/airflow/dags/gbif_dag.py took 0.274 seconds
[2024-12-07T23:15:35.136+0000] {processor.py:186} INFO - Started process (PID=377) to work on /opt/airflow/dags/gbif_dag.py
[2024-12-07T23:15:35.137+0000] {processor.py:914} INFO - Processing file /opt/airflow/dags/gbif_dag.py for tasks to queue
[2024-12-07T23:15:35.138+0000] {logging_mixin.py:190} INFO - [2024-12-07T23:15:35.138+0000] {dagbag.py:588} INFO - Filling up the DagBag from /opt/airflow/dags/gbif_dag.py
[2024-12-07T23:15:35.325+0000] {processor.py:925} INFO - DAG(s) 'get_gbif_data_atropelamento', 'get_gbif_data_roadkill', 'get_gbif_data_atropelada' retrieved from /opt/airflow/dags/gbif_dag.py
[2024-12-07T23:15:35.350+0000] {logging_mixin.py:190} INFO - [2024-12-07T23:15:35.350+0000] {dag.py:3239} INFO - Sync 3 DAGs
[2024-12-07T23:15:35.379+0000] {logging_mixin.py:190} INFO - [2024-12-07T23:15:35.379+0000] {dag.py:4180} INFO - Setting next_dagrun for get_gbif_data_atropelada to 2024-12-07 22:30:00+00:00, run_after=2024-12-07 23:00:00+00:00
[2024-12-07T23:15:35.385+0000] {logging_mixin.py:190} INFO - [2024-12-07T23:15:35.384+0000] {dag.py:4180} INFO - Setting next_dagrun for get_gbif_data_atropelamento to 2024-12-07 22:30:00+00:00, run_after=2024-12-07 23:00:00+00:00
[2024-12-07T23:15:35.388+0000] {logging_mixin.py:190} INFO - [2024-12-07T23:15:35.388+0000] {dag.py:4180} INFO - Setting next_dagrun for get_gbif_data_roadkill to 2024-12-07 22:30:00+00:00, run_after=2024-12-07 23:00:00+00:00
[2024-12-07T23:15:35.405+0000] {processor.py:208} INFO - Processing /opt/airflow/dags/gbif_dag.py took 0.274 seconds
[2024-12-07T23:16:06.168+0000] {processor.py:186} INFO - Started process (PID=389) to work on /opt/airflow/dags/gbif_dag.py
[2024-12-07T23:16:06.169+0000] {processor.py:914} INFO - Processing file /opt/airflow/dags/gbif_dag.py for tasks to queue
[2024-12-07T23:16:06.171+0000] {logging_mixin.py:190} INFO - [2024-12-07T23:16:06.170+0000] {dagbag.py:588} INFO - Filling up the DagBag from /opt/airflow/dags/gbif_dag.py
[2024-12-07T23:16:06.399+0000] {processor.py:925} INFO - DAG(s) 'get_gbif_data_atropelamento', 'get_gbif_data_roadkill', 'get_gbif_data_atropelada' retrieved from /opt/airflow/dags/gbif_dag.py
[2024-12-07T23:16:06.425+0000] {logging_mixin.py:190} INFO - [2024-12-07T23:16:06.424+0000] {dag.py:3239} INFO - Sync 3 DAGs
[2024-12-07T23:16:06.448+0000] {logging_mixin.py:190} INFO - [2024-12-07T23:16:06.448+0000] {dag.py:4180} INFO - Setting next_dagrun for get_gbif_data_atropelada to 2024-12-07 22:30:00+00:00, run_after=2024-12-07 23:00:00+00:00
[2024-12-07T23:16:06.454+0000] {logging_mixin.py:190} INFO - [2024-12-07T23:16:06.453+0000] {dag.py:4180} INFO - Setting next_dagrun for get_gbif_data_atropelamento to 2024-12-07 22:30:00+00:00, run_after=2024-12-07 23:00:00+00:00
[2024-12-07T23:16:06.457+0000] {logging_mixin.py:190} INFO - [2024-12-07T23:16:06.457+0000] {dag.py:4180} INFO - Setting next_dagrun for get_gbif_data_roadkill to 2024-12-07 22:30:00+00:00, run_after=2024-12-07 23:00:00+00:00
[2024-12-07T23:16:06.475+0000] {processor.py:208} INFO - Processing /opt/airflow/dags/gbif_dag.py took 0.311 seconds
[2024-12-07T23:16:37.182+0000] {processor.py:186} INFO - Started process (PID=401) to work on /opt/airflow/dags/gbif_dag.py
[2024-12-07T23:16:37.183+0000] {processor.py:914} INFO - Processing file /opt/airflow/dags/gbif_dag.py for tasks to queue
[2024-12-07T23:16:37.185+0000] {logging_mixin.py:190} INFO - [2024-12-07T23:16:37.185+0000] {dagbag.py:588} INFO - Filling up the DagBag from /opt/airflow/dags/gbif_dag.py
[2024-12-07T23:16:37.381+0000] {processor.py:925} INFO - DAG(s) 'get_gbif_data_atropelada', 'get_gbif_data_roadkill', 'get_gbif_data_atropelamento' retrieved from /opt/airflow/dags/gbif_dag.py
[2024-12-07T23:16:37.405+0000] {logging_mixin.py:190} INFO - [2024-12-07T23:16:37.405+0000] {dag.py:3239} INFO - Sync 3 DAGs
[2024-12-07T23:16:37.435+0000] {logging_mixin.py:190} INFO - [2024-12-07T23:16:37.435+0000] {dag.py:4180} INFO - Setting next_dagrun for get_gbif_data_atropelada to 2024-12-07 22:30:00+00:00, run_after=2024-12-07 23:00:00+00:00
[2024-12-07T23:16:37.443+0000] {logging_mixin.py:190} INFO - [2024-12-07T23:16:37.443+0000] {dag.py:4180} INFO - Setting next_dagrun for get_gbif_data_atropelamento to 2024-12-07 22:30:00+00:00, run_after=2024-12-07 23:00:00+00:00
[2024-12-07T23:16:37.448+0000] {logging_mixin.py:190} INFO - [2024-12-07T23:16:37.448+0000] {dag.py:4180} INFO - Setting next_dagrun for get_gbif_data_roadkill to 2024-12-07 22:30:00+00:00, run_after=2024-12-07 23:00:00+00:00
[2024-12-07T23:16:37.468+0000] {processor.py:208} INFO - Processing /opt/airflow/dags/gbif_dag.py took 0.292 seconds
[2024-12-07T23:17:09.089+0000] {processor.py:186} INFO - Started process (PID=413) to work on /opt/airflow/dags/gbif_dag.py
[2024-12-07T23:17:09.092+0000] {processor.py:914} INFO - Processing file /opt/airflow/dags/gbif_dag.py for tasks to queue
[2024-12-07T23:17:09.094+0000] {logging_mixin.py:190} INFO - [2024-12-07T23:17:09.094+0000] {dagbag.py:588} INFO - Filling up the DagBag from /opt/airflow/dags/gbif_dag.py
[2024-12-07T23:17:09.495+0000] {processor.py:925} INFO - DAG(s) 'get_gbif_data_atropelamento', 'get_gbif_data_roadkill', 'get_gbif_data_atropelada' retrieved from /opt/airflow/dags/gbif_dag.py
[2024-12-07T23:17:09.539+0000] {logging_mixin.py:190} INFO - [2024-12-07T23:17:09.539+0000] {dag.py:3239} INFO - Sync 3 DAGs
[2024-12-07T23:17:09.585+0000] {logging_mixin.py:190} INFO - [2024-12-07T23:17:09.585+0000] {dag.py:4180} INFO - Setting next_dagrun for get_gbif_data_atropelada to 2024-12-07 22:30:00+00:00, run_after=2024-12-07 23:00:00+00:00
[2024-12-07T23:17:09.607+0000] {logging_mixin.py:190} INFO - [2024-12-07T23:17:09.607+0000] {dag.py:4180} INFO - Setting next_dagrun for get_gbif_data_atropelamento to 2024-12-07 22:30:00+00:00, run_after=2024-12-07 23:00:00+00:00
[2024-12-07T23:17:09.613+0000] {logging_mixin.py:190} INFO - [2024-12-07T23:17:09.613+0000] {dag.py:4180} INFO - Setting next_dagrun for get_gbif_data_roadkill to 2024-12-07 22:30:00+00:00, run_after=2024-12-07 23:00:00+00:00
[2024-12-07T23:17:09.643+0000] {processor.py:208} INFO - Processing /opt/airflow/dags/gbif_dag.py took 0.566 seconds
[2024-12-07T23:17:40.213+0000] {processor.py:186} INFO - Started process (PID=425) to work on /opt/airflow/dags/gbif_dag.py
[2024-12-07T23:17:40.214+0000] {processor.py:914} INFO - Processing file /opt/airflow/dags/gbif_dag.py for tasks to queue
[2024-12-07T23:17:40.215+0000] {logging_mixin.py:190} INFO - [2024-12-07T23:17:40.215+0000] {dagbag.py:588} INFO - Filling up the DagBag from /opt/airflow/dags/gbif_dag.py
[2024-12-07T23:17:40.431+0000] {processor.py:925} INFO - DAG(s) 'get_gbif_data_atropelada', 'get_gbif_data_roadkill', 'get_gbif_data_atropelamento' retrieved from /opt/airflow/dags/gbif_dag.py
[2024-12-07T23:17:40.469+0000] {logging_mixin.py:190} INFO - [2024-12-07T23:17:40.468+0000] {dag.py:3239} INFO - Sync 3 DAGs
[2024-12-07T23:17:40.509+0000] {logging_mixin.py:190} INFO - [2024-12-07T23:17:40.509+0000] {dag.py:4180} INFO - Setting next_dagrun for get_gbif_data_atropelada to 2024-12-07 22:30:00+00:00, run_after=2024-12-07 23:00:00+00:00
[2024-12-07T23:17:40.516+0000] {logging_mixin.py:190} INFO - [2024-12-07T23:17:40.516+0000] {dag.py:4180} INFO - Setting next_dagrun for get_gbif_data_atropelamento to 2024-12-07 22:30:00+00:00, run_after=2024-12-07 23:00:00+00:00
[2024-12-07T23:17:40.521+0000] {logging_mixin.py:190} INFO - [2024-12-07T23:17:40.521+0000] {dag.py:4180} INFO - Setting next_dagrun for get_gbif_data_roadkill to 2024-12-07 22:30:00+00:00, run_after=2024-12-07 23:00:00+00:00
[2024-12-07T23:17:40.543+0000] {processor.py:208} INFO - Processing /opt/airflow/dags/gbif_dag.py took 0.335 seconds
[2024-12-07T23:18:11.248+0000] {processor.py:186} INFO - Started process (PID=437) to work on /opt/airflow/dags/gbif_dag.py
[2024-12-07T23:18:11.249+0000] {processor.py:914} INFO - Processing file /opt/airflow/dags/gbif_dag.py for tasks to queue
[2024-12-07T23:18:11.253+0000] {logging_mixin.py:190} INFO - [2024-12-07T23:18:11.252+0000] {dagbag.py:588} INFO - Filling up the DagBag from /opt/airflow/dags/gbif_dag.py
[2024-12-07T23:18:11.645+0000] {processor.py:925} INFO - DAG(s) 'get_gbif_data_atropelamento', 'get_gbif_data_atropelada', 'get_gbif_data_roadkill' retrieved from /opt/airflow/dags/gbif_dag.py
[2024-12-07T23:18:11.729+0000] {logging_mixin.py:190} INFO - [2024-12-07T23:18:11.729+0000] {dag.py:3239} INFO - Sync 3 DAGs
[2024-12-07T23:18:11.792+0000] {logging_mixin.py:190} INFO - [2024-12-07T23:18:11.791+0000] {dag.py:4180} INFO - Setting next_dagrun for get_gbif_data_atropelada to 2024-12-07 22:30:00+00:00, run_after=2024-12-07 23:00:00+00:00
[2024-12-07T23:18:11.805+0000] {logging_mixin.py:190} INFO - [2024-12-07T23:18:11.804+0000] {dag.py:4180} INFO - Setting next_dagrun for get_gbif_data_atropelamento to 2024-12-07 22:30:00+00:00, run_after=2024-12-07 23:00:00+00:00
[2024-12-07T23:18:11.811+0000] {logging_mixin.py:190} INFO - [2024-12-07T23:18:11.811+0000] {dag.py:4180} INFO - Setting next_dagrun for get_gbif_data_roadkill to 2024-12-07 22:30:00+00:00, run_after=2024-12-07 23:00:00+00:00
[2024-12-07T23:18:11.833+0000] {processor.py:208} INFO - Processing /opt/airflow/dags/gbif_dag.py took 0.592 seconds
[2024-12-07T23:18:42.056+0000] {processor.py:186} INFO - Started process (PID=447) to work on /opt/airflow/dags/gbif_dag.py
[2024-12-07T23:18:42.057+0000] {processor.py:914} INFO - Processing file /opt/airflow/dags/gbif_dag.py for tasks to queue
[2024-12-07T23:18:42.059+0000] {logging_mixin.py:190} INFO - [2024-12-07T23:18:42.058+0000] {dagbag.py:588} INFO - Filling up the DagBag from /opt/airflow/dags/gbif_dag.py
[2024-12-07T23:18:42.276+0000] {processor.py:925} INFO - DAG(s) 'get_gbif_data_atropelamento', 'get_gbif_data_atropelada', 'get_gbif_data_roadkill' retrieved from /opt/airflow/dags/gbif_dag.py
[2024-12-07T23:18:42.302+0000] {logging_mixin.py:190} INFO - [2024-12-07T23:18:42.302+0000] {dag.py:3239} INFO - Sync 3 DAGs
[2024-12-07T23:18:42.332+0000] {logging_mixin.py:190} INFO - [2024-12-07T23:18:42.332+0000] {dag.py:4180} INFO - Setting next_dagrun for get_gbif_data_atropelada to 2024-12-07 22:30:00+00:00, run_after=2024-12-07 23:00:00+00:00
[2024-12-07T23:18:42.339+0000] {logging_mixin.py:190} INFO - [2024-12-07T23:18:42.339+0000] {dag.py:4180} INFO - Setting next_dagrun for get_gbif_data_atropelamento to 2024-12-07 22:30:00+00:00, run_after=2024-12-07 23:00:00+00:00
[2024-12-07T23:18:42.342+0000] {logging_mixin.py:190} INFO - [2024-12-07T23:18:42.342+0000] {dag.py:4180} INFO - Setting next_dagrun for get_gbif_data_roadkill to 2024-12-07 22:30:00+00:00, run_after=2024-12-07 23:00:00+00:00
[2024-12-07T23:18:42.361+0000] {processor.py:208} INFO - Processing /opt/airflow/dags/gbif_dag.py took 0.313 seconds
[2024-12-07T23:19:12.798+0000] {processor.py:186} INFO - Started process (PID=458) to work on /opt/airflow/dags/gbif_dag.py
[2024-12-07T23:19:12.799+0000] {processor.py:914} INFO - Processing file /opt/airflow/dags/gbif_dag.py for tasks to queue
[2024-12-07T23:19:12.803+0000] {logging_mixin.py:190} INFO - [2024-12-07T23:19:12.802+0000] {dagbag.py:588} INFO - Filling up the DagBag from /opt/airflow/dags/gbif_dag.py
[2024-12-07T23:19:13.081+0000] {processor.py:925} INFO - DAG(s) 'get_gbif_data_atropelamento', 'get_gbif_data_roadkill', 'get_gbif_data_atropelada' retrieved from /opt/airflow/dags/gbif_dag.py
[2024-12-07T23:19:13.116+0000] {logging_mixin.py:190} INFO - [2024-12-07T23:19:13.115+0000] {dag.py:3239} INFO - Sync 3 DAGs
[2024-12-07T23:19:13.157+0000] {logging_mixin.py:190} INFO - [2024-12-07T23:19:13.156+0000] {dag.py:4180} INFO - Setting next_dagrun for get_gbif_data_atropelada to 2024-12-07 22:30:00+00:00, run_after=2024-12-07 23:00:00+00:00
[2024-12-07T23:19:13.164+0000] {logging_mixin.py:190} INFO - [2024-12-07T23:19:13.163+0000] {dag.py:4180} INFO - Setting next_dagrun for get_gbif_data_atropelamento to 2024-12-07 22:30:00+00:00, run_after=2024-12-07 23:00:00+00:00
[2024-12-07T23:19:13.167+0000] {logging_mixin.py:190} INFO - [2024-12-07T23:19:13.167+0000] {dag.py:4180} INFO - Setting next_dagrun for get_gbif_data_roadkill to 2024-12-07 22:30:00+00:00, run_after=2024-12-07 23:00:00+00:00
[2024-12-07T23:19:13.187+0000] {processor.py:208} INFO - Processing /opt/airflow/dags/gbif_dag.py took 0.403 seconds
[2024-12-07T23:19:43.676+0000] {processor.py:186} INFO - Started process (PID=470) to work on /opt/airflow/dags/gbif_dag.py
[2024-12-07T23:19:43.677+0000] {processor.py:914} INFO - Processing file /opt/airflow/dags/gbif_dag.py for tasks to queue
[2024-12-07T23:19:43.679+0000] {logging_mixin.py:190} INFO - [2024-12-07T23:19:43.679+0000] {dagbag.py:588} INFO - Filling up the DagBag from /opt/airflow/dags/gbif_dag.py
[2024-12-07T23:19:43.915+0000] {processor.py:925} INFO - DAG(s) 'get_gbif_data_atropelamento', 'get_gbif_data_roadkill', 'get_gbif_data_atropelada' retrieved from /opt/airflow/dags/gbif_dag.py
[2024-12-07T23:19:43.949+0000] {logging_mixin.py:190} INFO - [2024-12-07T23:19:43.949+0000] {dag.py:3239} INFO - Sync 3 DAGs
[2024-12-07T23:19:43.984+0000] {logging_mixin.py:190} INFO - [2024-12-07T23:19:43.984+0000] {dag.py:4180} INFO - Setting next_dagrun for get_gbif_data_atropelada to 2024-12-07 22:30:00+00:00, run_after=2024-12-07 23:00:00+00:00
[2024-12-07T23:19:43.990+0000] {logging_mixin.py:190} INFO - [2024-12-07T23:19:43.990+0000] {dag.py:4180} INFO - Setting next_dagrun for get_gbif_data_atropelamento to 2024-12-07 22:30:00+00:00, run_after=2024-12-07 23:00:00+00:00
[2024-12-07T23:19:43.993+0000] {logging_mixin.py:190} INFO - [2024-12-07T23:19:43.993+0000] {dag.py:4180} INFO - Setting next_dagrun for get_gbif_data_roadkill to 2024-12-07 22:30:00+00:00, run_after=2024-12-07 23:00:00+00:00
[2024-12-07T23:19:44.011+0000] {processor.py:208} INFO - Processing /opt/airflow/dags/gbif_dag.py took 0.343 seconds
[2024-12-07T23:20:14.504+0000] {processor.py:186} INFO - Started process (PID=482) to work on /opt/airflow/dags/gbif_dag.py
[2024-12-07T23:20:14.505+0000] {processor.py:914} INFO - Processing file /opt/airflow/dags/gbif_dag.py for tasks to queue
[2024-12-07T23:20:14.507+0000] {logging_mixin.py:190} INFO - [2024-12-07T23:20:14.506+0000] {dagbag.py:588} INFO - Filling up the DagBag from /opt/airflow/dags/gbif_dag.py
[2024-12-07T23:20:14.760+0000] {processor.py:925} INFO - DAG(s) 'get_gbif_data_atropelada', 'get_gbif_data_roadkill', 'get_gbif_data_atropelamento' retrieved from /opt/airflow/dags/gbif_dag.py
[2024-12-07T23:20:14.792+0000] {logging_mixin.py:190} INFO - [2024-12-07T23:20:14.792+0000] {dag.py:3239} INFO - Sync 3 DAGs
[2024-12-07T23:20:14.825+0000] {logging_mixin.py:190} INFO - [2024-12-07T23:20:14.825+0000] {dag.py:4180} INFO - Setting next_dagrun for get_gbif_data_atropelada to 2024-12-07 22:30:00+00:00, run_after=2024-12-07 23:00:00+00:00
[2024-12-07T23:20:14.836+0000] {logging_mixin.py:190} INFO - [2024-12-07T23:20:14.835+0000] {dag.py:4180} INFO - Setting next_dagrun for get_gbif_data_atropelamento to 2024-12-07 22:30:00+00:00, run_after=2024-12-07 23:00:00+00:00
[2024-12-07T23:20:14.842+0000] {logging_mixin.py:190} INFO - [2024-12-07T23:20:14.842+0000] {dag.py:4180} INFO - Setting next_dagrun for get_gbif_data_roadkill to 2024-12-07 22:30:00+00:00, run_after=2024-12-07 23:00:00+00:00
[2024-12-07T23:20:14.862+0000] {processor.py:208} INFO - Processing /opt/airflow/dags/gbif_dag.py took 0.366 seconds
[2024-12-07T23:20:45.478+0000] {processor.py:186} INFO - Started process (PID=493) to work on /opt/airflow/dags/gbif_dag.py
[2024-12-07T23:20:45.479+0000] {processor.py:914} INFO - Processing file /opt/airflow/dags/gbif_dag.py for tasks to queue
[2024-12-07T23:20:45.481+0000] {logging_mixin.py:190} INFO - [2024-12-07T23:20:45.481+0000] {dagbag.py:588} INFO - Filling up the DagBag from /opt/airflow/dags/gbif_dag.py
[2024-12-07T23:20:45.704+0000] {processor.py:925} INFO - DAG(s) 'get_gbif_data_atropelada', 'get_gbif_data_roadkill', 'get_gbif_data_atropelamento' retrieved from /opt/airflow/dags/gbif_dag.py
[2024-12-07T23:20:45.734+0000] {logging_mixin.py:190} INFO - [2024-12-07T23:20:45.734+0000] {dag.py:3239} INFO - Sync 3 DAGs
[2024-12-07T23:20:45.764+0000] {logging_mixin.py:190} INFO - [2024-12-07T23:20:45.764+0000] {dag.py:4180} INFO - Setting next_dagrun for get_gbif_data_atropelada to 2024-12-07 22:30:00+00:00, run_after=2024-12-07 23:00:00+00:00
[2024-12-07T23:20:45.772+0000] {logging_mixin.py:190} INFO - [2024-12-07T23:20:45.771+0000] {dag.py:4180} INFO - Setting next_dagrun for get_gbif_data_atropelamento to 2024-12-07 22:30:00+00:00, run_after=2024-12-07 23:00:00+00:00
[2024-12-07T23:20:45.776+0000] {logging_mixin.py:190} INFO - [2024-12-07T23:20:45.775+0000] {dag.py:4180} INFO - Setting next_dagrun for get_gbif_data_roadkill to 2024-12-07 22:30:00+00:00, run_after=2024-12-07 23:00:00+00:00
[2024-12-07T23:20:45.795+0000] {processor.py:208} INFO - Processing /opt/airflow/dags/gbif_dag.py took 0.323 seconds
[2024-12-07T23:21:16.425+0000] {processor.py:186} INFO - Started process (PID=505) to work on /opt/airflow/dags/gbif_dag.py
[2024-12-07T23:21:16.426+0000] {processor.py:914} INFO - Processing file /opt/airflow/dags/gbif_dag.py for tasks to queue
[2024-12-07T23:21:16.428+0000] {logging_mixin.py:190} INFO - [2024-12-07T23:21:16.428+0000] {dagbag.py:588} INFO - Filling up the DagBag from /opt/airflow/dags/gbif_dag.py
[2024-12-07T23:21:16.791+0000] {processor.py:925} INFO - DAG(s) 'get_gbif_data_atropelamento', 'get_gbif_data_roadkill', 'get_gbif_data_atropelada' retrieved from /opt/airflow/dags/gbif_dag.py
[2024-12-07T23:21:16.823+0000] {logging_mixin.py:190} INFO - [2024-12-07T23:21:16.823+0000] {dag.py:3239} INFO - Sync 3 DAGs
[2024-12-07T23:21:16.862+0000] {logging_mixin.py:190} INFO - [2024-12-07T23:21:16.861+0000] {dag.py:4180} INFO - Setting next_dagrun for get_gbif_data_atropelada to 2024-12-07 22:30:00+00:00, run_after=2024-12-07 23:00:00+00:00
[2024-12-07T23:21:16.872+0000] {logging_mixin.py:190} INFO - [2024-12-07T23:21:16.872+0000] {dag.py:4180} INFO - Setting next_dagrun for get_gbif_data_atropelamento to 2024-12-07 22:30:00+00:00, run_after=2024-12-07 23:00:00+00:00
[2024-12-07T23:21:16.878+0000] {logging_mixin.py:190} INFO - [2024-12-07T23:21:16.877+0000] {dag.py:4180} INFO - Setting next_dagrun for get_gbif_data_roadkill to 2024-12-07 22:30:00+00:00, run_after=2024-12-07 23:00:00+00:00
[2024-12-07T23:21:16.900+0000] {processor.py:208} INFO - Processing /opt/airflow/dags/gbif_dag.py took 0.480 seconds
[2024-12-07T23:21:47.529+0000] {processor.py:186} INFO - Started process (PID=517) to work on /opt/airflow/dags/gbif_dag.py
[2024-12-07T23:21:47.530+0000] {processor.py:914} INFO - Processing file /opt/airflow/dags/gbif_dag.py for tasks to queue
[2024-12-07T23:21:47.534+0000] {logging_mixin.py:190} INFO - [2024-12-07T23:21:47.533+0000] {dagbag.py:588} INFO - Filling up the DagBag from /opt/airflow/dags/gbif_dag.py
[2024-12-07T23:21:48.017+0000] {processor.py:925} INFO - DAG(s) 'get_gbif_data_atropelada', 'get_gbif_data_roadkill', 'get_gbif_data_atropelamento' retrieved from /opt/airflow/dags/gbif_dag.py
[2024-12-07T23:21:48.052+0000] {logging_mixin.py:190} INFO - [2024-12-07T23:21:48.051+0000] {dag.py:3239} INFO - Sync 3 DAGs
[2024-12-07T23:21:48.086+0000] {logging_mixin.py:190} INFO - [2024-12-07T23:21:48.085+0000] {dag.py:4180} INFO - Setting next_dagrun for get_gbif_data_atropelada to 2024-12-07 22:30:00+00:00, run_after=2024-12-07 23:00:00+00:00
[2024-12-07T23:21:48.093+0000] {logging_mixin.py:190} INFO - [2024-12-07T23:21:48.093+0000] {dag.py:4180} INFO - Setting next_dagrun for get_gbif_data_atropelamento to 2024-12-07 22:30:00+00:00, run_after=2024-12-07 23:00:00+00:00
[2024-12-07T23:21:48.097+0000] {logging_mixin.py:190} INFO - [2024-12-07T23:21:48.097+0000] {dag.py:4180} INFO - Setting next_dagrun for get_gbif_data_roadkill to 2024-12-07 22:30:00+00:00, run_after=2024-12-07 23:00:00+00:00
[2024-12-07T23:21:48.122+0000] {processor.py:208} INFO - Processing /opt/airflow/dags/gbif_dag.py took 0.608 seconds
[2024-12-07T23:22:18.663+0000] {processor.py:186} INFO - Started process (PID=527) to work on /opt/airflow/dags/gbif_dag.py
[2024-12-07T23:22:18.664+0000] {processor.py:914} INFO - Processing file /opt/airflow/dags/gbif_dag.py for tasks to queue
[2024-12-07T23:22:18.667+0000] {logging_mixin.py:190} INFO - [2024-12-07T23:22:18.666+0000] {dagbag.py:588} INFO - Filling up the DagBag from /opt/airflow/dags/gbif_dag.py
[2024-12-07T23:22:18.878+0000] {processor.py:925} INFO - DAG(s) 'get_gbif_data_atropelamento', 'get_gbif_data_atropelada', 'get_gbif_data_roadkill' retrieved from /opt/airflow/dags/gbif_dag.py
[2024-12-07T23:22:18.904+0000] {logging_mixin.py:190} INFO - [2024-12-07T23:22:18.903+0000] {dag.py:3239} INFO - Sync 3 DAGs
[2024-12-07T23:22:18.933+0000] {logging_mixin.py:190} INFO - [2024-12-07T23:22:18.933+0000] {dag.py:4180} INFO - Setting next_dagrun for get_gbif_data_atropelada to 2024-12-07 22:30:00+00:00, run_after=2024-12-07 23:00:00+00:00
[2024-12-07T23:22:18.942+0000] {logging_mixin.py:190} INFO - [2024-12-07T23:22:18.942+0000] {dag.py:4180} INFO - Setting next_dagrun for get_gbif_data_atropelamento to 2024-12-07 22:30:00+00:00, run_after=2024-12-07 23:00:00+00:00
[2024-12-07T23:22:18.948+0000] {logging_mixin.py:190} INFO - [2024-12-07T23:22:18.947+0000] {dag.py:4180} INFO - Setting next_dagrun for get_gbif_data_roadkill to 2024-12-07 22:30:00+00:00, run_after=2024-12-07 23:00:00+00:00
[2024-12-07T23:22:18.982+0000] {processor.py:208} INFO - Processing /opt/airflow/dags/gbif_dag.py took 0.325 seconds
[2024-12-07T23:22:49.263+0000] {processor.py:186} INFO - Started process (PID=538) to work on /opt/airflow/dags/gbif_dag.py
[2024-12-07T23:22:49.264+0000] {processor.py:914} INFO - Processing file /opt/airflow/dags/gbif_dag.py for tasks to queue
[2024-12-07T23:22:49.268+0000] {logging_mixin.py:190} INFO - [2024-12-07T23:22:49.267+0000] {dagbag.py:588} INFO - Filling up the DagBag from /opt/airflow/dags/gbif_dag.py
[2024-12-07T23:22:50.004+0000] {processor.py:925} INFO - DAG(s) 'get_gbif_data_atropelamento', 'get_gbif_data_atropelada', 'get_gbif_data_roadkill' retrieved from /opt/airflow/dags/gbif_dag.py
[2024-12-07T23:22:50.128+0000] {logging_mixin.py:190} INFO - [2024-12-07T23:22:50.127+0000] {dag.py:3239} INFO - Sync 3 DAGs
[2024-12-07T23:22:50.224+0000] {logging_mixin.py:190} INFO - [2024-12-07T23:22:50.224+0000] {dag.py:4180} INFO - Setting next_dagrun for get_gbif_data_atropelada to 2024-12-07 22:30:00+00:00, run_after=2024-12-07 23:00:00+00:00
[2024-12-07T23:22:50.247+0000] {logging_mixin.py:190} INFO - [2024-12-07T23:22:50.246+0000] {dag.py:4180} INFO - Setting next_dagrun for get_gbif_data_atropelamento to 2024-12-07 22:30:00+00:00, run_after=2024-12-07 23:00:00+00:00
[2024-12-07T23:22:50.263+0000] {logging_mixin.py:190} INFO - [2024-12-07T23:22:50.262+0000] {dag.py:4180} INFO - Setting next_dagrun for get_gbif_data_roadkill to 2024-12-07 22:30:00+00:00, run_after=2024-12-07 23:00:00+00:00
[2024-12-07T23:22:50.313+0000] {processor.py:208} INFO - Processing /opt/airflow/dags/gbif_dag.py took 1.064 seconds
[2024-12-07T23:23:20.760+0000] {processor.py:186} INFO - Started process (PID=550) to work on /opt/airflow/dags/gbif_dag.py
[2024-12-07T23:23:20.761+0000] {processor.py:914} INFO - Processing file /opt/airflow/dags/gbif_dag.py for tasks to queue
[2024-12-07T23:23:20.763+0000] {logging_mixin.py:190} INFO - [2024-12-07T23:23:20.763+0000] {dagbag.py:588} INFO - Filling up the DagBag from /opt/airflow/dags/gbif_dag.py
[2024-12-07T23:23:21.161+0000] {processor.py:925} INFO - DAG(s) 'get_gbif_data_atropelada', 'get_gbif_data_atropelamento', 'get_gbif_data_roadkill' retrieved from /opt/airflow/dags/gbif_dag.py
[2024-12-07T23:23:21.246+0000] {logging_mixin.py:190} INFO - [2024-12-07T23:23:21.246+0000] {dag.py:3239} INFO - Sync 3 DAGs
[2024-12-07T23:23:21.345+0000] {logging_mixin.py:190} INFO - [2024-12-07T23:23:21.345+0000] {dag.py:4180} INFO - Setting next_dagrun for get_gbif_data_atropelada to 2024-12-07 22:30:00+00:00, run_after=2024-12-07 23:00:00+00:00
[2024-12-07T23:23:21.369+0000] {logging_mixin.py:190} INFO - [2024-12-07T23:23:21.369+0000] {dag.py:4180} INFO - Setting next_dagrun for get_gbif_data_atropelamento to 2024-12-07 22:30:00+00:00, run_after=2024-12-07 23:00:00+00:00
[2024-12-07T23:23:21.384+0000] {logging_mixin.py:190} INFO - [2024-12-07T23:23:21.383+0000] {dag.py:4180} INFO - Setting next_dagrun for get_gbif_data_roadkill to 2024-12-07 22:30:00+00:00, run_after=2024-12-07 23:00:00+00:00
[2024-12-07T23:23:21.434+0000] {processor.py:208} INFO - Processing /opt/airflow/dags/gbif_dag.py took 0.683 seconds
[2024-12-07T23:23:52.254+0000] {processor.py:186} INFO - Started process (PID=568) to work on /opt/airflow/dags/gbif_dag.py
[2024-12-07T23:23:52.270+0000] {processor.py:914} INFO - Processing file /opt/airflow/dags/gbif_dag.py for tasks to queue
[2024-12-07T23:23:52.288+0000] {logging_mixin.py:190} INFO - [2024-12-07T23:23:52.279+0000] {dagbag.py:588} INFO - Filling up the DagBag from /opt/airflow/dags/gbif_dag.py
[2024-12-07T23:23:53.105+0000] {processor.py:925} INFO - DAG(s) 'get_gbif_data_atropelamento', 'get_gbif_data_roadkill', 'get_gbif_data_atropelada' retrieved from /opt/airflow/dags/gbif_dag.py
[2024-12-07T23:23:53.179+0000] {logging_mixin.py:190} INFO - [2024-12-07T23:23:53.178+0000] {dag.py:3239} INFO - Sync 3 DAGs
[2024-12-07T23:23:53.246+0000] {logging_mixin.py:190} INFO - [2024-12-07T23:23:53.245+0000] {dag.py:4180} INFO - Setting next_dagrun for get_gbif_data_atropelada to 2024-12-07 22:30:00+00:00, run_after=2024-12-07 23:00:00+00:00
[2024-12-07T23:23:53.260+0000] {logging_mixin.py:190} INFO - [2024-12-07T23:23:53.259+0000] {dag.py:4180} INFO - Setting next_dagrun for get_gbif_data_atropelamento to 2024-12-07 22:30:00+00:00, run_after=2024-12-07 23:00:00+00:00
[2024-12-07T23:23:53.267+0000] {logging_mixin.py:190} INFO - [2024-12-07T23:23:53.266+0000] {dag.py:4180} INFO - Setting next_dagrun for get_gbif_data_roadkill to 2024-12-07 22:30:00+00:00, run_after=2024-12-07 23:00:00+00:00
[2024-12-07T23:23:53.303+0000] {processor.py:208} INFO - Processing /opt/airflow/dags/gbif_dag.py took 1.105 seconds
[2024-12-07T23:24:23.894+0000] {processor.py:186} INFO - Started process (PID=580) to work on /opt/airflow/dags/gbif_dag.py
[2024-12-07T23:24:23.896+0000] {processor.py:914} INFO - Processing file /opt/airflow/dags/gbif_dag.py for tasks to queue
[2024-12-07T23:24:23.904+0000] {logging_mixin.py:190} INFO - [2024-12-07T23:24:23.902+0000] {dagbag.py:588} INFO - Filling up the DagBag from /opt/airflow/dags/gbif_dag.py
[2024-12-07T23:24:24.563+0000] {processor.py:925} INFO - DAG(s) 'get_gbif_data_atropelamento', 'get_gbif_data_atropelada', 'get_gbif_data_roadkill' retrieved from /opt/airflow/dags/gbif_dag.py
[2024-12-07T23:24:24.664+0000] {logging_mixin.py:190} INFO - [2024-12-07T23:24:24.663+0000] {dag.py:3239} INFO - Sync 3 DAGs
[2024-12-07T23:24:24.766+0000] {logging_mixin.py:190} INFO - [2024-12-07T23:24:24.765+0000] {dag.py:4180} INFO - Setting next_dagrun for get_gbif_data_atropelada to 2024-12-07 22:30:00+00:00, run_after=2024-12-07 23:00:00+00:00
[2024-12-07T23:24:24.790+0000] {logging_mixin.py:190} INFO - [2024-12-07T23:24:24.790+0000] {dag.py:4180} INFO - Setting next_dagrun for get_gbif_data_atropelamento to 2024-12-07 22:30:00+00:00, run_after=2024-12-07 23:00:00+00:00
[2024-12-07T23:24:24.802+0000] {logging_mixin.py:190} INFO - [2024-12-07T23:24:24.801+0000] {dag.py:4180} INFO - Setting next_dagrun for get_gbif_data_roadkill to 2024-12-07 22:30:00+00:00, run_after=2024-12-07 23:00:00+00:00
[2024-12-07T23:24:24.858+0000] {processor.py:208} INFO - Processing /opt/airflow/dags/gbif_dag.py took 0.982 seconds
