[2024-12-07T23:01:34.428+0000] {processor.py:186} INFO - Started process (PID=45) to work on /opt/airflow/dags/prf_dag.py
[2024-12-07T23:01:34.429+0000] {processor.py:914} INFO - Processing file /opt/airflow/dags/prf_dag.py for tasks to queue
[2024-12-07T23:01:34.431+0000] {logging_mixin.py:190} INFO - [2024-12-07T23:01:34.431+0000] {dagbag.py:588} INFO - Filling up the DagBag from /opt/airflow/dags/prf_dag.py
[2024-12-07T23:01:34.877+0000] {processor.py:925} INFO - DAG(s) 'prf_dag' retrieved from /opt/airflow/dags/prf_dag.py
[2024-12-07T23:01:34.891+0000] {logging_mixin.py:190} INFO - [2024-12-07T23:01:34.891+0000] {dag.py:3239} INFO - Sync 1 DAGs
[2024-12-07T23:01:34.912+0000] {logging_mixin.py:190} INFO - [2024-12-07T23:01:34.912+0000] {dag.py:4180} INFO - Setting next_dagrun for prf_dag to 2024-12-01 00:00:00+00:00, run_after=2025-01-01 00:00:00+00:00
[2024-12-07T23:01:34.925+0000] {processor.py:208} INFO - Processing /opt/airflow/dags/prf_dag.py took 0.505 seconds
[2024-12-07T23:02:05.863+0000] {processor.py:186} INFO - Started process (PID=62) to work on /opt/airflow/dags/prf_dag.py
[2024-12-07T23:02:05.864+0000] {processor.py:914} INFO - Processing file /opt/airflow/dags/prf_dag.py for tasks to queue
[2024-12-07T23:02:05.866+0000] {logging_mixin.py:190} INFO - [2024-12-07T23:02:05.865+0000] {dagbag.py:588} INFO - Filling up the DagBag from /opt/airflow/dags/prf_dag.py
[2024-12-07T23:02:06.210+0000] {processor.py:925} INFO - DAG(s) 'prf_dag' retrieved from /opt/airflow/dags/prf_dag.py
[2024-12-07T23:02:06.227+0000] {logging_mixin.py:190} INFO - [2024-12-07T23:02:06.226+0000] {dag.py:3239} INFO - Sync 1 DAGs
[2024-12-07T23:02:06.251+0000] {logging_mixin.py:190} INFO - [2024-12-07T23:02:06.251+0000] {dag.py:4180} INFO - Setting next_dagrun for prf_dag to 2024-12-01 00:00:00+00:00, run_after=2025-01-01 00:00:00+00:00
[2024-12-07T23:02:06.266+0000] {processor.py:208} INFO - Processing /opt/airflow/dags/prf_dag.py took 0.408 seconds
[2024-12-07T23:02:37.594+0000] {processor.py:186} INFO - Started process (PID=74) to work on /opt/airflow/dags/prf_dag.py
[2024-12-07T23:02:37.596+0000] {processor.py:914} INFO - Processing file /opt/airflow/dags/prf_dag.py for tasks to queue
[2024-12-07T23:02:37.602+0000] {logging_mixin.py:190} INFO - [2024-12-07T23:02:37.601+0000] {dagbag.py:588} INFO - Filling up the DagBag from /opt/airflow/dags/prf_dag.py
[2024-12-07T23:02:38.266+0000] {processor.py:925} INFO - DAG(s) 'prf_dag' retrieved from /opt/airflow/dags/prf_dag.py
[2024-12-07T23:02:38.304+0000] {logging_mixin.py:190} INFO - [2024-12-07T23:02:38.303+0000] {dag.py:3239} INFO - Sync 1 DAGs
[2024-12-07T23:02:38.361+0000] {logging_mixin.py:190} INFO - [2024-12-07T23:02:38.361+0000] {dag.py:4180} INFO - Setting next_dagrun for prf_dag to 2024-12-01 00:00:00+00:00, run_after=2025-01-01 00:00:00+00:00
[2024-12-07T23:02:38.406+0000] {processor.py:208} INFO - Processing /opt/airflow/dags/prf_dag.py took 0.825 seconds
[2024-12-07T23:03:08.576+0000] {processor.py:186} INFO - Started process (PID=86) to work on /opt/airflow/dags/prf_dag.py
[2024-12-07T23:03:08.576+0000] {processor.py:914} INFO - Processing file /opt/airflow/dags/prf_dag.py for tasks to queue
[2024-12-07T23:03:08.578+0000] {logging_mixin.py:190} INFO - [2024-12-07T23:03:08.578+0000] {dagbag.py:588} INFO - Filling up the DagBag from /opt/airflow/dags/prf_dag.py
[2024-12-07T23:03:08.956+0000] {processor.py:925} INFO - DAG(s) 'prf_dag' retrieved from /opt/airflow/dags/prf_dag.py
[2024-12-07T23:03:08.984+0000] {logging_mixin.py:190} INFO - [2024-12-07T23:03:08.983+0000] {dag.py:3239} INFO - Sync 1 DAGs
[2024-12-07T23:03:09.018+0000] {logging_mixin.py:190} INFO - [2024-12-07T23:03:09.017+0000] {dag.py:4180} INFO - Setting next_dagrun for prf_dag to 2024-12-01 00:00:00+00:00, run_after=2025-01-01 00:00:00+00:00
[2024-12-07T23:03:09.034+0000] {processor.py:208} INFO - Processing /opt/airflow/dags/prf_dag.py took 0.464 seconds
[2024-12-07T23:03:40.317+0000] {processor.py:186} INFO - Started process (PID=98) to work on /opt/airflow/dags/prf_dag.py
[2024-12-07T23:03:40.318+0000] {processor.py:914} INFO - Processing file /opt/airflow/dags/prf_dag.py for tasks to queue
[2024-12-07T23:03:40.320+0000] {logging_mixin.py:190} INFO - [2024-12-07T23:03:40.320+0000] {dagbag.py:588} INFO - Filling up the DagBag from /opt/airflow/dags/prf_dag.py
[2024-12-07T23:03:40.774+0000] {processor.py:925} INFO - DAG(s) 'prf_dag' retrieved from /opt/airflow/dags/prf_dag.py
[2024-12-07T23:03:40.814+0000] {logging_mixin.py:190} INFO - [2024-12-07T23:03:40.813+0000] {dag.py:3239} INFO - Sync 1 DAGs
[2024-12-07T23:03:40.882+0000] {logging_mixin.py:190} INFO - [2024-12-07T23:03:40.881+0000] {dag.py:4180} INFO - Setting next_dagrun for prf_dag to 2024-12-01 00:00:00+00:00, run_after=2025-01-01 00:00:00+00:00
[2024-12-07T23:03:40.903+0000] {processor.py:208} INFO - Processing /opt/airflow/dags/prf_dag.py took 0.591 seconds
[2024-12-07T23:04:11.025+0000] {processor.py:186} INFO - Started process (PID=110) to work on /opt/airflow/dags/prf_dag.py
[2024-12-07T23:04:11.026+0000] {processor.py:914} INFO - Processing file /opt/airflow/dags/prf_dag.py for tasks to queue
[2024-12-07T23:04:11.028+0000] {logging_mixin.py:190} INFO - [2024-12-07T23:04:11.027+0000] {dagbag.py:588} INFO - Filling up the DagBag from /opt/airflow/dags/prf_dag.py
[2024-12-07T23:04:11.311+0000] {processor.py:925} INFO - DAG(s) 'prf_dag' retrieved from /opt/airflow/dags/prf_dag.py
[2024-12-07T23:04:11.326+0000] {logging_mixin.py:190} INFO - [2024-12-07T23:04:11.326+0000] {dag.py:3239} INFO - Sync 1 DAGs
[2024-12-07T23:04:11.348+0000] {logging_mixin.py:190} INFO - [2024-12-07T23:04:11.348+0000] {dag.py:4180} INFO - Setting next_dagrun for prf_dag to 2024-12-01 00:00:00+00:00, run_after=2025-01-01 00:00:00+00:00
[2024-12-07T23:04:11.363+0000] {processor.py:208} INFO - Processing /opt/airflow/dags/prf_dag.py took 0.343 seconds
[2024-12-07T23:04:42.062+0000] {processor.py:186} INFO - Started process (PID=121) to work on /opt/airflow/dags/prf_dag.py
[2024-12-07T23:04:42.062+0000] {processor.py:914} INFO - Processing file /opt/airflow/dags/prf_dag.py for tasks to queue
[2024-12-07T23:04:42.064+0000] {logging_mixin.py:190} INFO - [2024-12-07T23:04:42.064+0000] {dagbag.py:588} INFO - Filling up the DagBag from /opt/airflow/dags/prf_dag.py
[2024-12-07T23:04:42.346+0000] {processor.py:925} INFO - DAG(s) 'prf_dag' retrieved from /opt/airflow/dags/prf_dag.py
[2024-12-07T23:04:42.363+0000] {logging_mixin.py:190} INFO - [2024-12-07T23:04:42.363+0000] {dag.py:3239} INFO - Sync 1 DAGs
[2024-12-07T23:04:42.388+0000] {logging_mixin.py:190} INFO - [2024-12-07T23:04:42.388+0000] {dag.py:4180} INFO - Setting next_dagrun for prf_dag to 2024-12-01 00:00:00+00:00, run_after=2025-01-01 00:00:00+00:00
[2024-12-07T23:04:42.408+0000] {processor.py:208} INFO - Processing /opt/airflow/dags/prf_dag.py took 0.351 seconds
[2024-12-07T23:05:13.147+0000] {processor.py:186} INFO - Started process (PID=133) to work on /opt/airflow/dags/prf_dag.py
[2024-12-07T23:05:13.148+0000] {processor.py:914} INFO - Processing file /opt/airflow/dags/prf_dag.py for tasks to queue
[2024-12-07T23:05:13.150+0000] {logging_mixin.py:190} INFO - [2024-12-07T23:05:13.149+0000] {dagbag.py:588} INFO - Filling up the DagBag from /opt/airflow/dags/prf_dag.py
[2024-12-07T23:05:13.402+0000] {processor.py:925} INFO - DAG(s) 'prf_dag' retrieved from /opt/airflow/dags/prf_dag.py
[2024-12-07T23:05:13.417+0000] {logging_mixin.py:190} INFO - [2024-12-07T23:05:13.416+0000] {dag.py:3239} INFO - Sync 1 DAGs
[2024-12-07T23:05:13.438+0000] {logging_mixin.py:190} INFO - [2024-12-07T23:05:13.438+0000] {dag.py:4180} INFO - Setting next_dagrun for prf_dag to 2024-12-01 00:00:00+00:00, run_after=2025-01-01 00:00:00+00:00
[2024-12-07T23:05:13.454+0000] {processor.py:208} INFO - Processing /opt/airflow/dags/prf_dag.py took 0.311 seconds
[2024-12-07T23:05:44.395+0000] {processor.py:186} INFO - Started process (PID=145) to work on /opt/airflow/dags/prf_dag.py
[2024-12-07T23:05:44.396+0000] {processor.py:914} INFO - Processing file /opt/airflow/dags/prf_dag.py for tasks to queue
[2024-12-07T23:05:44.399+0000] {logging_mixin.py:190} INFO - [2024-12-07T23:05:44.398+0000] {dagbag.py:588} INFO - Filling up the DagBag from /opt/airflow/dags/prf_dag.py
[2024-12-07T23:05:44.804+0000] {processor.py:925} INFO - DAG(s) 'prf_dag' retrieved from /opt/airflow/dags/prf_dag.py
[2024-12-07T23:05:44.845+0000] {logging_mixin.py:190} INFO - [2024-12-07T23:05:44.844+0000] {dag.py:3239} INFO - Sync 1 DAGs
[2024-12-07T23:05:44.916+0000] {logging_mixin.py:190} INFO - [2024-12-07T23:05:44.915+0000] {dag.py:4180} INFO - Setting next_dagrun for prf_dag to 2024-12-01 00:00:00+00:00, run_after=2025-01-01 00:00:00+00:00
[2024-12-07T23:05:44.957+0000] {processor.py:208} INFO - Processing /opt/airflow/dags/prf_dag.py took 0.569 seconds
[2024-12-07T23:06:15.467+0000] {processor.py:186} INFO - Started process (PID=157) to work on /opt/airflow/dags/prf_dag.py
[2024-12-07T23:06:15.468+0000] {processor.py:914} INFO - Processing file /opt/airflow/dags/prf_dag.py for tasks to queue
[2024-12-07T23:06:15.469+0000] {logging_mixin.py:190} INFO - [2024-12-07T23:06:15.469+0000] {dagbag.py:588} INFO - Filling up the DagBag from /opt/airflow/dags/prf_dag.py
[2024-12-07T23:06:15.725+0000] {processor.py:925} INFO - DAG(s) 'prf_dag' retrieved from /opt/airflow/dags/prf_dag.py
[2024-12-07T23:06:15.739+0000] {logging_mixin.py:190} INFO - [2024-12-07T23:06:15.739+0000] {dag.py:3239} INFO - Sync 1 DAGs
[2024-12-07T23:06:15.761+0000] {logging_mixin.py:190} INFO - [2024-12-07T23:06:15.760+0000] {dag.py:4180} INFO - Setting next_dagrun for prf_dag to 2024-12-01 00:00:00+00:00, run_after=2025-01-01 00:00:00+00:00
[2024-12-07T23:06:15.775+0000] {processor.py:208} INFO - Processing /opt/airflow/dags/prf_dag.py took 0.312 seconds
[2024-12-07T23:06:46.505+0000] {processor.py:186} INFO - Started process (PID=169) to work on /opt/airflow/dags/prf_dag.py
[2024-12-07T23:06:46.505+0000] {processor.py:914} INFO - Processing file /opt/airflow/dags/prf_dag.py for tasks to queue
[2024-12-07T23:06:46.507+0000] {logging_mixin.py:190} INFO - [2024-12-07T23:06:46.507+0000] {dagbag.py:588} INFO - Filling up the DagBag from /opt/airflow/dags/prf_dag.py
[2024-12-07T23:06:46.758+0000] {processor.py:925} INFO - DAG(s) 'prf_dag' retrieved from /opt/airflow/dags/prf_dag.py
[2024-12-07T23:06:46.770+0000] {logging_mixin.py:190} INFO - [2024-12-07T23:06:46.770+0000] {dag.py:3239} INFO - Sync 1 DAGs
[2024-12-07T23:06:46.792+0000] {logging_mixin.py:190} INFO - [2024-12-07T23:06:46.792+0000] {dag.py:4180} INFO - Setting next_dagrun for prf_dag to 2024-12-01 00:00:00+00:00, run_after=2025-01-01 00:00:00+00:00
[2024-12-07T23:06:46.807+0000] {processor.py:208} INFO - Processing /opt/airflow/dags/prf_dag.py took 0.307 seconds
[2024-12-07T23:07:17.546+0000] {processor.py:186} INFO - Started process (PID=181) to work on /opt/airflow/dags/prf_dag.py
[2024-12-07T23:07:17.547+0000] {processor.py:914} INFO - Processing file /opt/airflow/dags/prf_dag.py for tasks to queue
[2024-12-07T23:07:17.549+0000] {logging_mixin.py:190} INFO - [2024-12-07T23:07:17.548+0000] {dagbag.py:588} INFO - Filling up the DagBag from /opt/airflow/dags/prf_dag.py
[2024-12-07T23:07:17.794+0000] {processor.py:925} INFO - DAG(s) 'prf_dag' retrieved from /opt/airflow/dags/prf_dag.py
[2024-12-07T23:07:17.810+0000] {logging_mixin.py:190} INFO - [2024-12-07T23:07:17.809+0000] {dag.py:3239} INFO - Sync 1 DAGs
[2024-12-07T23:07:17.831+0000] {logging_mixin.py:190} INFO - [2024-12-07T23:07:17.831+0000] {dag.py:4180} INFO - Setting next_dagrun for prf_dag to 2024-12-01 00:00:00+00:00, run_after=2025-01-01 00:00:00+00:00
[2024-12-07T23:07:17.846+0000] {processor.py:208} INFO - Processing /opt/airflow/dags/prf_dag.py took 0.304 seconds
[2024-12-07T23:07:48.547+0000] {processor.py:186} INFO - Started process (PID=193) to work on /opt/airflow/dags/prf_dag.py
[2024-12-07T23:07:48.548+0000] {processor.py:914} INFO - Processing file /opt/airflow/dags/prf_dag.py for tasks to queue
[2024-12-07T23:07:48.550+0000] {logging_mixin.py:190} INFO - [2024-12-07T23:07:48.549+0000] {dagbag.py:588} INFO - Filling up the DagBag from /opt/airflow/dags/prf_dag.py
[2024-12-07T23:07:48.790+0000] {processor.py:925} INFO - DAG(s) 'prf_dag' retrieved from /opt/airflow/dags/prf_dag.py
[2024-12-07T23:07:48.805+0000] {logging_mixin.py:190} INFO - [2024-12-07T23:07:48.805+0000] {dag.py:3239} INFO - Sync 1 DAGs
[2024-12-07T23:07:48.828+0000] {logging_mixin.py:190} INFO - [2024-12-07T23:07:48.828+0000] {dag.py:4180} INFO - Setting next_dagrun for prf_dag to 2024-12-01 00:00:00+00:00, run_after=2025-01-01 00:00:00+00:00
[2024-12-07T23:07:48.843+0000] {processor.py:208} INFO - Processing /opt/airflow/dags/prf_dag.py took 0.300 seconds
[2024-12-07T23:08:19.617+0000] {processor.py:186} INFO - Started process (PID=211) to work on /opt/airflow/dags/prf_dag.py
[2024-12-07T23:08:19.618+0000] {processor.py:914} INFO - Processing file /opt/airflow/dags/prf_dag.py for tasks to queue
[2024-12-07T23:08:19.619+0000] {logging_mixin.py:190} INFO - [2024-12-07T23:08:19.619+0000] {dagbag.py:588} INFO - Filling up the DagBag from /opt/airflow/dags/prf_dag.py
[2024-12-07T23:08:19.860+0000] {processor.py:925} INFO - DAG(s) 'prf_dag' retrieved from /opt/airflow/dags/prf_dag.py
[2024-12-07T23:08:19.875+0000] {logging_mixin.py:190} INFO - [2024-12-07T23:08:19.875+0000] {dag.py:3239} INFO - Sync 1 DAGs
[2024-12-07T23:08:19.897+0000] {logging_mixin.py:190} INFO - [2024-12-07T23:08:19.896+0000] {dag.py:4180} INFO - Setting next_dagrun for prf_dag to 2024-12-01 00:00:00+00:00, run_after=2025-01-01 00:00:00+00:00
[2024-12-07T23:08:19.913+0000] {processor.py:208} INFO - Processing /opt/airflow/dags/prf_dag.py took 0.300 seconds
[2024-12-07T23:08:50.629+0000] {processor.py:186} INFO - Started process (PID=223) to work on /opt/airflow/dags/prf_dag.py
[2024-12-07T23:08:50.630+0000] {processor.py:914} INFO - Processing file /opt/airflow/dags/prf_dag.py for tasks to queue
[2024-12-07T23:08:50.631+0000] {logging_mixin.py:190} INFO - [2024-12-07T23:08:50.631+0000] {dagbag.py:588} INFO - Filling up the DagBag from /opt/airflow/dags/prf_dag.py
[2024-12-07T23:08:50.890+0000] {processor.py:925} INFO - DAG(s) 'prf_dag' retrieved from /opt/airflow/dags/prf_dag.py
[2024-12-07T23:08:50.905+0000] {logging_mixin.py:190} INFO - [2024-12-07T23:08:50.904+0000] {dag.py:3239} INFO - Sync 1 DAGs
[2024-12-07T23:08:50.927+0000] {logging_mixin.py:190} INFO - [2024-12-07T23:08:50.927+0000] {dag.py:4180} INFO - Setting next_dagrun for prf_dag to 2024-12-01 00:00:00+00:00, run_after=2025-01-01 00:00:00+00:00
[2024-12-07T23:08:50.941+0000] {processor.py:208} INFO - Processing /opt/airflow/dags/prf_dag.py took 0.316 seconds
[2024-12-07T23:09:21.628+0000] {processor.py:186} INFO - Started process (PID=235) to work on /opt/airflow/dags/prf_dag.py
[2024-12-07T23:09:21.629+0000] {processor.py:914} INFO - Processing file /opt/airflow/dags/prf_dag.py for tasks to queue
[2024-12-07T23:09:21.630+0000] {logging_mixin.py:190} INFO - [2024-12-07T23:09:21.630+0000] {dagbag.py:588} INFO - Filling up the DagBag from /opt/airflow/dags/prf_dag.py
[2024-12-07T23:09:21.870+0000] {processor.py:925} INFO - DAG(s) 'prf_dag' retrieved from /opt/airflow/dags/prf_dag.py
[2024-12-07T23:09:21.882+0000] {logging_mixin.py:190} INFO - [2024-12-07T23:09:21.881+0000] {dag.py:3239} INFO - Sync 1 DAGs
[2024-12-07T23:09:21.902+0000] {logging_mixin.py:190} INFO - [2024-12-07T23:09:21.902+0000] {dag.py:4180} INFO - Setting next_dagrun for prf_dag to 2024-12-01 00:00:00+00:00, run_after=2025-01-01 00:00:00+00:00
[2024-12-07T23:09:21.918+0000] {processor.py:208} INFO - Processing /opt/airflow/dags/prf_dag.py took 0.294 seconds
[2024-12-07T23:09:52.633+0000] {processor.py:186} INFO - Started process (PID=247) to work on /opt/airflow/dags/prf_dag.py
[2024-12-07T23:09:52.634+0000] {processor.py:914} INFO - Processing file /opt/airflow/dags/prf_dag.py for tasks to queue
[2024-12-07T23:09:52.636+0000] {logging_mixin.py:190} INFO - [2024-12-07T23:09:52.636+0000] {dagbag.py:588} INFO - Filling up the DagBag from /opt/airflow/dags/prf_dag.py
[2024-12-07T23:09:52.893+0000] {processor.py:925} INFO - DAG(s) 'prf_dag' retrieved from /opt/airflow/dags/prf_dag.py
[2024-12-07T23:09:52.906+0000] {logging_mixin.py:190} INFO - [2024-12-07T23:09:52.905+0000] {dag.py:3239} INFO - Sync 1 DAGs
[2024-12-07T23:09:52.927+0000] {logging_mixin.py:190} INFO - [2024-12-07T23:09:52.927+0000] {dag.py:4180} INFO - Setting next_dagrun for prf_dag to 2024-12-01 00:00:00+00:00, run_after=2025-01-01 00:00:00+00:00
[2024-12-07T23:09:52.942+0000] {processor.py:208} INFO - Processing /opt/airflow/dags/prf_dag.py took 0.313 seconds
[2024-12-07T23:10:23.665+0000] {processor.py:186} INFO - Started process (PID=259) to work on /opt/airflow/dags/prf_dag.py
[2024-12-07T23:10:23.665+0000] {processor.py:914} INFO - Processing file /opt/airflow/dags/prf_dag.py for tasks to queue
[2024-12-07T23:10:23.667+0000] {logging_mixin.py:190} INFO - [2024-12-07T23:10:23.667+0000] {dagbag.py:588} INFO - Filling up the DagBag from /opt/airflow/dags/prf_dag.py
[2024-12-07T23:10:23.910+0000] {processor.py:925} INFO - DAG(s) 'prf_dag' retrieved from /opt/airflow/dags/prf_dag.py
[2024-12-07T23:10:23.926+0000] {logging_mixin.py:190} INFO - [2024-12-07T23:10:23.925+0000] {dag.py:3239} INFO - Sync 1 DAGs
[2024-12-07T23:10:23.948+0000] {logging_mixin.py:190} INFO - [2024-12-07T23:10:23.947+0000] {dag.py:4180} INFO - Setting next_dagrun for prf_dag to 2024-12-01 00:00:00+00:00, run_after=2025-01-01 00:00:00+00:00
[2024-12-07T23:10:23.962+0000] {processor.py:208} INFO - Processing /opt/airflow/dags/prf_dag.py took 0.301 seconds
[2024-12-07T23:10:54.686+0000] {processor.py:186} INFO - Started process (PID=271) to work on /opt/airflow/dags/prf_dag.py
[2024-12-07T23:10:54.687+0000] {processor.py:914} INFO - Processing file /opt/airflow/dags/prf_dag.py for tasks to queue
[2024-12-07T23:10:54.688+0000] {logging_mixin.py:190} INFO - [2024-12-07T23:10:54.688+0000] {dagbag.py:588} INFO - Filling up the DagBag from /opt/airflow/dags/prf_dag.py
[2024-12-07T23:10:54.930+0000] {processor.py:925} INFO - DAG(s) 'prf_dag' retrieved from /opt/airflow/dags/prf_dag.py
[2024-12-07T23:10:54.944+0000] {logging_mixin.py:190} INFO - [2024-12-07T23:10:54.944+0000] {dag.py:3239} INFO - Sync 1 DAGs
[2024-12-07T23:10:54.967+0000] {logging_mixin.py:190} INFO - [2024-12-07T23:10:54.967+0000] {dag.py:4180} INFO - Setting next_dagrun for prf_dag to 2024-12-01 00:00:00+00:00, run_after=2025-01-01 00:00:00+00:00
[2024-12-07T23:10:54.983+0000] {processor.py:208} INFO - Processing /opt/airflow/dags/prf_dag.py took 0.301 seconds
[2024-12-07T23:11:25.783+0000] {processor.py:186} INFO - Started process (PID=283) to work on /opt/airflow/dags/prf_dag.py
[2024-12-07T23:11:25.784+0000] {processor.py:914} INFO - Processing file /opt/airflow/dags/prf_dag.py for tasks to queue
[2024-12-07T23:11:25.787+0000] {logging_mixin.py:190} INFO - [2024-12-07T23:11:25.787+0000] {dagbag.py:588} INFO - Filling up the DagBag from /opt/airflow/dags/prf_dag.py
[2024-12-07T23:11:26.143+0000] {processor.py:925} INFO - DAG(s) 'prf_dag' retrieved from /opt/airflow/dags/prf_dag.py
[2024-12-07T23:11:26.164+0000] {logging_mixin.py:190} INFO - [2024-12-07T23:11:26.163+0000] {dag.py:3239} INFO - Sync 1 DAGs
[2024-12-07T23:11:26.190+0000] {logging_mixin.py:190} INFO - [2024-12-07T23:11:26.189+0000] {dag.py:4180} INFO - Setting next_dagrun for prf_dag to 2024-12-01 00:00:00+00:00, run_after=2025-01-01 00:00:00+00:00
[2024-12-07T23:11:26.205+0000] {processor.py:208} INFO - Processing /opt/airflow/dags/prf_dag.py took 0.429 seconds
[2024-12-07T23:11:56.822+0000] {processor.py:186} INFO - Started process (PID=295) to work on /opt/airflow/dags/prf_dag.py
[2024-12-07T23:11:56.822+0000] {processor.py:914} INFO - Processing file /opt/airflow/dags/prf_dag.py for tasks to queue
[2024-12-07T23:11:56.824+0000] {logging_mixin.py:190} INFO - [2024-12-07T23:11:56.824+0000] {dagbag.py:588} INFO - Filling up the DagBag from /opt/airflow/dags/prf_dag.py
[2024-12-07T23:11:57.101+0000] {processor.py:925} INFO - DAG(s) 'prf_dag' retrieved from /opt/airflow/dags/prf_dag.py
[2024-12-07T23:11:57.117+0000] {logging_mixin.py:190} INFO - [2024-12-07T23:11:57.116+0000] {dag.py:3239} INFO - Sync 1 DAGs
[2024-12-07T23:11:57.141+0000] {logging_mixin.py:190} INFO - [2024-12-07T23:11:57.141+0000] {dag.py:4180} INFO - Setting next_dagrun for prf_dag to 2024-12-01 00:00:00+00:00, run_after=2025-01-01 00:00:00+00:00
[2024-12-07T23:11:57.155+0000] {processor.py:208} INFO - Processing /opt/airflow/dags/prf_dag.py took 0.338 seconds
[2024-12-07T23:12:28.142+0000] {processor.py:186} INFO - Started process (PID=307) to work on /opt/airflow/dags/prf_dag.py
[2024-12-07T23:12:28.143+0000] {processor.py:914} INFO - Processing file /opt/airflow/dags/prf_dag.py for tasks to queue
[2024-12-07T23:12:28.146+0000] {logging_mixin.py:190} INFO - [2024-12-07T23:12:28.145+0000] {dagbag.py:588} INFO - Filling up the DagBag from /opt/airflow/dags/prf_dag.py
[2024-12-07T23:12:28.480+0000] {processor.py:925} INFO - DAG(s) 'prf_dag' retrieved from /opt/airflow/dags/prf_dag.py
[2024-12-07T23:12:28.497+0000] {logging_mixin.py:190} INFO - [2024-12-07T23:12:28.497+0000] {dag.py:3239} INFO - Sync 1 DAGs
[2024-12-07T23:12:28.523+0000] {logging_mixin.py:190} INFO - [2024-12-07T23:12:28.523+0000] {dag.py:4180} INFO - Setting next_dagrun for prf_dag to 2024-12-01 00:00:00+00:00, run_after=2025-01-01 00:00:00+00:00
[2024-12-07T23:12:28.541+0000] {processor.py:208} INFO - Processing /opt/airflow/dags/prf_dag.py took 0.407 seconds
[2024-12-07T23:13:00.211+0000] {processor.py:186} INFO - Started process (PID=318) to work on /opt/airflow/dags/prf_dag.py
[2024-12-07T23:13:00.213+0000] {processor.py:914} INFO - Processing file /opt/airflow/dags/prf_dag.py for tasks to queue
[2024-12-07T23:13:00.216+0000] {logging_mixin.py:190} INFO - [2024-12-07T23:13:00.215+0000] {dagbag.py:588} INFO - Filling up the DagBag from /opt/airflow/dags/prf_dag.py
[2024-12-07T23:13:00.814+0000] {processor.py:925} INFO - DAG(s) 'prf_dag' retrieved from /opt/airflow/dags/prf_dag.py
[2024-12-07T23:13:00.851+0000] {logging_mixin.py:190} INFO - [2024-12-07T23:13:00.851+0000] {dag.py:3239} INFO - Sync 1 DAGs
[2024-12-07T23:13:00.907+0000] {logging_mixin.py:190} INFO - [2024-12-07T23:13:00.907+0000] {dag.py:4180} INFO - Setting next_dagrun for prf_dag to 2024-12-01 00:00:00+00:00, run_after=2025-01-01 00:00:00+00:00
[2024-12-07T23:13:00.940+0000] {processor.py:208} INFO - Processing /opt/airflow/dags/prf_dag.py took 0.736 seconds
[2024-12-07T23:13:31.031+0000] {processor.py:186} INFO - Started process (PID=330) to work on /opt/airflow/dags/prf_dag.py
[2024-12-07T23:13:31.032+0000] {processor.py:914} INFO - Processing file /opt/airflow/dags/prf_dag.py for tasks to queue
[2024-12-07T23:13:31.034+0000] {logging_mixin.py:190} INFO - [2024-12-07T23:13:31.034+0000] {dagbag.py:588} INFO - Filling up the DagBag from /opt/airflow/dags/prf_dag.py
[2024-12-07T23:13:31.295+0000] {processor.py:925} INFO - DAG(s) 'prf_dag' retrieved from /opt/airflow/dags/prf_dag.py
[2024-12-07T23:13:31.312+0000] {logging_mixin.py:190} INFO - [2024-12-07T23:13:31.312+0000] {dag.py:3239} INFO - Sync 1 DAGs
[2024-12-07T23:13:31.335+0000] {logging_mixin.py:190} INFO - [2024-12-07T23:13:31.335+0000] {dag.py:4180} INFO - Setting next_dagrun for prf_dag to 2024-12-01 00:00:00+00:00, run_after=2025-01-01 00:00:00+00:00
[2024-12-07T23:13:31.350+0000] {processor.py:208} INFO - Processing /opt/airflow/dags/prf_dag.py took 0.323 seconds
[2024-12-07T23:14:02.142+0000] {processor.py:186} INFO - Started process (PID=342) to work on /opt/airflow/dags/prf_dag.py
[2024-12-07T23:14:02.143+0000] {processor.py:914} INFO - Processing file /opt/airflow/dags/prf_dag.py for tasks to queue
[2024-12-07T23:14:02.145+0000] {logging_mixin.py:190} INFO - [2024-12-07T23:14:02.144+0000] {dagbag.py:588} INFO - Filling up the DagBag from /opt/airflow/dags/prf_dag.py
[2024-12-07T23:14:02.405+0000] {processor.py:925} INFO - DAG(s) 'prf_dag' retrieved from /opt/airflow/dags/prf_dag.py
[2024-12-07T23:14:02.420+0000] {logging_mixin.py:190} INFO - [2024-12-07T23:14:02.419+0000] {dag.py:3239} INFO - Sync 1 DAGs
[2024-12-07T23:14:02.442+0000] {logging_mixin.py:190} INFO - [2024-12-07T23:14:02.442+0000] {dag.py:4180} INFO - Setting next_dagrun for prf_dag to 2024-12-01 00:00:00+00:00, run_after=2025-01-01 00:00:00+00:00
[2024-12-07T23:14:02.457+0000] {processor.py:208} INFO - Processing /opt/airflow/dags/prf_dag.py took 0.319 seconds
[2024-12-07T23:14:33.146+0000] {processor.py:186} INFO - Started process (PID=354) to work on /opt/airflow/dags/prf_dag.py
[2024-12-07T23:14:33.146+0000] {processor.py:914} INFO - Processing file /opt/airflow/dags/prf_dag.py for tasks to queue
[2024-12-07T23:14:33.148+0000] {logging_mixin.py:190} INFO - [2024-12-07T23:14:33.148+0000] {dagbag.py:588} INFO - Filling up the DagBag from /opt/airflow/dags/prf_dag.py
[2024-12-07T23:14:33.396+0000] {processor.py:925} INFO - DAG(s) 'prf_dag' retrieved from /opt/airflow/dags/prf_dag.py
[2024-12-07T23:14:33.411+0000] {logging_mixin.py:190} INFO - [2024-12-07T23:14:33.410+0000] {dag.py:3239} INFO - Sync 1 DAGs
[2024-12-07T23:14:33.432+0000] {logging_mixin.py:190} INFO - [2024-12-07T23:14:33.432+0000] {dag.py:4180} INFO - Setting next_dagrun for prf_dag to 2024-12-01 00:00:00+00:00, run_after=2025-01-01 00:00:00+00:00
[2024-12-07T23:14:33.448+0000] {processor.py:208} INFO - Processing /opt/airflow/dags/prf_dag.py took 0.307 seconds
[2024-12-07T23:15:04.348+0000] {processor.py:186} INFO - Started process (PID=366) to work on /opt/airflow/dags/prf_dag.py
[2024-12-07T23:15:04.348+0000] {processor.py:914} INFO - Processing file /opt/airflow/dags/prf_dag.py for tasks to queue
[2024-12-07T23:15:04.350+0000] {logging_mixin.py:190} INFO - [2024-12-07T23:15:04.350+0000] {dagbag.py:588} INFO - Filling up the DagBag from /opt/airflow/dags/prf_dag.py
[2024-12-07T23:15:04.582+0000] {processor.py:925} INFO - DAG(s) 'prf_dag' retrieved from /opt/airflow/dags/prf_dag.py
[2024-12-07T23:15:04.596+0000] {logging_mixin.py:190} INFO - [2024-12-07T23:15:04.595+0000] {dag.py:3239} INFO - Sync 1 DAGs
[2024-12-07T23:15:04.618+0000] {logging_mixin.py:190} INFO - [2024-12-07T23:15:04.618+0000] {dag.py:4180} INFO - Setting next_dagrun for prf_dag to 2024-12-01 00:00:00+00:00, run_after=2025-01-01 00:00:00+00:00
[2024-12-07T23:15:04.633+0000] {processor.py:208} INFO - Processing /opt/airflow/dags/prf_dag.py took 0.290 seconds
[2024-12-07T23:15:35.246+0000] {processor.py:186} INFO - Started process (PID=378) to work on /opt/airflow/dags/prf_dag.py
[2024-12-07T23:15:35.247+0000] {processor.py:914} INFO - Processing file /opt/airflow/dags/prf_dag.py for tasks to queue
[2024-12-07T23:15:35.248+0000] {logging_mixin.py:190} INFO - [2024-12-07T23:15:35.248+0000] {dagbag.py:588} INFO - Filling up the DagBag from /opt/airflow/dags/prf_dag.py
[2024-12-07T23:15:35.522+0000] {processor.py:925} INFO - DAG(s) 'prf_dag' retrieved from /opt/airflow/dags/prf_dag.py
[2024-12-07T23:15:35.537+0000] {logging_mixin.py:190} INFO - [2024-12-07T23:15:35.537+0000] {dag.py:3239} INFO - Sync 1 DAGs
[2024-12-07T23:15:35.560+0000] {logging_mixin.py:190} INFO - [2024-12-07T23:15:35.559+0000] {dag.py:4180} INFO - Setting next_dagrun for prf_dag to 2024-12-01 00:00:00+00:00, run_after=2025-01-01 00:00:00+00:00
[2024-12-07T23:15:35.576+0000] {processor.py:208} INFO - Processing /opt/airflow/dags/prf_dag.py took 0.335 seconds
[2024-12-07T23:16:06.411+0000] {processor.py:186} INFO - Started process (PID=390) to work on /opt/airflow/dags/prf_dag.py
[2024-12-07T23:16:06.412+0000] {processor.py:914} INFO - Processing file /opt/airflow/dags/prf_dag.py for tasks to queue
[2024-12-07T23:16:06.413+0000] {logging_mixin.py:190} INFO - [2024-12-07T23:16:06.413+0000] {dagbag.py:588} INFO - Filling up the DagBag from /opt/airflow/dags/prf_dag.py
[2024-12-07T23:16:06.680+0000] {processor.py:925} INFO - DAG(s) 'prf_dag' retrieved from /opt/airflow/dags/prf_dag.py
[2024-12-07T23:16:06.697+0000] {logging_mixin.py:190} INFO - [2024-12-07T23:16:06.697+0000] {dag.py:3239} INFO - Sync 1 DAGs
[2024-12-07T23:16:06.736+0000] {logging_mixin.py:190} INFO - [2024-12-07T23:16:06.736+0000] {dag.py:4180} INFO - Setting next_dagrun for prf_dag to 2024-12-01 00:00:00+00:00, run_after=2025-01-01 00:00:00+00:00
[2024-12-07T23:16:06.752+0000] {processor.py:208} INFO - Processing /opt/airflow/dags/prf_dag.py took 0.346 seconds
[2024-12-07T23:16:37.281+0000] {processor.py:186} INFO - Started process (PID=402) to work on /opt/airflow/dags/prf_dag.py
[2024-12-07T23:16:37.282+0000] {processor.py:914} INFO - Processing file /opt/airflow/dags/prf_dag.py for tasks to queue
[2024-12-07T23:16:37.283+0000] {logging_mixin.py:190} INFO - [2024-12-07T23:16:37.283+0000] {dagbag.py:588} INFO - Filling up the DagBag from /opt/airflow/dags/prf_dag.py
[2024-12-07T23:16:37.559+0000] {processor.py:925} INFO - DAG(s) 'prf_dag' retrieved from /opt/airflow/dags/prf_dag.py
[2024-12-07T23:16:37.574+0000] {logging_mixin.py:190} INFO - [2024-12-07T23:16:37.573+0000] {dag.py:3239} INFO - Sync 1 DAGs
[2024-12-07T23:16:37.596+0000] {logging_mixin.py:190} INFO - [2024-12-07T23:16:37.595+0000] {dag.py:4180} INFO - Setting next_dagrun for prf_dag to 2024-12-01 00:00:00+00:00, run_after=2025-01-01 00:00:00+00:00
[2024-12-07T23:16:37.609+0000] {processor.py:208} INFO - Processing /opt/airflow/dags/prf_dag.py took 0.333 seconds
[2024-12-07T23:17:09.552+0000] {processor.py:186} INFO - Started process (PID=414) to work on /opt/airflow/dags/prf_dag.py
[2024-12-07T23:17:09.556+0000] {processor.py:914} INFO - Processing file /opt/airflow/dags/prf_dag.py for tasks to queue
[2024-12-07T23:17:09.560+0000] {logging_mixin.py:190} INFO - [2024-12-07T23:17:09.560+0000] {dagbag.py:588} INFO - Filling up the DagBag from /opt/airflow/dags/prf_dag.py
[2024-12-07T23:17:10.157+0000] {processor.py:925} INFO - DAG(s) 'prf_dag' retrieved from /opt/airflow/dags/prf_dag.py
[2024-12-07T23:17:10.183+0000] {logging_mixin.py:190} INFO - [2024-12-07T23:17:10.182+0000] {dag.py:3239} INFO - Sync 1 DAGs
[2024-12-07T23:17:10.225+0000] {logging_mixin.py:190} INFO - [2024-12-07T23:17:10.225+0000] {dag.py:4180} INFO - Setting next_dagrun for prf_dag to 2024-12-01 00:00:00+00:00, run_after=2025-01-01 00:00:00+00:00
[2024-12-07T23:17:10.246+0000] {processor.py:208} INFO - Processing /opt/airflow/dags/prf_dag.py took 0.701 seconds
[2024-12-07T23:17:40.582+0000] {processor.py:186} INFO - Started process (PID=426) to work on /opt/airflow/dags/prf_dag.py
[2024-12-07T23:17:40.583+0000] {processor.py:914} INFO - Processing file /opt/airflow/dags/prf_dag.py for tasks to queue
[2024-12-07T23:17:40.585+0000] {logging_mixin.py:190} INFO - [2024-12-07T23:17:40.584+0000] {dagbag.py:588} INFO - Filling up the DagBag from /opt/airflow/dags/prf_dag.py
[2024-12-07T23:17:40.951+0000] {processor.py:925} INFO - DAG(s) 'prf_dag' retrieved from /opt/airflow/dags/prf_dag.py
[2024-12-07T23:17:40.981+0000] {logging_mixin.py:190} INFO - [2024-12-07T23:17:40.980+0000] {dag.py:3239} INFO - Sync 1 DAGs
[2024-12-07T23:17:41.023+0000] {logging_mixin.py:190} INFO - [2024-12-07T23:17:41.023+0000] {dag.py:4180} INFO - Setting next_dagrun for prf_dag to 2024-12-01 00:00:00+00:00, run_after=2025-01-01 00:00:00+00:00
[2024-12-07T23:17:41.049+0000] {processor.py:208} INFO - Processing /opt/airflow/dags/prf_dag.py took 0.474 seconds
[2024-12-07T23:18:11.871+0000] {processor.py:186} INFO - Started process (PID=438) to work on /opt/airflow/dags/prf_dag.py
[2024-12-07T23:18:11.871+0000] {processor.py:914} INFO - Processing file /opt/airflow/dags/prf_dag.py for tasks to queue
[2024-12-07T23:18:11.873+0000] {logging_mixin.py:190} INFO - [2024-12-07T23:18:11.873+0000] {dagbag.py:588} INFO - Filling up the DagBag from /opt/airflow/dags/prf_dag.py
[2024-12-07T23:18:12.369+0000] {processor.py:925} INFO - DAG(s) 'prf_dag' retrieved from /opt/airflow/dags/prf_dag.py
[2024-12-07T23:18:12.416+0000] {logging_mixin.py:190} INFO - [2024-12-07T23:18:12.415+0000] {dag.py:3239} INFO - Sync 1 DAGs
[2024-12-07T23:18:12.487+0000] {logging_mixin.py:190} INFO - [2024-12-07T23:18:12.486+0000] {dag.py:4180} INFO - Setting next_dagrun for prf_dag to 2024-12-01 00:00:00+00:00, run_after=2025-01-01 00:00:00+00:00
[2024-12-07T23:18:12.524+0000] {processor.py:208} INFO - Processing /opt/airflow/dags/prf_dag.py took 0.660 seconds
[2024-12-07T23:18:43.072+0000] {processor.py:186} INFO - Started process (PID=450) to work on /opt/airflow/dags/prf_dag.py
[2024-12-07T23:18:43.075+0000] {processor.py:914} INFO - Processing file /opt/airflow/dags/prf_dag.py for tasks to queue
[2024-12-07T23:18:43.077+0000] {logging_mixin.py:190} INFO - [2024-12-07T23:18:43.077+0000] {dagbag.py:588} INFO - Filling up the DagBag from /opt/airflow/dags/prf_dag.py
[2024-12-07T23:18:43.574+0000] {processor.py:925} INFO - DAG(s) 'prf_dag' retrieved from /opt/airflow/dags/prf_dag.py
[2024-12-07T23:18:43.591+0000] {logging_mixin.py:190} INFO - [2024-12-07T23:18:43.591+0000] {dag.py:3239} INFO - Sync 1 DAGs
[2024-12-07T23:18:43.619+0000] {logging_mixin.py:190} INFO - [2024-12-07T23:18:43.619+0000] {dag.py:4180} INFO - Setting next_dagrun for prf_dag to 2024-12-01 00:00:00+00:00, run_after=2025-01-01 00:00:00+00:00
[2024-12-07T23:18:43.638+0000] {processor.py:208} INFO - Processing /opt/airflow/dags/prf_dag.py took 0.574 seconds
[2024-12-07T23:19:14.220+0000] {processor.py:186} INFO - Started process (PID=462) to work on /opt/airflow/dags/prf_dag.py
[2024-12-07T23:19:14.223+0000] {processor.py:914} INFO - Processing file /opt/airflow/dags/prf_dag.py for tasks to queue
[2024-12-07T23:19:14.225+0000] {logging_mixin.py:190} INFO - [2024-12-07T23:19:14.225+0000] {dagbag.py:588} INFO - Filling up the DagBag from /opt/airflow/dags/prf_dag.py
[2024-12-07T23:19:14.561+0000] {processor.py:925} INFO - DAG(s) 'prf_dag' retrieved from /opt/airflow/dags/prf_dag.py
[2024-12-07T23:19:14.579+0000] {logging_mixin.py:190} INFO - [2024-12-07T23:19:14.579+0000] {dag.py:3239} INFO - Sync 1 DAGs
[2024-12-07T23:19:14.607+0000] {logging_mixin.py:190} INFO - [2024-12-07T23:19:14.606+0000] {dag.py:4180} INFO - Setting next_dagrun for prf_dag to 2024-12-01 00:00:00+00:00, run_after=2025-01-01 00:00:00+00:00
[2024-12-07T23:19:14.622+0000] {processor.py:208} INFO - Processing /opt/airflow/dags/prf_dag.py took 0.406 seconds
[2024-12-07T23:19:45.104+0000] {processor.py:186} INFO - Started process (PID=473) to work on /opt/airflow/dags/prf_dag.py
[2024-12-07T23:19:45.108+0000] {processor.py:914} INFO - Processing file /opt/airflow/dags/prf_dag.py for tasks to queue
[2024-12-07T23:19:45.116+0000] {logging_mixin.py:190} INFO - [2024-12-07T23:19:45.115+0000] {dagbag.py:588} INFO - Filling up the DagBag from /opt/airflow/dags/prf_dag.py
[2024-12-07T23:19:45.664+0000] {processor.py:925} INFO - DAG(s) 'prf_dag' retrieved from /opt/airflow/dags/prf_dag.py
[2024-12-07T23:19:45.717+0000] {logging_mixin.py:190} INFO - [2024-12-07T23:19:45.716+0000] {dag.py:3239} INFO - Sync 1 DAGs
[2024-12-07T23:19:45.762+0000] {logging_mixin.py:190} INFO - [2024-12-07T23:19:45.761+0000] {dag.py:4180} INFO - Setting next_dagrun for prf_dag to 2024-12-01 00:00:00+00:00, run_after=2025-01-01 00:00:00+00:00
[2024-12-07T23:19:45.786+0000] {processor.py:208} INFO - Processing /opt/airflow/dags/prf_dag.py took 0.696 seconds
[2024-12-07T23:20:15.905+0000] {processor.py:186} INFO - Started process (PID=484) to work on /opt/airflow/dags/prf_dag.py
[2024-12-07T23:20:15.908+0000] {processor.py:914} INFO - Processing file /opt/airflow/dags/prf_dag.py for tasks to queue
[2024-12-07T23:20:15.911+0000] {logging_mixin.py:190} INFO - [2024-12-07T23:20:15.910+0000] {dagbag.py:588} INFO - Filling up the DagBag from /opt/airflow/dags/prf_dag.py
[2024-12-07T23:20:16.525+0000] {processor.py:925} INFO - DAG(s) 'prf_dag' retrieved from /opt/airflow/dags/prf_dag.py
[2024-12-07T23:20:16.564+0000] {logging_mixin.py:190} INFO - [2024-12-07T23:20:16.563+0000] {dag.py:3239} INFO - Sync 1 DAGs
[2024-12-07T23:20:16.619+0000] {logging_mixin.py:190} INFO - [2024-12-07T23:20:16.618+0000] {dag.py:4180} INFO - Setting next_dagrun for prf_dag to 2024-12-01 00:00:00+00:00, run_after=2025-01-01 00:00:00+00:00
[2024-12-07T23:20:16.662+0000] {processor.py:208} INFO - Processing /opt/airflow/dags/prf_dag.py took 0.766 seconds
[2024-12-07T23:20:46.826+0000] {processor.py:186} INFO - Started process (PID=495) to work on /opt/airflow/dags/prf_dag.py
[2024-12-07T23:20:46.828+0000] {processor.py:914} INFO - Processing file /opt/airflow/dags/prf_dag.py for tasks to queue
[2024-12-07T23:20:46.830+0000] {logging_mixin.py:190} INFO - [2024-12-07T23:20:46.830+0000] {dagbag.py:588} INFO - Filling up the DagBag from /opt/airflow/dags/prf_dag.py
[2024-12-07T23:20:47.378+0000] {processor.py:925} INFO - DAG(s) 'prf_dag' retrieved from /opt/airflow/dags/prf_dag.py
[2024-12-07T23:20:47.402+0000] {logging_mixin.py:190} INFO - [2024-12-07T23:20:47.402+0000] {dag.py:3239} INFO - Sync 1 DAGs
[2024-12-07T23:20:47.428+0000] {logging_mixin.py:190} INFO - [2024-12-07T23:20:47.428+0000] {dag.py:4180} INFO - Setting next_dagrun for prf_dag to 2024-12-01 00:00:00+00:00, run_after=2025-01-01 00:00:00+00:00
[2024-12-07T23:20:47.449+0000] {processor.py:208} INFO - Processing /opt/airflow/dags/prf_dag.py took 0.629 seconds
[2024-12-07T23:21:17.951+0000] {processor.py:186} INFO - Started process (PID=507) to work on /opt/airflow/dags/prf_dag.py
[2024-12-07T23:21:17.954+0000] {processor.py:914} INFO - Processing file /opt/airflow/dags/prf_dag.py for tasks to queue
[2024-12-07T23:21:17.958+0000] {logging_mixin.py:190} INFO - [2024-12-07T23:21:17.957+0000] {dagbag.py:588} INFO - Filling up the DagBag from /opt/airflow/dags/prf_dag.py
[2024-12-07T23:21:18.539+0000] {processor.py:925} INFO - DAG(s) 'prf_dag' retrieved from /opt/airflow/dags/prf_dag.py
[2024-12-07T23:21:18.570+0000] {logging_mixin.py:190} INFO - [2024-12-07T23:21:18.570+0000] {dag.py:3239} INFO - Sync 1 DAGs
[2024-12-07T23:21:18.621+0000] {logging_mixin.py:190} INFO - [2024-12-07T23:21:18.620+0000] {dag.py:4180} INFO - Setting next_dagrun for prf_dag to 2024-12-01 00:00:00+00:00, run_after=2025-01-01 00:00:00+00:00
[2024-12-07T23:21:18.667+0000] {processor.py:208} INFO - Processing /opt/airflow/dags/prf_dag.py took 0.728 seconds
[2024-12-07T23:21:48.839+0000] {processor.py:186} INFO - Started process (PID=519) to work on /opt/airflow/dags/prf_dag.py
[2024-12-07T23:21:48.842+0000] {processor.py:914} INFO - Processing file /opt/airflow/dags/prf_dag.py for tasks to queue
[2024-12-07T23:21:48.844+0000] {logging_mixin.py:190} INFO - [2024-12-07T23:21:48.844+0000] {dagbag.py:588} INFO - Filling up the DagBag from /opt/airflow/dags/prf_dag.py
[2024-12-07T23:21:49.243+0000] {processor.py:925} INFO - DAG(s) 'prf_dag' retrieved from /opt/airflow/dags/prf_dag.py
[2024-12-07T23:21:49.292+0000] {logging_mixin.py:190} INFO - [2024-12-07T23:21:49.291+0000] {dag.py:3239} INFO - Sync 1 DAGs
[2024-12-07T23:21:49.354+0000] {logging_mixin.py:190} INFO - [2024-12-07T23:21:49.353+0000] {dag.py:4180} INFO - Setting next_dagrun for prf_dag to 2024-12-01 00:00:00+00:00, run_after=2025-01-01 00:00:00+00:00
[2024-12-07T23:21:49.383+0000] {processor.py:208} INFO - Processing /opt/airflow/dags/prf_dag.py took 0.553 seconds
[2024-12-07T23:22:19.695+0000] {processor.py:186} INFO - Started process (PID=530) to work on /opt/airflow/dags/prf_dag.py
[2024-12-07T23:22:19.699+0000] {processor.py:914} INFO - Processing file /opt/airflow/dags/prf_dag.py for tasks to queue
[2024-12-07T23:22:19.703+0000] {logging_mixin.py:190} INFO - [2024-12-07T23:22:19.702+0000] {dagbag.py:588} INFO - Filling up the DagBag from /opt/airflow/dags/prf_dag.py
[2024-12-07T23:22:20.044+0000] {processor.py:925} INFO - DAG(s) 'prf_dag' retrieved from /opt/airflow/dags/prf_dag.py
[2024-12-07T23:22:20.061+0000] {logging_mixin.py:190} INFO - [2024-12-07T23:22:20.061+0000] {dag.py:3239} INFO - Sync 1 DAGs
[2024-12-07T23:22:20.090+0000] {logging_mixin.py:190} INFO - [2024-12-07T23:22:20.090+0000] {dag.py:4180} INFO - Setting next_dagrun for prf_dag to 2024-12-01 00:00:00+00:00, run_after=2025-01-01 00:00:00+00:00
[2024-12-07T23:22:20.108+0000] {processor.py:208} INFO - Processing /opt/airflow/dags/prf_dag.py took 0.421 seconds
[2024-12-07T23:22:51.362+0000] {processor.py:186} INFO - Started process (PID=541) to work on /opt/airflow/dags/prf_dag.py
[2024-12-07T23:22:51.364+0000] {processor.py:914} INFO - Processing file /opt/airflow/dags/prf_dag.py for tasks to queue
[2024-12-07T23:22:51.370+0000] {logging_mixin.py:190} INFO - [2024-12-07T23:22:51.369+0000] {dagbag.py:588} INFO - Filling up the DagBag from /opt/airflow/dags/prf_dag.py
[2024-12-07T23:22:52.220+0000] {processor.py:925} INFO - DAG(s) 'prf_dag' retrieved from /opt/airflow/dags/prf_dag.py
[2024-12-07T23:22:52.291+0000] {logging_mixin.py:190} INFO - [2024-12-07T23:22:52.289+0000] {dag.py:3239} INFO - Sync 1 DAGs
[2024-12-07T23:22:52.412+0000] {logging_mixin.py:190} INFO - [2024-12-07T23:22:52.411+0000] {dag.py:4180} INFO - Setting next_dagrun for prf_dag to 2024-12-01 00:00:00+00:00, run_after=2025-01-01 00:00:00+00:00
[2024-12-07T23:22:52.472+0000] {processor.py:208} INFO - Processing /opt/airflow/dags/prf_dag.py took 1.127 seconds
[2024-12-07T23:23:22.989+0000] {processor.py:186} INFO - Started process (PID=558) to work on /opt/airflow/dags/prf_dag.py
[2024-12-07T23:23:22.991+0000] {processor.py:914} INFO - Processing file /opt/airflow/dags/prf_dag.py for tasks to queue
[2024-12-07T23:23:22.998+0000] {logging_mixin.py:190} INFO - [2024-12-07T23:23:22.996+0000] {dagbag.py:588} INFO - Filling up the DagBag from /opt/airflow/dags/prf_dag.py
[2024-12-07T23:23:23.864+0000] {processor.py:925} INFO - DAG(s) 'prf_dag' retrieved from /opt/airflow/dags/prf_dag.py
[2024-12-07T23:23:23.920+0000] {logging_mixin.py:190} INFO - [2024-12-07T23:23:23.917+0000] {dag.py:3239} INFO - Sync 1 DAGs
[2024-12-07T23:23:24.027+0000] {logging_mixin.py:190} INFO - [2024-12-07T23:23:24.026+0000] {dag.py:4180} INFO - Setting next_dagrun for prf_dag to 2024-12-01 00:00:00+00:00, run_after=2025-01-01 00:00:00+00:00
[2024-12-07T23:23:24.099+0000] {processor.py:208} INFO - Processing /opt/airflow/dags/prf_dag.py took 1.129 seconds
[2024-12-07T23:23:54.266+0000] {processor.py:186} INFO - Started process (PID=569) to work on /opt/airflow/dags/prf_dag.py
[2024-12-07T23:23:54.271+0000] {processor.py:914} INFO - Processing file /opt/airflow/dags/prf_dag.py for tasks to queue
[2024-12-07T23:23:54.276+0000] {logging_mixin.py:190} INFO - [2024-12-07T23:23:54.275+0000] {dagbag.py:588} INFO - Filling up the DagBag from /opt/airflow/dags/prf_dag.py
[2024-12-07T23:23:54.958+0000] {processor.py:925} INFO - DAG(s) 'prf_dag' retrieved from /opt/airflow/dags/prf_dag.py
[2024-12-07T23:23:54.999+0000] {logging_mixin.py:190} INFO - [2024-12-07T23:23:54.998+0000] {dag.py:3239} INFO - Sync 1 DAGs
[2024-12-07T23:23:55.062+0000] {logging_mixin.py:190} INFO - [2024-12-07T23:23:55.061+0000] {dag.py:4180} INFO - Setting next_dagrun for prf_dag to 2024-12-01 00:00:00+00:00, run_after=2025-01-01 00:00:00+00:00
[2024-12-07T23:23:55.106+0000] {processor.py:208} INFO - Processing /opt/airflow/dags/prf_dag.py took 0.857 seconds
[2024-12-07T23:24:25.372+0000] {processor.py:186} INFO - Started process (PID=581) to work on /opt/airflow/dags/prf_dag.py
[2024-12-07T23:24:25.375+0000] {processor.py:914} INFO - Processing file /opt/airflow/dags/prf_dag.py for tasks to queue
[2024-12-07T23:24:25.380+0000] {logging_mixin.py:190} INFO - [2024-12-07T23:24:25.379+0000] {dagbag.py:588} INFO - Filling up the DagBag from /opt/airflow/dags/prf_dag.py
[2024-12-07T23:24:26.198+0000] {processor.py:925} INFO - DAG(s) 'prf_dag' retrieved from /opt/airflow/dags/prf_dag.py
[2024-12-07T23:24:26.260+0000] {logging_mixin.py:190} INFO - [2024-12-07T23:24:26.258+0000] {dag.py:3239} INFO - Sync 1 DAGs
[2024-12-07T23:24:26.339+0000] {logging_mixin.py:190} INFO - [2024-12-07T23:24:26.338+0000] {dag.py:4180} INFO - Setting next_dagrun for prf_dag to 2024-12-01 00:00:00+00:00, run_after=2025-01-01 00:00:00+00:00
[2024-12-07T23:24:26.390+0000] {processor.py:208} INFO - Processing /opt/airflow/dags/prf_dag.py took 1.034 seconds
