[2024-11-18T22:19:18.069+0000] {local_task_job_runner.py:123} INFO - ::group::Pre task execution logs
[2024-11-18T22:19:18.132+0000] {taskinstance.py:2612} INFO - Dependencies all met for dep_context=non-requeueable deps ti=<TaskInstance: get_inaturalist_data_atropelada.process_data scheduled__2024-11-18T15:00:00+00:00 [queued]>
[2024-11-18T22:19:18.172+0000] {taskinstance.py:2612} INFO - Dependencies all met for dep_context=requeueable deps ti=<TaskInstance: get_inaturalist_data_atropelada.process_data scheduled__2024-11-18T15:00:00+00:00 [queued]>
[2024-11-18T22:19:18.172+0000] {taskinstance.py:2865} INFO - Starting attempt 1 of 4
[2024-11-18T22:19:18.249+0000] {taskinstance.py:2888} INFO - Executing <Task(_PythonDecoratedOperator): process_data> on 2024-11-18 15:00:00+00:00
[2024-11-18T22:19:18.282+0000] {warnings.py:112} WARNING - /home/***/.local/lib/python3.12/site-packages/***/task/task_runner/standard_task_runner.py:70: DeprecationWarning: This process (pid=51) is multi-threaded, use of fork() may lead to deadlocks in the child.
  pid = os.fork()

[2024-11-18T22:19:18.283+0000] {standard_task_runner.py:72} INFO - Started process 109 to run task
[2024-11-18T22:19:18.285+0000] {standard_task_runner.py:104} INFO - Running: ['***', 'tasks', 'run', 'get_inaturalist_data_atropelada', 'process_data', 'scheduled__2024-11-18T15:00:00+00:00', '--job-id', '596', '--raw', '--subdir', 'DAGS_FOLDER/inaturalist_dag.py', '--cfg-path', '/tmp/tmph5nnwzdk']
[2024-11-18T22:19:18.287+0000] {standard_task_runner.py:105} INFO - Job 596: Subtask process_data
[2024-11-18T22:19:18.423+0000] {task_command.py:467} INFO - Running <TaskInstance: get_inaturalist_data_atropelada.process_data scheduled__2024-11-18T15:00:00+00:00 [running]> on host 35304c961dcb
[2024-11-18T22:19:18.760+0000] {taskinstance.py:3131} INFO - Exporting env vars: AIRFLOW_CTX_DAG_OWNER='***' AIRFLOW_CTX_DAG_ID='get_inaturalist_data_atropelada' AIRFLOW_CTX_TASK_ID='process_data' AIRFLOW_CTX_EXECUTION_DATE='2024-11-18T15:00:00+00:00' AIRFLOW_CTX_TRY_NUMBER='1' AIRFLOW_CTX_DAG_RUN_ID='scheduled__2024-11-18T15:00:00+00:00'
[2024-11-18T22:19:18.766+0000] {logging_mixin.py:190} INFO - Task instance is in running state
[2024-11-18T22:19:18.766+0000] {logging_mixin.py:190} INFO -  Previous state of the Task instance: queued
[2024-11-18T22:19:18.767+0000] {logging_mixin.py:190} INFO - Current task name:process_data state:running start_date:2024-11-18 22:19:18.133416+00:00
[2024-11-18T22:19:18.767+0000] {logging_mixin.py:190} INFO - Dag name:get_inaturalist_data_atropelada and current dag run status:running
[2024-11-18T22:19:18.767+0000] {taskinstance.py:731} INFO - ::endgroup::
[2024-11-18T22:19:18.775+0000] {python.py:240} INFO - Done. Returned value was: {'path': 'inaturalist_data/atropelada_data/2024/11/18/atropelada_observations_221918.json', 'format': 'application/json'}
[2024-11-18T22:19:18.880+0000] {taskinstance.py:340} INFO - ::group::Post task execution logs
[2024-11-18T22:19:18.881+0000] {taskinstance.py:352} INFO - Marking task as SUCCESS. dag_id=get_inaturalist_data_atropelada, task_id=process_data, run_id=scheduled__2024-11-18T15:00:00+00:00, execution_date=20241118T150000, start_date=20241118T221918, end_date=20241118T221918
[2024-11-18T22:19:18.916+0000] {logging_mixin.py:190} INFO - Task instance in success state
[2024-11-18T22:19:18.916+0000] {logging_mixin.py:190} INFO -  Previous state of the Task instance: running
[2024-11-18T22:19:18.916+0000] {logging_mixin.py:190} INFO - Dag name:get_inaturalist_data_atropelada queued_at:2024-11-18 22:19:07.441651+00:00
[2024-11-18T22:19:18.917+0000] {logging_mixin.py:190} INFO - Task hostname:35304c961dcb operator:_PythonDecoratedOperator
[2024-11-18T22:19:18.959+0000] {local_task_job_runner.py:266} INFO - Task exited with return code 0
[2024-11-18T22:19:19.002+0000] {taskinstance.py:3900} INFO - 0 downstream tasks scheduled from follow-on schedule check
[2024-11-18T22:19:19.010+0000] {local_task_job_runner.py:245} INFO - ::endgroup::
