[2024-11-18T12:07:27.176+0000] {local_task_job_runner.py:123} INFO - ::group::Pre task execution logs
[2024-11-18T12:07:27.245+0000] {taskinstance.py:2612} INFO - Dependencies all met for dep_context=non-requeueable deps ti=<TaskInstance: get_inaturalist_data_atropelada.get_all_data scheduled__2024-11-04T15:00:00+00:00 [queued]>
[2024-11-18T12:07:27.268+0000] {taskinstance.py:2612} INFO - Dependencies all met for dep_context=requeueable deps ti=<TaskInstance: get_inaturalist_data_atropelada.get_all_data scheduled__2024-11-04T15:00:00+00:00 [queued]>
[2024-11-18T12:07:27.268+0000] {taskinstance.py:2865} INFO - Starting attempt 1 of 4
[2024-11-18T12:07:27.307+0000] {taskinstance.py:2888} INFO - Executing <Task(_PythonDecoratedOperator): get_all_data> on 2024-11-04 15:00:00+00:00
[2024-11-18T12:07:27.410+0000] {warnings.py:112} WARNING - /home/***/.local/lib/python3.12/site-packages/***/task/task_runner/standard_task_runner.py:70: DeprecationWarning: This process (pid=58) is multi-threaded, use of fork() may lead to deadlocks in the child.
  pid = os.fork()

[2024-11-18T12:07:27.416+0000] {standard_task_runner.py:72} INFO - Started process 91 to run task
[2024-11-18T12:07:27.434+0000] {standard_task_runner.py:104} INFO - Running: ['***', 'tasks', 'run', 'get_inaturalist_data_atropelada', 'get_all_data', 'scheduled__2024-11-04T15:00:00+00:00', '--job-id', '493', '--raw', '--subdir', 'DAGS_FOLDER/inaturalist_dag.py', '--cfg-path', '/tmp/tmpd1ploc3l']
[2024-11-18T12:07:27.436+0000] {standard_task_runner.py:105} INFO - Job 493: Subtask get_all_data
[2024-11-18T12:07:27.691+0000] {task_command.py:467} INFO - Running <TaskInstance: get_inaturalist_data_atropelada.get_all_data scheduled__2024-11-04T15:00:00+00:00 [running]> on host bf677ca5dd6f
[2024-11-18T12:07:27.946+0000] {taskinstance.py:3131} INFO - Exporting env vars: AIRFLOW_CTX_DAG_OWNER='***' AIRFLOW_CTX_DAG_ID='get_inaturalist_data_atropelada' AIRFLOW_CTX_TASK_ID='get_all_data' AIRFLOW_CTX_EXECUTION_DATE='2024-11-04T15:00:00+00:00' AIRFLOW_CTX_TRY_NUMBER='1' AIRFLOW_CTX_DAG_RUN_ID='scheduled__2024-11-04T15:00:00+00:00'
[2024-11-18T12:07:27.951+0000] {logging_mixin.py:190} INFO - Task instance is in running state
[2024-11-18T12:07:27.952+0000] {logging_mixin.py:190} INFO -  Previous state of the Task instance: queued
[2024-11-18T12:07:27.952+0000] {logging_mixin.py:190} INFO - Current task name:get_all_data state:running start_date:2024-11-18 12:07:27.245767+00:00
[2024-11-18T12:07:27.953+0000] {logging_mixin.py:190} INFO - Dag name:get_inaturalist_data_atropelada and current dag run status:running
[2024-11-18T12:07:27.953+0000] {taskinstance.py:731} INFO - ::endgroup::
[2024-11-18T12:07:27.957+0000] {inaturalist_dag.py:129} INFO - Getting data from keyword: atropelada
[2024-11-18T12:07:29.226+0000] {inaturalist_dag.py:135} INFO - No more observations found, stopping.
[2024-11-18T12:07:29.242+0000] {crypto.py:82} WARNING - empty cryptography key - values will not be stored encrypted.
[2024-11-18T12:07:29.257+0000] {python.py:240} INFO - Done. Returned value was: []
[2024-11-18T12:07:29.311+0000] {taskinstance.py:340} INFO - ::group::Post task execution logs
[2024-11-18T12:07:29.312+0000] {taskinstance.py:352} INFO - Marking task as SUCCESS. dag_id=get_inaturalist_data_atropelada, task_id=get_all_data, run_id=scheduled__2024-11-04T15:00:00+00:00, execution_date=20241104T150000, start_date=20241118T120727, end_date=20241118T120729
[2024-11-18T12:07:29.333+0000] {logging_mixin.py:190} INFO - Task instance in success state
[2024-11-18T12:07:29.334+0000] {logging_mixin.py:190} INFO -  Previous state of the Task instance: running
[2024-11-18T12:07:29.334+0000] {logging_mixin.py:190} INFO - Dag name:get_inaturalist_data_atropelada queued_at:2024-11-18 12:07:03.613091+00:00
[2024-11-18T12:07:29.334+0000] {logging_mixin.py:190} INFO - Task hostname:bf677ca5dd6f operator:_PythonDecoratedOperator
[2024-11-18T12:07:29.398+0000] {local_task_job_runner.py:266} INFO - Task exited with return code 0
[2024-11-18T12:07:29.472+0000] {taskinstance.py:3900} INFO - 1 downstream tasks scheduled from follow-on schedule check
[2024-11-18T12:07:29.475+0000] {local_task_job_runner.py:245} INFO - ::endgroup::
