[2024-10-29T17:16:48.561+0000] {local_task_job_runner.py:123} INFO - ::group::Pre task execution logs
[2024-10-29T17:16:48.600+0000] {taskinstance.py:2612} INFO - Dependencies all met for dep_context=non-requeueable deps ti=<TaskInstance: biological_data_dag.save_data_minio manual__2024-10-29T17:13:55.094298+00:00 [queued]>
[2024-10-29T17:16:48.622+0000] {taskinstance.py:2612} INFO - Dependencies all met for dep_context=requeueable deps ti=<TaskInstance: biological_data_dag.save_data_minio manual__2024-10-29T17:13:55.094298+00:00 [queued]>
[2024-10-29T17:16:48.623+0000] {taskinstance.py:2865} INFO - Starting attempt 1 of 1
[2024-10-29T17:16:48.654+0000] {taskinstance.py:2888} INFO - Executing <Task(_PythonDecoratedOperator): save_data_minio> on 2024-10-29 17:13:55.094298+00:00
[2024-10-29T17:16:48.671+0000] {warnings.py:112} WARNING - /home/***/.local/lib/python3.12/site-packages/***/task/task_runner/standard_task_runner.py:70: DeprecationWarning: This process (pid=1388) is multi-threaded, use of fork() may lead to deadlocks in the child.
  pid = os.fork()

[2024-10-29T17:16:48.674+0000] {standard_task_runner.py:72} INFO - Started process 1391 to run task
[2024-10-29T17:16:48.677+0000] {standard_task_runner.py:104} INFO - Running: ['***', 'tasks', 'run', 'biological_data_dag', 'save_data_minio', 'manual__2024-10-29T17:13:55.094298+00:00', '--job-id', '145', '--raw', '--subdir', 'DAGS_FOLDER/biological_data_dag.py', '--cfg-path', '/tmp/tmphki_2_ud']
[2024-10-29T17:16:48.680+0000] {standard_task_runner.py:105} INFO - Job 145: Subtask save_data_minio
[2024-10-29T17:16:48.768+0000] {task_command.py:467} INFO - Running <TaskInstance: biological_data_dag.save_data_minio manual__2024-10-29T17:13:55.094298+00:00 [running]> on host 8b409d8ad50e
[2024-10-29T17:16:48.953+0000] {taskinstance.py:3131} INFO - Exporting env vars: AIRFLOW_CTX_DAG_OWNER='***' AIRFLOW_CTX_DAG_ID='biological_data_dag' AIRFLOW_CTX_TASK_ID='save_data_minio' AIRFLOW_CTX_EXECUTION_DATE='2024-10-29T17:13:55.094298+00:00' AIRFLOW_CTX_TRY_NUMBER='1' AIRFLOW_CTX_DAG_RUN_ID='manual__2024-10-29T17:13:55.094298+00:00'
[2024-10-29T17:16:48.955+0000] {logging_mixin.py:190} INFO - Task instance is in running state
[2024-10-29T17:16:48.955+0000] {logging_mixin.py:190} INFO -  Previous state of the Task instance: queued
[2024-10-29T17:16:48.956+0000] {logging_mixin.py:190} INFO - Current task name:save_data_minio state:running start_date:2024-10-29 17:16:48.600849+00:00
[2024-10-29T17:16:48.956+0000] {logging_mixin.py:190} INFO - Dag name:biological_data_dag and current dag run status:running
[2024-10-29T17:16:48.957+0000] {taskinstance.py:731} INFO - ::endgroup::
[2024-10-29T17:16:49.017+0000] {logging_mixin.py:190} INFO - File species_data_adw_17:16:44.csv saved in minIo.
[2024-10-29T17:16:49.018+0000] {python.py:240} INFO - Done. Returned value was: None
[2024-10-29T17:16:49.042+0000] {taskinstance.py:340} INFO - ::group::Post task execution logs
[2024-10-29T17:16:49.043+0000] {taskinstance.py:352} INFO - Marking task as SUCCESS. dag_id=biological_data_dag, task_id=save_data_minio, run_id=manual__2024-10-29T17:13:55.094298+00:00, execution_date=20241029T171355, start_date=20241029T171648, end_date=20241029T171649
[2024-10-29T17:16:49.072+0000] {logging_mixin.py:190} INFO - Task instance in success state
[2024-10-29T17:16:49.073+0000] {logging_mixin.py:190} INFO -  Previous state of the Task instance: running
[2024-10-29T17:16:49.073+0000] {logging_mixin.py:190} INFO - Dag name:biological_data_dag queued_at:2024-10-29 17:13:55.109771+00:00
[2024-10-29T17:16:49.074+0000] {logging_mixin.py:190} INFO - Task hostname:8b409d8ad50e operator:_PythonDecoratedOperator
[2024-10-29T17:16:49.133+0000] {local_task_job_runner.py:266} INFO - Task exited with return code 0
[2024-10-29T17:16:49.170+0000] {taskinstance.py:3900} INFO - 0 downstream tasks scheduled from follow-on schedule check
[2024-10-29T17:16:49.172+0000] {local_task_job_runner.py:245} INFO - ::endgroup::
