[2024-11-25T16:17:51.230+0000] {local_task_job_runner.py:123} INFO - ::group::Pre task execution logs
[2024-11-25T16:17:51.249+0000] {taskinstance.py:2612} INFO - Dependencies all met for dep_context=non-requeueable deps ti=<TaskInstance: prf_dag.get_data manual__2024-11-25T16:17:44.810258+00:00 [queued]>
[2024-11-25T16:17:51.258+0000] {taskinstance.py:2612} INFO - Dependencies all met for dep_context=requeueable deps ti=<TaskInstance: prf_dag.get_data manual__2024-11-25T16:17:44.810258+00:00 [queued]>
[2024-11-25T16:17:51.258+0000] {taskinstance.py:2865} INFO - Starting attempt 1 of 4
[2024-11-25T16:17:51.269+0000] {taskinstance.py:2888} INFO - Executing <Task(_PythonDecoratedOperator): get_data> on 2024-11-25 16:17:44.810258+00:00
[2024-11-25T16:17:51.279+0000] {warnings.py:112} WARNING - /home/***/.local/lib/python3.12/site-packages/***/task/task_runner/standard_task_runner.py:70: DeprecationWarning: This process (pid=122) is multi-threaded, use of fork() may lead to deadlocks in the child.
  pid = os.fork()

[2024-11-25T16:17:51.280+0000] {standard_task_runner.py:72} INFO - Started process 125 to run task
[2024-11-25T16:17:51.281+0000] {standard_task_runner.py:104} INFO - Running: ['***', 'tasks', 'run', 'prf_dag', 'get_data', 'manual__2024-11-25T16:17:44.810258+00:00', '--job-id', '1439', '--raw', '--subdir', 'DAGS_FOLDER/prf_dag.py', '--cfg-path', '/tmp/tmppj1pcmk1']
[2024-11-25T16:17:51.282+0000] {standard_task_runner.py:105} INFO - Job 1439: Subtask get_data
[2024-11-25T16:17:51.329+0000] {task_command.py:467} INFO - Running <TaskInstance: prf_dag.get_data manual__2024-11-25T16:17:44.810258+00:00 [running]> on host 07f92f2579af
[2024-11-25T16:17:51.413+0000] {taskinstance.py:3131} INFO - Exporting env vars: AIRFLOW_CTX_DAG_OWNER='***' AIRFLOW_CTX_DAG_ID='prf_dag' AIRFLOW_CTX_TASK_ID='get_data' AIRFLOW_CTX_EXECUTION_DATE='2024-11-25T16:17:44.810258+00:00' AIRFLOW_CTX_TRY_NUMBER='1' AIRFLOW_CTX_DAG_RUN_ID='manual__2024-11-25T16:17:44.810258+00:00'
[2024-11-25T16:17:51.414+0000] {logging_mixin.py:190} INFO - Task instance is in running state
[2024-11-25T16:17:51.414+0000] {logging_mixin.py:190} INFO -  Previous state of the Task instance: queued
[2024-11-25T16:17:51.415+0000] {logging_mixin.py:190} INFO - Current task name:get_data state:running start_date:2024-11-25 16:17:51.249366+00:00
[2024-11-25T16:17:51.415+0000] {logging_mixin.py:190} INFO - Dag name:prf_dag and current dag run status:running
[2024-11-25T16:17:51.415+0000] {taskinstance.py:731} INFO - ::endgroup::
[2024-11-25T16:18:02.617+0000] {prf_dag.py:131} INFO - Renamed 'datatran2024.csv' to 'occorência_datatran2024_11.csv'
[2024-11-25T16:18:12.990+0000] {prf_dag.py:131} INFO - Renamed 'acidentes2024.csv' to 'pessoa_acidentes2024_11.csv'
[2024-11-25T16:18:23.026+0000] {prf_dag.py:131} INFO - Renamed 'acidentes2024_todas_causas_tipos.csv' to 'acidentes2024_todas_causas_tipos_11.csv'
[2024-11-25T16:18:23.028+0000] {python.py:240} INFO - Done. Returned value was: [('occorência_datatran2024_11.csv', '2024'), ('pessoa_acidentes2024_11.csv', '2024'), ('acidentes2024_todas_causas_tipos_11.csv', '2024')]
[2024-11-25T16:18:23.050+0000] {taskinstance.py:340} INFO - ::group::Post task execution logs
[2024-11-25T16:18:23.050+0000] {taskinstance.py:352} INFO - Marking task as SUCCESS. dag_id=prf_dag, task_id=get_data, run_id=manual__2024-11-25T16:17:44.810258+00:00, execution_date=20241125T161744, start_date=20241125T161751, end_date=20241125T161823
[2024-11-25T16:18:23.059+0000] {logging_mixin.py:190} INFO - Task instance in success state
[2024-11-25T16:18:23.060+0000] {logging_mixin.py:190} INFO -  Previous state of the Task instance: running
[2024-11-25T16:18:23.060+0000] {logging_mixin.py:190} INFO - Dag name:prf_dag queued_at:2024-11-25 16:17:44.852472+00:00
[2024-11-25T16:18:23.060+0000] {logging_mixin.py:190} INFO - Task hostname:07f92f2579af operator:_PythonDecoratedOperator
[2024-11-25T16:18:23.078+0000] {local_task_job_runner.py:266} INFO - Task exited with return code 0
[2024-11-25T16:18:23.099+0000] {taskinstance.py:3900} INFO - 1 downstream tasks scheduled from follow-on schedule check
[2024-11-25T16:18:23.100+0000] {local_task_job_runner.py:245} INFO - ::endgroup::
