[2024-11-25T12:00:08.090+0000] {local_task_job_runner.py:123} INFO - ::group::Pre task execution logs
[2024-11-25T12:00:08.130+0000] {taskinstance.py:2612} INFO - Dependencies all met for dep_context=non-requeueable deps ti=<TaskInstance: get_inaturalist_data_atropelamento.get_all_data scheduled__2024-11-25T11:30:00+00:00 [queued]>
[2024-11-25T12:00:08.165+0000] {taskinstance.py:2612} INFO - Dependencies all met for dep_context=requeueable deps ti=<TaskInstance: get_inaturalist_data_atropelamento.get_all_data scheduled__2024-11-25T11:30:00+00:00 [queued]>
[2024-11-25T12:00:08.166+0000] {taskinstance.py:2865} INFO - Starting attempt 1 of 4
[2024-11-25T12:00:08.252+0000] {taskinstance.py:2888} INFO - Executing <Task(_PythonDecoratedOperator): get_all_data> on 2024-11-25 11:30:00+00:00
[2024-11-25T12:00:08.279+0000] {warnings.py:112} WARNING - /home/***/.local/lib/python3.12/site-packages/***/task/task_runner/standard_task_runner.py:70: DeprecationWarning: This process (pid=580) is multi-threaded, use of fork() may lead to deadlocks in the child.
  pid = os.fork()

[2024-11-25T12:00:08.282+0000] {standard_task_runner.py:72} INFO - Started process 613 to run task
[2024-11-25T12:00:08.307+0000] {standard_task_runner.py:104} INFO - Running: ['***', 'tasks', 'run', 'get_inaturalist_data_atropelamento', 'get_all_data', 'scheduled__2024-11-25T11:30:00+00:00', '--job-id', '1384', '--raw', '--subdir', 'DAGS_FOLDER/inaturalist_dag.py', '--cfg-path', '/tmp/tmpztikapvh']
[2024-11-25T12:00:08.308+0000] {standard_task_runner.py:105} INFO - Job 1384: Subtask get_all_data
[2024-11-25T12:00:08.692+0000] {task_command.py:467} INFO - Running <TaskInstance: get_inaturalist_data_atropelamento.get_all_data scheduled__2024-11-25T11:30:00+00:00 [running]> on host 07f92f2579af
[2024-11-25T12:00:09.256+0000] {taskinstance.py:3131} INFO - Exporting env vars: AIRFLOW_CTX_DAG_OWNER='***' AIRFLOW_CTX_DAG_ID='get_inaturalist_data_atropelamento' AIRFLOW_CTX_TASK_ID='get_all_data' AIRFLOW_CTX_EXECUTION_DATE='2024-11-25T11:30:00+00:00' AIRFLOW_CTX_TRY_NUMBER='1' AIRFLOW_CTX_DAG_RUN_ID='scheduled__2024-11-25T11:30:00+00:00'
[2024-11-25T12:00:09.258+0000] {logging_mixin.py:190} INFO - Task instance is in running state
[2024-11-25T12:00:09.258+0000] {logging_mixin.py:190} INFO -  Previous state of the Task instance: queued
[2024-11-25T12:00:09.259+0000] {logging_mixin.py:190} INFO - Current task name:get_all_data state:running start_date:2024-11-25 12:00:08.131137+00:00
[2024-11-25T12:00:09.259+0000] {logging_mixin.py:190} INFO - Dag name:get_inaturalist_data_atropelamento and current dag run status:running
[2024-11-25T12:00:09.259+0000] {taskinstance.py:731} INFO - ::endgroup::
[2024-11-25T12:00:09.260+0000] {inaturalist_dag.py:160} INFO - Getting data from keyword: atropelamento
[2024-11-25T12:00:10.303+0000] {inaturalist_dag.py:70} INFO - Found 0
[2024-11-25T12:00:10.305+0000] {inaturalist_dag.py:166} INFO - No more observations found, stopping.
[2024-11-25T12:00:10.334+0000] {crypto.py:82} WARNING - empty cryptography key - values will not be stored encrypted.
[2024-11-25T12:00:10.349+0000] {python.py:240} INFO - Done. Returned value was: []
[2024-11-25T12:00:10.516+0000] {taskinstance.py:340} INFO - ::group::Post task execution logs
[2024-11-25T12:00:10.518+0000] {taskinstance.py:352} INFO - Marking task as SUCCESS. dag_id=get_inaturalist_data_atropelamento, task_id=get_all_data, run_id=scheduled__2024-11-25T11:30:00+00:00, execution_date=20241125T113000, start_date=20241125T120008, end_date=20241125T120010
[2024-11-25T12:00:10.550+0000] {logging_mixin.py:190} INFO - Task instance in success state
[2024-11-25T12:00:10.555+0000] {logging_mixin.py:190} INFO -  Previous state of the Task instance: running
[2024-11-25T12:00:10.555+0000] {logging_mixin.py:190} INFO - Dag name:get_inaturalist_data_atropelamento queued_at:2024-11-25 12:00:00.561640+00:00
[2024-11-25T12:00:10.556+0000] {logging_mixin.py:190} INFO - Task hostname:07f92f2579af operator:_PythonDecoratedOperator
[2024-11-25T12:00:10.601+0000] {local_task_job_runner.py:266} INFO - Task exited with return code 0
[2024-11-25T12:00:10.700+0000] {taskinstance.py:3900} INFO - 1 downstream tasks scheduled from follow-on schedule check
[2024-11-25T12:00:10.712+0000] {local_task_job_runner.py:245} INFO - ::endgroup::
