[2024-12-04T13:30:09.525+0000] {local_task_job_runner.py:123} INFO - ::group::Pre task execution logs
[2024-12-04T13:30:09.557+0000] {taskinstance.py:2612} INFO - Dependencies all met for dep_context=non-requeueable deps ti=<TaskInstance: get_inaturalist_data_atropelamento.process_data scheduled__2024-12-04T13:00:00+00:00 [queued]>
[2024-12-04T13:30:09.574+0000] {taskinstance.py:2612} INFO - Dependencies all met for dep_context=requeueable deps ti=<TaskInstance: get_inaturalist_data_atropelamento.process_data scheduled__2024-12-04T13:00:00+00:00 [queued]>
[2024-12-04T13:30:09.575+0000] {taskinstance.py:2865} INFO - Starting attempt 1 of 4
[2024-12-04T13:30:09.602+0000] {taskinstance.py:2888} INFO - Executing <Task(_PythonDecoratedOperator): process_data> on 2024-12-04 13:00:00+00:00
[2024-12-04T13:30:09.624+0000] {warnings.py:112} WARNING - /home/***/.local/lib/python3.12/site-packages/***/task/task_runner/standard_task_runner.py:70: DeprecationWarning: This process (pid=2280) is multi-threaded, use of fork() may lead to deadlocks in the child.
  pid = os.fork()

[2024-12-04T13:30:09.627+0000] {standard_task_runner.py:72} INFO - Started process 2296 to run task
[2024-12-04T13:30:09.629+0000] {standard_task_runner.py:104} INFO - Running: ['***', 'tasks', 'run', 'get_inaturalist_data_atropelamento', 'process_data', 'scheduled__2024-12-04T13:00:00+00:00', '--job-id', '2381', '--raw', '--subdir', 'DAGS_FOLDER/inaturalist_dag.py', '--cfg-path', '/tmp/tmpb25el64s']
[2024-12-04T13:30:09.632+0000] {standard_task_runner.py:105} INFO - Job 2381: Subtask process_data
[2024-12-04T13:30:09.729+0000] {task_command.py:467} INFO - Running <TaskInstance: get_inaturalist_data_atropelamento.process_data scheduled__2024-12-04T13:00:00+00:00 [running]> on host 7102278bc4c1
[2024-12-04T13:30:09.902+0000] {taskinstance.py:3131} INFO - Exporting env vars: AIRFLOW_CTX_DAG_OWNER='***' AIRFLOW_CTX_DAG_ID='get_inaturalist_data_atropelamento' AIRFLOW_CTX_TASK_ID='process_data' AIRFLOW_CTX_EXECUTION_DATE='2024-12-04T13:00:00+00:00' AIRFLOW_CTX_TRY_NUMBER='1' AIRFLOW_CTX_DAG_RUN_ID='scheduled__2024-12-04T13:00:00+00:00'
[2024-12-04T13:30:09.905+0000] {logging_mixin.py:190} INFO - Task instance is in running state
[2024-12-04T13:30:09.907+0000] {logging_mixin.py:190} INFO -  Previous state of the Task instance: queued
[2024-12-04T13:30:09.907+0000] {logging_mixin.py:190} INFO - Current task name:process_data state:running start_date:2024-12-04 13:30:09.557754+00:00
[2024-12-04T13:30:09.908+0000] {logging_mixin.py:190} INFO - Dag name:get_inaturalist_data_atropelamento and current dag run status:running
[2024-12-04T13:30:09.908+0000] {taskinstance.py:731} INFO - ::endgroup::
[2024-12-04T13:30:09.910+0000] {taskinstance.py:301} INFO - No observations to process, skipping tasks
[2024-12-04T13:30:09.938+0000] {taskinstance.py:340} INFO - ::group::Post task execution logs
[2024-12-04T13:30:09.939+0000] {taskinstance.py:352} INFO - Marking task as SKIPPED. dag_id=get_inaturalist_data_atropelamento, task_id=process_data, run_id=scheduled__2024-12-04T13:00:00+00:00, execution_date=20241204T130000, start_date=20241204T133009, end_date=20241204T133009
[2024-12-04T13:30:10.011+0000] {local_task_job_runner.py:266} INFO - Task exited with return code 0
[2024-12-04T13:30:10.060+0000] {taskinstance.py:3900} INFO - 0 downstream tasks scheduled from follow-on schedule check
[2024-12-04T13:30:10.070+0000] {local_task_job_runner.py:245} INFO - ::endgroup::
