[2024-12-03T15:19:23.156+0000] {local_task_job_runner.py:123} INFO - ::group::Pre task execution logs
[2024-12-03T15:19:23.228+0000] {taskinstance.py:2612} INFO - Dependencies all met for dep_context=non-requeueable deps ti=<TaskInstance: get_gbif_data_atropelamento.get_all_data scheduled__2024-12-03T14:30:00+00:00 [queued]>
[2024-12-03T15:19:23.267+0000] {taskinstance.py:2612} INFO - Dependencies all met for dep_context=requeueable deps ti=<TaskInstance: get_gbif_data_atropelamento.get_all_data scheduled__2024-12-03T14:30:00+00:00 [queued]>
[2024-12-03T15:19:23.267+0000] {taskinstance.py:2865} INFO - Starting attempt 1 of 4
[2024-12-03T15:19:23.311+0000] {taskinstance.py:2888} INFO - Executing <Task(_PythonDecoratedOperator): get_all_data> on 2024-12-03 14:30:00+00:00
[2024-12-03T15:19:23.332+0000] {warnings.py:112} WARNING - /home/***/.local/lib/python3.12/site-packages/***/task/task_runner/standard_task_runner.py:70: DeprecationWarning: This process (pid=62) is multi-threaded, use of fork() may lead to deadlocks in the child.
  pid = os.fork()

[2024-12-03T15:19:23.338+0000] {standard_task_runner.py:72} INFO - Started process 85 to run task
[2024-12-03T15:19:23.340+0000] {standard_task_runner.py:104} INFO - Running: ['***', 'tasks', 'run', 'get_gbif_data_atropelamento', 'get_all_data', 'scheduled__2024-12-03T14:30:00+00:00', '--job-id', '2164', '--raw', '--subdir', 'DAGS_FOLDER/gbif_dag.py', '--cfg-path', '/tmp/tmpcw1njtsw']
[2024-12-03T15:19:23.341+0000] {standard_task_runner.py:105} INFO - Job 2164: Subtask get_all_data
[2024-12-03T15:19:23.609+0000] {task_command.py:467} INFO - Running <TaskInstance: get_gbif_data_atropelamento.get_all_data scheduled__2024-12-03T14:30:00+00:00 [running]> on host 559daffc287d
[2024-12-03T15:19:24.152+0000] {taskinstance.py:3131} INFO - Exporting env vars: AIRFLOW_CTX_DAG_OWNER='***' AIRFLOW_CTX_DAG_ID='get_gbif_data_atropelamento' AIRFLOW_CTX_TASK_ID='get_all_data' AIRFLOW_CTX_EXECUTION_DATE='2024-12-03T14:30:00+00:00' AIRFLOW_CTX_TRY_NUMBER='1' AIRFLOW_CTX_DAG_RUN_ID='scheduled__2024-12-03T14:30:00+00:00'
[2024-12-03T15:19:24.159+0000] {logging_mixin.py:190} INFO - Task instance is in running state
[2024-12-03T15:19:24.160+0000] {logging_mixin.py:190} INFO -  Previous state of the Task instance: queued
[2024-12-03T15:19:24.164+0000] {logging_mixin.py:190} INFO - Current task name:get_all_data state:running start_date:2024-12-03 15:19:23.228952+00:00
[2024-12-03T15:19:24.165+0000] {logging_mixin.py:190} INFO - Dag name:get_gbif_data_atropelamento and current dag run status:running
[2024-12-03T15:19:24.165+0000] {taskinstance.py:731} INFO - ::endgroup::
[2024-12-03T15:19:24.174+0000] {gbif_dag.py:228} INFO - Getting data from keyword: atropelamento
[2024-12-03T15:19:25.875+0000] {gbif_dag.py:234} INFO - No more occurrences found, stopping.
[2024-12-03T15:19:25.882+0000] {crypto.py:82} WARNING - empty cryptography key - values will not be stored encrypted.
[2024-12-03T15:19:25.888+0000] {python.py:240} INFO - Done. Returned value was: []
[2024-12-03T15:19:25.929+0000] {taskinstance.py:340} INFO - ::group::Post task execution logs
[2024-12-03T15:19:25.931+0000] {taskinstance.py:352} INFO - Marking task as SUCCESS. dag_id=get_gbif_data_atropelamento, task_id=get_all_data, run_id=scheduled__2024-12-03T14:30:00+00:00, execution_date=20241203T143000, start_date=20241203T151923, end_date=20241203T151925
[2024-12-03T15:19:25.948+0000] {logging_mixin.py:190} INFO - Task instance in success state
[2024-12-03T15:19:25.948+0000] {logging_mixin.py:190} INFO -  Previous state of the Task instance: running
[2024-12-03T15:19:25.949+0000] {logging_mixin.py:190} INFO - Dag name:get_gbif_data_atropelamento queued_at:2024-12-03 15:19:10.160525+00:00
[2024-12-03T15:19:25.949+0000] {logging_mixin.py:190} INFO - Task hostname:559daffc287d operator:_PythonDecoratedOperator
[2024-12-03T15:19:25.977+0000] {local_task_job_runner.py:266} INFO - Task exited with return code 0
[2024-12-03T15:19:25.990+0000] {local_task_job_runner.py:245} INFO - ::endgroup::
