[2024-12-11T10:00:02.345+0000] {local_task_job_runner.py:123} INFO - ::group::Pre task execution logs
[2024-12-11T10:00:02.379+0000] {taskinstance.py:2612} INFO - Dependencies all met for dep_context=non-requeueable deps ti=<TaskInstance: get_inaturalist_data_atropelamento.get_all_data scheduled__2024-12-11T09:30:00+00:00 [queued]>
[2024-12-11T10:00:02.410+0000] {taskinstance.py:2612} INFO - Dependencies all met for dep_context=requeueable deps ti=<TaskInstance: get_inaturalist_data_atropelamento.get_all_data scheduled__2024-12-11T09:30:00+00:00 [queued]>
[2024-12-11T10:00:02.411+0000] {taskinstance.py:2865} INFO - Starting attempt 1 of 4
[2024-12-11T10:00:02.433+0000] {taskinstance.py:2888} INFO - Executing <Task(_PythonDecoratedOperator): get_all_data> on 2024-12-11 09:30:00+00:00
[2024-12-11T10:00:02.448+0000] {warnings.py:112} WARNING - /home/***/.local/lib/python3.12/site-packages/***/task/task_runner/standard_task_runner.py:70: DeprecationWarning: This process (pid=537) is multi-threaded, use of fork() may lead to deadlocks in the child.
  pid = os.fork()

[2024-12-11T10:00:02.451+0000] {standard_task_runner.py:72} INFO - Started process 543 to run task
[2024-12-11T10:00:02.453+0000] {standard_task_runner.py:104} INFO - Running: ['***', 'tasks', 'run', 'get_inaturalist_data_atropelamento', 'get_all_data', 'scheduled__2024-12-11T09:30:00+00:00', '--job-id', '79', '--raw', '--subdir', 'DAGS_FOLDER/inaturalist_dag.py', '--cfg-path', '/tmp/tmpb8q06amr']
[2024-12-11T10:00:02.457+0000] {standard_task_runner.py:105} INFO - Job 79: Subtask get_all_data
[2024-12-11T10:00:02.546+0000] {task_command.py:467} INFO - Running <TaskInstance: get_inaturalist_data_atropelamento.get_all_data scheduled__2024-12-11T09:30:00+00:00 [running]> on host a036f9eea991
[2024-12-11T10:00:02.699+0000] {taskinstance.py:3131} INFO - Exporting env vars: AIRFLOW_CTX_DAG_OWNER='***' AIRFLOW_CTX_DAG_ID='get_inaturalist_data_atropelamento' AIRFLOW_CTX_TASK_ID='get_all_data' AIRFLOW_CTX_EXECUTION_DATE='2024-12-11T09:30:00+00:00' AIRFLOW_CTX_TRY_NUMBER='1' AIRFLOW_CTX_DAG_RUN_ID='scheduled__2024-12-11T09:30:00+00:00'
[2024-12-11T10:00:02.701+0000] {taskinstance.py:731} INFO - ::endgroup::
[2024-12-11T10:00:02.705+0000] {inaturalist_dag.py:150} INFO - Getting data from keyword: atropelamento
[2024-12-11T10:00:02.725+0000] {inaturalist_dag.py:41} INFO - Maximum id 254303192 for the request
[2024-12-11T10:00:03.987+0000] {inaturalist_dag.py:58} INFO - Got 0 results
[2024-12-11T10:00:03.989+0000] {inaturalist_dag.py:158} INFO - No more observations found, stopping.
[2024-12-11T10:00:03.995+0000] {crypto.py:82} WARNING - empty cryptography key - values will not be stored encrypted.
[2024-12-11T10:00:03.999+0000] {python.py:240} INFO - Done. Returned value was: []
[2024-12-11T10:00:04.025+0000] {taskinstance.py:340} INFO - ::group::Post task execution logs
[2024-12-11T10:00:04.025+0000] {taskinstance.py:352} INFO - Marking task as SUCCESS. dag_id=get_inaturalist_data_atropelamento, task_id=get_all_data, run_id=scheduled__2024-12-11T09:30:00+00:00, execution_date=20241211T093000, start_date=20241211T100002, end_date=20241211T100004
[2024-12-11T10:00:04.075+0000] {local_task_job_runner.py:266} INFO - Task exited with return code 0
[2024-12-11T10:00:04.112+0000] {taskinstance.py:3900} INFO - 1 downstream tasks scheduled from follow-on schedule check
[2024-12-11T10:00:04.114+0000] {local_task_job_runner.py:245} INFO - ::endgroup::
