[2024-12-03T12:20:24.792+0000] {local_task_job_runner.py:123} INFO - ::group::Pre task execution logs
[2024-12-03T12:20:24.843+0000] {taskinstance.py:2612} INFO - Dependencies all met for dep_context=non-requeueable deps ti=<TaskInstance: get_inaturalist_data_roadkill.publish_message_for_transformation manual__2024-12-03T12:16:48.884964+00:00 [queued]>
[2024-12-03T12:20:24.871+0000] {taskinstance.py:2612} INFO - Dependencies all met for dep_context=requeueable deps ti=<TaskInstance: get_inaturalist_data_roadkill.publish_message_for_transformation manual__2024-12-03T12:16:48.884964+00:00 [queued]>
[2024-12-03T12:20:24.872+0000] {taskinstance.py:2865} INFO - Starting attempt 4 of 7
[2024-12-03T12:20:24.908+0000] {taskinstance.py:2888} INFO - Executing <Task(_PythonDecoratedOperator): publish_message_for_transformation> on 2024-12-03 12:16:48.884964+00:00
[2024-12-03T12:20:24.930+0000] {warnings.py:112} WARNING - /home/***/.local/lib/python3.12/site-packages/***/task/task_runner/standard_task_runner.py:70: DeprecationWarning: This process (pid=174) is multi-threaded, use of fork() may lead to deadlocks in the child.
  pid = os.fork()

[2024-12-03T12:20:24.935+0000] {standard_task_runner.py:72} INFO - Started process 177 to run task
[2024-12-03T12:20:24.937+0000] {standard_task_runner.py:104} INFO - Running: ['***', 'tasks', 'run', 'get_inaturalist_data_roadkill', 'publish_message_for_transformation', 'manual__2024-12-03T12:16:48.884964+00:00', '--job-id', '2144', '--raw', '--subdir', 'DAGS_FOLDER/inaturalist_dag.py', '--cfg-path', '/tmp/tmpy6bti7vs']
[2024-12-03T12:20:24.941+0000] {standard_task_runner.py:105} INFO - Job 2144: Subtask publish_message_for_transformation
[2024-12-03T12:20:25.068+0000] {task_command.py:467} INFO - Running <TaskInstance: get_inaturalist_data_roadkill.publish_message_for_transformation manual__2024-12-03T12:16:48.884964+00:00 [running]> on host 629c168e87a3
[2024-12-03T12:20:25.308+0000] {taskinstance.py:3131} INFO - Exporting env vars: AIRFLOW_CTX_DAG_OWNER='***' AIRFLOW_CTX_DAG_ID='get_inaturalist_data_roadkill' AIRFLOW_CTX_TASK_ID='publish_message_for_transformation' AIRFLOW_CTX_EXECUTION_DATE='2024-12-03T12:16:48.884964+00:00' AIRFLOW_CTX_TRY_NUMBER='4' AIRFLOW_CTX_DAG_RUN_ID='manual__2024-12-03T12:16:48.884964+00:00'
[2024-12-03T12:20:25.310+0000] {logging_mixin.py:190} INFO - Task instance is in running state
[2024-12-03T12:20:25.310+0000] {logging_mixin.py:190} INFO -  Previous state of the Task instance: queued
[2024-12-03T12:20:25.311+0000] {logging_mixin.py:190} INFO - Current task name:publish_message_for_transformation state:running start_date:2024-12-03 12:20:24.843814+00:00
[2024-12-03T12:20:25.311+0000] {logging_mixin.py:190} INFO - Dag name:get_inaturalist_data_roadkill and current dag run status:running
[2024-12-03T12:20:25.312+0000] {taskinstance.py:731} INFO - ::endgroup::
[2024-12-03T12:20:25.347+0000] {rabbitmq.py:33} INFO - Sending message {'path': 'inaturalist_data/roadkill_data/2024/12/03/roadkill_observations_121753.csv', 'source': 'Inaturalist', 'keyword': 'roadkill', 'extraction_date': 1733228425313436759} to rabbitmq channel environbit
[2024-12-03T12:20:25.359+0000] {python.py:240} INFO - Done. Returned value was: None
[2024-12-03T12:20:25.384+0000] {taskinstance.py:340} INFO - ::group::Post task execution logs
[2024-12-03T12:20:25.385+0000] {taskinstance.py:352} INFO - Marking task as SUCCESS. dag_id=get_inaturalist_data_roadkill, task_id=publish_message_for_transformation, run_id=manual__2024-12-03T12:16:48.884964+00:00, execution_date=20241203T121648, start_date=20241203T122024, end_date=20241203T122025
[2024-12-03T12:20:25.412+0000] {logging_mixin.py:190} INFO - Task instance in success state
[2024-12-03T12:20:25.413+0000] {logging_mixin.py:190} INFO -  Previous state of the Task instance: running
[2024-12-03T12:20:25.413+0000] {logging_mixin.py:190} INFO - Dag name:get_inaturalist_data_roadkill queued_at:2024-12-03 12:17:24.672470+00:00
[2024-12-03T12:20:25.414+0000] {logging_mixin.py:190} INFO - Task hostname:629c168e87a3 operator:_PythonDecoratedOperator
[2024-12-03T12:20:25.476+0000] {local_task_job_runner.py:266} INFO - Task exited with return code 0
[2024-12-03T12:20:25.511+0000] {taskinstance.py:3900} INFO - 0 downstream tasks scheduled from follow-on schedule check
[2024-12-03T12:20:25.516+0000] {local_task_job_runner.py:245} INFO - ::endgroup::
