[2024-11-20T10:53:29.756+0000] {processor.py:186} INFO - Started process (PID=68) to work on /home/airflow/.local/lib/python3.12/site-packages/airflow/example_dags/example_latest_only.py
[2024-11-20T10:53:29.757+0000] {processor.py:914} INFO - Processing file /home/airflow/.local/lib/python3.12/site-packages/airflow/example_dags/example_latest_only.py for tasks to queue
[2024-11-20T10:53:29.765+0000] {logging_mixin.py:190} INFO - [2024-11-20T10:53:29.764+0000] {dagbag.py:588} INFO - Filling up the DagBag from /home/airflow/.local/lib/python3.12/site-packages/airflow/example_dags/example_latest_only.py
[2024-11-20T10:53:29.800+0000] {processor.py:925} INFO - DAG(s) 'latest_only' retrieved from /home/airflow/.local/lib/python3.12/site-packages/airflow/example_dags/example_latest_only.py
[2024-11-20T10:53:29.919+0000] {logging_mixin.py:190} INFO - [2024-11-20T10:53:29.918+0000] {dag.py:3239} INFO - Sync 1 DAGs
[2024-11-20T10:53:30.148+0000] {logging_mixin.py:190} INFO - [2024-11-20T10:53:30.147+0000] {dag.py:4180} INFO - Setting next_dagrun for latest_only to 2024-11-20 04:00:00+00:00, run_after=2024-11-20 08:00:00+00:00
[2024-11-20T10:53:30.250+0000] {processor.py:208} INFO - Processing /home/airflow/.local/lib/python3.12/site-packages/airflow/example_dags/example_latest_only.py took 0.525 seconds
[2024-11-20T10:56:46.543+0000] {processor.py:186} INFO - Started process (PID=44) to work on /home/airflow/.local/lib/python3.12/site-packages/airflow/example_dags/example_latest_only.py
[2024-11-20T10:56:46.544+0000] {processor.py:914} INFO - Processing file /home/airflow/.local/lib/python3.12/site-packages/airflow/example_dags/example_latest_only.py for tasks to queue
[2024-11-20T10:56:46.546+0000] {logging_mixin.py:190} INFO - [2024-11-20T10:56:46.546+0000] {dagbag.py:588} INFO - Filling up the DagBag from /home/airflow/.local/lib/python3.12/site-packages/airflow/example_dags/example_latest_only.py
[2024-11-20T10:56:46.553+0000] {processor.py:925} INFO - DAG(s) 'latest_only' retrieved from /home/airflow/.local/lib/python3.12/site-packages/airflow/example_dags/example_latest_only.py
[2024-11-20T10:56:46.587+0000] {logging_mixin.py:190} INFO - [2024-11-20T10:56:46.586+0000] {dag.py:3239} INFO - Sync 1 DAGs
[2024-11-20T10:56:46.625+0000] {logging_mixin.py:190} INFO - [2024-11-20T10:56:46.624+0000] {dag.py:4180} INFO - Setting next_dagrun for latest_only to 2024-11-20 04:00:00+00:00, run_after=2024-11-20 08:00:00+00:00
[2024-11-20T10:56:46.651+0000] {processor.py:208} INFO - Processing /home/airflow/.local/lib/python3.12/site-packages/airflow/example_dags/example_latest_only.py took 0.113 seconds
[2024-11-20T10:57:16.693+0000] {processor.py:186} INFO - Started process (PID=110) to work on /home/airflow/.local/lib/python3.12/site-packages/airflow/example_dags/example_latest_only.py
[2024-11-20T10:57:16.694+0000] {processor.py:914} INFO - Processing file /home/airflow/.local/lib/python3.12/site-packages/airflow/example_dags/example_latest_only.py for tasks to queue
[2024-11-20T10:57:16.696+0000] {logging_mixin.py:190} INFO - [2024-11-20T10:57:16.695+0000] {dagbag.py:588} INFO - Filling up the DagBag from /home/airflow/.local/lib/python3.12/site-packages/airflow/example_dags/example_latest_only.py
[2024-11-20T10:57:16.701+0000] {processor.py:925} INFO - DAG(s) 'latest_only' retrieved from /home/airflow/.local/lib/python3.12/site-packages/airflow/example_dags/example_latest_only.py
[2024-11-20T10:57:16.720+0000] {logging_mixin.py:190} INFO - [2024-11-20T10:57:16.719+0000] {dag.py:3239} INFO - Sync 1 DAGs
[2024-11-20T10:57:16.746+0000] {logging_mixin.py:190} INFO - [2024-11-20T10:57:16.746+0000] {dag.py:4180} INFO - Setting next_dagrun for latest_only to 2024-11-20 04:00:00+00:00, run_after=2024-11-20 08:00:00+00:00
[2024-11-20T10:57:16.766+0000] {processor.py:208} INFO - Processing /home/airflow/.local/lib/python3.12/site-packages/airflow/example_dags/example_latest_only.py took 0.077 seconds
[2024-11-20T10:57:47.771+0000] {processor.py:186} INFO - Started process (PID=176) to work on /home/airflow/.local/lib/python3.12/site-packages/airflow/example_dags/example_latest_only.py
[2024-11-20T10:57:47.772+0000] {processor.py:914} INFO - Processing file /home/airflow/.local/lib/python3.12/site-packages/airflow/example_dags/example_latest_only.py for tasks to queue
[2024-11-20T10:57:47.775+0000] {logging_mixin.py:190} INFO - [2024-11-20T10:57:47.774+0000] {dagbag.py:588} INFO - Filling up the DagBag from /home/airflow/.local/lib/python3.12/site-packages/airflow/example_dags/example_latest_only.py
[2024-11-20T10:57:47.786+0000] {processor.py:925} INFO - DAG(s) 'latest_only' retrieved from /home/airflow/.local/lib/python3.12/site-packages/airflow/example_dags/example_latest_only.py
[2024-11-20T10:57:47.819+0000] {logging_mixin.py:190} INFO - [2024-11-20T10:57:47.819+0000] {dag.py:3239} INFO - Sync 1 DAGs
[2024-11-20T10:57:47.862+0000] {logging_mixin.py:190} INFO - [2024-11-20T10:57:47.861+0000] {dag.py:4180} INFO - Setting next_dagrun for latest_only to 2024-11-20 04:00:00+00:00, run_after=2024-11-20 08:00:00+00:00
[2024-11-20T10:57:47.890+0000] {processor.py:208} INFO - Processing /home/airflow/.local/lib/python3.12/site-packages/airflow/example_dags/example_latest_only.py took 0.128 seconds
[2024-11-20T10:58:19.333+0000] {processor.py:186} INFO - Started process (PID=242) to work on /home/airflow/.local/lib/python3.12/site-packages/airflow/example_dags/example_latest_only.py
[2024-11-20T10:58:19.335+0000] {processor.py:914} INFO - Processing file /home/airflow/.local/lib/python3.12/site-packages/airflow/example_dags/example_latest_only.py for tasks to queue
[2024-11-20T10:58:19.339+0000] {logging_mixin.py:190} INFO - [2024-11-20T10:58:19.338+0000] {dagbag.py:588} INFO - Filling up the DagBag from /home/airflow/.local/lib/python3.12/site-packages/airflow/example_dags/example_latest_only.py
[2024-11-20T10:58:19.355+0000] {processor.py:925} INFO - DAG(s) 'latest_only' retrieved from /home/airflow/.local/lib/python3.12/site-packages/airflow/example_dags/example_latest_only.py
[2024-11-20T10:58:19.391+0000] {logging_mixin.py:190} INFO - [2024-11-20T10:58:19.390+0000] {dag.py:3239} INFO - Sync 1 DAGs
[2024-11-20T10:58:19.441+0000] {logging_mixin.py:190} INFO - [2024-11-20T10:58:19.440+0000] {dag.py:4180} INFO - Setting next_dagrun for latest_only to 2024-11-20 04:00:00+00:00, run_after=2024-11-20 08:00:00+00:00
[2024-11-20T10:58:19.481+0000] {processor.py:208} INFO - Processing /home/airflow/.local/lib/python3.12/site-packages/airflow/example_dags/example_latest_only.py took 0.159 seconds
[2024-11-20T10:58:51.656+0000] {processor.py:186} INFO - Started process (PID=310) to work on /home/airflow/.local/lib/python3.12/site-packages/airflow/example_dags/example_latest_only.py
[2024-11-20T10:58:51.659+0000] {processor.py:914} INFO - Processing file /home/airflow/.local/lib/python3.12/site-packages/airflow/example_dags/example_latest_only.py for tasks to queue
[2024-11-20T10:58:51.663+0000] {logging_mixin.py:190} INFO - [2024-11-20T10:58:51.662+0000] {dagbag.py:588} INFO - Filling up the DagBag from /home/airflow/.local/lib/python3.12/site-packages/airflow/example_dags/example_latest_only.py
[2024-11-20T10:58:51.677+0000] {processor.py:925} INFO - DAG(s) 'latest_only' retrieved from /home/airflow/.local/lib/python3.12/site-packages/airflow/example_dags/example_latest_only.py
[2024-11-20T10:58:51.718+0000] {logging_mixin.py:190} INFO - [2024-11-20T10:58:51.718+0000] {dag.py:3239} INFO - Sync 1 DAGs
[2024-11-20T10:58:51.770+0000] {logging_mixin.py:190} INFO - [2024-11-20T10:58:51.770+0000] {dag.py:4180} INFO - Setting next_dagrun for latest_only to 2024-11-20 04:00:00+00:00, run_after=2024-11-20 08:00:00+00:00
[2024-11-20T10:58:51.809+0000] {processor.py:208} INFO - Processing /home/airflow/.local/lib/python3.12/site-packages/airflow/example_dags/example_latest_only.py took 0.163 seconds
[2024-11-20T10:59:23.151+0000] {processor.py:186} INFO - Started process (PID=376) to work on /home/airflow/.local/lib/python3.12/site-packages/airflow/example_dags/example_latest_only.py
[2024-11-20T10:59:23.153+0000] {processor.py:914} INFO - Processing file /home/airflow/.local/lib/python3.12/site-packages/airflow/example_dags/example_latest_only.py for tasks to queue
[2024-11-20T10:59:23.157+0000] {logging_mixin.py:190} INFO - [2024-11-20T10:59:23.157+0000] {dagbag.py:588} INFO - Filling up the DagBag from /home/airflow/.local/lib/python3.12/site-packages/airflow/example_dags/example_latest_only.py
[2024-11-20T10:59:23.175+0000] {processor.py:925} INFO - DAG(s) 'latest_only' retrieved from /home/airflow/.local/lib/python3.12/site-packages/airflow/example_dags/example_latest_only.py
[2024-11-20T10:59:23.215+0000] {logging_mixin.py:190} INFO - [2024-11-20T10:59:23.215+0000] {dag.py:3239} INFO - Sync 1 DAGs
[2024-11-20T10:59:23.258+0000] {logging_mixin.py:190} INFO - [2024-11-20T10:59:23.257+0000] {dag.py:4180} INFO - Setting next_dagrun for latest_only to 2024-11-20 04:00:00+00:00, run_after=2024-11-20 08:00:00+00:00
[2024-11-20T10:59:23.295+0000] {processor.py:208} INFO - Processing /home/airflow/.local/lib/python3.12/site-packages/airflow/example_dags/example_latest_only.py took 0.160 seconds
[2024-11-20T10:59:53.720+0000] {processor.py:186} INFO - Started process (PID=450) to work on /home/airflow/.local/lib/python3.12/site-packages/airflow/example_dags/example_latest_only.py
[2024-11-20T10:59:53.722+0000] {processor.py:914} INFO - Processing file /home/airflow/.local/lib/python3.12/site-packages/airflow/example_dags/example_latest_only.py for tasks to queue
[2024-11-20T10:59:53.729+0000] {logging_mixin.py:190} INFO - [2024-11-20T10:59:53.727+0000] {dagbag.py:588} INFO - Filling up the DagBag from /home/airflow/.local/lib/python3.12/site-packages/airflow/example_dags/example_latest_only.py
[2024-11-20T10:59:53.760+0000] {processor.py:925} INFO - DAG(s) 'latest_only' retrieved from /home/airflow/.local/lib/python3.12/site-packages/airflow/example_dags/example_latest_only.py
[2024-11-20T10:59:53.825+0000] {logging_mixin.py:190} INFO - [2024-11-20T10:59:53.823+0000] {dag.py:3239} INFO - Sync 1 DAGs
[2024-11-20T10:59:53.892+0000] {logging_mixin.py:190} INFO - [2024-11-20T10:59:53.892+0000] {dag.py:4180} INFO - Setting next_dagrun for latest_only to 2024-11-20 04:00:00+00:00, run_after=2024-11-20 08:00:00+00:00
[2024-11-20T10:59:53.964+0000] {processor.py:208} INFO - Processing /home/airflow/.local/lib/python3.12/site-packages/airflow/example_dags/example_latest_only.py took 0.268 seconds
[2024-11-20T11:00:24.762+0000] {processor.py:186} INFO - Started process (PID=541) to work on /home/airflow/.local/lib/python3.12/site-packages/airflow/example_dags/example_latest_only.py
[2024-11-20T11:00:24.763+0000] {processor.py:914} INFO - Processing file /home/airflow/.local/lib/python3.12/site-packages/airflow/example_dags/example_latest_only.py for tasks to queue
[2024-11-20T11:00:24.769+0000] {logging_mixin.py:190} INFO - [2024-11-20T11:00:24.769+0000] {dagbag.py:588} INFO - Filling up the DagBag from /home/airflow/.local/lib/python3.12/site-packages/airflow/example_dags/example_latest_only.py
[2024-11-20T11:00:24.787+0000] {processor.py:925} INFO - DAG(s) 'latest_only' retrieved from /home/airflow/.local/lib/python3.12/site-packages/airflow/example_dags/example_latest_only.py
[2024-11-20T11:00:24.847+0000] {logging_mixin.py:190} INFO - [2024-11-20T11:00:24.846+0000] {dag.py:3239} INFO - Sync 1 DAGs
[2024-11-20T11:00:24.965+0000] {logging_mixin.py:190} INFO - [2024-11-20T11:00:24.964+0000] {dag.py:4180} INFO - Setting next_dagrun for latest_only to 2024-11-20 04:00:00+00:00, run_after=2024-11-20 08:00:00+00:00
[2024-11-20T11:00:25.030+0000] {processor.py:208} INFO - Processing /home/airflow/.local/lib/python3.12/site-packages/airflow/example_dags/example_latest_only.py took 0.282 seconds
[2024-11-20T11:00:56.057+0000] {processor.py:186} INFO - Started process (PID=613) to work on /home/airflow/.local/lib/python3.12/site-packages/airflow/example_dags/example_latest_only.py
[2024-11-20T11:00:56.062+0000] {processor.py:914} INFO - Processing file /home/airflow/.local/lib/python3.12/site-packages/airflow/example_dags/example_latest_only.py for tasks to queue
[2024-11-20T11:00:56.072+0000] {logging_mixin.py:190} INFO - [2024-11-20T11:00:56.070+0000] {dagbag.py:588} INFO - Filling up the DagBag from /home/airflow/.local/lib/python3.12/site-packages/airflow/example_dags/example_latest_only.py
[2024-11-20T11:00:56.089+0000] {processor.py:925} INFO - DAG(s) 'latest_only' retrieved from /home/airflow/.local/lib/python3.12/site-packages/airflow/example_dags/example_latest_only.py
[2024-11-20T11:00:56.154+0000] {logging_mixin.py:190} INFO - [2024-11-20T11:00:56.153+0000] {dag.py:3239} INFO - Sync 1 DAGs
[2024-11-20T11:00:56.224+0000] {logging_mixin.py:190} INFO - [2024-11-20T11:00:56.224+0000] {dag.py:4180} INFO - Setting next_dagrun for latest_only to 2024-11-20 04:00:00+00:00, run_after=2024-11-20 08:00:00+00:00
[2024-11-20T11:00:56.297+0000] {processor.py:208} INFO - Processing /home/airflow/.local/lib/python3.12/site-packages/airflow/example_dags/example_latest_only.py took 0.251 seconds
[2024-11-20T11:01:26.401+0000] {processor.py:186} INFO - Started process (PID=679) to work on /home/airflow/.local/lib/python3.12/site-packages/airflow/example_dags/example_latest_only.py
[2024-11-20T11:01:26.403+0000] {processor.py:914} INFO - Processing file /home/airflow/.local/lib/python3.12/site-packages/airflow/example_dags/example_latest_only.py for tasks to queue
[2024-11-20T11:01:26.407+0000] {logging_mixin.py:190} INFO - [2024-11-20T11:01:26.407+0000] {dagbag.py:588} INFO - Filling up the DagBag from /home/airflow/.local/lib/python3.12/site-packages/airflow/example_dags/example_latest_only.py
[2024-11-20T11:01:26.422+0000] {processor.py:925} INFO - DAG(s) 'latest_only' retrieved from /home/airflow/.local/lib/python3.12/site-packages/airflow/example_dags/example_latest_only.py
[2024-11-20T11:01:26.469+0000] {logging_mixin.py:190} INFO - [2024-11-20T11:01:26.468+0000] {dag.py:3239} INFO - Sync 1 DAGs
[2024-11-20T11:01:26.525+0000] {logging_mixin.py:190} INFO - [2024-11-20T11:01:26.524+0000] {dag.py:4180} INFO - Setting next_dagrun for latest_only to 2024-11-20 04:00:00+00:00, run_after=2024-11-20 08:00:00+00:00
[2024-11-20T11:01:26.568+0000] {processor.py:208} INFO - Processing /home/airflow/.local/lib/python3.12/site-packages/airflow/example_dags/example_latest_only.py took 0.187 seconds
[2024-11-20T11:01:57.902+0000] {processor.py:186} INFO - Started process (PID=750) to work on /home/airflow/.local/lib/python3.12/site-packages/airflow/example_dags/example_latest_only.py
[2024-11-20T11:01:57.906+0000] {processor.py:914} INFO - Processing file /home/airflow/.local/lib/python3.12/site-packages/airflow/example_dags/example_latest_only.py for tasks to queue
[2024-11-20T11:01:57.912+0000] {logging_mixin.py:190} INFO - [2024-11-20T11:01:57.911+0000] {dagbag.py:588} INFO - Filling up the DagBag from /home/airflow/.local/lib/python3.12/site-packages/airflow/example_dags/example_latest_only.py
[2024-11-20T11:01:57.936+0000] {processor.py:925} INFO - DAG(s) 'latest_only' retrieved from /home/airflow/.local/lib/python3.12/site-packages/airflow/example_dags/example_latest_only.py
[2024-11-20T11:01:57.990+0000] {logging_mixin.py:190} INFO - [2024-11-20T11:01:57.989+0000] {dag.py:3239} INFO - Sync 1 DAGs
[2024-11-20T11:01:58.083+0000] {logging_mixin.py:190} INFO - [2024-11-20T11:01:58.082+0000] {dag.py:4180} INFO - Setting next_dagrun for latest_only to 2024-11-20 04:00:00+00:00, run_after=2024-11-20 08:00:00+00:00
[2024-11-20T11:01:58.133+0000] {processor.py:208} INFO - Processing /home/airflow/.local/lib/python3.12/site-packages/airflow/example_dags/example_latest_only.py took 0.254 seconds
[2024-11-20T11:02:28.248+0000] {processor.py:186} INFO - Started process (PID=816) to work on /home/airflow/.local/lib/python3.12/site-packages/airflow/example_dags/example_latest_only.py
[2024-11-20T11:02:28.252+0000] {processor.py:914} INFO - Processing file /home/airflow/.local/lib/python3.12/site-packages/airflow/example_dags/example_latest_only.py for tasks to queue
[2024-11-20T11:02:28.259+0000] {logging_mixin.py:190} INFO - [2024-11-20T11:02:28.259+0000] {dagbag.py:588} INFO - Filling up the DagBag from /home/airflow/.local/lib/python3.12/site-packages/airflow/example_dags/example_latest_only.py
[2024-11-20T11:02:28.282+0000] {processor.py:925} INFO - DAG(s) 'latest_only' retrieved from /home/airflow/.local/lib/python3.12/site-packages/airflow/example_dags/example_latest_only.py
[2024-11-20T11:02:28.354+0000] {logging_mixin.py:190} INFO - [2024-11-20T11:02:28.354+0000] {dag.py:3239} INFO - Sync 1 DAGs
[2024-11-20T11:02:28.481+0000] {logging_mixin.py:190} INFO - [2024-11-20T11:02:28.480+0000] {dag.py:4180} INFO - Setting next_dagrun for latest_only to 2024-11-20 04:00:00+00:00, run_after=2024-11-20 08:00:00+00:00
[2024-11-20T11:02:28.581+0000] {processor.py:208} INFO - Processing /home/airflow/.local/lib/python3.12/site-packages/airflow/example_dags/example_latest_only.py took 0.351 seconds
[2024-11-20T11:02:59.214+0000] {processor.py:186} INFO - Started process (PID=882) to work on /home/airflow/.local/lib/python3.12/site-packages/airflow/example_dags/example_latest_only.py
[2024-11-20T11:02:59.214+0000] {processor.py:914} INFO - Processing file /home/airflow/.local/lib/python3.12/site-packages/airflow/example_dags/example_latest_only.py for tasks to queue
[2024-11-20T11:02:59.216+0000] {logging_mixin.py:190} INFO - [2024-11-20T11:02:59.216+0000] {dagbag.py:588} INFO - Filling up the DagBag from /home/airflow/.local/lib/python3.12/site-packages/airflow/example_dags/example_latest_only.py
[2024-11-20T11:02:59.222+0000] {processor.py:925} INFO - DAG(s) 'latest_only' retrieved from /home/airflow/.local/lib/python3.12/site-packages/airflow/example_dags/example_latest_only.py
[2024-11-20T11:02:59.242+0000] {logging_mixin.py:190} INFO - [2024-11-20T11:02:59.241+0000] {dag.py:3239} INFO - Sync 1 DAGs
[2024-11-20T11:02:59.279+0000] {logging_mixin.py:190} INFO - [2024-11-20T11:02:59.279+0000] {dag.py:4180} INFO - Setting next_dagrun for latest_only to 2024-11-20 04:00:00+00:00, run_after=2024-11-20 08:00:00+00:00
[2024-11-20T11:02:59.307+0000] {processor.py:208} INFO - Processing /home/airflow/.local/lib/python3.12/site-packages/airflow/example_dags/example_latest_only.py took 0.098 seconds
[2024-11-20T11:03:30.017+0000] {processor.py:186} INFO - Started process (PID=948) to work on /home/airflow/.local/lib/python3.12/site-packages/airflow/example_dags/example_latest_only.py
[2024-11-20T11:03:30.019+0000] {processor.py:914} INFO - Processing file /home/airflow/.local/lib/python3.12/site-packages/airflow/example_dags/example_latest_only.py for tasks to queue
[2024-11-20T11:03:30.021+0000] {logging_mixin.py:190} INFO - [2024-11-20T11:03:30.020+0000] {dagbag.py:588} INFO - Filling up the DagBag from /home/airflow/.local/lib/python3.12/site-packages/airflow/example_dags/example_latest_only.py
[2024-11-20T11:03:30.026+0000] {processor.py:925} INFO - DAG(s) 'latest_only' retrieved from /home/airflow/.local/lib/python3.12/site-packages/airflow/example_dags/example_latest_only.py
[2024-11-20T11:03:30.045+0000] {logging_mixin.py:190} INFO - [2024-11-20T11:03:30.045+0000] {dag.py:3239} INFO - Sync 1 DAGs
[2024-11-20T11:03:30.071+0000] {logging_mixin.py:190} INFO - [2024-11-20T11:03:30.071+0000] {dag.py:4180} INFO - Setting next_dagrun for latest_only to 2024-11-20 04:00:00+00:00, run_after=2024-11-20 08:00:00+00:00
[2024-11-20T11:03:30.090+0000] {processor.py:208} INFO - Processing /home/airflow/.local/lib/python3.12/site-packages/airflow/example_dags/example_latest_only.py took 0.079 seconds
[2024-11-20T11:04:00.282+0000] {processor.py:186} INFO - Started process (PID=1013) to work on /home/airflow/.local/lib/python3.12/site-packages/airflow/example_dags/example_latest_only.py
[2024-11-20T11:04:00.282+0000] {processor.py:914} INFO - Processing file /home/airflow/.local/lib/python3.12/site-packages/airflow/example_dags/example_latest_only.py for tasks to queue
[2024-11-20T11:04:00.284+0000] {logging_mixin.py:190} INFO - [2024-11-20T11:04:00.284+0000] {dagbag.py:588} INFO - Filling up the DagBag from /home/airflow/.local/lib/python3.12/site-packages/airflow/example_dags/example_latest_only.py
[2024-11-20T11:04:00.291+0000] {processor.py:925} INFO - DAG(s) 'latest_only' retrieved from /home/airflow/.local/lib/python3.12/site-packages/airflow/example_dags/example_latest_only.py
[2024-11-20T11:04:00.311+0000] {logging_mixin.py:190} INFO - [2024-11-20T11:04:00.311+0000] {dag.py:3239} INFO - Sync 1 DAGs
[2024-11-20T11:04:00.338+0000] {logging_mixin.py:190} INFO - [2024-11-20T11:04:00.338+0000] {dag.py:4180} INFO - Setting next_dagrun for latest_only to 2024-11-20 04:00:00+00:00, run_after=2024-11-20 08:00:00+00:00
[2024-11-20T11:04:00.358+0000] {processor.py:208} INFO - Processing /home/airflow/.local/lib/python3.12/site-packages/airflow/example_dags/example_latest_only.py took 0.081 seconds
[2024-11-20T11:04:32.093+0000] {processor.py:186} INFO - Started process (PID=1079) to work on /home/airflow/.local/lib/python3.12/site-packages/airflow/example_dags/example_latest_only.py
[2024-11-20T11:04:32.098+0000] {processor.py:914} INFO - Processing file /home/airflow/.local/lib/python3.12/site-packages/airflow/example_dags/example_latest_only.py for tasks to queue
[2024-11-20T11:04:32.102+0000] {logging_mixin.py:190} INFO - [2024-11-20T11:04:32.101+0000] {dagbag.py:588} INFO - Filling up the DagBag from /home/airflow/.local/lib/python3.12/site-packages/airflow/example_dags/example_latest_only.py
[2024-11-20T11:04:32.116+0000] {processor.py:925} INFO - DAG(s) 'latest_only' retrieved from /home/airflow/.local/lib/python3.12/site-packages/airflow/example_dags/example_latest_only.py
[2024-11-20T11:04:32.181+0000] {logging_mixin.py:190} INFO - [2024-11-20T11:04:32.180+0000] {dag.py:3239} INFO - Sync 1 DAGs
[2024-11-20T11:04:32.273+0000] {logging_mixin.py:190} INFO - [2024-11-20T11:04:32.272+0000] {dag.py:4180} INFO - Setting next_dagrun for latest_only to 2024-11-20 04:00:00+00:00, run_after=2024-11-20 08:00:00+00:00
[2024-11-20T11:04:32.380+0000] {processor.py:208} INFO - Processing /home/airflow/.local/lib/python3.12/site-packages/airflow/example_dags/example_latest_only.py took 0.300 seconds
[2024-11-20T11:05:02.489+0000] {processor.py:186} INFO - Started process (PID=1144) to work on /home/airflow/.local/lib/python3.12/site-packages/airflow/example_dags/example_latest_only.py
[2024-11-20T11:05:02.490+0000] {processor.py:914} INFO - Processing file /home/airflow/.local/lib/python3.12/site-packages/airflow/example_dags/example_latest_only.py for tasks to queue
[2024-11-20T11:05:02.495+0000] {logging_mixin.py:190} INFO - [2024-11-20T11:05:02.495+0000] {dagbag.py:588} INFO - Filling up the DagBag from /home/airflow/.local/lib/python3.12/site-packages/airflow/example_dags/example_latest_only.py
[2024-11-20T11:05:02.509+0000] {processor.py:925} INFO - DAG(s) 'latest_only' retrieved from /home/airflow/.local/lib/python3.12/site-packages/airflow/example_dags/example_latest_only.py
[2024-11-20T11:05:02.579+0000] {logging_mixin.py:190} INFO - [2024-11-20T11:05:02.578+0000] {dag.py:3239} INFO - Sync 1 DAGs
[2024-11-20T11:05:02.655+0000] {logging_mixin.py:190} INFO - [2024-11-20T11:05:02.654+0000] {dag.py:4180} INFO - Setting next_dagrun for latest_only to 2024-11-20 04:00:00+00:00, run_after=2024-11-20 08:00:00+00:00
[2024-11-20T11:05:02.724+0000] {processor.py:208} INFO - Processing /home/airflow/.local/lib/python3.12/site-packages/airflow/example_dags/example_latest_only.py took 0.247 seconds
[2024-11-20T11:05:33.623+0000] {processor.py:186} INFO - Started process (PID=1210) to work on /home/airflow/.local/lib/python3.12/site-packages/airflow/example_dags/example_latest_only.py
[2024-11-20T11:05:33.624+0000] {processor.py:914} INFO - Processing file /home/airflow/.local/lib/python3.12/site-packages/airflow/example_dags/example_latest_only.py for tasks to queue
[2024-11-20T11:05:33.626+0000] {logging_mixin.py:190} INFO - [2024-11-20T11:05:33.626+0000] {dagbag.py:588} INFO - Filling up the DagBag from /home/airflow/.local/lib/python3.12/site-packages/airflow/example_dags/example_latest_only.py
[2024-11-20T11:05:33.633+0000] {processor.py:925} INFO - DAG(s) 'latest_only' retrieved from /home/airflow/.local/lib/python3.12/site-packages/airflow/example_dags/example_latest_only.py
[2024-11-20T11:05:33.652+0000] {logging_mixin.py:190} INFO - [2024-11-20T11:05:33.652+0000] {dag.py:3239} INFO - Sync 1 DAGs
[2024-11-20T11:05:33.679+0000] {logging_mixin.py:190} INFO - [2024-11-20T11:05:33.678+0000] {dag.py:4180} INFO - Setting next_dagrun for latest_only to 2024-11-20 04:00:00+00:00, run_after=2024-11-20 08:00:00+00:00
[2024-11-20T11:05:33.697+0000] {processor.py:208} INFO - Processing /home/airflow/.local/lib/python3.12/site-packages/airflow/example_dags/example_latest_only.py took 0.081 seconds
[2024-11-20T11:06:03.839+0000] {processor.py:186} INFO - Started process (PID=1277) to work on /home/airflow/.local/lib/python3.12/site-packages/airflow/example_dags/example_latest_only.py
[2024-11-20T11:06:03.840+0000] {processor.py:914} INFO - Processing file /home/airflow/.local/lib/python3.12/site-packages/airflow/example_dags/example_latest_only.py for tasks to queue
[2024-11-20T11:06:03.842+0000] {logging_mixin.py:190} INFO - [2024-11-20T11:06:03.841+0000] {dagbag.py:588} INFO - Filling up the DagBag from /home/airflow/.local/lib/python3.12/site-packages/airflow/example_dags/example_latest_only.py
[2024-11-20T11:06:03.850+0000] {processor.py:925} INFO - DAG(s) 'latest_only' retrieved from /home/airflow/.local/lib/python3.12/site-packages/airflow/example_dags/example_latest_only.py
[2024-11-20T11:06:03.877+0000] {logging_mixin.py:190} INFO - [2024-11-20T11:06:03.876+0000] {dag.py:3239} INFO - Sync 1 DAGs
[2024-11-20T11:06:03.909+0000] {logging_mixin.py:190} INFO - [2024-11-20T11:06:03.909+0000] {dag.py:4180} INFO - Setting next_dagrun for latest_only to 2024-11-20 04:00:00+00:00, run_after=2024-11-20 08:00:00+00:00
[2024-11-20T11:06:03.936+0000] {processor.py:208} INFO - Processing /home/airflow/.local/lib/python3.12/site-packages/airflow/example_dags/example_latest_only.py took 0.104 seconds
[2024-11-20T11:06:34.398+0000] {processor.py:186} INFO - Started process (PID=1343) to work on /home/airflow/.local/lib/python3.12/site-packages/airflow/example_dags/example_latest_only.py
[2024-11-20T11:06:34.398+0000] {processor.py:914} INFO - Processing file /home/airflow/.local/lib/python3.12/site-packages/airflow/example_dags/example_latest_only.py for tasks to queue
[2024-11-20T11:06:34.401+0000] {logging_mixin.py:190} INFO - [2024-11-20T11:06:34.401+0000] {dagbag.py:588} INFO - Filling up the DagBag from /home/airflow/.local/lib/python3.12/site-packages/airflow/example_dags/example_latest_only.py
[2024-11-20T11:06:34.601+0000] {processor.py:925} INFO - DAG(s) 'latest_only' retrieved from /home/airflow/.local/lib/python3.12/site-packages/airflow/example_dags/example_latest_only.py
[2024-11-20T11:06:34.625+0000] {logging_mixin.py:190} INFO - [2024-11-20T11:06:34.625+0000] {dag.py:3239} INFO - Sync 1 DAGs
[2024-11-20T11:06:34.653+0000] {logging_mixin.py:190} INFO - [2024-11-20T11:06:34.653+0000] {dag.py:4180} INFO - Setting next_dagrun for latest_only to 2024-11-20 04:00:00+00:00, run_after=2024-11-20 08:00:00+00:00
[2024-11-20T11:06:34.676+0000] {processor.py:208} INFO - Processing /home/airflow/.local/lib/python3.12/site-packages/airflow/example_dags/example_latest_only.py took 0.283 seconds
[2024-11-20T11:07:04.967+0000] {processor.py:186} INFO - Started process (PID=1409) to work on /home/airflow/.local/lib/python3.12/site-packages/airflow/example_dags/example_latest_only.py
[2024-11-20T11:07:04.969+0000] {processor.py:914} INFO - Processing file /home/airflow/.local/lib/python3.12/site-packages/airflow/example_dags/example_latest_only.py for tasks to queue
[2024-11-20T11:07:04.972+0000] {logging_mixin.py:190} INFO - [2024-11-20T11:07:04.971+0000] {dagbag.py:588} INFO - Filling up the DagBag from /home/airflow/.local/lib/python3.12/site-packages/airflow/example_dags/example_latest_only.py
[2024-11-20T11:07:04.979+0000] {processor.py:925} INFO - DAG(s) 'latest_only' retrieved from /home/airflow/.local/lib/python3.12/site-packages/airflow/example_dags/example_latest_only.py
[2024-11-20T11:07:04.999+0000] {logging_mixin.py:190} INFO - [2024-11-20T11:07:04.999+0000] {dag.py:3239} INFO - Sync 1 DAGs
[2024-11-20T11:07:05.029+0000] {logging_mixin.py:190} INFO - [2024-11-20T11:07:05.029+0000] {dag.py:4180} INFO - Setting next_dagrun for latest_only to 2024-11-20 04:00:00+00:00, run_after=2024-11-20 08:00:00+00:00
[2024-11-20T11:07:05.049+0000] {processor.py:208} INFO - Processing /home/airflow/.local/lib/python3.12/site-packages/airflow/example_dags/example_latest_only.py took 0.089 seconds
[2024-11-20T11:07:35.350+0000] {processor.py:186} INFO - Started process (PID=1475) to work on /home/airflow/.local/lib/python3.12/site-packages/airflow/example_dags/example_latest_only.py
[2024-11-20T11:07:35.351+0000] {processor.py:914} INFO - Processing file /home/airflow/.local/lib/python3.12/site-packages/airflow/example_dags/example_latest_only.py for tasks to queue
[2024-11-20T11:07:35.355+0000] {logging_mixin.py:190} INFO - [2024-11-20T11:07:35.354+0000] {dagbag.py:588} INFO - Filling up the DagBag from /home/airflow/.local/lib/python3.12/site-packages/airflow/example_dags/example_latest_only.py
[2024-11-20T11:07:35.364+0000] {processor.py:925} INFO - DAG(s) 'latest_only' retrieved from /home/airflow/.local/lib/python3.12/site-packages/airflow/example_dags/example_latest_only.py
[2024-11-20T11:07:35.394+0000] {logging_mixin.py:190} INFO - [2024-11-20T11:07:35.394+0000] {dag.py:3239} INFO - Sync 1 DAGs
[2024-11-20T11:07:35.424+0000] {logging_mixin.py:190} INFO - [2024-11-20T11:07:35.424+0000] {dag.py:4180} INFO - Setting next_dagrun for latest_only to 2024-11-20 04:00:00+00:00, run_after=2024-11-20 08:00:00+00:00
[2024-11-20T11:07:35.445+0000] {processor.py:208} INFO - Processing /home/airflow/.local/lib/python3.12/site-packages/airflow/example_dags/example_latest_only.py took 0.101 seconds
[2024-11-20T11:08:05.773+0000] {processor.py:186} INFO - Started process (PID=1541) to work on /home/airflow/.local/lib/python3.12/site-packages/airflow/example_dags/example_latest_only.py
[2024-11-20T11:08:05.774+0000] {processor.py:914} INFO - Processing file /home/airflow/.local/lib/python3.12/site-packages/airflow/example_dags/example_latest_only.py for tasks to queue
[2024-11-20T11:08:05.775+0000] {logging_mixin.py:190} INFO - [2024-11-20T11:08:05.774+0000] {dagbag.py:588} INFO - Filling up the DagBag from /home/airflow/.local/lib/python3.12/site-packages/airflow/example_dags/example_latest_only.py
[2024-11-20T11:08:05.781+0000] {processor.py:925} INFO - DAG(s) 'latest_only' retrieved from /home/airflow/.local/lib/python3.12/site-packages/airflow/example_dags/example_latest_only.py
[2024-11-20T11:08:05.797+0000] {logging_mixin.py:190} INFO - [2024-11-20T11:08:05.797+0000] {dag.py:3239} INFO - Sync 1 DAGs
[2024-11-20T11:08:05.820+0000] {logging_mixin.py:190} INFO - [2024-11-20T11:08:05.820+0000] {dag.py:4180} INFO - Setting next_dagrun for latest_only to 2024-11-20 04:00:00+00:00, run_after=2024-11-20 08:00:00+00:00
[2024-11-20T11:08:05.836+0000] {processor.py:208} INFO - Processing /home/airflow/.local/lib/python3.12/site-packages/airflow/example_dags/example_latest_only.py took 0.069 seconds
[2024-11-20T11:08:37.603+0000] {processor.py:186} INFO - Started process (PID=1608) to work on /home/airflow/.local/lib/python3.12/site-packages/airflow/example_dags/example_latest_only.py
[2024-11-20T11:08:37.607+0000] {processor.py:914} INFO - Processing file /home/airflow/.local/lib/python3.12/site-packages/airflow/example_dags/example_latest_only.py for tasks to queue
[2024-11-20T11:08:37.609+0000] {logging_mixin.py:190} INFO - [2024-11-20T11:08:37.609+0000] {dagbag.py:588} INFO - Filling up the DagBag from /home/airflow/.local/lib/python3.12/site-packages/airflow/example_dags/example_latest_only.py
[2024-11-20T11:08:37.631+0000] {processor.py:925} INFO - DAG(s) 'latest_only' retrieved from /home/airflow/.local/lib/python3.12/site-packages/airflow/example_dags/example_latest_only.py
[2024-11-20T11:08:37.663+0000] {logging_mixin.py:190} INFO - [2024-11-20T11:08:37.663+0000] {dag.py:3239} INFO - Sync 1 DAGs
[2024-11-20T11:08:37.713+0000] {logging_mixin.py:190} INFO - [2024-11-20T11:08:37.712+0000] {dag.py:4180} INFO - Setting next_dagrun for latest_only to 2024-11-20 04:00:00+00:00, run_after=2024-11-20 08:00:00+00:00
[2024-11-20T11:08:37.761+0000] {processor.py:208} INFO - Processing /home/airflow/.local/lib/python3.12/site-packages/airflow/example_dags/example_latest_only.py took 0.169 seconds
[2024-11-20T11:09:08.712+0000] {processor.py:186} INFO - Started process (PID=1674) to work on /home/airflow/.local/lib/python3.12/site-packages/airflow/example_dags/example_latest_only.py
[2024-11-20T11:09:08.714+0000] {processor.py:914} INFO - Processing file /home/airflow/.local/lib/python3.12/site-packages/airflow/example_dags/example_latest_only.py for tasks to queue
[2024-11-20T11:09:08.715+0000] {logging_mixin.py:190} INFO - [2024-11-20T11:09:08.715+0000] {dagbag.py:588} INFO - Filling up the DagBag from /home/airflow/.local/lib/python3.12/site-packages/airflow/example_dags/example_latest_only.py
[2024-11-20T11:09:08.724+0000] {processor.py:925} INFO - DAG(s) 'latest_only' retrieved from /home/airflow/.local/lib/python3.12/site-packages/airflow/example_dags/example_latest_only.py
[2024-11-20T11:09:08.743+0000] {logging_mixin.py:190} INFO - [2024-11-20T11:09:08.743+0000] {dag.py:3239} INFO - Sync 1 DAGs
[2024-11-20T11:09:08.766+0000] {logging_mixin.py:190} INFO - [2024-11-20T11:09:08.766+0000] {dag.py:4180} INFO - Setting next_dagrun for latest_only to 2024-11-20 04:00:00+00:00, run_after=2024-11-20 08:00:00+00:00
[2024-11-20T11:09:08.784+0000] {processor.py:208} INFO - Processing /home/airflow/.local/lib/python3.12/site-packages/airflow/example_dags/example_latest_only.py took 0.079 seconds
[2024-11-20T11:09:39.352+0000] {processor.py:186} INFO - Started process (PID=1741) to work on /home/airflow/.local/lib/python3.12/site-packages/airflow/example_dags/example_latest_only.py
[2024-11-20T11:09:39.354+0000] {processor.py:914} INFO - Processing file /home/airflow/.local/lib/python3.12/site-packages/airflow/example_dags/example_latest_only.py for tasks to queue
[2024-11-20T11:09:39.355+0000] {logging_mixin.py:190} INFO - [2024-11-20T11:09:39.354+0000] {dagbag.py:588} INFO - Filling up the DagBag from /home/airflow/.local/lib/python3.12/site-packages/airflow/example_dags/example_latest_only.py
[2024-11-20T11:09:39.363+0000] {processor.py:925} INFO - DAG(s) 'latest_only' retrieved from /home/airflow/.local/lib/python3.12/site-packages/airflow/example_dags/example_latest_only.py
[2024-11-20T11:09:39.384+0000] {logging_mixin.py:190} INFO - [2024-11-20T11:09:39.384+0000] {dag.py:3239} INFO - Sync 1 DAGs
[2024-11-20T11:09:39.416+0000] {logging_mixin.py:190} INFO - [2024-11-20T11:09:39.416+0000] {dag.py:4180} INFO - Setting next_dagrun for latest_only to 2024-11-20 04:00:00+00:00, run_after=2024-11-20 08:00:00+00:00
[2024-11-20T11:09:39.437+0000] {processor.py:208} INFO - Processing /home/airflow/.local/lib/python3.12/site-packages/airflow/example_dags/example_latest_only.py took 0.093 seconds
[2024-11-20T11:10:10.032+0000] {processor.py:186} INFO - Started process (PID=1807) to work on /home/airflow/.local/lib/python3.12/site-packages/airflow/example_dags/example_latest_only.py
[2024-11-20T11:10:10.034+0000] {processor.py:914} INFO - Processing file /home/airflow/.local/lib/python3.12/site-packages/airflow/example_dags/example_latest_only.py for tasks to queue
[2024-11-20T11:10:10.038+0000] {logging_mixin.py:190} INFO - [2024-11-20T11:10:10.037+0000] {dagbag.py:588} INFO - Filling up the DagBag from /home/airflow/.local/lib/python3.12/site-packages/airflow/example_dags/example_latest_only.py
[2024-11-20T11:10:10.052+0000] {processor.py:925} INFO - DAG(s) 'latest_only' retrieved from /home/airflow/.local/lib/python3.12/site-packages/airflow/example_dags/example_latest_only.py
[2024-11-20T11:10:10.088+0000] {logging_mixin.py:190} INFO - [2024-11-20T11:10:10.086+0000] {dag.py:3239} INFO - Sync 1 DAGs
[2024-11-20T11:10:10.150+0000] {logging_mixin.py:190} INFO - [2024-11-20T11:10:10.150+0000] {dag.py:4180} INFO - Setting next_dagrun for latest_only to 2024-11-20 04:00:00+00:00, run_after=2024-11-20 08:00:00+00:00
[2024-11-20T11:10:10.191+0000] {processor.py:208} INFO - Processing /home/airflow/.local/lib/python3.12/site-packages/airflow/example_dags/example_latest_only.py took 0.170 seconds
[2024-11-20T11:10:40.245+0000] {processor.py:186} INFO - Started process (PID=1874) to work on /home/airflow/.local/lib/python3.12/site-packages/airflow/example_dags/example_latest_only.py
[2024-11-20T11:10:40.246+0000] {processor.py:914} INFO - Processing file /home/airflow/.local/lib/python3.12/site-packages/airflow/example_dags/example_latest_only.py for tasks to queue
[2024-11-20T11:10:40.247+0000] {logging_mixin.py:190} INFO - [2024-11-20T11:10:40.247+0000] {dagbag.py:588} INFO - Filling up the DagBag from /home/airflow/.local/lib/python3.12/site-packages/airflow/example_dags/example_latest_only.py
[2024-11-20T11:10:40.255+0000] {processor.py:925} INFO - DAG(s) 'latest_only' retrieved from /home/airflow/.local/lib/python3.12/site-packages/airflow/example_dags/example_latest_only.py
[2024-11-20T11:10:40.282+0000] {logging_mixin.py:190} INFO - [2024-11-20T11:10:40.281+0000] {dag.py:3239} INFO - Sync 1 DAGs
[2024-11-20T11:10:40.313+0000] {logging_mixin.py:190} INFO - [2024-11-20T11:10:40.313+0000] {dag.py:4180} INFO - Setting next_dagrun for latest_only to 2024-11-20 04:00:00+00:00, run_after=2024-11-20 08:00:00+00:00
[2024-11-20T11:10:40.343+0000] {processor.py:208} INFO - Processing /home/airflow/.local/lib/python3.12/site-packages/airflow/example_dags/example_latest_only.py took 0.104 seconds
[2024-11-20T11:11:10.729+0000] {processor.py:186} INFO - Started process (PID=1940) to work on /home/airflow/.local/lib/python3.12/site-packages/airflow/example_dags/example_latest_only.py
[2024-11-20T11:11:10.730+0000] {processor.py:914} INFO - Processing file /home/airflow/.local/lib/python3.12/site-packages/airflow/example_dags/example_latest_only.py for tasks to queue
[2024-11-20T11:11:10.733+0000] {logging_mixin.py:190} INFO - [2024-11-20T11:11:10.732+0000] {dagbag.py:588} INFO - Filling up the DagBag from /home/airflow/.local/lib/python3.12/site-packages/airflow/example_dags/example_latest_only.py
[2024-11-20T11:11:10.750+0000] {processor.py:925} INFO - DAG(s) 'latest_only' retrieved from /home/airflow/.local/lib/python3.12/site-packages/airflow/example_dags/example_latest_only.py
[2024-11-20T11:11:10.774+0000] {logging_mixin.py:190} INFO - [2024-11-20T11:11:10.774+0000] {dag.py:3239} INFO - Sync 1 DAGs
[2024-11-20T11:11:10.804+0000] {logging_mixin.py:190} INFO - [2024-11-20T11:11:10.804+0000] {dag.py:4180} INFO - Setting next_dagrun for latest_only to 2024-11-20 04:00:00+00:00, run_after=2024-11-20 08:00:00+00:00
[2024-11-20T11:11:10.828+0000] {processor.py:208} INFO - Processing /home/airflow/.local/lib/python3.12/site-packages/airflow/example_dags/example_latest_only.py took 0.109 seconds
[2024-11-20T11:11:41.934+0000] {processor.py:186} INFO - Started process (PID=2006) to work on /home/airflow/.local/lib/python3.12/site-packages/airflow/example_dags/example_latest_only.py
[2024-11-20T11:11:41.939+0000] {processor.py:914} INFO - Processing file /home/airflow/.local/lib/python3.12/site-packages/airflow/example_dags/example_latest_only.py for tasks to queue
[2024-11-20T11:11:41.941+0000] {logging_mixin.py:190} INFO - [2024-11-20T11:11:41.941+0000] {dagbag.py:588} INFO - Filling up the DagBag from /home/airflow/.local/lib/python3.12/site-packages/airflow/example_dags/example_latest_only.py
[2024-11-20T11:11:41.965+0000] {processor.py:925} INFO - DAG(s) 'latest_only' retrieved from /home/airflow/.local/lib/python3.12/site-packages/airflow/example_dags/example_latest_only.py
[2024-11-20T11:11:42.019+0000] {logging_mixin.py:190} INFO - [2024-11-20T11:11:42.019+0000] {dag.py:3239} INFO - Sync 1 DAGs
[2024-11-20T11:11:42.072+0000] {logging_mixin.py:190} INFO - [2024-11-20T11:11:42.071+0000] {dag.py:4180} INFO - Setting next_dagrun for latest_only to 2024-11-20 04:00:00+00:00, run_after=2024-11-20 08:00:00+00:00
[2024-11-20T11:11:42.122+0000] {processor.py:208} INFO - Processing /home/airflow/.local/lib/python3.12/site-packages/airflow/example_dags/example_latest_only.py took 0.200 seconds
[2024-11-20T11:12:12.612+0000] {processor.py:186} INFO - Started process (PID=2071) to work on /home/airflow/.local/lib/python3.12/site-packages/airflow/example_dags/example_latest_only.py
[2024-11-20T11:12:12.618+0000] {processor.py:914} INFO - Processing file /home/airflow/.local/lib/python3.12/site-packages/airflow/example_dags/example_latest_only.py for tasks to queue
[2024-11-20T11:12:12.619+0000] {logging_mixin.py:190} INFO - [2024-11-20T11:12:12.619+0000] {dagbag.py:588} INFO - Filling up the DagBag from /home/airflow/.local/lib/python3.12/site-packages/airflow/example_dags/example_latest_only.py
[2024-11-20T11:12:12.628+0000] {processor.py:925} INFO - DAG(s) 'latest_only' retrieved from /home/airflow/.local/lib/python3.12/site-packages/airflow/example_dags/example_latest_only.py
[2024-11-20T11:12:12.650+0000] {logging_mixin.py:190} INFO - [2024-11-20T11:12:12.650+0000] {dag.py:3239} INFO - Sync 1 DAGs
[2024-11-20T11:12:12.688+0000] {logging_mixin.py:190} INFO - [2024-11-20T11:12:12.688+0000] {dag.py:4180} INFO - Setting next_dagrun for latest_only to 2024-11-20 04:00:00+00:00, run_after=2024-11-20 08:00:00+00:00
[2024-11-20T11:12:12.714+0000] {processor.py:208} INFO - Processing /home/airflow/.local/lib/python3.12/site-packages/airflow/example_dags/example_latest_only.py took 0.108 seconds
[2024-11-20T11:12:43.033+0000] {processor.py:186} INFO - Started process (PID=2137) to work on /home/airflow/.local/lib/python3.12/site-packages/airflow/example_dags/example_latest_only.py
[2024-11-20T11:12:43.034+0000] {processor.py:914} INFO - Processing file /home/airflow/.local/lib/python3.12/site-packages/airflow/example_dags/example_latest_only.py for tasks to queue
[2024-11-20T11:12:43.035+0000] {logging_mixin.py:190} INFO - [2024-11-20T11:12:43.035+0000] {dagbag.py:588} INFO - Filling up the DagBag from /home/airflow/.local/lib/python3.12/site-packages/airflow/example_dags/example_latest_only.py
[2024-11-20T11:12:43.046+0000] {processor.py:925} INFO - DAG(s) 'latest_only' retrieved from /home/airflow/.local/lib/python3.12/site-packages/airflow/example_dags/example_latest_only.py
[2024-11-20T11:12:43.082+0000] {logging_mixin.py:190} INFO - [2024-11-20T11:12:43.081+0000] {dag.py:3239} INFO - Sync 1 DAGs
[2024-11-20T11:12:43.173+0000] {logging_mixin.py:190} INFO - [2024-11-20T11:12:43.172+0000] {dag.py:4180} INFO - Setting next_dagrun for latest_only to 2024-11-20 04:00:00+00:00, run_after=2024-11-20 08:00:00+00:00
[2024-11-20T11:12:43.230+0000] {processor.py:208} INFO - Processing /home/airflow/.local/lib/python3.12/site-packages/airflow/example_dags/example_latest_only.py took 0.205 seconds
[2024-11-20T11:13:13.420+0000] {processor.py:186} INFO - Started process (PID=2203) to work on /home/airflow/.local/lib/python3.12/site-packages/airflow/example_dags/example_latest_only.py
[2024-11-20T11:13:13.422+0000] {processor.py:914} INFO - Processing file /home/airflow/.local/lib/python3.12/site-packages/airflow/example_dags/example_latest_only.py for tasks to queue
[2024-11-20T11:13:13.424+0000] {logging_mixin.py:190} INFO - [2024-11-20T11:13:13.423+0000] {dagbag.py:588} INFO - Filling up the DagBag from /home/airflow/.local/lib/python3.12/site-packages/airflow/example_dags/example_latest_only.py
[2024-11-20T11:13:13.437+0000] {processor.py:925} INFO - DAG(s) 'latest_only' retrieved from /home/airflow/.local/lib/python3.12/site-packages/airflow/example_dags/example_latest_only.py
[2024-11-20T11:13:13.465+0000] {logging_mixin.py:190} INFO - [2024-11-20T11:13:13.465+0000] {dag.py:3239} INFO - Sync 1 DAGs
[2024-11-20T11:13:13.504+0000] {logging_mixin.py:190} INFO - [2024-11-20T11:13:13.503+0000] {dag.py:4180} INFO - Setting next_dagrun for latest_only to 2024-11-20 04:00:00+00:00, run_after=2024-11-20 08:00:00+00:00
[2024-11-20T11:13:13.526+0000] {processor.py:208} INFO - Processing /home/airflow/.local/lib/python3.12/site-packages/airflow/example_dags/example_latest_only.py took 0.114 seconds
[2024-11-20T11:13:43.805+0000] {processor.py:186} INFO - Started process (PID=2269) to work on /home/airflow/.local/lib/python3.12/site-packages/airflow/example_dags/example_latest_only.py
[2024-11-20T11:13:43.806+0000] {processor.py:914} INFO - Processing file /home/airflow/.local/lib/python3.12/site-packages/airflow/example_dags/example_latest_only.py for tasks to queue
[2024-11-20T11:13:43.807+0000] {logging_mixin.py:190} INFO - [2024-11-20T11:13:43.806+0000] {dagbag.py:588} INFO - Filling up the DagBag from /home/airflow/.local/lib/python3.12/site-packages/airflow/example_dags/example_latest_only.py
[2024-11-20T11:13:43.814+0000] {processor.py:925} INFO - DAG(s) 'latest_only' retrieved from /home/airflow/.local/lib/python3.12/site-packages/airflow/example_dags/example_latest_only.py
[2024-11-20T11:13:43.829+0000] {logging_mixin.py:190} INFO - [2024-11-20T11:13:43.828+0000] {dag.py:3239} INFO - Sync 1 DAGs
[2024-11-20T11:13:43.853+0000] {logging_mixin.py:190} INFO - [2024-11-20T11:13:43.852+0000] {dag.py:4180} INFO - Setting next_dagrun for latest_only to 2024-11-20 04:00:00+00:00, run_after=2024-11-20 08:00:00+00:00
[2024-11-20T11:13:43.872+0000] {processor.py:208} INFO - Processing /home/airflow/.local/lib/python3.12/site-packages/airflow/example_dags/example_latest_only.py took 0.071 seconds
[2024-11-20T11:14:14.120+0000] {processor.py:186} INFO - Started process (PID=2335) to work on /home/airflow/.local/lib/python3.12/site-packages/airflow/example_dags/example_latest_only.py
[2024-11-20T11:14:14.121+0000] {processor.py:914} INFO - Processing file /home/airflow/.local/lib/python3.12/site-packages/airflow/example_dags/example_latest_only.py for tasks to queue
[2024-11-20T11:14:14.121+0000] {logging_mixin.py:190} INFO - [2024-11-20T11:14:14.121+0000] {dagbag.py:588} INFO - Filling up the DagBag from /home/airflow/.local/lib/python3.12/site-packages/airflow/example_dags/example_latest_only.py
[2024-11-20T11:14:14.127+0000] {processor.py:925} INFO - DAG(s) 'latest_only' retrieved from /home/airflow/.local/lib/python3.12/site-packages/airflow/example_dags/example_latest_only.py
[2024-11-20T11:14:14.144+0000] {logging_mixin.py:190} INFO - [2024-11-20T11:14:14.144+0000] {dag.py:3239} INFO - Sync 1 DAGs
[2024-11-20T11:14:14.166+0000] {logging_mixin.py:190} INFO - [2024-11-20T11:14:14.165+0000] {dag.py:4180} INFO - Setting next_dagrun for latest_only to 2024-11-20 04:00:00+00:00, run_after=2024-11-20 08:00:00+00:00
[2024-11-20T11:14:14.180+0000] {processor.py:208} INFO - Processing /home/airflow/.local/lib/python3.12/site-packages/airflow/example_dags/example_latest_only.py took 0.065 seconds
[2024-11-20T11:14:44.624+0000] {processor.py:186} INFO - Started process (PID=2401) to work on /home/airflow/.local/lib/python3.12/site-packages/airflow/example_dags/example_latest_only.py
[2024-11-20T11:14:44.625+0000] {processor.py:914} INFO - Processing file /home/airflow/.local/lib/python3.12/site-packages/airflow/example_dags/example_latest_only.py for tasks to queue
[2024-11-20T11:14:44.626+0000] {logging_mixin.py:190} INFO - [2024-11-20T11:14:44.626+0000] {dagbag.py:588} INFO - Filling up the DagBag from /home/airflow/.local/lib/python3.12/site-packages/airflow/example_dags/example_latest_only.py
[2024-11-20T11:14:44.634+0000] {processor.py:925} INFO - DAG(s) 'latest_only' retrieved from /home/airflow/.local/lib/python3.12/site-packages/airflow/example_dags/example_latest_only.py
[2024-11-20T11:14:44.652+0000] {logging_mixin.py:190} INFO - [2024-11-20T11:14:44.651+0000] {dag.py:3239} INFO - Sync 1 DAGs
[2024-11-20T11:14:44.677+0000] {logging_mixin.py:190} INFO - [2024-11-20T11:14:44.676+0000] {dag.py:4180} INFO - Setting next_dagrun for latest_only to 2024-11-20 04:00:00+00:00, run_after=2024-11-20 08:00:00+00:00
[2024-11-20T11:14:44.700+0000] {processor.py:208} INFO - Processing /home/airflow/.local/lib/python3.12/site-packages/airflow/example_dags/example_latest_only.py took 0.082 seconds
[2024-11-20T11:15:15.814+0000] {processor.py:186} INFO - Started process (PID=2467) to work on /home/airflow/.local/lib/python3.12/site-packages/airflow/example_dags/example_latest_only.py
[2024-11-20T11:15:15.815+0000] {processor.py:914} INFO - Processing file /home/airflow/.local/lib/python3.12/site-packages/airflow/example_dags/example_latest_only.py for tasks to queue
[2024-11-20T11:15:15.817+0000] {logging_mixin.py:190} INFO - [2024-11-20T11:15:15.816+0000] {dagbag.py:588} INFO - Filling up the DagBag from /home/airflow/.local/lib/python3.12/site-packages/airflow/example_dags/example_latest_only.py
[2024-11-20T11:15:15.825+0000] {processor.py:925} INFO - DAG(s) 'latest_only' retrieved from /home/airflow/.local/lib/python3.12/site-packages/airflow/example_dags/example_latest_only.py
[2024-11-20T11:15:15.851+0000] {logging_mixin.py:190} INFO - [2024-11-20T11:15:15.851+0000] {dag.py:3239} INFO - Sync 1 DAGs
[2024-11-20T11:15:15.884+0000] {logging_mixin.py:190} INFO - [2024-11-20T11:15:15.883+0000] {dag.py:4180} INFO - Setting next_dagrun for latest_only to 2024-11-20 04:00:00+00:00, run_after=2024-11-20 08:00:00+00:00
[2024-11-20T11:15:15.907+0000] {processor.py:208} INFO - Processing /home/airflow/.local/lib/python3.12/site-packages/airflow/example_dags/example_latest_only.py took 0.100 seconds
[2024-11-20T11:15:46.958+0000] {processor.py:186} INFO - Started process (PID=2533) to work on /home/airflow/.local/lib/python3.12/site-packages/airflow/example_dags/example_latest_only.py
[2024-11-20T11:15:46.958+0000] {processor.py:914} INFO - Processing file /home/airflow/.local/lib/python3.12/site-packages/airflow/example_dags/example_latest_only.py for tasks to queue
[2024-11-20T11:15:46.960+0000] {logging_mixin.py:190} INFO - [2024-11-20T11:15:46.960+0000] {dagbag.py:588} INFO - Filling up the DagBag from /home/airflow/.local/lib/python3.12/site-packages/airflow/example_dags/example_latest_only.py
[2024-11-20T11:15:46.971+0000] {processor.py:925} INFO - DAG(s) 'latest_only' retrieved from /home/airflow/.local/lib/python3.12/site-packages/airflow/example_dags/example_latest_only.py
[2024-11-20T11:15:47.011+0000] {logging_mixin.py:190} INFO - [2024-11-20T11:15:47.011+0000] {dag.py:3239} INFO - Sync 1 DAGs
[2024-11-20T11:15:47.084+0000] {logging_mixin.py:190} INFO - [2024-11-20T11:15:47.084+0000] {dag.py:4180} INFO - Setting next_dagrun for latest_only to 2024-11-20 04:00:00+00:00, run_after=2024-11-20 08:00:00+00:00
[2024-11-20T11:15:47.118+0000] {processor.py:208} INFO - Processing /home/airflow/.local/lib/python3.12/site-packages/airflow/example_dags/example_latest_only.py took 0.174 seconds
[2024-11-20T11:16:17.302+0000] {processor.py:186} INFO - Started process (PID=2599) to work on /home/airflow/.local/lib/python3.12/site-packages/airflow/example_dags/example_latest_only.py
[2024-11-20T11:16:17.302+0000] {processor.py:914} INFO - Processing file /home/airflow/.local/lib/python3.12/site-packages/airflow/example_dags/example_latest_only.py for tasks to queue
[2024-11-20T11:16:17.303+0000] {logging_mixin.py:190} INFO - [2024-11-20T11:16:17.303+0000] {dagbag.py:588} INFO - Filling up the DagBag from /home/airflow/.local/lib/python3.12/site-packages/airflow/example_dags/example_latest_only.py
[2024-11-20T11:16:17.311+0000] {processor.py:925} INFO - DAG(s) 'latest_only' retrieved from /home/airflow/.local/lib/python3.12/site-packages/airflow/example_dags/example_latest_only.py
[2024-11-20T11:16:17.338+0000] {logging_mixin.py:190} INFO - [2024-11-20T11:16:17.337+0000] {dag.py:3239} INFO - Sync 1 DAGs
[2024-11-20T11:16:17.376+0000] {logging_mixin.py:190} INFO - [2024-11-20T11:16:17.376+0000] {dag.py:4180} INFO - Setting next_dagrun for latest_only to 2024-11-20 04:00:00+00:00, run_after=2024-11-20 08:00:00+00:00
[2024-11-20T11:16:17.404+0000] {processor.py:208} INFO - Processing /home/airflow/.local/lib/python3.12/site-packages/airflow/example_dags/example_latest_only.py took 0.111 seconds
[2024-11-20T11:16:47.909+0000] {processor.py:186} INFO - Started process (PID=2665) to work on /home/airflow/.local/lib/python3.12/site-packages/airflow/example_dags/example_latest_only.py
[2024-11-20T11:16:47.910+0000] {processor.py:914} INFO - Processing file /home/airflow/.local/lib/python3.12/site-packages/airflow/example_dags/example_latest_only.py for tasks to queue
[2024-11-20T11:16:47.911+0000] {logging_mixin.py:190} INFO - [2024-11-20T11:16:47.911+0000] {dagbag.py:588} INFO - Filling up the DagBag from /home/airflow/.local/lib/python3.12/site-packages/airflow/example_dags/example_latest_only.py
[2024-11-20T11:16:47.922+0000] {processor.py:925} INFO - DAG(s) 'latest_only' retrieved from /home/airflow/.local/lib/python3.12/site-packages/airflow/example_dags/example_latest_only.py
[2024-11-20T11:16:47.951+0000] {logging_mixin.py:190} INFO - [2024-11-20T11:16:47.951+0000] {dag.py:3239} INFO - Sync 1 DAGs
[2024-11-20T11:16:47.991+0000] {logging_mixin.py:190} INFO - [2024-11-20T11:16:47.991+0000] {dag.py:4180} INFO - Setting next_dagrun for latest_only to 2024-11-20 04:00:00+00:00, run_after=2024-11-20 08:00:00+00:00
[2024-11-20T11:16:48.027+0000] {processor.py:208} INFO - Processing /home/airflow/.local/lib/python3.12/site-packages/airflow/example_dags/example_latest_only.py took 0.127 seconds
[2024-11-20T11:17:19.003+0000] {processor.py:186} INFO - Started process (PID=2731) to work on /home/airflow/.local/lib/python3.12/site-packages/airflow/example_dags/example_latest_only.py
[2024-11-20T11:17:19.020+0000] {processor.py:914} INFO - Processing file /home/airflow/.local/lib/python3.12/site-packages/airflow/example_dags/example_latest_only.py for tasks to queue
[2024-11-20T11:17:19.022+0000] {logging_mixin.py:190} INFO - [2024-11-20T11:17:19.021+0000] {dagbag.py:588} INFO - Filling up the DagBag from /home/airflow/.local/lib/python3.12/site-packages/airflow/example_dags/example_latest_only.py
[2024-11-20T11:17:19.038+0000] {processor.py:925} INFO - DAG(s) 'latest_only' retrieved from /home/airflow/.local/lib/python3.12/site-packages/airflow/example_dags/example_latest_only.py
[2024-11-20T11:17:19.060+0000] {logging_mixin.py:190} INFO - [2024-11-20T11:17:19.059+0000] {dag.py:3239} INFO - Sync 1 DAGs
[2024-11-20T11:17:19.088+0000] {logging_mixin.py:190} INFO - [2024-11-20T11:17:19.087+0000] {dag.py:4180} INFO - Setting next_dagrun for latest_only to 2024-11-20 04:00:00+00:00, run_after=2024-11-20 08:00:00+00:00
[2024-11-20T11:17:19.138+0000] {processor.py:208} INFO - Processing /home/airflow/.local/lib/python3.12/site-packages/airflow/example_dags/example_latest_only.py took 0.145 seconds
[2024-11-20T11:17:49.868+0000] {processor.py:186} INFO - Started process (PID=2796) to work on /home/airflow/.local/lib/python3.12/site-packages/airflow/example_dags/example_latest_only.py
[2024-11-20T11:17:49.871+0000] {processor.py:914} INFO - Processing file /home/airflow/.local/lib/python3.12/site-packages/airflow/example_dags/example_latest_only.py for tasks to queue
[2024-11-20T11:17:49.873+0000] {logging_mixin.py:190} INFO - [2024-11-20T11:17:49.872+0000] {dagbag.py:588} INFO - Filling up the DagBag from /home/airflow/.local/lib/python3.12/site-packages/airflow/example_dags/example_latest_only.py
[2024-11-20T11:17:49.893+0000] {processor.py:925} INFO - DAG(s) 'latest_only' retrieved from /home/airflow/.local/lib/python3.12/site-packages/airflow/example_dags/example_latest_only.py
[2024-11-20T11:17:49.945+0000] {logging_mixin.py:190} INFO - [2024-11-20T11:17:49.944+0000] {dag.py:3239} INFO - Sync 1 DAGs
[2024-11-20T11:17:50.004+0000] {logging_mixin.py:190} INFO - [2024-11-20T11:17:50.003+0000] {dag.py:4180} INFO - Setting next_dagrun for latest_only to 2024-11-20 04:00:00+00:00, run_after=2024-11-20 08:00:00+00:00
[2024-11-20T11:17:50.049+0000] {processor.py:208} INFO - Processing /home/airflow/.local/lib/python3.12/site-packages/airflow/example_dags/example_latest_only.py took 0.192 seconds
[2024-11-20T11:18:21.120+0000] {processor.py:186} INFO - Started process (PID=2862) to work on /home/airflow/.local/lib/python3.12/site-packages/airflow/example_dags/example_latest_only.py
[2024-11-20T11:18:21.125+0000] {processor.py:914} INFO - Processing file /home/airflow/.local/lib/python3.12/site-packages/airflow/example_dags/example_latest_only.py for tasks to queue
[2024-11-20T11:18:21.128+0000] {logging_mixin.py:190} INFO - [2024-11-20T11:18:21.127+0000] {dagbag.py:588} INFO - Filling up the DagBag from /home/airflow/.local/lib/python3.12/site-packages/airflow/example_dags/example_latest_only.py
[2024-11-20T11:18:21.154+0000] {processor.py:925} INFO - DAG(s) 'latest_only' retrieved from /home/airflow/.local/lib/python3.12/site-packages/airflow/example_dags/example_latest_only.py
[2024-11-20T11:18:21.198+0000] {logging_mixin.py:190} INFO - [2024-11-20T11:18:21.198+0000] {dag.py:3239} INFO - Sync 1 DAGs
[2024-11-20T11:18:21.242+0000] {logging_mixin.py:190} INFO - [2024-11-20T11:18:21.242+0000] {dag.py:4180} INFO - Setting next_dagrun for latest_only to 2024-11-20 04:00:00+00:00, run_after=2024-11-20 08:00:00+00:00
[2024-11-20T11:18:21.274+0000] {processor.py:208} INFO - Processing /home/airflow/.local/lib/python3.12/site-packages/airflow/example_dags/example_latest_only.py took 0.167 seconds
[2024-11-20T11:18:51.787+0000] {processor.py:186} INFO - Started process (PID=2928) to work on /home/airflow/.local/lib/python3.12/site-packages/airflow/example_dags/example_latest_only.py
[2024-11-20T11:18:51.790+0000] {processor.py:914} INFO - Processing file /home/airflow/.local/lib/python3.12/site-packages/airflow/example_dags/example_latest_only.py for tasks to queue
[2024-11-20T11:18:51.791+0000] {logging_mixin.py:190} INFO - [2024-11-20T11:18:51.791+0000] {dagbag.py:588} INFO - Filling up the DagBag from /home/airflow/.local/lib/python3.12/site-packages/airflow/example_dags/example_latest_only.py
[2024-11-20T11:18:51.802+0000] {processor.py:925} INFO - DAG(s) 'latest_only' retrieved from /home/airflow/.local/lib/python3.12/site-packages/airflow/example_dags/example_latest_only.py
[2024-11-20T11:18:51.828+0000] {logging_mixin.py:190} INFO - [2024-11-20T11:18:51.828+0000] {dag.py:3239} INFO - Sync 1 DAGs
[2024-11-20T11:18:51.871+0000] {logging_mixin.py:190} INFO - [2024-11-20T11:18:51.871+0000] {dag.py:4180} INFO - Setting next_dagrun for latest_only to 2024-11-20 04:00:00+00:00, run_after=2024-11-20 08:00:00+00:00
[2024-11-20T11:18:51.928+0000] {processor.py:208} INFO - Processing /home/airflow/.local/lib/python3.12/site-packages/airflow/example_dags/example_latest_only.py took 0.153 seconds
[2024-11-20T11:19:22.345+0000] {processor.py:186} INFO - Started process (PID=2994) to work on /home/airflow/.local/lib/python3.12/site-packages/airflow/example_dags/example_latest_only.py
[2024-11-20T11:19:22.347+0000] {processor.py:914} INFO - Processing file /home/airflow/.local/lib/python3.12/site-packages/airflow/example_dags/example_latest_only.py for tasks to queue
[2024-11-20T11:19:22.351+0000] {logging_mixin.py:190} INFO - [2024-11-20T11:19:22.350+0000] {dagbag.py:588} INFO - Filling up the DagBag from /home/airflow/.local/lib/python3.12/site-packages/airflow/example_dags/example_latest_only.py
[2024-11-20T11:19:22.367+0000] {processor.py:925} INFO - DAG(s) 'latest_only' retrieved from /home/airflow/.local/lib/python3.12/site-packages/airflow/example_dags/example_latest_only.py
[2024-11-20T11:19:22.415+0000] {logging_mixin.py:190} INFO - [2024-11-20T11:19:22.414+0000] {dag.py:3239} INFO - Sync 1 DAGs
[2024-11-20T11:19:22.470+0000] {logging_mixin.py:190} INFO - [2024-11-20T11:19:22.470+0000] {dag.py:4180} INFO - Setting next_dagrun for latest_only to 2024-11-20 04:00:00+00:00, run_after=2024-11-20 08:00:00+00:00
[2024-11-20T11:19:22.522+0000] {processor.py:208} INFO - Processing /home/airflow/.local/lib/python3.12/site-packages/airflow/example_dags/example_latest_only.py took 0.194 seconds
[2024-11-20T11:19:53.081+0000] {processor.py:186} INFO - Started process (PID=3060) to work on /home/airflow/.local/lib/python3.12/site-packages/airflow/example_dags/example_latest_only.py
[2024-11-20T11:19:53.084+0000] {processor.py:914} INFO - Processing file /home/airflow/.local/lib/python3.12/site-packages/airflow/example_dags/example_latest_only.py for tasks to queue
[2024-11-20T11:19:53.087+0000] {logging_mixin.py:190} INFO - [2024-11-20T11:19:53.086+0000] {dagbag.py:588} INFO - Filling up the DagBag from /home/airflow/.local/lib/python3.12/site-packages/airflow/example_dags/example_latest_only.py
[2024-11-20T11:19:53.129+0000] {processor.py:925} INFO - DAG(s) 'latest_only' retrieved from /home/airflow/.local/lib/python3.12/site-packages/airflow/example_dags/example_latest_only.py
[2024-11-20T11:19:53.187+0000] {logging_mixin.py:190} INFO - [2024-11-20T11:19:53.187+0000] {dag.py:3239} INFO - Sync 1 DAGs
[2024-11-20T11:19:53.267+0000] {logging_mixin.py:190} INFO - [2024-11-20T11:19:53.267+0000] {dag.py:4180} INFO - Setting next_dagrun for latest_only to 2024-11-20 04:00:00+00:00, run_after=2024-11-20 08:00:00+00:00
[2024-11-20T11:19:53.323+0000] {processor.py:208} INFO - Processing /home/airflow/.local/lib/python3.12/site-packages/airflow/example_dags/example_latest_only.py took 0.271 seconds
[2024-11-20T11:20:24.397+0000] {processor.py:186} INFO - Started process (PID=3125) to work on /home/airflow/.local/lib/python3.12/site-packages/airflow/example_dags/example_latest_only.py
[2024-11-20T11:20:24.398+0000] {processor.py:914} INFO - Processing file /home/airflow/.local/lib/python3.12/site-packages/airflow/example_dags/example_latest_only.py for tasks to queue
[2024-11-20T11:20:24.402+0000] {logging_mixin.py:190} INFO - [2024-11-20T11:20:24.401+0000] {dagbag.py:588} INFO - Filling up the DagBag from /home/airflow/.local/lib/python3.12/site-packages/airflow/example_dags/example_latest_only.py
[2024-11-20T11:20:24.415+0000] {processor.py:925} INFO - DAG(s) 'latest_only' retrieved from /home/airflow/.local/lib/python3.12/site-packages/airflow/example_dags/example_latest_only.py
[2024-11-20T11:20:24.462+0000] {logging_mixin.py:190} INFO - [2024-11-20T11:20:24.461+0000] {dag.py:3239} INFO - Sync 1 DAGs
[2024-11-20T11:20:24.530+0000] {logging_mixin.py:190} INFO - [2024-11-20T11:20:24.528+0000] {dag.py:4180} INFO - Setting next_dagrun for latest_only to 2024-11-20 04:00:00+00:00, run_after=2024-11-20 08:00:00+00:00
[2024-11-20T11:20:24.581+0000] {processor.py:208} INFO - Processing /home/airflow/.local/lib/python3.12/site-packages/airflow/example_dags/example_latest_only.py took 0.192 seconds
[2024-11-20T11:20:54.713+0000] {processor.py:186} INFO - Started process (PID=3191) to work on /home/airflow/.local/lib/python3.12/site-packages/airflow/example_dags/example_latest_only.py
[2024-11-20T11:20:54.713+0000] {processor.py:914} INFO - Processing file /home/airflow/.local/lib/python3.12/site-packages/airflow/example_dags/example_latest_only.py for tasks to queue
[2024-11-20T11:20:54.714+0000] {logging_mixin.py:190} INFO - [2024-11-20T11:20:54.714+0000] {dagbag.py:588} INFO - Filling up the DagBag from /home/airflow/.local/lib/python3.12/site-packages/airflow/example_dags/example_latest_only.py
[2024-11-20T11:20:54.721+0000] {processor.py:925} INFO - DAG(s) 'latest_only' retrieved from /home/airflow/.local/lib/python3.12/site-packages/airflow/example_dags/example_latest_only.py
[2024-11-20T11:20:54.741+0000] {logging_mixin.py:190} INFO - [2024-11-20T11:20:54.740+0000] {dag.py:3239} INFO - Sync 1 DAGs
[2024-11-20T11:20:54.767+0000] {logging_mixin.py:190} INFO - [2024-11-20T11:20:54.767+0000] {dag.py:4180} INFO - Setting next_dagrun for latest_only to 2024-11-20 04:00:00+00:00, run_after=2024-11-20 08:00:00+00:00
[2024-11-20T11:20:54.786+0000] {processor.py:208} INFO - Processing /home/airflow/.local/lib/python3.12/site-packages/airflow/example_dags/example_latest_only.py took 0.080 seconds
[2024-11-20T11:21:25.142+0000] {processor.py:186} INFO - Started process (PID=3257) to work on /home/airflow/.local/lib/python3.12/site-packages/airflow/example_dags/example_latest_only.py
[2024-11-20T11:21:25.143+0000] {processor.py:914} INFO - Processing file /home/airflow/.local/lib/python3.12/site-packages/airflow/example_dags/example_latest_only.py for tasks to queue
[2024-11-20T11:21:25.144+0000] {logging_mixin.py:190} INFO - [2024-11-20T11:21:25.143+0000] {dagbag.py:588} INFO - Filling up the DagBag from /home/airflow/.local/lib/python3.12/site-packages/airflow/example_dags/example_latest_only.py
[2024-11-20T11:21:25.154+0000] {processor.py:925} INFO - DAG(s) 'latest_only' retrieved from /home/airflow/.local/lib/python3.12/site-packages/airflow/example_dags/example_latest_only.py
[2024-11-20T11:21:25.185+0000] {logging_mixin.py:190} INFO - [2024-11-20T11:21:25.184+0000] {dag.py:3239} INFO - Sync 1 DAGs
[2024-11-20T11:21:25.231+0000] {logging_mixin.py:190} INFO - [2024-11-20T11:21:25.230+0000] {dag.py:4180} INFO - Setting next_dagrun for latest_only to 2024-11-20 04:00:00+00:00, run_after=2024-11-20 08:00:00+00:00
[2024-11-20T11:21:25.272+0000] {processor.py:208} INFO - Processing /home/airflow/.local/lib/python3.12/site-packages/airflow/example_dags/example_latest_only.py took 0.136 seconds
[2024-11-20T11:21:55.643+0000] {processor.py:186} INFO - Started process (PID=3323) to work on /home/airflow/.local/lib/python3.12/site-packages/airflow/example_dags/example_latest_only.py
[2024-11-20T11:21:55.644+0000] {processor.py:914} INFO - Processing file /home/airflow/.local/lib/python3.12/site-packages/airflow/example_dags/example_latest_only.py for tasks to queue
[2024-11-20T11:21:55.645+0000] {logging_mixin.py:190} INFO - [2024-11-20T11:21:55.645+0000] {dagbag.py:588} INFO - Filling up the DagBag from /home/airflow/.local/lib/python3.12/site-packages/airflow/example_dags/example_latest_only.py
[2024-11-20T11:21:55.655+0000] {processor.py:925} INFO - DAG(s) 'latest_only' retrieved from /home/airflow/.local/lib/python3.12/site-packages/airflow/example_dags/example_latest_only.py
[2024-11-20T11:21:55.682+0000] {logging_mixin.py:190} INFO - [2024-11-20T11:21:55.682+0000] {dag.py:3239} INFO - Sync 1 DAGs
[2024-11-20T11:21:55.718+0000] {logging_mixin.py:190} INFO - [2024-11-20T11:21:55.718+0000] {dag.py:4180} INFO - Setting next_dagrun for latest_only to 2024-11-20 04:00:00+00:00, run_after=2024-11-20 08:00:00+00:00
[2024-11-20T11:21:55.740+0000] {processor.py:208} INFO - Processing /home/airflow/.local/lib/python3.12/site-packages/airflow/example_dags/example_latest_only.py took 0.104 seconds
[2024-11-20T11:22:26.674+0000] {processor.py:186} INFO - Started process (PID=3386) to work on /home/airflow/.local/lib/python3.12/site-packages/airflow/example_dags/example_latest_only.py
[2024-11-20T11:22:26.675+0000] {processor.py:914} INFO - Processing file /home/airflow/.local/lib/python3.12/site-packages/airflow/example_dags/example_latest_only.py for tasks to queue
[2024-11-20T11:22:26.677+0000] {logging_mixin.py:190} INFO - [2024-11-20T11:22:26.676+0000] {dagbag.py:588} INFO - Filling up the DagBag from /home/airflow/.local/lib/python3.12/site-packages/airflow/example_dags/example_latest_only.py
[2024-11-20T11:22:26.695+0000] {processor.py:925} INFO - DAG(s) 'latest_only' retrieved from /home/airflow/.local/lib/python3.12/site-packages/airflow/example_dags/example_latest_only.py
[2024-11-20T11:22:26.737+0000] {logging_mixin.py:190} INFO - [2024-11-20T11:22:26.735+0000] {dag.py:3239} INFO - Sync 1 DAGs
[2024-11-20T11:22:26.809+0000] {logging_mixin.py:190} INFO - [2024-11-20T11:22:26.809+0000] {dag.py:4180} INFO - Setting next_dagrun for latest_only to 2024-11-20 04:00:00+00:00, run_after=2024-11-20 08:00:00+00:00
[2024-11-20T11:22:26.855+0000] {processor.py:208} INFO - Processing /home/airflow/.local/lib/python3.12/site-packages/airflow/example_dags/example_latest_only.py took 0.194 seconds
[2024-11-20T11:22:57.689+0000] {processor.py:186} INFO - Started process (PID=3452) to work on /home/airflow/.local/lib/python3.12/site-packages/airflow/example_dags/example_latest_only.py
[2024-11-20T11:22:57.691+0000] {processor.py:914} INFO - Processing file /home/airflow/.local/lib/python3.12/site-packages/airflow/example_dags/example_latest_only.py for tasks to queue
[2024-11-20T11:22:57.693+0000] {logging_mixin.py:190} INFO - [2024-11-20T11:22:57.693+0000] {dagbag.py:588} INFO - Filling up the DagBag from /home/airflow/.local/lib/python3.12/site-packages/airflow/example_dags/example_latest_only.py
[2024-11-20T11:22:57.713+0000] {processor.py:925} INFO - DAG(s) 'latest_only' retrieved from /home/airflow/.local/lib/python3.12/site-packages/airflow/example_dags/example_latest_only.py
[2024-11-20T11:22:57.756+0000] {logging_mixin.py:190} INFO - [2024-11-20T11:22:57.755+0000] {dag.py:3239} INFO - Sync 1 DAGs
[2024-11-20T11:22:57.802+0000] {logging_mixin.py:190} INFO - [2024-11-20T11:22:57.802+0000] {dag.py:4180} INFO - Setting next_dagrun for latest_only to 2024-11-20 04:00:00+00:00, run_after=2024-11-20 08:00:00+00:00
[2024-11-20T11:22:57.835+0000] {processor.py:208} INFO - Processing /home/airflow/.local/lib/python3.12/site-packages/airflow/example_dags/example_latest_only.py took 0.164 seconds
[2024-11-20T11:23:28.056+0000] {processor.py:186} INFO - Started process (PID=3518) to work on /home/airflow/.local/lib/python3.12/site-packages/airflow/example_dags/example_latest_only.py
[2024-11-20T11:23:28.057+0000] {processor.py:914} INFO - Processing file /home/airflow/.local/lib/python3.12/site-packages/airflow/example_dags/example_latest_only.py for tasks to queue
[2024-11-20T11:23:28.058+0000] {logging_mixin.py:190} INFO - [2024-11-20T11:23:28.058+0000] {dagbag.py:588} INFO - Filling up the DagBag from /home/airflow/.local/lib/python3.12/site-packages/airflow/example_dags/example_latest_only.py
[2024-11-20T11:23:28.064+0000] {processor.py:925} INFO - DAG(s) 'latest_only' retrieved from /home/airflow/.local/lib/python3.12/site-packages/airflow/example_dags/example_latest_only.py
[2024-11-20T11:23:28.081+0000] {logging_mixin.py:190} INFO - [2024-11-20T11:23:28.081+0000] {dag.py:3239} INFO - Sync 1 DAGs
[2024-11-20T11:23:28.104+0000] {logging_mixin.py:190} INFO - [2024-11-20T11:23:28.103+0000] {dag.py:4180} INFO - Setting next_dagrun for latest_only to 2024-11-20 04:00:00+00:00, run_after=2024-11-20 08:00:00+00:00
[2024-11-20T11:23:28.118+0000] {processor.py:208} INFO - Processing /home/airflow/.local/lib/python3.12/site-packages/airflow/example_dags/example_latest_only.py took 0.067 seconds
[2024-11-20T11:23:58.566+0000] {processor.py:186} INFO - Started process (PID=3584) to work on /home/airflow/.local/lib/python3.12/site-packages/airflow/example_dags/example_latest_only.py
[2024-11-20T11:23:58.567+0000] {processor.py:914} INFO - Processing file /home/airflow/.local/lib/python3.12/site-packages/airflow/example_dags/example_latest_only.py for tasks to queue
[2024-11-20T11:23:58.568+0000] {logging_mixin.py:190} INFO - [2024-11-20T11:23:58.567+0000] {dagbag.py:588} INFO - Filling up the DagBag from /home/airflow/.local/lib/python3.12/site-packages/airflow/example_dags/example_latest_only.py
[2024-11-20T11:23:58.575+0000] {processor.py:925} INFO - DAG(s) 'latest_only' retrieved from /home/airflow/.local/lib/python3.12/site-packages/airflow/example_dags/example_latest_only.py
[2024-11-20T11:23:58.597+0000] {logging_mixin.py:190} INFO - [2024-11-20T11:23:58.597+0000] {dag.py:3239} INFO - Sync 1 DAGs
[2024-11-20T11:23:58.629+0000] {logging_mixin.py:190} INFO - [2024-11-20T11:23:58.629+0000] {dag.py:4180} INFO - Setting next_dagrun for latest_only to 2024-11-20 04:00:00+00:00, run_after=2024-11-20 08:00:00+00:00
[2024-11-20T11:23:58.658+0000] {processor.py:208} INFO - Processing /home/airflow/.local/lib/python3.12/site-packages/airflow/example_dags/example_latest_only.py took 0.098 seconds
[2024-11-20T11:24:29.202+0000] {processor.py:186} INFO - Started process (PID=3650) to work on /home/airflow/.local/lib/python3.12/site-packages/airflow/example_dags/example_latest_only.py
[2024-11-20T11:24:29.203+0000] {processor.py:914} INFO - Processing file /home/airflow/.local/lib/python3.12/site-packages/airflow/example_dags/example_latest_only.py for tasks to queue
[2024-11-20T11:24:29.204+0000] {logging_mixin.py:190} INFO - [2024-11-20T11:24:29.204+0000] {dagbag.py:588} INFO - Filling up the DagBag from /home/airflow/.local/lib/python3.12/site-packages/airflow/example_dags/example_latest_only.py
[2024-11-20T11:24:29.213+0000] {processor.py:925} INFO - DAG(s) 'latest_only' retrieved from /home/airflow/.local/lib/python3.12/site-packages/airflow/example_dags/example_latest_only.py
[2024-11-20T11:24:29.245+0000] {logging_mixin.py:190} INFO - [2024-11-20T11:24:29.245+0000] {dag.py:3239} INFO - Sync 1 DAGs
[2024-11-20T11:24:29.291+0000] {logging_mixin.py:190} INFO - [2024-11-20T11:24:29.290+0000] {dag.py:4180} INFO - Setting next_dagrun for latest_only to 2024-11-20 04:00:00+00:00, run_after=2024-11-20 08:00:00+00:00
[2024-11-20T11:24:29.326+0000] {processor.py:208} INFO - Processing /home/airflow/.local/lib/python3.12/site-packages/airflow/example_dags/example_latest_only.py took 0.129 seconds
[2024-11-20T11:24:59.781+0000] {processor.py:186} INFO - Started process (PID=3715) to work on /home/airflow/.local/lib/python3.12/site-packages/airflow/example_dags/example_latest_only.py
[2024-11-20T11:24:59.782+0000] {processor.py:914} INFO - Processing file /home/airflow/.local/lib/python3.12/site-packages/airflow/example_dags/example_latest_only.py for tasks to queue
[2024-11-20T11:24:59.783+0000] {logging_mixin.py:190} INFO - [2024-11-20T11:24:59.783+0000] {dagbag.py:588} INFO - Filling up the DagBag from /home/airflow/.local/lib/python3.12/site-packages/airflow/example_dags/example_latest_only.py
[2024-11-20T11:24:59.795+0000] {processor.py:925} INFO - DAG(s) 'latest_only' retrieved from /home/airflow/.local/lib/python3.12/site-packages/airflow/example_dags/example_latest_only.py
[2024-11-20T11:24:59.818+0000] {logging_mixin.py:190} INFO - [2024-11-20T11:24:59.817+0000] {dag.py:3239} INFO - Sync 1 DAGs
[2024-11-20T11:24:59.850+0000] {logging_mixin.py:190} INFO - [2024-11-20T11:24:59.849+0000] {dag.py:4180} INFO - Setting next_dagrun for latest_only to 2024-11-20 04:00:00+00:00, run_after=2024-11-20 08:00:00+00:00
[2024-11-20T11:24:59.873+0000] {processor.py:208} INFO - Processing /home/airflow/.local/lib/python3.12/site-packages/airflow/example_dags/example_latest_only.py took 0.099 seconds
[2024-11-20T11:25:30.155+0000] {processor.py:186} INFO - Started process (PID=3781) to work on /home/airflow/.local/lib/python3.12/site-packages/airflow/example_dags/example_latest_only.py
[2024-11-20T11:25:30.156+0000] {processor.py:914} INFO - Processing file /home/airflow/.local/lib/python3.12/site-packages/airflow/example_dags/example_latest_only.py for tasks to queue
[2024-11-20T11:25:30.157+0000] {logging_mixin.py:190} INFO - [2024-11-20T11:25:30.157+0000] {dagbag.py:588} INFO - Filling up the DagBag from /home/airflow/.local/lib/python3.12/site-packages/airflow/example_dags/example_latest_only.py
[2024-11-20T11:25:30.166+0000] {processor.py:925} INFO - DAG(s) 'latest_only' retrieved from /home/airflow/.local/lib/python3.12/site-packages/airflow/example_dags/example_latest_only.py
[2024-11-20T11:25:30.191+0000] {logging_mixin.py:190} INFO - [2024-11-20T11:25:30.191+0000] {dag.py:3239} INFO - Sync 1 DAGs
[2024-11-20T11:25:30.222+0000] {logging_mixin.py:190} INFO - [2024-11-20T11:25:30.221+0000] {dag.py:4180} INFO - Setting next_dagrun for latest_only to 2024-11-20 04:00:00+00:00, run_after=2024-11-20 08:00:00+00:00
[2024-11-20T11:25:30.244+0000] {processor.py:208} INFO - Processing /home/airflow/.local/lib/python3.12/site-packages/airflow/example_dags/example_latest_only.py took 0.096 seconds
[2024-11-20T11:26:00.335+0000] {processor.py:186} INFO - Started process (PID=3847) to work on /home/airflow/.local/lib/python3.12/site-packages/airflow/example_dags/example_latest_only.py
[2024-11-20T11:26:00.336+0000] {processor.py:914} INFO - Processing file /home/airflow/.local/lib/python3.12/site-packages/airflow/example_dags/example_latest_only.py for tasks to queue
[2024-11-20T11:26:00.337+0000] {logging_mixin.py:190} INFO - [2024-11-20T11:26:00.336+0000] {dagbag.py:588} INFO - Filling up the DagBag from /home/airflow/.local/lib/python3.12/site-packages/airflow/example_dags/example_latest_only.py
[2024-11-20T11:26:00.346+0000] {processor.py:925} INFO - DAG(s) 'latest_only' retrieved from /home/airflow/.local/lib/python3.12/site-packages/airflow/example_dags/example_latest_only.py
[2024-11-20T11:26:00.384+0000] {logging_mixin.py:190} INFO - [2024-11-20T11:26:00.384+0000] {dag.py:3239} INFO - Sync 1 DAGs
[2024-11-20T11:26:00.418+0000] {logging_mixin.py:190} INFO - [2024-11-20T11:26:00.417+0000] {dag.py:4180} INFO - Setting next_dagrun for latest_only to 2024-11-20 04:00:00+00:00, run_after=2024-11-20 08:00:00+00:00
[2024-11-20T11:26:00.532+0000] {processor.py:208} INFO - Processing /home/airflow/.local/lib/python3.12/site-packages/airflow/example_dags/example_latest_only.py took 0.204 seconds
[2024-11-20T11:26:30.869+0000] {processor.py:186} INFO - Started process (PID=3912) to work on /home/airflow/.local/lib/python3.12/site-packages/airflow/example_dags/example_latest_only.py
[2024-11-20T11:26:30.871+0000] {processor.py:914} INFO - Processing file /home/airflow/.local/lib/python3.12/site-packages/airflow/example_dags/example_latest_only.py for tasks to queue
[2024-11-20T11:26:30.872+0000] {logging_mixin.py:190} INFO - [2024-11-20T11:26:30.872+0000] {dagbag.py:588} INFO - Filling up the DagBag from /home/airflow/.local/lib/python3.12/site-packages/airflow/example_dags/example_latest_only.py
[2024-11-20T11:26:30.880+0000] {processor.py:925} INFO - DAG(s) 'latest_only' retrieved from /home/airflow/.local/lib/python3.12/site-packages/airflow/example_dags/example_latest_only.py
[2024-11-20T11:26:30.900+0000] {logging_mixin.py:190} INFO - [2024-11-20T11:26:30.900+0000] {dag.py:3239} INFO - Sync 1 DAGs
[2024-11-20T11:26:30.928+0000] {logging_mixin.py:190} INFO - [2024-11-20T11:26:30.927+0000] {dag.py:4180} INFO - Setting next_dagrun for latest_only to 2024-11-20 04:00:00+00:00, run_after=2024-11-20 08:00:00+00:00
[2024-11-20T11:26:30.944+0000] {processor.py:208} INFO - Processing /home/airflow/.local/lib/python3.12/site-packages/airflow/example_dags/example_latest_only.py took 0.082 seconds
[2024-11-20T11:27:03.550+0000] {processor.py:186} INFO - Started process (PID=3979) to work on /home/airflow/.local/lib/python3.12/site-packages/airflow/example_dags/example_latest_only.py
[2024-11-20T11:27:03.551+0000] {processor.py:914} INFO - Processing file /home/airflow/.local/lib/python3.12/site-packages/airflow/example_dags/example_latest_only.py for tasks to queue
[2024-11-20T11:27:03.552+0000] {logging_mixin.py:190} INFO - [2024-11-20T11:27:03.552+0000] {dagbag.py:588} INFO - Filling up the DagBag from /home/airflow/.local/lib/python3.12/site-packages/airflow/example_dags/example_latest_only.py
[2024-11-20T11:27:03.563+0000] {processor.py:925} INFO - DAG(s) 'latest_only' retrieved from /home/airflow/.local/lib/python3.12/site-packages/airflow/example_dags/example_latest_only.py
[2024-11-20T11:27:03.597+0000] {logging_mixin.py:190} INFO - [2024-11-20T11:27:03.596+0000] {dag.py:3239} INFO - Sync 1 DAGs
[2024-11-20T11:27:03.957+0000] {logging_mixin.py:190} INFO - [2024-11-20T11:27:03.957+0000] {dag.py:4180} INFO - Setting next_dagrun for latest_only to 2024-11-20 04:00:00+00:00, run_after=2024-11-20 08:00:00+00:00
[2024-11-20T11:27:04.019+0000] {processor.py:208} INFO - Processing /home/airflow/.local/lib/python3.12/site-packages/airflow/example_dags/example_latest_only.py took 0.482 seconds
[2024-11-20T11:27:34.725+0000] {processor.py:186} INFO - Started process (PID=4051) to work on /home/airflow/.local/lib/python3.12/site-packages/airflow/example_dags/example_latest_only.py
[2024-11-20T11:27:34.727+0000] {processor.py:914} INFO - Processing file /home/airflow/.local/lib/python3.12/site-packages/airflow/example_dags/example_latest_only.py for tasks to queue
[2024-11-20T11:27:34.728+0000] {logging_mixin.py:190} INFO - [2024-11-20T11:27:34.728+0000] {dagbag.py:588} INFO - Filling up the DagBag from /home/airflow/.local/lib/python3.12/site-packages/airflow/example_dags/example_latest_only.py
[2024-11-20T11:27:34.741+0000] {processor.py:925} INFO - DAG(s) 'latest_only' retrieved from /home/airflow/.local/lib/python3.12/site-packages/airflow/example_dags/example_latest_only.py
[2024-11-20T11:27:34.814+0000] {logging_mixin.py:190} INFO - [2024-11-20T11:27:34.812+0000] {dag.py:3239} INFO - Sync 1 DAGs
[2024-11-20T11:27:34.869+0000] {logging_mixin.py:190} INFO - [2024-11-20T11:27:34.868+0000] {dag.py:4180} INFO - Setting next_dagrun for latest_only to 2024-11-20 04:00:00+00:00, run_after=2024-11-20 08:00:00+00:00
[2024-11-20T11:27:34.901+0000] {processor.py:208} INFO - Processing /home/airflow/.local/lib/python3.12/site-packages/airflow/example_dags/example_latest_only.py took 0.198 seconds
[2024-11-20T11:28:05.642+0000] {processor.py:186} INFO - Started process (PID=4116) to work on /home/airflow/.local/lib/python3.12/site-packages/airflow/example_dags/example_latest_only.py
[2024-11-20T11:28:05.644+0000] {processor.py:914} INFO - Processing file /home/airflow/.local/lib/python3.12/site-packages/airflow/example_dags/example_latest_only.py for tasks to queue
[2024-11-20T11:28:05.647+0000] {logging_mixin.py:190} INFO - [2024-11-20T11:28:05.646+0000] {dagbag.py:588} INFO - Filling up the DagBag from /home/airflow/.local/lib/python3.12/site-packages/airflow/example_dags/example_latest_only.py
[2024-11-20T11:28:05.667+0000] {processor.py:925} INFO - DAG(s) 'latest_only' retrieved from /home/airflow/.local/lib/python3.12/site-packages/airflow/example_dags/example_latest_only.py
[2024-11-20T11:28:05.716+0000] {logging_mixin.py:190} INFO - [2024-11-20T11:28:05.715+0000] {dag.py:3239} INFO - Sync 1 DAGs
[2024-11-20T11:28:05.792+0000] {logging_mixin.py:190} INFO - [2024-11-20T11:28:05.792+0000] {dag.py:4180} INFO - Setting next_dagrun for latest_only to 2024-11-20 04:00:00+00:00, run_after=2024-11-20 08:00:00+00:00
[2024-11-20T11:28:05.852+0000] {processor.py:208} INFO - Processing /home/airflow/.local/lib/python3.12/site-packages/airflow/example_dags/example_latest_only.py took 0.222 seconds
[2024-11-20T11:28:35.966+0000] {processor.py:186} INFO - Started process (PID=4181) to work on /home/airflow/.local/lib/python3.12/site-packages/airflow/example_dags/example_latest_only.py
[2024-11-20T11:28:35.966+0000] {processor.py:914} INFO - Processing file /home/airflow/.local/lib/python3.12/site-packages/airflow/example_dags/example_latest_only.py for tasks to queue
[2024-11-20T11:28:35.967+0000] {logging_mixin.py:190} INFO - [2024-11-20T11:28:35.967+0000] {dagbag.py:588} INFO - Filling up the DagBag from /home/airflow/.local/lib/python3.12/site-packages/airflow/example_dags/example_latest_only.py
[2024-11-20T11:28:35.973+0000] {processor.py:925} INFO - DAG(s) 'latest_only' retrieved from /home/airflow/.local/lib/python3.12/site-packages/airflow/example_dags/example_latest_only.py
[2024-11-20T11:28:35.990+0000] {logging_mixin.py:190} INFO - [2024-11-20T11:28:35.989+0000] {dag.py:3239} INFO - Sync 1 DAGs
[2024-11-20T11:28:36.010+0000] {logging_mixin.py:190} INFO - [2024-11-20T11:28:36.010+0000] {dag.py:4180} INFO - Setting next_dagrun for latest_only to 2024-11-20 04:00:00+00:00, run_after=2024-11-20 08:00:00+00:00
[2024-11-20T11:28:36.025+0000] {processor.py:208} INFO - Processing /home/airflow/.local/lib/python3.12/site-packages/airflow/example_dags/example_latest_only.py took 0.063 seconds
[2024-11-20T11:29:06.387+0000] {processor.py:186} INFO - Started process (PID=4248) to work on /home/airflow/.local/lib/python3.12/site-packages/airflow/example_dags/example_latest_only.py
[2024-11-20T11:29:06.388+0000] {processor.py:914} INFO - Processing file /home/airflow/.local/lib/python3.12/site-packages/airflow/example_dags/example_latest_only.py for tasks to queue
[2024-11-20T11:29:06.389+0000] {logging_mixin.py:190} INFO - [2024-11-20T11:29:06.388+0000] {dagbag.py:588} INFO - Filling up the DagBag from /home/airflow/.local/lib/python3.12/site-packages/airflow/example_dags/example_latest_only.py
[2024-11-20T11:29:06.398+0000] {processor.py:925} INFO - DAG(s) 'latest_only' retrieved from /home/airflow/.local/lib/python3.12/site-packages/airflow/example_dags/example_latest_only.py
[2024-11-20T11:29:06.416+0000] {logging_mixin.py:190} INFO - [2024-11-20T11:29:06.416+0000] {dag.py:3239} INFO - Sync 1 DAGs
[2024-11-20T11:29:06.439+0000] {logging_mixin.py:190} INFO - [2024-11-20T11:29:06.438+0000] {dag.py:4180} INFO - Setting next_dagrun for latest_only to 2024-11-20 04:00:00+00:00, run_after=2024-11-20 08:00:00+00:00
[2024-11-20T11:29:06.455+0000] {processor.py:208} INFO - Processing /home/airflow/.local/lib/python3.12/site-packages/airflow/example_dags/example_latest_only.py took 0.073 seconds
[2024-11-20T11:29:36.748+0000] {processor.py:186} INFO - Started process (PID=4314) to work on /home/airflow/.local/lib/python3.12/site-packages/airflow/example_dags/example_latest_only.py
[2024-11-20T11:29:36.748+0000] {processor.py:914} INFO - Processing file /home/airflow/.local/lib/python3.12/site-packages/airflow/example_dags/example_latest_only.py for tasks to queue
[2024-11-20T11:29:36.749+0000] {logging_mixin.py:190} INFO - [2024-11-20T11:29:36.749+0000] {dagbag.py:588} INFO - Filling up the DagBag from /home/airflow/.local/lib/python3.12/site-packages/airflow/example_dags/example_latest_only.py
[2024-11-20T11:29:36.755+0000] {processor.py:925} INFO - DAG(s) 'latest_only' retrieved from /home/airflow/.local/lib/python3.12/site-packages/airflow/example_dags/example_latest_only.py
[2024-11-20T11:29:36.771+0000] {logging_mixin.py:190} INFO - [2024-11-20T11:29:36.771+0000] {dag.py:3239} INFO - Sync 1 DAGs
[2024-11-20T11:29:36.794+0000] {logging_mixin.py:190} INFO - [2024-11-20T11:29:36.794+0000] {dag.py:4180} INFO - Setting next_dagrun for latest_only to 2024-11-20 04:00:00+00:00, run_after=2024-11-20 08:00:00+00:00
[2024-11-20T11:29:36.812+0000] {processor.py:208} INFO - Processing /home/airflow/.local/lib/python3.12/site-packages/airflow/example_dags/example_latest_only.py took 0.068 seconds
[2024-11-20T11:30:07.351+0000] {processor.py:186} INFO - Started process (PID=4380) to work on /home/airflow/.local/lib/python3.12/site-packages/airflow/example_dags/example_latest_only.py
[2024-11-20T11:30:07.358+0000] {processor.py:914} INFO - Processing file /home/airflow/.local/lib/python3.12/site-packages/airflow/example_dags/example_latest_only.py for tasks to queue
[2024-11-20T11:30:07.359+0000] {logging_mixin.py:190} INFO - [2024-11-20T11:30:07.359+0000] {dagbag.py:588} INFO - Filling up the DagBag from /home/airflow/.local/lib/python3.12/site-packages/airflow/example_dags/example_latest_only.py
[2024-11-20T11:30:07.365+0000] {processor.py:925} INFO - DAG(s) 'latest_only' retrieved from /home/airflow/.local/lib/python3.12/site-packages/airflow/example_dags/example_latest_only.py
[2024-11-20T11:30:07.379+0000] {logging_mixin.py:190} INFO - [2024-11-20T11:30:07.379+0000] {dag.py:3239} INFO - Sync 1 DAGs
[2024-11-20T11:30:07.398+0000] {logging_mixin.py:190} INFO - [2024-11-20T11:30:07.398+0000] {dag.py:4180} INFO - Setting next_dagrun for latest_only to 2024-11-20 04:00:00+00:00, run_after=2024-11-20 08:00:00+00:00
[2024-11-20T11:30:07.569+0000] {processor.py:208} INFO - Processing /home/airflow/.local/lib/python3.12/site-packages/airflow/example_dags/example_latest_only.py took 0.222 seconds
[2024-11-20T11:30:37.761+0000] {processor.py:186} INFO - Started process (PID=4446) to work on /home/airflow/.local/lib/python3.12/site-packages/airflow/example_dags/example_latest_only.py
[2024-11-20T11:30:37.762+0000] {processor.py:914} INFO - Processing file /home/airflow/.local/lib/python3.12/site-packages/airflow/example_dags/example_latest_only.py for tasks to queue
[2024-11-20T11:30:37.762+0000] {logging_mixin.py:190} INFO - [2024-11-20T11:30:37.762+0000] {dagbag.py:588} INFO - Filling up the DagBag from /home/airflow/.local/lib/python3.12/site-packages/airflow/example_dags/example_latest_only.py
[2024-11-20T11:30:37.768+0000] {processor.py:925} INFO - DAG(s) 'latest_only' retrieved from /home/airflow/.local/lib/python3.12/site-packages/airflow/example_dags/example_latest_only.py
[2024-11-20T11:30:37.785+0000] {logging_mixin.py:190} INFO - [2024-11-20T11:30:37.784+0000] {dag.py:3239} INFO - Sync 1 DAGs
[2024-11-20T11:30:37.805+0000] {logging_mixin.py:190} INFO - [2024-11-20T11:30:37.805+0000] {dag.py:4180} INFO - Setting next_dagrun for latest_only to 2024-11-20 04:00:00+00:00, run_after=2024-11-20 08:00:00+00:00
[2024-11-20T11:30:37.823+0000] {processor.py:208} INFO - Processing /home/airflow/.local/lib/python3.12/site-packages/airflow/example_dags/example_latest_only.py took 0.067 seconds
[2024-11-20T11:31:08.297+0000] {processor.py:186} INFO - Started process (PID=4512) to work on /home/airflow/.local/lib/python3.12/site-packages/airflow/example_dags/example_latest_only.py
[2024-11-20T11:31:08.298+0000] {processor.py:914} INFO - Processing file /home/airflow/.local/lib/python3.12/site-packages/airflow/example_dags/example_latest_only.py for tasks to queue
[2024-11-20T11:31:08.299+0000] {logging_mixin.py:190} INFO - [2024-11-20T11:31:08.298+0000] {dagbag.py:588} INFO - Filling up the DagBag from /home/airflow/.local/lib/python3.12/site-packages/airflow/example_dags/example_latest_only.py
[2024-11-20T11:31:08.305+0000] {processor.py:925} INFO - DAG(s) 'latest_only' retrieved from /home/airflow/.local/lib/python3.12/site-packages/airflow/example_dags/example_latest_only.py
[2024-11-20T11:31:08.322+0000] {logging_mixin.py:190} INFO - [2024-11-20T11:31:08.321+0000] {dag.py:3239} INFO - Sync 1 DAGs
[2024-11-20T11:31:08.344+0000] {logging_mixin.py:190} INFO - [2024-11-20T11:31:08.344+0000] {dag.py:4180} INFO - Setting next_dagrun for latest_only to 2024-11-20 04:00:00+00:00, run_after=2024-11-20 08:00:00+00:00
[2024-11-20T11:31:08.358+0000] {processor.py:208} INFO - Processing /home/airflow/.local/lib/python3.12/site-packages/airflow/example_dags/example_latest_only.py took 0.066 seconds
[2024-11-20T11:31:38.923+0000] {processor.py:186} INFO - Started process (PID=4578) to work on /home/airflow/.local/lib/python3.12/site-packages/airflow/example_dags/example_latest_only.py
[2024-11-20T11:31:38.925+0000] {processor.py:914} INFO - Processing file /home/airflow/.local/lib/python3.12/site-packages/airflow/example_dags/example_latest_only.py for tasks to queue
[2024-11-20T11:31:38.927+0000] {logging_mixin.py:190} INFO - [2024-11-20T11:31:38.926+0000] {dagbag.py:588} INFO - Filling up the DagBag from /home/airflow/.local/lib/python3.12/site-packages/airflow/example_dags/example_latest_only.py
[2024-11-20T11:31:38.936+0000] {processor.py:925} INFO - DAG(s) 'latest_only' retrieved from /home/airflow/.local/lib/python3.12/site-packages/airflow/example_dags/example_latest_only.py
[2024-11-20T11:31:38.961+0000] {logging_mixin.py:190} INFO - [2024-11-20T11:31:38.961+0000] {dag.py:3239} INFO - Sync 1 DAGs
[2024-11-20T11:31:38.995+0000] {logging_mixin.py:190} INFO - [2024-11-20T11:31:38.995+0000] {dag.py:4180} INFO - Setting next_dagrun for latest_only to 2024-11-20 04:00:00+00:00, run_after=2024-11-20 08:00:00+00:00
[2024-11-20T11:31:39.024+0000] {processor.py:208} INFO - Processing /home/airflow/.local/lib/python3.12/site-packages/airflow/example_dags/example_latest_only.py took 0.108 seconds
[2024-11-20T11:32:15.061+0000] {processor.py:186} INFO - Started process (PID=4644) to work on /home/airflow/.local/lib/python3.12/site-packages/airflow/example_dags/example_latest_only.py
[2024-11-20T11:32:15.316+0000] {processor.py:914} INFO - Processing file /home/airflow/.local/lib/python3.12/site-packages/airflow/example_dags/example_latest_only.py for tasks to queue
[2024-11-20T11:32:15.317+0000] {logging_mixin.py:190} INFO - [2024-11-20T11:32:15.317+0000] {dagbag.py:588} INFO - Filling up the DagBag from /home/airflow/.local/lib/python3.12/site-packages/airflow/example_dags/example_latest_only.py
[2024-11-20T11:32:15.323+0000] {processor.py:925} INFO - DAG(s) 'latest_only' retrieved from /home/airflow/.local/lib/python3.12/site-packages/airflow/example_dags/example_latest_only.py
[2024-11-20T11:32:15.337+0000] {logging_mixin.py:190} INFO - [2024-11-20T11:32:15.337+0000] {dag.py:3239} INFO - Sync 1 DAGs
[2024-11-20T11:32:15.356+0000] {logging_mixin.py:190} INFO - [2024-11-20T11:32:15.356+0000] {dag.py:4180} INFO - Setting next_dagrun for latest_only to 2024-11-20 04:00:00+00:00, run_after=2024-11-20 08:00:00+00:00
[2024-11-20T11:32:16.181+0000] {processor.py:208} INFO - Processing /home/airflow/.local/lib/python3.12/site-packages/airflow/example_dags/example_latest_only.py took 1.124 seconds
