[2024-10-29T14:28:04.155+0000] {local_task_job_runner.py:123} INFO - ::group::Pre task execution logs
[2024-10-29T14:28:04.207+0000] {taskinstance.py:2612} INFO - Dependencies all met for dep_context=non-requeueable deps ti=<TaskInstance: biological_data_dag.list_to_csv scheduled__2024-09-05T00:00:00+00:00 [queued]>
[2024-10-29T14:28:04.229+0000] {taskinstance.py:2612} INFO - Dependencies all met for dep_context=requeueable deps ti=<TaskInstance: biological_data_dag.list_to_csv scheduled__2024-09-05T00:00:00+00:00 [queued]>
[2024-10-29T14:28:04.230+0000] {taskinstance.py:2865} INFO - Starting attempt 1 of 1
[2024-10-29T14:28:04.279+0000] {taskinstance.py:2888} INFO - Executing <Task(_PythonDecoratedOperator): list_to_csv> on 2024-09-05 00:00:00+00:00
[2024-10-29T14:28:04.311+0000] {warnings.py:112} WARNING - /home/***/.local/lib/python3.12/site-packages/***/task/task_runner/standard_task_runner.py:70: DeprecationWarning: This process (pid=784) is multi-threaded, use of fork() may lead to deadlocks in the child.
  pid = os.fork()

[2024-10-29T14:28:04.315+0000] {standard_task_runner.py:72} INFO - Started process 882 to run task
[2024-10-29T14:28:04.316+0000] {standard_task_runner.py:104} INFO - Running: ['***', 'tasks', 'run', 'biological_data_dag', 'list_to_csv', 'scheduled__2024-09-05T00:00:00+00:00', '--job-id', '104', '--raw', '--subdir', 'DAGS_FOLDER/biological_data_dag.py', '--cfg-path', '/tmp/tmpe7mh871o']
[2024-10-29T14:28:04.318+0000] {standard_task_runner.py:105} INFO - Job 104: Subtask list_to_csv
[2024-10-29T14:28:04.516+0000] {task_command.py:467} INFO - Running <TaskInstance: biological_data_dag.list_to_csv scheduled__2024-09-05T00:00:00+00:00 [running]> on host d865971e8c23
[2024-10-29T14:28:04.850+0000] {taskinstance.py:3131} INFO - Exporting env vars: AIRFLOW_CTX_DAG_OWNER='***' AIRFLOW_CTX_DAG_ID='biological_data_dag' AIRFLOW_CTX_TASK_ID='list_to_csv' AIRFLOW_CTX_EXECUTION_DATE='2024-09-05T00:00:00+00:00' AIRFLOW_CTX_TRY_NUMBER='1' AIRFLOW_CTX_DAG_RUN_ID='scheduled__2024-09-05T00:00:00+00:00'
[2024-10-29T14:28:04.860+0000] {logging_mixin.py:190} INFO - Task instance is in running state
[2024-10-29T14:28:04.861+0000] {logging_mixin.py:190} INFO -  Previous state of the Task instance: queued
[2024-10-29T14:28:04.861+0000] {logging_mixin.py:190} INFO - Current task name:list_to_csv state:running start_date:2024-10-29 14:28:04.208163+00:00
[2024-10-29T14:28:04.862+0000] {logging_mixin.py:190} INFO - Dag name:biological_data_dag and current dag run status:running
[2024-10-29T14:28:04.862+0000] {taskinstance.py:731} INFO - ::endgroup::
[2024-10-29T14:28:04.931+0000] {logging_mixin.py:190} INFO - Data converted to csv.
[2024-10-29T14:28:04.932+0000] {python.py:240} INFO - Done. Returned value was: /tmp/species_data_adw_14:28:04.csv
[2024-10-29T14:28:04.992+0000] {taskinstance.py:340} INFO - ::group::Post task execution logs
[2024-10-29T14:28:04.993+0000] {taskinstance.py:352} INFO - Marking task as SUCCESS. dag_id=biological_data_dag, task_id=list_to_csv, run_id=scheduled__2024-09-05T00:00:00+00:00, execution_date=20240905T000000, start_date=20241029T142804, end_date=20241029T142804
[2024-10-29T14:28:05.018+0000] {logging_mixin.py:190} INFO - Task instance in success state
[2024-10-29T14:28:05.029+0000] {logging_mixin.py:190} INFO -  Previous state of the Task instance: running
[2024-10-29T14:28:05.030+0000] {logging_mixin.py:190} INFO - Dag name:biological_data_dag queued_at:2024-10-29 14:27:12.503184+00:00
[2024-10-29T14:28:05.031+0000] {logging_mixin.py:190} INFO - Task hostname:d865971e8c23 operator:_PythonDecoratedOperator
[2024-10-29T14:28:05.117+0000] {local_task_job_runner.py:266} INFO - Task exited with return code 0
[2024-10-29T14:28:05.183+0000] {taskinstance.py:3900} INFO - 1 downstream tasks scheduled from follow-on schedule check
[2024-10-29T14:28:05.186+0000] {local_task_job_runner.py:245} INFO - ::endgroup::
