[2024-12-18T12:01:23.185+0000] {local_task_job_runner.py:123} INFO - ::group::Pre task execution logs
[2024-12-18T12:01:23.209+0000] {taskinstance.py:2612} INFO - Dependencies all met for dep_context=non-requeueable deps ti=<TaskInstance: get_inaturalist_data_roadkill.save_data scheduled__2024-12-18T11:30:00+00:00 [queued]>
[2024-12-18T12:01:23.225+0000] {taskinstance.py:2612} INFO - Dependencies all met for dep_context=requeueable deps ti=<TaskInstance: get_inaturalist_data_roadkill.save_data scheduled__2024-12-18T11:30:00+00:00 [queued]>
[2024-12-18T12:01:23.226+0000] {taskinstance.py:2865} INFO - Starting attempt 1 of 4
[2024-12-18T12:01:23.250+0000] {taskinstance.py:2888} INFO - Executing <Task(_PythonDecoratedOperator): save_data> on 2024-12-18 11:30:00+00:00
[2024-12-18T12:01:23.267+0000] {warnings.py:112} WARNING - /home/***/.local/lib/python3.12/site-packages/***/task/task_runner/standard_task_runner.py:70: DeprecationWarning: This process (pid=166) is multi-threaded, use of fork() may lead to deadlocks in the child.
  pid = os.fork()

[2024-12-18T12:01:23.270+0000] {standard_task_runner.py:72} INFO - Started process 173 to run task
[2024-12-18T12:01:23.272+0000] {standard_task_runner.py:104} INFO - Running: ['***', 'tasks', 'run', 'get_inaturalist_data_roadkill', 'save_data', 'scheduled__2024-12-18T11:30:00+00:00', '--job-id', '174', '--raw', '--subdir', 'DAGS_FOLDER/inaturalist_dag.py', '--cfg-path', '/tmp/tmp4bszzcin']
[2024-12-18T12:01:23.274+0000] {standard_task_runner.py:105} INFO - Job 174: Subtask save_data
[2024-12-18T12:01:23.354+0000] {task_command.py:467} INFO - Running <TaskInstance: get_inaturalist_data_roadkill.save_data scheduled__2024-12-18T11:30:00+00:00 [running]> on host 3b3f24aa623d
[2024-12-18T12:01:24.279+0000] {taskinstance.py:3131} INFO - Exporting env vars: AIRFLOW_CTX_DAG_OWNER='***' AIRFLOW_CTX_DAG_ID='get_inaturalist_data_roadkill' AIRFLOW_CTX_TASK_ID='save_data' AIRFLOW_CTX_EXECUTION_DATE='2024-12-18T11:30:00+00:00' AIRFLOW_CTX_TRY_NUMBER='1' AIRFLOW_CTX_DAG_RUN_ID='scheduled__2024-12-18T11:30:00+00:00'
[2024-12-18T12:01:24.282+0000] {taskinstance.py:731} INFO - ::endgroup::
[2024-12-18T12:01:25.732+0000] {minio.py:40} INFO - created inaturalist/roadkill/2024/12/18/roadkill_observations_120120.csv object; etag: 102ce953143544901d18341d55d3f6d2, version-id: None
[2024-12-18T12:01:25.736+0000] {minio.py:42} INFO - Data successfully uploaded to MinIO in bucket environbit under inaturalist/roadkill/2024/12/18/roadkill_observations_120120.csv
[2024-12-18T12:01:25.740+0000] {python.py:240} INFO - Done. Returned value was: None
[2024-12-18T12:01:25.774+0000] {taskinstance.py:340} INFO - ::group::Post task execution logs
[2024-12-18T12:01:25.776+0000] {taskinstance.py:352} INFO - Marking task as SUCCESS. dag_id=get_inaturalist_data_roadkill, task_id=save_data, run_id=scheduled__2024-12-18T11:30:00+00:00, execution_date=20241218T113000, start_date=20241218T120123, end_date=20241218T120125
[2024-12-18T12:01:25.902+0000] {local_task_job_runner.py:266} INFO - Task exited with return code 0
[2024-12-18T12:01:25.950+0000] {taskinstance.py:3900} INFO - 1 downstream tasks scheduled from follow-on schedule check
[2024-12-18T12:01:25.954+0000] {local_task_job_runner.py:245} INFO - ::endgroup::
