[2024-12-02T10:13:32.826+0000] {local_task_job_runner.py:123} INFO - ::group::Pre task execution logs
[2024-12-02T10:13:32.910+0000] {taskinstance.py:2612} INFO - Dependencies all met for dep_context=non-requeueable deps ti=<TaskInstance: get_inaturalist_data_atropelada.get_all_data scheduled__2024-11-28T10:30:00+00:00 [queued]>
[2024-12-02T10:13:32.950+0000] {taskinstance.py:2612} INFO - Dependencies all met for dep_context=requeueable deps ti=<TaskInstance: get_inaturalist_data_atropelada.get_all_data scheduled__2024-11-28T10:30:00+00:00 [queued]>
[2024-12-02T10:13:32.953+0000] {taskinstance.py:2865} INFO - Starting attempt 1 of 4
[2024-12-02T10:13:33.013+0000] {taskinstance.py:2888} INFO - Executing <Task(_PythonDecoratedOperator): get_all_data> on 2024-11-28 10:30:00+00:00
[2024-12-02T10:13:33.040+0000] {standard_task_runner.py:104} INFO - Running: ['***', 'tasks', 'run', 'get_inaturalist_data_atropelada', 'get_all_data', 'scheduled__2024-11-28T10:30:00+00:00', '--job-id', '1864', '--raw', '--subdir', 'DAGS_FOLDER/inaturalist_dag.py', '--cfg-path', '/tmp/tmpdlltw6nj']
[2024-12-02T10:13:33.046+0000] {standard_task_runner.py:105} INFO - Job 1864: Subtask get_all_data
[2024-12-02T10:13:33.037+0000] {warnings.py:112} WARNING - /home/***/.local/lib/python3.12/site-packages/***/task/task_runner/standard_task_runner.py:70: DeprecationWarning: This process (pid=56) is multi-threaded, use of fork() may lead to deadlocks in the child.
  pid = os.fork()

[2024-12-02T10:13:33.047+0000] {standard_task_runner.py:72} INFO - Started process 111 to run task
[2024-12-02T10:13:33.355+0000] {task_command.py:467} INFO - Running <TaskInstance: get_inaturalist_data_atropelada.get_all_data scheduled__2024-11-28T10:30:00+00:00 [running]> on host 64b3b6a2b10b
[2024-12-02T10:13:33.890+0000] {taskinstance.py:3131} INFO - Exporting env vars: AIRFLOW_CTX_DAG_OWNER='***' AIRFLOW_CTX_DAG_ID='get_inaturalist_data_atropelada' AIRFLOW_CTX_TASK_ID='get_all_data' AIRFLOW_CTX_EXECUTION_DATE='2024-11-28T10:30:00+00:00' AIRFLOW_CTX_TRY_NUMBER='1' AIRFLOW_CTX_DAG_RUN_ID='scheduled__2024-11-28T10:30:00+00:00'
[2024-12-02T10:13:33.895+0000] {logging_mixin.py:190} INFO - Task instance is in running state
[2024-12-02T10:13:33.896+0000] {logging_mixin.py:190} INFO -  Previous state of the Task instance: queued
[2024-12-02T10:13:33.902+0000] {logging_mixin.py:190} INFO - Current task name:get_all_data state:running start_date:2024-12-02 10:13:32.910681+00:00
[2024-12-02T10:13:33.903+0000] {logging_mixin.py:190} INFO - Dag name:get_inaturalist_data_atropelada and current dag run status:running
[2024-12-02T10:13:33.903+0000] {taskinstance.py:731} INFO - ::endgroup::
[2024-12-02T10:13:33.904+0000] {inaturalist_dag.py:161} INFO - Getting data from keyword: atropelada
[2024-12-02T10:13:35.344+0000] {inaturalist_dag.py:70} INFO - Found 5
[2024-12-02T10:13:35.347+0000] {inaturalist_dag.py:167} INFO - No more observations found, stopping.
[2024-12-02T10:13:35.358+0000] {crypto.py:82} WARNING - empty cryptography key - values will not be stored encrypted.
[2024-12-02T10:13:35.366+0000] {python.py:240} INFO - Done. Returned value was: []
[2024-12-02T10:13:35.437+0000] {taskinstance.py:340} INFO - ::group::Post task execution logs
[2024-12-02T10:13:35.438+0000] {taskinstance.py:352} INFO - Marking task as SUCCESS. dag_id=get_inaturalist_data_atropelada, task_id=get_all_data, run_id=scheduled__2024-11-28T10:30:00+00:00, execution_date=20241128T103000, start_date=20241202T101332, end_date=20241202T101335
[2024-12-02T10:13:35.471+0000] {logging_mixin.py:190} INFO - Task instance in success state
[2024-12-02T10:13:35.471+0000] {logging_mixin.py:190} INFO -  Previous state of the Task instance: running
[2024-12-02T10:13:35.472+0000] {logging_mixin.py:190} INFO - Dag name:get_inaturalist_data_atropelada queued_at:2024-12-02 10:13:12.570573+00:00
[2024-12-02T10:13:35.472+0000] {logging_mixin.py:190} INFO - Task hostname:64b3b6a2b10b operator:_PythonDecoratedOperator
[2024-12-02T10:13:35.524+0000] {local_task_job_runner.py:266} INFO - Task exited with return code 0
[2024-12-02T10:13:35.641+0000] {taskinstance.py:3900} INFO - 1 downstream tasks scheduled from follow-on schedule check
[2024-12-02T10:13:35.647+0000] {local_task_job_runner.py:245} INFO - ::endgroup::
