[2024-11-27T11:25:29.416+0000] {local_task_job_runner.py:123} INFO - ::group::Pre task execution logs
[2024-11-27T11:25:29.512+0000] {taskinstance.py:2612} INFO - Dependencies all met for dep_context=non-requeueable deps ti=<TaskInstance: get_inaturalist_data_atropelamento.get_all_data scheduled__2024-11-25T17:30:00+00:00 [queued]>
[2024-11-27T11:25:29.567+0000] {taskinstance.py:2612} INFO - Dependencies all met for dep_context=requeueable deps ti=<TaskInstance: get_inaturalist_data_atropelamento.get_all_data scheduled__2024-11-25T17:30:00+00:00 [queued]>
[2024-11-27T11:25:29.568+0000] {taskinstance.py:2865} INFO - Starting attempt 2 of 4
[2024-11-27T11:25:29.689+0000] {taskinstance.py:2888} INFO - Executing <Task(_PythonDecoratedOperator): get_all_data> on 2024-11-25 17:30:00+00:00
[2024-11-27T11:25:29.761+0000] {warnings.py:112} WARNING - /home/***/.local/lib/python3.12/site-packages/***/task/task_runner/standard_task_runner.py:70: DeprecationWarning: This process (pid=63) is multi-threaded, use of fork() may lead to deadlocks in the child.
  pid = os.fork()

[2024-11-27T11:25:29.772+0000] {standard_task_runner.py:72} INFO - Started process 118 to run task
[2024-11-27T11:25:29.772+0000] {standard_task_runner.py:104} INFO - Running: ['***', 'tasks', 'run', 'get_inaturalist_data_atropelamento', 'get_all_data', 'scheduled__2024-11-25T17:30:00+00:00', '--job-id', '1594', '--raw', '--subdir', 'DAGS_FOLDER/inaturalist_dag.py', '--cfg-path', '/tmp/tmp0cu2d9nb']
[2024-11-27T11:25:29.774+0000] {standard_task_runner.py:105} INFO - Job 1594: Subtask get_all_data
[2024-11-27T11:25:30.145+0000] {task_command.py:467} INFO - Running <TaskInstance: get_inaturalist_data_atropelamento.get_all_data scheduled__2024-11-25T17:30:00+00:00 [running]> on host 3de0f1e46a39
[2024-11-27T11:25:30.701+0000] {taskinstance.py:3131} INFO - Exporting env vars: AIRFLOW_CTX_DAG_OWNER='***' AIRFLOW_CTX_DAG_ID='get_inaturalist_data_atropelamento' AIRFLOW_CTX_TASK_ID='get_all_data' AIRFLOW_CTX_EXECUTION_DATE='2024-11-25T17:30:00+00:00' AIRFLOW_CTX_TRY_NUMBER='2' AIRFLOW_CTX_DAG_RUN_ID='scheduled__2024-11-25T17:30:00+00:00'
[2024-11-27T11:25:30.714+0000] {logging_mixin.py:190} INFO - Task instance is in running state
[2024-11-27T11:25:30.715+0000] {logging_mixin.py:190} INFO -  Previous state of the Task instance: queued
[2024-11-27T11:25:30.727+0000] {logging_mixin.py:190} INFO - Current task name:get_all_data state:running start_date:2024-11-27 11:25:29.512953+00:00
[2024-11-27T11:25:30.727+0000] {logging_mixin.py:190} INFO - Dag name:get_inaturalist_data_atropelamento and current dag run status:running
[2024-11-27T11:25:30.728+0000] {taskinstance.py:731} INFO - ::endgroup::
[2024-11-27T11:25:30.760+0000] {inaturalist_dag.py:160} INFO - Getting data from keyword: atropelamento
[2024-11-27T11:25:31.876+0000] {inaturalist_dag.py:70} INFO - Found 0
[2024-11-27T11:25:31.881+0000] {inaturalist_dag.py:166} INFO - No more observations found, stopping.
[2024-11-27T11:25:31.926+0000] {crypto.py:82} WARNING - empty cryptography key - values will not be stored encrypted.
[2024-11-27T11:25:31.941+0000] {python.py:240} INFO - Done. Returned value was: []
[2024-11-27T11:25:32.059+0000] {taskinstance.py:340} INFO - ::group::Post task execution logs
[2024-11-27T11:25:32.087+0000] {taskinstance.py:352} INFO - Marking task as SUCCESS. dag_id=get_inaturalist_data_atropelamento, task_id=get_all_data, run_id=scheduled__2024-11-25T17:30:00+00:00, execution_date=20241125T173000, start_date=20241127T112529, end_date=20241127T112532
[2024-11-27T11:25:32.144+0000] {logging_mixin.py:190} INFO - Task instance in success state
[2024-11-27T11:25:32.152+0000] {logging_mixin.py:190} INFO -  Previous state of the Task instance: running
[2024-11-27T11:25:32.153+0000] {logging_mixin.py:190} INFO - Dag name:get_inaturalist_data_atropelamento queued_at:2024-11-27 11:20:00.092432+00:00
[2024-11-27T11:25:32.154+0000] {logging_mixin.py:190} INFO - Task hostname:3de0f1e46a39 operator:_PythonDecoratedOperator
[2024-11-27T11:25:32.242+0000] {local_task_job_runner.py:266} INFO - Task exited with return code 0
[2024-11-27T11:25:32.294+0000] {local_task_job_runner.py:245} INFO - ::endgroup::
