[2024-10-31T12:15:12.083+0000] {local_task_job_runner.py:123} INFO - ::group::Pre task execution logs
[2024-10-31T12:15:12.102+0000] {taskinstance.py:2612} INFO - Dependencies all met for dep_context=non-requeueable deps ti=<TaskInstance: biological_data_dag.merge_csv manual__2024-10-31T12:11:27.564141+00:00 [queued]>
[2024-10-31T12:15:12.115+0000] {taskinstance.py:2612} INFO - Dependencies all met for dep_context=requeueable deps ti=<TaskInstance: biological_data_dag.merge_csv manual__2024-10-31T12:11:27.564141+00:00 [queued]>
[2024-10-31T12:15:12.115+0000] {taskinstance.py:2865} INFO - Starting attempt 1 of 1
[2024-10-31T12:15:12.129+0000] {taskinstance.py:2888} INFO - Executing <Task(_PythonDecoratedOperator): merge_csv> on 2024-10-31 12:11:27.564141+00:00
[2024-10-31T12:15:12.140+0000] {warnings.py:112} WARNING - /home/***/.local/lib/python3.12/site-packages/***/task/task_runner/standard_task_runner.py:70: DeprecationWarning: This process (pid=2472) is multi-threaded, use of fork() may lead to deadlocks in the child.
  pid = os.fork()

[2024-10-31T12:15:12.141+0000] {standard_task_runner.py:72} INFO - Started process 2475 to run task
[2024-10-31T12:15:12.143+0000] {standard_task_runner.py:104} INFO - Running: ['***', 'tasks', 'run', 'biological_data_dag', 'merge_csv', 'manual__2024-10-31T12:11:27.564141+00:00', '--job-id', '284', '--raw', '--subdir', 'DAGS_FOLDER/biological_data_dag.py', '--cfg-path', '/tmp/tmpcchbavcv']
[2024-10-31T12:15:12.144+0000] {standard_task_runner.py:105} INFO - Job 284: Subtask merge_csv
[2024-10-31T12:15:12.189+0000] {task_command.py:467} INFO - Running <TaskInstance: biological_data_dag.merge_csv manual__2024-10-31T12:11:27.564141+00:00 [running]> on host 587c00f37f8c
[2024-10-31T12:15:12.272+0000] {taskinstance.py:3131} INFO - Exporting env vars: AIRFLOW_CTX_DAG_OWNER='***' AIRFLOW_CTX_DAG_ID='biological_data_dag' AIRFLOW_CTX_TASK_ID='merge_csv' AIRFLOW_CTX_EXECUTION_DATE='2024-10-31T12:11:27.564141+00:00' AIRFLOW_CTX_TRY_NUMBER='1' AIRFLOW_CTX_DAG_RUN_ID='manual__2024-10-31T12:11:27.564141+00:00'
[2024-10-31T12:15:12.273+0000] {logging_mixin.py:190} INFO - Task instance is in running state
[2024-10-31T12:15:12.273+0000] {logging_mixin.py:190} INFO -  Previous state of the Task instance: queued
[2024-10-31T12:15:12.274+0000] {logging_mixin.py:190} INFO - Current task name:merge_csv state:running start_date:2024-10-31 12:15:12.103159+00:00
[2024-10-31T12:15:12.274+0000] {logging_mixin.py:190} INFO - Dag name:biological_data_dag and current dag run status:running
[2024-10-31T12:15:12.274+0000] {taskinstance.py:731} INFO - ::endgroup::
[2024-10-31T12:15:12.283+0000] {biological_data_dag.py:436} INFO - Merging both files
[2024-10-31T12:15:12.295+0000] {logging_mixin.py:190} INFO - CSV files merged successfully into /tmp/species_data_12:15:12
[2024-10-31T12:15:12.296+0000] {python.py:240} INFO - Done. Returned value was: /tmp/species_data_12:15:12
[2024-10-31T12:15:12.318+0000] {taskinstance.py:340} INFO - ::group::Post task execution logs
[2024-10-31T12:15:12.318+0000] {taskinstance.py:352} INFO - Marking task as SUCCESS. dag_id=biological_data_dag, task_id=merge_csv, run_id=manual__2024-10-31T12:11:27.564141+00:00, execution_date=20241031T121127, start_date=20241031T121512, end_date=20241031T121512
[2024-10-31T12:15:12.325+0000] {logging_mixin.py:190} INFO - Task instance in success state
[2024-10-31T12:15:12.326+0000] {logging_mixin.py:190} INFO -  Previous state of the Task instance: running
[2024-10-31T12:15:12.326+0000] {logging_mixin.py:190} INFO - Dag name:biological_data_dag queued_at:2024-10-31 12:11:27.591056+00:00
[2024-10-31T12:15:12.326+0000] {logging_mixin.py:190} INFO - Task hostname:587c00f37f8c operator:_PythonDecoratedOperator
[2024-10-31T12:15:12.356+0000] {local_task_job_runner.py:266} INFO - Task exited with return code 0
[2024-10-31T12:15:12.376+0000] {taskinstance.py:3900} INFO - 1 downstream tasks scheduled from follow-on schedule check
[2024-10-31T12:15:12.378+0000] {local_task_job_runner.py:245} INFO - ::endgroup::
