[2024-12-03T15:26:35.088+0000] {local_task_job_runner.py:123} INFO - ::group::Pre task execution logs
[2024-12-03T15:26:35.166+0000] {taskinstance.py:2612} INFO - Dependencies all met for dep_context=non-requeueable deps ti=<TaskInstance: get_inaturalist_data_atropelamento.get_all_data scheduled__2024-12-03T14:30:00+00:00 [queued]>
[2024-12-03T15:26:35.216+0000] {taskinstance.py:2612} INFO - Dependencies all met for dep_context=requeueable deps ti=<TaskInstance: get_inaturalist_data_atropelamento.get_all_data scheduled__2024-12-03T14:30:00+00:00 [queued]>
[2024-12-03T15:26:35.221+0000] {taskinstance.py:2865} INFO - Starting attempt 2 of 4
[2024-12-03T15:26:35.340+0000] {taskinstance.py:2888} INFO - Executing <Task(_PythonDecoratedOperator): get_all_data> on 2024-12-03 14:30:00+00:00
[2024-12-03T15:26:35.409+0000] {warnings.py:112} WARNING - /home/***/.local/lib/python3.12/site-packages/***/task/task_runner/standard_task_runner.py:70: DeprecationWarning: This process (pid=49) is multi-threaded, use of fork() may lead to deadlocks in the child.
  pid = os.fork()

[2024-12-03T15:26:35.420+0000] {standard_task_runner.py:72} INFO - Started process 89 to run task
[2024-12-03T15:26:35.430+0000] {standard_task_runner.py:104} INFO - Running: ['***', 'tasks', 'run', 'get_inaturalist_data_atropelamento', 'get_all_data', 'scheduled__2024-12-03T14:30:00+00:00', '--job-id', '2176', '--raw', '--subdir', 'DAGS_FOLDER/inaturalist_dag.py', '--cfg-path', '/tmp/tmpkzn4zkiv']
[2024-12-03T15:26:35.434+0000] {standard_task_runner.py:105} INFO - Job 2176: Subtask get_all_data
[2024-12-03T15:26:35.626+0000] {task_command.py:467} INFO - Running <TaskInstance: get_inaturalist_data_atropelamento.get_all_data scheduled__2024-12-03T14:30:00+00:00 [running]> on host 559daffc287d
[2024-12-03T15:26:36.555+0000] {taskinstance.py:3131} INFO - Exporting env vars: AIRFLOW_CTX_DAG_OWNER='***' AIRFLOW_CTX_DAG_ID='get_inaturalist_data_atropelamento' AIRFLOW_CTX_TASK_ID='get_all_data' AIRFLOW_CTX_EXECUTION_DATE='2024-12-03T14:30:00+00:00' AIRFLOW_CTX_TRY_NUMBER='2' AIRFLOW_CTX_DAG_RUN_ID='scheduled__2024-12-03T14:30:00+00:00'
[2024-12-03T15:26:36.556+0000] {logging_mixin.py:190} INFO - Task instance is in running state
[2024-12-03T15:26:36.557+0000] {logging_mixin.py:190} INFO -  Previous state of the Task instance: queued
[2024-12-03T15:26:36.557+0000] {logging_mixin.py:190} INFO - Current task name:get_all_data state:running start_date:2024-12-03 15:26:35.166660+00:00
[2024-12-03T15:26:36.558+0000] {logging_mixin.py:190} INFO - Dag name:get_inaturalist_data_atropelamento and current dag run status:running
[2024-12-03T15:26:36.578+0000] {taskinstance.py:731} INFO - ::endgroup::
[2024-12-03T15:26:36.584+0000] {inaturalist_dag.py:152} INFO - Getting data from keyword: atropelamento
[2024-12-03T15:26:37.775+0000] {inaturalist_dag.py:60} INFO - Found 0
[2024-12-03T15:26:37.790+0000] {inaturalist_dag.py:158} INFO - No more observations found, stopping.
[2024-12-03T15:26:37.823+0000] {crypto.py:82} WARNING - empty cryptography key - values will not be stored encrypted.
[2024-12-03T15:26:37.842+0000] {python.py:240} INFO - Done. Returned value was: []
[2024-12-03T15:26:37.956+0000] {taskinstance.py:340} INFO - ::group::Post task execution logs
[2024-12-03T15:26:37.957+0000] {taskinstance.py:352} INFO - Marking task as SUCCESS. dag_id=get_inaturalist_data_atropelamento, task_id=get_all_data, run_id=scheduled__2024-12-03T14:30:00+00:00, execution_date=20241203T143000, start_date=20241203T152635, end_date=20241203T152637
[2024-12-03T15:26:37.977+0000] {logging_mixin.py:190} INFO - Task instance in success state
[2024-12-03T15:26:37.978+0000] {logging_mixin.py:190} INFO -  Previous state of the Task instance: running
[2024-12-03T15:26:37.978+0000] {logging_mixin.py:190} INFO - Dag name:get_inaturalist_data_atropelamento queued_at:2024-12-03 15:19:10.149793+00:00
[2024-12-03T15:26:37.979+0000] {logging_mixin.py:190} INFO - Task hostname:559daffc287d operator:_PythonDecoratedOperator
[2024-12-03T15:26:38.085+0000] {local_task_job_runner.py:266} INFO - Task exited with return code 0
[2024-12-03T15:26:38.129+0000] {local_task_job_runner.py:245} INFO - ::endgroup::
