[2024-12-18T12:01:23.150+0000] {local_task_job_runner.py:123} INFO - ::group::Pre task execution logs
[2024-12-18T12:01:23.179+0000] {taskinstance.py:2612} INFO - Dependencies all met for dep_context=non-requeueable deps ti=<TaskInstance: get_inaturalist_data_roadkill.save_data scheduled__2024-12-17T18:00:00+00:00 [queued]>
[2024-12-18T12:01:23.196+0000] {taskinstance.py:2612} INFO - Dependencies all met for dep_context=requeueable deps ti=<TaskInstance: get_inaturalist_data_roadkill.save_data scheduled__2024-12-17T18:00:00+00:00 [queued]>
[2024-12-18T12:01:23.197+0000] {taskinstance.py:2865} INFO - Starting attempt 1 of 4
[2024-12-18T12:01:23.218+0000] {taskinstance.py:2888} INFO - Executing <Task(_PythonDecoratedOperator): save_data> on 2024-12-17 18:00:00+00:00
[2024-12-18T12:01:23.236+0000] {warnings.py:112} WARNING - /home/***/.local/lib/python3.12/site-packages/***/task/task_runner/standard_task_runner.py:70: DeprecationWarning: This process (pid=165) is multi-threaded, use of fork() may lead to deadlocks in the child.
  pid = os.fork()

[2024-12-18T12:01:23.238+0000] {standard_task_runner.py:72} INFO - Started process 171 to run task
[2024-12-18T12:01:23.237+0000] {standard_task_runner.py:104} INFO - Running: ['***', 'tasks', 'run', 'get_inaturalist_data_roadkill', 'save_data', 'scheduled__2024-12-17T18:00:00+00:00', '--job-id', '173', '--raw', '--subdir', 'DAGS_FOLDER/inaturalist_dag.py', '--cfg-path', '/tmp/tmpb8q9hny2']
[2024-12-18T12:01:23.241+0000] {standard_task_runner.py:105} INFO - Job 173: Subtask save_data
[2024-12-18T12:01:23.321+0000] {task_command.py:467} INFO - Running <TaskInstance: get_inaturalist_data_roadkill.save_data scheduled__2024-12-17T18:00:00+00:00 [running]> on host 3b3f24aa623d
[2024-12-18T12:01:24.261+0000] {taskinstance.py:3131} INFO - Exporting env vars: AIRFLOW_CTX_DAG_OWNER='***' AIRFLOW_CTX_DAG_ID='get_inaturalist_data_roadkill' AIRFLOW_CTX_TASK_ID='save_data' AIRFLOW_CTX_EXECUTION_DATE='2024-12-17T18:00:00+00:00' AIRFLOW_CTX_TRY_NUMBER='1' AIRFLOW_CTX_DAG_RUN_ID='scheduled__2024-12-17T18:00:00+00:00'
[2024-12-18T12:01:24.263+0000] {taskinstance.py:731} INFO - ::endgroup::
[2024-12-18T12:01:25.277+0000] {minio.py:40} INFO - created inaturalist/roadkill/2024/12/18/roadkill_observations_120120.csv object; etag: 102ce953143544901d18341d55d3f6d2, version-id: None
[2024-12-18T12:01:25.278+0000] {minio.py:42} INFO - Data successfully uploaded to MinIO in bucket environbit under inaturalist/roadkill/2024/12/18/roadkill_observations_120120.csv
[2024-12-18T12:01:25.280+0000] {python.py:240} INFO - Done. Returned value was: None
[2024-12-18T12:01:25.294+0000] {taskinstance.py:340} INFO - ::group::Post task execution logs
[2024-12-18T12:01:25.295+0000] {taskinstance.py:352} INFO - Marking task as SUCCESS. dag_id=get_inaturalist_data_roadkill, task_id=save_data, run_id=scheduled__2024-12-17T18:00:00+00:00, execution_date=20241217T180000, start_date=20241218T120123, end_date=20241218T120125
[2024-12-18T12:01:25.339+0000] {local_task_job_runner.py:266} INFO - Task exited with return code 0
[2024-12-18T12:01:25.364+0000] {taskinstance.py:3900} INFO - 1 downstream tasks scheduled from follow-on schedule check
[2024-12-18T12:01:25.372+0000] {local_task_job_runner.py:245} INFO - ::endgroup::
