[2024-11-28T10:30:06.460+0000] {local_task_job_runner.py:123} INFO - ::group::Pre task execution logs
[2024-11-28T10:30:06.502+0000] {taskinstance.py:2612} INFO - Dependencies all met for dep_context=non-requeueable deps ti=<TaskInstance: get_inaturalist_data_atropelada.process_data scheduled__2024-11-28T10:00:00+00:00 [queued]>
[2024-11-28T10:30:06.516+0000] {taskinstance.py:2612} INFO - Dependencies all met for dep_context=requeueable deps ti=<TaskInstance: get_inaturalist_data_atropelada.process_data scheduled__2024-11-28T10:00:00+00:00 [queued]>
[2024-11-28T10:30:06.516+0000] {taskinstance.py:2865} INFO - Starting attempt 1 of 4
[2024-11-28T10:30:06.540+0000] {taskinstance.py:2888} INFO - Executing <Task(_PythonDecoratedOperator): process_data> on 2024-11-28 10:00:00+00:00
[2024-11-28T10:30:06.564+0000] {warnings.py:112} WARNING - /home/***/.local/lib/python3.12/site-packages/***/task/task_runner/standard_task_runner.py:70: DeprecationWarning: This process (pid=1175) is multi-threaded, use of fork() may lead to deadlocks in the child.
  pid = os.fork()

[2024-11-28T10:30:06.566+0000] {standard_task_runner.py:72} INFO - Started process 1204 to run task
[2024-11-28T10:30:06.570+0000] {standard_task_runner.py:104} INFO - Running: ['***', 'tasks', 'run', 'get_inaturalist_data_atropelada', 'process_data', 'scheduled__2024-11-28T10:00:00+00:00', '--job-id', '1830', '--raw', '--subdir', 'DAGS_FOLDER/inaturalist_dag.py', '--cfg-path', '/tmp/tmpj4yb7ime']
[2024-11-28T10:30:06.571+0000] {standard_task_runner.py:105} INFO - Job 1830: Subtask process_data
[2024-11-28T10:30:06.696+0000] {task_command.py:467} INFO - Running <TaskInstance: get_inaturalist_data_atropelada.process_data scheduled__2024-11-28T10:00:00+00:00 [running]> on host 3de0f1e46a39
[2024-11-28T10:30:06.911+0000] {taskinstance.py:3131} INFO - Exporting env vars: AIRFLOW_CTX_DAG_OWNER='***' AIRFLOW_CTX_DAG_ID='get_inaturalist_data_atropelada' AIRFLOW_CTX_TASK_ID='process_data' AIRFLOW_CTX_EXECUTION_DATE='2024-11-28T10:00:00+00:00' AIRFLOW_CTX_TRY_NUMBER='1' AIRFLOW_CTX_DAG_RUN_ID='scheduled__2024-11-28T10:00:00+00:00'
[2024-11-28T10:30:06.912+0000] {logging_mixin.py:190} INFO - Task instance is in running state
[2024-11-28T10:30:06.913+0000] {logging_mixin.py:190} INFO -  Previous state of the Task instance: queued
[2024-11-28T10:30:06.913+0000] {logging_mixin.py:190} INFO - Current task name:process_data state:running start_date:2024-11-28 10:30:06.502856+00:00
[2024-11-28T10:30:06.914+0000] {logging_mixin.py:190} INFO - Dag name:get_inaturalist_data_atropelada and current dag run status:running
[2024-11-28T10:30:06.914+0000] {taskinstance.py:731} INFO - ::endgroup::
[2024-11-28T10:30:06.915+0000] {python.py:240} INFO - Done. Returned value was: {'path': 'inaturalist_data/atropelada_data/2024/11/28/atropelada_observations_103006.csv', 'format': 'text/csv'}
[2024-11-28T10:30:06.953+0000] {taskinstance.py:340} INFO - ::group::Post task execution logs
[2024-11-28T10:30:06.954+0000] {taskinstance.py:352} INFO - Marking task as SUCCESS. dag_id=get_inaturalist_data_atropelada, task_id=process_data, run_id=scheduled__2024-11-28T10:00:00+00:00, execution_date=20241128T100000, start_date=20241128T103006, end_date=20241128T103006
[2024-11-28T10:30:06.964+0000] {logging_mixin.py:190} INFO - Task instance in success state
[2024-11-28T10:30:06.964+0000] {logging_mixin.py:190} INFO -  Previous state of the Task instance: running
[2024-11-28T10:30:06.965+0000] {logging_mixin.py:190} INFO - Dag name:get_inaturalist_data_atropelada queued_at:2024-11-28 10:30:00.691842+00:00
[2024-11-28T10:30:06.965+0000] {logging_mixin.py:190} INFO - Task hostname:3de0f1e46a39 operator:_PythonDecoratedOperator
[2024-11-28T10:30:07.008+0000] {local_task_job_runner.py:266} INFO - Task exited with return code 0
[2024-11-28T10:30:07.039+0000] {taskinstance.py:3900} INFO - 1 downstream tasks scheduled from follow-on schedule check
[2024-11-28T10:30:07.041+0000] {local_task_job_runner.py:245} INFO - ::endgroup::
