[2024-12-05T13:00:02.691+0000] {local_task_job_runner.py:123} INFO - ::group::Pre task execution logs
[2024-12-05T13:00:02.706+0000] {taskinstance.py:2612} INFO - Dependencies all met for dep_context=non-requeueable deps ti=<TaskInstance: get_inaturalist_data_roadkill.get_all_data scheduled__2024-12-05T12:30:00+00:00 [queued]>
[2024-12-05T13:00:02.714+0000] {taskinstance.py:2612} INFO - Dependencies all met for dep_context=requeueable deps ti=<TaskInstance: get_inaturalist_data_roadkill.get_all_data scheduled__2024-12-05T12:30:00+00:00 [queued]>
[2024-12-05T13:00:02.714+0000] {taskinstance.py:2865} INFO - Starting attempt 1 of 4
[2024-12-05T13:00:02.729+0000] {taskinstance.py:2888} INFO - Executing <Task(_PythonDecoratedOperator): get_all_data> on 2024-12-05 12:30:00+00:00
[2024-12-05T13:00:02.738+0000] {warnings.py:112} WARNING - /home/***/.local/lib/python3.12/site-packages/***/task/task_runner/standard_task_runner.py:70: DeprecationWarning: This process (pid=1400) is multi-threaded, use of fork() may lead to deadlocks in the child.
  pid = os.fork()

[2024-12-05T13:00:02.740+0000] {standard_task_runner.py:72} INFO - Started process 1409 to run task
[2024-12-05T13:00:02.740+0000] {standard_task_runner.py:104} INFO - Running: ['***', 'tasks', 'run', 'get_inaturalist_data_roadkill', 'get_all_data', 'scheduled__2024-12-05T12:30:00+00:00', '--job-id', '2502', '--raw', '--subdir', 'DAGS_FOLDER/inaturalist_dag.py', '--cfg-path', '/tmp/tmp1v4ynesw']
[2024-12-05T13:00:02.742+0000] {standard_task_runner.py:105} INFO - Job 2502: Subtask get_all_data
[2024-12-05T13:00:02.781+0000] {task_command.py:467} INFO - Running <TaskInstance: get_inaturalist_data_roadkill.get_all_data scheduled__2024-12-05T12:30:00+00:00 [running]> on host 5dd78280c9a6
[2024-12-05T13:00:02.872+0000] {taskinstance.py:3131} INFO - Exporting env vars: AIRFLOW_CTX_DAG_OWNER='***' AIRFLOW_CTX_DAG_ID='get_inaturalist_data_roadkill' AIRFLOW_CTX_TASK_ID='get_all_data' AIRFLOW_CTX_EXECUTION_DATE='2024-12-05T12:30:00+00:00' AIRFLOW_CTX_TRY_NUMBER='1' AIRFLOW_CTX_DAG_RUN_ID='scheduled__2024-12-05T12:30:00+00:00'
[2024-12-05T13:00:02.873+0000] {logging_mixin.py:190} INFO - Task instance is in running state
[2024-12-05T13:00:02.874+0000] {logging_mixin.py:190} INFO -  Previous state of the Task instance: queued
[2024-12-05T13:00:02.874+0000] {logging_mixin.py:190} INFO - Current task name:get_all_data state:running start_date:2024-12-05 13:00:02.706787+00:00
[2024-12-05T13:00:02.874+0000] {logging_mixin.py:190} INFO - Dag name:get_inaturalist_data_roadkill and current dag run status:running
[2024-12-05T13:00:02.874+0000] {taskinstance.py:731} INFO - ::endgroup::
[2024-12-05T13:00:02.875+0000] {inaturalist_dag.py:153} INFO - Getting data from keyword: roadkill
[2024-12-05T13:00:02.881+0000] {inaturalist_dag.py:45} INFO - Maximum id 254195102 for the request
[2024-12-05T13:00:03.979+0000] {inaturalist_dag.py:61} INFO - Got 0 results
[2024-12-05T13:00:03.980+0000] {inaturalist_dag.py:160} INFO - No more observations found, stopping.
[2024-12-05T13:00:03.987+0000] {crypto.py:82} WARNING - empty cryptography key - values will not be stored encrypted.
[2024-12-05T13:00:03.991+0000] {python.py:240} INFO - Done. Returned value was: []
[2024-12-05T13:00:04.012+0000] {taskinstance.py:340} INFO - ::group::Post task execution logs
[2024-12-05T13:00:04.012+0000] {taskinstance.py:352} INFO - Marking task as SUCCESS. dag_id=get_inaturalist_data_roadkill, task_id=get_all_data, run_id=scheduled__2024-12-05T12:30:00+00:00, execution_date=20241205T123000, start_date=20241205T130002, end_date=20241205T130004
[2024-12-05T13:00:04.021+0000] {logging_mixin.py:190} INFO - Task instance in success state
[2024-12-05T13:00:04.022+0000] {logging_mixin.py:190} INFO -  Previous state of the Task instance: running
[2024-12-05T13:00:04.022+0000] {logging_mixin.py:190} INFO - Dag name:get_inaturalist_data_roadkill queued_at:2024-12-05 13:00:01.017848+00:00
[2024-12-05T13:00:04.022+0000] {logging_mixin.py:190} INFO - Task hostname:5dd78280c9a6 operator:_PythonDecoratedOperator
[2024-12-05T13:00:04.036+0000] {local_task_job_runner.py:266} INFO - Task exited with return code 0
[2024-12-05T13:00:04.047+0000] {local_task_job_runner.py:245} INFO - ::endgroup::
