[2024-12-10T18:06:00.543+0000] {local_task_job_runner.py:123} INFO - ::group::Pre task execution logs
[2024-12-10T18:06:00.584+0000] {taskinstance.py:2612} INFO - Dependencies all met for dep_context=non-requeueable deps ti=<TaskInstance: get_inaturalist_data_atropelada.save_data manual__2024-12-10T18:05:37.394787+00:00 [queued]>
[2024-12-10T18:06:00.610+0000] {taskinstance.py:2612} INFO - Dependencies all met for dep_context=requeueable deps ti=<TaskInstance: get_inaturalist_data_atropelada.save_data manual__2024-12-10T18:05:37.394787+00:00 [queued]>
[2024-12-10T18:06:00.611+0000] {taskinstance.py:2865} INFO - Starting attempt 1 of 4
[2024-12-10T18:06:00.644+0000] {taskinstance.py:2888} INFO - Executing <Task(_PythonDecoratedOperator): save_data> on 2024-12-10 18:05:37.394787+00:00
[2024-12-10T18:06:00.670+0000] {warnings.py:112} WARNING - /home/***/.local/lib/python3.12/site-packages/***/task/task_runner/standard_task_runner.py:70: DeprecationWarning: This process (pid=203) is multi-threaded, use of fork() may lead to deadlocks in the child.
  pid = os.fork()

[2024-12-10T18:06:00.672+0000] {standard_task_runner.py:72} INFO - Started process 205 to run task
[2024-12-10T18:06:00.673+0000] {standard_task_runner.py:104} INFO - Running: ['***', 'tasks', 'run', 'get_inaturalist_data_atropelada', 'save_data', 'manual__2024-12-10T18:05:37.394787+00:00', '--job-id', '52', '--raw', '--subdir', 'DAGS_FOLDER/inaturalist_dag.py', '--cfg-path', '/tmp/tmp69j55fju']
[2024-12-10T18:06:00.679+0000] {standard_task_runner.py:105} INFO - Job 52: Subtask save_data
[2024-12-10T18:06:00.764+0000] {task_command.py:467} INFO - Running <TaskInstance: get_inaturalist_data_atropelada.save_data manual__2024-12-10T18:05:37.394787+00:00 [running]> on host 09c3c4382fe6
[2024-12-10T18:06:01.098+0000] {taskinstance.py:3131} INFO - Exporting env vars: AIRFLOW_CTX_DAG_OWNER='***' AIRFLOW_CTX_DAG_ID='get_inaturalist_data_atropelada' AIRFLOW_CTX_TASK_ID='save_data' AIRFLOW_CTX_EXECUTION_DATE='2024-12-10T18:05:37.394787+00:00' AIRFLOW_CTX_TRY_NUMBER='1' AIRFLOW_CTX_DAG_RUN_ID='manual__2024-12-10T18:05:37.394787+00:00'
[2024-12-10T18:06:01.106+0000] {taskinstance.py:731} INFO - ::endgroup::
[2024-12-10T18:06:01.513+0000] {minio.py:40} INFO - created inaturalist/atropelada/2024/12/10/atropelada_observations_180557.csv object; etag: 3fc906eb4406ae253c5171b1b7ae649c, version-id: None
[2024-12-10T18:06:01.516+0000] {minio.py:42} INFO - Data successfully uploaded to MinIO in bucket environbit under inaturalist/atropelada/2024/12/10/atropelada_observations_180557.csv
[2024-12-10T18:06:01.518+0000] {python.py:240} INFO - Done. Returned value was: None
[2024-12-10T18:06:01.561+0000] {taskinstance.py:340} INFO - ::group::Post task execution logs
[2024-12-10T18:06:01.562+0000] {taskinstance.py:352} INFO - Marking task as SUCCESS. dag_id=get_inaturalist_data_atropelada, task_id=save_data, run_id=manual__2024-12-10T18:05:37.394787+00:00, execution_date=20241210T180537, start_date=20241210T180600, end_date=20241210T180601
[2024-12-10T18:06:01.653+0000] {local_task_job_runner.py:266} INFO - Task exited with return code 0
[2024-12-10T18:06:01.683+0000] {taskinstance.py:3900} INFO - 1 downstream tasks scheduled from follow-on schedule check
[2024-12-10T18:06:01.688+0000] {local_task_job_runner.py:245} INFO - ::endgroup::
