[2024-11-19T11:02:40.678+0000] {local_task_job_runner.py:123} INFO - ::group::Pre task execution logs
[2024-11-19T11:02:40.745+0000] {taskinstance.py:2612} INFO - Dependencies all met for dep_context=non-requeueable deps ti=<TaskInstance: get_gbif_data_atropelamento.get_all_data manual__2024-11-19T10:58:26.429641+00:00 [queued]>
[2024-11-19T11:02:40.767+0000] {taskinstance.py:2612} INFO - Dependencies all met for dep_context=requeueable deps ti=<TaskInstance: get_gbif_data_atropelamento.get_all_data manual__2024-11-19T10:58:26.429641+00:00 [queued]>
[2024-11-19T11:02:40.769+0000] {taskinstance.py:2865} INFO - Starting attempt 3 of 4
[2024-11-19T11:02:40.872+0000] {taskinstance.py:2888} INFO - Executing <Task(_PythonDecoratedOperator): get_all_data> on 2024-11-19 10:58:26.429641+00:00
[2024-11-19T11:02:40.932+0000] {warnings.py:112} WARNING - /home/***/.local/lib/python3.12/site-packages/***/task/task_runner/standard_task_runner.py:70: DeprecationWarning: This process (pid=316) is multi-threaded, use of fork() may lead to deadlocks in the child.
  pid = os.fork()

[2024-11-19T11:02:40.935+0000] {standard_task_runner.py:72} INFO - Started process 356 to run task
[2024-11-19T11:02:40.951+0000] {standard_task_runner.py:104} INFO - Running: ['***', 'tasks', 'run', 'get_gbif_data_atropelamento', 'get_all_data', 'manual__2024-11-19T10:58:26.429641+00:00', '--job-id', '717', '--raw', '--subdir', 'DAGS_FOLDER/gbif_dag.py', '--cfg-path', '/tmp/tmppjclsv9i']
[2024-11-19T11:02:40.972+0000] {standard_task_runner.py:105} INFO - Job 717: Subtask get_all_data
[2024-11-19T11:02:41.169+0000] {task_command.py:467} INFO - Running <TaskInstance: get_gbif_data_atropelamento.get_all_data manual__2024-11-19T10:58:26.429641+00:00 [running]> on host 1bd5b698e8d7
[2024-11-19T11:02:41.343+0000] {taskinstance.py:3131} INFO - Exporting env vars: AIRFLOW_CTX_DAG_OWNER='***' AIRFLOW_CTX_DAG_ID='get_gbif_data_atropelamento' AIRFLOW_CTX_TASK_ID='get_all_data' AIRFLOW_CTX_EXECUTION_DATE='2024-11-19T10:58:26.429641+00:00' AIRFLOW_CTX_TRY_NUMBER='3' AIRFLOW_CTX_DAG_RUN_ID='manual__2024-11-19T10:58:26.429641+00:00'
[2024-11-19T11:02:41.346+0000] {logging_mixin.py:190} INFO - Task instance is in running state
[2024-11-19T11:02:41.347+0000] {logging_mixin.py:190} INFO -  Previous state of the Task instance: queued
[2024-11-19T11:02:41.347+0000] {logging_mixin.py:190} INFO - Current task name:get_all_data state:running start_date:2024-11-19 11:02:40.746583+00:00
[2024-11-19T11:02:41.347+0000] {logging_mixin.py:190} INFO - Dag name:get_gbif_data_atropelamento and current dag run status:running
[2024-11-19T11:02:41.348+0000] {taskinstance.py:731} INFO - ::endgroup::
[2024-11-19T11:02:41.349+0000] {gbif_dag.py:222} INFO - Getting data from keyword: atropelamento
[2024-11-19T11:02:41.979+0000] {gbif_dag.py:228} INFO - No more occurrences found, stopping.
[2024-11-19T11:02:41.987+0000] {crypto.py:82} WARNING - empty cryptography key - values will not be stored encrypted.
[2024-11-19T11:02:41.995+0000] {python.py:240} INFO - Done. Returned value was: []
[2024-11-19T11:02:42.039+0000] {taskinstance.py:340} INFO - ::group::Post task execution logs
[2024-11-19T11:02:42.040+0000] {taskinstance.py:352} INFO - Marking task as SUCCESS. dag_id=get_gbif_data_atropelamento, task_id=get_all_data, run_id=manual__2024-11-19T10:58:26.429641+00:00, execution_date=20241119T105826, start_date=20241119T110240, end_date=20241119T110242
[2024-11-19T11:02:42.053+0000] {logging_mixin.py:190} INFO - Task instance in success state
[2024-11-19T11:02:42.054+0000] {logging_mixin.py:190} INFO -  Previous state of the Task instance: running
[2024-11-19T11:02:42.054+0000] {logging_mixin.py:190} INFO - Dag name:get_gbif_data_atropelamento queued_at:2024-11-19 10:58:26.444521+00:00
[2024-11-19T11:02:42.055+0000] {logging_mixin.py:190} INFO - Task hostname:1bd5b698e8d7 operator:_PythonDecoratedOperator
[2024-11-19T11:02:42.100+0000] {local_task_job_runner.py:266} INFO - Task exited with return code 0
[2024-11-19T11:02:42.141+0000] {taskinstance.py:3900} INFO - 1 downstream tasks scheduled from follow-on schedule check
[2024-11-19T11:02:42.146+0000] {local_task_job_runner.py:245} INFO - ::endgroup::
