[2024-12-10T17:35:23.407+0000] {local_task_job_runner.py:123} INFO - ::group::Pre task execution logs
[2024-12-10T17:35:23.430+0000] {taskinstance.py:2612} INFO - Dependencies all met for dep_context=non-requeueable deps ti=<TaskInstance: get_inaturalist_data_atropelamento.save_data manual__2024-12-10T17:35:07.479715+00:00 [queued]>
[2024-12-10T17:35:23.447+0000] {taskinstance.py:2612} INFO - Dependencies all met for dep_context=requeueable deps ti=<TaskInstance: get_inaturalist_data_atropelamento.save_data manual__2024-12-10T17:35:07.479715+00:00 [queued]>
[2024-12-10T17:35:23.447+0000] {taskinstance.py:2865} INFO - Starting attempt 1 of 4
[2024-12-10T17:35:23.465+0000] {taskinstance.py:2888} INFO - Executing <Task(_PythonDecoratedOperator): save_data> on 2024-12-10 17:35:07.479715+00:00
[2024-12-10T17:35:23.477+0000] {warnings.py:112} WARNING - /home/***/.local/lib/python3.12/site-packages/***/task/task_runner/standard_task_runner.py:70: DeprecationWarning: This process (pid=120) is multi-threaded, use of fork() may lead to deadlocks in the child.
  pid = os.fork()

[2024-12-10T17:35:23.479+0000] {standard_task_runner.py:72} INFO - Started process 122 to run task
[2024-12-10T17:35:23.479+0000] {standard_task_runner.py:104} INFO - Running: ['***', 'tasks', 'run', 'get_inaturalist_data_atropelamento', 'save_data', 'manual__2024-12-10T17:35:07.479715+00:00', '--job-id', '23', '--raw', '--subdir', 'DAGS_FOLDER/inaturalist_dag.py', '--cfg-path', '/tmp/tmpqqbrkft_']
[2024-12-10T17:35:23.481+0000] {standard_task_runner.py:105} INFO - Job 23: Subtask save_data
[2024-12-10T17:35:23.530+0000] {task_command.py:467} INFO - Running <TaskInstance: get_inaturalist_data_atropelamento.save_data manual__2024-12-10T17:35:07.479715+00:00 [running]> on host be8e55fbffc5
[2024-12-10T17:35:23.730+0000] {taskinstance.py:3131} INFO - Exporting env vars: AIRFLOW_CTX_DAG_OWNER='***' AIRFLOW_CTX_DAG_ID='get_inaturalist_data_atropelamento' AIRFLOW_CTX_TASK_ID='save_data' AIRFLOW_CTX_EXECUTION_DATE='2024-12-10T17:35:07.479715+00:00' AIRFLOW_CTX_TRY_NUMBER='1' AIRFLOW_CTX_DAG_RUN_ID='manual__2024-12-10T17:35:07.479715+00:00'
[2024-12-10T17:35:23.732+0000] {taskinstance.py:731} INFO - ::endgroup::
[2024-12-10T17:35:23.993+0000] {minio.py:40} INFO - created inaturalist/atropelamento/2024/12/10/atropelamento_observations_173520.csv object; etag: 292e146fc7ada7ce41e69b98bf617cf5, version-id: None
[2024-12-10T17:35:23.993+0000] {minio.py:42} INFO - Data successfully uploaded to MinIO in bucket environbit under inaturalist/atropelamento/2024/12/10/atropelamento_observations_173520.csv
[2024-12-10T17:35:23.994+0000] {python.py:240} INFO - Done. Returned value was: None
[2024-12-10T17:35:24.020+0000] {taskinstance.py:340} INFO - ::group::Post task execution logs
[2024-12-10T17:35:24.022+0000] {taskinstance.py:352} INFO - Marking task as SUCCESS. dag_id=get_inaturalist_data_atropelamento, task_id=save_data, run_id=manual__2024-12-10T17:35:07.479715+00:00, execution_date=20241210T173507, start_date=20241210T173523, end_date=20241210T173524
[2024-12-10T17:35:24.095+0000] {local_task_job_runner.py:266} INFO - Task exited with return code 0
[2024-12-10T17:35:24.153+0000] {taskinstance.py:3900} INFO - 1 downstream tasks scheduled from follow-on schedule check
[2024-12-10T17:35:24.159+0000] {local_task_job_runner.py:245} INFO - ::endgroup::
