[2024-11-28T09:46:09.189+0000] {local_task_job_runner.py:123} INFO - ::group::Pre task execution logs
[2024-11-28T09:46:09.318+0000] {taskinstance.py:2612} INFO - Dependencies all met for dep_context=non-requeueable deps ti=<TaskInstance: get_inaturalist_data_roadkill.process_data scheduled__2024-11-27T16:00:00+00:00 [queued]>
[2024-11-28T09:46:09.366+0000] {taskinstance.py:2612} INFO - Dependencies all met for dep_context=requeueable deps ti=<TaskInstance: get_inaturalist_data_roadkill.process_data scheduled__2024-11-27T16:00:00+00:00 [queued]>
[2024-11-28T09:46:09.370+0000] {taskinstance.py:2865} INFO - Starting attempt 1 of 4
[2024-11-28T09:46:09.673+0000] {taskinstance.py:2888} INFO - Executing <Task(_PythonDecoratedOperator): process_data> on 2024-11-27 16:00:00+00:00
[2024-11-28T09:46:09.712+0000] {warnings.py:112} WARNING - /home/***/.local/lib/python3.12/site-packages/***/task/task_runner/standard_task_runner.py:70: DeprecationWarning: This process (pid=48) is multi-threaded, use of fork() may lead to deadlocks in the child.
  pid = os.fork()

[2024-11-28T09:46:09.714+0000] {standard_task_runner.py:72} INFO - Started process 133 to run task
[2024-11-28T09:46:09.723+0000] {standard_task_runner.py:104} INFO - Running: ['***', 'tasks', 'run', 'get_inaturalist_data_roadkill', 'process_data', 'scheduled__2024-11-27T16:00:00+00:00', '--job-id', '1727', '--raw', '--subdir', 'DAGS_FOLDER/inaturalist_dag.py', '--cfg-path', '/tmp/tmpfgx25a1r']
[2024-11-28T09:46:09.724+0000] {standard_task_runner.py:105} INFO - Job 1727: Subtask process_data
[2024-11-28T09:46:09.891+0000] {task_command.py:467} INFO - Running <TaskInstance: get_inaturalist_data_roadkill.process_data scheduled__2024-11-27T16:00:00+00:00 [running]> on host 3de0f1e46a39
[2024-11-28T09:46:10.229+0000] {taskinstance.py:3131} INFO - Exporting env vars: AIRFLOW_CTX_DAG_OWNER='***' AIRFLOW_CTX_DAG_ID='get_inaturalist_data_roadkill' AIRFLOW_CTX_TASK_ID='process_data' AIRFLOW_CTX_EXECUTION_DATE='2024-11-27T16:00:00+00:00' AIRFLOW_CTX_TRY_NUMBER='1' AIRFLOW_CTX_DAG_RUN_ID='scheduled__2024-11-27T16:00:00+00:00'
[2024-11-28T09:46:10.231+0000] {logging_mixin.py:190} INFO - Task instance is in running state
[2024-11-28T09:46:10.231+0000] {logging_mixin.py:190} INFO -  Previous state of the Task instance: queued
[2024-11-28T09:46:10.231+0000] {logging_mixin.py:190} INFO - Current task name:process_data state:running start_date:2024-11-28 09:46:09.318688+00:00
[2024-11-28T09:46:10.242+0000] {logging_mixin.py:190} INFO - Dag name:get_inaturalist_data_roadkill and current dag run status:running
[2024-11-28T09:46:10.242+0000] {taskinstance.py:731} INFO - ::endgroup::
[2024-11-28T09:46:10.243+0000] {python.py:240} INFO - Done. Returned value was: {'path': 'inaturalist_data/roadkill_data/2024/11/28/roadkill_observations_094610.csv', 'format': 'text/csv'}
[2024-11-28T09:46:10.334+0000] {taskinstance.py:340} INFO - ::group::Post task execution logs
[2024-11-28T09:46:10.335+0000] {taskinstance.py:352} INFO - Marking task as SUCCESS. dag_id=get_inaturalist_data_roadkill, task_id=process_data, run_id=scheduled__2024-11-27T16:00:00+00:00, execution_date=20241127T160000, start_date=20241128T094609, end_date=20241128T094610
[2024-11-28T09:46:10.355+0000] {logging_mixin.py:190} INFO - Task instance in success state
[2024-11-28T09:46:10.355+0000] {logging_mixin.py:190} INFO -  Previous state of the Task instance: running
[2024-11-28T09:46:10.356+0000] {logging_mixin.py:190} INFO - Dag name:get_inaturalist_data_roadkill queued_at:2024-11-28 09:45:55.025314+00:00
[2024-11-28T09:46:10.356+0000] {logging_mixin.py:190} INFO - Task hostname:3de0f1e46a39 operator:_PythonDecoratedOperator
[2024-11-28T09:46:10.400+0000] {local_task_job_runner.py:266} INFO - Task exited with return code 0
[2024-11-28T09:46:10.478+0000] {taskinstance.py:3900} INFO - 1 downstream tasks scheduled from follow-on schedule check
[2024-11-28T09:46:10.483+0000] {local_task_job_runner.py:245} INFO - ::endgroup::
