[2024-12-02T10:52:20.872+0000] {local_task_job_runner.py:123} INFO - ::group::Pre task execution logs
[2024-12-02T10:52:20.922+0000] {taskinstance.py:2612} INFO - Dependencies all met for dep_context=non-requeueable deps ti=<TaskInstance: get_inaturalist_data_atropelamento.save_data scheduled__2024-12-02T10:00:00+00:00 [queued]>
[2024-12-02T10:52:20.940+0000] {taskinstance.py:2612} INFO - Dependencies all met for dep_context=requeueable deps ti=<TaskInstance: get_inaturalist_data_atropelamento.save_data scheduled__2024-12-02T10:00:00+00:00 [queued]>
[2024-12-02T10:52:20.941+0000] {taskinstance.py:2865} INFO - Starting attempt 1 of 4
[2024-12-02T10:52:21.000+0000] {taskinstance.py:2888} INFO - Executing <Task(_PythonDecoratedOperator): save_data> on 2024-12-02 10:00:00+00:00
[2024-12-02T10:52:21.110+0000] {warnings.py:112} WARNING - /home/***/.local/lib/python3.12/site-packages/***/task/task_runner/standard_task_runner.py:70: DeprecationWarning: This process (pid=104) is multi-threaded, use of fork() may lead to deadlocks in the child.
  pid = os.fork()

[2024-12-02T10:52:21.114+0000] {standard_task_runner.py:72} INFO - Started process 142 to run task
[2024-12-02T10:52:21.137+0000] {standard_task_runner.py:104} INFO - Running: ['***', 'tasks', 'run', 'get_inaturalist_data_atropelamento', 'save_data', 'scheduled__2024-12-02T10:00:00+00:00', '--job-id', '1937', '--raw', '--subdir', 'DAGS_FOLDER/inaturalist_dag.py', '--cfg-path', '/tmp/tmppj95ev47']
[2024-12-02T10:52:21.142+0000] {standard_task_runner.py:105} INFO - Job 1937: Subtask save_data
[2024-12-02T10:52:21.348+0000] {task_command.py:467} INFO - Running <TaskInstance: get_inaturalist_data_atropelamento.save_data scheduled__2024-12-02T10:00:00+00:00 [running]> on host 64b3b6a2b10b
[2024-12-02T10:52:22.057+0000] {taskinstance.py:3131} INFO - Exporting env vars: AIRFLOW_CTX_DAG_OWNER='***' AIRFLOW_CTX_DAG_ID='get_inaturalist_data_atropelamento' AIRFLOW_CTX_TASK_ID='save_data' AIRFLOW_CTX_EXECUTION_DATE='2024-12-02T10:00:00+00:00' AIRFLOW_CTX_TRY_NUMBER='1' AIRFLOW_CTX_DAG_RUN_ID='scheduled__2024-12-02T10:00:00+00:00'
[2024-12-02T10:52:22.067+0000] {logging_mixin.py:190} INFO - Task instance is in running state
[2024-12-02T10:52:22.068+0000] {logging_mixin.py:190} INFO -  Previous state of the Task instance: queued
[2024-12-02T10:52:22.068+0000] {logging_mixin.py:190} INFO - Current task name:save_data state:running start_date:2024-12-02 10:52:20.923103+00:00
[2024-12-02T10:52:22.068+0000] {logging_mixin.py:190} INFO - Dag name:get_inaturalist_data_atropelamento and current dag run status:running
[2024-12-02T10:52:22.069+0000] {taskinstance.py:731} INFO - ::endgroup::
[2024-12-02T10:52:22.072+0000] {inaturalist_dag.py:197} INFO - No new observations to store.
[2024-12-02T10:52:22.073+0000] {python.py:240} INFO - Done. Returned value was: None
[2024-12-02T10:52:22.104+0000] {taskinstance.py:340} INFO - ::group::Post task execution logs
[2024-12-02T10:52:22.105+0000] {taskinstance.py:352} INFO - Marking task as SUCCESS. dag_id=get_inaturalist_data_atropelamento, task_id=save_data, run_id=scheduled__2024-12-02T10:00:00+00:00, execution_date=20241202T100000, start_date=20241202T105220, end_date=20241202T105222
[2024-12-02T10:52:22.128+0000] {logging_mixin.py:190} INFO - Task instance in success state
[2024-12-02T10:52:22.129+0000] {logging_mixin.py:190} INFO -  Previous state of the Task instance: running
[2024-12-02T10:52:22.130+0000] {logging_mixin.py:190} INFO - Dag name:get_inaturalist_data_atropelamento queued_at:2024-12-02 10:51:58.891710+00:00
[2024-12-02T10:52:22.130+0000] {logging_mixin.py:190} INFO - Task hostname:64b3b6a2b10b operator:_PythonDecoratedOperator
[2024-12-02T10:52:22.190+0000] {local_task_job_runner.py:266} INFO - Task exited with return code 0
[2024-12-02T10:52:22.249+0000] {taskinstance.py:3900} INFO - 0 downstream tasks scheduled from follow-on schedule check
[2024-12-02T10:52:22.262+0000] {local_task_job_runner.py:245} INFO - ::endgroup::
