[2024-11-28T10:30:11.507+0000] {local_task_job_runner.py:123} INFO - ::group::Pre task execution logs
[2024-11-28T10:30:11.528+0000] {taskinstance.py:2612} INFO - Dependencies all met for dep_context=non-requeueable deps ti=<TaskInstance: get_inaturalist_data_atropelamento.save_data scheduled__2024-11-28T10:00:00+00:00 [queued]>
[2024-11-28T10:30:11.538+0000] {taskinstance.py:2612} INFO - Dependencies all met for dep_context=requeueable deps ti=<TaskInstance: get_inaturalist_data_atropelamento.save_data scheduled__2024-11-28T10:00:00+00:00 [queued]>
[2024-11-28T10:30:11.538+0000] {taskinstance.py:2865} INFO - Starting attempt 1 of 4
[2024-11-28T10:30:11.552+0000] {taskinstance.py:2888} INFO - Executing <Task(_PythonDecoratedOperator): save_data> on 2024-11-28 10:00:00+00:00
[2024-11-28T10:30:11.562+0000] {warnings.py:112} WARNING - /home/***/.local/lib/python3.12/site-packages/***/task/task_runner/standard_task_runner.py:70: DeprecationWarning: This process (pid=1225) is multi-threaded, use of fork() may lead to deadlocks in the child.
  pid = os.fork()

[2024-11-28T10:30:11.563+0000] {standard_task_runner.py:72} INFO - Started process 1252 to run task
[2024-11-28T10:30:11.564+0000] {standard_task_runner.py:104} INFO - Running: ['***', 'tasks', 'run', 'get_inaturalist_data_atropelamento', 'save_data', 'scheduled__2024-11-28T10:00:00+00:00', '--job-id', '1836', '--raw', '--subdir', 'DAGS_FOLDER/inaturalist_dag.py', '--cfg-path', '/tmp/tmpxtx0ak7j']
[2024-11-28T10:30:11.565+0000] {standard_task_runner.py:105} INFO - Job 1836: Subtask save_data
[2024-11-28T10:30:11.621+0000] {task_command.py:467} INFO - Running <TaskInstance: get_inaturalist_data_atropelamento.save_data scheduled__2024-11-28T10:00:00+00:00 [running]> on host 3de0f1e46a39
[2024-11-28T10:30:11.762+0000] {taskinstance.py:3131} INFO - Exporting env vars: AIRFLOW_CTX_DAG_OWNER='***' AIRFLOW_CTX_DAG_ID='get_inaturalist_data_atropelamento' AIRFLOW_CTX_TASK_ID='save_data' AIRFLOW_CTX_EXECUTION_DATE='2024-11-28T10:00:00+00:00' AIRFLOW_CTX_TRY_NUMBER='1' AIRFLOW_CTX_DAG_RUN_ID='scheduled__2024-11-28T10:00:00+00:00'
[2024-11-28T10:30:11.763+0000] {logging_mixin.py:190} INFO - Task instance is in running state
[2024-11-28T10:30:11.764+0000] {logging_mixin.py:190} INFO -  Previous state of the Task instance: queued
[2024-11-28T10:30:11.764+0000] {logging_mixin.py:190} INFO - Current task name:save_data state:running start_date:2024-11-28 10:30:11.528545+00:00
[2024-11-28T10:30:11.765+0000] {logging_mixin.py:190} INFO - Dag name:get_inaturalist_data_atropelamento and current dag run status:running
[2024-11-28T10:30:11.765+0000] {taskinstance.py:731} INFO - ::endgroup::
[2024-11-28T10:30:11.766+0000] {inaturalist_dag.py:197} INFO - No new observations to store.
[2024-11-28T10:30:11.767+0000] {python.py:240} INFO - Done. Returned value was: None
[2024-11-28T10:30:11.779+0000] {taskinstance.py:340} INFO - ::group::Post task execution logs
[2024-11-28T10:30:11.780+0000] {taskinstance.py:352} INFO - Marking task as SUCCESS. dag_id=get_inaturalist_data_atropelamento, task_id=save_data, run_id=scheduled__2024-11-28T10:00:00+00:00, execution_date=20241128T100000, start_date=20241128T103011, end_date=20241128T103011
[2024-11-28T10:30:11.791+0000] {logging_mixin.py:190} INFO - Task instance in success state
[2024-11-28T10:30:11.792+0000] {logging_mixin.py:190} INFO -  Previous state of the Task instance: running
[2024-11-28T10:30:11.792+0000] {logging_mixin.py:190} INFO - Dag name:get_inaturalist_data_atropelamento queued_at:2024-11-28 10:30:00.631781+00:00
[2024-11-28T10:30:11.792+0000] {logging_mixin.py:190} INFO - Task hostname:3de0f1e46a39 operator:_PythonDecoratedOperator
[2024-11-28T10:30:11.825+0000] {local_task_job_runner.py:266} INFO - Task exited with return code 0
[2024-11-28T10:30:11.844+0000] {taskinstance.py:3900} INFO - 0 downstream tasks scheduled from follow-on schedule check
[2024-11-28T10:30:11.846+0000] {local_task_job_runner.py:245} INFO - ::endgroup::
