[2024-11-25T10:42:41.307+0000] {local_task_job_runner.py:123} INFO - ::group::Pre task execution logs
[2024-11-25T10:42:41.352+0000] {taskinstance.py:2612} INFO - Dependencies all met for dep_context=non-requeueable deps ti=<TaskInstance: get_inaturalist_data_atropelamento.process_data manual__2024-11-25T10:42:38.381444+00:00 [queued]>
[2024-11-25T10:42:41.372+0000] {taskinstance.py:2612} INFO - Dependencies all met for dep_context=requeueable deps ti=<TaskInstance: get_inaturalist_data_atropelamento.process_data manual__2024-11-25T10:42:38.381444+00:00 [queued]>
[2024-11-25T10:42:41.373+0000] {taskinstance.py:2865} INFO - Starting attempt 1 of 4
[2024-11-25T10:42:41.415+0000] {taskinstance.py:2888} INFO - Executing <Task(_PythonDecoratedOperator): process_data> on 2024-11-25 10:42:38.381444+00:00
[2024-11-25T10:42:41.440+0000] {warnings.py:112} WARNING - /home/***/.local/lib/python3.12/site-packages/***/task/task_runner/standard_task_runner.py:70: DeprecationWarning: This process (pid=827) is multi-threaded, use of fork() may lead to deadlocks in the child.
  pid = os.fork()

[2024-11-25T10:42:41.444+0000] {standard_task_runner.py:72} INFO - Started process 835 to run task
[2024-11-25T10:42:41.446+0000] {standard_task_runner.py:104} INFO - Running: ['***', 'tasks', 'run', 'get_inaturalist_data_atropelamento', 'process_data', 'manual__2024-11-25T10:42:38.381444+00:00', '--job-id', '1313', '--raw', '--subdir', 'DAGS_FOLDER/inaturalist_dag.py', '--cfg-path', '/tmp/tmp_7mnxz2p']
[2024-11-25T10:42:41.448+0000] {standard_task_runner.py:105} INFO - Job 1313: Subtask process_data
[2024-11-25T10:42:41.551+0000] {task_command.py:467} INFO - Running <TaskInstance: get_inaturalist_data_atropelamento.process_data manual__2024-11-25T10:42:38.381444+00:00 [running]> on host bedd18328759
[2024-11-25T10:42:41.723+0000] {taskinstance.py:3131} INFO - Exporting env vars: AIRFLOW_CTX_DAG_OWNER='***' AIRFLOW_CTX_DAG_ID='get_inaturalist_data_atropelamento' AIRFLOW_CTX_TASK_ID='process_data' AIRFLOW_CTX_EXECUTION_DATE='2024-11-25T10:42:38.381444+00:00' AIRFLOW_CTX_TRY_NUMBER='1' AIRFLOW_CTX_DAG_RUN_ID='manual__2024-11-25T10:42:38.381444+00:00'
[2024-11-25T10:42:41.725+0000] {logging_mixin.py:190} INFO - Task instance is in running state
[2024-11-25T10:42:41.725+0000] {logging_mixin.py:190} INFO -  Previous state of the Task instance: queued
[2024-11-25T10:42:41.726+0000] {logging_mixin.py:190} INFO - Current task name:process_data state:running start_date:2024-11-25 10:42:41.352761+00:00
[2024-11-25T10:42:41.727+0000] {logging_mixin.py:190} INFO - Dag name:get_inaturalist_data_atropelamento and current dag run status:running
[2024-11-25T10:42:41.727+0000] {taskinstance.py:731} INFO - ::endgroup::
[2024-11-25T10:42:41.728+0000] {python.py:240} INFO - Done. Returned value was: {'path': 'inaturalist_data/atropelamento_data/2024/11/25/atropelamento_observations_104241.json', 'format': 'application/json'}
[2024-11-25T10:42:41.799+0000] {taskinstance.py:340} INFO - ::group::Post task execution logs
[2024-11-25T10:42:41.800+0000] {taskinstance.py:352} INFO - Marking task as SUCCESS. dag_id=get_inaturalist_data_atropelamento, task_id=process_data, run_id=manual__2024-11-25T10:42:38.381444+00:00, execution_date=20241125T104238, start_date=20241125T104241, end_date=20241125T104241
[2024-11-25T10:42:41.814+0000] {logging_mixin.py:190} INFO - Task instance in success state
[2024-11-25T10:42:41.815+0000] {logging_mixin.py:190} INFO -  Previous state of the Task instance: running
[2024-11-25T10:42:41.815+0000] {logging_mixin.py:190} INFO - Dag name:get_inaturalist_data_atropelamento queued_at:2024-11-25 10:42:38.400446+00:00
[2024-11-25T10:42:41.816+0000] {logging_mixin.py:190} INFO - Task hostname:bedd18328759 operator:_PythonDecoratedOperator
[2024-11-25T10:42:41.865+0000] {local_task_job_runner.py:266} INFO - Task exited with return code 0
[2024-11-25T10:42:41.906+0000] {taskinstance.py:3900} INFO - 1 downstream tasks scheduled from follow-on schedule check
[2024-11-25T10:42:41.912+0000] {local_task_job_runner.py:245} INFO - ::endgroup::
