[2024-12-03T15:28:01.676+0000] {local_task_job_runner.py:123} INFO - ::group::Pre task execution logs
[2024-12-03T15:28:01.692+0000] {taskinstance.py:2612} INFO - Dependencies all met for dep_context=non-requeueable deps ti=<TaskInstance: get_inaturalist_data_roadkill.process_data manual__2024-12-03T15:27:35.774850+00:00 [queued]>
[2024-12-03T15:28:01.700+0000] {taskinstance.py:2612} INFO - Dependencies all met for dep_context=requeueable deps ti=<TaskInstance: get_inaturalist_data_roadkill.process_data manual__2024-12-03T15:27:35.774850+00:00 [queued]>
[2024-12-03T15:28:01.700+0000] {taskinstance.py:2865} INFO - Starting attempt 1 of 4
[2024-12-03T15:28:01.712+0000] {taskinstance.py:2888} INFO - Executing <Task(_PythonDecoratedOperator): process_data> on 2024-12-03 15:27:35.774850+00:00
[2024-12-03T15:28:01.722+0000] {warnings.py:112} WARNING - /home/***/.local/lib/python3.12/site-packages/***/task/task_runner/standard_task_runner.py:70: DeprecationWarning: This process (pid=144) is multi-threaded, use of fork() may lead to deadlocks in the child.
  pid = os.fork()

[2024-12-03T15:28:01.723+0000] {standard_task_runner.py:72} INFO - Started process 147 to run task
[2024-12-03T15:28:01.724+0000] {standard_task_runner.py:104} INFO - Running: ['***', 'tasks', 'run', 'get_inaturalist_data_roadkill', 'process_data', 'manual__2024-12-03T15:27:35.774850+00:00', '--job-id', '2190', '--raw', '--subdir', 'DAGS_FOLDER/inaturalist_dag.py', '--cfg-path', '/tmp/tmps2v8rlqq']
[2024-12-03T15:28:01.725+0000] {standard_task_runner.py:105} INFO - Job 2190: Subtask process_data
[2024-12-03T15:28:01.763+0000] {task_command.py:467} INFO - Running <TaskInstance: get_inaturalist_data_roadkill.process_data manual__2024-12-03T15:27:35.774850+00:00 [running]> on host 559daffc287d
[2024-12-03T15:28:01.869+0000] {taskinstance.py:3131} INFO - Exporting env vars: AIRFLOW_CTX_DAG_OWNER='***' AIRFLOW_CTX_DAG_ID='get_inaturalist_data_roadkill' AIRFLOW_CTX_TASK_ID='process_data' AIRFLOW_CTX_EXECUTION_DATE='2024-12-03T15:27:35.774850+00:00' AIRFLOW_CTX_TRY_NUMBER='1' AIRFLOW_CTX_DAG_RUN_ID='manual__2024-12-03T15:27:35.774850+00:00'
[2024-12-03T15:28:01.871+0000] {logging_mixin.py:190} INFO - Task instance is in running state
[2024-12-03T15:28:01.871+0000] {logging_mixin.py:190} INFO -  Previous state of the Task instance: queued
[2024-12-03T15:28:01.872+0000] {logging_mixin.py:190} INFO - Current task name:process_data state:running start_date:2024-12-03 15:28:01.692652+00:00
[2024-12-03T15:28:01.872+0000] {logging_mixin.py:190} INFO - Dag name:get_inaturalist_data_roadkill and current dag run status:running
[2024-12-03T15:28:01.872+0000] {taskinstance.py:731} INFO - ::endgroup::
[2024-12-03T15:28:01.873+0000] {python.py:240} INFO - Done. Returned value was: {'path': 'inaturalist_data/roadkill_data/2024/12/03/roadkill_observations_152801.csv', 'format': 'text/csv'}
[2024-12-03T15:28:01.909+0000] {taskinstance.py:340} INFO - ::group::Post task execution logs
[2024-12-03T15:28:01.910+0000] {taskinstance.py:352} INFO - Marking task as SUCCESS. dag_id=get_inaturalist_data_roadkill, task_id=process_data, run_id=manual__2024-12-03T15:27:35.774850+00:00, execution_date=20241203T152735, start_date=20241203T152801, end_date=20241203T152801
[2024-12-03T15:28:01.923+0000] {logging_mixin.py:190} INFO - Task instance in success state
[2024-12-03T15:28:01.923+0000] {logging_mixin.py:190} INFO -  Previous state of the Task instance: running
[2024-12-03T15:28:01.923+0000] {logging_mixin.py:190} INFO - Dag name:get_inaturalist_data_roadkill queued_at:2024-12-03 15:27:35.792312+00:00
[2024-12-03T15:28:01.923+0000] {logging_mixin.py:190} INFO - Task hostname:559daffc287d operator:_PythonDecoratedOperator
[2024-12-03T15:28:01.937+0000] {local_task_job_runner.py:266} INFO - Task exited with return code 0
[2024-12-03T15:28:01.955+0000] {taskinstance.py:3900} INFO - 0 downstream tasks scheduled from follow-on schedule check
[2024-12-03T15:28:01.957+0000] {local_task_job_runner.py:245} INFO - ::endgroup::
