[2024-11-19T10:20:35.860+0000] {processor.py:186} INFO - Started process (PID=90) to work on /home/airflow/.local/lib/python3.12/site-packages/airflow/example_dags/example_skip_dag.py
[2024-11-19T10:20:35.861+0000] {processor.py:914} INFO - Processing file /home/airflow/.local/lib/python3.12/site-packages/airflow/example_dags/example_skip_dag.py for tasks to queue
[2024-11-19T10:20:35.864+0000] {logging_mixin.py:190} INFO - [2024-11-19T10:20:35.863+0000] {dagbag.py:588} INFO - Filling up the DagBag from /home/airflow/.local/lib/python3.12/site-packages/airflow/example_dags/example_skip_dag.py
[2024-11-19T10:20:35.877+0000] {processor.py:925} INFO - DAG(s) 'example_skip_dag' retrieved from /home/airflow/.local/lib/python3.12/site-packages/airflow/example_dags/example_skip_dag.py
[2024-11-19T10:20:35.943+0000] {logging_mixin.py:190} INFO - [2024-11-19T10:20:35.943+0000] {dag.py:3239} INFO - Sync 1 DAGs
[2024-11-19T10:20:36.028+0000] {logging_mixin.py:190} INFO - [2024-11-19T10:20:36.028+0000] {dag.py:4180} INFO - Setting next_dagrun for example_skip_dag to 2024-11-18 00:00:00+00:00, run_after=2024-11-19 00:00:00+00:00
[2024-11-19T10:20:36.069+0000] {processor.py:208} INFO - Processing /home/airflow/.local/lib/python3.12/site-packages/airflow/example_dags/example_skip_dag.py took 0.220 seconds
[2024-11-19T10:21:06.955+0000] {processor.py:186} INFO - Started process (PID=171) to work on /home/airflow/.local/lib/python3.12/site-packages/airflow/example_dags/example_skip_dag.py
[2024-11-19T10:21:06.957+0000] {processor.py:914} INFO - Processing file /home/airflow/.local/lib/python3.12/site-packages/airflow/example_dags/example_skip_dag.py for tasks to queue
[2024-11-19T10:21:06.959+0000] {logging_mixin.py:190} INFO - [2024-11-19T10:21:06.958+0000] {dagbag.py:588} INFO - Filling up the DagBag from /home/airflow/.local/lib/python3.12/site-packages/airflow/example_dags/example_skip_dag.py
[2024-11-19T10:21:06.965+0000] {processor.py:925} INFO - DAG(s) 'example_skip_dag' retrieved from /home/airflow/.local/lib/python3.12/site-packages/airflow/example_dags/example_skip_dag.py
[2024-11-19T10:21:06.983+0000] {logging_mixin.py:190} INFO - [2024-11-19T10:21:06.983+0000] {dag.py:3239} INFO - Sync 1 DAGs
[2024-11-19T10:21:07.008+0000] {logging_mixin.py:190} INFO - [2024-11-19T10:21:07.007+0000] {dag.py:4180} INFO - Setting next_dagrun for example_skip_dag to 2024-11-18 00:00:00+00:00, run_after=2024-11-19 00:00:00+00:00
[2024-11-19T10:21:07.032+0000] {processor.py:208} INFO - Processing /home/airflow/.local/lib/python3.12/site-packages/airflow/example_dags/example_skip_dag.py took 0.081 seconds
[2024-11-19T10:21:37.766+0000] {processor.py:186} INFO - Started process (PID=237) to work on /home/airflow/.local/lib/python3.12/site-packages/airflow/example_dags/example_skip_dag.py
[2024-11-19T10:21:37.771+0000] {processor.py:914} INFO - Processing file /home/airflow/.local/lib/python3.12/site-packages/airflow/example_dags/example_skip_dag.py for tasks to queue
[2024-11-19T10:21:37.775+0000] {logging_mixin.py:190} INFO - [2024-11-19T10:21:37.774+0000] {dagbag.py:588} INFO - Filling up the DagBag from /home/airflow/.local/lib/python3.12/site-packages/airflow/example_dags/example_skip_dag.py
[2024-11-19T10:21:37.788+0000] {processor.py:925} INFO - DAG(s) 'example_skip_dag' retrieved from /home/airflow/.local/lib/python3.12/site-packages/airflow/example_dags/example_skip_dag.py
[2024-11-19T10:21:37.824+0000] {logging_mixin.py:190} INFO - [2024-11-19T10:21:37.824+0000] {dag.py:3239} INFO - Sync 1 DAGs
[2024-11-19T10:21:37.871+0000] {logging_mixin.py:190} INFO - [2024-11-19T10:21:37.871+0000] {dag.py:4180} INFO - Setting next_dagrun for example_skip_dag to 2024-11-18 00:00:00+00:00, run_after=2024-11-19 00:00:00+00:00
[2024-11-19T10:21:37.891+0000] {processor.py:208} INFO - Processing /home/airflow/.local/lib/python3.12/site-packages/airflow/example_dags/example_skip_dag.py took 0.133 seconds
[2024-11-19T10:22:08.518+0000] {processor.py:186} INFO - Started process (PID=303) to work on /home/airflow/.local/lib/python3.12/site-packages/airflow/example_dags/example_skip_dag.py
[2024-11-19T10:22:08.519+0000] {processor.py:914} INFO - Processing file /home/airflow/.local/lib/python3.12/site-packages/airflow/example_dags/example_skip_dag.py for tasks to queue
[2024-11-19T10:22:08.522+0000] {logging_mixin.py:190} INFO - [2024-11-19T10:22:08.521+0000] {dagbag.py:588} INFO - Filling up the DagBag from /home/airflow/.local/lib/python3.12/site-packages/airflow/example_dags/example_skip_dag.py
[2024-11-19T10:22:08.532+0000] {processor.py:925} INFO - DAG(s) 'example_skip_dag' retrieved from /home/airflow/.local/lib/python3.12/site-packages/airflow/example_dags/example_skip_dag.py
[2024-11-19T10:22:08.561+0000] {logging_mixin.py:190} INFO - [2024-11-19T10:22:08.560+0000] {dag.py:3239} INFO - Sync 1 DAGs
[2024-11-19T10:22:08.595+0000] {logging_mixin.py:190} INFO - [2024-11-19T10:22:08.594+0000] {dag.py:4180} INFO - Setting next_dagrun for example_skip_dag to 2024-11-18 00:00:00+00:00, run_after=2024-11-19 00:00:00+00:00
[2024-11-19T10:22:08.621+0000] {processor.py:208} INFO - Processing /home/airflow/.local/lib/python3.12/site-packages/airflow/example_dags/example_skip_dag.py took 0.110 seconds
[2024-11-19T10:22:39.042+0000] {processor.py:186} INFO - Started process (PID=368) to work on /home/airflow/.local/lib/python3.12/site-packages/airflow/example_dags/example_skip_dag.py
[2024-11-19T10:22:39.044+0000] {processor.py:914} INFO - Processing file /home/airflow/.local/lib/python3.12/site-packages/airflow/example_dags/example_skip_dag.py for tasks to queue
[2024-11-19T10:22:39.045+0000] {logging_mixin.py:190} INFO - [2024-11-19T10:22:39.045+0000] {dagbag.py:588} INFO - Filling up the DagBag from /home/airflow/.local/lib/python3.12/site-packages/airflow/example_dags/example_skip_dag.py
[2024-11-19T10:22:39.052+0000] {processor.py:925} INFO - DAG(s) 'example_skip_dag' retrieved from /home/airflow/.local/lib/python3.12/site-packages/airflow/example_dags/example_skip_dag.py
[2024-11-19T10:22:39.071+0000] {logging_mixin.py:190} INFO - [2024-11-19T10:22:39.070+0000] {dag.py:3239} INFO - Sync 1 DAGs
[2024-11-19T10:22:39.091+0000] {logging_mixin.py:190} INFO - [2024-11-19T10:22:39.090+0000] {dag.py:4180} INFO - Setting next_dagrun for example_skip_dag to 2024-11-18 00:00:00+00:00, run_after=2024-11-19 00:00:00+00:00
[2024-11-19T10:22:39.105+0000] {processor.py:208} INFO - Processing /home/airflow/.local/lib/python3.12/site-packages/airflow/example_dags/example_skip_dag.py took 0.068 seconds
[2024-11-19T10:23:09.470+0000] {processor.py:186} INFO - Started process (PID=434) to work on /home/airflow/.local/lib/python3.12/site-packages/airflow/example_dags/example_skip_dag.py
[2024-11-19T10:23:09.471+0000] {processor.py:914} INFO - Processing file /home/airflow/.local/lib/python3.12/site-packages/airflow/example_dags/example_skip_dag.py for tasks to queue
[2024-11-19T10:23:09.472+0000] {logging_mixin.py:190} INFO - [2024-11-19T10:23:09.472+0000] {dagbag.py:588} INFO - Filling up the DagBag from /home/airflow/.local/lib/python3.12/site-packages/airflow/example_dags/example_skip_dag.py
[2024-11-19T10:23:09.479+0000] {processor.py:925} INFO - DAG(s) 'example_skip_dag' retrieved from /home/airflow/.local/lib/python3.12/site-packages/airflow/example_dags/example_skip_dag.py
[2024-11-19T10:23:09.509+0000] {logging_mixin.py:190} INFO - [2024-11-19T10:23:09.509+0000] {dag.py:3239} INFO - Sync 1 DAGs
[2024-11-19T10:23:09.536+0000] {logging_mixin.py:190} INFO - [2024-11-19T10:23:09.535+0000] {dag.py:4180} INFO - Setting next_dagrun for example_skip_dag to 2024-11-18 00:00:00+00:00, run_after=2024-11-19 00:00:00+00:00
[2024-11-19T10:23:09.554+0000] {processor.py:208} INFO - Processing /home/airflow/.local/lib/python3.12/site-packages/airflow/example_dags/example_skip_dag.py took 0.089 seconds
[2024-11-19T10:23:40.155+0000] {processor.py:186} INFO - Started process (PID=500) to work on /home/airflow/.local/lib/python3.12/site-packages/airflow/example_dags/example_skip_dag.py
[2024-11-19T10:23:40.156+0000] {processor.py:914} INFO - Processing file /home/airflow/.local/lib/python3.12/site-packages/airflow/example_dags/example_skip_dag.py for tasks to queue
[2024-11-19T10:23:40.157+0000] {logging_mixin.py:190} INFO - [2024-11-19T10:23:40.157+0000] {dagbag.py:588} INFO - Filling up the DagBag from /home/airflow/.local/lib/python3.12/site-packages/airflow/example_dags/example_skip_dag.py
[2024-11-19T10:23:40.164+0000] {processor.py:925} INFO - DAG(s) 'example_skip_dag' retrieved from /home/airflow/.local/lib/python3.12/site-packages/airflow/example_dags/example_skip_dag.py
[2024-11-19T10:23:40.180+0000] {logging_mixin.py:190} INFO - [2024-11-19T10:23:40.180+0000] {dag.py:3239} INFO - Sync 1 DAGs
[2024-11-19T10:23:40.200+0000] {logging_mixin.py:190} INFO - [2024-11-19T10:23:40.200+0000] {dag.py:4180} INFO - Setting next_dagrun for example_skip_dag to 2024-11-18 00:00:00+00:00, run_after=2024-11-19 00:00:00+00:00
[2024-11-19T10:23:40.215+0000] {processor.py:208} INFO - Processing /home/airflow/.local/lib/python3.12/site-packages/airflow/example_dags/example_skip_dag.py took 0.066 seconds
[2024-11-19T10:24:10.752+0000] {processor.py:186} INFO - Started process (PID=566) to work on /home/airflow/.local/lib/python3.12/site-packages/airflow/example_dags/example_skip_dag.py
[2024-11-19T10:24:10.752+0000] {processor.py:914} INFO - Processing file /home/airflow/.local/lib/python3.12/site-packages/airflow/example_dags/example_skip_dag.py for tasks to queue
[2024-11-19T10:24:10.754+0000] {logging_mixin.py:190} INFO - [2024-11-19T10:24:10.754+0000] {dagbag.py:588} INFO - Filling up the DagBag from /home/airflow/.local/lib/python3.12/site-packages/airflow/example_dags/example_skip_dag.py
[2024-11-19T10:24:10.760+0000] {processor.py:925} INFO - DAG(s) 'example_skip_dag' retrieved from /home/airflow/.local/lib/python3.12/site-packages/airflow/example_dags/example_skip_dag.py
[2024-11-19T10:24:10.778+0000] {logging_mixin.py:190} INFO - [2024-11-19T10:24:10.778+0000] {dag.py:3239} INFO - Sync 1 DAGs
[2024-11-19T10:24:10.798+0000] {logging_mixin.py:190} INFO - [2024-11-19T10:24:10.798+0000] {dag.py:4180} INFO - Setting next_dagrun for example_skip_dag to 2024-11-18 00:00:00+00:00, run_after=2024-11-19 00:00:00+00:00
[2024-11-19T10:24:10.815+0000] {processor.py:208} INFO - Processing /home/airflow/.local/lib/python3.12/site-packages/airflow/example_dags/example_skip_dag.py took 0.068 seconds
[2024-11-19T10:52:53.450+0000] {processor.py:186} INFO - Started process (PID=75) to work on /home/airflow/.local/lib/python3.12/site-packages/airflow/example_dags/example_skip_dag.py
[2024-11-19T10:52:53.455+0000] {processor.py:914} INFO - Processing file /home/airflow/.local/lib/python3.12/site-packages/airflow/example_dags/example_skip_dag.py for tasks to queue
[2024-11-19T10:52:53.458+0000] {logging_mixin.py:190} INFO - [2024-11-19T10:52:53.457+0000] {dagbag.py:588} INFO - Filling up the DagBag from /home/airflow/.local/lib/python3.12/site-packages/airflow/example_dags/example_skip_dag.py
[2024-11-19T10:52:53.472+0000] {processor.py:925} INFO - DAG(s) 'example_skip_dag' retrieved from /home/airflow/.local/lib/python3.12/site-packages/airflow/example_dags/example_skip_dag.py
[2024-11-19T10:52:53.537+0000] {logging_mixin.py:190} INFO - [2024-11-19T10:52:53.537+0000] {dag.py:3239} INFO - Sync 1 DAGs
[2024-11-19T10:52:53.703+0000] {logging_mixin.py:190} INFO - [2024-11-19T10:52:53.702+0000] {dag.py:4180} INFO - Setting next_dagrun for example_skip_dag to 2024-11-18 00:00:00+00:00, run_after=2024-11-19 00:00:00+00:00
[2024-11-19T10:52:53.794+0000] {processor.py:208} INFO - Processing /home/airflow/.local/lib/python3.12/site-packages/airflow/example_dags/example_skip_dag.py took 0.354 seconds
[2024-11-19T10:53:24.751+0000] {processor.py:186} INFO - Started process (PID=147) to work on /home/airflow/.local/lib/python3.12/site-packages/airflow/example_dags/example_skip_dag.py
[2024-11-19T10:53:24.752+0000] {processor.py:914} INFO - Processing file /home/airflow/.local/lib/python3.12/site-packages/airflow/example_dags/example_skip_dag.py for tasks to queue
[2024-11-19T10:53:24.754+0000] {logging_mixin.py:190} INFO - [2024-11-19T10:53:24.753+0000] {dagbag.py:588} INFO - Filling up the DagBag from /home/airflow/.local/lib/python3.12/site-packages/airflow/example_dags/example_skip_dag.py
[2024-11-19T10:53:24.765+0000] {processor.py:925} INFO - DAG(s) 'example_skip_dag' retrieved from /home/airflow/.local/lib/python3.12/site-packages/airflow/example_dags/example_skip_dag.py
[2024-11-19T10:53:24.802+0000] {logging_mixin.py:190} INFO - [2024-11-19T10:53:24.801+0000] {dag.py:3239} INFO - Sync 1 DAGs
[2024-11-19T10:53:24.832+0000] {logging_mixin.py:190} INFO - [2024-11-19T10:53:24.832+0000] {dag.py:4180} INFO - Setting next_dagrun for example_skip_dag to 2024-11-18 00:00:00+00:00, run_after=2024-11-19 00:00:00+00:00
[2024-11-19T10:53:24.858+0000] {processor.py:208} INFO - Processing /home/airflow/.local/lib/python3.12/site-packages/airflow/example_dags/example_skip_dag.py took 0.114 seconds
[2024-11-19T10:53:55.061+0000] {processor.py:186} INFO - Started process (PID=213) to work on /home/airflow/.local/lib/python3.12/site-packages/airflow/example_dags/example_skip_dag.py
[2024-11-19T10:53:55.062+0000] {processor.py:914} INFO - Processing file /home/airflow/.local/lib/python3.12/site-packages/airflow/example_dags/example_skip_dag.py for tasks to queue
[2024-11-19T10:53:55.064+0000] {logging_mixin.py:190} INFO - [2024-11-19T10:53:55.063+0000] {dagbag.py:588} INFO - Filling up the DagBag from /home/airflow/.local/lib/python3.12/site-packages/airflow/example_dags/example_skip_dag.py
[2024-11-19T10:53:55.070+0000] {processor.py:925} INFO - DAG(s) 'example_skip_dag' retrieved from /home/airflow/.local/lib/python3.12/site-packages/airflow/example_dags/example_skip_dag.py
[2024-11-19T10:53:55.088+0000] {logging_mixin.py:190} INFO - [2024-11-19T10:53:55.087+0000] {dag.py:3239} INFO - Sync 1 DAGs
[2024-11-19T10:53:55.109+0000] {logging_mixin.py:190} INFO - [2024-11-19T10:53:55.108+0000] {dag.py:4180} INFO - Setting next_dagrun for example_skip_dag to 2024-11-18 00:00:00+00:00, run_after=2024-11-19 00:00:00+00:00
[2024-11-19T10:53:55.124+0000] {processor.py:208} INFO - Processing /home/airflow/.local/lib/python3.12/site-packages/airflow/example_dags/example_skip_dag.py took 0.067 seconds
[2024-11-19T10:54:25.333+0000] {processor.py:186} INFO - Started process (PID=287) to work on /home/airflow/.local/lib/python3.12/site-packages/airflow/example_dags/example_skip_dag.py
[2024-11-19T10:54:25.335+0000] {processor.py:914} INFO - Processing file /home/airflow/.local/lib/python3.12/site-packages/airflow/example_dags/example_skip_dag.py for tasks to queue
[2024-11-19T10:54:25.338+0000] {logging_mixin.py:190} INFO - [2024-11-19T10:54:25.338+0000] {dagbag.py:588} INFO - Filling up the DagBag from /home/airflow/.local/lib/python3.12/site-packages/airflow/example_dags/example_skip_dag.py
[2024-11-19T10:54:25.346+0000] {processor.py:925} INFO - DAG(s) 'example_skip_dag' retrieved from /home/airflow/.local/lib/python3.12/site-packages/airflow/example_dags/example_skip_dag.py
[2024-11-19T10:54:25.372+0000] {logging_mixin.py:190} INFO - [2024-11-19T10:54:25.372+0000] {dag.py:3239} INFO - Sync 1 DAGs
[2024-11-19T10:54:25.397+0000] {logging_mixin.py:190} INFO - [2024-11-19T10:54:25.397+0000] {dag.py:4180} INFO - Setting next_dagrun for example_skip_dag to 2024-11-18 00:00:00+00:00, run_after=2024-11-19 00:00:00+00:00
[2024-11-19T10:54:25.420+0000] {processor.py:208} INFO - Processing /home/airflow/.local/lib/python3.12/site-packages/airflow/example_dags/example_skip_dag.py took 0.093 seconds
[2024-11-19T10:54:55.797+0000] {processor.py:186} INFO - Started process (PID=352) to work on /home/airflow/.local/lib/python3.12/site-packages/airflow/example_dags/example_skip_dag.py
[2024-11-19T10:54:55.800+0000] {processor.py:914} INFO - Processing file /home/airflow/.local/lib/python3.12/site-packages/airflow/example_dags/example_skip_dag.py for tasks to queue
[2024-11-19T10:54:55.804+0000] {logging_mixin.py:190} INFO - [2024-11-19T10:54:55.803+0000] {dagbag.py:588} INFO - Filling up the DagBag from /home/airflow/.local/lib/python3.12/site-packages/airflow/example_dags/example_skip_dag.py
[2024-11-19T10:54:55.820+0000] {processor.py:925} INFO - DAG(s) 'example_skip_dag' retrieved from /home/airflow/.local/lib/python3.12/site-packages/airflow/example_dags/example_skip_dag.py
[2024-11-19T10:54:55.865+0000] {logging_mixin.py:190} INFO - [2024-11-19T10:54:55.864+0000] {dag.py:3239} INFO - Sync 1 DAGs
[2024-11-19T10:54:55.911+0000] {logging_mixin.py:190} INFO - [2024-11-19T10:54:55.910+0000] {dag.py:4180} INFO - Setting next_dagrun for example_skip_dag to 2024-11-18 00:00:00+00:00, run_after=2024-11-19 00:00:00+00:00
[2024-11-19T10:54:55.942+0000] {processor.py:208} INFO - Processing /home/airflow/.local/lib/python3.12/site-packages/airflow/example_dags/example_skip_dag.py took 0.158 seconds
[2024-11-19T10:55:25.975+0000] {processor.py:186} INFO - Started process (PID=417) to work on /home/airflow/.local/lib/python3.12/site-packages/airflow/example_dags/example_skip_dag.py
[2024-11-19T10:55:25.976+0000] {processor.py:914} INFO - Processing file /home/airflow/.local/lib/python3.12/site-packages/airflow/example_dags/example_skip_dag.py for tasks to queue
[2024-11-19T10:55:25.977+0000] {logging_mixin.py:190} INFO - [2024-11-19T10:55:25.977+0000] {dagbag.py:588} INFO - Filling up the DagBag from /home/airflow/.local/lib/python3.12/site-packages/airflow/example_dags/example_skip_dag.py
[2024-11-19T10:55:25.987+0000] {processor.py:925} INFO - DAG(s) 'example_skip_dag' retrieved from /home/airflow/.local/lib/python3.12/site-packages/airflow/example_dags/example_skip_dag.py
[2024-11-19T10:55:26.017+0000] {logging_mixin.py:190} INFO - [2024-11-19T10:55:26.016+0000] {dag.py:3239} INFO - Sync 1 DAGs
[2024-11-19T10:55:26.048+0000] {logging_mixin.py:190} INFO - [2024-11-19T10:55:26.048+0000] {dag.py:4180} INFO - Setting next_dagrun for example_skip_dag to 2024-11-18 00:00:00+00:00, run_after=2024-11-19 00:00:00+00:00
[2024-11-19T10:55:26.068+0000] {processor.py:208} INFO - Processing /home/airflow/.local/lib/python3.12/site-packages/airflow/example_dags/example_skip_dag.py took 0.097 seconds
[2024-11-19T10:55:56.101+0000] {processor.py:186} INFO - Started process (PID=482) to work on /home/airflow/.local/lib/python3.12/site-packages/airflow/example_dags/example_skip_dag.py
[2024-11-19T10:55:56.104+0000] {processor.py:914} INFO - Processing file /home/airflow/.local/lib/python3.12/site-packages/airflow/example_dags/example_skip_dag.py for tasks to queue
[2024-11-19T10:55:56.108+0000] {logging_mixin.py:190} INFO - [2024-11-19T10:55:56.107+0000] {dagbag.py:588} INFO - Filling up the DagBag from /home/airflow/.local/lib/python3.12/site-packages/airflow/example_dags/example_skip_dag.py
[2024-11-19T10:55:56.115+0000] {processor.py:925} INFO - DAG(s) 'example_skip_dag' retrieved from /home/airflow/.local/lib/python3.12/site-packages/airflow/example_dags/example_skip_dag.py
[2024-11-19T10:55:56.141+0000] {logging_mixin.py:190} INFO - [2024-11-19T10:55:56.141+0000] {dag.py:3239} INFO - Sync 1 DAGs
[2024-11-19T10:55:56.166+0000] {logging_mixin.py:190} INFO - [2024-11-19T10:55:56.166+0000] {dag.py:4180} INFO - Setting next_dagrun for example_skip_dag to 2024-11-18 00:00:00+00:00, run_after=2024-11-19 00:00:00+00:00
[2024-11-19T10:55:56.190+0000] {processor.py:208} INFO - Processing /home/airflow/.local/lib/python3.12/site-packages/airflow/example_dags/example_skip_dag.py took 0.095 seconds
[2024-11-19T10:56:26.956+0000] {processor.py:186} INFO - Started process (PID=548) to work on /home/airflow/.local/lib/python3.12/site-packages/airflow/example_dags/example_skip_dag.py
[2024-11-19T10:56:26.957+0000] {processor.py:914} INFO - Processing file /home/airflow/.local/lib/python3.12/site-packages/airflow/example_dags/example_skip_dag.py for tasks to queue
[2024-11-19T10:56:26.959+0000] {logging_mixin.py:190} INFO - [2024-11-19T10:56:26.959+0000] {dagbag.py:588} INFO - Filling up the DagBag from /home/airflow/.local/lib/python3.12/site-packages/airflow/example_dags/example_skip_dag.py
[2024-11-19T10:56:26.968+0000] {processor.py:925} INFO - DAG(s) 'example_skip_dag' retrieved from /home/airflow/.local/lib/python3.12/site-packages/airflow/example_dags/example_skip_dag.py
[2024-11-19T10:56:26.991+0000] {logging_mixin.py:190} INFO - [2024-11-19T10:56:26.990+0000] {dag.py:3239} INFO - Sync 1 DAGs
[2024-11-19T10:56:27.015+0000] {logging_mixin.py:190} INFO - [2024-11-19T10:56:27.015+0000] {dag.py:4180} INFO - Setting next_dagrun for example_skip_dag to 2024-11-18 00:00:00+00:00, run_after=2024-11-19 00:00:00+00:00
[2024-11-19T10:56:27.033+0000] {processor.py:208} INFO - Processing /home/airflow/.local/lib/python3.12/site-packages/airflow/example_dags/example_skip_dag.py took 0.083 seconds
[2024-11-19T10:56:58.410+0000] {processor.py:186} INFO - Started process (PID=613) to work on /home/airflow/.local/lib/python3.12/site-packages/airflow/example_dags/example_skip_dag.py
[2024-11-19T10:56:58.411+0000] {processor.py:914} INFO - Processing file /home/airflow/.local/lib/python3.12/site-packages/airflow/example_dags/example_skip_dag.py for tasks to queue
[2024-11-19T10:56:58.415+0000] {logging_mixin.py:190} INFO - [2024-11-19T10:56:58.414+0000] {dagbag.py:588} INFO - Filling up the DagBag from /home/airflow/.local/lib/python3.12/site-packages/airflow/example_dags/example_skip_dag.py
[2024-11-19T10:56:58.430+0000] {processor.py:925} INFO - DAG(s) 'example_skip_dag' retrieved from /home/airflow/.local/lib/python3.12/site-packages/airflow/example_dags/example_skip_dag.py
[2024-11-19T10:56:58.462+0000] {logging_mixin.py:190} INFO - [2024-11-19T10:56:58.462+0000] {dag.py:3239} INFO - Sync 1 DAGs
[2024-11-19T10:56:58.497+0000] {logging_mixin.py:190} INFO - [2024-11-19T10:56:58.496+0000] {dag.py:4180} INFO - Setting next_dagrun for example_skip_dag to 2024-11-18 00:00:00+00:00, run_after=2024-11-19 00:00:00+00:00
[2024-11-19T10:56:58.523+0000] {processor.py:208} INFO - Processing /home/airflow/.local/lib/python3.12/site-packages/airflow/example_dags/example_skip_dag.py took 0.121 seconds
[2024-11-19T10:57:29.134+0000] {processor.py:186} INFO - Started process (PID=680) to work on /home/airflow/.local/lib/python3.12/site-packages/airflow/example_dags/example_skip_dag.py
[2024-11-19T10:57:29.135+0000] {processor.py:914} INFO - Processing file /home/airflow/.local/lib/python3.12/site-packages/airflow/example_dags/example_skip_dag.py for tasks to queue
[2024-11-19T10:57:29.136+0000] {logging_mixin.py:190} INFO - [2024-11-19T10:57:29.136+0000] {dagbag.py:588} INFO - Filling up the DagBag from /home/airflow/.local/lib/python3.12/site-packages/airflow/example_dags/example_skip_dag.py
[2024-11-19T10:57:29.142+0000] {processor.py:925} INFO - DAG(s) 'example_skip_dag' retrieved from /home/airflow/.local/lib/python3.12/site-packages/airflow/example_dags/example_skip_dag.py
[2024-11-19T10:57:29.159+0000] {logging_mixin.py:190} INFO - [2024-11-19T10:57:29.159+0000] {dag.py:3239} INFO - Sync 1 DAGs
[2024-11-19T10:57:29.179+0000] {logging_mixin.py:190} INFO - [2024-11-19T10:57:29.179+0000] {dag.py:4180} INFO - Setting next_dagrun for example_skip_dag to 2024-11-18 00:00:00+00:00, run_after=2024-11-19 00:00:00+00:00
[2024-11-19T10:57:29.194+0000] {processor.py:208} INFO - Processing /home/airflow/.local/lib/python3.12/site-packages/airflow/example_dags/example_skip_dag.py took 0.065 seconds
[2024-11-19T10:58:00.904+0000] {processor.py:186} INFO - Started process (PID=751) to work on /home/airflow/.local/lib/python3.12/site-packages/airflow/example_dags/example_skip_dag.py
[2024-11-19T10:58:00.905+0000] {processor.py:914} INFO - Processing file /home/airflow/.local/lib/python3.12/site-packages/airflow/example_dags/example_skip_dag.py for tasks to queue
[2024-11-19T10:58:00.907+0000] {logging_mixin.py:190} INFO - [2024-11-19T10:58:00.907+0000] {dagbag.py:588} INFO - Filling up the DagBag from /home/airflow/.local/lib/python3.12/site-packages/airflow/example_dags/example_skip_dag.py
[2024-11-19T10:58:00.920+0000] {processor.py:925} INFO - DAG(s) 'example_skip_dag' retrieved from /home/airflow/.local/lib/python3.12/site-packages/airflow/example_dags/example_skip_dag.py
[2024-11-19T10:58:00.962+0000] {logging_mixin.py:190} INFO - [2024-11-19T10:58:00.962+0000] {dag.py:3239} INFO - Sync 1 DAGs
[2024-11-19T10:58:01.014+0000] {logging_mixin.py:190} INFO - [2024-11-19T10:58:01.014+0000] {dag.py:4180} INFO - Setting next_dagrun for example_skip_dag to 2024-11-18 00:00:00+00:00, run_after=2024-11-19 00:00:00+00:00
[2024-11-19T10:58:01.046+0000] {processor.py:208} INFO - Processing /home/airflow/.local/lib/python3.12/site-packages/airflow/example_dags/example_skip_dag.py took 0.151 seconds
[2024-11-19T10:58:31.419+0000] {processor.py:186} INFO - Started process (PID=820) to work on /home/airflow/.local/lib/python3.12/site-packages/airflow/example_dags/example_skip_dag.py
[2024-11-19T10:58:31.420+0000] {processor.py:914} INFO - Processing file /home/airflow/.local/lib/python3.12/site-packages/airflow/example_dags/example_skip_dag.py for tasks to queue
[2024-11-19T10:58:31.423+0000] {logging_mixin.py:190} INFO - [2024-11-19T10:58:31.422+0000] {dagbag.py:588} INFO - Filling up the DagBag from /home/airflow/.local/lib/python3.12/site-packages/airflow/example_dags/example_skip_dag.py
[2024-11-19T10:58:31.431+0000] {processor.py:925} INFO - DAG(s) 'example_skip_dag' retrieved from /home/airflow/.local/lib/python3.12/site-packages/airflow/example_dags/example_skip_dag.py
[2024-11-19T10:58:31.465+0000] {logging_mixin.py:190} INFO - [2024-11-19T10:58:31.464+0000] {dag.py:3239} INFO - Sync 1 DAGs
[2024-11-19T10:58:31.509+0000] {logging_mixin.py:190} INFO - [2024-11-19T10:58:31.509+0000] {dag.py:4180} INFO - Setting next_dagrun for example_skip_dag to 2024-11-18 00:00:00+00:00, run_after=2024-11-19 00:00:00+00:00
[2024-11-19T10:58:31.535+0000] {processor.py:208} INFO - Processing /home/airflow/.local/lib/python3.12/site-packages/airflow/example_dags/example_skip_dag.py took 0.124 seconds
[2024-11-19T10:59:01.855+0000] {processor.py:186} INFO - Started process (PID=886) to work on /home/airflow/.local/lib/python3.12/site-packages/airflow/example_dags/example_skip_dag.py
[2024-11-19T10:59:01.856+0000] {processor.py:914} INFO - Processing file /home/airflow/.local/lib/python3.12/site-packages/airflow/example_dags/example_skip_dag.py for tasks to queue
[2024-11-19T10:59:01.858+0000] {logging_mixin.py:190} INFO - [2024-11-19T10:59:01.857+0000] {dagbag.py:588} INFO - Filling up the DagBag from /home/airflow/.local/lib/python3.12/site-packages/airflow/example_dags/example_skip_dag.py
[2024-11-19T10:59:01.866+0000] {processor.py:925} INFO - DAG(s) 'example_skip_dag' retrieved from /home/airflow/.local/lib/python3.12/site-packages/airflow/example_dags/example_skip_dag.py
[2024-11-19T10:59:01.891+0000] {logging_mixin.py:190} INFO - [2024-11-19T10:59:01.890+0000] {dag.py:3239} INFO - Sync 1 DAGs
[2024-11-19T10:59:01.923+0000] {logging_mixin.py:190} INFO - [2024-11-19T10:59:01.923+0000] {dag.py:4180} INFO - Setting next_dagrun for example_skip_dag to 2024-11-18 00:00:00+00:00, run_after=2024-11-19 00:00:00+00:00
[2024-11-19T10:59:01.946+0000] {processor.py:208} INFO - Processing /home/airflow/.local/lib/python3.12/site-packages/airflow/example_dags/example_skip_dag.py took 0.098 seconds
[2024-11-19T10:59:35.692+0000] {processor.py:186} INFO - Started process (PID=952) to work on /home/airflow/.local/lib/python3.12/site-packages/airflow/example_dags/example_skip_dag.py
[2024-11-19T10:59:35.694+0000] {processor.py:914} INFO - Processing file /home/airflow/.local/lib/python3.12/site-packages/airflow/example_dags/example_skip_dag.py for tasks to queue
[2024-11-19T10:59:35.708+0000] {logging_mixin.py:190} INFO - [2024-11-19T10:59:35.708+0000] {dagbag.py:588} INFO - Filling up the DagBag from /home/airflow/.local/lib/python3.12/site-packages/airflow/example_dags/example_skip_dag.py
[2024-11-19T10:59:35.752+0000] {processor.py:925} INFO - DAG(s) 'example_skip_dag' retrieved from /home/airflow/.local/lib/python3.12/site-packages/airflow/example_dags/example_skip_dag.py
[2024-11-19T10:59:35.851+0000] {logging_mixin.py:190} INFO - [2024-11-19T10:59:35.850+0000] {dag.py:3239} INFO - Sync 1 DAGs
[2024-11-19T10:59:35.924+0000] {logging_mixin.py:190} INFO - [2024-11-19T10:59:35.923+0000] {dag.py:4180} INFO - Setting next_dagrun for example_skip_dag to 2024-11-18 00:00:00+00:00, run_after=2024-11-19 00:00:00+00:00
[2024-11-19T10:59:35.991+0000] {processor.py:208} INFO - Processing /home/airflow/.local/lib/python3.12/site-packages/airflow/example_dags/example_skip_dag.py took 0.324 seconds
[2024-11-19T11:02:36.251+0000] {processor.py:186} INFO - Started process (PID=1057) to work on /home/airflow/.local/lib/python3.12/site-packages/airflow/example_dags/example_skip_dag.py
[2024-11-19T11:02:36.254+0000] {processor.py:914} INFO - Processing file /home/airflow/.local/lib/python3.12/site-packages/airflow/example_dags/example_skip_dag.py for tasks to queue
[2024-11-19T11:02:36.257+0000] {logging_mixin.py:190} INFO - [2024-11-19T11:02:36.256+0000] {dagbag.py:588} INFO - Filling up the DagBag from /home/airflow/.local/lib/python3.12/site-packages/airflow/example_dags/example_skip_dag.py
[2024-11-19T11:02:36.281+0000] {processor.py:925} INFO - DAG(s) 'example_skip_dag' retrieved from /home/airflow/.local/lib/python3.12/site-packages/airflow/example_dags/example_skip_dag.py
[2024-11-19T11:02:36.379+0000] {logging_mixin.py:190} INFO - [2024-11-19T11:02:36.378+0000] {dag.py:3239} INFO - Sync 1 DAGs
[2024-11-19T11:02:36.494+0000] {logging_mixin.py:190} INFO - [2024-11-19T11:02:36.494+0000] {dag.py:4180} INFO - Setting next_dagrun for example_skip_dag to 2024-11-18 00:00:00+00:00, run_after=2024-11-19 00:00:00+00:00
[2024-11-19T11:02:36.558+0000] {processor.py:208} INFO - Processing /home/airflow/.local/lib/python3.12/site-packages/airflow/example_dags/example_skip_dag.py took 0.321 seconds
[2024-11-19T11:03:07.570+0000] {processor.py:186} INFO - Started process (PID=1123) to work on /home/airflow/.local/lib/python3.12/site-packages/airflow/example_dags/example_skip_dag.py
[2024-11-19T11:03:07.571+0000] {processor.py:914} INFO - Processing file /home/airflow/.local/lib/python3.12/site-packages/airflow/example_dags/example_skip_dag.py for tasks to queue
[2024-11-19T11:03:07.572+0000] {logging_mixin.py:190} INFO - [2024-11-19T11:03:07.572+0000] {dagbag.py:588} INFO - Filling up the DagBag from /home/airflow/.local/lib/python3.12/site-packages/airflow/example_dags/example_skip_dag.py
[2024-11-19T11:03:07.579+0000] {processor.py:925} INFO - DAG(s) 'example_skip_dag' retrieved from /home/airflow/.local/lib/python3.12/site-packages/airflow/example_dags/example_skip_dag.py
[2024-11-19T11:03:07.596+0000] {logging_mixin.py:190} INFO - [2024-11-19T11:03:07.596+0000] {dag.py:3239} INFO - Sync 1 DAGs
[2024-11-19T11:03:07.616+0000] {logging_mixin.py:190} INFO - [2024-11-19T11:03:07.616+0000] {dag.py:4180} INFO - Setting next_dagrun for example_skip_dag to 2024-11-18 00:00:00+00:00, run_after=2024-11-19 00:00:00+00:00
[2024-11-19T11:03:07.631+0000] {processor.py:208} INFO - Processing /home/airflow/.local/lib/python3.12/site-packages/airflow/example_dags/example_skip_dag.py took 0.066 seconds
[2024-11-19T11:03:38.040+0000] {processor.py:186} INFO - Started process (PID=1189) to work on /home/airflow/.local/lib/python3.12/site-packages/airflow/example_dags/example_skip_dag.py
[2024-11-19T11:03:38.041+0000] {processor.py:914} INFO - Processing file /home/airflow/.local/lib/python3.12/site-packages/airflow/example_dags/example_skip_dag.py for tasks to queue
[2024-11-19T11:03:38.042+0000] {logging_mixin.py:190} INFO - [2024-11-19T11:03:38.042+0000] {dagbag.py:588} INFO - Filling up the DagBag from /home/airflow/.local/lib/python3.12/site-packages/airflow/example_dags/example_skip_dag.py
[2024-11-19T11:03:38.053+0000] {processor.py:925} INFO - DAG(s) 'example_skip_dag' retrieved from /home/airflow/.local/lib/python3.12/site-packages/airflow/example_dags/example_skip_dag.py
[2024-11-19T11:03:38.073+0000] {logging_mixin.py:190} INFO - [2024-11-19T11:03:38.072+0000] {dag.py:3239} INFO - Sync 1 DAGs
[2024-11-19T11:03:38.096+0000] {logging_mixin.py:190} INFO - [2024-11-19T11:03:38.096+0000] {dag.py:4180} INFO - Setting next_dagrun for example_skip_dag to 2024-11-18 00:00:00+00:00, run_after=2024-11-19 00:00:00+00:00
[2024-11-19T11:03:38.113+0000] {processor.py:208} INFO - Processing /home/airflow/.local/lib/python3.12/site-packages/airflow/example_dags/example_skip_dag.py took 0.081 seconds
[2024-11-19T11:04:08.774+0000] {processor.py:186} INFO - Started process (PID=1259) to work on /home/airflow/.local/lib/python3.12/site-packages/airflow/example_dags/example_skip_dag.py
[2024-11-19T11:04:08.781+0000] {processor.py:914} INFO - Processing file /home/airflow/.local/lib/python3.12/site-packages/airflow/example_dags/example_skip_dag.py for tasks to queue
[2024-11-19T11:04:08.784+0000] {logging_mixin.py:190} INFO - [2024-11-19T11:04:08.783+0000] {dagbag.py:588} INFO - Filling up the DagBag from /home/airflow/.local/lib/python3.12/site-packages/airflow/example_dags/example_skip_dag.py
[2024-11-19T11:04:08.823+0000] {processor.py:925} INFO - DAG(s) 'example_skip_dag' retrieved from /home/airflow/.local/lib/python3.12/site-packages/airflow/example_dags/example_skip_dag.py
[2024-11-19T11:04:08.911+0000] {logging_mixin.py:190} INFO - [2024-11-19T11:04:08.911+0000] {dag.py:3239} INFO - Sync 1 DAGs
[2024-11-19T11:04:09.015+0000] {logging_mixin.py:190} INFO - [2024-11-19T11:04:09.014+0000] {dag.py:4180} INFO - Setting next_dagrun for example_skip_dag to 2024-11-18 00:00:00+00:00, run_after=2024-11-19 00:00:00+00:00
[2024-11-19T11:04:09.087+0000] {processor.py:208} INFO - Processing /home/airflow/.local/lib/python3.12/site-packages/airflow/example_dags/example_skip_dag.py took 0.340 seconds
[2024-11-19T11:04:39.984+0000] {processor.py:186} INFO - Started process (PID=1325) to work on /home/airflow/.local/lib/python3.12/site-packages/airflow/example_dags/example_skip_dag.py
[2024-11-19T11:04:39.985+0000] {processor.py:914} INFO - Processing file /home/airflow/.local/lib/python3.12/site-packages/airflow/example_dags/example_skip_dag.py for tasks to queue
[2024-11-19T11:04:39.987+0000] {logging_mixin.py:190} INFO - [2024-11-19T11:04:39.986+0000] {dagbag.py:588} INFO - Filling up the DagBag from /home/airflow/.local/lib/python3.12/site-packages/airflow/example_dags/example_skip_dag.py
[2024-11-19T11:04:39.999+0000] {processor.py:925} INFO - DAG(s) 'example_skip_dag' retrieved from /home/airflow/.local/lib/python3.12/site-packages/airflow/example_dags/example_skip_dag.py
[2024-11-19T11:04:40.026+0000] {logging_mixin.py:190} INFO - [2024-11-19T11:04:40.026+0000] {dag.py:3239} INFO - Sync 1 DAGs
[2024-11-19T11:04:40.060+0000] {logging_mixin.py:190} INFO - [2024-11-19T11:04:40.059+0000] {dag.py:4180} INFO - Setting next_dagrun for example_skip_dag to 2024-11-18 00:00:00+00:00, run_after=2024-11-19 00:00:00+00:00
[2024-11-19T11:04:40.087+0000] {processor.py:208} INFO - Processing /home/airflow/.local/lib/python3.12/site-packages/airflow/example_dags/example_skip_dag.py took 0.111 seconds
[2024-11-19T11:05:10.870+0000] {processor.py:186} INFO - Started process (PID=1391) to work on /home/airflow/.local/lib/python3.12/site-packages/airflow/example_dags/example_skip_dag.py
[2024-11-19T11:05:10.871+0000] {processor.py:914} INFO - Processing file /home/airflow/.local/lib/python3.12/site-packages/airflow/example_dags/example_skip_dag.py for tasks to queue
[2024-11-19T11:05:10.872+0000] {logging_mixin.py:190} INFO - [2024-11-19T11:05:10.872+0000] {dagbag.py:588} INFO - Filling up the DagBag from /home/airflow/.local/lib/python3.12/site-packages/airflow/example_dags/example_skip_dag.py
[2024-11-19T11:05:10.879+0000] {processor.py:925} INFO - DAG(s) 'example_skip_dag' retrieved from /home/airflow/.local/lib/python3.12/site-packages/airflow/example_dags/example_skip_dag.py
[2024-11-19T11:05:10.901+0000] {logging_mixin.py:190} INFO - [2024-11-19T11:05:10.901+0000] {dag.py:3239} INFO - Sync 1 DAGs
[2024-11-19T11:05:10.925+0000] {logging_mixin.py:190} INFO - [2024-11-19T11:05:10.925+0000] {dag.py:4180} INFO - Setting next_dagrun for example_skip_dag to 2024-11-18 00:00:00+00:00, run_after=2024-11-19 00:00:00+00:00
[2024-11-19T11:05:10.942+0000] {processor.py:208} INFO - Processing /home/airflow/.local/lib/python3.12/site-packages/airflow/example_dags/example_skip_dag.py took 0.076 seconds
[2024-11-19T11:05:41.828+0000] {processor.py:186} INFO - Started process (PID=1458) to work on /home/airflow/.local/lib/python3.12/site-packages/airflow/example_dags/example_skip_dag.py
[2024-11-19T11:05:41.829+0000] {processor.py:914} INFO - Processing file /home/airflow/.local/lib/python3.12/site-packages/airflow/example_dags/example_skip_dag.py for tasks to queue
[2024-11-19T11:05:41.831+0000] {logging_mixin.py:190} INFO - [2024-11-19T11:05:41.831+0000] {dagbag.py:588} INFO - Filling up the DagBag from /home/airflow/.local/lib/python3.12/site-packages/airflow/example_dags/example_skip_dag.py
[2024-11-19T11:05:41.847+0000] {processor.py:925} INFO - DAG(s) 'example_skip_dag' retrieved from /home/airflow/.local/lib/python3.12/site-packages/airflow/example_dags/example_skip_dag.py
[2024-11-19T11:05:41.888+0000] {logging_mixin.py:190} INFO - [2024-11-19T11:05:41.887+0000] {dag.py:3239} INFO - Sync 1 DAGs
[2024-11-19T11:05:41.941+0000] {logging_mixin.py:190} INFO - [2024-11-19T11:05:41.941+0000] {dag.py:4180} INFO - Setting next_dagrun for example_skip_dag to 2024-11-18 00:00:00+00:00, run_after=2024-11-19 00:00:00+00:00
[2024-11-19T11:05:41.980+0000] {processor.py:208} INFO - Processing /home/airflow/.local/lib/python3.12/site-packages/airflow/example_dags/example_skip_dag.py took 0.163 seconds
[2024-11-19T11:15:59.525+0000] {processor.py:186} INFO - Started process (PID=66) to work on /home/airflow/.local/lib/python3.12/site-packages/airflow/example_dags/example_skip_dag.py
[2024-11-19T11:15:59.526+0000] {processor.py:914} INFO - Processing file /home/airflow/.local/lib/python3.12/site-packages/airflow/example_dags/example_skip_dag.py for tasks to queue
[2024-11-19T11:15:59.528+0000] {logging_mixin.py:190} INFO - [2024-11-19T11:15:59.528+0000] {dagbag.py:588} INFO - Filling up the DagBag from /home/airflow/.local/lib/python3.12/site-packages/airflow/example_dags/example_skip_dag.py
[2024-11-19T11:15:59.538+0000] {processor.py:925} INFO - DAG(s) 'example_skip_dag' retrieved from /home/airflow/.local/lib/python3.12/site-packages/airflow/example_dags/example_skip_dag.py
[2024-11-19T11:15:59.563+0000] {logging_mixin.py:190} INFO - [2024-11-19T11:15:59.563+0000] {dag.py:3239} INFO - Sync 1 DAGs
[2024-11-19T11:15:59.598+0000] {logging_mixin.py:190} INFO - [2024-11-19T11:15:59.598+0000] {dag.py:4180} INFO - Setting next_dagrun for example_skip_dag to 2024-11-18 00:00:00+00:00, run_after=2024-11-19 00:00:00+00:00
[2024-11-19T11:15:59.618+0000] {processor.py:208} INFO - Processing /home/airflow/.local/lib/python3.12/site-packages/airflow/example_dags/example_skip_dag.py took 0.098 seconds
[2024-11-19T11:16:30.182+0000] {processor.py:186} INFO - Started process (PID=132) to work on /home/airflow/.local/lib/python3.12/site-packages/airflow/example_dags/example_skip_dag.py
[2024-11-19T11:16:30.183+0000] {processor.py:914} INFO - Processing file /home/airflow/.local/lib/python3.12/site-packages/airflow/example_dags/example_skip_dag.py for tasks to queue
[2024-11-19T11:16:30.185+0000] {logging_mixin.py:190} INFO - [2024-11-19T11:16:30.184+0000] {dagbag.py:588} INFO - Filling up the DagBag from /home/airflow/.local/lib/python3.12/site-packages/airflow/example_dags/example_skip_dag.py
[2024-11-19T11:16:30.191+0000] {processor.py:925} INFO - DAG(s) 'example_skip_dag' retrieved from /home/airflow/.local/lib/python3.12/site-packages/airflow/example_dags/example_skip_dag.py
[2024-11-19T11:16:30.211+0000] {logging_mixin.py:190} INFO - [2024-11-19T11:16:30.211+0000] {dag.py:3239} INFO - Sync 1 DAGs
[2024-11-19T11:16:30.232+0000] {logging_mixin.py:190} INFO - [2024-11-19T11:16:30.232+0000] {dag.py:4180} INFO - Setting next_dagrun for example_skip_dag to 2024-11-18 00:00:00+00:00, run_after=2024-11-19 00:00:00+00:00
[2024-11-19T11:16:30.253+0000] {processor.py:208} INFO - Processing /home/airflow/.local/lib/python3.12/site-packages/airflow/example_dags/example_skip_dag.py took 0.075 seconds
[2024-11-19T11:17:00.540+0000] {processor.py:186} INFO - Started process (PID=198) to work on /home/airflow/.local/lib/python3.12/site-packages/airflow/example_dags/example_skip_dag.py
[2024-11-19T11:17:00.541+0000] {processor.py:914} INFO - Processing file /home/airflow/.local/lib/python3.12/site-packages/airflow/example_dags/example_skip_dag.py for tasks to queue
[2024-11-19T11:17:00.543+0000] {logging_mixin.py:190} INFO - [2024-11-19T11:17:00.543+0000] {dagbag.py:588} INFO - Filling up the DagBag from /home/airflow/.local/lib/python3.12/site-packages/airflow/example_dags/example_skip_dag.py
[2024-11-19T11:17:00.551+0000] {processor.py:925} INFO - DAG(s) 'example_skip_dag' retrieved from /home/airflow/.local/lib/python3.12/site-packages/airflow/example_dags/example_skip_dag.py
[2024-11-19T11:17:00.569+0000] {logging_mixin.py:190} INFO - [2024-11-19T11:17:00.569+0000] {dag.py:3239} INFO - Sync 1 DAGs
[2024-11-19T11:17:00.595+0000] {logging_mixin.py:190} INFO - [2024-11-19T11:17:00.595+0000] {dag.py:4180} INFO - Setting next_dagrun for example_skip_dag to 2024-11-18 00:00:00+00:00, run_after=2024-11-19 00:00:00+00:00
[2024-11-19T11:17:00.617+0000] {processor.py:208} INFO - Processing /home/airflow/.local/lib/python3.12/site-packages/airflow/example_dags/example_skip_dag.py took 0.082 seconds
[2024-11-19T11:17:30.931+0000] {processor.py:186} INFO - Started process (PID=264) to work on /home/airflow/.local/lib/python3.12/site-packages/airflow/example_dags/example_skip_dag.py
[2024-11-19T11:17:30.931+0000] {processor.py:914} INFO - Processing file /home/airflow/.local/lib/python3.12/site-packages/airflow/example_dags/example_skip_dag.py for tasks to queue
[2024-11-19T11:17:30.932+0000] {logging_mixin.py:190} INFO - [2024-11-19T11:17:30.932+0000] {dagbag.py:588} INFO - Filling up the DagBag from /home/airflow/.local/lib/python3.12/site-packages/airflow/example_dags/example_skip_dag.py
[2024-11-19T11:17:30.942+0000] {processor.py:925} INFO - DAG(s) 'example_skip_dag' retrieved from /home/airflow/.local/lib/python3.12/site-packages/airflow/example_dags/example_skip_dag.py
[2024-11-19T11:17:30.961+0000] {logging_mixin.py:190} INFO - [2024-11-19T11:17:30.960+0000] {dag.py:3239} INFO - Sync 1 DAGs
[2024-11-19T11:17:30.996+0000] {logging_mixin.py:190} INFO - [2024-11-19T11:17:30.995+0000] {dag.py:4180} INFO - Setting next_dagrun for example_skip_dag to 2024-11-18 00:00:00+00:00, run_after=2024-11-19 00:00:00+00:00
[2024-11-19T11:17:31.034+0000] {processor.py:208} INFO - Processing /home/airflow/.local/lib/python3.12/site-packages/airflow/example_dags/example_skip_dag.py took 0.108 seconds
[2024-11-19T11:18:01.804+0000] {processor.py:186} INFO - Started process (PID=330) to work on /home/airflow/.local/lib/python3.12/site-packages/airflow/example_dags/example_skip_dag.py
[2024-11-19T11:18:01.805+0000] {processor.py:914} INFO - Processing file /home/airflow/.local/lib/python3.12/site-packages/airflow/example_dags/example_skip_dag.py for tasks to queue
[2024-11-19T11:18:01.806+0000] {logging_mixin.py:190} INFO - [2024-11-19T11:18:01.806+0000] {dagbag.py:588} INFO - Filling up the DagBag from /home/airflow/.local/lib/python3.12/site-packages/airflow/example_dags/example_skip_dag.py
[2024-11-19T11:18:01.821+0000] {processor.py:925} INFO - DAG(s) 'example_skip_dag' retrieved from /home/airflow/.local/lib/python3.12/site-packages/airflow/example_dags/example_skip_dag.py
[2024-11-19T11:18:01.861+0000] {logging_mixin.py:190} INFO - [2024-11-19T11:18:01.860+0000] {dag.py:3239} INFO - Sync 1 DAGs
[2024-11-19T11:18:01.901+0000] {logging_mixin.py:190} INFO - [2024-11-19T11:18:01.901+0000] {dag.py:4180} INFO - Setting next_dagrun for example_skip_dag to 2024-11-18 00:00:00+00:00, run_after=2024-11-19 00:00:00+00:00
[2024-11-19T11:18:01.936+0000] {processor.py:208} INFO - Processing /home/airflow/.local/lib/python3.12/site-packages/airflow/example_dags/example_skip_dag.py took 0.139 seconds
[2024-11-19T11:18:32.754+0000] {processor.py:186} INFO - Started process (PID=395) to work on /home/airflow/.local/lib/python3.12/site-packages/airflow/example_dags/example_skip_dag.py
[2024-11-19T11:18:32.755+0000] {processor.py:914} INFO - Processing file /home/airflow/.local/lib/python3.12/site-packages/airflow/example_dags/example_skip_dag.py for tasks to queue
[2024-11-19T11:18:32.756+0000] {logging_mixin.py:190} INFO - [2024-11-19T11:18:32.756+0000] {dagbag.py:588} INFO - Filling up the DagBag from /home/airflow/.local/lib/python3.12/site-packages/airflow/example_dags/example_skip_dag.py
[2024-11-19T11:18:32.770+0000] {processor.py:925} INFO - DAG(s) 'example_skip_dag' retrieved from /home/airflow/.local/lib/python3.12/site-packages/airflow/example_dags/example_skip_dag.py
[2024-11-19T11:18:32.821+0000] {logging_mixin.py:190} INFO - [2024-11-19T11:18:32.821+0000] {dag.py:3239} INFO - Sync 1 DAGs
[2024-11-19T11:18:32.862+0000] {logging_mixin.py:190} INFO - [2024-11-19T11:18:32.861+0000] {dag.py:4180} INFO - Setting next_dagrun for example_skip_dag to 2024-11-18 00:00:00+00:00, run_after=2024-11-19 00:00:00+00:00
[2024-11-19T11:18:32.888+0000] {processor.py:208} INFO - Processing /home/airflow/.local/lib/python3.12/site-packages/airflow/example_dags/example_skip_dag.py took 0.142 seconds
[2024-11-19T11:19:03.341+0000] {processor.py:186} INFO - Started process (PID=467) to work on /home/airflow/.local/lib/python3.12/site-packages/airflow/example_dags/example_skip_dag.py
[2024-11-19T11:19:03.343+0000] {processor.py:914} INFO - Processing file /home/airflow/.local/lib/python3.12/site-packages/airflow/example_dags/example_skip_dag.py for tasks to queue
[2024-11-19T11:19:03.344+0000] {logging_mixin.py:190} INFO - [2024-11-19T11:19:03.344+0000] {dagbag.py:588} INFO - Filling up the DagBag from /home/airflow/.local/lib/python3.12/site-packages/airflow/example_dags/example_skip_dag.py
[2024-11-19T11:19:03.357+0000] {processor.py:925} INFO - DAG(s) 'example_skip_dag' retrieved from /home/airflow/.local/lib/python3.12/site-packages/airflow/example_dags/example_skip_dag.py
[2024-11-19T11:19:03.382+0000] {logging_mixin.py:190} INFO - [2024-11-19T11:19:03.382+0000] {dag.py:3239} INFO - Sync 1 DAGs
[2024-11-19T11:19:03.416+0000] {logging_mixin.py:190} INFO - [2024-11-19T11:19:03.416+0000] {dag.py:4180} INFO - Setting next_dagrun for example_skip_dag to 2024-11-18 00:00:00+00:00, run_after=2024-11-19 00:00:00+00:00
[2024-11-19T11:19:03.445+0000] {processor.py:208} INFO - Processing /home/airflow/.local/lib/python3.12/site-packages/airflow/example_dags/example_skip_dag.py took 0.112 seconds
[2024-11-19T11:19:37.896+0000] {processor.py:186} INFO - Started process (PID=534) to work on /home/airflow/.local/lib/python3.12/site-packages/airflow/example_dags/example_skip_dag.py
[2024-11-19T11:19:37.899+0000] {processor.py:914} INFO - Processing file /home/airflow/.local/lib/python3.12/site-packages/airflow/example_dags/example_skip_dag.py for tasks to queue
[2024-11-19T11:19:37.902+0000] {logging_mixin.py:190} INFO - [2024-11-19T11:19:37.901+0000] {dagbag.py:588} INFO - Filling up the DagBag from /home/airflow/.local/lib/python3.12/site-packages/airflow/example_dags/example_skip_dag.py
[2024-11-19T11:19:37.924+0000] {processor.py:925} INFO - DAG(s) 'example_skip_dag' retrieved from /home/airflow/.local/lib/python3.12/site-packages/airflow/example_dags/example_skip_dag.py
[2024-11-19T11:19:37.986+0000] {logging_mixin.py:190} INFO - [2024-11-19T11:19:37.984+0000] {dag.py:3239} INFO - Sync 1 DAGs
[2024-11-19T11:19:38.083+0000] {logging_mixin.py:190} INFO - [2024-11-19T11:19:38.081+0000] {dag.py:4180} INFO - Setting next_dagrun for example_skip_dag to 2024-11-18 00:00:00+00:00, run_after=2024-11-19 00:00:00+00:00
[2024-11-19T11:19:38.151+0000] {processor.py:208} INFO - Processing /home/airflow/.local/lib/python3.12/site-packages/airflow/example_dags/example_skip_dag.py took 0.275 seconds
[2024-11-19T11:20:09.153+0000] {processor.py:186} INFO - Started process (PID=600) to work on /home/airflow/.local/lib/python3.12/site-packages/airflow/example_dags/example_skip_dag.py
[2024-11-19T11:20:09.155+0000] {processor.py:914} INFO - Processing file /home/airflow/.local/lib/python3.12/site-packages/airflow/example_dags/example_skip_dag.py for tasks to queue
[2024-11-19T11:20:09.159+0000] {logging_mixin.py:190} INFO - [2024-11-19T11:20:09.158+0000] {dagbag.py:588} INFO - Filling up the DagBag from /home/airflow/.local/lib/python3.12/site-packages/airflow/example_dags/example_skip_dag.py
[2024-11-19T11:20:09.193+0000] {processor.py:925} INFO - DAG(s) 'example_skip_dag' retrieved from /home/airflow/.local/lib/python3.12/site-packages/airflow/example_dags/example_skip_dag.py
[2024-11-19T11:20:09.265+0000] {logging_mixin.py:190} INFO - [2024-11-19T11:20:09.263+0000] {dag.py:3239} INFO - Sync 1 DAGs
[2024-11-19T11:20:09.342+0000] {logging_mixin.py:190} INFO - [2024-11-19T11:20:09.341+0000] {dag.py:4180} INFO - Setting next_dagrun for example_skip_dag to 2024-11-18 00:00:00+00:00, run_after=2024-11-19 00:00:00+00:00
[2024-11-19T11:20:09.424+0000] {processor.py:208} INFO - Processing /home/airflow/.local/lib/python3.12/site-packages/airflow/example_dags/example_skip_dag.py took 0.284 seconds
[2024-11-19T11:20:39.752+0000] {processor.py:186} INFO - Started process (PID=666) to work on /home/airflow/.local/lib/python3.12/site-packages/airflow/example_dags/example_skip_dag.py
[2024-11-19T11:20:39.753+0000] {processor.py:914} INFO - Processing file /home/airflow/.local/lib/python3.12/site-packages/airflow/example_dags/example_skip_dag.py for tasks to queue
[2024-11-19T11:20:39.754+0000] {logging_mixin.py:190} INFO - [2024-11-19T11:20:39.754+0000] {dagbag.py:588} INFO - Filling up the DagBag from /home/airflow/.local/lib/python3.12/site-packages/airflow/example_dags/example_skip_dag.py
[2024-11-19T11:20:39.764+0000] {processor.py:925} INFO - DAG(s) 'example_skip_dag' retrieved from /home/airflow/.local/lib/python3.12/site-packages/airflow/example_dags/example_skip_dag.py
[2024-11-19T11:20:39.784+0000] {logging_mixin.py:190} INFO - [2024-11-19T11:20:39.783+0000] {dag.py:3239} INFO - Sync 1 DAGs
[2024-11-19T11:20:39.806+0000] {logging_mixin.py:190} INFO - [2024-11-19T11:20:39.806+0000] {dag.py:4180} INFO - Setting next_dagrun for example_skip_dag to 2024-11-18 00:00:00+00:00, run_after=2024-11-19 00:00:00+00:00
[2024-11-19T11:20:39.826+0000] {processor.py:208} INFO - Processing /home/airflow/.local/lib/python3.12/site-packages/airflow/example_dags/example_skip_dag.py took 0.078 seconds
[2024-11-19T11:21:10.604+0000] {processor.py:186} INFO - Started process (PID=732) to work on /home/airflow/.local/lib/python3.12/site-packages/airflow/example_dags/example_skip_dag.py
[2024-11-19T11:21:10.605+0000] {processor.py:914} INFO - Processing file /home/airflow/.local/lib/python3.12/site-packages/airflow/example_dags/example_skip_dag.py for tasks to queue
[2024-11-19T11:21:10.606+0000] {logging_mixin.py:190} INFO - [2024-11-19T11:21:10.606+0000] {dagbag.py:588} INFO - Filling up the DagBag from /home/airflow/.local/lib/python3.12/site-packages/airflow/example_dags/example_skip_dag.py
[2024-11-19T11:21:10.616+0000] {processor.py:925} INFO - DAG(s) 'example_skip_dag' retrieved from /home/airflow/.local/lib/python3.12/site-packages/airflow/example_dags/example_skip_dag.py
[2024-11-19T11:21:10.647+0000] {logging_mixin.py:190} INFO - [2024-11-19T11:21:10.647+0000] {dag.py:3239} INFO - Sync 1 DAGs
[2024-11-19T11:21:10.698+0000] {logging_mixin.py:190} INFO - [2024-11-19T11:21:10.698+0000] {dag.py:4180} INFO - Setting next_dagrun for example_skip_dag to 2024-11-18 00:00:00+00:00, run_after=2024-11-19 00:00:00+00:00
[2024-11-19T11:21:10.745+0000] {processor.py:208} INFO - Processing /home/airflow/.local/lib/python3.12/site-packages/airflow/example_dags/example_skip_dag.py took 0.147 seconds
[2024-11-19T11:21:41.623+0000] {processor.py:186} INFO - Started process (PID=798) to work on /home/airflow/.local/lib/python3.12/site-packages/airflow/example_dags/example_skip_dag.py
[2024-11-19T11:21:41.624+0000] {processor.py:914} INFO - Processing file /home/airflow/.local/lib/python3.12/site-packages/airflow/example_dags/example_skip_dag.py for tasks to queue
[2024-11-19T11:21:41.626+0000] {logging_mixin.py:190} INFO - [2024-11-19T11:21:41.625+0000] {dagbag.py:588} INFO - Filling up the DagBag from /home/airflow/.local/lib/python3.12/site-packages/airflow/example_dags/example_skip_dag.py
[2024-11-19T11:21:41.635+0000] {processor.py:925} INFO - DAG(s) 'example_skip_dag' retrieved from /home/airflow/.local/lib/python3.12/site-packages/airflow/example_dags/example_skip_dag.py
[2024-11-19T11:21:41.658+0000] {logging_mixin.py:190} INFO - [2024-11-19T11:21:41.658+0000] {dag.py:3239} INFO - Sync 1 DAGs
[2024-11-19T11:21:41.682+0000] {logging_mixin.py:190} INFO - [2024-11-19T11:21:41.682+0000] {dag.py:4180} INFO - Setting next_dagrun for example_skip_dag to 2024-11-18 00:00:00+00:00, run_after=2024-11-19 00:00:00+00:00
[2024-11-19T11:21:41.704+0000] {processor.py:208} INFO - Processing /home/airflow/.local/lib/python3.12/site-packages/airflow/example_dags/example_skip_dag.py took 0.089 seconds
[2024-11-19T11:22:11.795+0000] {processor.py:186} INFO - Started process (PID=863) to work on /home/airflow/.local/lib/python3.12/site-packages/airflow/example_dags/example_skip_dag.py
[2024-11-19T11:22:11.797+0000] {processor.py:914} INFO - Processing file /home/airflow/.local/lib/python3.12/site-packages/airflow/example_dags/example_skip_dag.py for tasks to queue
[2024-11-19T11:22:11.798+0000] {logging_mixin.py:190} INFO - [2024-11-19T11:22:11.798+0000] {dagbag.py:588} INFO - Filling up the DagBag from /home/airflow/.local/lib/python3.12/site-packages/airflow/example_dags/example_skip_dag.py
[2024-11-19T11:22:11.806+0000] {processor.py:925} INFO - DAG(s) 'example_skip_dag' retrieved from /home/airflow/.local/lib/python3.12/site-packages/airflow/example_dags/example_skip_dag.py
[2024-11-19T11:22:11.838+0000] {logging_mixin.py:190} INFO - [2024-11-19T11:22:11.838+0000] {dag.py:3239} INFO - Sync 1 DAGs
[2024-11-19T11:22:11.872+0000] {logging_mixin.py:190} INFO - [2024-11-19T11:22:11.872+0000] {dag.py:4180} INFO - Setting next_dagrun for example_skip_dag to 2024-11-18 00:00:00+00:00, run_after=2024-11-19 00:00:00+00:00
[2024-11-19T11:22:11.903+0000] {processor.py:208} INFO - Processing /home/airflow/.local/lib/python3.12/site-packages/airflow/example_dags/example_skip_dag.py took 0.115 seconds
[2024-11-19T11:22:42.320+0000] {processor.py:186} INFO - Started process (PID=928) to work on /home/airflow/.local/lib/python3.12/site-packages/airflow/example_dags/example_skip_dag.py
[2024-11-19T11:22:42.321+0000] {processor.py:914} INFO - Processing file /home/airflow/.local/lib/python3.12/site-packages/airflow/example_dags/example_skip_dag.py for tasks to queue
[2024-11-19T11:22:42.323+0000] {logging_mixin.py:190} INFO - [2024-11-19T11:22:42.323+0000] {dagbag.py:588} INFO - Filling up the DagBag from /home/airflow/.local/lib/python3.12/site-packages/airflow/example_dags/example_skip_dag.py
[2024-11-19T11:22:42.339+0000] {processor.py:925} INFO - DAG(s) 'example_skip_dag' retrieved from /home/airflow/.local/lib/python3.12/site-packages/airflow/example_dags/example_skip_dag.py
[2024-11-19T11:22:42.364+0000] {logging_mixin.py:190} INFO - [2024-11-19T11:22:42.364+0000] {dag.py:3239} INFO - Sync 1 DAGs
[2024-11-19T11:22:42.393+0000] {logging_mixin.py:190} INFO - [2024-11-19T11:22:42.392+0000] {dag.py:4180} INFO - Setting next_dagrun for example_skip_dag to 2024-11-18 00:00:00+00:00, run_after=2024-11-19 00:00:00+00:00
[2024-11-19T11:22:42.415+0000] {processor.py:208} INFO - Processing /home/airflow/.local/lib/python3.12/site-packages/airflow/example_dags/example_skip_dag.py took 0.105 seconds
[2024-11-19T11:23:13.442+0000] {processor.py:186} INFO - Started process (PID=994) to work on /home/airflow/.local/lib/python3.12/site-packages/airflow/example_dags/example_skip_dag.py
[2024-11-19T11:23:13.443+0000] {processor.py:914} INFO - Processing file /home/airflow/.local/lib/python3.12/site-packages/airflow/example_dags/example_skip_dag.py for tasks to queue
[2024-11-19T11:23:13.445+0000] {logging_mixin.py:190} INFO - [2024-11-19T11:23:13.444+0000] {dagbag.py:588} INFO - Filling up the DagBag from /home/airflow/.local/lib/python3.12/site-packages/airflow/example_dags/example_skip_dag.py
[2024-11-19T11:23:13.455+0000] {processor.py:925} INFO - DAG(s) 'example_skip_dag' retrieved from /home/airflow/.local/lib/python3.12/site-packages/airflow/example_dags/example_skip_dag.py
[2024-11-19T11:23:13.486+0000] {logging_mixin.py:190} INFO - [2024-11-19T11:23:13.485+0000] {dag.py:3239} INFO - Sync 1 DAGs
[2024-11-19T11:23:13.527+0000] {logging_mixin.py:190} INFO - [2024-11-19T11:23:13.527+0000] {dag.py:4180} INFO - Setting next_dagrun for example_skip_dag to 2024-11-18 00:00:00+00:00, run_after=2024-11-19 00:00:00+00:00
[2024-11-19T11:23:13.550+0000] {processor.py:208} INFO - Processing /home/airflow/.local/lib/python3.12/site-packages/airflow/example_dags/example_skip_dag.py took 0.115 seconds
[2024-11-19T11:23:44.300+0000] {processor.py:186} INFO - Started process (PID=1060) to work on /home/airflow/.local/lib/python3.12/site-packages/airflow/example_dags/example_skip_dag.py
[2024-11-19T11:23:44.301+0000] {processor.py:914} INFO - Processing file /home/airflow/.local/lib/python3.12/site-packages/airflow/example_dags/example_skip_dag.py for tasks to queue
[2024-11-19T11:23:44.302+0000] {logging_mixin.py:190} INFO - [2024-11-19T11:23:44.301+0000] {dagbag.py:588} INFO - Filling up the DagBag from /home/airflow/.local/lib/python3.12/site-packages/airflow/example_dags/example_skip_dag.py
[2024-11-19T11:23:44.312+0000] {processor.py:925} INFO - DAG(s) 'example_skip_dag' retrieved from /home/airflow/.local/lib/python3.12/site-packages/airflow/example_dags/example_skip_dag.py
[2024-11-19T11:23:44.342+0000] {logging_mixin.py:190} INFO - [2024-11-19T11:23:44.341+0000] {dag.py:3239} INFO - Sync 1 DAGs
[2024-11-19T11:23:44.378+0000] {logging_mixin.py:190} INFO - [2024-11-19T11:23:44.377+0000] {dag.py:4180} INFO - Setting next_dagrun for example_skip_dag to 2024-11-18 00:00:00+00:00, run_after=2024-11-19 00:00:00+00:00
[2024-11-19T11:23:44.403+0000] {processor.py:208} INFO - Processing /home/airflow/.local/lib/python3.12/site-packages/airflow/example_dags/example_skip_dag.py took 0.110 seconds
[2024-11-19T11:24:14.890+0000] {processor.py:186} INFO - Started process (PID=1126) to work on /home/airflow/.local/lib/python3.12/site-packages/airflow/example_dags/example_skip_dag.py
[2024-11-19T11:24:14.890+0000] {processor.py:914} INFO - Processing file /home/airflow/.local/lib/python3.12/site-packages/airflow/example_dags/example_skip_dag.py for tasks to queue
[2024-11-19T11:24:14.891+0000] {logging_mixin.py:190} INFO - [2024-11-19T11:24:14.891+0000] {dagbag.py:588} INFO - Filling up the DagBag from /home/airflow/.local/lib/python3.12/site-packages/airflow/example_dags/example_skip_dag.py
[2024-11-19T11:24:14.900+0000] {processor.py:925} INFO - DAG(s) 'example_skip_dag' retrieved from /home/airflow/.local/lib/python3.12/site-packages/airflow/example_dags/example_skip_dag.py
[2024-11-19T11:24:14.921+0000] {logging_mixin.py:190} INFO - [2024-11-19T11:24:14.921+0000] {dag.py:3239} INFO - Sync 1 DAGs
[2024-11-19T11:24:14.952+0000] {logging_mixin.py:190} INFO - [2024-11-19T11:24:14.951+0000] {dag.py:4180} INFO - Setting next_dagrun for example_skip_dag to 2024-11-18 00:00:00+00:00, run_after=2024-11-19 00:00:00+00:00
[2024-11-19T11:24:14.974+0000] {processor.py:208} INFO - Processing /home/airflow/.local/lib/python3.12/site-packages/airflow/example_dags/example_skip_dag.py took 0.088 seconds
[2024-11-19T11:24:48.044+0000] {processor.py:186} INFO - Started process (PID=1192) to work on /home/airflow/.local/lib/python3.12/site-packages/airflow/example_dags/example_skip_dag.py
[2024-11-19T11:24:48.044+0000] {processor.py:914} INFO - Processing file /home/airflow/.local/lib/python3.12/site-packages/airflow/example_dags/example_skip_dag.py for tasks to queue
[2024-11-19T11:24:48.046+0000] {logging_mixin.py:190} INFO - [2024-11-19T11:24:48.045+0000] {dagbag.py:588} INFO - Filling up the DagBag from /home/airflow/.local/lib/python3.12/site-packages/airflow/example_dags/example_skip_dag.py
[2024-11-19T11:24:48.056+0000] {processor.py:925} INFO - DAG(s) 'example_skip_dag' retrieved from /home/airflow/.local/lib/python3.12/site-packages/airflow/example_dags/example_skip_dag.py
[2024-11-19T11:24:48.082+0000] {logging_mixin.py:190} INFO - [2024-11-19T11:24:48.081+0000] {dag.py:3239} INFO - Sync 1 DAGs
[2024-11-19T11:24:48.114+0000] {logging_mixin.py:190} INFO - [2024-11-19T11:24:48.113+0000] {dag.py:4180} INFO - Setting next_dagrun for example_skip_dag to 2024-11-18 00:00:00+00:00, run_after=2024-11-19 00:00:00+00:00
[2024-11-19T11:24:48.148+0000] {processor.py:208} INFO - Processing /home/airflow/.local/lib/python3.12/site-packages/airflow/example_dags/example_skip_dag.py took 0.111 seconds
[2024-11-19T11:25:20.438+0000] {processor.py:186} INFO - Started process (PID=1259) to work on /home/airflow/.local/lib/python3.12/site-packages/airflow/example_dags/example_skip_dag.py
[2024-11-19T11:25:20.439+0000] {processor.py:914} INFO - Processing file /home/airflow/.local/lib/python3.12/site-packages/airflow/example_dags/example_skip_dag.py for tasks to queue
[2024-11-19T11:25:20.440+0000] {logging_mixin.py:190} INFO - [2024-11-19T11:25:20.440+0000] {dagbag.py:588} INFO - Filling up the DagBag from /home/airflow/.local/lib/python3.12/site-packages/airflow/example_dags/example_skip_dag.py
[2024-11-19T11:25:20.449+0000] {processor.py:925} INFO - DAG(s) 'example_skip_dag' retrieved from /home/airflow/.local/lib/python3.12/site-packages/airflow/example_dags/example_skip_dag.py
[2024-11-19T11:25:20.471+0000] {logging_mixin.py:190} INFO - [2024-11-19T11:25:20.471+0000] {dag.py:3239} INFO - Sync 1 DAGs
[2024-11-19T11:25:20.505+0000] {logging_mixin.py:190} INFO - [2024-11-19T11:25:20.505+0000] {dag.py:4180} INFO - Setting next_dagrun for example_skip_dag to 2024-11-18 00:00:00+00:00, run_after=2024-11-19 00:00:00+00:00
[2024-11-19T11:25:20.530+0000] {processor.py:208} INFO - Processing /home/airflow/.local/lib/python3.12/site-packages/airflow/example_dags/example_skip_dag.py took 0.098 seconds
[2024-11-19T11:25:50.741+0000] {processor.py:186} INFO - Started process (PID=1324) to work on /home/airflow/.local/lib/python3.12/site-packages/airflow/example_dags/example_skip_dag.py
[2024-11-19T11:25:50.741+0000] {processor.py:914} INFO - Processing file /home/airflow/.local/lib/python3.12/site-packages/airflow/example_dags/example_skip_dag.py for tasks to queue
[2024-11-19T11:25:50.742+0000] {logging_mixin.py:190} INFO - [2024-11-19T11:25:50.742+0000] {dagbag.py:588} INFO - Filling up the DagBag from /home/airflow/.local/lib/python3.12/site-packages/airflow/example_dags/example_skip_dag.py
[2024-11-19T11:25:50.750+0000] {processor.py:925} INFO - DAG(s) 'example_skip_dag' retrieved from /home/airflow/.local/lib/python3.12/site-packages/airflow/example_dags/example_skip_dag.py
[2024-11-19T11:25:50.769+0000] {logging_mixin.py:190} INFO - [2024-11-19T11:25:50.768+0000] {dag.py:3239} INFO - Sync 1 DAGs
[2024-11-19T11:25:50.791+0000] {logging_mixin.py:190} INFO - [2024-11-19T11:25:50.791+0000] {dag.py:4180} INFO - Setting next_dagrun for example_skip_dag to 2024-11-18 00:00:00+00:00, run_after=2024-11-19 00:00:00+00:00
[2024-11-19T11:25:50.810+0000] {processor.py:208} INFO - Processing /home/airflow/.local/lib/python3.12/site-packages/airflow/example_dags/example_skip_dag.py took 0.074 seconds
[2024-11-19T11:26:21.030+0000] {processor.py:186} INFO - Started process (PID=1389) to work on /home/airflow/.local/lib/python3.12/site-packages/airflow/example_dags/example_skip_dag.py
[2024-11-19T11:26:21.031+0000] {processor.py:914} INFO - Processing file /home/airflow/.local/lib/python3.12/site-packages/airflow/example_dags/example_skip_dag.py for tasks to queue
[2024-11-19T11:26:21.032+0000] {logging_mixin.py:190} INFO - [2024-11-19T11:26:21.032+0000] {dagbag.py:588} INFO - Filling up the DagBag from /home/airflow/.local/lib/python3.12/site-packages/airflow/example_dags/example_skip_dag.py
[2024-11-19T11:26:21.040+0000] {processor.py:925} INFO - DAG(s) 'example_skip_dag' retrieved from /home/airflow/.local/lib/python3.12/site-packages/airflow/example_dags/example_skip_dag.py
[2024-11-19T11:26:21.058+0000] {logging_mixin.py:190} INFO - [2024-11-19T11:26:21.058+0000] {dag.py:3239} INFO - Sync 1 DAGs
[2024-11-19T11:26:21.081+0000] {logging_mixin.py:190} INFO - [2024-11-19T11:26:21.081+0000] {dag.py:4180} INFO - Setting next_dagrun for example_skip_dag to 2024-11-18 00:00:00+00:00, run_after=2024-11-19 00:00:00+00:00
[2024-11-19T11:26:21.098+0000] {processor.py:208} INFO - Processing /home/airflow/.local/lib/python3.12/site-packages/airflow/example_dags/example_skip_dag.py took 0.073 seconds
[2024-11-19T11:26:51.813+0000] {processor.py:186} INFO - Started process (PID=1455) to work on /home/airflow/.local/lib/python3.12/site-packages/airflow/example_dags/example_skip_dag.py
[2024-11-19T11:26:51.814+0000] {processor.py:914} INFO - Processing file /home/airflow/.local/lib/python3.12/site-packages/airflow/example_dags/example_skip_dag.py for tasks to queue
[2024-11-19T11:26:51.815+0000] {logging_mixin.py:190} INFO - [2024-11-19T11:26:51.815+0000] {dagbag.py:588} INFO - Filling up the DagBag from /home/airflow/.local/lib/python3.12/site-packages/airflow/example_dags/example_skip_dag.py
[2024-11-19T11:26:51.822+0000] {processor.py:925} INFO - DAG(s) 'example_skip_dag' retrieved from /home/airflow/.local/lib/python3.12/site-packages/airflow/example_dags/example_skip_dag.py
[2024-11-19T11:26:51.843+0000] {logging_mixin.py:190} INFO - [2024-11-19T11:26:51.842+0000] {dag.py:3239} INFO - Sync 1 DAGs
[2024-11-19T11:26:51.867+0000] {logging_mixin.py:190} INFO - [2024-11-19T11:26:51.866+0000] {dag.py:4180} INFO - Setting next_dagrun for example_skip_dag to 2024-11-18 00:00:00+00:00, run_after=2024-11-19 00:00:00+00:00
[2024-11-19T11:26:51.883+0000] {processor.py:208} INFO - Processing /home/airflow/.local/lib/python3.12/site-packages/airflow/example_dags/example_skip_dag.py took 0.076 seconds
[2024-11-19T11:27:22.740+0000] {processor.py:186} INFO - Started process (PID=1521) to work on /home/airflow/.local/lib/python3.12/site-packages/airflow/example_dags/example_skip_dag.py
[2024-11-19T11:27:22.741+0000] {processor.py:914} INFO - Processing file /home/airflow/.local/lib/python3.12/site-packages/airflow/example_dags/example_skip_dag.py for tasks to queue
[2024-11-19T11:27:22.743+0000] {logging_mixin.py:190} INFO - [2024-11-19T11:27:22.742+0000] {dagbag.py:588} INFO - Filling up the DagBag from /home/airflow/.local/lib/python3.12/site-packages/airflow/example_dags/example_skip_dag.py
[2024-11-19T11:27:22.761+0000] {processor.py:925} INFO - DAG(s) 'example_skip_dag' retrieved from /home/airflow/.local/lib/python3.12/site-packages/airflow/example_dags/example_skip_dag.py
[2024-11-19T11:27:22.800+0000] {logging_mixin.py:190} INFO - [2024-11-19T11:27:22.799+0000] {dag.py:3239} INFO - Sync 1 DAGs
[2024-11-19T11:27:22.843+0000] {logging_mixin.py:190} INFO - [2024-11-19T11:27:22.843+0000] {dag.py:4180} INFO - Setting next_dagrun for example_skip_dag to 2024-11-18 00:00:00+00:00, run_after=2024-11-19 00:00:00+00:00
[2024-11-19T11:27:22.872+0000] {processor.py:208} INFO - Processing /home/airflow/.local/lib/python3.12/site-packages/airflow/example_dags/example_skip_dag.py took 0.145 seconds
[2024-11-19T11:27:53.170+0000] {processor.py:186} INFO - Started process (PID=1586) to work on /home/airflow/.local/lib/python3.12/site-packages/airflow/example_dags/example_skip_dag.py
[2024-11-19T11:27:53.172+0000] {processor.py:914} INFO - Processing file /home/airflow/.local/lib/python3.12/site-packages/airflow/example_dags/example_skip_dag.py for tasks to queue
[2024-11-19T11:27:53.179+0000] {logging_mixin.py:190} INFO - [2024-11-19T11:27:53.178+0000] {dagbag.py:588} INFO - Filling up the DagBag from /home/airflow/.local/lib/python3.12/site-packages/airflow/example_dags/example_skip_dag.py
[2024-11-19T11:27:53.200+0000] {processor.py:925} INFO - DAG(s) 'example_skip_dag' retrieved from /home/airflow/.local/lib/python3.12/site-packages/airflow/example_dags/example_skip_dag.py
[2024-11-19T11:27:53.239+0000] {logging_mixin.py:190} INFO - [2024-11-19T11:27:53.239+0000] {dag.py:3239} INFO - Sync 1 DAGs
[2024-11-19T11:27:53.284+0000] {logging_mixin.py:190} INFO - [2024-11-19T11:27:53.284+0000] {dag.py:4180} INFO - Setting next_dagrun for example_skip_dag to 2024-11-18 00:00:00+00:00, run_after=2024-11-19 00:00:00+00:00
[2024-11-19T11:27:53.319+0000] {processor.py:208} INFO - Processing /home/airflow/.local/lib/python3.12/site-packages/airflow/example_dags/example_skip_dag.py took 0.158 seconds
[2024-11-19T11:28:23.970+0000] {processor.py:186} INFO - Started process (PID=1652) to work on /home/airflow/.local/lib/python3.12/site-packages/airflow/example_dags/example_skip_dag.py
[2024-11-19T11:28:23.974+0000] {processor.py:914} INFO - Processing file /home/airflow/.local/lib/python3.12/site-packages/airflow/example_dags/example_skip_dag.py for tasks to queue
[2024-11-19T11:28:23.976+0000] {logging_mixin.py:190} INFO - [2024-11-19T11:28:23.975+0000] {dagbag.py:588} INFO - Filling up the DagBag from /home/airflow/.local/lib/python3.12/site-packages/airflow/example_dags/example_skip_dag.py
[2024-11-19T11:28:23.989+0000] {processor.py:925} INFO - DAG(s) 'example_skip_dag' retrieved from /home/airflow/.local/lib/python3.12/site-packages/airflow/example_dags/example_skip_dag.py
[2024-11-19T11:28:24.041+0000] {logging_mixin.py:190} INFO - [2024-11-19T11:28:24.041+0000] {dag.py:3239} INFO - Sync 1 DAGs
[2024-11-19T11:28:24.098+0000] {logging_mixin.py:190} INFO - [2024-11-19T11:28:24.097+0000] {dag.py:4180} INFO - Setting next_dagrun for example_skip_dag to 2024-11-18 00:00:00+00:00, run_after=2024-11-19 00:00:00+00:00
[2024-11-19T11:28:24.138+0000] {processor.py:208} INFO - Processing /home/airflow/.local/lib/python3.12/site-packages/airflow/example_dags/example_skip_dag.py took 0.185 seconds
[2024-11-19T11:28:56.105+0000] {processor.py:186} INFO - Started process (PID=1718) to work on /home/airflow/.local/lib/python3.12/site-packages/airflow/example_dags/example_skip_dag.py
[2024-11-19T11:28:56.107+0000] {processor.py:914} INFO - Processing file /home/airflow/.local/lib/python3.12/site-packages/airflow/example_dags/example_skip_dag.py for tasks to queue
[2024-11-19T11:28:56.110+0000] {logging_mixin.py:190} INFO - [2024-11-19T11:28:56.109+0000] {dagbag.py:588} INFO - Filling up the DagBag from /home/airflow/.local/lib/python3.12/site-packages/airflow/example_dags/example_skip_dag.py
[2024-11-19T11:28:56.161+0000] {processor.py:925} INFO - DAG(s) 'example_skip_dag' retrieved from /home/airflow/.local/lib/python3.12/site-packages/airflow/example_dags/example_skip_dag.py
[2024-11-19T11:28:56.256+0000] {logging_mixin.py:190} INFO - [2024-11-19T11:28:56.255+0000] {dag.py:3239} INFO - Sync 1 DAGs
[2024-11-19T11:28:56.323+0000] {logging_mixin.py:190} INFO - [2024-11-19T11:28:56.322+0000] {dag.py:4180} INFO - Setting next_dagrun for example_skip_dag to 2024-11-18 00:00:00+00:00, run_after=2024-11-19 00:00:00+00:00
[2024-11-19T11:28:56.384+0000] {processor.py:208} INFO - Processing /home/airflow/.local/lib/python3.12/site-packages/airflow/example_dags/example_skip_dag.py took 0.320 seconds
[2024-11-19T11:29:26.504+0000] {processor.py:186} INFO - Started process (PID=1785) to work on /home/airflow/.local/lib/python3.12/site-packages/airflow/example_dags/example_skip_dag.py
[2024-11-19T11:29:26.505+0000] {processor.py:914} INFO - Processing file /home/airflow/.local/lib/python3.12/site-packages/airflow/example_dags/example_skip_dag.py for tasks to queue
[2024-11-19T11:29:26.506+0000] {logging_mixin.py:190} INFO - [2024-11-19T11:29:26.505+0000] {dagbag.py:588} INFO - Filling up the DagBag from /home/airflow/.local/lib/python3.12/site-packages/airflow/example_dags/example_skip_dag.py
[2024-11-19T11:29:26.515+0000] {processor.py:925} INFO - DAG(s) 'example_skip_dag' retrieved from /home/airflow/.local/lib/python3.12/site-packages/airflow/example_dags/example_skip_dag.py
[2024-11-19T11:29:26.538+0000] {logging_mixin.py:190} INFO - [2024-11-19T11:29:26.538+0000] {dag.py:3239} INFO - Sync 1 DAGs
[2024-11-19T11:29:26.567+0000] {logging_mixin.py:190} INFO - [2024-11-19T11:29:26.567+0000] {dag.py:4180} INFO - Setting next_dagrun for example_skip_dag to 2024-11-18 00:00:00+00:00, run_after=2024-11-19 00:00:00+00:00
[2024-11-19T11:29:26.588+0000] {processor.py:208} INFO - Processing /home/airflow/.local/lib/python3.12/site-packages/airflow/example_dags/example_skip_dag.py took 0.092 seconds
[2024-11-19T11:29:57.288+0000] {processor.py:186} INFO - Started process (PID=1851) to work on /home/airflow/.local/lib/python3.12/site-packages/airflow/example_dags/example_skip_dag.py
[2024-11-19T11:29:57.289+0000] {processor.py:914} INFO - Processing file /home/airflow/.local/lib/python3.12/site-packages/airflow/example_dags/example_skip_dag.py for tasks to queue
[2024-11-19T11:29:57.290+0000] {logging_mixin.py:190} INFO - [2024-11-19T11:29:57.289+0000] {dagbag.py:588} INFO - Filling up the DagBag from /home/airflow/.local/lib/python3.12/site-packages/airflow/example_dags/example_skip_dag.py
[2024-11-19T11:29:57.299+0000] {processor.py:925} INFO - DAG(s) 'example_skip_dag' retrieved from /home/airflow/.local/lib/python3.12/site-packages/airflow/example_dags/example_skip_dag.py
[2024-11-19T11:29:57.322+0000] {logging_mixin.py:190} INFO - [2024-11-19T11:29:57.321+0000] {dag.py:3239} INFO - Sync 1 DAGs
[2024-11-19T11:29:57.347+0000] {logging_mixin.py:190} INFO - [2024-11-19T11:29:57.347+0000] {dag.py:4180} INFO - Setting next_dagrun for example_skip_dag to 2024-11-18 00:00:00+00:00, run_after=2024-11-19 00:00:00+00:00
[2024-11-19T11:29:57.364+0000] {processor.py:208} INFO - Processing /home/airflow/.local/lib/python3.12/site-packages/airflow/example_dags/example_skip_dag.py took 0.081 seconds
[2024-11-19T11:31:24.641+0000] {processor.py:186} INFO - Started process (PID=1939) to work on /home/airflow/.local/lib/python3.12/site-packages/airflow/example_dags/example_skip_dag.py
[2024-11-19T11:31:24.644+0000] {processor.py:914} INFO - Processing file /home/airflow/.local/lib/python3.12/site-packages/airflow/example_dags/example_skip_dag.py for tasks to queue
[2024-11-19T11:31:24.646+0000] {logging_mixin.py:190} INFO - [2024-11-19T11:31:24.645+0000] {dagbag.py:588} INFO - Filling up the DagBag from /home/airflow/.local/lib/python3.12/site-packages/airflow/example_dags/example_skip_dag.py
[2024-11-19T11:31:24.661+0000] {processor.py:925} INFO - DAG(s) 'example_skip_dag' retrieved from /home/airflow/.local/lib/python3.12/site-packages/airflow/example_dags/example_skip_dag.py
[2024-11-19T11:31:24.707+0000] {logging_mixin.py:190} INFO - [2024-11-19T11:31:24.707+0000] {dag.py:3239} INFO - Sync 1 DAGs
[2024-11-19T11:31:24.756+0000] {logging_mixin.py:190} INFO - [2024-11-19T11:31:24.756+0000] {dag.py:4180} INFO - Setting next_dagrun for example_skip_dag to 2024-11-18 00:00:00+00:00, run_after=2024-11-19 00:00:00+00:00
[2024-11-19T11:31:24.791+0000] {processor.py:208} INFO - Processing /home/airflow/.local/lib/python3.12/site-packages/airflow/example_dags/example_skip_dag.py took 0.160 seconds
[2024-11-19T11:31:55.650+0000] {processor.py:186} INFO - Started process (PID=2005) to work on /home/airflow/.local/lib/python3.12/site-packages/airflow/example_dags/example_skip_dag.py
[2024-11-19T11:31:55.652+0000] {processor.py:914} INFO - Processing file /home/airflow/.local/lib/python3.12/site-packages/airflow/example_dags/example_skip_dag.py for tasks to queue
[2024-11-19T11:31:55.655+0000] {logging_mixin.py:190} INFO - [2024-11-19T11:31:55.654+0000] {dagbag.py:588} INFO - Filling up the DagBag from /home/airflow/.local/lib/python3.12/site-packages/airflow/example_dags/example_skip_dag.py
[2024-11-19T11:31:55.668+0000] {processor.py:925} INFO - DAG(s) 'example_skip_dag' retrieved from /home/airflow/.local/lib/python3.12/site-packages/airflow/example_dags/example_skip_dag.py
[2024-11-19T11:31:55.711+0000] {logging_mixin.py:190} INFO - [2024-11-19T11:31:55.711+0000] {dag.py:3239} INFO - Sync 1 DAGs
[2024-11-19T11:31:55.765+0000] {logging_mixin.py:190} INFO - [2024-11-19T11:31:55.765+0000] {dag.py:4180} INFO - Setting next_dagrun for example_skip_dag to 2024-11-18 00:00:00+00:00, run_after=2024-11-19 00:00:00+00:00
[2024-11-19T11:31:55.816+0000] {processor.py:208} INFO - Processing /home/airflow/.local/lib/python3.12/site-packages/airflow/example_dags/example_skip_dag.py took 0.173 seconds
