[2024-11-19T10:20:35.911+0000] {processor.py:186} INFO - Started process (PID=91) to work on /home/airflow/.local/lib/python3.12/site-packages/airflow/example_dags/example_branch_labels.py
[2024-11-19T10:20:35.914+0000] {processor.py:914} INFO - Processing file /home/airflow/.local/lib/python3.12/site-packages/airflow/example_dags/example_branch_labels.py for tasks to queue
[2024-11-19T10:20:35.922+0000] {logging_mixin.py:190} INFO - [2024-11-19T10:20:35.921+0000] {dagbag.py:588} INFO - Filling up the DagBag from /home/airflow/.local/lib/python3.12/site-packages/airflow/example_dags/example_branch_labels.py
[2024-11-19T10:20:35.959+0000] {processor.py:925} INFO - DAG(s) 'example_branch_labels' retrieved from /home/airflow/.local/lib/python3.12/site-packages/airflow/example_dags/example_branch_labels.py
[2024-11-19T10:20:36.101+0000] {logging_mixin.py:190} INFO - [2024-11-19T10:20:36.101+0000] {dag.py:3239} INFO - Sync 1 DAGs
[2024-11-19T10:20:36.279+0000] {logging_mixin.py:190} INFO - [2024-11-19T10:20:36.272+0000] {dag.py:4180} INFO - Setting next_dagrun for example_branch_labels to 2024-11-18 00:00:00+00:00, run_after=2024-11-19 00:00:00+00:00
[2024-11-19T10:20:36.321+0000] {processor.py:208} INFO - Processing /home/airflow/.local/lib/python3.12/site-packages/airflow/example_dags/example_branch_labels.py took 0.424 seconds
[2024-11-19T10:21:06.961+0000] {processor.py:186} INFO - Started process (PID=172) to work on /home/airflow/.local/lib/python3.12/site-packages/airflow/example_dags/example_branch_labels.py
[2024-11-19T10:21:06.961+0000] {processor.py:914} INFO - Processing file /home/airflow/.local/lib/python3.12/site-packages/airflow/example_dags/example_branch_labels.py for tasks to queue
[2024-11-19T10:21:06.963+0000] {logging_mixin.py:190} INFO - [2024-11-19T10:21:06.963+0000] {dagbag.py:588} INFO - Filling up the DagBag from /home/airflow/.local/lib/python3.12/site-packages/airflow/example_dags/example_branch_labels.py
[2024-11-19T10:21:06.971+0000] {processor.py:925} INFO - DAG(s) 'example_branch_labels' retrieved from /home/airflow/.local/lib/python3.12/site-packages/airflow/example_dags/example_branch_labels.py
[2024-11-19T10:21:06.988+0000] {logging_mixin.py:190} INFO - [2024-11-19T10:21:06.987+0000] {dag.py:3239} INFO - Sync 1 DAGs
[2024-11-19T10:21:07.015+0000] {logging_mixin.py:190} INFO - [2024-11-19T10:21:07.015+0000] {dag.py:4180} INFO - Setting next_dagrun for example_branch_labels to 2024-11-18 00:00:00+00:00, run_after=2024-11-19 00:00:00+00:00
[2024-11-19T10:21:07.039+0000] {processor.py:208} INFO - Processing /home/airflow/.local/lib/python3.12/site-packages/airflow/example_dags/example_branch_labels.py took 0.082 seconds
[2024-11-19T10:21:37.785+0000] {processor.py:186} INFO - Started process (PID=238) to work on /home/airflow/.local/lib/python3.12/site-packages/airflow/example_dags/example_branch_labels.py
[2024-11-19T10:21:37.786+0000] {processor.py:914} INFO - Processing file /home/airflow/.local/lib/python3.12/site-packages/airflow/example_dags/example_branch_labels.py for tasks to queue
[2024-11-19T10:21:37.790+0000] {logging_mixin.py:190} INFO - [2024-11-19T10:21:37.789+0000] {dagbag.py:588} INFO - Filling up the DagBag from /home/airflow/.local/lib/python3.12/site-packages/airflow/example_dags/example_branch_labels.py
[2024-11-19T10:21:37.815+0000] {processor.py:925} INFO - DAG(s) 'example_branch_labels' retrieved from /home/airflow/.local/lib/python3.12/site-packages/airflow/example_dags/example_branch_labels.py
[2024-11-19T10:21:37.854+0000] {logging_mixin.py:190} INFO - [2024-11-19T10:21:37.854+0000] {dag.py:3239} INFO - Sync 1 DAGs
[2024-11-19T10:21:37.894+0000] {logging_mixin.py:190} INFO - [2024-11-19T10:21:37.894+0000] {dag.py:4180} INFO - Setting next_dagrun for example_branch_labels to 2024-11-18 00:00:00+00:00, run_after=2024-11-19 00:00:00+00:00
[2024-11-19T10:21:37.931+0000] {processor.py:208} INFO - Processing /home/airflow/.local/lib/python3.12/site-packages/airflow/example_dags/example_branch_labels.py took 0.157 seconds
[2024-11-19T10:22:08.528+0000] {processor.py:186} INFO - Started process (PID=304) to work on /home/airflow/.local/lib/python3.12/site-packages/airflow/example_dags/example_branch_labels.py
[2024-11-19T10:22:08.529+0000] {processor.py:914} INFO - Processing file /home/airflow/.local/lib/python3.12/site-packages/airflow/example_dags/example_branch_labels.py for tasks to queue
[2024-11-19T10:22:08.531+0000] {logging_mixin.py:190} INFO - [2024-11-19T10:22:08.531+0000] {dagbag.py:588} INFO - Filling up the DagBag from /home/airflow/.local/lib/python3.12/site-packages/airflow/example_dags/example_branch_labels.py
[2024-11-19T10:22:08.547+0000] {processor.py:925} INFO - DAG(s) 'example_branch_labels' retrieved from /home/airflow/.local/lib/python3.12/site-packages/airflow/example_dags/example_branch_labels.py
[2024-11-19T10:22:08.574+0000] {logging_mixin.py:190} INFO - [2024-11-19T10:22:08.574+0000] {dag.py:3239} INFO - Sync 1 DAGs
[2024-11-19T10:22:08.610+0000] {logging_mixin.py:190} INFO - [2024-11-19T10:22:08.609+0000] {dag.py:4180} INFO - Setting next_dagrun for example_branch_labels to 2024-11-18 00:00:00+00:00, run_after=2024-11-19 00:00:00+00:00
[2024-11-19T10:22:08.636+0000] {processor.py:208} INFO - Processing /home/airflow/.local/lib/python3.12/site-packages/airflow/example_dags/example_branch_labels.py took 0.116 seconds
[2024-11-19T10:22:39.048+0000] {processor.py:186} INFO - Started process (PID=369) to work on /home/airflow/.local/lib/python3.12/site-packages/airflow/example_dags/example_branch_labels.py
[2024-11-19T10:22:39.048+0000] {processor.py:914} INFO - Processing file /home/airflow/.local/lib/python3.12/site-packages/airflow/example_dags/example_branch_labels.py for tasks to queue
[2024-11-19T10:22:39.050+0000] {logging_mixin.py:190} INFO - [2024-11-19T10:22:39.050+0000] {dagbag.py:588} INFO - Filling up the DagBag from /home/airflow/.local/lib/python3.12/site-packages/airflow/example_dags/example_branch_labels.py
[2024-11-19T10:22:39.059+0000] {processor.py:925} INFO - DAG(s) 'example_branch_labels' retrieved from /home/airflow/.local/lib/python3.12/site-packages/airflow/example_dags/example_branch_labels.py
[2024-11-19T10:22:39.076+0000] {logging_mixin.py:190} INFO - [2024-11-19T10:22:39.076+0000] {dag.py:3239} INFO - Sync 1 DAGs
[2024-11-19T10:22:39.097+0000] {logging_mixin.py:190} INFO - [2024-11-19T10:22:39.097+0000] {dag.py:4180} INFO - Setting next_dagrun for example_branch_labels to 2024-11-18 00:00:00+00:00, run_after=2024-11-19 00:00:00+00:00
[2024-11-19T10:22:39.112+0000] {processor.py:208} INFO - Processing /home/airflow/.local/lib/python3.12/site-packages/airflow/example_dags/example_branch_labels.py took 0.069 seconds
[2024-11-19T10:23:09.476+0000] {processor.py:186} INFO - Started process (PID=435) to work on /home/airflow/.local/lib/python3.12/site-packages/airflow/example_dags/example_branch_labels.py
[2024-11-19T10:23:09.477+0000] {processor.py:914} INFO - Processing file /home/airflow/.local/lib/python3.12/site-packages/airflow/example_dags/example_branch_labels.py for tasks to queue
[2024-11-19T10:23:09.479+0000] {logging_mixin.py:190} INFO - [2024-11-19T10:23:09.478+0000] {dagbag.py:588} INFO - Filling up the DagBag from /home/airflow/.local/lib/python3.12/site-packages/airflow/example_dags/example_branch_labels.py
[2024-11-19T10:23:09.488+0000] {processor.py:925} INFO - DAG(s) 'example_branch_labels' retrieved from /home/airflow/.local/lib/python3.12/site-packages/airflow/example_dags/example_branch_labels.py
[2024-11-19T10:23:09.519+0000] {logging_mixin.py:190} INFO - [2024-11-19T10:23:09.519+0000] {dag.py:3239} INFO - Sync 1 DAGs
[2024-11-19T10:23:09.543+0000] {logging_mixin.py:190} INFO - [2024-11-19T10:23:09.543+0000] {dag.py:4180} INFO - Setting next_dagrun for example_branch_labels to 2024-11-18 00:00:00+00:00, run_after=2024-11-19 00:00:00+00:00
[2024-11-19T10:23:09.558+0000] {processor.py:208} INFO - Processing /home/airflow/.local/lib/python3.12/site-packages/airflow/example_dags/example_branch_labels.py took 0.087 seconds
[2024-11-19T10:23:40.160+0000] {processor.py:186} INFO - Started process (PID=501) to work on /home/airflow/.local/lib/python3.12/site-packages/airflow/example_dags/example_branch_labels.py
[2024-11-19T10:23:40.161+0000] {processor.py:914} INFO - Processing file /home/airflow/.local/lib/python3.12/site-packages/airflow/example_dags/example_branch_labels.py for tasks to queue
[2024-11-19T10:23:40.162+0000] {logging_mixin.py:190} INFO - [2024-11-19T10:23:40.162+0000] {dagbag.py:588} INFO - Filling up the DagBag from /home/airflow/.local/lib/python3.12/site-packages/airflow/example_dags/example_branch_labels.py
[2024-11-19T10:23:40.170+0000] {processor.py:925} INFO - DAG(s) 'example_branch_labels' retrieved from /home/airflow/.local/lib/python3.12/site-packages/airflow/example_dags/example_branch_labels.py
[2024-11-19T10:23:40.186+0000] {logging_mixin.py:190} INFO - [2024-11-19T10:23:40.186+0000] {dag.py:3239} INFO - Sync 1 DAGs
[2024-11-19T10:23:40.207+0000] {logging_mixin.py:190} INFO - [2024-11-19T10:23:40.207+0000] {dag.py:4180} INFO - Setting next_dagrun for example_branch_labels to 2024-11-18 00:00:00+00:00, run_after=2024-11-19 00:00:00+00:00
[2024-11-19T10:23:40.223+0000] {processor.py:208} INFO - Processing /home/airflow/.local/lib/python3.12/site-packages/airflow/example_dags/example_branch_labels.py took 0.067 seconds
[2024-11-19T10:24:10.758+0000] {processor.py:186} INFO - Started process (PID=567) to work on /home/airflow/.local/lib/python3.12/site-packages/airflow/example_dags/example_branch_labels.py
[2024-11-19T10:24:10.758+0000] {processor.py:914} INFO - Processing file /home/airflow/.local/lib/python3.12/site-packages/airflow/example_dags/example_branch_labels.py for tasks to queue
[2024-11-19T10:24:10.760+0000] {logging_mixin.py:190} INFO - [2024-11-19T10:24:10.759+0000] {dagbag.py:588} INFO - Filling up the DagBag from /home/airflow/.local/lib/python3.12/site-packages/airflow/example_dags/example_branch_labels.py
[2024-11-19T10:24:10.768+0000] {processor.py:925} INFO - DAG(s) 'example_branch_labels' retrieved from /home/airflow/.local/lib/python3.12/site-packages/airflow/example_dags/example_branch_labels.py
[2024-11-19T10:24:10.784+0000] {logging_mixin.py:190} INFO - [2024-11-19T10:24:10.784+0000] {dag.py:3239} INFO - Sync 1 DAGs
[2024-11-19T10:24:10.805+0000] {logging_mixin.py:190} INFO - [2024-11-19T10:24:10.805+0000] {dag.py:4180} INFO - Setting next_dagrun for example_branch_labels to 2024-11-18 00:00:00+00:00, run_after=2024-11-19 00:00:00+00:00
[2024-11-19T10:24:10.820+0000] {processor.py:208} INFO - Processing /home/airflow/.local/lib/python3.12/site-packages/airflow/example_dags/example_branch_labels.py took 0.068 seconds
[2024-11-19T10:52:53.554+0000] {processor.py:186} INFO - Started process (PID=76) to work on /home/airflow/.local/lib/python3.12/site-packages/airflow/example_dags/example_branch_labels.py
[2024-11-19T10:52:53.555+0000] {processor.py:914} INFO - Processing file /home/airflow/.local/lib/python3.12/site-packages/airflow/example_dags/example_branch_labels.py for tasks to queue
[2024-11-19T10:52:53.558+0000] {logging_mixin.py:190} INFO - [2024-11-19T10:52:53.558+0000] {dagbag.py:588} INFO - Filling up the DagBag from /home/airflow/.local/lib/python3.12/site-packages/airflow/example_dags/example_branch_labels.py
[2024-11-19T10:52:53.582+0000] {processor.py:925} INFO - DAG(s) 'example_branch_labels' retrieved from /home/airflow/.local/lib/python3.12/site-packages/airflow/example_dags/example_branch_labels.py
[2024-11-19T10:52:53.649+0000] {logging_mixin.py:190} INFO - [2024-11-19T10:52:53.649+0000] {dag.py:3239} INFO - Sync 1 DAGs
[2024-11-19T10:52:53.713+0000] {logging_mixin.py:190} INFO - [2024-11-19T10:52:53.713+0000] {dag.py:4180} INFO - Setting next_dagrun for example_branch_labels to 2024-11-18 00:00:00+00:00, run_after=2024-11-19 00:00:00+00:00
[2024-11-19T10:52:53.762+0000] {processor.py:208} INFO - Processing /home/airflow/.local/lib/python3.12/site-packages/airflow/example_dags/example_branch_labels.py took 0.219 seconds
[2024-11-19T10:53:24.758+0000] {processor.py:186} INFO - Started process (PID=148) to work on /home/airflow/.local/lib/python3.12/site-packages/airflow/example_dags/example_branch_labels.py
[2024-11-19T10:53:24.759+0000] {processor.py:914} INFO - Processing file /home/airflow/.local/lib/python3.12/site-packages/airflow/example_dags/example_branch_labels.py for tasks to queue
[2024-11-19T10:53:24.761+0000] {logging_mixin.py:190} INFO - [2024-11-19T10:53:24.761+0000] {dagbag.py:588} INFO - Filling up the DagBag from /home/airflow/.local/lib/python3.12/site-packages/airflow/example_dags/example_branch_labels.py
[2024-11-19T10:53:24.770+0000] {processor.py:925} INFO - DAG(s) 'example_branch_labels' retrieved from /home/airflow/.local/lib/python3.12/site-packages/airflow/example_dags/example_branch_labels.py
[2024-11-19T10:53:24.807+0000] {logging_mixin.py:190} INFO - [2024-11-19T10:53:24.807+0000] {dag.py:3239} INFO - Sync 1 DAGs
[2024-11-19T10:53:24.839+0000] {logging_mixin.py:190} INFO - [2024-11-19T10:53:24.838+0000] {dag.py:4180} INFO - Setting next_dagrun for example_branch_labels to 2024-11-18 00:00:00+00:00, run_after=2024-11-19 00:00:00+00:00
[2024-11-19T10:53:24.864+0000] {processor.py:208} INFO - Processing /home/airflow/.local/lib/python3.12/site-packages/airflow/example_dags/example_branch_labels.py took 0.112 seconds
[2024-11-19T10:53:55.067+0000] {processor.py:186} INFO - Started process (PID=214) to work on /home/airflow/.local/lib/python3.12/site-packages/airflow/example_dags/example_branch_labels.py
[2024-11-19T10:53:55.068+0000] {processor.py:914} INFO - Processing file /home/airflow/.local/lib/python3.12/site-packages/airflow/example_dags/example_branch_labels.py for tasks to queue
[2024-11-19T10:53:55.069+0000] {logging_mixin.py:190} INFO - [2024-11-19T10:53:55.069+0000] {dagbag.py:588} INFO - Filling up the DagBag from /home/airflow/.local/lib/python3.12/site-packages/airflow/example_dags/example_branch_labels.py
[2024-11-19T10:53:55.078+0000] {processor.py:925} INFO - DAG(s) 'example_branch_labels' retrieved from /home/airflow/.local/lib/python3.12/site-packages/airflow/example_dags/example_branch_labels.py
[2024-11-19T10:53:55.095+0000] {logging_mixin.py:190} INFO - [2024-11-19T10:53:55.094+0000] {dag.py:3239} INFO - Sync 1 DAGs
[2024-11-19T10:53:55.115+0000] {logging_mixin.py:190} INFO - [2024-11-19T10:53:55.115+0000] {dag.py:4180} INFO - Setting next_dagrun for example_branch_labels to 2024-11-18 00:00:00+00:00, run_after=2024-11-19 00:00:00+00:00
[2024-11-19T10:53:55.130+0000] {processor.py:208} INFO - Processing /home/airflow/.local/lib/python3.12/site-packages/airflow/example_dags/example_branch_labels.py took 0.068 seconds
[2024-11-19T10:54:25.453+0000] {processor.py:186} INFO - Started process (PID=288) to work on /home/airflow/.local/lib/python3.12/site-packages/airflow/example_dags/example_branch_labels.py
[2024-11-19T10:54:25.454+0000] {processor.py:914} INFO - Processing file /home/airflow/.local/lib/python3.12/site-packages/airflow/example_dags/example_branch_labels.py for tasks to queue
[2024-11-19T10:54:25.456+0000] {logging_mixin.py:190} INFO - [2024-11-19T10:54:25.456+0000] {dagbag.py:588} INFO - Filling up the DagBag from /home/airflow/.local/lib/python3.12/site-packages/airflow/example_dags/example_branch_labels.py
[2024-11-19T10:54:25.464+0000] {processor.py:925} INFO - DAG(s) 'example_branch_labels' retrieved from /home/airflow/.local/lib/python3.12/site-packages/airflow/example_dags/example_branch_labels.py
[2024-11-19T10:54:25.489+0000] {logging_mixin.py:190} INFO - [2024-11-19T10:54:25.489+0000] {dag.py:3239} INFO - Sync 1 DAGs
[2024-11-19T10:54:25.515+0000] {logging_mixin.py:190} INFO - [2024-11-19T10:54:25.514+0000] {dag.py:4180} INFO - Setting next_dagrun for example_branch_labels to 2024-11-18 00:00:00+00:00, run_after=2024-11-19 00:00:00+00:00
[2024-11-19T10:54:25.539+0000] {processor.py:208} INFO - Processing /home/airflow/.local/lib/python3.12/site-packages/airflow/example_dags/example_branch_labels.py took 0.094 seconds
[2024-11-19T10:54:56.020+0000] {processor.py:186} INFO - Started process (PID=354) to work on /home/airflow/.local/lib/python3.12/site-packages/airflow/example_dags/example_branch_labels.py
[2024-11-19T10:54:56.021+0000] {processor.py:914} INFO - Processing file /home/airflow/.local/lib/python3.12/site-packages/airflow/example_dags/example_branch_labels.py for tasks to queue
[2024-11-19T10:54:56.024+0000] {logging_mixin.py:190} INFO - [2024-11-19T10:54:56.023+0000] {dagbag.py:588} INFO - Filling up the DagBag from /home/airflow/.local/lib/python3.12/site-packages/airflow/example_dags/example_branch_labels.py
[2024-11-19T10:54:56.034+0000] {processor.py:925} INFO - DAG(s) 'example_branch_labels' retrieved from /home/airflow/.local/lib/python3.12/site-packages/airflow/example_dags/example_branch_labels.py
[2024-11-19T10:54:56.055+0000] {logging_mixin.py:190} INFO - [2024-11-19T10:54:56.054+0000] {dag.py:3239} INFO - Sync 1 DAGs
[2024-11-19T10:54:56.083+0000] {logging_mixin.py:190} INFO - [2024-11-19T10:54:56.083+0000] {dag.py:4180} INFO - Setting next_dagrun for example_branch_labels to 2024-11-18 00:00:00+00:00, run_after=2024-11-19 00:00:00+00:00
[2024-11-19T10:54:56.103+0000] {processor.py:208} INFO - Processing /home/airflow/.local/lib/python3.12/site-packages/airflow/example_dags/example_branch_labels.py took 0.088 seconds
[2024-11-19T10:55:26.425+0000] {processor.py:186} INFO - Started process (PID=420) to work on /home/airflow/.local/lib/python3.12/site-packages/airflow/example_dags/example_branch_labels.py
[2024-11-19T10:55:26.426+0000] {processor.py:914} INFO - Processing file /home/airflow/.local/lib/python3.12/site-packages/airflow/example_dags/example_branch_labels.py for tasks to queue
[2024-11-19T10:55:26.428+0000] {logging_mixin.py:190} INFO - [2024-11-19T10:55:26.427+0000] {dagbag.py:588} INFO - Filling up the DagBag from /home/airflow/.local/lib/python3.12/site-packages/airflow/example_dags/example_branch_labels.py
[2024-11-19T10:55:26.439+0000] {processor.py:925} INFO - DAG(s) 'example_branch_labels' retrieved from /home/airflow/.local/lib/python3.12/site-packages/airflow/example_dags/example_branch_labels.py
[2024-11-19T10:55:26.468+0000] {logging_mixin.py:190} INFO - [2024-11-19T10:55:26.468+0000] {dag.py:3239} INFO - Sync 1 DAGs
[2024-11-19T10:55:26.505+0000] {logging_mixin.py:190} INFO - [2024-11-19T10:55:26.504+0000] {dag.py:4180} INFO - Setting next_dagrun for example_branch_labels to 2024-11-18 00:00:00+00:00, run_after=2024-11-19 00:00:00+00:00
[2024-11-19T10:55:26.531+0000] {processor.py:208} INFO - Processing /home/airflow/.local/lib/python3.12/site-packages/airflow/example_dags/example_branch_labels.py took 0.111 seconds
[2024-11-19T10:55:57.266+0000] {processor.py:186} INFO - Started process (PID=485) to work on /home/airflow/.local/lib/python3.12/site-packages/airflow/example_dags/example_branch_labels.py
[2024-11-19T10:55:57.266+0000] {processor.py:914} INFO - Processing file /home/airflow/.local/lib/python3.12/site-packages/airflow/example_dags/example_branch_labels.py for tasks to queue
[2024-11-19T10:55:57.269+0000] {logging_mixin.py:190} INFO - [2024-11-19T10:55:57.269+0000] {dagbag.py:588} INFO - Filling up the DagBag from /home/airflow/.local/lib/python3.12/site-packages/airflow/example_dags/example_branch_labels.py
[2024-11-19T10:55:57.279+0000] {processor.py:925} INFO - DAG(s) 'example_branch_labels' retrieved from /home/airflow/.local/lib/python3.12/site-packages/airflow/example_dags/example_branch_labels.py
[2024-11-19T10:55:57.298+0000] {logging_mixin.py:190} INFO - [2024-11-19T10:55:57.297+0000] {dag.py:3239} INFO - Sync 1 DAGs
[2024-11-19T10:55:57.323+0000] {logging_mixin.py:190} INFO - [2024-11-19T10:55:57.322+0000] {dag.py:4180} INFO - Setting next_dagrun for example_branch_labels to 2024-11-18 00:00:00+00:00, run_after=2024-11-19 00:00:00+00:00
[2024-11-19T10:55:57.341+0000] {processor.py:208} INFO - Processing /home/airflow/.local/lib/python3.12/site-packages/airflow/example_dags/example_branch_labels.py took 0.081 seconds
[2024-11-19T10:56:28.237+0000] {processor.py:186} INFO - Started process (PID=551) to work on /home/airflow/.local/lib/python3.12/site-packages/airflow/example_dags/example_branch_labels.py
[2024-11-19T10:56:28.238+0000] {processor.py:914} INFO - Processing file /home/airflow/.local/lib/python3.12/site-packages/airflow/example_dags/example_branch_labels.py for tasks to queue
[2024-11-19T10:56:28.239+0000] {logging_mixin.py:190} INFO - [2024-11-19T10:56:28.239+0000] {dagbag.py:588} INFO - Filling up the DagBag from /home/airflow/.local/lib/python3.12/site-packages/airflow/example_dags/example_branch_labels.py
[2024-11-19T10:56:28.251+0000] {processor.py:925} INFO - DAG(s) 'example_branch_labels' retrieved from /home/airflow/.local/lib/python3.12/site-packages/airflow/example_dags/example_branch_labels.py
[2024-11-19T10:56:28.273+0000] {logging_mixin.py:190} INFO - [2024-11-19T10:56:28.272+0000] {dag.py:3239} INFO - Sync 1 DAGs
[2024-11-19T10:56:28.305+0000] {logging_mixin.py:190} INFO - [2024-11-19T10:56:28.304+0000] {dag.py:4180} INFO - Setting next_dagrun for example_branch_labels to 2024-11-18 00:00:00+00:00, run_after=2024-11-19 00:00:00+00:00
[2024-11-19T10:56:28.330+0000] {processor.py:208} INFO - Processing /home/airflow/.local/lib/python3.12/site-packages/airflow/example_dags/example_branch_labels.py took 0.101 seconds
[2024-11-19T10:56:58.558+0000] {processor.py:186} INFO - Started process (PID=615) to work on /home/airflow/.local/lib/python3.12/site-packages/airflow/example_dags/example_branch_labels.py
[2024-11-19T10:56:58.559+0000] {processor.py:914} INFO - Processing file /home/airflow/.local/lib/python3.12/site-packages/airflow/example_dags/example_branch_labels.py for tasks to queue
[2024-11-19T10:56:58.561+0000] {logging_mixin.py:190} INFO - [2024-11-19T10:56:58.561+0000] {dagbag.py:588} INFO - Filling up the DagBag from /home/airflow/.local/lib/python3.12/site-packages/airflow/example_dags/example_branch_labels.py
[2024-11-19T10:56:58.577+0000] {processor.py:925} INFO - DAG(s) 'example_branch_labels' retrieved from /home/airflow/.local/lib/python3.12/site-packages/airflow/example_dags/example_branch_labels.py
[2024-11-19T10:56:58.608+0000] {logging_mixin.py:190} INFO - [2024-11-19T10:56:58.608+0000] {dag.py:3239} INFO - Sync 1 DAGs
[2024-11-19T10:56:58.646+0000] {logging_mixin.py:190} INFO - [2024-11-19T10:56:58.646+0000] {dag.py:4180} INFO - Setting next_dagrun for example_branch_labels to 2024-11-18 00:00:00+00:00, run_after=2024-11-19 00:00:00+00:00
[2024-11-19T10:56:58.672+0000] {processor.py:208} INFO - Processing /home/airflow/.local/lib/python3.12/site-packages/airflow/example_dags/example_branch_labels.py took 0.123 seconds
[2024-11-19T10:57:29.196+0000] {processor.py:186} INFO - Started process (PID=681) to work on /home/airflow/.local/lib/python3.12/site-packages/airflow/example_dags/example_branch_labels.py
[2024-11-19T10:57:29.196+0000] {processor.py:914} INFO - Processing file /home/airflow/.local/lib/python3.12/site-packages/airflow/example_dags/example_branch_labels.py for tasks to queue
[2024-11-19T10:57:29.198+0000] {logging_mixin.py:190} INFO - [2024-11-19T10:57:29.198+0000] {dagbag.py:588} INFO - Filling up the DagBag from /home/airflow/.local/lib/python3.12/site-packages/airflow/example_dags/example_branch_labels.py
[2024-11-19T10:57:29.206+0000] {processor.py:925} INFO - DAG(s) 'example_branch_labels' retrieved from /home/airflow/.local/lib/python3.12/site-packages/airflow/example_dags/example_branch_labels.py
[2024-11-19T10:57:29.223+0000] {logging_mixin.py:190} INFO - [2024-11-19T10:57:29.222+0000] {dag.py:3239} INFO - Sync 1 DAGs
[2024-11-19T10:57:29.243+0000] {logging_mixin.py:190} INFO - [2024-11-19T10:57:29.243+0000] {dag.py:4180} INFO - Setting next_dagrun for example_branch_labels to 2024-11-18 00:00:00+00:00, run_after=2024-11-19 00:00:00+00:00
[2024-11-19T10:57:29.258+0000] {processor.py:208} INFO - Processing /home/airflow/.local/lib/python3.12/site-packages/airflow/example_dags/example_branch_labels.py took 0.067 seconds
[2024-11-19T10:58:00.938+0000] {processor.py:186} INFO - Started process (PID=752) to work on /home/airflow/.local/lib/python3.12/site-packages/airflow/example_dags/example_branch_labels.py
[2024-11-19T10:58:00.940+0000] {processor.py:914} INFO - Processing file /home/airflow/.local/lib/python3.12/site-packages/airflow/example_dags/example_branch_labels.py for tasks to queue
[2024-11-19T10:58:00.944+0000] {logging_mixin.py:190} INFO - [2024-11-19T10:58:00.943+0000] {dagbag.py:588} INFO - Filling up the DagBag from /home/airflow/.local/lib/python3.12/site-packages/airflow/example_dags/example_branch_labels.py
[2024-11-19T10:58:00.964+0000] {processor.py:925} INFO - DAG(s) 'example_branch_labels' retrieved from /home/airflow/.local/lib/python3.12/site-packages/airflow/example_dags/example_branch_labels.py
[2024-11-19T10:58:01.002+0000] {logging_mixin.py:190} INFO - [2024-11-19T10:58:01.002+0000] {dag.py:3239} INFO - Sync 1 DAGs
[2024-11-19T10:58:01.049+0000] {logging_mixin.py:190} INFO - [2024-11-19T10:58:01.049+0000] {dag.py:4180} INFO - Setting next_dagrun for example_branch_labels to 2024-11-18 00:00:00+00:00, run_after=2024-11-19 00:00:00+00:00
[2024-11-19T10:58:01.076+0000] {processor.py:208} INFO - Processing /home/airflow/.local/lib/python3.12/site-packages/airflow/example_dags/example_branch_labels.py took 0.149 seconds
[2024-11-19T10:58:31.426+0000] {processor.py:186} INFO - Started process (PID=821) to work on /home/airflow/.local/lib/python3.12/site-packages/airflow/example_dags/example_branch_labels.py
[2024-11-19T10:58:31.427+0000] {processor.py:914} INFO - Processing file /home/airflow/.local/lib/python3.12/site-packages/airflow/example_dags/example_branch_labels.py for tasks to queue
[2024-11-19T10:58:31.429+0000] {logging_mixin.py:190} INFO - [2024-11-19T10:58:31.429+0000] {dagbag.py:588} INFO - Filling up the DagBag from /home/airflow/.local/lib/python3.12/site-packages/airflow/example_dags/example_branch_labels.py
[2024-11-19T10:58:31.442+0000] {processor.py:925} INFO - DAG(s) 'example_branch_labels' retrieved from /home/airflow/.local/lib/python3.12/site-packages/airflow/example_dags/example_branch_labels.py
[2024-11-19T10:58:31.479+0000] {logging_mixin.py:190} INFO - [2024-11-19T10:58:31.479+0000] {dag.py:3239} INFO - Sync 1 DAGs
[2024-11-19T10:58:31.532+0000] {logging_mixin.py:190} INFO - [2024-11-19T10:58:31.532+0000] {dag.py:4180} INFO - Setting next_dagrun for example_branch_labels to 2024-11-18 00:00:00+00:00, run_after=2024-11-19 00:00:00+00:00
[2024-11-19T10:58:31.568+0000] {processor.py:208} INFO - Processing /home/airflow/.local/lib/python3.12/site-packages/airflow/example_dags/example_branch_labels.py took 0.148 seconds
[2024-11-19T10:59:01.983+0000] {processor.py:186} INFO - Started process (PID=887) to work on /home/airflow/.local/lib/python3.12/site-packages/airflow/example_dags/example_branch_labels.py
[2024-11-19T10:59:01.985+0000] {processor.py:914} INFO - Processing file /home/airflow/.local/lib/python3.12/site-packages/airflow/example_dags/example_branch_labels.py for tasks to queue
[2024-11-19T10:59:01.989+0000] {logging_mixin.py:190} INFO - [2024-11-19T10:59:01.988+0000] {dagbag.py:588} INFO - Filling up the DagBag from /home/airflow/.local/lib/python3.12/site-packages/airflow/example_dags/example_branch_labels.py
[2024-11-19T10:59:02.005+0000] {processor.py:925} INFO - DAG(s) 'example_branch_labels' retrieved from /home/airflow/.local/lib/python3.12/site-packages/airflow/example_dags/example_branch_labels.py
[2024-11-19T10:59:02.028+0000] {logging_mixin.py:190} INFO - [2024-11-19T10:59:02.028+0000] {dag.py:3239} INFO - Sync 1 DAGs
[2024-11-19T10:59:02.059+0000] {logging_mixin.py:190} INFO - [2024-11-19T10:59:02.058+0000] {dag.py:4180} INFO - Setting next_dagrun for example_branch_labels to 2024-11-18 00:00:00+00:00, run_after=2024-11-19 00:00:00+00:00
[2024-11-19T10:59:02.082+0000] {processor.py:208} INFO - Processing /home/airflow/.local/lib/python3.12/site-packages/airflow/example_dags/example_branch_labels.py took 0.108 seconds
[2024-11-19T10:59:36.008+0000] {processor.py:186} INFO - Started process (PID=953) to work on /home/airflow/.local/lib/python3.12/site-packages/airflow/example_dags/example_branch_labels.py
[2024-11-19T10:59:36.010+0000] {processor.py:914} INFO - Processing file /home/airflow/.local/lib/python3.12/site-packages/airflow/example_dags/example_branch_labels.py for tasks to queue
[2024-11-19T10:59:36.014+0000] {logging_mixin.py:190} INFO - [2024-11-19T10:59:36.013+0000] {dagbag.py:588} INFO - Filling up the DagBag from /home/airflow/.local/lib/python3.12/site-packages/airflow/example_dags/example_branch_labels.py
[2024-11-19T10:59:36.034+0000] {processor.py:925} INFO - DAG(s) 'example_branch_labels' retrieved from /home/airflow/.local/lib/python3.12/site-packages/airflow/example_dags/example_branch_labels.py
[2024-11-19T10:59:36.077+0000] {logging_mixin.py:190} INFO - [2024-11-19T10:59:36.077+0000] {dag.py:3239} INFO - Sync 1 DAGs
[2024-11-19T10:59:36.141+0000] {logging_mixin.py:190} INFO - [2024-11-19T10:59:36.140+0000] {dag.py:4180} INFO - Setting next_dagrun for example_branch_labels to 2024-11-18 00:00:00+00:00, run_after=2024-11-19 00:00:00+00:00
[2024-11-19T10:59:36.183+0000] {processor.py:208} INFO - Processing /home/airflow/.local/lib/python3.12/site-packages/airflow/example_dags/example_branch_labels.py took 0.192 seconds
[2024-11-19T11:02:36.667+0000] {processor.py:186} INFO - Started process (PID=1058) to work on /home/airflow/.local/lib/python3.12/site-packages/airflow/example_dags/example_branch_labels.py
[2024-11-19T11:02:36.672+0000] {processor.py:914} INFO - Processing file /home/airflow/.local/lib/python3.12/site-packages/airflow/example_dags/example_branch_labels.py for tasks to queue
[2024-11-19T11:02:36.674+0000] {logging_mixin.py:190} INFO - [2024-11-19T11:02:36.673+0000] {dagbag.py:588} INFO - Filling up the DagBag from /home/airflow/.local/lib/python3.12/site-packages/airflow/example_dags/example_branch_labels.py
[2024-11-19T11:02:36.696+0000] {processor.py:925} INFO - DAG(s) 'example_branch_labels' retrieved from /home/airflow/.local/lib/python3.12/site-packages/airflow/example_dags/example_branch_labels.py
[2024-11-19T11:02:36.799+0000] {logging_mixin.py:190} INFO - [2024-11-19T11:02:36.798+0000] {dag.py:3239} INFO - Sync 1 DAGs
[2024-11-19T11:02:36.900+0000] {logging_mixin.py:190} INFO - [2024-11-19T11:02:36.900+0000] {dag.py:4180} INFO - Setting next_dagrun for example_branch_labels to 2024-11-18 00:00:00+00:00, run_after=2024-11-19 00:00:00+00:00
[2024-11-19T11:02:36.945+0000] {processor.py:208} INFO - Processing /home/airflow/.local/lib/python3.12/site-packages/airflow/example_dags/example_branch_labels.py took 0.294 seconds
[2024-11-19T11:03:07.649+0000] {processor.py:186} INFO - Started process (PID=1124) to work on /home/airflow/.local/lib/python3.12/site-packages/airflow/example_dags/example_branch_labels.py
[2024-11-19T11:03:07.650+0000] {processor.py:914} INFO - Processing file /home/airflow/.local/lib/python3.12/site-packages/airflow/example_dags/example_branch_labels.py for tasks to queue
[2024-11-19T11:03:07.650+0000] {logging_mixin.py:190} INFO - [2024-11-19T11:03:07.650+0000] {dagbag.py:588} INFO - Filling up the DagBag from /home/airflow/.local/lib/python3.12/site-packages/airflow/example_dags/example_branch_labels.py
[2024-11-19T11:03:07.658+0000] {processor.py:925} INFO - DAG(s) 'example_branch_labels' retrieved from /home/airflow/.local/lib/python3.12/site-packages/airflow/example_dags/example_branch_labels.py
[2024-11-19T11:03:07.674+0000] {logging_mixin.py:190} INFO - [2024-11-19T11:03:07.674+0000] {dag.py:3239} INFO - Sync 1 DAGs
[2024-11-19T11:03:07.694+0000] {logging_mixin.py:190} INFO - [2024-11-19T11:03:07.694+0000] {dag.py:4180} INFO - Setting next_dagrun for example_branch_labels to 2024-11-18 00:00:00+00:00, run_after=2024-11-19 00:00:00+00:00
[2024-11-19T11:03:07.710+0000] {processor.py:208} INFO - Processing /home/airflow/.local/lib/python3.12/site-packages/airflow/example_dags/example_branch_labels.py took 0.066 seconds
[2024-11-19T11:03:38.144+0000] {processor.py:186} INFO - Started process (PID=1190) to work on /home/airflow/.local/lib/python3.12/site-packages/airflow/example_dags/example_branch_labels.py
[2024-11-19T11:03:38.145+0000] {processor.py:914} INFO - Processing file /home/airflow/.local/lib/python3.12/site-packages/airflow/example_dags/example_branch_labels.py for tasks to queue
[2024-11-19T11:03:38.146+0000] {logging_mixin.py:190} INFO - [2024-11-19T11:03:38.146+0000] {dagbag.py:588} INFO - Filling up the DagBag from /home/airflow/.local/lib/python3.12/site-packages/airflow/example_dags/example_branch_labels.py
[2024-11-19T11:03:38.159+0000] {processor.py:925} INFO - DAG(s) 'example_branch_labels' retrieved from /home/airflow/.local/lib/python3.12/site-packages/airflow/example_dags/example_branch_labels.py
[2024-11-19T11:03:38.181+0000] {logging_mixin.py:190} INFO - [2024-11-19T11:03:38.180+0000] {dag.py:3239} INFO - Sync 1 DAGs
[2024-11-19T11:03:38.213+0000] {logging_mixin.py:190} INFO - [2024-11-19T11:03:38.213+0000] {dag.py:4180} INFO - Setting next_dagrun for example_branch_labels to 2024-11-18 00:00:00+00:00, run_after=2024-11-19 00:00:00+00:00
[2024-11-19T11:03:38.238+0000] {processor.py:208} INFO - Processing /home/airflow/.local/lib/python3.12/site-packages/airflow/example_dags/example_branch_labels.py took 0.103 seconds
[2024-11-19T11:04:09.191+0000] {processor.py:186} INFO - Started process (PID=1260) to work on /home/airflow/.local/lib/python3.12/site-packages/airflow/example_dags/example_branch_labels.py
[2024-11-19T11:04:09.193+0000] {processor.py:914} INFO - Processing file /home/airflow/.local/lib/python3.12/site-packages/airflow/example_dags/example_branch_labels.py for tasks to queue
[2024-11-19T11:04:09.201+0000] {logging_mixin.py:190} INFO - [2024-11-19T11:04:09.196+0000] {dagbag.py:588} INFO - Filling up the DagBag from /home/airflow/.local/lib/python3.12/site-packages/airflow/example_dags/example_branch_labels.py
[2024-11-19T11:04:09.241+0000] {processor.py:925} INFO - DAG(s) 'example_branch_labels' retrieved from /home/airflow/.local/lib/python3.12/site-packages/airflow/example_dags/example_branch_labels.py
[2024-11-19T11:04:09.334+0000] {logging_mixin.py:190} INFO - [2024-11-19T11:04:09.333+0000] {dag.py:3239} INFO - Sync 1 DAGs
[2024-11-19T11:04:09.408+0000] {logging_mixin.py:190} INFO - [2024-11-19T11:04:09.408+0000] {dag.py:4180} INFO - Setting next_dagrun for example_branch_labels to 2024-11-18 00:00:00+00:00, run_after=2024-11-19 00:00:00+00:00
[2024-11-19T11:04:09.462+0000] {processor.py:208} INFO - Processing /home/airflow/.local/lib/python3.12/site-packages/airflow/example_dags/example_branch_labels.py took 0.298 seconds
[2024-11-19T11:04:40.121+0000] {processor.py:186} INFO - Started process (PID=1326) to work on /home/airflow/.local/lib/python3.12/site-packages/airflow/example_dags/example_branch_labels.py
[2024-11-19T11:04:40.122+0000] {processor.py:914} INFO - Processing file /home/airflow/.local/lib/python3.12/site-packages/airflow/example_dags/example_branch_labels.py for tasks to queue
[2024-11-19T11:04:40.124+0000] {logging_mixin.py:190} INFO - [2024-11-19T11:04:40.123+0000] {dagbag.py:588} INFO - Filling up the DagBag from /home/airflow/.local/lib/python3.12/site-packages/airflow/example_dags/example_branch_labels.py
[2024-11-19T11:04:40.135+0000] {processor.py:925} INFO - DAG(s) 'example_branch_labels' retrieved from /home/airflow/.local/lib/python3.12/site-packages/airflow/example_dags/example_branch_labels.py
[2024-11-19T11:04:40.160+0000] {logging_mixin.py:190} INFO - [2024-11-19T11:04:40.160+0000] {dag.py:3239} INFO - Sync 1 DAGs
[2024-11-19T11:04:40.195+0000] {logging_mixin.py:190} INFO - [2024-11-19T11:04:40.195+0000] {dag.py:4180} INFO - Setting next_dagrun for example_branch_labels to 2024-11-18 00:00:00+00:00, run_after=2024-11-19 00:00:00+00:00
[2024-11-19T11:04:40.231+0000] {processor.py:208} INFO - Processing /home/airflow/.local/lib/python3.12/site-packages/airflow/example_dags/example_branch_labels.py took 0.118 seconds
[2024-11-19T11:05:10.970+0000] {processor.py:186} INFO - Started process (PID=1392) to work on /home/airflow/.local/lib/python3.12/site-packages/airflow/example_dags/example_branch_labels.py
[2024-11-19T11:05:10.971+0000] {processor.py:914} INFO - Processing file /home/airflow/.local/lib/python3.12/site-packages/airflow/example_dags/example_branch_labels.py for tasks to queue
[2024-11-19T11:05:10.973+0000] {logging_mixin.py:190} INFO - [2024-11-19T11:05:10.972+0000] {dagbag.py:588} INFO - Filling up the DagBag from /home/airflow/.local/lib/python3.12/site-packages/airflow/example_dags/example_branch_labels.py
[2024-11-19T11:05:10.985+0000] {processor.py:925} INFO - DAG(s) 'example_branch_labels' retrieved from /home/airflow/.local/lib/python3.12/site-packages/airflow/example_dags/example_branch_labels.py
[2024-11-19T11:05:11.005+0000] {logging_mixin.py:190} INFO - [2024-11-19T11:05:11.005+0000] {dag.py:3239} INFO - Sync 1 DAGs
[2024-11-19T11:05:11.035+0000] {logging_mixin.py:190} INFO - [2024-11-19T11:05:11.035+0000] {dag.py:4180} INFO - Setting next_dagrun for example_branch_labels to 2024-11-18 00:00:00+00:00, run_after=2024-11-19 00:00:00+00:00
[2024-11-19T11:05:11.058+0000] {processor.py:208} INFO - Processing /home/airflow/.local/lib/python3.12/site-packages/airflow/example_dags/example_branch_labels.py took 0.095 seconds
[2024-11-19T11:05:42.030+0000] {processor.py:186} INFO - Started process (PID=1459) to work on /home/airflow/.local/lib/python3.12/site-packages/airflow/example_dags/example_branch_labels.py
[2024-11-19T11:05:42.031+0000] {processor.py:914} INFO - Processing file /home/airflow/.local/lib/python3.12/site-packages/airflow/example_dags/example_branch_labels.py for tasks to queue
[2024-11-19T11:05:42.034+0000] {logging_mixin.py:190} INFO - [2024-11-19T11:05:42.033+0000] {dagbag.py:588} INFO - Filling up the DagBag from /home/airflow/.local/lib/python3.12/site-packages/airflow/example_dags/example_branch_labels.py
[2024-11-19T11:05:42.051+0000] {processor.py:925} INFO - DAG(s) 'example_branch_labels' retrieved from /home/airflow/.local/lib/python3.12/site-packages/airflow/example_dags/example_branch_labels.py
[2024-11-19T11:05:42.093+0000] {logging_mixin.py:190} INFO - [2024-11-19T11:05:42.092+0000] {dag.py:3239} INFO - Sync 1 DAGs
[2024-11-19T11:05:42.140+0000] {logging_mixin.py:190} INFO - [2024-11-19T11:05:42.140+0000] {dag.py:4180} INFO - Setting next_dagrun for example_branch_labels to 2024-11-18 00:00:00+00:00, run_after=2024-11-19 00:00:00+00:00
[2024-11-19T11:05:42.174+0000] {processor.py:208} INFO - Processing /home/airflow/.local/lib/python3.12/site-packages/airflow/example_dags/example_branch_labels.py took 0.152 seconds
[2024-11-19T11:15:59.559+0000] {processor.py:186} INFO - Started process (PID=67) to work on /home/airflow/.local/lib/python3.12/site-packages/airflow/example_dags/example_branch_labels.py
[2024-11-19T11:15:59.559+0000] {processor.py:914} INFO - Processing file /home/airflow/.local/lib/python3.12/site-packages/airflow/example_dags/example_branch_labels.py for tasks to queue
[2024-11-19T11:15:59.561+0000] {logging_mixin.py:190} INFO - [2024-11-19T11:15:59.561+0000] {dagbag.py:588} INFO - Filling up the DagBag from /home/airflow/.local/lib/python3.12/site-packages/airflow/example_dags/example_branch_labels.py
[2024-11-19T11:15:59.571+0000] {processor.py:925} INFO - DAG(s) 'example_branch_labels' retrieved from /home/airflow/.local/lib/python3.12/site-packages/airflow/example_dags/example_branch_labels.py
[2024-11-19T11:15:59.604+0000] {logging_mixin.py:190} INFO - [2024-11-19T11:15:59.604+0000] {dag.py:3239} INFO - Sync 1 DAGs
[2024-11-19T11:15:59.640+0000] {logging_mixin.py:190} INFO - [2024-11-19T11:15:59.639+0000] {dag.py:4180} INFO - Setting next_dagrun for example_branch_labels to 2024-11-18 00:00:00+00:00, run_after=2024-11-19 00:00:00+00:00
[2024-11-19T11:15:59.666+0000] {processor.py:208} INFO - Processing /home/airflow/.local/lib/python3.12/site-packages/airflow/example_dags/example_branch_labels.py took 0.113 seconds
[2024-11-19T11:16:30.254+0000] {processor.py:186} INFO - Started process (PID=133) to work on /home/airflow/.local/lib/python3.12/site-packages/airflow/example_dags/example_branch_labels.py
[2024-11-19T11:16:30.255+0000] {processor.py:914} INFO - Processing file /home/airflow/.local/lib/python3.12/site-packages/airflow/example_dags/example_branch_labels.py for tasks to queue
[2024-11-19T11:16:30.257+0000] {logging_mixin.py:190} INFO - [2024-11-19T11:16:30.256+0000] {dagbag.py:588} INFO - Filling up the DagBag from /home/airflow/.local/lib/python3.12/site-packages/airflow/example_dags/example_branch_labels.py
[2024-11-19T11:16:30.265+0000] {processor.py:925} INFO - DAG(s) 'example_branch_labels' retrieved from /home/airflow/.local/lib/python3.12/site-packages/airflow/example_dags/example_branch_labels.py
[2024-11-19T11:16:30.282+0000] {logging_mixin.py:190} INFO - [2024-11-19T11:16:30.282+0000] {dag.py:3239} INFO - Sync 1 DAGs
[2024-11-19T11:16:30.307+0000] {logging_mixin.py:190} INFO - [2024-11-19T11:16:30.307+0000] {dag.py:4180} INFO - Setting next_dagrun for example_branch_labels to 2024-11-18 00:00:00+00:00, run_after=2024-11-19 00:00:00+00:00
[2024-11-19T11:16:30.326+0000] {processor.py:208} INFO - Processing /home/airflow/.local/lib/python3.12/site-packages/airflow/example_dags/example_branch_labels.py took 0.076 seconds
[2024-11-19T11:17:00.621+0000] {processor.py:186} INFO - Started process (PID=199) to work on /home/airflow/.local/lib/python3.12/site-packages/airflow/example_dags/example_branch_labels.py
[2024-11-19T11:17:00.622+0000] {processor.py:914} INFO - Processing file /home/airflow/.local/lib/python3.12/site-packages/airflow/example_dags/example_branch_labels.py for tasks to queue
[2024-11-19T11:17:00.623+0000] {logging_mixin.py:190} INFO - [2024-11-19T11:17:00.623+0000] {dagbag.py:588} INFO - Filling up the DagBag from /home/airflow/.local/lib/python3.12/site-packages/airflow/example_dags/example_branch_labels.py
[2024-11-19T11:17:00.632+0000] {processor.py:925} INFO - DAG(s) 'example_branch_labels' retrieved from /home/airflow/.local/lib/python3.12/site-packages/airflow/example_dags/example_branch_labels.py
[2024-11-19T11:17:00.651+0000] {logging_mixin.py:190} INFO - [2024-11-19T11:17:00.651+0000] {dag.py:3239} INFO - Sync 1 DAGs
[2024-11-19T11:17:00.675+0000] {logging_mixin.py:190} INFO - [2024-11-19T11:17:00.675+0000] {dag.py:4180} INFO - Setting next_dagrun for example_branch_labels to 2024-11-18 00:00:00+00:00, run_after=2024-11-19 00:00:00+00:00
[2024-11-19T11:17:00.690+0000] {processor.py:208} INFO - Processing /home/airflow/.local/lib/python3.12/site-packages/airflow/example_dags/example_branch_labels.py took 0.074 seconds
[2024-11-19T11:17:31.021+0000] {processor.py:186} INFO - Started process (PID=265) to work on /home/airflow/.local/lib/python3.12/site-packages/airflow/example_dags/example_branch_labels.py
[2024-11-19T11:17:31.022+0000] {processor.py:914} INFO - Processing file /home/airflow/.local/lib/python3.12/site-packages/airflow/example_dags/example_branch_labels.py for tasks to queue
[2024-11-19T11:17:31.023+0000] {logging_mixin.py:190} INFO - [2024-11-19T11:17:31.023+0000] {dagbag.py:588} INFO - Filling up the DagBag from /home/airflow/.local/lib/python3.12/site-packages/airflow/example_dags/example_branch_labels.py
[2024-11-19T11:17:31.042+0000] {processor.py:925} INFO - DAG(s) 'example_branch_labels' retrieved from /home/airflow/.local/lib/python3.12/site-packages/airflow/example_dags/example_branch_labels.py
[2024-11-19T11:17:31.073+0000] {logging_mixin.py:190} INFO - [2024-11-19T11:17:31.072+0000] {dag.py:3239} INFO - Sync 1 DAGs
[2024-11-19T11:17:31.113+0000] {logging_mixin.py:190} INFO - [2024-11-19T11:17:31.112+0000] {dag.py:4180} INFO - Setting next_dagrun for example_branch_labels to 2024-11-18 00:00:00+00:00, run_after=2024-11-19 00:00:00+00:00
[2024-11-19T11:17:31.141+0000] {processor.py:208} INFO - Processing /home/airflow/.local/lib/python3.12/site-packages/airflow/example_dags/example_branch_labels.py took 0.133 seconds
[2024-11-19T11:18:01.951+0000] {processor.py:186} INFO - Started process (PID=331) to work on /home/airflow/.local/lib/python3.12/site-packages/airflow/example_dags/example_branch_labels.py
[2024-11-19T11:18:01.952+0000] {processor.py:914} INFO - Processing file /home/airflow/.local/lib/python3.12/site-packages/airflow/example_dags/example_branch_labels.py for tasks to queue
[2024-11-19T11:18:01.953+0000] {logging_mixin.py:190} INFO - [2024-11-19T11:18:01.953+0000] {dagbag.py:588} INFO - Filling up the DagBag from /home/airflow/.local/lib/python3.12/site-packages/airflow/example_dags/example_branch_labels.py
[2024-11-19T11:18:01.969+0000] {processor.py:925} INFO - DAG(s) 'example_branch_labels' retrieved from /home/airflow/.local/lib/python3.12/site-packages/airflow/example_dags/example_branch_labels.py
[2024-11-19T11:18:02.002+0000] {logging_mixin.py:190} INFO - [2024-11-19T11:18:02.002+0000] {dag.py:3239} INFO - Sync 1 DAGs
[2024-11-19T11:18:02.047+0000] {logging_mixin.py:190} INFO - [2024-11-19T11:18:02.046+0000] {dag.py:4180} INFO - Setting next_dagrun for example_branch_labels to 2024-11-18 00:00:00+00:00, run_after=2024-11-19 00:00:00+00:00
[2024-11-19T11:18:02.072+0000] {processor.py:208} INFO - Processing /home/airflow/.local/lib/python3.12/site-packages/airflow/example_dags/example_branch_labels.py took 0.134 seconds
[2024-11-19T11:18:32.916+0000] {processor.py:186} INFO - Started process (PID=402) to work on /home/airflow/.local/lib/python3.12/site-packages/airflow/example_dags/example_branch_labels.py
[2024-11-19T11:18:32.917+0000] {processor.py:914} INFO - Processing file /home/airflow/.local/lib/python3.12/site-packages/airflow/example_dags/example_branch_labels.py for tasks to queue
[2024-11-19T11:18:32.919+0000] {logging_mixin.py:190} INFO - [2024-11-19T11:18:32.918+0000] {dagbag.py:588} INFO - Filling up the DagBag from /home/airflow/.local/lib/python3.12/site-packages/airflow/example_dags/example_branch_labels.py
[2024-11-19T11:18:32.934+0000] {processor.py:925} INFO - DAG(s) 'example_branch_labels' retrieved from /home/airflow/.local/lib/python3.12/site-packages/airflow/example_dags/example_branch_labels.py
[2024-11-19T11:18:32.956+0000] {logging_mixin.py:190} INFO - [2024-11-19T11:18:32.956+0000] {dag.py:3239} INFO - Sync 1 DAGs
[2024-11-19T11:18:32.987+0000] {logging_mixin.py:190} INFO - [2024-11-19T11:18:32.987+0000] {dag.py:4180} INFO - Setting next_dagrun for example_branch_labels to 2024-11-18 00:00:00+00:00, run_after=2024-11-19 00:00:00+00:00
[2024-11-19T11:18:33.003+0000] {processor.py:208} INFO - Processing /home/airflow/.local/lib/python3.12/site-packages/airflow/example_dags/example_branch_labels.py took 0.098 seconds
[2024-11-19T11:19:03.458+0000] {processor.py:186} INFO - Started process (PID=468) to work on /home/airflow/.local/lib/python3.12/site-packages/airflow/example_dags/example_branch_labels.py
[2024-11-19T11:19:03.459+0000] {processor.py:914} INFO - Processing file /home/airflow/.local/lib/python3.12/site-packages/airflow/example_dags/example_branch_labels.py for tasks to queue
[2024-11-19T11:19:03.460+0000] {logging_mixin.py:190} INFO - [2024-11-19T11:19:03.460+0000] {dagbag.py:588} INFO - Filling up the DagBag from /home/airflow/.local/lib/python3.12/site-packages/airflow/example_dags/example_branch_labels.py
[2024-11-19T11:19:03.472+0000] {processor.py:925} INFO - DAG(s) 'example_branch_labels' retrieved from /home/airflow/.local/lib/python3.12/site-packages/airflow/example_dags/example_branch_labels.py
[2024-11-19T11:19:03.496+0000] {logging_mixin.py:190} INFO - [2024-11-19T11:19:03.496+0000] {dag.py:3239} INFO - Sync 1 DAGs
[2024-11-19T11:19:03.528+0000] {logging_mixin.py:190} INFO - [2024-11-19T11:19:03.528+0000] {dag.py:4180} INFO - Setting next_dagrun for example_branch_labels to 2024-11-18 00:00:00+00:00, run_after=2024-11-19 00:00:00+00:00
[2024-11-19T11:19:03.550+0000] {processor.py:208} INFO - Processing /home/airflow/.local/lib/python3.12/site-packages/airflow/example_dags/example_branch_labels.py took 0.100 seconds
[2024-11-19T11:19:38.102+0000] {processor.py:186} INFO - Started process (PID=535) to work on /home/airflow/.local/lib/python3.12/site-packages/airflow/example_dags/example_branch_labels.py
[2024-11-19T11:19:38.105+0000] {processor.py:914} INFO - Processing file /home/airflow/.local/lib/python3.12/site-packages/airflow/example_dags/example_branch_labels.py for tasks to queue
[2024-11-19T11:19:38.110+0000] {logging_mixin.py:190} INFO - [2024-11-19T11:19:38.108+0000] {dagbag.py:588} INFO - Filling up the DagBag from /home/airflow/.local/lib/python3.12/site-packages/airflow/example_dags/example_branch_labels.py
[2024-11-19T11:19:38.157+0000] {processor.py:925} INFO - DAG(s) 'example_branch_labels' retrieved from /home/airflow/.local/lib/python3.12/site-packages/airflow/example_dags/example_branch_labels.py
[2024-11-19T11:19:38.268+0000] {logging_mixin.py:190} INFO - [2024-11-19T11:19:38.268+0000] {dag.py:3239} INFO - Sync 1 DAGs
[2024-11-19T11:19:38.386+0000] {logging_mixin.py:190} INFO - [2024-11-19T11:19:38.385+0000] {dag.py:4180} INFO - Setting next_dagrun for example_branch_labels to 2024-11-18 00:00:00+00:00, run_after=2024-11-19 00:00:00+00:00
[2024-11-19T11:19:38.447+0000] {processor.py:208} INFO - Processing /home/airflow/.local/lib/python3.12/site-packages/airflow/example_dags/example_branch_labels.py took 0.366 seconds
[2024-11-19T11:20:09.485+0000] {processor.py:186} INFO - Started process (PID=601) to work on /home/airflow/.local/lib/python3.12/site-packages/airflow/example_dags/example_branch_labels.py
[2024-11-19T11:20:09.486+0000] {processor.py:914} INFO - Processing file /home/airflow/.local/lib/python3.12/site-packages/airflow/example_dags/example_branch_labels.py for tasks to queue
[2024-11-19T11:20:09.488+0000] {logging_mixin.py:190} INFO - [2024-11-19T11:20:09.487+0000] {dagbag.py:588} INFO - Filling up the DagBag from /home/airflow/.local/lib/python3.12/site-packages/airflow/example_dags/example_branch_labels.py
[2024-11-19T11:20:09.511+0000] {processor.py:925} INFO - DAG(s) 'example_branch_labels' retrieved from /home/airflow/.local/lib/python3.12/site-packages/airflow/example_dags/example_branch_labels.py
[2024-11-19T11:20:09.571+0000] {logging_mixin.py:190} INFO - [2024-11-19T11:20:09.571+0000] {dag.py:3239} INFO - Sync 1 DAGs
[2024-11-19T11:20:09.635+0000] {logging_mixin.py:190} INFO - [2024-11-19T11:20:09.635+0000] {dag.py:4180} INFO - Setting next_dagrun for example_branch_labels to 2024-11-18 00:00:00+00:00, run_after=2024-11-19 00:00:00+00:00
[2024-11-19T11:20:09.671+0000] {processor.py:208} INFO - Processing /home/airflow/.local/lib/python3.12/site-packages/airflow/example_dags/example_branch_labels.py took 0.200 seconds
[2024-11-19T11:20:39.852+0000] {processor.py:186} INFO - Started process (PID=667) to work on /home/airflow/.local/lib/python3.12/site-packages/airflow/example_dags/example_branch_labels.py
[2024-11-19T11:20:39.853+0000] {processor.py:914} INFO - Processing file /home/airflow/.local/lib/python3.12/site-packages/airflow/example_dags/example_branch_labels.py for tasks to queue
[2024-11-19T11:20:39.854+0000] {logging_mixin.py:190} INFO - [2024-11-19T11:20:39.853+0000] {dagbag.py:588} INFO - Filling up the DagBag from /home/airflow/.local/lib/python3.12/site-packages/airflow/example_dags/example_branch_labels.py
[2024-11-19T11:20:39.864+0000] {processor.py:925} INFO - DAG(s) 'example_branch_labels' retrieved from /home/airflow/.local/lib/python3.12/site-packages/airflow/example_dags/example_branch_labels.py
[2024-11-19T11:20:39.884+0000] {logging_mixin.py:190} INFO - [2024-11-19T11:20:39.884+0000] {dag.py:3239} INFO - Sync 1 DAGs
[2024-11-19T11:20:39.910+0000] {logging_mixin.py:190} INFO - [2024-11-19T11:20:39.909+0000] {dag.py:4180} INFO - Setting next_dagrun for example_branch_labels to 2024-11-18 00:00:00+00:00, run_after=2024-11-19 00:00:00+00:00
[2024-11-19T11:20:39.926+0000] {processor.py:208} INFO - Processing /home/airflow/.local/lib/python3.12/site-packages/airflow/example_dags/example_branch_labels.py took 0.080 seconds
[2024-11-19T11:21:10.803+0000] {processor.py:186} INFO - Started process (PID=733) to work on /home/airflow/.local/lib/python3.12/site-packages/airflow/example_dags/example_branch_labels.py
[2024-11-19T11:21:10.805+0000] {processor.py:914} INFO - Processing file /home/airflow/.local/lib/python3.12/site-packages/airflow/example_dags/example_branch_labels.py for tasks to queue
[2024-11-19T11:21:10.806+0000] {logging_mixin.py:190} INFO - [2024-11-19T11:21:10.806+0000] {dagbag.py:588} INFO - Filling up the DagBag from /home/airflow/.local/lib/python3.12/site-packages/airflow/example_dags/example_branch_labels.py
[2024-11-19T11:21:10.825+0000] {processor.py:925} INFO - DAG(s) 'example_branch_labels' retrieved from /home/airflow/.local/lib/python3.12/site-packages/airflow/example_dags/example_branch_labels.py
[2024-11-19T11:21:10.859+0000] {logging_mixin.py:190} INFO - [2024-11-19T11:21:10.858+0000] {dag.py:3239} INFO - Sync 1 DAGs
[2024-11-19T11:21:10.910+0000] {logging_mixin.py:190} INFO - [2024-11-19T11:21:10.910+0000] {dag.py:4180} INFO - Setting next_dagrun for example_branch_labels to 2024-11-18 00:00:00+00:00, run_after=2024-11-19 00:00:00+00:00
[2024-11-19T11:21:10.933+0000] {processor.py:208} INFO - Processing /home/airflow/.local/lib/python3.12/site-packages/airflow/example_dags/example_branch_labels.py took 0.140 seconds
[2024-11-19T11:21:41.735+0000] {processor.py:186} INFO - Started process (PID=799) to work on /home/airflow/.local/lib/python3.12/site-packages/airflow/example_dags/example_branch_labels.py
[2024-11-19T11:21:41.736+0000] {processor.py:914} INFO - Processing file /home/airflow/.local/lib/python3.12/site-packages/airflow/example_dags/example_branch_labels.py for tasks to queue
[2024-11-19T11:21:41.738+0000] {logging_mixin.py:190} INFO - [2024-11-19T11:21:41.737+0000] {dagbag.py:588} INFO - Filling up the DagBag from /home/airflow/.local/lib/python3.12/site-packages/airflow/example_dags/example_branch_labels.py
[2024-11-19T11:21:41.749+0000] {processor.py:925} INFO - DAG(s) 'example_branch_labels' retrieved from /home/airflow/.local/lib/python3.12/site-packages/airflow/example_dags/example_branch_labels.py
[2024-11-19T11:21:41.778+0000] {logging_mixin.py:190} INFO - [2024-11-19T11:21:41.778+0000] {dag.py:3239} INFO - Sync 1 DAGs
[2024-11-19T11:21:41.819+0000] {logging_mixin.py:190} INFO - [2024-11-19T11:21:41.818+0000] {dag.py:4180} INFO - Setting next_dagrun for example_branch_labels to 2024-11-18 00:00:00+00:00, run_after=2024-11-19 00:00:00+00:00
[2024-11-19T11:21:41.848+0000] {processor.py:208} INFO - Processing /home/airflow/.local/lib/python3.12/site-packages/airflow/example_dags/example_branch_labels.py took 0.120 seconds
[2024-11-19T11:22:11.888+0000] {processor.py:186} INFO - Started process (PID=864) to work on /home/airflow/.local/lib/python3.12/site-packages/airflow/example_dags/example_branch_labels.py
[2024-11-19T11:22:11.889+0000] {processor.py:914} INFO - Processing file /home/airflow/.local/lib/python3.12/site-packages/airflow/example_dags/example_branch_labels.py for tasks to queue
[2024-11-19T11:22:11.890+0000] {logging_mixin.py:190} INFO - [2024-11-19T11:22:11.890+0000] {dagbag.py:588} INFO - Filling up the DagBag from /home/airflow/.local/lib/python3.12/site-packages/airflow/example_dags/example_branch_labels.py
[2024-11-19T11:22:11.907+0000] {processor.py:925} INFO - DAG(s) 'example_branch_labels' retrieved from /home/airflow/.local/lib/python3.12/site-packages/airflow/example_dags/example_branch_labels.py
[2024-11-19T11:22:11.937+0000] {logging_mixin.py:190} INFO - [2024-11-19T11:22:11.937+0000] {dag.py:3239} INFO - Sync 1 DAGs
[2024-11-19T11:22:11.971+0000] {logging_mixin.py:190} INFO - [2024-11-19T11:22:11.970+0000] {dag.py:4180} INFO - Setting next_dagrun for example_branch_labels to 2024-11-18 00:00:00+00:00, run_after=2024-11-19 00:00:00+00:00
[2024-11-19T11:22:12.009+0000] {processor.py:208} INFO - Processing /home/airflow/.local/lib/python3.12/site-packages/airflow/example_dags/example_branch_labels.py took 0.131 seconds
[2024-11-19T11:22:42.435+0000] {processor.py:186} INFO - Started process (PID=929) to work on /home/airflow/.local/lib/python3.12/site-packages/airflow/example_dags/example_branch_labels.py
[2024-11-19T11:22:42.436+0000] {processor.py:914} INFO - Processing file /home/airflow/.local/lib/python3.12/site-packages/airflow/example_dags/example_branch_labels.py for tasks to queue
[2024-11-19T11:22:42.437+0000] {logging_mixin.py:190} INFO - [2024-11-19T11:22:42.437+0000] {dagbag.py:588} INFO - Filling up the DagBag from /home/airflow/.local/lib/python3.12/site-packages/airflow/example_dags/example_branch_labels.py
[2024-11-19T11:22:42.448+0000] {processor.py:925} INFO - DAG(s) 'example_branch_labels' retrieved from /home/airflow/.local/lib/python3.12/site-packages/airflow/example_dags/example_branch_labels.py
[2024-11-19T11:22:42.470+0000] {logging_mixin.py:190} INFO - [2024-11-19T11:22:42.470+0000] {dag.py:3239} INFO - Sync 1 DAGs
[2024-11-19T11:22:42.497+0000] {logging_mixin.py:190} INFO - [2024-11-19T11:22:42.497+0000] {dag.py:4180} INFO - Setting next_dagrun for example_branch_labels to 2024-11-18 00:00:00+00:00, run_after=2024-11-19 00:00:00+00:00
[2024-11-19T11:22:42.516+0000] {processor.py:208} INFO - Processing /home/airflow/.local/lib/python3.12/site-packages/airflow/example_dags/example_branch_labels.py took 0.088 seconds
[2024-11-19T11:23:13.450+0000] {processor.py:186} INFO - Started process (PID=995) to work on /home/airflow/.local/lib/python3.12/site-packages/airflow/example_dags/example_branch_labels.py
[2024-11-19T11:23:13.451+0000] {processor.py:914} INFO - Processing file /home/airflow/.local/lib/python3.12/site-packages/airflow/example_dags/example_branch_labels.py for tasks to queue
[2024-11-19T11:23:13.452+0000] {logging_mixin.py:190} INFO - [2024-11-19T11:23:13.452+0000] {dagbag.py:588} INFO - Filling up the DagBag from /home/airflow/.local/lib/python3.12/site-packages/airflow/example_dags/example_branch_labels.py
[2024-11-19T11:23:13.466+0000] {processor.py:925} INFO - DAG(s) 'example_branch_labels' retrieved from /home/airflow/.local/lib/python3.12/site-packages/airflow/example_dags/example_branch_labels.py
[2024-11-19T11:23:13.499+0000] {logging_mixin.py:190} INFO - [2024-11-19T11:23:13.499+0000] {dag.py:3239} INFO - Sync 1 DAGs
[2024-11-19T11:23:13.539+0000] {logging_mixin.py:190} INFO - [2024-11-19T11:23:13.538+0000] {dag.py:4180} INFO - Setting next_dagrun for example_branch_labels to 2024-11-18 00:00:00+00:00, run_after=2024-11-19 00:00:00+00:00
[2024-11-19T11:23:13.562+0000] {processor.py:208} INFO - Processing /home/airflow/.local/lib/python3.12/site-packages/airflow/example_dags/example_branch_labels.py took 0.118 seconds
[2024-11-19T11:23:44.308+0000] {processor.py:186} INFO - Started process (PID=1061) to work on /home/airflow/.local/lib/python3.12/site-packages/airflow/example_dags/example_branch_labels.py
[2024-11-19T11:23:44.308+0000] {processor.py:914} INFO - Processing file /home/airflow/.local/lib/python3.12/site-packages/airflow/example_dags/example_branch_labels.py for tasks to queue
[2024-11-19T11:23:44.310+0000] {logging_mixin.py:190} INFO - [2024-11-19T11:23:44.309+0000] {dagbag.py:588} INFO - Filling up the DagBag from /home/airflow/.local/lib/python3.12/site-packages/airflow/example_dags/example_branch_labels.py
[2024-11-19T11:23:44.320+0000] {processor.py:925} INFO - DAG(s) 'example_branch_labels' retrieved from /home/airflow/.local/lib/python3.12/site-packages/airflow/example_dags/example_branch_labels.py
[2024-11-19T11:23:44.348+0000] {logging_mixin.py:190} INFO - [2024-11-19T11:23:44.348+0000] {dag.py:3239} INFO - Sync 1 DAGs
[2024-11-19T11:23:44.386+0000] {logging_mixin.py:190} INFO - [2024-11-19T11:23:44.386+0000] {dag.py:4180} INFO - Setting next_dagrun for example_branch_labels to 2024-11-18 00:00:00+00:00, run_after=2024-11-19 00:00:00+00:00
[2024-11-19T11:23:44.416+0000] {processor.py:208} INFO - Processing /home/airflow/.local/lib/python3.12/site-packages/airflow/example_dags/example_branch_labels.py took 0.115 seconds
[2024-11-19T11:24:14.962+0000] {processor.py:186} INFO - Started process (PID=1127) to work on /home/airflow/.local/lib/python3.12/site-packages/airflow/example_dags/example_branch_labels.py
[2024-11-19T11:24:14.963+0000] {processor.py:914} INFO - Processing file /home/airflow/.local/lib/python3.12/site-packages/airflow/example_dags/example_branch_labels.py for tasks to queue
[2024-11-19T11:24:14.964+0000] {logging_mixin.py:190} INFO - [2024-11-19T11:24:14.963+0000] {dagbag.py:588} INFO - Filling up the DagBag from /home/airflow/.local/lib/python3.12/site-packages/airflow/example_dags/example_branch_labels.py
[2024-11-19T11:24:14.976+0000] {processor.py:925} INFO - DAG(s) 'example_branch_labels' retrieved from /home/airflow/.local/lib/python3.12/site-packages/airflow/example_dags/example_branch_labels.py
[2024-11-19T11:24:15.005+0000] {logging_mixin.py:190} INFO - [2024-11-19T11:24:15.004+0000] {dag.py:3239} INFO - Sync 1 DAGs
[2024-11-19T11:24:15.040+0000] {logging_mixin.py:190} INFO - [2024-11-19T11:24:15.039+0000] {dag.py:4180} INFO - Setting next_dagrun for example_branch_labels to 2024-11-18 00:00:00+00:00, run_after=2024-11-19 00:00:00+00:00
[2024-11-19T11:24:15.064+0000] {processor.py:208} INFO - Processing /home/airflow/.local/lib/python3.12/site-packages/airflow/example_dags/example_branch_labels.py took 0.110 seconds
[2024-11-19T11:24:48.145+0000] {processor.py:186} INFO - Started process (PID=1193) to work on /home/airflow/.local/lib/python3.12/site-packages/airflow/example_dags/example_branch_labels.py
[2024-11-19T11:24:48.149+0000] {processor.py:914} INFO - Processing file /home/airflow/.local/lib/python3.12/site-packages/airflow/example_dags/example_branch_labels.py for tasks to queue
[2024-11-19T11:24:48.152+0000] {logging_mixin.py:190} INFO - [2024-11-19T11:24:48.151+0000] {dagbag.py:588} INFO - Filling up the DagBag from /home/airflow/.local/lib/python3.12/site-packages/airflow/example_dags/example_branch_labels.py
[2024-11-19T11:24:48.167+0000] {processor.py:925} INFO - DAG(s) 'example_branch_labels' retrieved from /home/airflow/.local/lib/python3.12/site-packages/airflow/example_dags/example_branch_labels.py
[2024-11-19T11:24:48.191+0000] {logging_mixin.py:190} INFO - [2024-11-19T11:24:48.191+0000] {dag.py:3239} INFO - Sync 1 DAGs
[2024-11-19T11:24:48.230+0000] {logging_mixin.py:190} INFO - [2024-11-19T11:24:48.229+0000] {dag.py:4180} INFO - Setting next_dagrun for example_branch_labels to 2024-11-18 00:00:00+00:00, run_after=2024-11-19 00:00:00+00:00
[2024-11-19T11:24:48.253+0000] {processor.py:208} INFO - Processing /home/airflow/.local/lib/python3.12/site-packages/airflow/example_dags/example_branch_labels.py took 0.121 seconds
[2024-11-19T11:25:20.453+0000] {processor.py:186} INFO - Started process (PID=1260) to work on /home/airflow/.local/lib/python3.12/site-packages/airflow/example_dags/example_branch_labels.py
[2024-11-19T11:25:20.454+0000] {processor.py:914} INFO - Processing file /home/airflow/.local/lib/python3.12/site-packages/airflow/example_dags/example_branch_labels.py for tasks to queue
[2024-11-19T11:25:20.455+0000] {logging_mixin.py:190} INFO - [2024-11-19T11:25:20.455+0000] {dagbag.py:588} INFO - Filling up the DagBag from /home/airflow/.local/lib/python3.12/site-packages/airflow/example_dags/example_branch_labels.py
[2024-11-19T11:25:20.466+0000] {processor.py:925} INFO - DAG(s) 'example_branch_labels' retrieved from /home/airflow/.local/lib/python3.12/site-packages/airflow/example_dags/example_branch_labels.py
[2024-11-19T11:25:20.493+0000] {logging_mixin.py:190} INFO - [2024-11-19T11:25:20.493+0000] {dag.py:3239} INFO - Sync 1 DAGs
[2024-11-19T11:25:20.532+0000] {logging_mixin.py:190} INFO - [2024-11-19T11:25:20.532+0000] {dag.py:4180} INFO - Setting next_dagrun for example_branch_labels to 2024-11-18 00:00:00+00:00, run_after=2024-11-19 00:00:00+00:00
[2024-11-19T11:25:20.573+0000] {processor.py:208} INFO - Processing /home/airflow/.local/lib/python3.12/site-packages/airflow/example_dags/example_branch_labels.py took 0.126 seconds
[2024-11-19T11:25:50.790+0000] {processor.py:186} INFO - Started process (PID=1325) to work on /home/airflow/.local/lib/python3.12/site-packages/airflow/example_dags/example_branch_labels.py
[2024-11-19T11:25:50.791+0000] {processor.py:914} INFO - Processing file /home/airflow/.local/lib/python3.12/site-packages/airflow/example_dags/example_branch_labels.py for tasks to queue
[2024-11-19T11:25:50.792+0000] {logging_mixin.py:190} INFO - [2024-11-19T11:25:50.792+0000] {dagbag.py:588} INFO - Filling up the DagBag from /home/airflow/.local/lib/python3.12/site-packages/airflow/example_dags/example_branch_labels.py
[2024-11-19T11:25:50.802+0000] {processor.py:925} INFO - DAG(s) 'example_branch_labels' retrieved from /home/airflow/.local/lib/python3.12/site-packages/airflow/example_dags/example_branch_labels.py
[2024-11-19T11:25:50.820+0000] {logging_mixin.py:190} INFO - [2024-11-19T11:25:50.820+0000] {dag.py:3239} INFO - Sync 1 DAGs
[2024-11-19T11:25:50.848+0000] {logging_mixin.py:190} INFO - [2024-11-19T11:25:50.848+0000] {dag.py:4180} INFO - Setting next_dagrun for example_branch_labels to 2024-11-18 00:00:00+00:00, run_after=2024-11-19 00:00:00+00:00
[2024-11-19T11:25:50.866+0000] {processor.py:208} INFO - Processing /home/airflow/.local/lib/python3.12/site-packages/airflow/example_dags/example_branch_labels.py took 0.081 seconds
[2024-11-19T11:26:21.123+0000] {processor.py:186} INFO - Started process (PID=1390) to work on /home/airflow/.local/lib/python3.12/site-packages/airflow/example_dags/example_branch_labels.py
[2024-11-19T11:26:21.123+0000] {processor.py:914} INFO - Processing file /home/airflow/.local/lib/python3.12/site-packages/airflow/example_dags/example_branch_labels.py for tasks to queue
[2024-11-19T11:26:21.124+0000] {logging_mixin.py:190} INFO - [2024-11-19T11:26:21.124+0000] {dagbag.py:588} INFO - Filling up the DagBag from /home/airflow/.local/lib/python3.12/site-packages/airflow/example_dags/example_branch_labels.py
[2024-11-19T11:26:21.133+0000] {processor.py:925} INFO - DAG(s) 'example_branch_labels' retrieved from /home/airflow/.local/lib/python3.12/site-packages/airflow/example_dags/example_branch_labels.py
[2024-11-19T11:26:21.150+0000] {logging_mixin.py:190} INFO - [2024-11-19T11:26:21.150+0000] {dag.py:3239} INFO - Sync 1 DAGs
[2024-11-19T11:26:21.176+0000] {logging_mixin.py:190} INFO - [2024-11-19T11:26:21.176+0000] {dag.py:4180} INFO - Setting next_dagrun for example_branch_labels to 2024-11-18 00:00:00+00:00, run_after=2024-11-19 00:00:00+00:00
[2024-11-19T11:26:21.194+0000] {processor.py:208} INFO - Processing /home/airflow/.local/lib/python3.12/site-packages/airflow/example_dags/example_branch_labels.py took 0.076 seconds
[2024-11-19T11:26:51.881+0000] {processor.py:186} INFO - Started process (PID=1456) to work on /home/airflow/.local/lib/python3.12/site-packages/airflow/example_dags/example_branch_labels.py
[2024-11-19T11:26:51.882+0000] {processor.py:914} INFO - Processing file /home/airflow/.local/lib/python3.12/site-packages/airflow/example_dags/example_branch_labels.py for tasks to queue
[2024-11-19T11:26:51.883+0000] {logging_mixin.py:190} INFO - [2024-11-19T11:26:51.882+0000] {dagbag.py:588} INFO - Filling up the DagBag from /home/airflow/.local/lib/python3.12/site-packages/airflow/example_dags/example_branch_labels.py
[2024-11-19T11:26:51.892+0000] {processor.py:925} INFO - DAG(s) 'example_branch_labels' retrieved from /home/airflow/.local/lib/python3.12/site-packages/airflow/example_dags/example_branch_labels.py
[2024-11-19T11:26:51.914+0000] {logging_mixin.py:190} INFO - [2024-11-19T11:26:51.914+0000] {dag.py:3239} INFO - Sync 1 DAGs
[2024-11-19T11:26:51.942+0000] {logging_mixin.py:190} INFO - [2024-11-19T11:26:51.941+0000] {dag.py:4180} INFO - Setting next_dagrun for example_branch_labels to 2024-11-18 00:00:00+00:00, run_after=2024-11-19 00:00:00+00:00
[2024-11-19T11:26:51.961+0000] {processor.py:208} INFO - Processing /home/airflow/.local/lib/python3.12/site-packages/airflow/example_dags/example_branch_labels.py took 0.085 seconds
[2024-11-19T11:27:22.818+0000] {processor.py:186} INFO - Started process (PID=1522) to work on /home/airflow/.local/lib/python3.12/site-packages/airflow/example_dags/example_branch_labels.py
[2024-11-19T11:27:22.820+0000] {processor.py:914} INFO - Processing file /home/airflow/.local/lib/python3.12/site-packages/airflow/example_dags/example_branch_labels.py for tasks to queue
[2024-11-19T11:27:22.822+0000] {logging_mixin.py:190} INFO - [2024-11-19T11:27:22.822+0000] {dagbag.py:588} INFO - Filling up the DagBag from /home/airflow/.local/lib/python3.12/site-packages/airflow/example_dags/example_branch_labels.py
[2024-11-19T11:27:22.838+0000] {processor.py:925} INFO - DAG(s) 'example_branch_labels' retrieved from /home/airflow/.local/lib/python3.12/site-packages/airflow/example_dags/example_branch_labels.py
[2024-11-19T11:27:22.868+0000] {logging_mixin.py:190} INFO - [2024-11-19T11:27:22.867+0000] {dag.py:3239} INFO - Sync 1 DAGs
[2024-11-19T11:27:22.912+0000] {logging_mixin.py:190} INFO - [2024-11-19T11:27:22.911+0000] {dag.py:4180} INFO - Setting next_dagrun for example_branch_labels to 2024-11-18 00:00:00+00:00, run_after=2024-11-19 00:00:00+00:00
[2024-11-19T11:27:22.941+0000] {processor.py:208} INFO - Processing /home/airflow/.local/lib/python3.12/site-packages/airflow/example_dags/example_branch_labels.py took 0.133 seconds
[2024-11-19T11:27:53.336+0000] {processor.py:186} INFO - Started process (PID=1587) to work on /home/airflow/.local/lib/python3.12/site-packages/airflow/example_dags/example_branch_labels.py
[2024-11-19T11:27:53.338+0000] {processor.py:914} INFO - Processing file /home/airflow/.local/lib/python3.12/site-packages/airflow/example_dags/example_branch_labels.py for tasks to queue
[2024-11-19T11:27:53.344+0000] {logging_mixin.py:190} INFO - [2024-11-19T11:27:53.344+0000] {dagbag.py:588} INFO - Filling up the DagBag from /home/airflow/.local/lib/python3.12/site-packages/airflow/example_dags/example_branch_labels.py
[2024-11-19T11:27:53.368+0000] {processor.py:925} INFO - DAG(s) 'example_branch_labels' retrieved from /home/airflow/.local/lib/python3.12/site-packages/airflow/example_dags/example_branch_labels.py
[2024-11-19T11:27:53.406+0000] {logging_mixin.py:190} INFO - [2024-11-19T11:27:53.406+0000] {dag.py:3239} INFO - Sync 1 DAGs
[2024-11-19T11:27:53.444+0000] {logging_mixin.py:190} INFO - [2024-11-19T11:27:53.444+0000] {dag.py:4180} INFO - Setting next_dagrun for example_branch_labels to 2024-11-18 00:00:00+00:00, run_after=2024-11-19 00:00:00+00:00
[2024-11-19T11:27:53.469+0000] {processor.py:208} INFO - Processing /home/airflow/.local/lib/python3.12/site-packages/airflow/example_dags/example_branch_labels.py took 0.145 seconds
[2024-11-19T11:28:23.988+0000] {processor.py:186} INFO - Started process (PID=1653) to work on /home/airflow/.local/lib/python3.12/site-packages/airflow/example_dags/example_branch_labels.py
[2024-11-19T11:28:23.991+0000] {processor.py:914} INFO - Processing file /home/airflow/.local/lib/python3.12/site-packages/airflow/example_dags/example_branch_labels.py for tasks to queue
[2024-11-19T11:28:23.995+0000] {logging_mixin.py:190} INFO - [2024-11-19T11:28:23.993+0000] {dagbag.py:588} INFO - Filling up the DagBag from /home/airflow/.local/lib/python3.12/site-packages/airflow/example_dags/example_branch_labels.py
[2024-11-19T11:28:24.013+0000] {processor.py:925} INFO - DAG(s) 'example_branch_labels' retrieved from /home/airflow/.local/lib/python3.12/site-packages/airflow/example_dags/example_branch_labels.py
[2024-11-19T11:28:24.062+0000] {logging_mixin.py:190} INFO - [2024-11-19T11:28:24.062+0000] {dag.py:3239} INFO - Sync 1 DAGs
[2024-11-19T11:28:24.115+0000] {logging_mixin.py:190} INFO - [2024-11-19T11:28:24.114+0000] {dag.py:4180} INFO - Setting next_dagrun for example_branch_labels to 2024-11-18 00:00:00+00:00, run_after=2024-11-19 00:00:00+00:00
[2024-11-19T11:28:24.151+0000] {processor.py:208} INFO - Processing /home/airflow/.local/lib/python3.12/site-packages/airflow/example_dags/example_branch_labels.py took 0.172 seconds
[2024-11-19T11:28:56.256+0000] {processor.py:186} INFO - Started process (PID=1719) to work on /home/airflow/.local/lib/python3.12/site-packages/airflow/example_dags/example_branch_labels.py
[2024-11-19T11:28:56.258+0000] {processor.py:914} INFO - Processing file /home/airflow/.local/lib/python3.12/site-packages/airflow/example_dags/example_branch_labels.py for tasks to queue
[2024-11-19T11:28:56.260+0000] {logging_mixin.py:190} INFO - [2024-11-19T11:28:56.260+0000] {dagbag.py:588} INFO - Filling up the DagBag from /home/airflow/.local/lib/python3.12/site-packages/airflow/example_dags/example_branch_labels.py
[2024-11-19T11:28:56.294+0000] {processor.py:925} INFO - DAG(s) 'example_branch_labels' retrieved from /home/airflow/.local/lib/python3.12/site-packages/airflow/example_dags/example_branch_labels.py
[2024-11-19T11:28:56.342+0000] {logging_mixin.py:190} INFO - [2024-11-19T11:28:56.341+0000] {dag.py:3239} INFO - Sync 1 DAGs
[2024-11-19T11:28:56.448+0000] {logging_mixin.py:190} INFO - [2024-11-19T11:28:56.447+0000] {dag.py:4180} INFO - Setting next_dagrun for example_branch_labels to 2024-11-18 00:00:00+00:00, run_after=2024-11-19 00:00:00+00:00
[2024-11-19T11:28:56.507+0000] {processor.py:208} INFO - Processing /home/airflow/.local/lib/python3.12/site-packages/airflow/example_dags/example_branch_labels.py took 0.268 seconds
[2024-11-19T11:29:26.559+0000] {processor.py:186} INFO - Started process (PID=1786) to work on /home/airflow/.local/lib/python3.12/site-packages/airflow/example_dags/example_branch_labels.py
[2024-11-19T11:29:26.559+0000] {processor.py:914} INFO - Processing file /home/airflow/.local/lib/python3.12/site-packages/airflow/example_dags/example_branch_labels.py for tasks to queue
[2024-11-19T11:29:26.560+0000] {logging_mixin.py:190} INFO - [2024-11-19T11:29:26.560+0000] {dagbag.py:588} INFO - Filling up the DagBag from /home/airflow/.local/lib/python3.12/site-packages/airflow/example_dags/example_branch_labels.py
[2024-11-19T11:29:26.572+0000] {processor.py:925} INFO - DAG(s) 'example_branch_labels' retrieved from /home/airflow/.local/lib/python3.12/site-packages/airflow/example_dags/example_branch_labels.py
[2024-11-19T11:29:26.594+0000] {logging_mixin.py:190} INFO - [2024-11-19T11:29:26.594+0000] {dag.py:3239} INFO - Sync 1 DAGs
[2024-11-19T11:29:26.625+0000] {logging_mixin.py:190} INFO - [2024-11-19T11:29:26.624+0000] {dag.py:4180} INFO - Setting next_dagrun for example_branch_labels to 2024-11-18 00:00:00+00:00, run_after=2024-11-19 00:00:00+00:00
[2024-11-19T11:29:26.647+0000] {processor.py:208} INFO - Processing /home/airflow/.local/lib/python3.12/site-packages/airflow/example_dags/example_branch_labels.py took 0.094 seconds
[2024-11-19T11:29:57.342+0000] {processor.py:186} INFO - Started process (PID=1852) to work on /home/airflow/.local/lib/python3.12/site-packages/airflow/example_dags/example_branch_labels.py
[2024-11-19T11:29:57.343+0000] {processor.py:914} INFO - Processing file /home/airflow/.local/lib/python3.12/site-packages/airflow/example_dags/example_branch_labels.py for tasks to queue
[2024-11-19T11:29:57.344+0000] {logging_mixin.py:190} INFO - [2024-11-19T11:29:57.344+0000] {dagbag.py:588} INFO - Filling up the DagBag from /home/airflow/.local/lib/python3.12/site-packages/airflow/example_dags/example_branch_labels.py
[2024-11-19T11:29:57.353+0000] {processor.py:925} INFO - DAG(s) 'example_branch_labels' retrieved from /home/airflow/.local/lib/python3.12/site-packages/airflow/example_dags/example_branch_labels.py
[2024-11-19T11:29:57.370+0000] {logging_mixin.py:190} INFO - [2024-11-19T11:29:57.370+0000] {dag.py:3239} INFO - Sync 1 DAGs
[2024-11-19T11:29:57.394+0000] {logging_mixin.py:190} INFO - [2024-11-19T11:29:57.394+0000] {dag.py:4180} INFO - Setting next_dagrun for example_branch_labels to 2024-11-18 00:00:00+00:00, run_after=2024-11-19 00:00:00+00:00
[2024-11-19T11:29:57.409+0000] {processor.py:208} INFO - Processing /home/airflow/.local/lib/python3.12/site-packages/airflow/example_dags/example_branch_labels.py took 0.073 seconds
[2024-11-19T11:31:24.693+0000] {processor.py:186} INFO - Started process (PID=1940) to work on /home/airflow/.local/lib/python3.12/site-packages/airflow/example_dags/example_branch_labels.py
[2024-11-19T11:31:24.695+0000] {processor.py:914} INFO - Processing file /home/airflow/.local/lib/python3.12/site-packages/airflow/example_dags/example_branch_labels.py for tasks to queue
[2024-11-19T11:31:24.697+0000] {logging_mixin.py:190} INFO - [2024-11-19T11:31:24.696+0000] {dagbag.py:588} INFO - Filling up the DagBag from /home/airflow/.local/lib/python3.12/site-packages/airflow/example_dags/example_branch_labels.py
[2024-11-19T11:31:24.716+0000] {processor.py:925} INFO - DAG(s) 'example_branch_labels' retrieved from /home/airflow/.local/lib/python3.12/site-packages/airflow/example_dags/example_branch_labels.py
[2024-11-19T11:31:24.753+0000] {logging_mixin.py:190} INFO - [2024-11-19T11:31:24.753+0000] {dag.py:3239} INFO - Sync 1 DAGs
[2024-11-19T11:31:24.805+0000] {logging_mixin.py:190} INFO - [2024-11-19T11:31:24.804+0000] {dag.py:4180} INFO - Setting next_dagrun for example_branch_labels to 2024-11-18 00:00:00+00:00, run_after=2024-11-19 00:00:00+00:00
[2024-11-19T11:31:24.837+0000] {processor.py:208} INFO - Processing /home/airflow/.local/lib/python3.12/site-packages/airflow/example_dags/example_branch_labels.py took 0.155 seconds
[2024-11-19T11:31:55.868+0000] {processor.py:186} INFO - Started process (PID=2006) to work on /home/airflow/.local/lib/python3.12/site-packages/airflow/example_dags/example_branch_labels.py
[2024-11-19T11:31:55.871+0000] {processor.py:914} INFO - Processing file /home/airflow/.local/lib/python3.12/site-packages/airflow/example_dags/example_branch_labels.py for tasks to queue
[2024-11-19T11:31:55.874+0000] {logging_mixin.py:190} INFO - [2024-11-19T11:31:55.874+0000] {dagbag.py:588} INFO - Filling up the DagBag from /home/airflow/.local/lib/python3.12/site-packages/airflow/example_dags/example_branch_labels.py
[2024-11-19T11:31:55.892+0000] {processor.py:925} INFO - DAG(s) 'example_branch_labels' retrieved from /home/airflow/.local/lib/python3.12/site-packages/airflow/example_dags/example_branch_labels.py
[2024-11-19T11:31:55.925+0000] {logging_mixin.py:190} INFO - [2024-11-19T11:31:55.925+0000] {dag.py:3239} INFO - Sync 1 DAGs
[2024-11-19T11:31:55.961+0000] {logging_mixin.py:190} INFO - [2024-11-19T11:31:55.961+0000] {dag.py:4180} INFO - Setting next_dagrun for example_branch_labels to 2024-11-18 00:00:00+00:00, run_after=2024-11-19 00:00:00+00:00
[2024-11-19T11:31:55.991+0000] {processor.py:208} INFO - Processing /home/airflow/.local/lib/python3.12/site-packages/airflow/example_dags/example_branch_labels.py took 0.133 seconds
