[2024-11-19T10:20:31.579+0000] {processor.py:186} INFO - Started process (PID=61) to work on /home/airflow/.local/lib/python3.12/site-packages/airflow/example_dags/example_complex.py
[2024-11-19T10:20:31.582+0000] {processor.py:914} INFO - Processing file /home/airflow/.local/lib/python3.12/site-packages/airflow/example_dags/example_complex.py for tasks to queue
[2024-11-19T10:20:31.585+0000] {logging_mixin.py:190} INFO - [2024-11-19T10:20:31.584+0000] {dagbag.py:588} INFO - Filling up the DagBag from /home/airflow/.local/lib/python3.12/site-packages/airflow/example_dags/example_complex.py
[2024-11-19T10:20:31.624+0000] {processor.py:925} INFO - DAG(s) 'example_complex' retrieved from /home/airflow/.local/lib/python3.12/site-packages/airflow/example_dags/example_complex.py
[2024-11-19T10:20:31.702+0000] {logging_mixin.py:190} INFO - [2024-11-19T10:20:31.701+0000] {dag.py:3239} INFO - Sync 1 DAGs
[2024-11-19T10:20:31.727+0000] {logging_mixin.py:190} INFO - [2024-11-19T10:20:31.727+0000] {dag.py:4180} INFO - Setting next_dagrun for example_complex to None, run_after=None
[2024-11-19T10:20:31.759+0000] {processor.py:208} INFO - Processing /home/airflow/.local/lib/python3.12/site-packages/airflow/example_dags/example_complex.py took 0.191 seconds
[2024-11-19T10:21:02.596+0000] {processor.py:186} INFO - Started process (PID=142) to work on /home/airflow/.local/lib/python3.12/site-packages/airflow/example_dags/example_complex.py
[2024-11-19T10:21:02.597+0000] {processor.py:914} INFO - Processing file /home/airflow/.local/lib/python3.12/site-packages/airflow/example_dags/example_complex.py for tasks to queue
[2024-11-19T10:21:02.598+0000] {logging_mixin.py:190} INFO - [2024-11-19T10:21:02.598+0000] {dagbag.py:588} INFO - Filling up the DagBag from /home/airflow/.local/lib/python3.12/site-packages/airflow/example_dags/example_complex.py
[2024-11-19T10:21:02.609+0000] {processor.py:925} INFO - DAG(s) 'example_complex' retrieved from /home/airflow/.local/lib/python3.12/site-packages/airflow/example_dags/example_complex.py
[2024-11-19T10:21:02.637+0000] {logging_mixin.py:190} INFO - [2024-11-19T10:21:02.637+0000] {dag.py:3239} INFO - Sync 1 DAGs
[2024-11-19T10:21:02.649+0000] {logging_mixin.py:190} INFO - [2024-11-19T10:21:02.649+0000] {dag.py:4180} INFO - Setting next_dagrun for example_complex to None, run_after=None
[2024-11-19T10:21:02.665+0000] {processor.py:208} INFO - Processing /home/airflow/.local/lib/python3.12/site-packages/airflow/example_dags/example_complex.py took 0.074 seconds
[2024-11-19T10:21:33.497+0000] {processor.py:186} INFO - Started process (PID=208) to work on /home/airflow/.local/lib/python3.12/site-packages/airflow/example_dags/example_complex.py
[2024-11-19T10:21:33.498+0000] {processor.py:914} INFO - Processing file /home/airflow/.local/lib/python3.12/site-packages/airflow/example_dags/example_complex.py for tasks to queue
[2024-11-19T10:21:33.499+0000] {logging_mixin.py:190} INFO - [2024-11-19T10:21:33.499+0000] {dagbag.py:588} INFO - Filling up the DagBag from /home/airflow/.local/lib/python3.12/site-packages/airflow/example_dags/example_complex.py
[2024-11-19T10:21:33.509+0000] {processor.py:925} INFO - DAG(s) 'example_complex' retrieved from /home/airflow/.local/lib/python3.12/site-packages/airflow/example_dags/example_complex.py
[2024-11-19T10:21:33.536+0000] {logging_mixin.py:190} INFO - [2024-11-19T10:21:33.535+0000] {dag.py:3239} INFO - Sync 1 DAGs
[2024-11-19T10:21:33.547+0000] {logging_mixin.py:190} INFO - [2024-11-19T10:21:33.547+0000] {dag.py:4180} INFO - Setting next_dagrun for example_complex to None, run_after=None
[2024-11-19T10:21:33.562+0000] {processor.py:208} INFO - Processing /home/airflow/.local/lib/python3.12/site-packages/airflow/example_dags/example_complex.py took 0.069 seconds
[2024-11-19T10:22:04.223+0000] {processor.py:186} INFO - Started process (PID=274) to work on /home/airflow/.local/lib/python3.12/site-packages/airflow/example_dags/example_complex.py
[2024-11-19T10:22:04.224+0000] {processor.py:914} INFO - Processing file /home/airflow/.local/lib/python3.12/site-packages/airflow/example_dags/example_complex.py for tasks to queue
[2024-11-19T10:22:04.226+0000] {logging_mixin.py:190} INFO - [2024-11-19T10:22:04.225+0000] {dagbag.py:588} INFO - Filling up the DagBag from /home/airflow/.local/lib/python3.12/site-packages/airflow/example_dags/example_complex.py
[2024-11-19T10:22:04.236+0000] {processor.py:925} INFO - DAG(s) 'example_complex' retrieved from /home/airflow/.local/lib/python3.12/site-packages/airflow/example_dags/example_complex.py
[2024-11-19T10:22:04.263+0000] {logging_mixin.py:190} INFO - [2024-11-19T10:22:04.263+0000] {dag.py:3239} INFO - Sync 1 DAGs
[2024-11-19T10:22:04.275+0000] {logging_mixin.py:190} INFO - [2024-11-19T10:22:04.275+0000] {dag.py:4180} INFO - Setting next_dagrun for example_complex to None, run_after=None
[2024-11-19T10:22:04.290+0000] {processor.py:208} INFO - Processing /home/airflow/.local/lib/python3.12/site-packages/airflow/example_dags/example_complex.py took 0.071 seconds
[2024-11-19T10:22:34.745+0000] {processor.py:186} INFO - Started process (PID=340) to work on /home/airflow/.local/lib/python3.12/site-packages/airflow/example_dags/example_complex.py
[2024-11-19T10:22:34.746+0000] {processor.py:914} INFO - Processing file /home/airflow/.local/lib/python3.12/site-packages/airflow/example_dags/example_complex.py for tasks to queue
[2024-11-19T10:22:34.747+0000] {logging_mixin.py:190} INFO - [2024-11-19T10:22:34.747+0000] {dagbag.py:588} INFO - Filling up the DagBag from /home/airflow/.local/lib/python3.12/site-packages/airflow/example_dags/example_complex.py
[2024-11-19T10:22:34.757+0000] {processor.py:925} INFO - DAG(s) 'example_complex' retrieved from /home/airflow/.local/lib/python3.12/site-packages/airflow/example_dags/example_complex.py
[2024-11-19T10:22:34.784+0000] {logging_mixin.py:190} INFO - [2024-11-19T10:22:34.783+0000] {dag.py:3239} INFO - Sync 1 DAGs
[2024-11-19T10:22:34.795+0000] {logging_mixin.py:190} INFO - [2024-11-19T10:22:34.795+0000] {dag.py:4180} INFO - Setting next_dagrun for example_complex to None, run_after=None
[2024-11-19T10:22:34.815+0000] {processor.py:208} INFO - Processing /home/airflow/.local/lib/python3.12/site-packages/airflow/example_dags/example_complex.py took 0.074 seconds
[2024-11-19T10:23:05.166+0000] {processor.py:186} INFO - Started process (PID=405) to work on /home/airflow/.local/lib/python3.12/site-packages/airflow/example_dags/example_complex.py
[2024-11-19T10:23:05.166+0000] {processor.py:914} INFO - Processing file /home/airflow/.local/lib/python3.12/site-packages/airflow/example_dags/example_complex.py for tasks to queue
[2024-11-19T10:23:05.168+0000] {logging_mixin.py:190} INFO - [2024-11-19T10:23:05.168+0000] {dagbag.py:588} INFO - Filling up the DagBag from /home/airflow/.local/lib/python3.12/site-packages/airflow/example_dags/example_complex.py
[2024-11-19T10:23:05.178+0000] {processor.py:925} INFO - DAG(s) 'example_complex' retrieved from /home/airflow/.local/lib/python3.12/site-packages/airflow/example_dags/example_complex.py
[2024-11-19T10:23:05.204+0000] {logging_mixin.py:190} INFO - [2024-11-19T10:23:05.204+0000] {dag.py:3239} INFO - Sync 1 DAGs
[2024-11-19T10:23:05.215+0000] {logging_mixin.py:190} INFO - [2024-11-19T10:23:05.215+0000] {dag.py:4180} INFO - Setting next_dagrun for example_complex to None, run_after=None
[2024-11-19T10:23:05.229+0000] {processor.py:208} INFO - Processing /home/airflow/.local/lib/python3.12/site-packages/airflow/example_dags/example_complex.py took 0.068 seconds
[2024-11-19T10:23:35.835+0000] {processor.py:186} INFO - Started process (PID=471) to work on /home/airflow/.local/lib/python3.12/site-packages/airflow/example_dags/example_complex.py
[2024-11-19T10:23:35.836+0000] {processor.py:914} INFO - Processing file /home/airflow/.local/lib/python3.12/site-packages/airflow/example_dags/example_complex.py for tasks to queue
[2024-11-19T10:23:35.838+0000] {logging_mixin.py:190} INFO - [2024-11-19T10:23:35.837+0000] {dagbag.py:588} INFO - Filling up the DagBag from /home/airflow/.local/lib/python3.12/site-packages/airflow/example_dags/example_complex.py
[2024-11-19T10:23:35.848+0000] {processor.py:925} INFO - DAG(s) 'example_complex' retrieved from /home/airflow/.local/lib/python3.12/site-packages/airflow/example_dags/example_complex.py
[2024-11-19T10:23:35.875+0000] {logging_mixin.py:190} INFO - [2024-11-19T10:23:35.875+0000] {dag.py:3239} INFO - Sync 1 DAGs
[2024-11-19T10:23:35.887+0000] {logging_mixin.py:190} INFO - [2024-11-19T10:23:35.887+0000] {dag.py:4180} INFO - Setting next_dagrun for example_complex to None, run_after=None
[2024-11-19T10:23:35.902+0000] {processor.py:208} INFO - Processing /home/airflow/.local/lib/python3.12/site-packages/airflow/example_dags/example_complex.py took 0.072 seconds
[2024-11-19T10:24:06.336+0000] {processor.py:186} INFO - Started process (PID=543) to work on /home/airflow/.local/lib/python3.12/site-packages/airflow/example_dags/example_complex.py
[2024-11-19T10:24:06.336+0000] {processor.py:914} INFO - Processing file /home/airflow/.local/lib/python3.12/site-packages/airflow/example_dags/example_complex.py for tasks to queue
[2024-11-19T10:24:06.338+0000] {logging_mixin.py:190} INFO - [2024-11-19T10:24:06.337+0000] {dagbag.py:588} INFO - Filling up the DagBag from /home/airflow/.local/lib/python3.12/site-packages/airflow/example_dags/example_complex.py
[2024-11-19T10:24:06.348+0000] {processor.py:925} INFO - DAG(s) 'example_complex' retrieved from /home/airflow/.local/lib/python3.12/site-packages/airflow/example_dags/example_complex.py
[2024-11-19T10:24:06.375+0000] {logging_mixin.py:190} INFO - [2024-11-19T10:24:06.375+0000] {dag.py:3239} INFO - Sync 1 DAGs
[2024-11-19T10:24:06.387+0000] {logging_mixin.py:190} INFO - [2024-11-19T10:24:06.387+0000] {dag.py:4180} INFO - Setting next_dagrun for example_complex to None, run_after=None
[2024-11-19T10:24:06.404+0000] {processor.py:208} INFO - Processing /home/airflow/.local/lib/python3.12/site-packages/airflow/example_dags/example_complex.py took 0.073 seconds
[2024-11-19T10:52:49.251+0000] {processor.py:186} INFO - Started process (PID=52) to work on /home/airflow/.local/lib/python3.12/site-packages/airflow/example_dags/example_complex.py
[2024-11-19T10:52:49.252+0000] {processor.py:914} INFO - Processing file /home/airflow/.local/lib/python3.12/site-packages/airflow/example_dags/example_complex.py for tasks to queue
[2024-11-19T10:52:49.254+0000] {logging_mixin.py:190} INFO - [2024-11-19T10:52:49.254+0000] {dagbag.py:588} INFO - Filling up the DagBag from /home/airflow/.local/lib/python3.12/site-packages/airflow/example_dags/example_complex.py
[2024-11-19T10:52:49.266+0000] {processor.py:925} INFO - DAG(s) 'example_complex' retrieved from /home/airflow/.local/lib/python3.12/site-packages/airflow/example_dags/example_complex.py
[2024-11-19T10:52:49.299+0000] {logging_mixin.py:190} INFO - [2024-11-19T10:52:49.299+0000] {dag.py:3239} INFO - Sync 1 DAGs
[2024-11-19T10:52:49.312+0000] {logging_mixin.py:190} INFO - [2024-11-19T10:52:49.312+0000] {dag.py:4180} INFO - Setting next_dagrun for example_complex to None, run_after=None
[2024-11-19T10:52:49.327+0000] {processor.py:208} INFO - Processing /home/airflow/.local/lib/python3.12/site-packages/airflow/example_dags/example_complex.py took 0.080 seconds
[2024-11-19T10:53:19.699+0000] {processor.py:186} INFO - Started process (PID=118) to work on /home/airflow/.local/lib/python3.12/site-packages/airflow/example_dags/example_complex.py
[2024-11-19T10:53:19.700+0000] {processor.py:914} INFO - Processing file /home/airflow/.local/lib/python3.12/site-packages/airflow/example_dags/example_complex.py for tasks to queue
[2024-11-19T10:53:19.703+0000] {logging_mixin.py:190} INFO - [2024-11-19T10:53:19.703+0000] {dagbag.py:588} INFO - Filling up the DagBag from /home/airflow/.local/lib/python3.12/site-packages/airflow/example_dags/example_complex.py
[2024-11-19T10:53:19.717+0000] {processor.py:925} INFO - DAG(s) 'example_complex' retrieved from /home/airflow/.local/lib/python3.12/site-packages/airflow/example_dags/example_complex.py
[2024-11-19T10:53:19.761+0000] {logging_mixin.py:190} INFO - [2024-11-19T10:53:19.760+0000] {dag.py:3239} INFO - Sync 1 DAGs
[2024-11-19T10:53:19.776+0000] {logging_mixin.py:190} INFO - [2024-11-19T10:53:19.775+0000] {dag.py:4180} INFO - Setting next_dagrun for example_complex to None, run_after=None
[2024-11-19T10:53:19.796+0000] {processor.py:208} INFO - Processing /home/airflow/.local/lib/python3.12/site-packages/airflow/example_dags/example_complex.py took 0.105 seconds
[2024-11-19T10:53:50.700+0000] {processor.py:186} INFO - Started process (PID=184) to work on /home/airflow/.local/lib/python3.12/site-packages/airflow/example_dags/example_complex.py
[2024-11-19T10:53:50.701+0000] {processor.py:914} INFO - Processing file /home/airflow/.local/lib/python3.12/site-packages/airflow/example_dags/example_complex.py for tasks to queue
[2024-11-19T10:53:50.703+0000] {logging_mixin.py:190} INFO - [2024-11-19T10:53:50.703+0000] {dagbag.py:588} INFO - Filling up the DagBag from /home/airflow/.local/lib/python3.12/site-packages/airflow/example_dags/example_complex.py
[2024-11-19T10:53:50.717+0000] {processor.py:925} INFO - DAG(s) 'example_complex' retrieved from /home/airflow/.local/lib/python3.12/site-packages/airflow/example_dags/example_complex.py
[2024-11-19T10:53:50.747+0000] {logging_mixin.py:190} INFO - [2024-11-19T10:53:50.747+0000] {dag.py:3239} INFO - Sync 1 DAGs
[2024-11-19T10:53:50.761+0000] {logging_mixin.py:190} INFO - [2024-11-19T10:53:50.761+0000] {dag.py:4180} INFO - Setting next_dagrun for example_complex to None, run_after=None
[2024-11-19T10:53:50.776+0000] {processor.py:208} INFO - Processing /home/airflow/.local/lib/python3.12/site-packages/airflow/example_dags/example_complex.py took 0.084 seconds
[2024-11-19T10:54:22.321+0000] {processor.py:186} INFO - Started process (PID=258) to work on /home/airflow/.local/lib/python3.12/site-packages/airflow/example_dags/example_complex.py
[2024-11-19T10:54:22.322+0000] {processor.py:914} INFO - Processing file /home/airflow/.local/lib/python3.12/site-packages/airflow/example_dags/example_complex.py for tasks to queue
[2024-11-19T10:54:22.326+0000] {logging_mixin.py:190} INFO - [2024-11-19T10:54:22.326+0000] {dagbag.py:588} INFO - Filling up the DagBag from /home/airflow/.local/lib/python3.12/site-packages/airflow/example_dags/example_complex.py
[2024-11-19T10:54:22.348+0000] {processor.py:925} INFO - DAG(s) 'example_complex' retrieved from /home/airflow/.local/lib/python3.12/site-packages/airflow/example_dags/example_complex.py
[2024-11-19T10:54:22.412+0000] {logging_mixin.py:190} INFO - [2024-11-19T10:54:22.412+0000] {dag.py:3239} INFO - Sync 1 DAGs
[2024-11-19T10:54:22.440+0000] {logging_mixin.py:190} INFO - [2024-11-19T10:54:22.440+0000] {dag.py:4180} INFO - Setting next_dagrun for example_complex to None, run_after=None
[2024-11-19T10:54:22.470+0000] {processor.py:208} INFO - Processing /home/airflow/.local/lib/python3.12/site-packages/airflow/example_dags/example_complex.py took 0.157 seconds
[2024-11-19T10:54:52.746+0000] {processor.py:186} INFO - Started process (PID=324) to work on /home/airflow/.local/lib/python3.12/site-packages/airflow/example_dags/example_complex.py
[2024-11-19T10:54:52.746+0000] {processor.py:914} INFO - Processing file /home/airflow/.local/lib/python3.12/site-packages/airflow/example_dags/example_complex.py for tasks to queue
[2024-11-19T10:54:52.748+0000] {logging_mixin.py:190} INFO - [2024-11-19T10:54:52.748+0000] {dagbag.py:588} INFO - Filling up the DagBag from /home/airflow/.local/lib/python3.12/site-packages/airflow/example_dags/example_complex.py
[2024-11-19T10:54:52.763+0000] {processor.py:925} INFO - DAG(s) 'example_complex' retrieved from /home/airflow/.local/lib/python3.12/site-packages/airflow/example_dags/example_complex.py
[2024-11-19T10:54:52.812+0000] {logging_mixin.py:190} INFO - [2024-11-19T10:54:52.811+0000] {dag.py:3239} INFO - Sync 1 DAGs
[2024-11-19T10:54:52.836+0000] {logging_mixin.py:190} INFO - [2024-11-19T10:54:52.835+0000] {dag.py:4180} INFO - Setting next_dagrun for example_complex to None, run_after=None
[2024-11-19T10:54:52.863+0000] {processor.py:208} INFO - Processing /home/airflow/.local/lib/python3.12/site-packages/airflow/example_dags/example_complex.py took 0.125 seconds
[2024-11-19T10:55:23.393+0000] {processor.py:186} INFO - Started process (PID=390) to work on /home/airflow/.local/lib/python3.12/site-packages/airflow/example_dags/example_complex.py
[2024-11-19T10:55:23.393+0000] {processor.py:914} INFO - Processing file /home/airflow/.local/lib/python3.12/site-packages/airflow/example_dags/example_complex.py for tasks to queue
[2024-11-19T10:55:23.395+0000] {logging_mixin.py:190} INFO - [2024-11-19T10:55:23.395+0000] {dagbag.py:588} INFO - Filling up the DagBag from /home/airflow/.local/lib/python3.12/site-packages/airflow/example_dags/example_complex.py
[2024-11-19T10:55:23.408+0000] {processor.py:925} INFO - DAG(s) 'example_complex' retrieved from /home/airflow/.local/lib/python3.12/site-packages/airflow/example_dags/example_complex.py
[2024-11-19T10:55:23.439+0000] {logging_mixin.py:190} INFO - [2024-11-19T10:55:23.439+0000] {dag.py:3239} INFO - Sync 1 DAGs
[2024-11-19T10:55:23.454+0000] {logging_mixin.py:190} INFO - [2024-11-19T10:55:23.454+0000] {dag.py:4180} INFO - Setting next_dagrun for example_complex to None, run_after=None
[2024-11-19T10:55:23.472+0000] {processor.py:208} INFO - Processing /home/airflow/.local/lib/python3.12/site-packages/airflow/example_dags/example_complex.py took 0.084 seconds
[2024-11-19T10:55:54.521+0000] {processor.py:186} INFO - Started process (PID=456) to work on /home/airflow/.local/lib/python3.12/site-packages/airflow/example_dags/example_complex.py
[2024-11-19T10:55:54.522+0000] {processor.py:914} INFO - Processing file /home/airflow/.local/lib/python3.12/site-packages/airflow/example_dags/example_complex.py for tasks to queue
[2024-11-19T10:55:54.525+0000] {logging_mixin.py:190} INFO - [2024-11-19T10:55:54.524+0000] {dagbag.py:588} INFO - Filling up the DagBag from /home/airflow/.local/lib/python3.12/site-packages/airflow/example_dags/example_complex.py
[2024-11-19T10:55:54.537+0000] {processor.py:925} INFO - DAG(s) 'example_complex' retrieved from /home/airflow/.local/lib/python3.12/site-packages/airflow/example_dags/example_complex.py
[2024-11-19T10:55:54.567+0000] {logging_mixin.py:190} INFO - [2024-11-19T10:55:54.567+0000] {dag.py:3239} INFO - Sync 1 DAGs
[2024-11-19T10:55:54.581+0000] {logging_mixin.py:190} INFO - [2024-11-19T10:55:54.581+0000] {dag.py:4180} INFO - Setting next_dagrun for example_complex to None, run_after=None
[2024-11-19T10:55:54.598+0000] {processor.py:208} INFO - Processing /home/airflow/.local/lib/python3.12/site-packages/airflow/example_dags/example_complex.py took 0.083 seconds
[2024-11-19T10:56:25.542+0000] {processor.py:186} INFO - Started process (PID=527) to work on /home/airflow/.local/lib/python3.12/site-packages/airflow/example_dags/example_complex.py
[2024-11-19T10:56:25.543+0000] {processor.py:914} INFO - Processing file /home/airflow/.local/lib/python3.12/site-packages/airflow/example_dags/example_complex.py for tasks to queue
[2024-11-19T10:56:25.546+0000] {logging_mixin.py:190} INFO - [2024-11-19T10:56:25.546+0000] {dagbag.py:588} INFO - Filling up the DagBag from /home/airflow/.local/lib/python3.12/site-packages/airflow/example_dags/example_complex.py
[2024-11-19T10:56:25.565+0000] {processor.py:925} INFO - DAG(s) 'example_complex' retrieved from /home/airflow/.local/lib/python3.12/site-packages/airflow/example_dags/example_complex.py
[2024-11-19T10:56:25.599+0000] {logging_mixin.py:190} INFO - [2024-11-19T10:56:25.599+0000] {dag.py:3239} INFO - Sync 1 DAGs
[2024-11-19T10:56:25.615+0000] {logging_mixin.py:190} INFO - [2024-11-19T10:56:25.615+0000] {dag.py:4180} INFO - Setting next_dagrun for example_complex to None, run_after=None
[2024-11-19T10:56:25.634+0000] {processor.py:208} INFO - Processing /home/airflow/.local/lib/python3.12/site-packages/airflow/example_dags/example_complex.py took 0.099 seconds
[2024-11-19T10:56:56.207+0000] {processor.py:186} INFO - Started process (PID=592) to work on /home/airflow/.local/lib/python3.12/site-packages/airflow/example_dags/example_complex.py
[2024-11-19T10:56:56.208+0000] {processor.py:914} INFO - Processing file /home/airflow/.local/lib/python3.12/site-packages/airflow/example_dags/example_complex.py for tasks to queue
[2024-11-19T10:56:56.211+0000] {logging_mixin.py:190} INFO - [2024-11-19T10:56:56.211+0000] {dagbag.py:588} INFO - Filling up the DagBag from /home/airflow/.local/lib/python3.12/site-packages/airflow/example_dags/example_complex.py
[2024-11-19T10:56:56.233+0000] {processor.py:925} INFO - DAG(s) 'example_complex' retrieved from /home/airflow/.local/lib/python3.12/site-packages/airflow/example_dags/example_complex.py
[2024-11-19T10:56:56.288+0000] {logging_mixin.py:190} INFO - [2024-11-19T10:56:56.288+0000] {dag.py:3239} INFO - Sync 1 DAGs
[2024-11-19T10:56:56.328+0000] {logging_mixin.py:190} INFO - [2024-11-19T10:56:56.328+0000] {dag.py:4180} INFO - Setting next_dagrun for example_complex to None, run_after=None
[2024-11-19T10:56:56.386+0000] {processor.py:208} INFO - Processing /home/airflow/.local/lib/python3.12/site-packages/airflow/example_dags/example_complex.py took 0.190 seconds
[2024-11-19T10:57:26.828+0000] {processor.py:186} INFO - Started process (PID=658) to work on /home/airflow/.local/lib/python3.12/site-packages/airflow/example_dags/example_complex.py
[2024-11-19T10:57:26.828+0000] {processor.py:914} INFO - Processing file /home/airflow/.local/lib/python3.12/site-packages/airflow/example_dags/example_complex.py for tasks to queue
[2024-11-19T10:57:26.830+0000] {logging_mixin.py:190} INFO - [2024-11-19T10:57:26.829+0000] {dagbag.py:588} INFO - Filling up the DagBag from /home/airflow/.local/lib/python3.12/site-packages/airflow/example_dags/example_complex.py
[2024-11-19T10:57:26.840+0000] {processor.py:925} INFO - DAG(s) 'example_complex' retrieved from /home/airflow/.local/lib/python3.12/site-packages/airflow/example_dags/example_complex.py
[2024-11-19T10:57:26.866+0000] {logging_mixin.py:190} INFO - [2024-11-19T10:57:26.866+0000] {dag.py:3239} INFO - Sync 1 DAGs
[2024-11-19T10:57:26.880+0000] {logging_mixin.py:190} INFO - [2024-11-19T10:57:26.879+0000] {dag.py:4180} INFO - Setting next_dagrun for example_complex to None, run_after=None
[2024-11-19T10:57:26.896+0000] {processor.py:208} INFO - Processing /home/airflow/.local/lib/python3.12/site-packages/airflow/example_dags/example_complex.py took 0.072 seconds
[2024-11-19T10:57:58.436+0000] {processor.py:186} INFO - Started process (PID=728) to work on /home/airflow/.local/lib/python3.12/site-packages/airflow/example_dags/example_complex.py
[2024-11-19T10:57:58.438+0000] {processor.py:914} INFO - Processing file /home/airflow/.local/lib/python3.12/site-packages/airflow/example_dags/example_complex.py for tasks to queue
[2024-11-19T10:57:58.441+0000] {logging_mixin.py:190} INFO - [2024-11-19T10:57:58.440+0000] {dagbag.py:588} INFO - Filling up the DagBag from /home/airflow/.local/lib/python3.12/site-packages/airflow/example_dags/example_complex.py
[2024-11-19T10:57:58.459+0000] {processor.py:925} INFO - DAG(s) 'example_complex' retrieved from /home/airflow/.local/lib/python3.12/site-packages/airflow/example_dags/example_complex.py
[2024-11-19T10:57:58.511+0000] {logging_mixin.py:190} INFO - [2024-11-19T10:57:58.510+0000] {dag.py:3239} INFO - Sync 1 DAGs
[2024-11-19T10:57:58.531+0000] {logging_mixin.py:190} INFO - [2024-11-19T10:57:58.530+0000] {dag.py:4180} INFO - Setting next_dagrun for example_complex to None, run_after=None
[2024-11-19T10:57:58.568+0000] {processor.py:208} INFO - Processing /home/airflow/.local/lib/python3.12/site-packages/airflow/example_dags/example_complex.py took 0.141 seconds
[2024-11-19T10:58:29.378+0000] {processor.py:186} INFO - Started process (PID=797) to work on /home/airflow/.local/lib/python3.12/site-packages/airflow/example_dags/example_complex.py
[2024-11-19T10:58:29.380+0000] {processor.py:914} INFO - Processing file /home/airflow/.local/lib/python3.12/site-packages/airflow/example_dags/example_complex.py for tasks to queue
[2024-11-19T10:58:29.384+0000] {logging_mixin.py:190} INFO - [2024-11-19T10:58:29.383+0000] {dagbag.py:588} INFO - Filling up the DagBag from /home/airflow/.local/lib/python3.12/site-packages/airflow/example_dags/example_complex.py
[2024-11-19T10:58:29.406+0000] {processor.py:925} INFO - DAG(s) 'example_complex' retrieved from /home/airflow/.local/lib/python3.12/site-packages/airflow/example_dags/example_complex.py
[2024-11-19T10:58:29.457+0000] {logging_mixin.py:190} INFO - [2024-11-19T10:58:29.457+0000] {dag.py:3239} INFO - Sync 1 DAGs
[2024-11-19T10:58:29.477+0000] {logging_mixin.py:190} INFO - [2024-11-19T10:58:29.476+0000] {dag.py:4180} INFO - Setting next_dagrun for example_complex to None, run_after=None
[2024-11-19T10:58:29.501+0000] {processor.py:208} INFO - Processing /home/airflow/.local/lib/python3.12/site-packages/airflow/example_dags/example_complex.py took 0.131 seconds
[2024-11-19T10:58:59.991+0000] {processor.py:186} INFO - Started process (PID=863) to work on /home/airflow/.local/lib/python3.12/site-packages/airflow/example_dags/example_complex.py
[2024-11-19T10:58:59.991+0000] {processor.py:914} INFO - Processing file /home/airflow/.local/lib/python3.12/site-packages/airflow/example_dags/example_complex.py for tasks to queue
[2024-11-19T10:58:59.993+0000] {logging_mixin.py:190} INFO - [2024-11-19T10:58:59.993+0000] {dagbag.py:588} INFO - Filling up the DagBag from /home/airflow/.local/lib/python3.12/site-packages/airflow/example_dags/example_complex.py
[2024-11-19T10:59:00.008+0000] {processor.py:925} INFO - DAG(s) 'example_complex' retrieved from /home/airflow/.local/lib/python3.12/site-packages/airflow/example_dags/example_complex.py
[2024-11-19T10:59:00.042+0000] {logging_mixin.py:190} INFO - [2024-11-19T10:59:00.042+0000] {dag.py:3239} INFO - Sync 1 DAGs
[2024-11-19T10:59:00.058+0000] {logging_mixin.py:190} INFO - [2024-11-19T10:59:00.058+0000] {dag.py:4180} INFO - Setting next_dagrun for example_complex to None, run_after=None
[2024-11-19T10:59:00.076+0000] {processor.py:208} INFO - Processing /home/airflow/.local/lib/python3.12/site-packages/airflow/example_dags/example_complex.py took 0.091 seconds
[2024-11-19T10:59:31.429+0000] {processor.py:186} INFO - Started process (PID=929) to work on /home/airflow/.local/lib/python3.12/site-packages/airflow/example_dags/example_complex.py
[2024-11-19T10:59:31.431+0000] {processor.py:914} INFO - Processing file /home/airflow/.local/lib/python3.12/site-packages/airflow/example_dags/example_complex.py for tasks to queue
[2024-11-19T10:59:31.438+0000] {logging_mixin.py:190} INFO - [2024-11-19T10:59:31.436+0000] {dagbag.py:588} INFO - Filling up the DagBag from /home/airflow/.local/lib/python3.12/site-packages/airflow/example_dags/example_complex.py
[2024-11-19T10:59:31.468+0000] {processor.py:925} INFO - DAG(s) 'example_complex' retrieved from /home/airflow/.local/lib/python3.12/site-packages/airflow/example_dags/example_complex.py
[2024-11-19T10:59:31.545+0000] {logging_mixin.py:190} INFO - [2024-11-19T10:59:31.545+0000] {dag.py:3239} INFO - Sync 1 DAGs
[2024-11-19T10:59:31.579+0000] {logging_mixin.py:190} INFO - [2024-11-19T10:59:31.579+0000] {dag.py:4180} INFO - Setting next_dagrun for example_complex to None, run_after=None
[2024-11-19T10:59:31.622+0000] {processor.py:208} INFO - Processing /home/airflow/.local/lib/python3.12/site-packages/airflow/example_dags/example_complex.py took 0.207 seconds
[2024-11-19T11:00:03.495+0000] {processor.py:186} INFO - Started process (PID=1004) to work on /home/airflow/.local/lib/python3.12/site-packages/airflow/example_dags/example_complex.py
[2024-11-19T11:00:03.497+0000] {processor.py:914} INFO - Processing file /home/airflow/.local/lib/python3.12/site-packages/airflow/example_dags/example_complex.py for tasks to queue
[2024-11-19T11:00:03.502+0000] {logging_mixin.py:190} INFO - [2024-11-19T11:00:03.501+0000] {dagbag.py:588} INFO - Filling up the DagBag from /home/airflow/.local/lib/python3.12/site-packages/airflow/example_dags/example_complex.py
[2024-11-19T11:00:03.538+0000] {processor.py:925} INFO - DAG(s) 'example_complex' retrieved from /home/airflow/.local/lib/python3.12/site-packages/airflow/example_dags/example_complex.py
[2024-11-19T11:00:03.651+0000] {logging_mixin.py:190} INFO - [2024-11-19T11:00:03.651+0000] {dag.py:3239} INFO - Sync 1 DAGs
[2024-11-19T11:00:03.723+0000] {logging_mixin.py:190} INFO - [2024-11-19T11:00:03.722+0000] {dag.py:4180} INFO - Setting next_dagrun for example_complex to None, run_after=None
[2024-11-19T11:00:03.768+0000] {processor.py:208} INFO - Processing /home/airflow/.local/lib/python3.12/site-packages/airflow/example_dags/example_complex.py took 0.289 seconds
[2024-11-19T11:02:29.646+0000] {processor.py:186} INFO - Started process (PID=1030) to work on /home/airflow/.local/lib/python3.12/site-packages/airflow/example_dags/example_complex.py
[2024-11-19T11:02:29.650+0000] {processor.py:914} INFO - Processing file /home/airflow/.local/lib/python3.12/site-packages/airflow/example_dags/example_complex.py for tasks to queue
[2024-11-19T11:02:29.659+0000] {logging_mixin.py:190} INFO - [2024-11-19T11:02:29.656+0000] {dagbag.py:588} INFO - Filling up the DagBag from /home/airflow/.local/lib/python3.12/site-packages/airflow/example_dags/example_complex.py
[2024-11-19T11:02:29.734+0000] {processor.py:925} INFO - DAG(s) 'example_complex' retrieved from /home/airflow/.local/lib/python3.12/site-packages/airflow/example_dags/example_complex.py
[2024-11-19T11:02:29.930+0000] {logging_mixin.py:190} INFO - [2024-11-19T11:02:29.929+0000] {dag.py:3239} INFO - Sync 1 DAGs
[2024-11-19T11:02:30.024+0000] {logging_mixin.py:190} INFO - [2024-11-19T11:02:30.023+0000] {dag.py:4180} INFO - Setting next_dagrun for example_complex to None, run_after=None
[2024-11-19T11:02:30.136+0000] {processor.py:208} INFO - Processing /home/airflow/.local/lib/python3.12/site-packages/airflow/example_dags/example_complex.py took 0.520 seconds
[2024-11-19T11:03:00.209+0000] {processor.py:186} INFO - Started process (PID=1104) to work on /home/airflow/.local/lib/python3.12/site-packages/airflow/example_dags/example_complex.py
[2024-11-19T11:03:00.210+0000] {processor.py:914} INFO - Processing file /home/airflow/.local/lib/python3.12/site-packages/airflow/example_dags/example_complex.py for tasks to queue
[2024-11-19T11:03:00.211+0000] {logging_mixin.py:190} INFO - [2024-11-19T11:03:00.211+0000] {dagbag.py:588} INFO - Filling up the DagBag from /home/airflow/.local/lib/python3.12/site-packages/airflow/example_dags/example_complex.py
[2024-11-19T11:03:00.222+0000] {processor.py:925} INFO - DAG(s) 'example_complex' retrieved from /home/airflow/.local/lib/python3.12/site-packages/airflow/example_dags/example_complex.py
[2024-11-19T11:03:00.250+0000] {logging_mixin.py:190} INFO - [2024-11-19T11:03:00.249+0000] {dag.py:3239} INFO - Sync 1 DAGs
[2024-11-19T11:03:00.263+0000] {logging_mixin.py:190} INFO - [2024-11-19T11:03:00.262+0000] {dag.py:4180} INFO - Setting next_dagrun for example_complex to None, run_after=None
[2024-11-19T11:03:00.281+0000] {processor.py:208} INFO - Processing /home/airflow/.local/lib/python3.12/site-packages/airflow/example_dags/example_complex.py took 0.077 seconds
[2024-11-19T11:03:32.698+0000] {processor.py:186} INFO - Started process (PID=1170) to work on /home/airflow/.local/lib/python3.12/site-packages/airflow/example_dags/example_complex.py
[2024-11-19T11:03:32.698+0000] {processor.py:914} INFO - Processing file /home/airflow/.local/lib/python3.12/site-packages/airflow/example_dags/example_complex.py for tasks to queue
[2024-11-19T11:03:32.700+0000] {logging_mixin.py:190} INFO - [2024-11-19T11:03:32.699+0000] {dagbag.py:588} INFO - Filling up the DagBag from /home/airflow/.local/lib/python3.12/site-packages/airflow/example_dags/example_complex.py
[2024-11-19T11:03:32.717+0000] {processor.py:925} INFO - DAG(s) 'example_complex' retrieved from /home/airflow/.local/lib/python3.12/site-packages/airflow/example_dags/example_complex.py
[2024-11-19T11:03:32.751+0000] {logging_mixin.py:190} INFO - [2024-11-19T11:03:32.750+0000] {dag.py:3239} INFO - Sync 1 DAGs
[2024-11-19T11:03:32.766+0000] {logging_mixin.py:190} INFO - [2024-11-19T11:03:32.766+0000] {dag.py:4180} INFO - Setting next_dagrun for example_complex to None, run_after=None
[2024-11-19T11:03:32.787+0000] {processor.py:208} INFO - Processing /home/airflow/.local/lib/python3.12/site-packages/airflow/example_dags/example_complex.py took 0.096 seconds
[2024-11-19T11:04:05.179+0000] {processor.py:186} INFO - Started process (PID=1240) to work on /home/airflow/.local/lib/python3.12/site-packages/airflow/example_dags/example_complex.py
[2024-11-19T11:04:05.180+0000] {processor.py:914} INFO - Processing file /home/airflow/.local/lib/python3.12/site-packages/airflow/example_dags/example_complex.py for tasks to queue
[2024-11-19T11:04:05.185+0000] {logging_mixin.py:190} INFO - [2024-11-19T11:04:05.184+0000] {dagbag.py:588} INFO - Filling up the DagBag from /home/airflow/.local/lib/python3.12/site-packages/airflow/example_dags/example_complex.py
[2024-11-19T11:04:05.247+0000] {processor.py:925} INFO - DAG(s) 'example_complex' retrieved from /home/airflow/.local/lib/python3.12/site-packages/airflow/example_dags/example_complex.py
[2024-11-19T11:04:05.328+0000] {logging_mixin.py:190} INFO - [2024-11-19T11:04:05.327+0000] {dag.py:3239} INFO - Sync 1 DAGs
[2024-11-19T11:04:05.359+0000] {logging_mixin.py:190} INFO - [2024-11-19T11:04:05.359+0000] {dag.py:4180} INFO - Setting next_dagrun for example_complex to None, run_after=None
[2024-11-19T11:04:05.415+0000] {processor.py:208} INFO - Processing /home/airflow/.local/lib/python3.12/site-packages/airflow/example_dags/example_complex.py took 0.255 seconds
[2024-11-19T11:04:35.531+0000] {processor.py:186} INFO - Started process (PID=1306) to work on /home/airflow/.local/lib/python3.12/site-packages/airflow/example_dags/example_complex.py
[2024-11-19T11:04:35.532+0000] {processor.py:914} INFO - Processing file /home/airflow/.local/lib/python3.12/site-packages/airflow/example_dags/example_complex.py for tasks to queue
[2024-11-19T11:04:35.533+0000] {logging_mixin.py:190} INFO - [2024-11-19T11:04:35.533+0000] {dagbag.py:588} INFO - Filling up the DagBag from /home/airflow/.local/lib/python3.12/site-packages/airflow/example_dags/example_complex.py
[2024-11-19T11:04:35.550+0000] {processor.py:925} INFO - DAG(s) 'example_complex' retrieved from /home/airflow/.local/lib/python3.12/site-packages/airflow/example_dags/example_complex.py
[2024-11-19T11:04:35.590+0000] {logging_mixin.py:190} INFO - [2024-11-19T11:04:35.589+0000] {dag.py:3239} INFO - Sync 1 DAGs
[2024-11-19T11:04:35.606+0000] {logging_mixin.py:190} INFO - [2024-11-19T11:04:35.606+0000] {dag.py:4180} INFO - Setting next_dagrun for example_complex to None, run_after=None
[2024-11-19T11:04:35.627+0000] {processor.py:208} INFO - Processing /home/airflow/.local/lib/python3.12/site-packages/airflow/example_dags/example_complex.py took 0.106 seconds
[2024-11-19T11:05:07.473+0000] {processor.py:186} INFO - Started process (PID=1372) to work on /home/airflow/.local/lib/python3.12/site-packages/airflow/example_dags/example_complex.py
[2024-11-19T11:05:07.480+0000] {processor.py:914} INFO - Processing file /home/airflow/.local/lib/python3.12/site-packages/airflow/example_dags/example_complex.py for tasks to queue
[2024-11-19T11:05:07.482+0000] {logging_mixin.py:190} INFO - [2024-11-19T11:05:07.482+0000] {dagbag.py:588} INFO - Filling up the DagBag from /home/airflow/.local/lib/python3.12/site-packages/airflow/example_dags/example_complex.py
[2024-11-19T11:05:07.495+0000] {processor.py:925} INFO - DAG(s) 'example_complex' retrieved from /home/airflow/.local/lib/python3.12/site-packages/airflow/example_dags/example_complex.py
[2024-11-19T11:05:07.531+0000] {logging_mixin.py:190} INFO - [2024-11-19T11:05:07.531+0000] {dag.py:3239} INFO - Sync 1 DAGs
[2024-11-19T11:05:07.546+0000] {logging_mixin.py:190} INFO - [2024-11-19T11:05:07.546+0000] {dag.py:4180} INFO - Setting next_dagrun for example_complex to None, run_after=None
[2024-11-19T11:05:07.809+0000] {processor.py:208} INFO - Processing /home/airflow/.local/lib/python3.12/site-packages/airflow/example_dags/example_complex.py took 0.343 seconds
[2024-11-19T11:05:38.175+0000] {processor.py:186} INFO - Started process (PID=1438) to work on /home/airflow/.local/lib/python3.12/site-packages/airflow/example_dags/example_complex.py
[2024-11-19T11:05:38.175+0000] {processor.py:914} INFO - Processing file /home/airflow/.local/lib/python3.12/site-packages/airflow/example_dags/example_complex.py for tasks to queue
[2024-11-19T11:05:38.177+0000] {logging_mixin.py:190} INFO - [2024-11-19T11:05:38.176+0000] {dagbag.py:588} INFO - Filling up the DagBag from /home/airflow/.local/lib/python3.12/site-packages/airflow/example_dags/example_complex.py
[2024-11-19T11:05:38.190+0000] {processor.py:925} INFO - DAG(s) 'example_complex' retrieved from /home/airflow/.local/lib/python3.12/site-packages/airflow/example_dags/example_complex.py
[2024-11-19T11:05:38.235+0000] {logging_mixin.py:190} INFO - [2024-11-19T11:05:38.234+0000] {dag.py:3239} INFO - Sync 1 DAGs
[2024-11-19T11:05:38.252+0000] {logging_mixin.py:190} INFO - [2024-11-19T11:05:38.252+0000] {dag.py:4180} INFO - Setting next_dagrun for example_complex to None, run_after=None
[2024-11-19T11:05:38.273+0000] {processor.py:208} INFO - Processing /home/airflow/.local/lib/python3.12/site-packages/airflow/example_dags/example_complex.py took 0.105 seconds
[2024-11-19T11:15:56.240+0000] {processor.py:186} INFO - Started process (PID=43) to work on /home/airflow/.local/lib/python3.12/site-packages/airflow/example_dags/example_complex.py
[2024-11-19T11:15:56.244+0000] {processor.py:914} INFO - Processing file /home/airflow/.local/lib/python3.12/site-packages/airflow/example_dags/example_complex.py for tasks to queue
[2024-11-19T11:15:56.251+0000] {logging_mixin.py:190} INFO - [2024-11-19T11:15:56.250+0000] {dagbag.py:588} INFO - Filling up the DagBag from /home/airflow/.local/lib/python3.12/site-packages/airflow/example_dags/example_complex.py
[2024-11-19T11:15:56.278+0000] {processor.py:925} INFO - DAG(s) 'example_complex' retrieved from /home/airflow/.local/lib/python3.12/site-packages/airflow/example_dags/example_complex.py
[2024-11-19T11:15:56.324+0000] {logging_mixin.py:190} INFO - [2024-11-19T11:15:56.324+0000] {dag.py:3239} INFO - Sync 1 DAGs
[2024-11-19T11:15:56.343+0000] {logging_mixin.py:190} INFO - [2024-11-19T11:15:56.343+0000] {dag.py:4180} INFO - Setting next_dagrun for example_complex to None, run_after=None
[2024-11-19T11:15:56.362+0000] {processor.py:208} INFO - Processing /home/airflow/.local/lib/python3.12/site-packages/airflow/example_dags/example_complex.py took 0.138 seconds
[2024-11-19T11:16:27.012+0000] {processor.py:186} INFO - Started process (PID=109) to work on /home/airflow/.local/lib/python3.12/site-packages/airflow/example_dags/example_complex.py
[2024-11-19T11:16:27.014+0000] {processor.py:914} INFO - Processing file /home/airflow/.local/lib/python3.12/site-packages/airflow/example_dags/example_complex.py for tasks to queue
[2024-11-19T11:16:27.018+0000] {logging_mixin.py:190} INFO - [2024-11-19T11:16:27.017+0000] {dagbag.py:588} INFO - Filling up the DagBag from /home/airflow/.local/lib/python3.12/site-packages/airflow/example_dags/example_complex.py
[2024-11-19T11:16:27.044+0000] {processor.py:925} INFO - DAG(s) 'example_complex' retrieved from /home/airflow/.local/lib/python3.12/site-packages/airflow/example_dags/example_complex.py
[2024-11-19T11:16:27.132+0000] {logging_mixin.py:190} INFO - [2024-11-19T11:16:27.132+0000] {dag.py:3239} INFO - Sync 1 DAGs
[2024-11-19T11:16:27.166+0000] {logging_mixin.py:190} INFO - [2024-11-19T11:16:27.166+0000] {dag.py:4180} INFO - Setting next_dagrun for example_complex to None, run_after=None
[2024-11-19T11:16:27.237+0000] {processor.py:208} INFO - Processing /home/airflow/.local/lib/python3.12/site-packages/airflow/example_dags/example_complex.py took 0.241 seconds
[2024-11-19T11:16:57.963+0000] {processor.py:186} INFO - Started process (PID=175) to work on /home/airflow/.local/lib/python3.12/site-packages/airflow/example_dags/example_complex.py
[2024-11-19T11:16:57.963+0000] {processor.py:914} INFO - Processing file /home/airflow/.local/lib/python3.12/site-packages/airflow/example_dags/example_complex.py for tasks to queue
[2024-11-19T11:16:57.964+0000] {logging_mixin.py:190} INFO - [2024-11-19T11:16:57.964+0000] {dagbag.py:588} INFO - Filling up the DagBag from /home/airflow/.local/lib/python3.12/site-packages/airflow/example_dags/example_complex.py
[2024-11-19T11:16:57.975+0000] {processor.py:925} INFO - DAG(s) 'example_complex' retrieved from /home/airflow/.local/lib/python3.12/site-packages/airflow/example_dags/example_complex.py
[2024-11-19T11:16:58.006+0000] {logging_mixin.py:190} INFO - [2024-11-19T11:16:58.006+0000] {dag.py:3239} INFO - Sync 1 DAGs
[2024-11-19T11:16:58.021+0000] {logging_mixin.py:190} INFO - [2024-11-19T11:16:58.021+0000] {dag.py:4180} INFO - Setting next_dagrun for example_complex to None, run_after=None
[2024-11-19T11:16:58.041+0000] {processor.py:208} INFO - Processing /home/airflow/.local/lib/python3.12/site-packages/airflow/example_dags/example_complex.py took 0.083 seconds
[2024-11-19T11:17:28.258+0000] {processor.py:186} INFO - Started process (PID=241) to work on /home/airflow/.local/lib/python3.12/site-packages/airflow/example_dags/example_complex.py
[2024-11-19T11:17:28.259+0000] {processor.py:914} INFO - Processing file /home/airflow/.local/lib/python3.12/site-packages/airflow/example_dags/example_complex.py for tasks to queue
[2024-11-19T11:17:28.260+0000] {logging_mixin.py:190} INFO - [2024-11-19T11:17:28.259+0000] {dagbag.py:588} INFO - Filling up the DagBag from /home/airflow/.local/lib/python3.12/site-packages/airflow/example_dags/example_complex.py
[2024-11-19T11:17:28.272+0000] {processor.py:925} INFO - DAG(s) 'example_complex' retrieved from /home/airflow/.local/lib/python3.12/site-packages/airflow/example_dags/example_complex.py
[2024-11-19T11:17:28.314+0000] {logging_mixin.py:190} INFO - [2024-11-19T11:17:28.313+0000] {dag.py:3239} INFO - Sync 1 DAGs
[2024-11-19T11:17:28.332+0000] {logging_mixin.py:190} INFO - [2024-11-19T11:17:28.332+0000] {dag.py:4180} INFO - Setting next_dagrun for example_complex to None, run_after=None
[2024-11-19T11:17:28.356+0000] {processor.py:208} INFO - Processing /home/airflow/.local/lib/python3.12/site-packages/airflow/example_dags/example_complex.py took 0.104 seconds
[2024-11-19T11:17:59.332+0000] {processor.py:186} INFO - Started process (PID=307) to work on /home/airflow/.local/lib/python3.12/site-packages/airflow/example_dags/example_complex.py
[2024-11-19T11:17:59.333+0000] {processor.py:914} INFO - Processing file /home/airflow/.local/lib/python3.12/site-packages/airflow/example_dags/example_complex.py for tasks to queue
[2024-11-19T11:17:59.334+0000] {logging_mixin.py:190} INFO - [2024-11-19T11:17:59.334+0000] {dagbag.py:588} INFO - Filling up the DagBag from /home/airflow/.local/lib/python3.12/site-packages/airflow/example_dags/example_complex.py
[2024-11-19T11:17:59.352+0000] {processor.py:925} INFO - DAG(s) 'example_complex' retrieved from /home/airflow/.local/lib/python3.12/site-packages/airflow/example_dags/example_complex.py
[2024-11-19T11:17:59.399+0000] {logging_mixin.py:190} INFO - [2024-11-19T11:17:59.399+0000] {dag.py:3239} INFO - Sync 1 DAGs
[2024-11-19T11:17:59.418+0000] {logging_mixin.py:190} INFO - [2024-11-19T11:17:59.418+0000] {dag.py:4180} INFO - Setting next_dagrun for example_complex to None, run_after=None
[2024-11-19T11:17:59.451+0000] {processor.py:208} INFO - Processing /home/airflow/.local/lib/python3.12/site-packages/airflow/example_dags/example_complex.py took 0.129 seconds
[2024-11-19T11:18:30.134+0000] {processor.py:186} INFO - Started process (PID=372) to work on /home/airflow/.local/lib/python3.12/site-packages/airflow/example_dags/example_complex.py
[2024-11-19T11:18:30.135+0000] {processor.py:914} INFO - Processing file /home/airflow/.local/lib/python3.12/site-packages/airflow/example_dags/example_complex.py for tasks to queue
[2024-11-19T11:18:30.136+0000] {logging_mixin.py:190} INFO - [2024-11-19T11:18:30.136+0000] {dagbag.py:588} INFO - Filling up the DagBag from /home/airflow/.local/lib/python3.12/site-packages/airflow/example_dags/example_complex.py
[2024-11-19T11:18:30.151+0000] {processor.py:925} INFO - DAG(s) 'example_complex' retrieved from /home/airflow/.local/lib/python3.12/site-packages/airflow/example_dags/example_complex.py
[2024-11-19T11:18:30.191+0000] {logging_mixin.py:190} INFO - [2024-11-19T11:18:30.191+0000] {dag.py:3239} INFO - Sync 1 DAGs
[2024-11-19T11:18:30.207+0000] {logging_mixin.py:190} INFO - [2024-11-19T11:18:30.206+0000] {dag.py:4180} INFO - Setting next_dagrun for example_complex to None, run_after=None
[2024-11-19T11:18:30.223+0000] {processor.py:208} INFO - Processing /home/airflow/.local/lib/python3.12/site-packages/airflow/example_dags/example_complex.py took 0.095 seconds
[2024-11-19T11:19:01.445+0000] {processor.py:186} INFO - Started process (PID=438) to work on /home/airflow/.local/lib/python3.12/site-packages/airflow/example_dags/example_complex.py
[2024-11-19T11:19:01.446+0000] {processor.py:914} INFO - Processing file /home/airflow/.local/lib/python3.12/site-packages/airflow/example_dags/example_complex.py for tasks to queue
[2024-11-19T11:19:01.448+0000] {logging_mixin.py:190} INFO - [2024-11-19T11:19:01.447+0000] {dagbag.py:588} INFO - Filling up the DagBag from /home/airflow/.local/lib/python3.12/site-packages/airflow/example_dags/example_complex.py
[2024-11-19T11:19:01.465+0000] {processor.py:925} INFO - DAG(s) 'example_complex' retrieved from /home/airflow/.local/lib/python3.12/site-packages/airflow/example_dags/example_complex.py
[2024-11-19T11:19:01.516+0000] {logging_mixin.py:190} INFO - [2024-11-19T11:19:01.516+0000] {dag.py:3239} INFO - Sync 1 DAGs
[2024-11-19T11:19:01.535+0000] {logging_mixin.py:190} INFO - [2024-11-19T11:19:01.534+0000] {dag.py:4180} INFO - Setting next_dagrun for example_complex to None, run_after=None
[2024-11-19T11:19:01.559+0000] {processor.py:208} INFO - Processing /home/airflow/.local/lib/python3.12/site-packages/airflow/example_dags/example_complex.py took 0.120 seconds
[2024-11-19T11:19:32.451+0000] {processor.py:186} INFO - Started process (PID=504) to work on /home/airflow/.local/lib/python3.12/site-packages/airflow/example_dags/example_complex.py
[2024-11-19T11:19:32.452+0000] {processor.py:914} INFO - Processing file /home/airflow/.local/lib/python3.12/site-packages/airflow/example_dags/example_complex.py for tasks to queue
[2024-11-19T11:19:32.455+0000] {logging_mixin.py:190} INFO - [2024-11-19T11:19:32.454+0000] {dagbag.py:588} INFO - Filling up the DagBag from /home/airflow/.local/lib/python3.12/site-packages/airflow/example_dags/example_complex.py
[2024-11-19T11:19:32.487+0000] {processor.py:925} INFO - DAG(s) 'example_complex' retrieved from /home/airflow/.local/lib/python3.12/site-packages/airflow/example_dags/example_complex.py
[2024-11-19T11:19:32.564+0000] {logging_mixin.py:190} INFO - [2024-11-19T11:19:32.563+0000] {dag.py:3239} INFO - Sync 1 DAGs
[2024-11-19T11:19:32.599+0000] {logging_mixin.py:190} INFO - [2024-11-19T11:19:32.598+0000] {dag.py:4180} INFO - Setting next_dagrun for example_complex to None, run_after=None
[2024-11-19T11:19:32.653+0000] {processor.py:208} INFO - Processing /home/airflow/.local/lib/python3.12/site-packages/airflow/example_dags/example_complex.py took 0.213 seconds
[2024-11-19T11:20:04.530+0000] {processor.py:186} INFO - Started process (PID=576) to work on /home/airflow/.local/lib/python3.12/site-packages/airflow/example_dags/example_complex.py
[2024-11-19T11:20:04.532+0000] {processor.py:914} INFO - Processing file /home/airflow/.local/lib/python3.12/site-packages/airflow/example_dags/example_complex.py for tasks to queue
[2024-11-19T11:20:04.536+0000] {logging_mixin.py:190} INFO - [2024-11-19T11:20:04.536+0000] {dagbag.py:588} INFO - Filling up the DagBag from /home/airflow/.local/lib/python3.12/site-packages/airflow/example_dags/example_complex.py
[2024-11-19T11:20:04.615+0000] {processor.py:925} INFO - DAG(s) 'example_complex' retrieved from /home/airflow/.local/lib/python3.12/site-packages/airflow/example_dags/example_complex.py
[2024-11-19T11:20:04.742+0000] {logging_mixin.py:190} INFO - [2024-11-19T11:20:04.741+0000] {dag.py:3239} INFO - Sync 1 DAGs
[2024-11-19T11:20:04.787+0000] {logging_mixin.py:190} INFO - [2024-11-19T11:20:04.786+0000] {dag.py:4180} INFO - Setting next_dagrun for example_complex to None, run_after=None
[2024-11-19T11:20:04.840+0000] {processor.py:208} INFO - Processing /home/airflow/.local/lib/python3.12/site-packages/airflow/example_dags/example_complex.py took 0.329 seconds
[2024-11-19T11:20:35.776+0000] {processor.py:186} INFO - Started process (PID=642) to work on /home/airflow/.local/lib/python3.12/site-packages/airflow/example_dags/example_complex.py
[2024-11-19T11:20:35.777+0000] {processor.py:914} INFO - Processing file /home/airflow/.local/lib/python3.12/site-packages/airflow/example_dags/example_complex.py for tasks to queue
[2024-11-19T11:20:35.778+0000] {logging_mixin.py:190} INFO - [2024-11-19T11:20:35.777+0000] {dagbag.py:588} INFO - Filling up the DagBag from /home/airflow/.local/lib/python3.12/site-packages/airflow/example_dags/example_complex.py
[2024-11-19T11:20:35.791+0000] {processor.py:925} INFO - DAG(s) 'example_complex' retrieved from /home/airflow/.local/lib/python3.12/site-packages/airflow/example_dags/example_complex.py
[2024-11-19T11:20:35.820+0000] {logging_mixin.py:190} INFO - [2024-11-19T11:20:35.820+0000] {dag.py:3239} INFO - Sync 1 DAGs
[2024-11-19T11:20:35.835+0000] {logging_mixin.py:190} INFO - [2024-11-19T11:20:35.835+0000] {dag.py:4180} INFO - Setting next_dagrun for example_complex to None, run_after=None
[2024-11-19T11:20:35.853+0000] {processor.py:208} INFO - Processing /home/airflow/.local/lib/python3.12/site-packages/airflow/example_dags/example_complex.py took 0.083 seconds
[2024-11-19T11:21:06.767+0000] {processor.py:186} INFO - Started process (PID=709) to work on /home/airflow/.local/lib/python3.12/site-packages/airflow/example_dags/example_complex.py
[2024-11-19T11:21:06.768+0000] {processor.py:914} INFO - Processing file /home/airflow/.local/lib/python3.12/site-packages/airflow/example_dags/example_complex.py for tasks to queue
[2024-11-19T11:21:06.769+0000] {logging_mixin.py:190} INFO - [2024-11-19T11:21:06.769+0000] {dagbag.py:588} INFO - Filling up the DagBag from /home/airflow/.local/lib/python3.12/site-packages/airflow/example_dags/example_complex.py
[2024-11-19T11:21:06.783+0000] {processor.py:925} INFO - DAG(s) 'example_complex' retrieved from /home/airflow/.local/lib/python3.12/site-packages/airflow/example_dags/example_complex.py
[2024-11-19T11:21:06.820+0000] {logging_mixin.py:190} INFO - [2024-11-19T11:21:06.820+0000] {dag.py:3239} INFO - Sync 1 DAGs
[2024-11-19T11:21:06.839+0000] {logging_mixin.py:190} INFO - [2024-11-19T11:21:06.839+0000] {dag.py:4180} INFO - Setting next_dagrun for example_complex to None, run_after=None
[2024-11-19T11:21:06.862+0000] {processor.py:208} INFO - Processing /home/airflow/.local/lib/python3.12/site-packages/airflow/example_dags/example_complex.py took 0.102 seconds
[2024-11-19T11:21:37.889+0000] {processor.py:186} INFO - Started process (PID=775) to work on /home/airflow/.local/lib/python3.12/site-packages/airflow/example_dags/example_complex.py
[2024-11-19T11:21:37.890+0000] {processor.py:914} INFO - Processing file /home/airflow/.local/lib/python3.12/site-packages/airflow/example_dags/example_complex.py for tasks to queue
[2024-11-19T11:21:37.891+0000] {logging_mixin.py:190} INFO - [2024-11-19T11:21:37.891+0000] {dagbag.py:588} INFO - Filling up the DagBag from /home/airflow/.local/lib/python3.12/site-packages/airflow/example_dags/example_complex.py
[2024-11-19T11:21:37.903+0000] {processor.py:925} INFO - DAG(s) 'example_complex' retrieved from /home/airflow/.local/lib/python3.12/site-packages/airflow/example_dags/example_complex.py
[2024-11-19T11:21:37.941+0000] {logging_mixin.py:190} INFO - [2024-11-19T11:21:37.940+0000] {dag.py:3239} INFO - Sync 1 DAGs
[2024-11-19T11:21:37.961+0000] {logging_mixin.py:190} INFO - [2024-11-19T11:21:37.961+0000] {dag.py:4180} INFO - Setting next_dagrun for example_complex to None, run_after=None
[2024-11-19T11:21:37.984+0000] {processor.py:208} INFO - Processing /home/airflow/.local/lib/python3.12/site-packages/airflow/example_dags/example_complex.py took 0.100 seconds
[2024-11-19T11:22:08.824+0000] {processor.py:186} INFO - Started process (PID=841) to work on /home/airflow/.local/lib/python3.12/site-packages/airflow/example_dags/example_complex.py
[2024-11-19T11:22:08.825+0000] {processor.py:914} INFO - Processing file /home/airflow/.local/lib/python3.12/site-packages/airflow/example_dags/example_complex.py for tasks to queue
[2024-11-19T11:22:08.827+0000] {logging_mixin.py:190} INFO - [2024-11-19T11:22:08.826+0000] {dagbag.py:588} INFO - Filling up the DagBag from /home/airflow/.local/lib/python3.12/site-packages/airflow/example_dags/example_complex.py
[2024-11-19T11:22:08.844+0000] {processor.py:925} INFO - DAG(s) 'example_complex' retrieved from /home/airflow/.local/lib/python3.12/site-packages/airflow/example_dags/example_complex.py
[2024-11-19T11:22:08.881+0000] {logging_mixin.py:190} INFO - [2024-11-19T11:22:08.881+0000] {dag.py:3239} INFO - Sync 1 DAGs
[2024-11-19T11:22:08.899+0000] {logging_mixin.py:190} INFO - [2024-11-19T11:22:08.899+0000] {dag.py:4180} INFO - Setting next_dagrun for example_complex to None, run_after=None
[2024-11-19T11:22:08.920+0000] {processor.py:208} INFO - Processing /home/airflow/.local/lib/python3.12/site-packages/airflow/example_dags/example_complex.py took 0.101 seconds
[2024-11-19T11:22:40.306+0000] {processor.py:186} INFO - Started process (PID=906) to work on /home/airflow/.local/lib/python3.12/site-packages/airflow/example_dags/example_complex.py
[2024-11-19T11:22:40.307+0000] {processor.py:914} INFO - Processing file /home/airflow/.local/lib/python3.12/site-packages/airflow/example_dags/example_complex.py for tasks to queue
[2024-11-19T11:22:40.308+0000] {logging_mixin.py:190} INFO - [2024-11-19T11:22:40.308+0000] {dagbag.py:588} INFO - Filling up the DagBag from /home/airflow/.local/lib/python3.12/site-packages/airflow/example_dags/example_complex.py
[2024-11-19T11:22:40.322+0000] {processor.py:925} INFO - DAG(s) 'example_complex' retrieved from /home/airflow/.local/lib/python3.12/site-packages/airflow/example_dags/example_complex.py
[2024-11-19T11:22:40.370+0000] {logging_mixin.py:190} INFO - [2024-11-19T11:22:40.370+0000] {dag.py:3239} INFO - Sync 1 DAGs
[2024-11-19T11:22:40.393+0000] {logging_mixin.py:190} INFO - [2024-11-19T11:22:40.393+0000] {dag.py:4180} INFO - Setting next_dagrun for example_complex to None, run_after=None
[2024-11-19T11:22:40.423+0000] {processor.py:208} INFO - Processing /home/airflow/.local/lib/python3.12/site-packages/airflow/example_dags/example_complex.py took 0.126 seconds
[2024-11-19T11:23:11.499+0000] {processor.py:186} INFO - Started process (PID=972) to work on /home/airflow/.local/lib/python3.12/site-packages/airflow/example_dags/example_complex.py
[2024-11-19T11:23:11.500+0000] {processor.py:914} INFO - Processing file /home/airflow/.local/lib/python3.12/site-packages/airflow/example_dags/example_complex.py for tasks to queue
[2024-11-19T11:23:11.501+0000] {logging_mixin.py:190} INFO - [2024-11-19T11:23:11.501+0000] {dagbag.py:588} INFO - Filling up the DagBag from /home/airflow/.local/lib/python3.12/site-packages/airflow/example_dags/example_complex.py
[2024-11-19T11:23:11.515+0000] {processor.py:925} INFO - DAG(s) 'example_complex' retrieved from /home/airflow/.local/lib/python3.12/site-packages/airflow/example_dags/example_complex.py
[2024-11-19T11:23:11.548+0000] {logging_mixin.py:190} INFO - [2024-11-19T11:23:11.548+0000] {dag.py:3239} INFO - Sync 1 DAGs
[2024-11-19T11:23:11.565+0000] {logging_mixin.py:190} INFO - [2024-11-19T11:23:11.565+0000] {dag.py:4180} INFO - Setting next_dagrun for example_complex to None, run_after=None
[2024-11-19T11:23:11.585+0000] {processor.py:208} INFO - Processing /home/airflow/.local/lib/python3.12/site-packages/airflow/example_dags/example_complex.py took 0.092 seconds
[2024-11-19T11:23:42.477+0000] {processor.py:186} INFO - Started process (PID=1038) to work on /home/airflow/.local/lib/python3.12/site-packages/airflow/example_dags/example_complex.py
[2024-11-19T11:23:42.478+0000] {processor.py:914} INFO - Processing file /home/airflow/.local/lib/python3.12/site-packages/airflow/example_dags/example_complex.py for tasks to queue
[2024-11-19T11:23:42.479+0000] {logging_mixin.py:190} INFO - [2024-11-19T11:23:42.479+0000] {dagbag.py:588} INFO - Filling up the DagBag from /home/airflow/.local/lib/python3.12/site-packages/airflow/example_dags/example_complex.py
[2024-11-19T11:23:42.492+0000] {processor.py:925} INFO - DAG(s) 'example_complex' retrieved from /home/airflow/.local/lib/python3.12/site-packages/airflow/example_dags/example_complex.py
[2024-11-19T11:23:42.530+0000] {logging_mixin.py:190} INFO - [2024-11-19T11:23:42.529+0000] {dag.py:3239} INFO - Sync 1 DAGs
[2024-11-19T11:23:42.546+0000] {logging_mixin.py:190} INFO - [2024-11-19T11:23:42.546+0000] {dag.py:4180} INFO - Setting next_dagrun for example_complex to None, run_after=None
[2024-11-19T11:23:42.565+0000] {processor.py:208} INFO - Processing /home/airflow/.local/lib/python3.12/site-packages/airflow/example_dags/example_complex.py took 0.096 seconds
[2024-11-19T11:24:13.515+0000] {processor.py:186} INFO - Started process (PID=1104) to work on /home/airflow/.local/lib/python3.12/site-packages/airflow/example_dags/example_complex.py
[2024-11-19T11:24:13.515+0000] {processor.py:914} INFO - Processing file /home/airflow/.local/lib/python3.12/site-packages/airflow/example_dags/example_complex.py for tasks to queue
[2024-11-19T11:24:13.516+0000] {logging_mixin.py:190} INFO - [2024-11-19T11:24:13.516+0000] {dagbag.py:588} INFO - Filling up the DagBag from /home/airflow/.local/lib/python3.12/site-packages/airflow/example_dags/example_complex.py
[2024-11-19T11:24:13.527+0000] {processor.py:925} INFO - DAG(s) 'example_complex' retrieved from /home/airflow/.local/lib/python3.12/site-packages/airflow/example_dags/example_complex.py
[2024-11-19T11:24:13.559+0000] {logging_mixin.py:190} INFO - [2024-11-19T11:24:13.559+0000] {dag.py:3239} INFO - Sync 1 DAGs
[2024-11-19T11:24:13.573+0000] {logging_mixin.py:190} INFO - [2024-11-19T11:24:13.573+0000] {dag.py:4180} INFO - Setting next_dagrun for example_complex to None, run_after=None
[2024-11-19T11:24:13.590+0000] {processor.py:208} INFO - Processing /home/airflow/.local/lib/python3.12/site-packages/airflow/example_dags/example_complex.py took 0.082 seconds
[2024-11-19T11:24:44.548+0000] {processor.py:186} INFO - Started process (PID=1170) to work on /home/airflow/.local/lib/python3.12/site-packages/airflow/example_dags/example_complex.py
[2024-11-19T11:24:44.549+0000] {processor.py:914} INFO - Processing file /home/airflow/.local/lib/python3.12/site-packages/airflow/example_dags/example_complex.py for tasks to queue
[2024-11-19T11:24:44.551+0000] {logging_mixin.py:190} INFO - [2024-11-19T11:24:44.550+0000] {dagbag.py:588} INFO - Filling up the DagBag from /home/airflow/.local/lib/python3.12/site-packages/airflow/example_dags/example_complex.py
[2024-11-19T11:24:44.565+0000] {processor.py:925} INFO - DAG(s) 'example_complex' retrieved from /home/airflow/.local/lib/python3.12/site-packages/airflow/example_dags/example_complex.py
[2024-11-19T11:24:44.620+0000] {logging_mixin.py:190} INFO - [2024-11-19T11:24:44.619+0000] {dag.py:3239} INFO - Sync 1 DAGs
[2024-11-19T11:24:44.643+0000] {logging_mixin.py:190} INFO - [2024-11-19T11:24:44.643+0000] {dag.py:4180} INFO - Setting next_dagrun for example_complex to None, run_after=None
[2024-11-19T11:24:44.686+0000] {processor.py:208} INFO - Processing /home/airflow/.local/lib/python3.12/site-packages/airflow/example_dags/example_complex.py took 0.144 seconds
[2024-11-19T11:25:16.043+0000] {processor.py:186} INFO - Started process (PID=1236) to work on /home/airflow/.local/lib/python3.12/site-packages/airflow/example_dags/example_complex.py
[2024-11-19T11:25:16.078+0000] {processor.py:914} INFO - Processing file /home/airflow/.local/lib/python3.12/site-packages/airflow/example_dags/example_complex.py for tasks to queue
[2024-11-19T11:25:16.082+0000] {logging_mixin.py:190} INFO - [2024-11-19T11:25:16.080+0000] {dagbag.py:588} INFO - Filling up the DagBag from /home/airflow/.local/lib/python3.12/site-packages/airflow/example_dags/example_complex.py
[2024-11-19T11:25:16.128+0000] {processor.py:925} INFO - DAG(s) 'example_complex' retrieved from /home/airflow/.local/lib/python3.12/site-packages/airflow/example_dags/example_complex.py
[2024-11-19T11:25:16.248+0000] {logging_mixin.py:190} INFO - [2024-11-19T11:25:16.248+0000] {dag.py:3239} INFO - Sync 1 DAGs
[2024-11-19T11:25:16.296+0000] {logging_mixin.py:190} INFO - [2024-11-19T11:25:16.293+0000] {dag.py:4180} INFO - Setting next_dagrun for example_complex to None, run_after=None
[2024-11-19T11:25:16.348+0000] {processor.py:208} INFO - Processing /home/airflow/.local/lib/python3.12/site-packages/airflow/example_dags/example_complex.py took 0.336 seconds
[2024-11-19T11:25:46.461+0000] {processor.py:186} INFO - Started process (PID=1300) to work on /home/airflow/.local/lib/python3.12/site-packages/airflow/example_dags/example_complex.py
[2024-11-19T11:25:46.461+0000] {processor.py:914} INFO - Processing file /home/airflow/.local/lib/python3.12/site-packages/airflow/example_dags/example_complex.py for tasks to queue
[2024-11-19T11:25:46.463+0000] {logging_mixin.py:190} INFO - [2024-11-19T11:25:46.462+0000] {dagbag.py:588} INFO - Filling up the DagBag from /home/airflow/.local/lib/python3.12/site-packages/airflow/example_dags/example_complex.py
[2024-11-19T11:25:46.669+0000] {processor.py:925} INFO - DAG(s) 'example_complex' retrieved from /home/airflow/.local/lib/python3.12/site-packages/airflow/example_dags/example_complex.py
[2024-11-19T11:25:46.705+0000] {logging_mixin.py:190} INFO - [2024-11-19T11:25:46.705+0000] {dag.py:3239} INFO - Sync 1 DAGs
[2024-11-19T11:25:46.721+0000] {logging_mixin.py:190} INFO - [2024-11-19T11:25:46.721+0000] {dag.py:4180} INFO - Setting next_dagrun for example_complex to None, run_after=None
[2024-11-19T11:25:46.742+0000] {processor.py:208} INFO - Processing /home/airflow/.local/lib/python3.12/site-packages/airflow/example_dags/example_complex.py took 0.287 seconds
[2024-11-19T11:26:17.761+0000] {processor.py:186} INFO - Started process (PID=1366) to work on /home/airflow/.local/lib/python3.12/site-packages/airflow/example_dags/example_complex.py
[2024-11-19T11:26:17.762+0000] {processor.py:914} INFO - Processing file /home/airflow/.local/lib/python3.12/site-packages/airflow/example_dags/example_complex.py for tasks to queue
[2024-11-19T11:26:17.763+0000] {logging_mixin.py:190} INFO - [2024-11-19T11:26:17.762+0000] {dagbag.py:588} INFO - Filling up the DagBag from /home/airflow/.local/lib/python3.12/site-packages/airflow/example_dags/example_complex.py
[2024-11-19T11:26:17.773+0000] {processor.py:925} INFO - DAG(s) 'example_complex' retrieved from /home/airflow/.local/lib/python3.12/site-packages/airflow/example_dags/example_complex.py
[2024-11-19T11:26:17.802+0000] {logging_mixin.py:190} INFO - [2024-11-19T11:26:17.802+0000] {dag.py:3239} INFO - Sync 1 DAGs
[2024-11-19T11:26:17.815+0000] {logging_mixin.py:190} INFO - [2024-11-19T11:26:17.815+0000] {dag.py:4180} INFO - Setting next_dagrun for example_complex to None, run_after=None
[2024-11-19T11:26:17.836+0000] {processor.py:208} INFO - Processing /home/airflow/.local/lib/python3.12/site-packages/airflow/example_dags/example_complex.py took 0.079 seconds
[2024-11-19T11:26:48.097+0000] {processor.py:186} INFO - Started process (PID=1432) to work on /home/airflow/.local/lib/python3.12/site-packages/airflow/example_dags/example_complex.py
[2024-11-19T11:26:48.098+0000] {processor.py:914} INFO - Processing file /home/airflow/.local/lib/python3.12/site-packages/airflow/example_dags/example_complex.py for tasks to queue
[2024-11-19T11:26:48.099+0000] {logging_mixin.py:190} INFO - [2024-11-19T11:26:48.098+0000] {dagbag.py:588} INFO - Filling up the DagBag from /home/airflow/.local/lib/python3.12/site-packages/airflow/example_dags/example_complex.py
[2024-11-19T11:26:48.110+0000] {processor.py:925} INFO - DAG(s) 'example_complex' retrieved from /home/airflow/.local/lib/python3.12/site-packages/airflow/example_dags/example_complex.py
[2024-11-19T11:26:48.138+0000] {logging_mixin.py:190} INFO - [2024-11-19T11:26:48.138+0000] {dag.py:3239} INFO - Sync 1 DAGs
[2024-11-19T11:26:48.153+0000] {logging_mixin.py:190} INFO - [2024-11-19T11:26:48.153+0000] {dag.py:4180} INFO - Setting next_dagrun for example_complex to None, run_after=None
[2024-11-19T11:26:48.175+0000] {processor.py:208} INFO - Processing /home/airflow/.local/lib/python3.12/site-packages/airflow/example_dags/example_complex.py took 0.084 seconds
[2024-11-19T11:27:18.392+0000] {processor.py:186} INFO - Started process (PID=1497) to work on /home/airflow/.local/lib/python3.12/site-packages/airflow/example_dags/example_complex.py
[2024-11-19T11:27:18.393+0000] {processor.py:914} INFO - Processing file /home/airflow/.local/lib/python3.12/site-packages/airflow/example_dags/example_complex.py for tasks to queue
[2024-11-19T11:27:18.394+0000] {logging_mixin.py:190} INFO - [2024-11-19T11:27:18.394+0000] {dagbag.py:588} INFO - Filling up the DagBag from /home/airflow/.local/lib/python3.12/site-packages/airflow/example_dags/example_complex.py
[2024-11-19T11:27:18.404+0000] {processor.py:925} INFO - DAG(s) 'example_complex' retrieved from /home/airflow/.local/lib/python3.12/site-packages/airflow/example_dags/example_complex.py
[2024-11-19T11:27:18.442+0000] {logging_mixin.py:190} INFO - [2024-11-19T11:27:18.441+0000] {dag.py:3239} INFO - Sync 1 DAGs
[2024-11-19T11:27:18.464+0000] {logging_mixin.py:190} INFO - [2024-11-19T11:27:18.463+0000] {dag.py:4180} INFO - Setting next_dagrun for example_complex to None, run_after=None
[2024-11-19T11:27:18.501+0000] {processor.py:208} INFO - Processing /home/airflow/.local/lib/python3.12/site-packages/airflow/example_dags/example_complex.py took 0.113 seconds
[2024-11-19T11:27:48.974+0000] {processor.py:186} INFO - Started process (PID=1562) to work on /home/airflow/.local/lib/python3.12/site-packages/airflow/example_dags/example_complex.py
[2024-11-19T11:27:48.974+0000] {processor.py:914} INFO - Processing file /home/airflow/.local/lib/python3.12/site-packages/airflow/example_dags/example_complex.py for tasks to queue
[2024-11-19T11:27:48.975+0000] {logging_mixin.py:190} INFO - [2024-11-19T11:27:48.975+0000] {dagbag.py:588} INFO - Filling up the DagBag from /home/airflow/.local/lib/python3.12/site-packages/airflow/example_dags/example_complex.py
[2024-11-19T11:27:48.987+0000] {processor.py:925} INFO - DAG(s) 'example_complex' retrieved from /home/airflow/.local/lib/python3.12/site-packages/airflow/example_dags/example_complex.py
[2024-11-19T11:27:49.018+0000] {logging_mixin.py:190} INFO - [2024-11-19T11:27:49.018+0000] {dag.py:3239} INFO - Sync 1 DAGs
[2024-11-19T11:27:49.033+0000] {logging_mixin.py:190} INFO - [2024-11-19T11:27:49.033+0000] {dag.py:4180} INFO - Setting next_dagrun for example_complex to None, run_after=None
[2024-11-19T11:27:49.056+0000] {processor.py:208} INFO - Processing /home/airflow/.local/lib/python3.12/site-packages/airflow/example_dags/example_complex.py took 0.088 seconds
[2024-11-19T11:28:19.870+0000] {processor.py:186} INFO - Started process (PID=1628) to work on /home/airflow/.local/lib/python3.12/site-packages/airflow/example_dags/example_complex.py
[2024-11-19T11:28:19.871+0000] {processor.py:914} INFO - Processing file /home/airflow/.local/lib/python3.12/site-packages/airflow/example_dags/example_complex.py for tasks to queue
[2024-11-19T11:28:19.872+0000] {logging_mixin.py:190} INFO - [2024-11-19T11:28:19.872+0000] {dagbag.py:588} INFO - Filling up the DagBag from /home/airflow/.local/lib/python3.12/site-packages/airflow/example_dags/example_complex.py
[2024-11-19T11:28:19.883+0000] {processor.py:925} INFO - DAG(s) 'example_complex' retrieved from /home/airflow/.local/lib/python3.12/site-packages/airflow/example_dags/example_complex.py
[2024-11-19T11:28:19.913+0000] {logging_mixin.py:190} INFO - [2024-11-19T11:28:19.913+0000] {dag.py:3239} INFO - Sync 1 DAGs
[2024-11-19T11:28:19.927+0000] {logging_mixin.py:190} INFO - [2024-11-19T11:28:19.927+0000] {dag.py:4180} INFO - Setting next_dagrun for example_complex to None, run_after=None
[2024-11-19T11:28:19.942+0000] {processor.py:208} INFO - Processing /home/airflow/.local/lib/python3.12/site-packages/airflow/example_dags/example_complex.py took 0.078 seconds
[2024-11-19T11:28:50.605+0000] {processor.py:186} INFO - Started process (PID=1695) to work on /home/airflow/.local/lib/python3.12/site-packages/airflow/example_dags/example_complex.py
[2024-11-19T11:28:50.606+0000] {processor.py:914} INFO - Processing file /home/airflow/.local/lib/python3.12/site-packages/airflow/example_dags/example_complex.py for tasks to queue
[2024-11-19T11:28:50.607+0000] {logging_mixin.py:190} INFO - [2024-11-19T11:28:50.607+0000] {dagbag.py:588} INFO - Filling up the DagBag from /home/airflow/.local/lib/python3.12/site-packages/airflow/example_dags/example_complex.py
[2024-11-19T11:28:50.634+0000] {processor.py:925} INFO - DAG(s) 'example_complex' retrieved from /home/airflow/.local/lib/python3.12/site-packages/airflow/example_dags/example_complex.py
[2024-11-19T11:28:50.695+0000] {logging_mixin.py:190} INFO - [2024-11-19T11:28:50.694+0000] {dag.py:3239} INFO - Sync 1 DAGs
[2024-11-19T11:28:50.724+0000] {logging_mixin.py:190} INFO - [2024-11-19T11:28:50.724+0000] {dag.py:4180} INFO - Setting next_dagrun for example_complex to None, run_after=None
[2024-11-19T11:28:50.770+0000] {processor.py:208} INFO - Processing /home/airflow/.local/lib/python3.12/site-packages/airflow/example_dags/example_complex.py took 0.175 seconds
[2024-11-19T11:29:21.391+0000] {processor.py:186} INFO - Started process (PID=1761) to work on /home/airflow/.local/lib/python3.12/site-packages/airflow/example_dags/example_complex.py
[2024-11-19T11:29:21.392+0000] {processor.py:914} INFO - Processing file /home/airflow/.local/lib/python3.12/site-packages/airflow/example_dags/example_complex.py for tasks to queue
[2024-11-19T11:29:21.393+0000] {logging_mixin.py:190} INFO - [2024-11-19T11:29:21.393+0000] {dagbag.py:588} INFO - Filling up the DagBag from /home/airflow/.local/lib/python3.12/site-packages/airflow/example_dags/example_complex.py
[2024-11-19T11:29:21.404+0000] {processor.py:925} INFO - DAG(s) 'example_complex' retrieved from /home/airflow/.local/lib/python3.12/site-packages/airflow/example_dags/example_complex.py
[2024-11-19T11:29:21.432+0000] {logging_mixin.py:190} INFO - [2024-11-19T11:29:21.432+0000] {dag.py:3239} INFO - Sync 1 DAGs
[2024-11-19T11:29:21.445+0000] {logging_mixin.py:190} INFO - [2024-11-19T11:29:21.445+0000] {dag.py:4180} INFO - Setting next_dagrun for example_complex to None, run_after=None
[2024-11-19T11:29:21.468+0000] {processor.py:208} INFO - Processing /home/airflow/.local/lib/python3.12/site-packages/airflow/example_dags/example_complex.py took 0.083 seconds
[2024-11-19T11:29:51.648+0000] {processor.py:186} INFO - Started process (PID=1827) to work on /home/airflow/.local/lib/python3.12/site-packages/airflow/example_dags/example_complex.py
[2024-11-19T11:29:51.650+0000] {processor.py:914} INFO - Processing file /home/airflow/.local/lib/python3.12/site-packages/airflow/example_dags/example_complex.py for tasks to queue
[2024-11-19T11:29:51.651+0000] {logging_mixin.py:190} INFO - [2024-11-19T11:29:51.650+0000] {dagbag.py:588} INFO - Filling up the DagBag from /home/airflow/.local/lib/python3.12/site-packages/airflow/example_dags/example_complex.py
[2024-11-19T11:29:51.669+0000] {processor.py:925} INFO - DAG(s) 'example_complex' retrieved from /home/airflow/.local/lib/python3.12/site-packages/airflow/example_dags/example_complex.py
[2024-11-19T11:29:51.713+0000] {logging_mixin.py:190} INFO - [2024-11-19T11:29:51.713+0000] {dag.py:3239} INFO - Sync 1 DAGs
[2024-11-19T11:29:51.735+0000] {logging_mixin.py:190} INFO - [2024-11-19T11:29:51.735+0000] {dag.py:4180} INFO - Setting next_dagrun for example_complex to None, run_after=None
[2024-11-19T11:29:51.764+0000] {processor.py:208} INFO - Processing /home/airflow/.local/lib/python3.12/site-packages/airflow/example_dags/example_complex.py took 0.122 seconds
[2024-11-19T11:31:20.073+0000] {processor.py:186} INFO - Started process (PID=1916) to work on /home/airflow/.local/lib/python3.12/site-packages/airflow/example_dags/example_complex.py
[2024-11-19T11:31:20.078+0000] {processor.py:914} INFO - Processing file /home/airflow/.local/lib/python3.12/site-packages/airflow/example_dags/example_complex.py for tasks to queue
[2024-11-19T11:31:20.084+0000] {logging_mixin.py:190} INFO - [2024-11-19T11:31:20.083+0000] {dagbag.py:588} INFO - Filling up the DagBag from /home/airflow/.local/lib/python3.12/site-packages/airflow/example_dags/example_complex.py
[2024-11-19T11:31:20.156+0000] {processor.py:925} INFO - DAG(s) 'example_complex' retrieved from /home/airflow/.local/lib/python3.12/site-packages/airflow/example_dags/example_complex.py
[2024-11-19T11:31:20.321+0000] {logging_mixin.py:190} INFO - [2024-11-19T11:31:20.321+0000] {dag.py:3239} INFO - Sync 1 DAGs
[2024-11-19T11:31:20.386+0000] {logging_mixin.py:190} INFO - [2024-11-19T11:31:20.385+0000] {dag.py:4180} INFO - Setting next_dagrun for example_complex to None, run_after=None
[2024-11-19T11:31:20.445+0000] {processor.py:208} INFO - Processing /home/airflow/.local/lib/python3.12/site-packages/airflow/example_dags/example_complex.py took 0.394 seconds
[2024-11-19T11:31:51.303+0000] {processor.py:186} INFO - Started process (PID=1982) to work on /home/airflow/.local/lib/python3.12/site-packages/airflow/example_dags/example_complex.py
[2024-11-19T11:31:51.304+0000] {processor.py:914} INFO - Processing file /home/airflow/.local/lib/python3.12/site-packages/airflow/example_dags/example_complex.py for tasks to queue
[2024-11-19T11:31:51.305+0000] {logging_mixin.py:190} INFO - [2024-11-19T11:31:51.305+0000] {dagbag.py:588} INFO - Filling up the DagBag from /home/airflow/.local/lib/python3.12/site-packages/airflow/example_dags/example_complex.py
[2024-11-19T11:31:51.317+0000] {processor.py:925} INFO - DAG(s) 'example_complex' retrieved from /home/airflow/.local/lib/python3.12/site-packages/airflow/example_dags/example_complex.py
[2024-11-19T11:31:51.347+0000] {logging_mixin.py:190} INFO - [2024-11-19T11:31:51.346+0000] {dag.py:3239} INFO - Sync 1 DAGs
[2024-11-19T11:31:51.360+0000] {logging_mixin.py:190} INFO - [2024-11-19T11:31:51.360+0000] {dag.py:4180} INFO - Setting next_dagrun for example_complex to None, run_after=None
[2024-11-19T11:31:51.375+0000] {processor.py:208} INFO - Processing /home/airflow/.local/lib/python3.12/site-packages/airflow/example_dags/example_complex.py took 0.077 seconds
