[2024-11-19T10:20:36.643+0000] {processor.py:186} INFO - Started process (PID=95) to work on /home/airflow/.local/lib/python3.12/site-packages/airflow/example_dags/example_python_operator.py
[2024-11-19T10:20:36.644+0000] {processor.py:914} INFO - Processing file /home/airflow/.local/lib/python3.12/site-packages/airflow/example_dags/example_python_operator.py for tasks to queue
[2024-11-19T10:20:36.652+0000] {logging_mixin.py:190} INFO - [2024-11-19T10:20:36.652+0000] {dagbag.py:588} INFO - Filling up the DagBag from /home/airflow/.local/lib/python3.12/site-packages/airflow/example_dags/example_python_operator.py
[2024-11-19T10:20:36.689+0000] {processor.py:925} INFO - DAG(s) 'example_python_operator' retrieved from /home/airflow/.local/lib/python3.12/site-packages/airflow/example_dags/example_python_operator.py
[2024-11-19T10:20:36.968+0000] {logging_mixin.py:190} INFO - [2024-11-19T10:20:36.968+0000] {dag.py:3239} INFO - Sync 1 DAGs
[2024-11-19T10:20:36.995+0000] {logging_mixin.py:190} INFO - [2024-11-19T10:20:36.995+0000] {dag.py:4180} INFO - Setting next_dagrun for example_python_operator to None, run_after=None
[2024-11-19T10:20:37.042+0000] {processor.py:208} INFO - Processing /home/airflow/.local/lib/python3.12/site-packages/airflow/example_dags/example_python_operator.py took 0.417 seconds
[2024-11-19T10:21:07.232+0000] {processor.py:186} INFO - Started process (PID=176) to work on /home/airflow/.local/lib/python3.12/site-packages/airflow/example_dags/example_python_operator.py
[2024-11-19T10:21:07.233+0000] {processor.py:914} INFO - Processing file /home/airflow/.local/lib/python3.12/site-packages/airflow/example_dags/example_python_operator.py for tasks to queue
[2024-11-19T10:21:07.234+0000] {logging_mixin.py:190} INFO - [2024-11-19T10:21:07.234+0000] {dagbag.py:588} INFO - Filling up the DagBag from /home/airflow/.local/lib/python3.12/site-packages/airflow/example_dags/example_python_operator.py
[2024-11-19T10:21:07.245+0000] {processor.py:925} INFO - DAG(s) 'example_python_operator' retrieved from /home/airflow/.local/lib/python3.12/site-packages/airflow/example_dags/example_python_operator.py
[2024-11-19T10:21:07.262+0000] {logging_mixin.py:190} INFO - [2024-11-19T10:21:07.261+0000] {dag.py:3239} INFO - Sync 1 DAGs
[2024-11-19T10:21:07.273+0000] {logging_mixin.py:190} INFO - [2024-11-19T10:21:07.273+0000] {dag.py:4180} INFO - Setting next_dagrun for example_python_operator to None, run_after=None
[2024-11-19T10:21:07.288+0000] {processor.py:208} INFO - Processing /home/airflow/.local/lib/python3.12/site-packages/airflow/example_dags/example_python_operator.py took 0.061 seconds
[2024-11-19T10:21:38.102+0000] {processor.py:186} INFO - Started process (PID=242) to work on /home/airflow/.local/lib/python3.12/site-packages/airflow/example_dags/example_python_operator.py
[2024-11-19T10:21:38.102+0000] {processor.py:914} INFO - Processing file /home/airflow/.local/lib/python3.12/site-packages/airflow/example_dags/example_python_operator.py for tasks to queue
[2024-11-19T10:21:38.105+0000] {logging_mixin.py:190} INFO - [2024-11-19T10:21:38.104+0000] {dagbag.py:588} INFO - Filling up the DagBag from /home/airflow/.local/lib/python3.12/site-packages/airflow/example_dags/example_python_operator.py
[2024-11-19T10:21:38.119+0000] {processor.py:925} INFO - DAG(s) 'example_python_operator' retrieved from /home/airflow/.local/lib/python3.12/site-packages/airflow/example_dags/example_python_operator.py
[2024-11-19T10:21:38.139+0000] {logging_mixin.py:190} INFO - [2024-11-19T10:21:38.138+0000] {dag.py:3239} INFO - Sync 1 DAGs
[2024-11-19T10:21:38.153+0000] {logging_mixin.py:190} INFO - [2024-11-19T10:21:38.153+0000] {dag.py:4180} INFO - Setting next_dagrun for example_python_operator to None, run_after=None
[2024-11-19T10:21:38.168+0000] {processor.py:208} INFO - Processing /home/airflow/.local/lib/python3.12/site-packages/airflow/example_dags/example_python_operator.py took 0.073 seconds
[2024-11-19T10:22:08.874+0000] {processor.py:186} INFO - Started process (PID=308) to work on /home/airflow/.local/lib/python3.12/site-packages/airflow/example_dags/example_python_operator.py
[2024-11-19T10:22:08.875+0000] {processor.py:914} INFO - Processing file /home/airflow/.local/lib/python3.12/site-packages/airflow/example_dags/example_python_operator.py for tasks to queue
[2024-11-19T10:22:08.876+0000] {logging_mixin.py:190} INFO - [2024-11-19T10:22:08.876+0000] {dagbag.py:588} INFO - Filling up the DagBag from /home/airflow/.local/lib/python3.12/site-packages/airflow/example_dags/example_python_operator.py
[2024-11-19T10:22:08.886+0000] {processor.py:925} INFO - DAG(s) 'example_python_operator' retrieved from /home/airflow/.local/lib/python3.12/site-packages/airflow/example_dags/example_python_operator.py
[2024-11-19T10:22:08.910+0000] {logging_mixin.py:190} INFO - [2024-11-19T10:22:08.909+0000] {dag.py:3239} INFO - Sync 1 DAGs
[2024-11-19T10:22:08.925+0000] {logging_mixin.py:190} INFO - [2024-11-19T10:22:08.925+0000] {dag.py:4180} INFO - Setting next_dagrun for example_python_operator to None, run_after=None
[2024-11-19T10:22:08.944+0000] {processor.py:208} INFO - Processing /home/airflow/.local/lib/python3.12/site-packages/airflow/example_dags/example_python_operator.py took 0.075 seconds
[2024-11-19T10:22:39.290+0000] {processor.py:186} INFO - Started process (PID=373) to work on /home/airflow/.local/lib/python3.12/site-packages/airflow/example_dags/example_python_operator.py
[2024-11-19T10:22:39.290+0000] {processor.py:914} INFO - Processing file /home/airflow/.local/lib/python3.12/site-packages/airflow/example_dags/example_python_operator.py for tasks to queue
[2024-11-19T10:22:39.292+0000] {logging_mixin.py:190} INFO - [2024-11-19T10:22:39.292+0000] {dagbag.py:588} INFO - Filling up the DagBag from /home/airflow/.local/lib/python3.12/site-packages/airflow/example_dags/example_python_operator.py
[2024-11-19T10:22:39.302+0000] {processor.py:925} INFO - DAG(s) 'example_python_operator' retrieved from /home/airflow/.local/lib/python3.12/site-packages/airflow/example_dags/example_python_operator.py
[2024-11-19T10:22:39.320+0000] {logging_mixin.py:190} INFO - [2024-11-19T10:22:39.320+0000] {dag.py:3239} INFO - Sync 1 DAGs
[2024-11-19T10:22:39.332+0000] {logging_mixin.py:190} INFO - [2024-11-19T10:22:39.332+0000] {dag.py:4180} INFO - Setting next_dagrun for example_python_operator to None, run_after=None
[2024-11-19T10:22:39.347+0000] {processor.py:208} INFO - Processing /home/airflow/.local/lib/python3.12/site-packages/airflow/example_dags/example_python_operator.py took 0.062 seconds
[2024-11-19T10:23:09.744+0000] {processor.py:186} INFO - Started process (PID=439) to work on /home/airflow/.local/lib/python3.12/site-packages/airflow/example_dags/example_python_operator.py
[2024-11-19T10:23:09.744+0000] {processor.py:914} INFO - Processing file /home/airflow/.local/lib/python3.12/site-packages/airflow/example_dags/example_python_operator.py for tasks to queue
[2024-11-19T10:23:09.746+0000] {logging_mixin.py:190} INFO - [2024-11-19T10:23:09.746+0000] {dagbag.py:588} INFO - Filling up the DagBag from /home/airflow/.local/lib/python3.12/site-packages/airflow/example_dags/example_python_operator.py
[2024-11-19T10:23:09.756+0000] {processor.py:925} INFO - DAG(s) 'example_python_operator' retrieved from /home/airflow/.local/lib/python3.12/site-packages/airflow/example_dags/example_python_operator.py
[2024-11-19T10:23:09.774+0000] {logging_mixin.py:190} INFO - [2024-11-19T10:23:09.773+0000] {dag.py:3239} INFO - Sync 1 DAGs
[2024-11-19T10:23:09.786+0000] {logging_mixin.py:190} INFO - [2024-11-19T10:23:09.785+0000] {dag.py:4180} INFO - Setting next_dagrun for example_python_operator to None, run_after=None
[2024-11-19T10:23:09.801+0000] {processor.py:208} INFO - Processing /home/airflow/.local/lib/python3.12/site-packages/airflow/example_dags/example_python_operator.py took 0.063 seconds
[2024-11-19T10:23:40.403+0000] {processor.py:186} INFO - Started process (PID=505) to work on /home/airflow/.local/lib/python3.12/site-packages/airflow/example_dags/example_python_operator.py
[2024-11-19T10:23:40.404+0000] {processor.py:914} INFO - Processing file /home/airflow/.local/lib/python3.12/site-packages/airflow/example_dags/example_python_operator.py for tasks to queue
[2024-11-19T10:23:40.405+0000] {logging_mixin.py:190} INFO - [2024-11-19T10:23:40.405+0000] {dagbag.py:588} INFO - Filling up the DagBag from /home/airflow/.local/lib/python3.12/site-packages/airflow/example_dags/example_python_operator.py
[2024-11-19T10:23:40.415+0000] {processor.py:925} INFO - DAG(s) 'example_python_operator' retrieved from /home/airflow/.local/lib/python3.12/site-packages/airflow/example_dags/example_python_operator.py
[2024-11-19T10:23:40.432+0000] {logging_mixin.py:190} INFO - [2024-11-19T10:23:40.432+0000] {dag.py:3239} INFO - Sync 1 DAGs
[2024-11-19T10:23:40.444+0000] {logging_mixin.py:190} INFO - [2024-11-19T10:23:40.444+0000] {dag.py:4180} INFO - Setting next_dagrun for example_python_operator to None, run_after=None
[2024-11-19T10:23:40.460+0000] {processor.py:208} INFO - Processing /home/airflow/.local/lib/python3.12/site-packages/airflow/example_dags/example_python_operator.py took 0.062 seconds
[2024-11-19T10:24:10.997+0000] {processor.py:186} INFO - Started process (PID=571) to work on /home/airflow/.local/lib/python3.12/site-packages/airflow/example_dags/example_python_operator.py
[2024-11-19T10:24:10.998+0000] {processor.py:914} INFO - Processing file /home/airflow/.local/lib/python3.12/site-packages/airflow/example_dags/example_python_operator.py for tasks to queue
[2024-11-19T10:24:11.000+0000] {logging_mixin.py:190} INFO - [2024-11-19T10:24:10.999+0000] {dagbag.py:588} INFO - Filling up the DagBag from /home/airflow/.local/lib/python3.12/site-packages/airflow/example_dags/example_python_operator.py
[2024-11-19T10:24:11.009+0000] {processor.py:925} INFO - DAG(s) 'example_python_operator' retrieved from /home/airflow/.local/lib/python3.12/site-packages/airflow/example_dags/example_python_operator.py
[2024-11-19T10:24:11.027+0000] {logging_mixin.py:190} INFO - [2024-11-19T10:24:11.027+0000] {dag.py:3239} INFO - Sync 1 DAGs
[2024-11-19T10:24:11.039+0000] {logging_mixin.py:190} INFO - [2024-11-19T10:24:11.039+0000] {dag.py:4180} INFO - Setting next_dagrun for example_python_operator to None, run_after=None
[2024-11-19T10:24:11.054+0000] {processor.py:208} INFO - Processing /home/airflow/.local/lib/python3.12/site-packages/airflow/example_dags/example_python_operator.py took 0.062 seconds
[2024-11-19T10:52:54.387+0000] {processor.py:186} INFO - Started process (PID=86) to work on /home/airflow/.local/lib/python3.12/site-packages/airflow/example_dags/example_python_operator.py
[2024-11-19T10:52:54.395+0000] {processor.py:914} INFO - Processing file /home/airflow/.local/lib/python3.12/site-packages/airflow/example_dags/example_python_operator.py for tasks to queue
[2024-11-19T10:52:54.398+0000] {logging_mixin.py:190} INFO - [2024-11-19T10:52:54.398+0000] {dagbag.py:588} INFO - Filling up the DagBag from /home/airflow/.local/lib/python3.12/site-packages/airflow/example_dags/example_python_operator.py
[2024-11-19T10:52:54.423+0000] {processor.py:925} INFO - DAG(s) 'example_python_operator' retrieved from /home/airflow/.local/lib/python3.12/site-packages/airflow/example_dags/example_python_operator.py
[2024-11-19T10:52:54.939+0000] {logging_mixin.py:190} INFO - [2024-11-19T10:52:54.939+0000] {dag.py:3239} INFO - Sync 1 DAGs
[2024-11-19T10:52:54.985+0000] {logging_mixin.py:190} INFO - [2024-11-19T10:52:54.984+0000] {dag.py:4180} INFO - Setting next_dagrun for example_python_operator to None, run_after=None
[2024-11-19T10:52:55.054+0000] {processor.py:208} INFO - Processing /home/airflow/.local/lib/python3.12/site-packages/airflow/example_dags/example_python_operator.py took 0.690 seconds
[2024-11-19T10:53:26.113+0000] {processor.py:186} INFO - Started process (PID=152) to work on /home/airflow/.local/lib/python3.12/site-packages/airflow/example_dags/example_python_operator.py
[2024-11-19T10:53:26.114+0000] {processor.py:914} INFO - Processing file /home/airflow/.local/lib/python3.12/site-packages/airflow/example_dags/example_python_operator.py for tasks to queue
[2024-11-19T10:53:26.116+0000] {logging_mixin.py:190} INFO - [2024-11-19T10:53:26.116+0000] {dagbag.py:588} INFO - Filling up the DagBag from /home/airflow/.local/lib/python3.12/site-packages/airflow/example_dags/example_python_operator.py
[2024-11-19T10:53:26.129+0000] {processor.py:925} INFO - DAG(s) 'example_python_operator' retrieved from /home/airflow/.local/lib/python3.12/site-packages/airflow/example_dags/example_python_operator.py
[2024-11-19T10:53:26.151+0000] {logging_mixin.py:190} INFO - [2024-11-19T10:53:26.151+0000] {dag.py:3239} INFO - Sync 1 DAGs
[2024-11-19T10:53:26.164+0000] {logging_mixin.py:190} INFO - [2024-11-19T10:53:26.164+0000] {dag.py:4180} INFO - Setting next_dagrun for example_python_operator to None, run_after=None
[2024-11-19T10:53:26.185+0000] {processor.py:208} INFO - Processing /home/airflow/.local/lib/python3.12/site-packages/airflow/example_dags/example_python_operator.py took 0.082 seconds
[2024-11-19T10:53:56.446+0000] {processor.py:186} INFO - Started process (PID=218) to work on /home/airflow/.local/lib/python3.12/site-packages/airflow/example_dags/example_python_operator.py
[2024-11-19T10:53:56.448+0000] {processor.py:914} INFO - Processing file /home/airflow/.local/lib/python3.12/site-packages/airflow/example_dags/example_python_operator.py for tasks to queue
[2024-11-19T10:53:56.451+0000] {logging_mixin.py:190} INFO - [2024-11-19T10:53:56.450+0000] {dagbag.py:588} INFO - Filling up the DagBag from /home/airflow/.local/lib/python3.12/site-packages/airflow/example_dags/example_python_operator.py
[2024-11-19T10:53:56.470+0000] {processor.py:925} INFO - DAG(s) 'example_python_operator' retrieved from /home/airflow/.local/lib/python3.12/site-packages/airflow/example_dags/example_python_operator.py
[2024-11-19T10:53:56.503+0000] {logging_mixin.py:190} INFO - [2024-11-19T10:53:56.502+0000] {dag.py:3239} INFO - Sync 1 DAGs
[2024-11-19T10:53:56.527+0000] {logging_mixin.py:190} INFO - [2024-11-19T10:53:56.527+0000] {dag.py:4180} INFO - Setting next_dagrun for example_python_operator to None, run_after=None
[2024-11-19T10:53:56.559+0000] {processor.py:208} INFO - Processing /home/airflow/.local/lib/python3.12/site-packages/airflow/example_dags/example_python_operator.py took 0.121 seconds
[2024-11-19T10:54:26.831+0000] {processor.py:186} INFO - Started process (PID=292) to work on /home/airflow/.local/lib/python3.12/site-packages/airflow/example_dags/example_python_operator.py
[2024-11-19T10:54:26.833+0000] {processor.py:914} INFO - Processing file /home/airflow/.local/lib/python3.12/site-packages/airflow/example_dags/example_python_operator.py for tasks to queue
[2024-11-19T10:54:26.837+0000] {logging_mixin.py:190} INFO - [2024-11-19T10:54:26.837+0000] {dagbag.py:588} INFO - Filling up the DagBag from /home/airflow/.local/lib/python3.12/site-packages/airflow/example_dags/example_python_operator.py
[2024-11-19T10:54:26.850+0000] {processor.py:925} INFO - DAG(s) 'example_python_operator' retrieved from /home/airflow/.local/lib/python3.12/site-packages/airflow/example_dags/example_python_operator.py
[2024-11-19T10:54:26.886+0000] {logging_mixin.py:190} INFO - [2024-11-19T10:54:26.885+0000] {dag.py:3239} INFO - Sync 1 DAGs
[2024-11-19T10:54:26.907+0000] {logging_mixin.py:190} INFO - [2024-11-19T10:54:26.907+0000] {dag.py:4180} INFO - Setting next_dagrun for example_python_operator to None, run_after=None
[2024-11-19T10:54:26.929+0000] {processor.py:208} INFO - Processing /home/airflow/.local/lib/python3.12/site-packages/airflow/example_dags/example_python_operator.py took 0.103 seconds
[2024-11-19T10:54:57.247+0000] {processor.py:186} INFO - Started process (PID=358) to work on /home/airflow/.local/lib/python3.12/site-packages/airflow/example_dags/example_python_operator.py
[2024-11-19T10:54:57.249+0000] {processor.py:914} INFO - Processing file /home/airflow/.local/lib/python3.12/site-packages/airflow/example_dags/example_python_operator.py for tasks to queue
[2024-11-19T10:54:57.251+0000] {logging_mixin.py:190} INFO - [2024-11-19T10:54:57.251+0000] {dagbag.py:588} INFO - Filling up the DagBag from /home/airflow/.local/lib/python3.12/site-packages/airflow/example_dags/example_python_operator.py
[2024-11-19T10:54:57.264+0000] {processor.py:925} INFO - DAG(s) 'example_python_operator' retrieved from /home/airflow/.local/lib/python3.12/site-packages/airflow/example_dags/example_python_operator.py
[2024-11-19T10:54:57.286+0000] {logging_mixin.py:190} INFO - [2024-11-19T10:54:57.286+0000] {dag.py:3239} INFO - Sync 1 DAGs
[2024-11-19T10:54:57.301+0000] {logging_mixin.py:190} INFO - [2024-11-19T10:54:57.300+0000] {dag.py:4180} INFO - Setting next_dagrun for example_python_operator to None, run_after=None
[2024-11-19T10:54:57.327+0000] {processor.py:208} INFO - Processing /home/airflow/.local/lib/python3.12/site-packages/airflow/example_dags/example_python_operator.py took 0.085 seconds
[2024-11-19T10:55:27.716+0000] {processor.py:186} INFO - Started process (PID=424) to work on /home/airflow/.local/lib/python3.12/site-packages/airflow/example_dags/example_python_operator.py
[2024-11-19T10:55:27.717+0000] {processor.py:914} INFO - Processing file /home/airflow/.local/lib/python3.12/site-packages/airflow/example_dags/example_python_operator.py for tasks to queue
[2024-11-19T10:55:27.720+0000] {logging_mixin.py:190} INFO - [2024-11-19T10:55:27.720+0000] {dagbag.py:588} INFO - Filling up the DagBag from /home/airflow/.local/lib/python3.12/site-packages/airflow/example_dags/example_python_operator.py
[2024-11-19T10:55:27.737+0000] {processor.py:925} INFO - DAG(s) 'example_python_operator' retrieved from /home/airflow/.local/lib/python3.12/site-packages/airflow/example_dags/example_python_operator.py
[2024-11-19T10:55:27.772+0000] {logging_mixin.py:190} INFO - [2024-11-19T10:55:27.772+0000] {dag.py:3239} INFO - Sync 1 DAGs
[2024-11-19T10:55:27.794+0000] {logging_mixin.py:190} INFO - [2024-11-19T10:55:27.794+0000] {dag.py:4180} INFO - Setting next_dagrun for example_python_operator to None, run_after=None
[2024-11-19T10:55:27.822+0000] {processor.py:208} INFO - Processing /home/airflow/.local/lib/python3.12/site-packages/airflow/example_dags/example_python_operator.py took 0.114 seconds
[2024-11-19T10:55:58.591+0000] {processor.py:186} INFO - Started process (PID=489) to work on /home/airflow/.local/lib/python3.12/site-packages/airflow/example_dags/example_python_operator.py
[2024-11-19T10:55:58.598+0000] {processor.py:914} INFO - Processing file /home/airflow/.local/lib/python3.12/site-packages/airflow/example_dags/example_python_operator.py for tasks to queue
[2024-11-19T10:55:58.600+0000] {logging_mixin.py:190} INFO - [2024-11-19T10:55:58.600+0000] {dagbag.py:588} INFO - Filling up the DagBag from /home/airflow/.local/lib/python3.12/site-packages/airflow/example_dags/example_python_operator.py
[2024-11-19T10:55:58.614+0000] {processor.py:925} INFO - DAG(s) 'example_python_operator' retrieved from /home/airflow/.local/lib/python3.12/site-packages/airflow/example_dags/example_python_operator.py
[2024-11-19T10:55:58.638+0000] {logging_mixin.py:190} INFO - [2024-11-19T10:55:58.638+0000] {dag.py:3239} INFO - Sync 1 DAGs
[2024-11-19T10:55:58.654+0000] {logging_mixin.py:190} INFO - [2024-11-19T10:55:58.653+0000] {dag.py:4180} INFO - Setting next_dagrun for example_python_operator to None, run_after=None
[2024-11-19T10:55:58.982+0000] {processor.py:208} INFO - Processing /home/airflow/.local/lib/python3.12/site-packages/airflow/example_dags/example_python_operator.py took 0.398 seconds
[2024-11-19T10:56:29.644+0000] {processor.py:186} INFO - Started process (PID=555) to work on /home/airflow/.local/lib/python3.12/site-packages/airflow/example_dags/example_python_operator.py
[2024-11-19T10:56:29.645+0000] {processor.py:914} INFO - Processing file /home/airflow/.local/lib/python3.12/site-packages/airflow/example_dags/example_python_operator.py for tasks to queue
[2024-11-19T10:56:29.647+0000] {logging_mixin.py:190} INFO - [2024-11-19T10:56:29.647+0000] {dagbag.py:588} INFO - Filling up the DagBag from /home/airflow/.local/lib/python3.12/site-packages/airflow/example_dags/example_python_operator.py
[2024-11-19T10:56:29.657+0000] {processor.py:925} INFO - DAG(s) 'example_python_operator' retrieved from /home/airflow/.local/lib/python3.12/site-packages/airflow/example_dags/example_python_operator.py
[2024-11-19T10:56:29.680+0000] {logging_mixin.py:190} INFO - [2024-11-19T10:56:29.680+0000] {dag.py:3239} INFO - Sync 1 DAGs
[2024-11-19T10:56:29.699+0000] {logging_mixin.py:190} INFO - [2024-11-19T10:56:29.698+0000] {dag.py:4180} INFO - Setting next_dagrun for example_python_operator to None, run_after=None
[2024-11-19T10:56:29.719+0000] {processor.py:208} INFO - Processing /home/airflow/.local/lib/python3.12/site-packages/airflow/example_dags/example_python_operator.py took 0.080 seconds
[2024-11-19T10:57:00.106+0000] {processor.py:186} INFO - Started process (PID=620) to work on /home/airflow/.local/lib/python3.12/site-packages/airflow/example_dags/example_python_operator.py
[2024-11-19T10:57:00.108+0000] {processor.py:914} INFO - Processing file /home/airflow/.local/lib/python3.12/site-packages/airflow/example_dags/example_python_operator.py for tasks to queue
[2024-11-19T10:57:00.111+0000] {logging_mixin.py:190} INFO - [2024-11-19T10:57:00.111+0000] {dagbag.py:588} INFO - Filling up the DagBag from /home/airflow/.local/lib/python3.12/site-packages/airflow/example_dags/example_python_operator.py
[2024-11-19T10:57:00.135+0000] {processor.py:925} INFO - DAG(s) 'example_python_operator' retrieved from /home/airflow/.local/lib/python3.12/site-packages/airflow/example_dags/example_python_operator.py
[2024-11-19T10:57:00.182+0000] {logging_mixin.py:190} INFO - [2024-11-19T10:57:00.181+0000] {dag.py:3239} INFO - Sync 1 DAGs
[2024-11-19T10:57:00.200+0000] {logging_mixin.py:190} INFO - [2024-11-19T10:57:00.199+0000] {dag.py:4180} INFO - Setting next_dagrun for example_python_operator to None, run_after=None
[2024-11-19T10:57:00.225+0000] {processor.py:208} INFO - Processing /home/airflow/.local/lib/python3.12/site-packages/airflow/example_dags/example_python_operator.py took 0.129 seconds
[2024-11-19T10:57:30.500+0000] {processor.py:186} INFO - Started process (PID=686) to work on /home/airflow/.local/lib/python3.12/site-packages/airflow/example_dags/example_python_operator.py
[2024-11-19T10:57:30.502+0000] {processor.py:914} INFO - Processing file /home/airflow/.local/lib/python3.12/site-packages/airflow/example_dags/example_python_operator.py for tasks to queue
[2024-11-19T10:57:30.504+0000] {logging_mixin.py:190} INFO - [2024-11-19T10:57:30.503+0000] {dagbag.py:588} INFO - Filling up the DagBag from /home/airflow/.local/lib/python3.12/site-packages/airflow/example_dags/example_python_operator.py
[2024-11-19T10:57:30.514+0000] {processor.py:925} INFO - DAG(s) 'example_python_operator' retrieved from /home/airflow/.local/lib/python3.12/site-packages/airflow/example_dags/example_python_operator.py
[2024-11-19T10:57:30.532+0000] {logging_mixin.py:190} INFO - [2024-11-19T10:57:30.531+0000] {dag.py:3239} INFO - Sync 1 DAGs
[2024-11-19T10:57:30.545+0000] {logging_mixin.py:190} INFO - [2024-11-19T10:57:30.545+0000] {dag.py:4180} INFO - Setting next_dagrun for example_python_operator to None, run_after=None
[2024-11-19T10:57:30.560+0000] {processor.py:208} INFO - Processing /home/airflow/.local/lib/python3.12/site-packages/airflow/example_dags/example_python_operator.py took 0.065 seconds
[2024-11-19T10:58:01.263+0000] {processor.py:186} INFO - Started process (PID=756) to work on /home/airflow/.local/lib/python3.12/site-packages/airflow/example_dags/example_python_operator.py
[2024-11-19T10:58:01.264+0000] {processor.py:914} INFO - Processing file /home/airflow/.local/lib/python3.12/site-packages/airflow/example_dags/example_python_operator.py for tasks to queue
[2024-11-19T10:58:01.266+0000] {logging_mixin.py:190} INFO - [2024-11-19T10:58:01.266+0000] {dagbag.py:588} INFO - Filling up the DagBag from /home/airflow/.local/lib/python3.12/site-packages/airflow/example_dags/example_python_operator.py
[2024-11-19T10:58:01.282+0000] {processor.py:925} INFO - DAG(s) 'example_python_operator' retrieved from /home/airflow/.local/lib/python3.12/site-packages/airflow/example_dags/example_python_operator.py
[2024-11-19T10:58:01.311+0000] {logging_mixin.py:190} INFO - [2024-11-19T10:58:01.310+0000] {dag.py:3239} INFO - Sync 1 DAGs
[2024-11-19T10:58:01.329+0000] {logging_mixin.py:190} INFO - [2024-11-19T10:58:01.329+0000] {dag.py:4180} INFO - Setting next_dagrun for example_python_operator to None, run_after=None
[2024-11-19T10:58:01.354+0000] {processor.py:208} INFO - Processing /home/airflow/.local/lib/python3.12/site-packages/airflow/example_dags/example_python_operator.py took 0.097 seconds
[2024-11-19T10:58:31.790+0000] {processor.py:186} INFO - Started process (PID=825) to work on /home/airflow/.local/lib/python3.12/site-packages/airflow/example_dags/example_python_operator.py
[2024-11-19T10:58:31.791+0000] {processor.py:914} INFO - Processing file /home/airflow/.local/lib/python3.12/site-packages/airflow/example_dags/example_python_operator.py for tasks to queue
[2024-11-19T10:58:31.794+0000] {logging_mixin.py:190} INFO - [2024-11-19T10:58:31.793+0000] {dagbag.py:588} INFO - Filling up the DagBag from /home/airflow/.local/lib/python3.12/site-packages/airflow/example_dags/example_python_operator.py
[2024-11-19T10:58:31.818+0000] {processor.py:925} INFO - DAG(s) 'example_python_operator' retrieved from /home/airflow/.local/lib/python3.12/site-packages/airflow/example_dags/example_python_operator.py
[2024-11-19T10:58:31.851+0000] {logging_mixin.py:190} INFO - [2024-11-19T10:58:31.850+0000] {dag.py:3239} INFO - Sync 1 DAGs
[2024-11-19T10:58:31.878+0000] {logging_mixin.py:190} INFO - [2024-11-19T10:58:31.878+0000] {dag.py:4180} INFO - Setting next_dagrun for example_python_operator to None, run_after=None
[2024-11-19T10:58:31.915+0000] {processor.py:208} INFO - Processing /home/airflow/.local/lib/python3.12/site-packages/airflow/example_dags/example_python_operator.py took 0.131 seconds
[2024-11-19T10:59:02.310+0000] {processor.py:186} INFO - Started process (PID=891) to work on /home/airflow/.local/lib/python3.12/site-packages/airflow/example_dags/example_python_operator.py
[2024-11-19T10:59:02.311+0000] {processor.py:914} INFO - Processing file /home/airflow/.local/lib/python3.12/site-packages/airflow/example_dags/example_python_operator.py for tasks to queue
[2024-11-19T10:59:02.312+0000] {logging_mixin.py:190} INFO - [2024-11-19T10:59:02.312+0000] {dagbag.py:588} INFO - Filling up the DagBag from /home/airflow/.local/lib/python3.12/site-packages/airflow/example_dags/example_python_operator.py
[2024-11-19T10:59:02.325+0000] {processor.py:925} INFO - DAG(s) 'example_python_operator' retrieved from /home/airflow/.local/lib/python3.12/site-packages/airflow/example_dags/example_python_operator.py
[2024-11-19T10:59:02.347+0000] {logging_mixin.py:190} INFO - [2024-11-19T10:59:02.346+0000] {dag.py:3239} INFO - Sync 1 DAGs
[2024-11-19T10:59:02.361+0000] {logging_mixin.py:190} INFO - [2024-11-19T10:59:02.361+0000] {dag.py:4180} INFO - Setting next_dagrun for example_python_operator to None, run_after=None
[2024-11-19T10:59:02.378+0000] {processor.py:208} INFO - Processing /home/airflow/.local/lib/python3.12/site-packages/airflow/example_dags/example_python_operator.py took 0.073 seconds
[2024-11-19T10:59:36.514+0000] {processor.py:186} INFO - Started process (PID=957) to work on /home/airflow/.local/lib/python3.12/site-packages/airflow/example_dags/example_python_operator.py
[2024-11-19T10:59:36.516+0000] {processor.py:914} INFO - Processing file /home/airflow/.local/lib/python3.12/site-packages/airflow/example_dags/example_python_operator.py for tasks to queue
[2024-11-19T10:59:36.527+0000] {logging_mixin.py:190} INFO - [2024-11-19T10:59:36.522+0000] {dagbag.py:588} INFO - Filling up the DagBag from /home/airflow/.local/lib/python3.12/site-packages/airflow/example_dags/example_python_operator.py
[2024-11-19T10:59:36.553+0000] {processor.py:925} INFO - DAG(s) 'example_python_operator' retrieved from /home/airflow/.local/lib/python3.12/site-packages/airflow/example_dags/example_python_operator.py
[2024-11-19T10:59:36.612+0000] {logging_mixin.py:190} INFO - [2024-11-19T10:59:36.612+0000] {dag.py:3239} INFO - Sync 1 DAGs
[2024-11-19T10:59:36.652+0000] {logging_mixin.py:190} INFO - [2024-11-19T10:59:36.651+0000] {dag.py:4180} INFO - Setting next_dagrun for example_python_operator to None, run_after=None
[2024-11-19T10:59:36.700+0000] {processor.py:208} INFO - Processing /home/airflow/.local/lib/python3.12/site-packages/airflow/example_dags/example_python_operator.py took 0.198 seconds
[2024-11-19T11:02:37.672+0000] {processor.py:186} INFO - Started process (PID=1062) to work on /home/airflow/.local/lib/python3.12/site-packages/airflow/example_dags/example_python_operator.py
[2024-11-19T11:02:37.674+0000] {processor.py:914} INFO - Processing file /home/airflow/.local/lib/python3.12/site-packages/airflow/example_dags/example_python_operator.py for tasks to queue
[2024-11-19T11:02:37.677+0000] {logging_mixin.py:190} INFO - [2024-11-19T11:02:37.676+0000] {dagbag.py:588} INFO - Filling up the DagBag from /home/airflow/.local/lib/python3.12/site-packages/airflow/example_dags/example_python_operator.py
[2024-11-19T11:02:37.721+0000] {processor.py:925} INFO - DAG(s) 'example_python_operator' retrieved from /home/airflow/.local/lib/python3.12/site-packages/airflow/example_dags/example_python_operator.py
[2024-11-19T11:02:37.800+0000] {logging_mixin.py:190} INFO - [2024-11-19T11:02:37.799+0000] {dag.py:3239} INFO - Sync 1 DAGs
[2024-11-19T11:02:37.849+0000] {logging_mixin.py:190} INFO - [2024-11-19T11:02:37.849+0000] {dag.py:4180} INFO - Setting next_dagrun for example_python_operator to None, run_after=None
[2024-11-19T11:02:37.910+0000] {processor.py:208} INFO - Processing /home/airflow/.local/lib/python3.12/site-packages/airflow/example_dags/example_python_operator.py took 0.251 seconds
[2024-11-19T11:03:08.921+0000] {processor.py:186} INFO - Started process (PID=1128) to work on /home/airflow/.local/lib/python3.12/site-packages/airflow/example_dags/example_python_operator.py
[2024-11-19T11:03:08.923+0000] {processor.py:914} INFO - Processing file /home/airflow/.local/lib/python3.12/site-packages/airflow/example_dags/example_python_operator.py for tasks to queue
[2024-11-19T11:03:08.924+0000] {logging_mixin.py:190} INFO - [2024-11-19T11:03:08.923+0000] {dagbag.py:588} INFO - Filling up the DagBag from /home/airflow/.local/lib/python3.12/site-packages/airflow/example_dags/example_python_operator.py
[2024-11-19T11:03:08.936+0000] {processor.py:925} INFO - DAG(s) 'example_python_operator' retrieved from /home/airflow/.local/lib/python3.12/site-packages/airflow/example_dags/example_python_operator.py
[2024-11-19T11:03:08.954+0000] {logging_mixin.py:190} INFO - [2024-11-19T11:03:08.953+0000] {dag.py:3239} INFO - Sync 1 DAGs
[2024-11-19T11:03:08.968+0000] {logging_mixin.py:190} INFO - [2024-11-19T11:03:08.968+0000] {dag.py:4180} INFO - Setting next_dagrun for example_python_operator to None, run_after=None
[2024-11-19T11:03:08.984+0000] {processor.py:208} INFO - Processing /home/airflow/.local/lib/python3.12/site-packages/airflow/example_dags/example_python_operator.py took 0.068 seconds
[2024-11-19T11:03:39.414+0000] {processor.py:186} INFO - Started process (PID=1194) to work on /home/airflow/.local/lib/python3.12/site-packages/airflow/example_dags/example_python_operator.py
[2024-11-19T11:03:39.416+0000] {processor.py:914} INFO - Processing file /home/airflow/.local/lib/python3.12/site-packages/airflow/example_dags/example_python_operator.py for tasks to queue
[2024-11-19T11:03:39.418+0000] {logging_mixin.py:190} INFO - [2024-11-19T11:03:39.418+0000] {dagbag.py:588} INFO - Filling up the DagBag from /home/airflow/.local/lib/python3.12/site-packages/airflow/example_dags/example_python_operator.py
[2024-11-19T11:03:39.438+0000] {processor.py:925} INFO - DAG(s) 'example_python_operator' retrieved from /home/airflow/.local/lib/python3.12/site-packages/airflow/example_dags/example_python_operator.py
[2024-11-19T11:03:39.485+0000] {logging_mixin.py:190} INFO - [2024-11-19T11:03:39.485+0000] {dag.py:3239} INFO - Sync 1 DAGs
[2024-11-19T11:03:39.517+0000] {logging_mixin.py:190} INFO - [2024-11-19T11:03:39.516+0000] {dag.py:4180} INFO - Setting next_dagrun for example_python_operator to None, run_after=None
[2024-11-19T11:03:39.552+0000] {processor.py:208} INFO - Processing /home/airflow/.local/lib/python3.12/site-packages/airflow/example_dags/example_python_operator.py took 0.144 seconds
[2024-11-19T11:04:10.040+0000] {processor.py:186} INFO - Started process (PID=1264) to work on /home/airflow/.local/lib/python3.12/site-packages/airflow/example_dags/example_python_operator.py
[2024-11-19T11:04:10.045+0000] {processor.py:914} INFO - Processing file /home/airflow/.local/lib/python3.12/site-packages/airflow/example_dags/example_python_operator.py for tasks to queue
[2024-11-19T11:04:10.047+0000] {logging_mixin.py:190} INFO - [2024-11-19T11:04:10.047+0000] {dagbag.py:588} INFO - Filling up the DagBag from /home/airflow/.local/lib/python3.12/site-packages/airflow/example_dags/example_python_operator.py
[2024-11-19T11:04:10.063+0000] {processor.py:925} INFO - DAG(s) 'example_python_operator' retrieved from /home/airflow/.local/lib/python3.12/site-packages/airflow/example_dags/example_python_operator.py
[2024-11-19T11:04:10.092+0000] {logging_mixin.py:190} INFO - [2024-11-19T11:04:10.092+0000] {dag.py:3239} INFO - Sync 1 DAGs
[2024-11-19T11:04:10.112+0000] {logging_mixin.py:190} INFO - [2024-11-19T11:04:10.112+0000] {dag.py:4180} INFO - Setting next_dagrun for example_python_operator to None, run_after=None
[2024-11-19T11:04:10.141+0000] {processor.py:208} INFO - Processing /home/airflow/.local/lib/python3.12/site-packages/airflow/example_dags/example_python_operator.py took 0.112 seconds
[2024-11-19T11:04:40.713+0000] {processor.py:186} INFO - Started process (PID=1330) to work on /home/airflow/.local/lib/python3.12/site-packages/airflow/example_dags/example_python_operator.py
[2024-11-19T11:04:40.714+0000] {processor.py:914} INFO - Processing file /home/airflow/.local/lib/python3.12/site-packages/airflow/example_dags/example_python_operator.py for tasks to queue
[2024-11-19T11:04:40.716+0000] {logging_mixin.py:190} INFO - [2024-11-19T11:04:40.715+0000] {dagbag.py:588} INFO - Filling up the DagBag from /home/airflow/.local/lib/python3.12/site-packages/airflow/example_dags/example_python_operator.py
[2024-11-19T11:04:40.730+0000] {processor.py:925} INFO - DAG(s) 'example_python_operator' retrieved from /home/airflow/.local/lib/python3.12/site-packages/airflow/example_dags/example_python_operator.py
[2024-11-19T11:04:40.754+0000] {logging_mixin.py:190} INFO - [2024-11-19T11:04:40.754+0000] {dag.py:3239} INFO - Sync 1 DAGs
[2024-11-19T11:04:40.772+0000] {logging_mixin.py:190} INFO - [2024-11-19T11:04:40.771+0000] {dag.py:4180} INFO - Setting next_dagrun for example_python_operator to None, run_after=None
[2024-11-19T11:04:40.796+0000] {processor.py:208} INFO - Processing /home/airflow/.local/lib/python3.12/site-packages/airflow/example_dags/example_python_operator.py took 0.091 seconds
[2024-11-19T11:05:11.340+0000] {processor.py:186} INFO - Started process (PID=1396) to work on /home/airflow/.local/lib/python3.12/site-packages/airflow/example_dags/example_python_operator.py
[2024-11-19T11:05:11.341+0000] {processor.py:914} INFO - Processing file /home/airflow/.local/lib/python3.12/site-packages/airflow/example_dags/example_python_operator.py for tasks to queue
[2024-11-19T11:05:11.342+0000] {logging_mixin.py:190} INFO - [2024-11-19T11:05:11.341+0000] {dagbag.py:588} INFO - Filling up the DagBag from /home/airflow/.local/lib/python3.12/site-packages/airflow/example_dags/example_python_operator.py
[2024-11-19T11:05:11.353+0000] {processor.py:925} INFO - DAG(s) 'example_python_operator' retrieved from /home/airflow/.local/lib/python3.12/site-packages/airflow/example_dags/example_python_operator.py
[2024-11-19T11:05:11.381+0000] {logging_mixin.py:190} INFO - [2024-11-19T11:05:11.381+0000] {dag.py:3239} INFO - Sync 1 DAGs
[2024-11-19T11:05:11.402+0000] {logging_mixin.py:190} INFO - [2024-11-19T11:05:11.402+0000] {dag.py:4180} INFO - Setting next_dagrun for example_python_operator to None, run_after=None
[2024-11-19T11:05:11.426+0000] {processor.py:208} INFO - Processing /home/airflow/.local/lib/python3.12/site-packages/airflow/example_dags/example_python_operator.py took 0.092 seconds
[2024-11-19T11:05:42.756+0000] {processor.py:186} INFO - Started process (PID=1463) to work on /home/airflow/.local/lib/python3.12/site-packages/airflow/example_dags/example_python_operator.py
[2024-11-19T11:05:42.757+0000] {processor.py:914} INFO - Processing file /home/airflow/.local/lib/python3.12/site-packages/airflow/example_dags/example_python_operator.py for tasks to queue
[2024-11-19T11:05:42.759+0000] {logging_mixin.py:190} INFO - [2024-11-19T11:05:42.759+0000] {dagbag.py:588} INFO - Filling up the DagBag from /home/airflow/.local/lib/python3.12/site-packages/airflow/example_dags/example_python_operator.py
[2024-11-19T11:05:42.779+0000] {processor.py:925} INFO - DAG(s) 'example_python_operator' retrieved from /home/airflow/.local/lib/python3.12/site-packages/airflow/example_dags/example_python_operator.py
[2024-11-19T11:05:42.812+0000] {logging_mixin.py:190} INFO - [2024-11-19T11:05:42.812+0000] {dag.py:3239} INFO - Sync 1 DAGs
[2024-11-19T11:05:42.836+0000] {logging_mixin.py:190} INFO - [2024-11-19T11:05:42.836+0000] {dag.py:4180} INFO - Setting next_dagrun for example_python_operator to None, run_after=None
[2024-11-19T11:05:42.859+0000] {processor.py:208} INFO - Processing /home/airflow/.local/lib/python3.12/site-packages/airflow/example_dags/example_python_operator.py took 0.109 seconds
[2024-11-19T11:15:59.848+0000] {processor.py:186} INFO - Started process (PID=71) to work on /home/airflow/.local/lib/python3.12/site-packages/airflow/example_dags/example_python_operator.py
[2024-11-19T11:15:59.849+0000] {processor.py:914} INFO - Processing file /home/airflow/.local/lib/python3.12/site-packages/airflow/example_dags/example_python_operator.py for tasks to queue
[2024-11-19T11:15:59.853+0000] {logging_mixin.py:190} INFO - [2024-11-19T11:15:59.853+0000] {dagbag.py:588} INFO - Filling up the DagBag from /home/airflow/.local/lib/python3.12/site-packages/airflow/example_dags/example_python_operator.py
[2024-11-19T11:15:59.866+0000] {processor.py:925} INFO - DAG(s) 'example_python_operator' retrieved from /home/airflow/.local/lib/python3.12/site-packages/airflow/example_dags/example_python_operator.py
[2024-11-19T11:16:00.036+0000] {logging_mixin.py:190} INFO - [2024-11-19T11:16:00.035+0000] {dag.py:3239} INFO - Sync 1 DAGs
[2024-11-19T11:16:00.061+0000] {logging_mixin.py:190} INFO - [2024-11-19T11:16:00.061+0000] {dag.py:4180} INFO - Setting next_dagrun for example_python_operator to None, run_after=None
[2024-11-19T11:16:00.085+0000] {processor.py:208} INFO - Processing /home/airflow/.local/lib/python3.12/site-packages/airflow/example_dags/example_python_operator.py took 0.243 seconds
[2024-11-19T11:16:30.432+0000] {processor.py:186} INFO - Started process (PID=137) to work on /home/airflow/.local/lib/python3.12/site-packages/airflow/example_dags/example_python_operator.py
[2024-11-19T11:16:30.433+0000] {processor.py:914} INFO - Processing file /home/airflow/.local/lib/python3.12/site-packages/airflow/example_dags/example_python_operator.py for tasks to queue
[2024-11-19T11:16:30.435+0000] {logging_mixin.py:190} INFO - [2024-11-19T11:16:30.434+0000] {dagbag.py:588} INFO - Filling up the DagBag from /home/airflow/.local/lib/python3.12/site-packages/airflow/example_dags/example_python_operator.py
[2024-11-19T11:16:30.447+0000] {processor.py:925} INFO - DAG(s) 'example_python_operator' retrieved from /home/airflow/.local/lib/python3.12/site-packages/airflow/example_dags/example_python_operator.py
[2024-11-19T11:16:30.466+0000] {logging_mixin.py:190} INFO - [2024-11-19T11:16:30.466+0000] {dag.py:3239} INFO - Sync 1 DAGs
[2024-11-19T11:16:30.479+0000] {logging_mixin.py:190} INFO - [2024-11-19T11:16:30.479+0000] {dag.py:4180} INFO - Setting next_dagrun for example_python_operator to None, run_after=None
[2024-11-19T11:16:30.498+0000] {processor.py:208} INFO - Processing /home/airflow/.local/lib/python3.12/site-packages/airflow/example_dags/example_python_operator.py took 0.070 seconds
[2024-11-19T11:17:00.803+0000] {processor.py:186} INFO - Started process (PID=203) to work on /home/airflow/.local/lib/python3.12/site-packages/airflow/example_dags/example_python_operator.py
[2024-11-19T11:17:00.804+0000] {processor.py:914} INFO - Processing file /home/airflow/.local/lib/python3.12/site-packages/airflow/example_dags/example_python_operator.py for tasks to queue
[2024-11-19T11:17:00.805+0000] {logging_mixin.py:190} INFO - [2024-11-19T11:17:00.805+0000] {dagbag.py:588} INFO - Filling up the DagBag from /home/airflow/.local/lib/python3.12/site-packages/airflow/example_dags/example_python_operator.py
[2024-11-19T11:17:00.818+0000] {processor.py:925} INFO - DAG(s) 'example_python_operator' retrieved from /home/airflow/.local/lib/python3.12/site-packages/airflow/example_dags/example_python_operator.py
[2024-11-19T11:17:00.838+0000] {logging_mixin.py:190} INFO - [2024-11-19T11:17:00.837+0000] {dag.py:3239} INFO - Sync 1 DAGs
[2024-11-19T11:17:00.853+0000] {logging_mixin.py:190} INFO - [2024-11-19T11:17:00.853+0000] {dag.py:4180} INFO - Setting next_dagrun for example_python_operator to None, run_after=None
[2024-11-19T11:17:00.869+0000] {processor.py:208} INFO - Processing /home/airflow/.local/lib/python3.12/site-packages/airflow/example_dags/example_python_operator.py took 0.071 seconds
[2024-11-19T11:17:31.320+0000] {processor.py:186} INFO - Started process (PID=269) to work on /home/airflow/.local/lib/python3.12/site-packages/airflow/example_dags/example_python_operator.py
[2024-11-19T11:17:31.323+0000] {processor.py:914} INFO - Processing file /home/airflow/.local/lib/python3.12/site-packages/airflow/example_dags/example_python_operator.py for tasks to queue
[2024-11-19T11:17:31.324+0000] {logging_mixin.py:190} INFO - [2024-11-19T11:17:31.324+0000] {dagbag.py:588} INFO - Filling up the DagBag from /home/airflow/.local/lib/python3.12/site-packages/airflow/example_dags/example_python_operator.py
[2024-11-19T11:17:31.342+0000] {processor.py:925} INFO - DAG(s) 'example_python_operator' retrieved from /home/airflow/.local/lib/python3.12/site-packages/airflow/example_dags/example_python_operator.py
[2024-11-19T11:17:31.367+0000] {logging_mixin.py:190} INFO - [2024-11-19T11:17:31.367+0000] {dag.py:3239} INFO - Sync 1 DAGs
[2024-11-19T11:17:31.388+0000] {logging_mixin.py:190} INFO - [2024-11-19T11:17:31.388+0000] {dag.py:4180} INFO - Setting next_dagrun for example_python_operator to None, run_after=None
[2024-11-19T11:17:31.410+0000] {processor.py:208} INFO - Processing /home/airflow/.local/lib/python3.12/site-packages/airflow/example_dags/example_python_operator.py took 0.100 seconds
[2024-11-19T11:18:02.305+0000] {processor.py:186} INFO - Started process (PID=335) to work on /home/airflow/.local/lib/python3.12/site-packages/airflow/example_dags/example_python_operator.py
[2024-11-19T11:18:02.306+0000] {processor.py:914} INFO - Processing file /home/airflow/.local/lib/python3.12/site-packages/airflow/example_dags/example_python_operator.py for tasks to queue
[2024-11-19T11:18:02.309+0000] {logging_mixin.py:190} INFO - [2024-11-19T11:18:02.308+0000] {dagbag.py:588} INFO - Filling up the DagBag from /home/airflow/.local/lib/python3.12/site-packages/airflow/example_dags/example_python_operator.py
[2024-11-19T11:18:02.335+0000] {processor.py:925} INFO - DAG(s) 'example_python_operator' retrieved from /home/airflow/.local/lib/python3.12/site-packages/airflow/example_dags/example_python_operator.py
[2024-11-19T11:18:02.378+0000] {logging_mixin.py:190} INFO - [2024-11-19T11:18:02.378+0000] {dag.py:3239} INFO - Sync 1 DAGs
[2024-11-19T11:18:02.402+0000] {logging_mixin.py:190} INFO - [2024-11-19T11:18:02.402+0000] {dag.py:4180} INFO - Setting next_dagrun for example_python_operator to None, run_after=None
[2024-11-19T11:18:02.431+0000] {processor.py:208} INFO - Processing /home/airflow/.local/lib/python3.12/site-packages/airflow/example_dags/example_python_operator.py took 0.132 seconds
[2024-11-19T11:18:33.221+0000] {processor.py:186} INFO - Started process (PID=406) to work on /home/airflow/.local/lib/python3.12/site-packages/airflow/example_dags/example_python_operator.py
[2024-11-19T11:18:33.221+0000] {processor.py:914} INFO - Processing file /home/airflow/.local/lib/python3.12/site-packages/airflow/example_dags/example_python_operator.py for tasks to queue
[2024-11-19T11:18:33.222+0000] {logging_mixin.py:190} INFO - [2024-11-19T11:18:33.222+0000] {dagbag.py:588} INFO - Filling up the DagBag from /home/airflow/.local/lib/python3.12/site-packages/airflow/example_dags/example_python_operator.py
[2024-11-19T11:18:33.234+0000] {processor.py:925} INFO - DAG(s) 'example_python_operator' retrieved from /home/airflow/.local/lib/python3.12/site-packages/airflow/example_dags/example_python_operator.py
[2024-11-19T11:18:33.255+0000] {logging_mixin.py:190} INFO - [2024-11-19T11:18:33.254+0000] {dag.py:3239} INFO - Sync 1 DAGs
[2024-11-19T11:18:33.270+0000] {logging_mixin.py:190} INFO - [2024-11-19T11:18:33.270+0000] {dag.py:4180} INFO - Setting next_dagrun for example_python_operator to None, run_after=None
[2024-11-19T11:18:33.286+0000] {processor.py:208} INFO - Processing /home/airflow/.local/lib/python3.12/site-packages/airflow/example_dags/example_python_operator.py took 0.070 seconds
[2024-11-19T11:19:03.719+0000] {processor.py:186} INFO - Started process (PID=472) to work on /home/airflow/.local/lib/python3.12/site-packages/airflow/example_dags/example_python_operator.py
[2024-11-19T11:19:03.720+0000] {processor.py:914} INFO - Processing file /home/airflow/.local/lib/python3.12/site-packages/airflow/example_dags/example_python_operator.py for tasks to queue
[2024-11-19T11:19:03.721+0000] {logging_mixin.py:190} INFO - [2024-11-19T11:19:03.721+0000] {dagbag.py:588} INFO - Filling up the DagBag from /home/airflow/.local/lib/python3.12/site-packages/airflow/example_dags/example_python_operator.py
[2024-11-19T11:19:03.739+0000] {processor.py:925} INFO - DAG(s) 'example_python_operator' retrieved from /home/airflow/.local/lib/python3.12/site-packages/airflow/example_dags/example_python_operator.py
[2024-11-19T11:19:03.788+0000] {logging_mixin.py:190} INFO - [2024-11-19T11:19:03.787+0000] {dag.py:3239} INFO - Sync 1 DAGs
[2024-11-19T11:19:03.821+0000] {logging_mixin.py:190} INFO - [2024-11-19T11:19:03.821+0000] {dag.py:4180} INFO - Setting next_dagrun for example_python_operator to None, run_after=None
[2024-11-19T11:19:03.874+0000] {processor.py:208} INFO - Processing /home/airflow/.local/lib/python3.12/site-packages/airflow/example_dags/example_python_operator.py took 0.162 seconds
[2024-11-19T11:19:38.872+0000] {processor.py:186} INFO - Started process (PID=539) to work on /home/airflow/.local/lib/python3.12/site-packages/airflow/example_dags/example_python_operator.py
[2024-11-19T11:19:38.874+0000] {processor.py:914} INFO - Processing file /home/airflow/.local/lib/python3.12/site-packages/airflow/example_dags/example_python_operator.py for tasks to queue
[2024-11-19T11:19:38.877+0000] {logging_mixin.py:190} INFO - [2024-11-19T11:19:38.876+0000] {dagbag.py:588} INFO - Filling up the DagBag from /home/airflow/.local/lib/python3.12/site-packages/airflow/example_dags/example_python_operator.py
[2024-11-19T11:19:38.920+0000] {processor.py:925} INFO - DAG(s) 'example_python_operator' retrieved from /home/airflow/.local/lib/python3.12/site-packages/airflow/example_dags/example_python_operator.py
[2024-11-19T11:19:38.997+0000] {logging_mixin.py:190} INFO - [2024-11-19T11:19:38.996+0000] {dag.py:3239} INFO - Sync 1 DAGs
[2024-11-19T11:19:39.061+0000] {logging_mixin.py:190} INFO - [2024-11-19T11:19:39.060+0000] {dag.py:4180} INFO - Setting next_dagrun for example_python_operator to None, run_after=None
[2024-11-19T11:19:39.138+0000] {processor.py:208} INFO - Processing /home/airflow/.local/lib/python3.12/site-packages/airflow/example_dags/example_python_operator.py took 0.284 seconds
[2024-11-19T11:20:10.104+0000] {processor.py:186} INFO - Started process (PID=605) to work on /home/airflow/.local/lib/python3.12/site-packages/airflow/example_dags/example_python_operator.py
[2024-11-19T11:20:10.106+0000] {processor.py:914} INFO - Processing file /home/airflow/.local/lib/python3.12/site-packages/airflow/example_dags/example_python_operator.py for tasks to queue
[2024-11-19T11:20:10.108+0000] {logging_mixin.py:190} INFO - [2024-11-19T11:20:10.107+0000] {dagbag.py:588} INFO - Filling up the DagBag from /home/airflow/.local/lib/python3.12/site-packages/airflow/example_dags/example_python_operator.py
[2024-11-19T11:20:10.135+0000] {processor.py:925} INFO - DAG(s) 'example_python_operator' retrieved from /home/airflow/.local/lib/python3.12/site-packages/airflow/example_dags/example_python_operator.py
[2024-11-19T11:20:10.189+0000] {logging_mixin.py:190} INFO - [2024-11-19T11:20:10.188+0000] {dag.py:3239} INFO - Sync 1 DAGs
[2024-11-19T11:20:10.223+0000] {logging_mixin.py:190} INFO - [2024-11-19T11:20:10.223+0000] {dag.py:4180} INFO - Setting next_dagrun for example_python_operator to None, run_after=None
[2024-11-19T11:20:10.262+0000] {processor.py:208} INFO - Processing /home/airflow/.local/lib/python3.12/site-packages/airflow/example_dags/example_python_operator.py took 0.169 seconds
[2024-11-19T11:20:40.974+0000] {processor.py:186} INFO - Started process (PID=671) to work on /home/airflow/.local/lib/python3.12/site-packages/airflow/example_dags/example_python_operator.py
[2024-11-19T11:20:40.975+0000] {processor.py:914} INFO - Processing file /home/airflow/.local/lib/python3.12/site-packages/airflow/example_dags/example_python_operator.py for tasks to queue
[2024-11-19T11:20:40.977+0000] {logging_mixin.py:190} INFO - [2024-11-19T11:20:40.976+0000] {dagbag.py:588} INFO - Filling up the DagBag from /home/airflow/.local/lib/python3.12/site-packages/airflow/example_dags/example_python_operator.py
[2024-11-19T11:20:40.989+0000] {processor.py:925} INFO - DAG(s) 'example_python_operator' retrieved from /home/airflow/.local/lib/python3.12/site-packages/airflow/example_dags/example_python_operator.py
[2024-11-19T11:20:41.008+0000] {logging_mixin.py:190} INFO - [2024-11-19T11:20:41.008+0000] {dag.py:3239} INFO - Sync 1 DAGs
[2024-11-19T11:20:41.025+0000] {logging_mixin.py:190} INFO - [2024-11-19T11:20:41.025+0000] {dag.py:4180} INFO - Setting next_dagrun for example_python_operator to None, run_after=None
[2024-11-19T11:20:41.050+0000] {processor.py:208} INFO - Processing /home/airflow/.local/lib/python3.12/site-packages/airflow/example_dags/example_python_operator.py took 0.081 seconds
[2024-11-19T11:21:11.079+0000] {processor.py:186} INFO - Started process (PID=736) to work on /home/airflow/.local/lib/python3.12/site-packages/airflow/example_dags/example_python_operator.py
[2024-11-19T11:21:11.080+0000] {processor.py:914} INFO - Processing file /home/airflow/.local/lib/python3.12/site-packages/airflow/example_dags/example_python_operator.py for tasks to queue
[2024-11-19T11:21:11.081+0000] {logging_mixin.py:190} INFO - [2024-11-19T11:21:11.081+0000] {dagbag.py:588} INFO - Filling up the DagBag from /home/airflow/.local/lib/python3.12/site-packages/airflow/example_dags/example_python_operator.py
[2024-11-19T11:21:11.093+0000] {processor.py:925} INFO - DAG(s) 'example_python_operator' retrieved from /home/airflow/.local/lib/python3.12/site-packages/airflow/example_dags/example_python_operator.py
[2024-11-19T11:21:11.118+0000] {logging_mixin.py:190} INFO - [2024-11-19T11:21:11.118+0000] {dag.py:3239} INFO - Sync 1 DAGs
[2024-11-19T11:21:11.135+0000] {logging_mixin.py:190} INFO - [2024-11-19T11:21:11.135+0000] {dag.py:4180} INFO - Setting next_dagrun for example_python_operator to None, run_after=None
[2024-11-19T11:21:11.157+0000] {processor.py:208} INFO - Processing /home/airflow/.local/lib/python3.12/site-packages/airflow/example_dags/example_python_operator.py took 0.083 seconds
[2024-11-19T11:21:42.169+0000] {processor.py:186} INFO - Started process (PID=803) to work on /home/airflow/.local/lib/python3.12/site-packages/airflow/example_dags/example_python_operator.py
[2024-11-19T11:21:42.170+0000] {processor.py:914} INFO - Processing file /home/airflow/.local/lib/python3.12/site-packages/airflow/example_dags/example_python_operator.py for tasks to queue
[2024-11-19T11:21:42.172+0000] {logging_mixin.py:190} INFO - [2024-11-19T11:21:42.171+0000] {dagbag.py:588} INFO - Filling up the DagBag from /home/airflow/.local/lib/python3.12/site-packages/airflow/example_dags/example_python_operator.py
[2024-11-19T11:21:42.188+0000] {processor.py:925} INFO - DAG(s) 'example_python_operator' retrieved from /home/airflow/.local/lib/python3.12/site-packages/airflow/example_dags/example_python_operator.py
[2024-11-19T11:21:42.218+0000] {logging_mixin.py:190} INFO - [2024-11-19T11:21:42.217+0000] {dag.py:3239} INFO - Sync 1 DAGs
[2024-11-19T11:21:42.241+0000] {logging_mixin.py:190} INFO - [2024-11-19T11:21:42.241+0000] {dag.py:4180} INFO - Setting next_dagrun for example_python_operator to None, run_after=None
[2024-11-19T11:21:42.264+0000] {processor.py:208} INFO - Processing /home/airflow/.local/lib/python3.12/site-packages/airflow/example_dags/example_python_operator.py took 0.102 seconds
[2024-11-19T11:22:12.562+0000] {processor.py:186} INFO - Started process (PID=869) to work on /home/airflow/.local/lib/python3.12/site-packages/airflow/example_dags/example_python_operator.py
[2024-11-19T11:22:12.564+0000] {processor.py:914} INFO - Processing file /home/airflow/.local/lib/python3.12/site-packages/airflow/example_dags/example_python_operator.py for tasks to queue
[2024-11-19T11:22:12.565+0000] {logging_mixin.py:190} INFO - [2024-11-19T11:22:12.565+0000] {dagbag.py:588} INFO - Filling up the DagBag from /home/airflow/.local/lib/python3.12/site-packages/airflow/example_dags/example_python_operator.py
[2024-11-19T11:22:12.583+0000] {processor.py:925} INFO - DAG(s) 'example_python_operator' retrieved from /home/airflow/.local/lib/python3.12/site-packages/airflow/example_dags/example_python_operator.py
[2024-11-19T11:22:12.614+0000] {logging_mixin.py:190} INFO - [2024-11-19T11:22:12.614+0000] {dag.py:3239} INFO - Sync 1 DAGs
[2024-11-19T11:22:12.632+0000] {logging_mixin.py:190} INFO - [2024-11-19T11:22:12.632+0000] {dag.py:4180} INFO - Setting next_dagrun for example_python_operator to None, run_after=None
[2024-11-19T11:22:12.654+0000] {processor.py:208} INFO - Processing /home/airflow/.local/lib/python3.12/site-packages/airflow/example_dags/example_python_operator.py took 0.103 seconds
[2024-11-19T11:22:42.767+0000] {processor.py:186} INFO - Started process (PID=933) to work on /home/airflow/.local/lib/python3.12/site-packages/airflow/example_dags/example_python_operator.py
[2024-11-19T11:22:42.768+0000] {processor.py:914} INFO - Processing file /home/airflow/.local/lib/python3.12/site-packages/airflow/example_dags/example_python_operator.py for tasks to queue
[2024-11-19T11:22:42.769+0000] {logging_mixin.py:190} INFO - [2024-11-19T11:22:42.769+0000] {dagbag.py:588} INFO - Filling up the DagBag from /home/airflow/.local/lib/python3.12/site-packages/airflow/example_dags/example_python_operator.py
[2024-11-19T11:22:42.783+0000] {processor.py:925} INFO - DAG(s) 'example_python_operator' retrieved from /home/airflow/.local/lib/python3.12/site-packages/airflow/example_dags/example_python_operator.py
[2024-11-19T11:22:42.806+0000] {logging_mixin.py:190} INFO - [2024-11-19T11:22:42.805+0000] {dag.py:3239} INFO - Sync 1 DAGs
[2024-11-19T11:22:42.823+0000] {logging_mixin.py:190} INFO - [2024-11-19T11:22:42.823+0000] {dag.py:4180} INFO - Setting next_dagrun for example_python_operator to None, run_after=None
[2024-11-19T11:22:42.843+0000] {processor.py:208} INFO - Processing /home/airflow/.local/lib/python3.12/site-packages/airflow/example_dags/example_python_operator.py took 0.084 seconds
[2024-11-19T11:23:13.811+0000] {processor.py:186} INFO - Started process (PID=999) to work on /home/airflow/.local/lib/python3.12/site-packages/airflow/example_dags/example_python_operator.py
[2024-11-19T11:23:13.812+0000] {processor.py:914} INFO - Processing file /home/airflow/.local/lib/python3.12/site-packages/airflow/example_dags/example_python_operator.py for tasks to queue
[2024-11-19T11:23:13.813+0000] {logging_mixin.py:190} INFO - [2024-11-19T11:23:13.813+0000] {dagbag.py:588} INFO - Filling up the DagBag from /home/airflow/.local/lib/python3.12/site-packages/airflow/example_dags/example_python_operator.py
[2024-11-19T11:23:13.826+0000] {processor.py:925} INFO - DAG(s) 'example_python_operator' retrieved from /home/airflow/.local/lib/python3.12/site-packages/airflow/example_dags/example_python_operator.py
[2024-11-19T11:23:13.849+0000] {logging_mixin.py:190} INFO - [2024-11-19T11:23:13.849+0000] {dag.py:3239} INFO - Sync 1 DAGs
[2024-11-19T11:23:13.865+0000] {logging_mixin.py:190} INFO - [2024-11-19T11:23:13.865+0000] {dag.py:4180} INFO - Setting next_dagrun for example_python_operator to None, run_after=None
[2024-11-19T11:23:13.884+0000] {processor.py:208} INFO - Processing /home/airflow/.local/lib/python3.12/site-packages/airflow/example_dags/example_python_operator.py took 0.081 seconds
[2024-11-19T11:23:44.669+0000] {processor.py:186} INFO - Started process (PID=1065) to work on /home/airflow/.local/lib/python3.12/site-packages/airflow/example_dags/example_python_operator.py
[2024-11-19T11:23:44.671+0000] {processor.py:914} INFO - Processing file /home/airflow/.local/lib/python3.12/site-packages/airflow/example_dags/example_python_operator.py for tasks to queue
[2024-11-19T11:23:44.673+0000] {logging_mixin.py:190} INFO - [2024-11-19T11:23:44.672+0000] {dagbag.py:588} INFO - Filling up the DagBag from /home/airflow/.local/lib/python3.12/site-packages/airflow/example_dags/example_python_operator.py
[2024-11-19T11:23:44.687+0000] {processor.py:925} INFO - DAG(s) 'example_python_operator' retrieved from /home/airflow/.local/lib/python3.12/site-packages/airflow/example_dags/example_python_operator.py
[2024-11-19T11:23:44.711+0000] {logging_mixin.py:190} INFO - [2024-11-19T11:23:44.711+0000] {dag.py:3239} INFO - Sync 1 DAGs
[2024-11-19T11:23:44.727+0000] {logging_mixin.py:190} INFO - [2024-11-19T11:23:44.726+0000] {dag.py:4180} INFO - Setting next_dagrun for example_python_operator to None, run_after=None
[2024-11-19T11:23:44.744+0000] {processor.py:208} INFO - Processing /home/airflow/.local/lib/python3.12/site-packages/airflow/example_dags/example_python_operator.py took 0.081 seconds
[2024-11-19T11:24:15.221+0000] {processor.py:186} INFO - Started process (PID=1131) to work on /home/airflow/.local/lib/python3.12/site-packages/airflow/example_dags/example_python_operator.py
[2024-11-19T11:24:15.222+0000] {processor.py:914} INFO - Processing file /home/airflow/.local/lib/python3.12/site-packages/airflow/example_dags/example_python_operator.py for tasks to queue
[2024-11-19T11:24:15.223+0000] {logging_mixin.py:190} INFO - [2024-11-19T11:24:15.223+0000] {dagbag.py:588} INFO - Filling up the DagBag from /home/airflow/.local/lib/python3.12/site-packages/airflow/example_dags/example_python_operator.py
[2024-11-19T11:24:15.242+0000] {processor.py:925} INFO - DAG(s) 'example_python_operator' retrieved from /home/airflow/.local/lib/python3.12/site-packages/airflow/example_dags/example_python_operator.py
[2024-11-19T11:24:15.272+0000] {logging_mixin.py:190} INFO - [2024-11-19T11:24:15.272+0000] {dag.py:3239} INFO - Sync 1 DAGs
[2024-11-19T11:24:15.290+0000] {logging_mixin.py:190} INFO - [2024-11-19T11:24:15.290+0000] {dag.py:4180} INFO - Setting next_dagrun for example_python_operator to None, run_after=None
[2024-11-19T11:24:15.311+0000] {processor.py:208} INFO - Processing /home/airflow/.local/lib/python3.12/site-packages/airflow/example_dags/example_python_operator.py took 0.096 seconds
[2024-11-19T11:24:48.402+0000] {processor.py:186} INFO - Started process (PID=1197) to work on /home/airflow/.local/lib/python3.12/site-packages/airflow/example_dags/example_python_operator.py
[2024-11-19T11:24:48.402+0000] {processor.py:914} INFO - Processing file /home/airflow/.local/lib/python3.12/site-packages/airflow/example_dags/example_python_operator.py for tasks to queue
[2024-11-19T11:24:48.404+0000] {logging_mixin.py:190} INFO - [2024-11-19T11:24:48.403+0000] {dagbag.py:588} INFO - Filling up the DagBag from /home/airflow/.local/lib/python3.12/site-packages/airflow/example_dags/example_python_operator.py
[2024-11-19T11:24:48.417+0000] {processor.py:925} INFO - DAG(s) 'example_python_operator' retrieved from /home/airflow/.local/lib/python3.12/site-packages/airflow/example_dags/example_python_operator.py
[2024-11-19T11:24:48.453+0000] {logging_mixin.py:190} INFO - [2024-11-19T11:24:48.452+0000] {dag.py:3239} INFO - Sync 1 DAGs
[2024-11-19T11:24:48.478+0000] {logging_mixin.py:190} INFO - [2024-11-19T11:24:48.477+0000] {dag.py:4180} INFO - Setting next_dagrun for example_python_operator to None, run_after=None
[2024-11-19T11:24:48.498+0000] {processor.py:208} INFO - Processing /home/airflow/.local/lib/python3.12/site-packages/airflow/example_dags/example_python_operator.py took 0.103 seconds
[2024-11-19T11:25:20.950+0000] {processor.py:186} INFO - Started process (PID=1264) to work on /home/airflow/.local/lib/python3.12/site-packages/airflow/example_dags/example_python_operator.py
[2024-11-19T11:25:20.951+0000] {processor.py:914} INFO - Processing file /home/airflow/.local/lib/python3.12/site-packages/airflow/example_dags/example_python_operator.py for tasks to queue
[2024-11-19T11:25:20.953+0000] {logging_mixin.py:190} INFO - [2024-11-19T11:25:20.952+0000] {dagbag.py:588} INFO - Filling up the DagBag from /home/airflow/.local/lib/python3.12/site-packages/airflow/example_dags/example_python_operator.py
[2024-11-19T11:25:20.987+0000] {processor.py:925} INFO - DAG(s) 'example_python_operator' retrieved from /home/airflow/.local/lib/python3.12/site-packages/airflow/example_dags/example_python_operator.py
[2024-11-19T11:25:21.049+0000] {logging_mixin.py:190} INFO - [2024-11-19T11:25:21.049+0000] {dag.py:3239} INFO - Sync 1 DAGs
[2024-11-19T11:25:21.083+0000] {logging_mixin.py:190} INFO - [2024-11-19T11:25:21.082+0000] {dag.py:4180} INFO - Setting next_dagrun for example_python_operator to None, run_after=None
[2024-11-19T11:25:21.113+0000] {processor.py:208} INFO - Processing /home/airflow/.local/lib/python3.12/site-packages/airflow/example_dags/example_python_operator.py took 0.172 seconds
[2024-11-19T11:25:52.003+0000] {processor.py:186} INFO - Started process (PID=1329) to work on /home/airflow/.local/lib/python3.12/site-packages/airflow/example_dags/example_python_operator.py
[2024-11-19T11:25:52.004+0000] {processor.py:914} INFO - Processing file /home/airflow/.local/lib/python3.12/site-packages/airflow/example_dags/example_python_operator.py for tasks to queue
[2024-11-19T11:25:52.005+0000] {logging_mixin.py:190} INFO - [2024-11-19T11:25:52.005+0000] {dagbag.py:588} INFO - Filling up the DagBag from /home/airflow/.local/lib/python3.12/site-packages/airflow/example_dags/example_python_operator.py
[2024-11-19T11:25:52.018+0000] {processor.py:925} INFO - DAG(s) 'example_python_operator' retrieved from /home/airflow/.local/lib/python3.12/site-packages/airflow/example_dags/example_python_operator.py
[2024-11-19T11:25:52.038+0000] {logging_mixin.py:190} INFO - [2024-11-19T11:25:52.037+0000] {dag.py:3239} INFO - Sync 1 DAGs
[2024-11-19T11:25:52.052+0000] {logging_mixin.py:190} INFO - [2024-11-19T11:25:52.052+0000] {dag.py:4180} INFO - Setting next_dagrun for example_python_operator to None, run_after=None
[2024-11-19T11:25:52.069+0000] {processor.py:208} INFO - Processing /home/airflow/.local/lib/python3.12/site-packages/airflow/example_dags/example_python_operator.py took 0.071 seconds
[2024-11-19T11:26:22.420+0000] {processor.py:186} INFO - Started process (PID=1394) to work on /home/airflow/.local/lib/python3.12/site-packages/airflow/example_dags/example_python_operator.py
[2024-11-19T11:26:22.422+0000] {processor.py:914} INFO - Processing file /home/airflow/.local/lib/python3.12/site-packages/airflow/example_dags/example_python_operator.py for tasks to queue
[2024-11-19T11:26:22.423+0000] {logging_mixin.py:190} INFO - [2024-11-19T11:26:22.423+0000] {dagbag.py:588} INFO - Filling up the DagBag from /home/airflow/.local/lib/python3.12/site-packages/airflow/example_dags/example_python_operator.py
[2024-11-19T11:26:22.435+0000] {processor.py:925} INFO - DAG(s) 'example_python_operator' retrieved from /home/airflow/.local/lib/python3.12/site-packages/airflow/example_dags/example_python_operator.py
[2024-11-19T11:26:22.456+0000] {logging_mixin.py:190} INFO - [2024-11-19T11:26:22.456+0000] {dag.py:3239} INFO - Sync 1 DAGs
[2024-11-19T11:26:22.471+0000] {logging_mixin.py:190} INFO - [2024-11-19T11:26:22.470+0000] {dag.py:4180} INFO - Setting next_dagrun for example_python_operator to None, run_after=None
[2024-11-19T11:26:22.488+0000] {processor.py:208} INFO - Processing /home/airflow/.local/lib/python3.12/site-packages/airflow/example_dags/example_python_operator.py took 0.074 seconds
[2024-11-19T11:26:53.103+0000] {processor.py:186} INFO - Started process (PID=1460) to work on /home/airflow/.local/lib/python3.12/site-packages/airflow/example_dags/example_python_operator.py
[2024-11-19T11:26:53.104+0000] {processor.py:914} INFO - Processing file /home/airflow/.local/lib/python3.12/site-packages/airflow/example_dags/example_python_operator.py for tasks to queue
[2024-11-19T11:26:53.105+0000] {logging_mixin.py:190} INFO - [2024-11-19T11:26:53.104+0000] {dagbag.py:588} INFO - Filling up the DagBag from /home/airflow/.local/lib/python3.12/site-packages/airflow/example_dags/example_python_operator.py
[2024-11-19T11:26:53.117+0000] {processor.py:925} INFO - DAG(s) 'example_python_operator' retrieved from /home/airflow/.local/lib/python3.12/site-packages/airflow/example_dags/example_python_operator.py
[2024-11-19T11:26:53.137+0000] {logging_mixin.py:190} INFO - [2024-11-19T11:26:53.137+0000] {dag.py:3239} INFO - Sync 1 DAGs
[2024-11-19T11:26:53.151+0000] {logging_mixin.py:190} INFO - [2024-11-19T11:26:53.151+0000] {dag.py:4180} INFO - Setting next_dagrun for example_python_operator to None, run_after=None
[2024-11-19T11:26:53.168+0000] {processor.py:208} INFO - Processing /home/airflow/.local/lib/python3.12/site-packages/airflow/example_dags/example_python_operator.py took 0.070 seconds
[2024-11-19T11:27:23.274+0000] {processor.py:186} INFO - Started process (PID=1526) to work on /home/airflow/.local/lib/python3.12/site-packages/airflow/example_dags/example_python_operator.py
[2024-11-19T11:27:23.275+0000] {processor.py:914} INFO - Processing file /home/airflow/.local/lib/python3.12/site-packages/airflow/example_dags/example_python_operator.py for tasks to queue
[2024-11-19T11:27:23.276+0000] {logging_mixin.py:190} INFO - [2024-11-19T11:27:23.276+0000] {dagbag.py:588} INFO - Filling up the DagBag from /home/airflow/.local/lib/python3.12/site-packages/airflow/example_dags/example_python_operator.py
[2024-11-19T11:27:23.290+0000] {processor.py:925} INFO - DAG(s) 'example_python_operator' retrieved from /home/airflow/.local/lib/python3.12/site-packages/airflow/example_dags/example_python_operator.py
[2024-11-19T11:27:23.319+0000] {logging_mixin.py:190} INFO - [2024-11-19T11:27:23.319+0000] {dag.py:3239} INFO - Sync 1 DAGs
[2024-11-19T11:27:23.355+0000] {logging_mixin.py:190} INFO - [2024-11-19T11:27:23.355+0000] {dag.py:4180} INFO - Setting next_dagrun for example_python_operator to None, run_after=None
[2024-11-19T11:27:23.379+0000] {processor.py:208} INFO - Processing /home/airflow/.local/lib/python3.12/site-packages/airflow/example_dags/example_python_operator.py took 0.110 seconds
[2024-11-19T11:27:53.645+0000] {processor.py:186} INFO - Started process (PID=1591) to work on /home/airflow/.local/lib/python3.12/site-packages/airflow/example_dags/example_python_operator.py
[2024-11-19T11:27:53.647+0000] {processor.py:914} INFO - Processing file /home/airflow/.local/lib/python3.12/site-packages/airflow/example_dags/example_python_operator.py for tasks to queue
[2024-11-19T11:27:53.649+0000] {logging_mixin.py:190} INFO - [2024-11-19T11:27:53.648+0000] {dagbag.py:588} INFO - Filling up the DagBag from /home/airflow/.local/lib/python3.12/site-packages/airflow/example_dags/example_python_operator.py
[2024-11-19T11:27:53.667+0000] {processor.py:925} INFO - DAG(s) 'example_python_operator' retrieved from /home/airflow/.local/lib/python3.12/site-packages/airflow/example_dags/example_python_operator.py
[2024-11-19T11:27:53.702+0000] {logging_mixin.py:190} INFO - [2024-11-19T11:27:53.702+0000] {dag.py:3239} INFO - Sync 1 DAGs
[2024-11-19T11:27:53.732+0000] {logging_mixin.py:190} INFO - [2024-11-19T11:27:53.731+0000] {dag.py:4180} INFO - Setting next_dagrun for example_python_operator to None, run_after=None
[2024-11-19T11:27:53.768+0000] {processor.py:208} INFO - Processing /home/airflow/.local/lib/python3.12/site-packages/airflow/example_dags/example_python_operator.py took 0.130 seconds
[2024-11-19T11:28:24.469+0000] {processor.py:186} INFO - Started process (PID=1657) to work on /home/airflow/.local/lib/python3.12/site-packages/airflow/example_dags/example_python_operator.py
[2024-11-19T11:28:24.471+0000] {processor.py:914} INFO - Processing file /home/airflow/.local/lib/python3.12/site-packages/airflow/example_dags/example_python_operator.py for tasks to queue
[2024-11-19T11:28:24.472+0000] {logging_mixin.py:190} INFO - [2024-11-19T11:28:24.472+0000] {dagbag.py:588} INFO - Filling up the DagBag from /home/airflow/.local/lib/python3.12/site-packages/airflow/example_dags/example_python_operator.py
[2024-11-19T11:28:24.485+0000] {processor.py:925} INFO - DAG(s) 'example_python_operator' retrieved from /home/airflow/.local/lib/python3.12/site-packages/airflow/example_dags/example_python_operator.py
[2024-11-19T11:28:24.516+0000] {logging_mixin.py:190} INFO - [2024-11-19T11:28:24.515+0000] {dag.py:3239} INFO - Sync 1 DAGs
[2024-11-19T11:28:24.540+0000] {logging_mixin.py:190} INFO - [2024-11-19T11:28:24.540+0000] {dag.py:4180} INFO - Setting next_dagrun for example_python_operator to None, run_after=None
[2024-11-19T11:28:24.565+0000] {processor.py:208} INFO - Processing /home/airflow/.local/lib/python3.12/site-packages/airflow/example_dags/example_python_operator.py took 0.104 seconds
[2024-11-19T11:28:56.946+0000] {processor.py:186} INFO - Started process (PID=1723) to work on /home/airflow/.local/lib/python3.12/site-packages/airflow/example_dags/example_python_operator.py
[2024-11-19T11:28:56.950+0000] {processor.py:914} INFO - Processing file /home/airflow/.local/lib/python3.12/site-packages/airflow/example_dags/example_python_operator.py for tasks to queue
[2024-11-19T11:28:56.954+0000] {logging_mixin.py:190} INFO - [2024-11-19T11:28:56.952+0000] {dagbag.py:588} INFO - Filling up the DagBag from /home/airflow/.local/lib/python3.12/site-packages/airflow/example_dags/example_python_operator.py
[2024-11-19T11:28:57.009+0000] {processor.py:925} INFO - DAG(s) 'example_python_operator' retrieved from /home/airflow/.local/lib/python3.12/site-packages/airflow/example_dags/example_python_operator.py
[2024-11-19T11:28:57.098+0000] {logging_mixin.py:190} INFO - [2024-11-19T11:28:57.097+0000] {dag.py:3239} INFO - Sync 1 DAGs
[2024-11-19T11:28:57.152+0000] {logging_mixin.py:190} INFO - [2024-11-19T11:28:57.152+0000] {dag.py:4180} INFO - Setting next_dagrun for example_python_operator to None, run_after=None
[2024-11-19T11:28:57.212+0000] {processor.py:208} INFO - Processing /home/airflow/.local/lib/python3.12/site-packages/airflow/example_dags/example_python_operator.py took 0.283 seconds
[2024-11-19T11:29:27.805+0000] {processor.py:186} INFO - Started process (PID=1790) to work on /home/airflow/.local/lib/python3.12/site-packages/airflow/example_dags/example_python_operator.py
[2024-11-19T11:29:27.807+0000] {processor.py:914} INFO - Processing file /home/airflow/.local/lib/python3.12/site-packages/airflow/example_dags/example_python_operator.py for tasks to queue
[2024-11-19T11:29:27.808+0000] {logging_mixin.py:190} INFO - [2024-11-19T11:29:27.808+0000] {dagbag.py:588} INFO - Filling up the DagBag from /home/airflow/.local/lib/python3.12/site-packages/airflow/example_dags/example_python_operator.py
[2024-11-19T11:29:27.824+0000] {processor.py:925} INFO - DAG(s) 'example_python_operator' retrieved from /home/airflow/.local/lib/python3.12/site-packages/airflow/example_dags/example_python_operator.py
[2024-11-19T11:29:27.859+0000] {logging_mixin.py:190} INFO - [2024-11-19T11:29:27.859+0000] {dag.py:3239} INFO - Sync 1 DAGs
[2024-11-19T11:29:27.882+0000] {logging_mixin.py:190} INFO - [2024-11-19T11:29:27.881+0000] {dag.py:4180} INFO - Setting next_dagrun for example_python_operator to None, run_after=None
[2024-11-19T11:29:27.914+0000] {processor.py:208} INFO - Processing /home/airflow/.local/lib/python3.12/site-packages/airflow/example_dags/example_python_operator.py took 0.117 seconds
[2024-11-19T11:29:58.598+0000] {processor.py:186} INFO - Started process (PID=1856) to work on /home/airflow/.local/lib/python3.12/site-packages/airflow/example_dags/example_python_operator.py
[2024-11-19T11:29:58.598+0000] {processor.py:914} INFO - Processing file /home/airflow/.local/lib/python3.12/site-packages/airflow/example_dags/example_python_operator.py for tasks to queue
[2024-11-19T11:29:58.599+0000] {logging_mixin.py:190} INFO - [2024-11-19T11:29:58.599+0000] {dagbag.py:588} INFO - Filling up the DagBag from /home/airflow/.local/lib/python3.12/site-packages/airflow/example_dags/example_python_operator.py
[2024-11-19T11:29:58.609+0000] {processor.py:925} INFO - DAG(s) 'example_python_operator' retrieved from /home/airflow/.local/lib/python3.12/site-packages/airflow/example_dags/example_python_operator.py
[2024-11-19T11:29:58.628+0000] {logging_mixin.py:190} INFO - [2024-11-19T11:29:58.628+0000] {dag.py:3239} INFO - Sync 1 DAGs
[2024-11-19T11:29:58.642+0000] {logging_mixin.py:190} INFO - [2024-11-19T11:29:58.642+0000] {dag.py:4180} INFO - Setting next_dagrun for example_python_operator to None, run_after=None
[2024-11-19T11:29:58.657+0000] {processor.py:208} INFO - Processing /home/airflow/.local/lib/python3.12/site-packages/airflow/example_dags/example_python_operator.py took 0.064 seconds
[2024-11-19T11:31:25.069+0000] {processor.py:186} INFO - Started process (PID=1944) to work on /home/airflow/.local/lib/python3.12/site-packages/airflow/example_dags/example_python_operator.py
[2024-11-19T11:31:25.070+0000] {processor.py:914} INFO - Processing file /home/airflow/.local/lib/python3.12/site-packages/airflow/example_dags/example_python_operator.py for tasks to queue
[2024-11-19T11:31:25.072+0000] {logging_mixin.py:190} INFO - [2024-11-19T11:31:25.071+0000] {dagbag.py:588} INFO - Filling up the DagBag from /home/airflow/.local/lib/python3.12/site-packages/airflow/example_dags/example_python_operator.py
[2024-11-19T11:31:25.092+0000] {processor.py:925} INFO - DAG(s) 'example_python_operator' retrieved from /home/airflow/.local/lib/python3.12/site-packages/airflow/example_dags/example_python_operator.py
[2024-11-19T11:31:25.128+0000] {logging_mixin.py:190} INFO - [2024-11-19T11:31:25.128+0000] {dag.py:3239} INFO - Sync 1 DAGs
[2024-11-19T11:31:25.152+0000] {logging_mixin.py:190} INFO - [2024-11-19T11:31:25.152+0000] {dag.py:4180} INFO - Setting next_dagrun for example_python_operator to None, run_after=None
[2024-11-19T11:31:25.188+0000] {processor.py:208} INFO - Processing /home/airflow/.local/lib/python3.12/site-packages/airflow/example_dags/example_python_operator.py took 0.129 seconds
[2024-11-19T11:31:56.320+0000] {processor.py:186} INFO - Started process (PID=2010) to work on /home/airflow/.local/lib/python3.12/site-packages/airflow/example_dags/example_python_operator.py
[2024-11-19T11:31:56.323+0000] {processor.py:914} INFO - Processing file /home/airflow/.local/lib/python3.12/site-packages/airflow/example_dags/example_python_operator.py for tasks to queue
[2024-11-19T11:31:56.324+0000] {logging_mixin.py:190} INFO - [2024-11-19T11:31:56.324+0000] {dagbag.py:588} INFO - Filling up the DagBag from /home/airflow/.local/lib/python3.12/site-packages/airflow/example_dags/example_python_operator.py
[2024-11-19T11:31:56.345+0000] {processor.py:925} INFO - DAG(s) 'example_python_operator' retrieved from /home/airflow/.local/lib/python3.12/site-packages/airflow/example_dags/example_python_operator.py
[2024-11-19T11:31:56.378+0000] {logging_mixin.py:190} INFO - [2024-11-19T11:31:56.377+0000] {dag.py:3239} INFO - Sync 1 DAGs
[2024-11-19T11:31:56.399+0000] {logging_mixin.py:190} INFO - [2024-11-19T11:31:56.398+0000] {dag.py:4180} INFO - Setting next_dagrun for example_python_operator to None, run_after=None
[2024-11-19T11:31:56.429+0000] {processor.py:208} INFO - Processing /home/airflow/.local/lib/python3.12/site-packages/airflow/example_dags/example_python_operator.py took 0.118 seconds
