[2024-12-03T18:26:45.518+0000] {local_task_job_runner.py:123} INFO - ::group::Pre task execution logs
[2024-12-03T18:26:45.546+0000] {taskinstance.py:2612} INFO - Dependencies all met for dep_context=non-requeueable deps ti=<TaskInstance: get_inaturalist_data_roadkill.process_data manual__2024-12-03T18:24:30.762382+00:00 [queued]>
[2024-12-03T18:26:45.559+0000] {taskinstance.py:2612} INFO - Dependencies all met for dep_context=requeueable deps ti=<TaskInstance: get_inaturalist_data_roadkill.process_data manual__2024-12-03T18:24:30.762382+00:00 [queued]>
[2024-12-03T18:26:45.559+0000] {taskinstance.py:2865} INFO - Starting attempt 1 of 4
[2024-12-03T18:26:45.586+0000] {taskinstance.py:2888} INFO - Executing <Task(_PythonDecoratedOperator): process_data> on 2024-12-03 18:24:30.762382+00:00
[2024-12-03T18:26:45.608+0000] {warnings.py:112} WARNING - /home/***/.local/lib/python3.12/site-packages/***/task/task_runner/standard_task_runner.py:70: DeprecationWarning: This process (pid=1539) is multi-threaded, use of fork() may lead to deadlocks in the child.
  pid = os.fork()

[2024-12-03T18:26:45.610+0000] {standard_task_runner.py:72} INFO - Started process 1542 to run task
[2024-12-03T18:26:45.611+0000] {standard_task_runner.py:104} INFO - Running: ['***', 'tasks', 'run', 'get_inaturalist_data_roadkill', 'process_data', 'manual__2024-12-03T18:24:30.762382+00:00', '--job-id', '2307', '--raw', '--subdir', 'DAGS_FOLDER/inaturalist_dag.py', '--cfg-path', '/tmp/tmphf9irmyc']
[2024-12-03T18:26:45.614+0000] {standard_task_runner.py:105} INFO - Job 2307: Subtask process_data
[2024-12-03T18:26:45.702+0000] {task_command.py:467} INFO - Running <TaskInstance: get_inaturalist_data_roadkill.process_data manual__2024-12-03T18:24:30.762382+00:00 [running]> on host 559daffc287d
[2024-12-03T18:26:46.495+0000] {taskinstance.py:3131} INFO - Exporting env vars: AIRFLOW_CTX_DAG_OWNER='***' AIRFLOW_CTX_DAG_ID='get_inaturalist_data_roadkill' AIRFLOW_CTX_TASK_ID='process_data' AIRFLOW_CTX_EXECUTION_DATE='2024-12-03T18:24:30.762382+00:00' AIRFLOW_CTX_TRY_NUMBER='1' AIRFLOW_CTX_DAG_RUN_ID='manual__2024-12-03T18:24:30.762382+00:00'
[2024-12-03T18:26:46.497+0000] {logging_mixin.py:190} INFO - Task instance is in running state
[2024-12-03T18:26:46.497+0000] {logging_mixin.py:190} INFO -  Previous state of the Task instance: queued
[2024-12-03T18:26:46.497+0000] {logging_mixin.py:190} INFO - Current task name:process_data state:running start_date:2024-12-03 18:26:45.546953+00:00
[2024-12-03T18:26:46.498+0000] {logging_mixin.py:190} INFO - Dag name:get_inaturalist_data_roadkill and current dag run status:running
[2024-12-03T18:26:46.498+0000] {taskinstance.py:731} INFO - ::endgroup::
[2024-12-03T18:26:46.498+0000] {python.py:240} INFO - Done. Returned value was: {'path': 'inaturalist_data/roadkill_data/2024/12/03/roadkill_observations_182646.csv', 'format': 'text/csv'}
[2024-12-03T18:26:46.534+0000] {taskinstance.py:340} INFO - ::group::Post task execution logs
[2024-12-03T18:26:46.534+0000] {taskinstance.py:352} INFO - Marking task as SUCCESS. dag_id=get_inaturalist_data_roadkill, task_id=process_data, run_id=manual__2024-12-03T18:24:30.762382+00:00, execution_date=20241203T182430, start_date=20241203T182645, end_date=20241203T182646
[2024-12-03T18:26:46.549+0000] {logging_mixin.py:190} INFO - Task instance in success state
[2024-12-03T18:26:46.550+0000] {logging_mixin.py:190} INFO -  Previous state of the Task instance: running
[2024-12-03T18:26:46.551+0000] {logging_mixin.py:190} INFO - Dag name:get_inaturalist_data_roadkill queued_at:2024-12-03 18:24:30.778153+00:00
[2024-12-03T18:26:46.551+0000] {logging_mixin.py:190} INFO - Task hostname:559daffc287d operator:_PythonDecoratedOperator
[2024-12-03T18:26:46.596+0000] {local_task_job_runner.py:266} INFO - Task exited with return code 0
[2024-12-03T18:26:46.629+0000] {taskinstance.py:3900} INFO - 1 downstream tasks scheduled from follow-on schedule check
[2024-12-03T18:26:46.631+0000] {local_task_job_runner.py:245} INFO - ::endgroup::
