[2024-12-02T11:32:49.145+0000] {local_task_job_runner.py:123} INFO - ::group::Pre task execution logs
[2024-12-02T11:32:49.160+0000] {taskinstance.py:2612} INFO - Dependencies all met for dep_context=non-requeueable deps ti=<TaskInstance: get_inaturalist_data_roadkill.process_data manual__2024-12-02T11:32:29.944491+00:00 [queued]>
[2024-12-02T11:32:49.167+0000] {taskinstance.py:2612} INFO - Dependencies all met for dep_context=requeueable deps ti=<TaskInstance: get_inaturalist_data_roadkill.process_data manual__2024-12-02T11:32:29.944491+00:00 [queued]>
[2024-12-02T11:32:49.168+0000] {taskinstance.py:2865} INFO - Starting attempt 1 of 4
[2024-12-02T11:32:49.183+0000] {taskinstance.py:2888} INFO - Executing <Task(_PythonDecoratedOperator): process_data> on 2024-12-02 11:32:29.944491+00:00
[2024-12-02T11:32:49.191+0000] {warnings.py:112} WARNING - /home/***/.local/lib/python3.12/site-packages/***/task/task_runner/standard_task_runner.py:70: DeprecationWarning: This process (pid=675) is multi-threaded, use of fork() may lead to deadlocks in the child.
  pid = os.fork()

[2024-12-02T11:32:49.192+0000] {standard_task_runner.py:72} INFO - Started process 678 to run task
[2024-12-02T11:32:49.193+0000] {standard_task_runner.py:104} INFO - Running: ['***', 'tasks', 'run', 'get_inaturalist_data_roadkill', 'process_data', 'manual__2024-12-02T11:32:29.944491+00:00', '--job-id', '2053', '--raw', '--subdir', 'DAGS_FOLDER/inaturalist_dag.py', '--cfg-path', '/tmp/tmp5cuqfokp']
[2024-12-02T11:32:49.194+0000] {standard_task_runner.py:105} INFO - Job 2053: Subtask process_data
[2024-12-02T11:32:49.237+0000] {task_command.py:467} INFO - Running <TaskInstance: get_inaturalist_data_roadkill.process_data manual__2024-12-02T11:32:29.944491+00:00 [running]> on host 59d51ca962df
[2024-12-02T11:32:49.336+0000] {taskinstance.py:3131} INFO - Exporting env vars: AIRFLOW_CTX_DAG_OWNER='***' AIRFLOW_CTX_DAG_ID='get_inaturalist_data_roadkill' AIRFLOW_CTX_TASK_ID='process_data' AIRFLOW_CTX_EXECUTION_DATE='2024-12-02T11:32:29.944491+00:00' AIRFLOW_CTX_TRY_NUMBER='1' AIRFLOW_CTX_DAG_RUN_ID='manual__2024-12-02T11:32:29.944491+00:00'
[2024-12-02T11:32:49.338+0000] {logging_mixin.py:190} INFO - Task instance is in running state
[2024-12-02T11:32:49.338+0000] {logging_mixin.py:190} INFO -  Previous state of the Task instance: queued
[2024-12-02T11:32:49.338+0000] {logging_mixin.py:190} INFO - Current task name:process_data state:running start_date:2024-12-02 11:32:49.160455+00:00
[2024-12-02T11:32:49.339+0000] {logging_mixin.py:190} INFO - Dag name:get_inaturalist_data_roadkill and current dag run status:running
[2024-12-02T11:32:49.339+0000] {taskinstance.py:731} INFO - ::endgroup::
[2024-12-02T11:32:49.340+0000] {python.py:240} INFO - Done. Returned value was: {'path': 'inaturalist_data/roadkill_data/2024/12/02/roadkill_observations_113249.csv', 'format': 'text/csv'}
[2024-12-02T11:32:49.365+0000] {taskinstance.py:340} INFO - ::group::Post task execution logs
[2024-12-02T11:32:49.365+0000] {taskinstance.py:352} INFO - Marking task as SUCCESS. dag_id=get_inaturalist_data_roadkill, task_id=process_data, run_id=manual__2024-12-02T11:32:29.944491+00:00, execution_date=20241202T113229, start_date=20241202T113249, end_date=20241202T113249
[2024-12-02T11:32:49.375+0000] {logging_mixin.py:190} INFO - Task instance in success state
[2024-12-02T11:32:49.376+0000] {logging_mixin.py:190} INFO -  Previous state of the Task instance: running
[2024-12-02T11:32:49.376+0000] {logging_mixin.py:190} INFO - Dag name:get_inaturalist_data_roadkill queued_at:2024-12-02 11:32:29.986893+00:00
[2024-12-02T11:32:49.376+0000] {logging_mixin.py:190} INFO - Task hostname:59d51ca962df operator:_PythonDecoratedOperator
[2024-12-02T11:32:49.406+0000] {local_task_job_runner.py:266} INFO - Task exited with return code 0
[2024-12-02T11:32:49.426+0000] {taskinstance.py:3900} INFO - 2 downstream tasks scheduled from follow-on schedule check
[2024-12-02T11:32:49.431+0000] {local_task_job_runner.py:245} INFO - ::endgroup::
