[2024-11-20T11:00:16.824+0000] {local_task_job_runner.py:123} INFO - ::group::Pre task execution logs
[2024-11-20T11:00:17.028+0000] {taskinstance.py:2612} INFO - Dependencies all met for dep_context=non-requeueable deps ti=<TaskInstance: get_gbif_data_roadkill.get_all_data scheduled__2024-11-19T11:30:00+00:00 [queued]>
[2024-11-20T11:00:17.180+0000] {taskinstance.py:2612} INFO - Dependencies all met for dep_context=requeueable deps ti=<TaskInstance: get_gbif_data_roadkill.get_all_data scheduled__2024-11-19T11:30:00+00:00 [queued]>
[2024-11-20T11:00:17.181+0000] {taskinstance.py:2865} INFO - Starting attempt 2 of 4
[2024-11-20T11:00:17.469+0000] {taskinstance.py:2888} INFO - Executing <Task(_PythonDecoratedOperator): get_all_data> on 2024-11-19 11:30:00+00:00
[2024-11-20T11:00:17.524+0000] {standard_task_runner.py:104} INFO - Running: ['***', 'tasks', 'run', 'get_gbif_data_roadkill', 'get_all_data', 'scheduled__2024-11-19T11:30:00+00:00', '--job-id', '795', '--raw', '--subdir', 'DAGS_FOLDER/gbif_dag.py', '--cfg-path', '/tmp/tmpucv713s8']
[2024-11-20T11:00:17.527+0000] {standard_task_runner.py:105} INFO - Job 795: Subtask get_all_data
[2024-11-20T11:00:17.540+0000] {warnings.py:112} WARNING - /home/***/.local/lib/python3.12/site-packages/***/task/task_runner/standard_task_runner.py:70: DeprecationWarning: This process (pid=111) is multi-threaded, use of fork() may lead to deadlocks in the child.
  pid = os.fork()

[2024-11-20T11:00:17.563+0000] {standard_task_runner.py:72} INFO - Started process 157 to run task
[2024-11-20T11:00:17.834+0000] {task_command.py:467} INFO - Running <TaskInstance: get_gbif_data_roadkill.get_all_data scheduled__2024-11-19T11:30:00+00:00 [running]> on host 6e76132c078d
[2024-11-20T11:00:18.421+0000] {taskinstance.py:3131} INFO - Exporting env vars: AIRFLOW_CTX_DAG_OWNER='***' AIRFLOW_CTX_DAG_ID='get_gbif_data_roadkill' AIRFLOW_CTX_TASK_ID='get_all_data' AIRFLOW_CTX_EXECUTION_DATE='2024-11-19T11:30:00+00:00' AIRFLOW_CTX_TRY_NUMBER='2' AIRFLOW_CTX_DAG_RUN_ID='scheduled__2024-11-19T11:30:00+00:00'
[2024-11-20T11:00:18.451+0000] {logging_mixin.py:190} INFO - Task instance is in running state
[2024-11-20T11:00:18.451+0000] {logging_mixin.py:190} INFO -  Previous state of the Task instance: queued
[2024-11-20T11:00:18.452+0000] {logging_mixin.py:190} INFO - Current task name:get_all_data state:running start_date:2024-11-20 11:00:17.045174+00:00
[2024-11-20T11:00:18.452+0000] {logging_mixin.py:190} INFO - Dag name:get_gbif_data_roadkill and current dag run status:running
[2024-11-20T11:00:18.462+0000] {taskinstance.py:731} INFO - ::endgroup::
[2024-11-20T11:00:18.473+0000] {gbif_dag.py:226} INFO - Getting data from keyword: roadkill
[2024-11-20T11:00:19.073+0000] {gbif_dag.py:219} ERROR - Status code 400
[2024-11-20T11:00:19.074+0000] {gbif_dag.py:220} ERROR - Something went wrong {"body":"Max offset of 100001 exceeded: 125624 + 300"}
[2024-11-20T11:00:19.084+0000] {gbif_dag.py:232} INFO - No more occurrences found, stopping.
[2024-11-20T11:00:19.125+0000] {crypto.py:82} WARNING - empty cryptography key - values will not be stored encrypted.
[2024-11-20T11:00:19.138+0000] {python.py:240} INFO - Done. Returned value was: []
[2024-11-20T11:00:19.253+0000] {taskinstance.py:340} INFO - ::group::Post task execution logs
[2024-11-20T11:00:19.254+0000] {taskinstance.py:352} INFO - Marking task as SUCCESS. dag_id=get_gbif_data_roadkill, task_id=get_all_data, run_id=scheduled__2024-11-19T11:30:00+00:00, execution_date=20241119T113000, start_date=20241120T110017, end_date=20241120T110019
[2024-11-20T11:00:19.293+0000] {logging_mixin.py:190} INFO - Task instance in success state
[2024-11-20T11:00:19.295+0000] {logging_mixin.py:190} INFO -  Previous state of the Task instance: running
[2024-11-20T11:00:19.296+0000] {logging_mixin.py:190} INFO - Dag name:get_gbif_data_roadkill queued_at:2024-11-20 10:53:23.279141+00:00
[2024-11-20T11:00:19.296+0000] {logging_mixin.py:190} INFO - Task hostname:6e76132c078d operator:_PythonDecoratedOperator
[2024-11-20T11:00:19.373+0000] {local_task_job_runner.py:266} INFO - Task exited with return code 0
[2024-11-20T11:00:19.539+0000] {taskinstance.py:3900} INFO - 1 downstream tasks scheduled from follow-on schedule check
[2024-11-20T11:00:19.541+0000] {local_task_job_runner.py:245} INFO - ::endgroup::
