[2024-10-31T12:00:03.128+0000] {local_task_job_runner.py:123} INFO - ::group::Pre task execution logs
[2024-10-31T12:00:03.162+0000] {taskinstance.py:2612} INFO - Dependencies all met for dep_context=non-requeueable deps ti=<TaskInstance: get_inaturalist_data_atropelamento.process_data scheduled__2024-10-31T11:30:00+00:00 [queued]>
[2024-10-31T12:00:03.176+0000] {taskinstance.py:2612} INFO - Dependencies all met for dep_context=requeueable deps ti=<TaskInstance: get_inaturalist_data_atropelamento.process_data scheduled__2024-10-31T11:30:00+00:00 [queued]>
[2024-10-31T12:00:03.177+0000] {taskinstance.py:2865} INFO - Starting attempt 1 of 4
[2024-10-31T12:00:03.203+0000] {taskinstance.py:2888} INFO - Executing <Task(_PythonDecoratedOperator): process_data> on 2024-10-31 11:30:00+00:00
[2024-10-31T12:00:03.220+0000] {warnings.py:112} WARNING - /home/***/.local/lib/python3.12/site-packages/***/task/task_runner/standard_task_runner.py:70: DeprecationWarning: This process (pid=166) is multi-threaded, use of fork() may lead to deadlocks in the child.
  pid = os.fork()

[2024-10-31T12:00:03.222+0000] {standard_task_runner.py:72} INFO - Started process 178 to run task
[2024-10-31T12:00:03.226+0000] {standard_task_runner.py:104} INFO - Running: ['***', 'tasks', 'run', 'get_inaturalist_data_atropelamento', 'process_data', 'scheduled__2024-10-31T11:30:00+00:00', '--job-id', '272', '--raw', '--subdir', 'DAGS_FOLDER/inaturalist_dag.py', '--cfg-path', '/tmp/tmp8722qa9p']
[2024-10-31T12:00:03.228+0000] {standard_task_runner.py:105} INFO - Job 272: Subtask process_data
[2024-10-31T12:00:03.341+0000] {task_command.py:467} INFO - Running <TaskInstance: get_inaturalist_data_atropelamento.process_data scheduled__2024-10-31T11:30:00+00:00 [running]> on host 587c00f37f8c
[2024-10-31T12:00:03.519+0000] {taskinstance.py:3131} INFO - Exporting env vars: AIRFLOW_CTX_DAG_OWNER='***' AIRFLOW_CTX_DAG_ID='get_inaturalist_data_atropelamento' AIRFLOW_CTX_TASK_ID='process_data' AIRFLOW_CTX_EXECUTION_DATE='2024-10-31T11:30:00+00:00' AIRFLOW_CTX_TRY_NUMBER='1' AIRFLOW_CTX_DAG_RUN_ID='scheduled__2024-10-31T11:30:00+00:00'
[2024-10-31T12:00:03.521+0000] {logging_mixin.py:190} INFO - Task instance is in running state
[2024-10-31T12:00:03.521+0000] {logging_mixin.py:190} INFO -  Previous state of the Task instance: queued
[2024-10-31T12:00:03.522+0000] {logging_mixin.py:190} INFO - Current task name:process_data state:running start_date:2024-10-31 12:00:03.163041+00:00
[2024-10-31T12:00:03.522+0000] {logging_mixin.py:190} INFO - Dag name:get_inaturalist_data_atropelamento and current dag run status:running
[2024-10-31T12:00:03.522+0000] {taskinstance.py:731} INFO - ::endgroup::
[2024-10-31T12:00:03.523+0000] {python.py:240} INFO - Done. Returned value was: {'path': 'inaturalist_data/atropelamento_data/2024/10/31/atropelamento_observations_120003.json', 'format': 'application/json'}
[2024-10-31T12:00:03.568+0000] {taskinstance.py:340} INFO - ::group::Post task execution logs
[2024-10-31T12:00:03.569+0000] {taskinstance.py:352} INFO - Marking task as SUCCESS. dag_id=get_inaturalist_data_atropelamento, task_id=process_data, run_id=scheduled__2024-10-31T11:30:00+00:00, execution_date=20241031T113000, start_date=20241031T120003, end_date=20241031T120003
[2024-10-31T12:00:03.582+0000] {logging_mixin.py:190} INFO - Task instance in success state
[2024-10-31T12:00:03.583+0000] {logging_mixin.py:190} INFO -  Previous state of the Task instance: running
[2024-10-31T12:00:03.583+0000] {logging_mixin.py:190} INFO - Dag name:get_inaturalist_data_atropelamento queued_at:2024-10-31 12:00:00.340940+00:00
[2024-10-31T12:00:03.583+0000] {logging_mixin.py:190} INFO - Task hostname:587c00f37f8c operator:_PythonDecoratedOperator
[2024-10-31T12:00:03.613+0000] {local_task_job_runner.py:266} INFO - Task exited with return code 0
[2024-10-31T12:00:03.638+0000] {taskinstance.py:3900} INFO - 0 downstream tasks scheduled from follow-on schedule check
[2024-10-31T12:00:03.640+0000] {local_task_job_runner.py:245} INFO - ::endgroup::
