[2024-11-18T12:08:38.818+0000] {local_task_job_runner.py:123} INFO - ::group::Pre task execution logs
[2024-11-18T12:08:38.851+0000] {taskinstance.py:2612} INFO - Dependencies all met for dep_context=non-requeueable deps ti=<TaskInstance: get_inaturalist_data_atropelamento.save_data scheduled__2024-11-18T11:30:00+00:00 [queued]>
[2024-11-18T12:08:38.866+0000] {taskinstance.py:2612} INFO - Dependencies all met for dep_context=requeueable deps ti=<TaskInstance: get_inaturalist_data_atropelamento.save_data scheduled__2024-11-18T11:30:00+00:00 [queued]>
[2024-11-18T12:08:38.867+0000] {taskinstance.py:2865} INFO - Starting attempt 1 of 4
[2024-11-18T12:08:38.891+0000] {taskinstance.py:2888} INFO - Executing <Task(_PythonDecoratedOperator): save_data> on 2024-11-18 11:30:00+00:00
[2024-11-18T12:08:38.906+0000] {warnings.py:112} WARNING - /home/***/.local/lib/python3.12/site-packages/***/task/task_runner/standard_task_runner.py:70: DeprecationWarning: This process (pid=140) is multi-threaded, use of fork() may lead to deadlocks in the child.
  pid = os.fork()

[2024-11-18T12:08:38.910+0000] {standard_task_runner.py:72} INFO - Started process 143 to run task
[2024-11-18T12:08:38.912+0000] {standard_task_runner.py:104} INFO - Running: ['***', 'tasks', 'run', 'get_inaturalist_data_atropelamento', 'save_data', 'scheduled__2024-11-18T11:30:00+00:00', '--job-id', '502', '--raw', '--subdir', 'DAGS_FOLDER/inaturalist_dag.py', '--cfg-path', '/tmp/tmp4ajwz3yd']
[2024-11-18T12:08:38.914+0000] {standard_task_runner.py:105} INFO - Job 502: Subtask save_data
[2024-11-18T12:08:39.007+0000] {task_command.py:467} INFO - Running <TaskInstance: get_inaturalist_data_atropelamento.save_data scheduled__2024-11-18T11:30:00+00:00 [running]> on host bf677ca5dd6f
[2024-11-18T12:08:39.265+0000] {taskinstance.py:3131} INFO - Exporting env vars: AIRFLOW_CTX_DAG_OWNER='***' AIRFLOW_CTX_DAG_ID='get_inaturalist_data_atropelamento' AIRFLOW_CTX_TASK_ID='save_data' AIRFLOW_CTX_EXECUTION_DATE='2024-11-18T11:30:00+00:00' AIRFLOW_CTX_TRY_NUMBER='1' AIRFLOW_CTX_DAG_RUN_ID='scheduled__2024-11-18T11:30:00+00:00'
[2024-11-18T12:08:39.268+0000] {logging_mixin.py:190} INFO - Task instance is in running state
[2024-11-18T12:08:39.269+0000] {logging_mixin.py:190} INFO -  Previous state of the Task instance: queued
[2024-11-18T12:08:39.271+0000] {logging_mixin.py:190} INFO - Current task name:save_data state:running start_date:2024-11-18 12:08:38.851905+00:00
[2024-11-18T12:08:39.271+0000] {logging_mixin.py:190} INFO - Dag name:get_inaturalist_data_atropelamento and current dag run status:running
[2024-11-18T12:08:39.272+0000] {taskinstance.py:731} INFO - ::endgroup::
[2024-11-18T12:08:39.273+0000] {inaturalist_dag.py:165} INFO - No new observations to store.
[2024-11-18T12:08:39.273+0000] {python.py:240} INFO - Done. Returned value was: None
[2024-11-18T12:08:39.291+0000] {taskinstance.py:340} INFO - ::group::Post task execution logs
[2024-11-18T12:08:39.292+0000] {taskinstance.py:352} INFO - Marking task as SUCCESS. dag_id=get_inaturalist_data_atropelamento, task_id=save_data, run_id=scheduled__2024-11-18T11:30:00+00:00, execution_date=20241118T113000, start_date=20241118T120838, end_date=20241118T120839
[2024-11-18T12:08:39.309+0000] {logging_mixin.py:190} INFO - Task instance in success state
[2024-11-18T12:08:39.309+0000] {logging_mixin.py:190} INFO -  Previous state of the Task instance: running
[2024-11-18T12:08:39.310+0000] {logging_mixin.py:190} INFO - Dag name:get_inaturalist_data_atropelamento queued_at:2024-11-18 12:07:05.806987+00:00
[2024-11-18T12:08:39.310+0000] {logging_mixin.py:190} INFO - Task hostname:bf677ca5dd6f operator:_PythonDecoratedOperator
[2024-11-18T12:08:39.333+0000] {local_task_job_runner.py:266} INFO - Task exited with return code 0
[2024-11-18T12:08:39.360+0000] {taskinstance.py:3900} INFO - 0 downstream tasks scheduled from follow-on schedule check
[2024-11-18T12:08:39.362+0000] {local_task_job_runner.py:245} INFO - ::endgroup::
