[2024-12-04T10:56:54.439+0000] {local_task_job_runner.py:123} INFO - ::group::Pre task execution logs
[2024-12-04T10:56:54.460+0000] {taskinstance.py:2612} INFO - Dependencies all met for dep_context=non-requeueable deps ti=<TaskInstance: get_inaturalist_data_roadkill.process_data scheduled__2024-12-03T18:30:00+00:00 [queued]>
[2024-12-04T10:56:54.470+0000] {taskinstance.py:2612} INFO - Dependencies all met for dep_context=requeueable deps ti=<TaskInstance: get_inaturalist_data_roadkill.process_data scheduled__2024-12-03T18:30:00+00:00 [queued]>
[2024-12-04T10:56:54.470+0000] {taskinstance.py:2865} INFO - Starting attempt 1 of 4
[2024-12-04T10:56:54.481+0000] {taskinstance.py:2888} INFO - Executing <Task(_PythonDecoratedOperator): process_data> on 2024-12-03 18:30:00+00:00
[2024-12-04T10:56:54.491+0000] {warnings.py:112} WARNING - /home/***/.local/lib/python3.12/site-packages/***/task/task_runner/standard_task_runner.py:70: DeprecationWarning: This process (pid=164) is multi-threaded, use of fork() may lead to deadlocks in the child.
  pid = os.fork()

[2024-12-04T10:56:54.492+0000] {standard_task_runner.py:72} INFO - Started process 167 to run task
[2024-12-04T10:56:54.493+0000] {standard_task_runner.py:104} INFO - Running: ['***', 'tasks', 'run', 'get_inaturalist_data_roadkill', 'process_data', 'scheduled__2024-12-03T18:30:00+00:00', '--job-id', '2335', '--raw', '--subdir', 'DAGS_FOLDER/inaturalist_dag.py', '--cfg-path', '/tmp/tmpgnxgyvog']
[2024-12-04T10:56:54.494+0000] {standard_task_runner.py:105} INFO - Job 2335: Subtask process_data
[2024-12-04T10:56:54.537+0000] {task_command.py:467} INFO - Running <TaskInstance: get_inaturalist_data_roadkill.process_data scheduled__2024-12-03T18:30:00+00:00 [running]> on host 7102278bc4c1
[2024-12-04T10:56:54.629+0000] {taskinstance.py:3131} INFO - Exporting env vars: AIRFLOW_CTX_DAG_OWNER='***' AIRFLOW_CTX_DAG_ID='get_inaturalist_data_roadkill' AIRFLOW_CTX_TASK_ID='process_data' AIRFLOW_CTX_EXECUTION_DATE='2024-12-03T18:30:00+00:00' AIRFLOW_CTX_TRY_NUMBER='1' AIRFLOW_CTX_DAG_RUN_ID='scheduled__2024-12-03T18:30:00+00:00'
[2024-12-04T10:56:54.631+0000] {logging_mixin.py:190} INFO - Task instance is in running state
[2024-12-04T10:56:54.631+0000] {logging_mixin.py:190} INFO -  Previous state of the Task instance: queued
[2024-12-04T10:56:54.631+0000] {logging_mixin.py:190} INFO - Current task name:process_data state:running start_date:2024-12-04 10:56:54.461189+00:00
[2024-12-04T10:56:54.631+0000] {logging_mixin.py:190} INFO - Dag name:get_inaturalist_data_roadkill and current dag run status:running
[2024-12-04T10:56:54.632+0000] {taskinstance.py:731} INFO - ::endgroup::
[2024-12-04T10:56:54.632+0000] {taskinstance.py:301} INFO - No observations to process, skipping tasks
[2024-12-04T10:56:54.648+0000] {taskinstance.py:340} INFO - ::group::Post task execution logs
[2024-12-04T10:56:54.649+0000] {taskinstance.py:352} INFO - Marking task as SKIPPED. dag_id=get_inaturalist_data_roadkill, task_id=process_data, run_id=scheduled__2024-12-03T18:30:00+00:00, execution_date=20241203T183000, start_date=20241204T105654, end_date=20241204T105654
[2024-12-04T10:56:54.706+0000] {local_task_job_runner.py:266} INFO - Task exited with return code 0
[2024-12-04T10:56:54.729+0000] {taskinstance.py:3900} INFO - 0 downstream tasks scheduled from follow-on schedule check
[2024-12-04T10:56:54.734+0000] {local_task_job_runner.py:245} INFO - ::endgroup::
