[2024-12-06T12:03:22.584+0000] {local_task_job_runner.py:123} INFO - ::group::Pre task execution logs
[2024-12-06T12:03:22.615+0000] {taskinstance.py:2612} INFO - Dependencies all met for dep_context=non-requeueable deps ti=<TaskInstance: get_inaturalist_data_atropelada.get_all_data scheduled__2024-12-06T11:30:00+00:00 [queued]>
[2024-12-06T12:03:22.629+0000] {taskinstance.py:2612} INFO - Dependencies all met for dep_context=requeueable deps ti=<TaskInstance: get_inaturalist_data_atropelada.get_all_data scheduled__2024-12-06T11:30:00+00:00 [queued]>
[2024-12-06T12:03:22.629+0000] {taskinstance.py:2865} INFO - Starting attempt 2 of 4
[2024-12-06T12:03:22.656+0000] {taskinstance.py:2888} INFO - Executing <Task(_PythonDecoratedOperator): get_all_data> on 2024-12-06 11:30:00+00:00
[2024-12-06T12:03:22.670+0000] {warnings.py:112} WARNING - /home/***/.local/lib/python3.12/site-packages/***/task/task_runner/standard_task_runner.py:70: DeprecationWarning: This process (pid=141) is multi-threaded, use of fork() may lead to deadlocks in the child.
  pid = os.fork()

[2024-12-06T12:03:22.672+0000] {standard_task_runner.py:72} INFO - Started process 148 to run task
[2024-12-06T12:03:22.672+0000] {standard_task_runner.py:104} INFO - Running: ['***', 'tasks', 'run', 'get_inaturalist_data_atropelada', 'get_all_data', 'scheduled__2024-12-06T11:30:00+00:00', '--job-id', '2553', '--raw', '--subdir', 'DAGS_FOLDER/inaturalist_dag.py', '--cfg-path', '/tmp/tmptao6lhac']
[2024-12-06T12:03:22.673+0000] {standard_task_runner.py:105} INFO - Job 2553: Subtask get_all_data
[2024-12-06T12:03:22.716+0000] {task_command.py:467} INFO - Running <TaskInstance: get_inaturalist_data_atropelada.get_all_data scheduled__2024-12-06T11:30:00+00:00 [running]> on host ff91ab1fa443
[2024-12-06T12:03:22.829+0000] {taskinstance.py:3131} INFO - Exporting env vars: AIRFLOW_CTX_DAG_OWNER='***' AIRFLOW_CTX_DAG_ID='get_inaturalist_data_atropelada' AIRFLOW_CTX_TASK_ID='get_all_data' AIRFLOW_CTX_EXECUTION_DATE='2024-12-06T11:30:00+00:00' AIRFLOW_CTX_TRY_NUMBER='2' AIRFLOW_CTX_DAG_RUN_ID='scheduled__2024-12-06T11:30:00+00:00'
[2024-12-06T12:03:22.830+0000] {logging_mixin.py:190} INFO - Task instance is in running state
[2024-12-06T12:03:22.831+0000] {logging_mixin.py:190} INFO -  Previous state of the Task instance: queued
[2024-12-06T12:03:22.831+0000] {logging_mixin.py:190} INFO - Current task name:get_all_data state:running start_date:2024-12-06 12:03:22.616198+00:00
[2024-12-06T12:03:22.831+0000] {logging_mixin.py:190} INFO - Dag name:get_inaturalist_data_atropelada and current dag run status:running
[2024-12-06T12:03:22.831+0000] {taskinstance.py:731} INFO - ::endgroup::
[2024-12-06T12:03:22.832+0000] {inaturalist_dag.py:153} INFO - Getting data from keyword: atropelada
[2024-12-06T12:03:22.840+0000] {inaturalist_dag.py:45} INFO - Maximum id 254289345 for the request
[2024-12-06T12:03:23.690+0000] {inaturalist_dag.py:61} INFO - Got 0 results
[2024-12-06T12:03:23.691+0000] {inaturalist_dag.py:160} INFO - No more observations found, stopping.
[2024-12-06T12:03:23.699+0000] {crypto.py:82} WARNING - empty cryptography key - values will not be stored encrypted.
[2024-12-06T12:03:23.705+0000] {python.py:240} INFO - Done. Returned value was: []
[2024-12-06T12:03:23.724+0000] {taskinstance.py:340} INFO - ::group::Post task execution logs
[2024-12-06T12:03:23.725+0000] {taskinstance.py:352} INFO - Marking task as SUCCESS. dag_id=get_inaturalist_data_atropelada, task_id=get_all_data, run_id=scheduled__2024-12-06T11:30:00+00:00, execution_date=20241206T113000, start_date=20241206T120322, end_date=20241206T120323
[2024-12-06T12:03:23.734+0000] {logging_mixin.py:190} INFO - Task instance in success state
[2024-12-06T12:03:23.735+0000] {logging_mixin.py:190} INFO -  Previous state of the Task instance: running
[2024-12-06T12:03:23.735+0000] {logging_mixin.py:190} INFO - Dag name:get_inaturalist_data_atropelada queued_at:2024-12-06 12:02:08.954625+00:00
[2024-12-06T12:03:23.735+0000] {logging_mixin.py:190} INFO - Task hostname:ff91ab1fa443 operator:_PythonDecoratedOperator
[2024-12-06T12:03:23.768+0000] {local_task_job_runner.py:266} INFO - Task exited with return code 0
[2024-12-06T12:03:23.797+0000] {taskinstance.py:3900} INFO - 1 downstream tasks scheduled from follow-on schedule check
[2024-12-06T12:03:23.803+0000] {local_task_job_runner.py:245} INFO - ::endgroup::
