[2024-12-06T16:01:21.128+0000] {local_task_job_runner.py:123} INFO - ::group::Pre task execution logs
[2024-12-06T16:01:21.170+0000] {taskinstance.py:2612} INFO - Dependencies all met for dep_context=non-requeueable deps ti=<TaskInstance: get_inaturalist_data_atropelada.save_data manual__2024-12-06T16:00:59.281817+00:00 [queued]>
[2024-12-06T16:01:21.191+0000] {taskinstance.py:2612} INFO - Dependencies all met for dep_context=requeueable deps ti=<TaskInstance: get_inaturalist_data_atropelada.save_data manual__2024-12-06T16:00:59.281817+00:00 [queued]>
[2024-12-06T16:01:21.192+0000] {taskinstance.py:2865} INFO - Starting attempt 1 of 4
[2024-12-06T16:01:21.215+0000] {taskinstance.py:2888} INFO - Executing <Task(_PythonDecoratedOperator): save_data> on 2024-12-06 16:00:59.281817+00:00
[2024-12-06T16:01:21.231+0000] {warnings.py:112} WARNING - /home/***/.local/lib/python3.12/site-packages/***/task/task_runner/standard_task_runner.py:70: DeprecationWarning: This process (pid=406) is multi-threaded, use of fork() may lead to deadlocks in the child.
  pid = os.fork()

[2024-12-06T16:01:21.235+0000] {standard_task_runner.py:72} INFO - Started process 408 to run task
[2024-12-06T16:01:21.235+0000] {standard_task_runner.py:104} INFO - Running: ['***', 'tasks', 'run', 'get_inaturalist_data_atropelada', 'save_data', 'manual__2024-12-06T16:00:59.281817+00:00', '--job-id', '2641', '--raw', '--subdir', 'DAGS_FOLDER/inaturalist_dag.py', '--cfg-path', '/tmp/tmpgg7fuvxe']
[2024-12-06T16:01:21.240+0000] {standard_task_runner.py:105} INFO - Job 2641: Subtask save_data
[2024-12-06T16:01:21.366+0000] {task_command.py:467} INFO - Running <TaskInstance: get_inaturalist_data_atropelada.save_data manual__2024-12-06T16:00:59.281817+00:00 [running]> on host 21d6d9811d5b
[2024-12-06T16:01:21.705+0000] {taskinstance.py:3131} INFO - Exporting env vars: AIRFLOW_CTX_DAG_OWNER='***' AIRFLOW_CTX_DAG_ID='get_inaturalist_data_atropelada' AIRFLOW_CTX_TASK_ID='save_data' AIRFLOW_CTX_EXECUTION_DATE='2024-12-06T16:00:59.281817+00:00' AIRFLOW_CTX_TRY_NUMBER='1' AIRFLOW_CTX_DAG_RUN_ID='manual__2024-12-06T16:00:59.281817+00:00'
[2024-12-06T16:01:21.708+0000] {taskinstance.py:731} INFO - ::endgroup::
[2024-12-06T16:01:21.936+0000] {minio.py:45} INFO - created inaturalist_data/atropelada_data/2024/12/06/atropelada_observations_160118.csv object; etag: bc5d5033654c950a7af9413804369690, version-id: None
[2024-12-06T16:01:21.937+0000] {minio.py:47} INFO - Data successfully uploaded to MinIO in bucket environbit under inaturalist_data/atropelada_data/2024/12/06/atropelada_observations_160118.csv
[2024-12-06T16:01:21.939+0000] {python.py:240} INFO - Done. Returned value was: None
[2024-12-06T16:01:21.956+0000] {taskinstance.py:340} INFO - ::group::Post task execution logs
[2024-12-06T16:01:21.957+0000] {taskinstance.py:352} INFO - Marking task as SUCCESS. dag_id=get_inaturalist_data_atropelada, task_id=save_data, run_id=manual__2024-12-06T16:00:59.281817+00:00, execution_date=20241206T160059, start_date=20241206T160121, end_date=20241206T160121
[2024-12-06T16:01:22.027+0000] {local_task_job_runner.py:266} INFO - Task exited with return code 0
[2024-12-06T16:01:22.064+0000] {taskinstance.py:3900} INFO - 1 downstream tasks scheduled from follow-on schedule check
[2024-12-06T16:01:22.068+0000] {local_task_job_runner.py:245} INFO - ::endgroup::
