[2024-12-03T15:56:10.987+0000] {local_task_job_runner.py:123} INFO - ::group::Pre task execution logs
[2024-12-03T15:56:11.004+0000] {taskinstance.py:2612} INFO - Dependencies all met for dep_context=non-requeueable deps ti=<TaskInstance: get_inaturalist_data_roadkill.get_all_data manual__2024-12-03T15:54:40.854694+00:00 [queued]>
[2024-12-03T15:56:11.014+0000] {taskinstance.py:2612} INFO - Dependencies all met for dep_context=requeueable deps ti=<TaskInstance: get_inaturalist_data_roadkill.get_all_data manual__2024-12-03T15:54:40.854694+00:00 [queued]>
[2024-12-03T15:56:11.014+0000] {taskinstance.py:2865} INFO - Starting attempt 3 of 6
[2024-12-03T15:56:11.027+0000] {taskinstance.py:2888} INFO - Executing <Task(_PythonDecoratedOperator): get_all_data> on 2024-12-03 15:54:40.854694+00:00
[2024-12-03T15:56:11.036+0000] {warnings.py:112} WARNING - /home/***/.local/lib/python3.12/site-packages/***/task/task_runner/standard_task_runner.py:70: DeprecationWarning: This process (pid=264) is multi-threaded, use of fork() may lead to deadlocks in the child.
  pid = os.fork()

[2024-12-03T15:56:11.037+0000] {standard_task_runner.py:72} INFO - Started process 267 to run task
[2024-12-03T15:56:11.039+0000] {standard_task_runner.py:104} INFO - Running: ['***', 'tasks', 'run', 'get_inaturalist_data_roadkill', 'get_all_data', 'manual__2024-12-03T15:54:40.854694+00:00', '--job-id', '2216', '--raw', '--subdir', 'DAGS_FOLDER/inaturalist_dag.py', '--cfg-path', '/tmp/tmpu8b3044b']
[2024-12-03T15:56:11.041+0000] {standard_task_runner.py:105} INFO - Job 2216: Subtask get_all_data
[2024-12-03T15:56:11.090+0000] {task_command.py:467} INFO - Running <TaskInstance: get_inaturalist_data_roadkill.get_all_data manual__2024-12-03T15:54:40.854694+00:00 [running]> on host 559daffc287d
[2024-12-03T15:56:11.177+0000] {taskinstance.py:3131} INFO - Exporting env vars: AIRFLOW_CTX_DAG_OWNER='***' AIRFLOW_CTX_DAG_ID='get_inaturalist_data_roadkill' AIRFLOW_CTX_TASK_ID='get_all_data' AIRFLOW_CTX_EXECUTION_DATE='2024-12-03T15:54:40.854694+00:00' AIRFLOW_CTX_TRY_NUMBER='3' AIRFLOW_CTX_DAG_RUN_ID='manual__2024-12-03T15:54:40.854694+00:00'
[2024-12-03T15:56:11.178+0000] {logging_mixin.py:190} INFO - Task instance is in running state
[2024-12-03T15:56:11.178+0000] {logging_mixin.py:190} INFO -  Previous state of the Task instance: queued
[2024-12-03T15:56:11.178+0000] {logging_mixin.py:190} INFO - Current task name:get_all_data state:running start_date:2024-12-03 15:56:11.004656+00:00
[2024-12-03T15:56:11.178+0000] {logging_mixin.py:190} INFO - Dag name:get_inaturalist_data_roadkill and current dag run status:running
[2024-12-03T15:56:11.178+0000] {taskinstance.py:731} INFO - ::endgroup::
[2024-12-03T15:56:11.179+0000] {inaturalist_dag.py:156} INFO - Getting data from keyword: roadkill
[2024-12-03T15:56:14.020+0000] {inaturalist_dag.py:144} INFO - Found 100
[2024-12-03T15:56:16.132+0000] {inaturalist_dag.py:144} INFO - Found 100
[2024-12-03T15:56:22.225+0000] {inaturalist_dag.py:144} INFO - Found 100
[2024-12-03T15:56:24.265+0000] {inaturalist_dag.py:144} INFO - Found 100
[2024-12-03T15:56:25.430+0000] {inaturalist_dag.py:144} INFO - Found 100
[2024-12-03T15:56:26.913+0000] {inaturalist_dag.py:144} INFO - Found 100
[2024-12-03T15:56:28.856+0000] {inaturalist_dag.py:144} INFO - Found 100
[2024-12-03T15:56:31.634+0000] {inaturalist_dag.py:144} INFO - Found 100
[2024-12-03T15:56:34.036+0000] {inaturalist_dag.py:144} INFO - Found 100
[2024-12-03T15:56:36.263+0000] {inaturalist_dag.py:144} INFO - Found 100
[2024-12-03T15:56:38.791+0000] {inaturalist_dag.py:144} INFO - Found 100
[2024-12-03T15:56:42.036+0000] {inaturalist_dag.py:144} INFO - Found 100
[2024-12-03T15:56:44.461+0000] {inaturalist_dag.py:144} INFO - Found 100
[2024-12-03T15:56:46.786+0000] {inaturalist_dag.py:144} INFO - Found 100
[2024-12-03T15:56:51.698+0000] {inaturalist_dag.py:144} INFO - Found 100
[2024-12-03T15:56:54.135+0000] {inaturalist_dag.py:144} INFO - Found 100
[2024-12-03T15:56:57.007+0000] {inaturalist_dag.py:144} INFO - Found 100
[2024-12-03T15:56:59.153+0000] {inaturalist_dag.py:144} INFO - Found 100
[2024-12-03T15:57:04.114+0000] {inaturalist_dag.py:144} INFO - Found 100
[2024-12-03T15:57:08.938+0000] {inaturalist_dag.py:144} INFO - Found 100
[2024-12-03T15:57:13.526+0000] {inaturalist_dag.py:144} INFO - Found 100
[2024-12-03T15:57:20.627+0000] {inaturalist_dag.py:144} INFO - Found 100
[2024-12-03T15:57:23.033+0000] {inaturalist_dag.py:144} INFO - Found 100
[2024-12-03T15:57:25.130+0000] {inaturalist_dag.py:144} INFO - Found 100
[2024-12-03T15:57:27.023+0000] {inaturalist_dag.py:144} INFO - Found 100
[2024-12-03T15:57:29.040+0000] {inaturalist_dag.py:144} INFO - Found 100
[2024-12-03T15:57:31.206+0000] {inaturalist_dag.py:144} INFO - Found 100
[2024-12-03T15:57:33.547+0000] {inaturalist_dag.py:144} INFO - Found 100
[2024-12-03T15:57:35.390+0000] {inaturalist_dag.py:144} INFO - Found 100
[2024-12-03T15:57:36.867+0000] {local_task_job_runner.py:346} WARNING - State of this instance has been externally set to failed. Terminating instance.
[2024-12-03T15:57:36.868+0000] {local_task_job_runner.py:245} INFO - ::endgroup::
[2024-12-03T15:57:36.871+0000] {process_utils.py:132} INFO - Sending 15 to group 267. PIDs of all processes in the group: [267]
[2024-12-03T15:57:36.871+0000] {process_utils.py:87} INFO - Sending the signal 15 to group 267
[2024-12-03T15:57:36.872+0000] {taskinstance.py:3092} ERROR - Received SIGTERM. Terminating subprocesses.
[2024-12-03T15:57:36.909+0000] {taskinstance.py:340} INFO - ::group::Post task execution logs
[2024-12-03T15:57:36.965+0000] {process_utils.py:80} INFO - Process psutil.Process(pid=267, status='terminated', exitcode=0, started='15:56:10') (267) terminated with exit code 0
