[2024-12-02T10:52:09.927+0000] {local_task_job_runner.py:123} INFO - ::group::Pre task execution logs
[2024-12-02T10:52:09.986+0000] {taskinstance.py:2612} INFO - Dependencies all met for dep_context=non-requeueable deps ti=<TaskInstance: get_inaturalist_data_atropelada.get_all_data scheduled__2024-12-02T10:00:00+00:00 [queued]>
[2024-12-02T10:52:10.005+0000] {taskinstance.py:2612} INFO - Dependencies all met for dep_context=requeueable deps ti=<TaskInstance: get_inaturalist_data_atropelada.get_all_data scheduled__2024-12-02T10:00:00+00:00 [queued]>
[2024-12-02T10:52:10.005+0000] {taskinstance.py:2865} INFO - Starting attempt 1 of 4
[2024-12-02T10:52:10.073+0000] {taskinstance.py:2888} INFO - Executing <Task(_PythonDecoratedOperator): get_all_data> on 2024-12-02 10:00:00+00:00
[2024-12-02T10:52:10.129+0000] {warnings.py:112} WARNING - /home/***/.local/lib/python3.12/site-packages/***/task/task_runner/standard_task_runner.py:70: DeprecationWarning: This process (pid=57) is multi-threaded, use of fork() may lead to deadlocks in the child.
  pid = os.fork()

[2024-12-02T10:52:10.142+0000] {standard_task_runner.py:72} INFO - Started process 81 to run task
[2024-12-02T10:52:10.154+0000] {standard_task_runner.py:104} INFO - Running: ['***', 'tasks', 'run', 'get_inaturalist_data_atropelada', 'get_all_data', 'scheduled__2024-12-02T10:00:00+00:00', '--job-id', '1923', '--raw', '--subdir', 'DAGS_FOLDER/inaturalist_dag.py', '--cfg-path', '/tmp/tmpgpkvx8yt']
[2024-12-02T10:52:10.175+0000] {standard_task_runner.py:105} INFO - Job 1923: Subtask get_all_data
[2024-12-02T10:52:10.363+0000] {task_command.py:467} INFO - Running <TaskInstance: get_inaturalist_data_atropelada.get_all_data scheduled__2024-12-02T10:00:00+00:00 [running]> on host 64b3b6a2b10b
[2024-12-02T10:52:10.757+0000] {taskinstance.py:3131} INFO - Exporting env vars: AIRFLOW_CTX_DAG_OWNER='***' AIRFLOW_CTX_DAG_ID='get_inaturalist_data_atropelada' AIRFLOW_CTX_TASK_ID='get_all_data' AIRFLOW_CTX_EXECUTION_DATE='2024-12-02T10:00:00+00:00' AIRFLOW_CTX_TRY_NUMBER='1' AIRFLOW_CTX_DAG_RUN_ID='scheduled__2024-12-02T10:00:00+00:00'
[2024-12-02T10:52:10.759+0000] {logging_mixin.py:190} INFO - Task instance is in running state
[2024-12-02T10:52:10.762+0000] {logging_mixin.py:190} INFO -  Previous state of the Task instance: queued
[2024-12-02T10:52:10.763+0000] {logging_mixin.py:190} INFO - Current task name:get_all_data state:running start_date:2024-12-02 10:52:09.986812+00:00
[2024-12-02T10:52:10.763+0000] {logging_mixin.py:190} INFO - Dag name:get_inaturalist_data_atropelada and current dag run status:running
[2024-12-02T10:52:10.764+0000] {taskinstance.py:731} INFO - ::endgroup::
[2024-12-02T10:52:10.765+0000] {inaturalist_dag.py:161} INFO - Getting data from keyword: atropelada
[2024-12-02T10:52:12.140+0000] {inaturalist_dag.py:70} INFO - Found 5
[2024-12-02T10:52:12.143+0000] {inaturalist_dag.py:167} INFO - No more observations found, stopping.
[2024-12-02T10:52:12.155+0000] {crypto.py:82} WARNING - empty cryptography key - values will not be stored encrypted.
[2024-12-02T10:52:12.165+0000] {python.py:240} INFO - Done. Returned value was: []
[2024-12-02T10:52:12.222+0000] {taskinstance.py:340} INFO - ::group::Post task execution logs
[2024-12-02T10:52:12.222+0000] {taskinstance.py:352} INFO - Marking task as SUCCESS. dag_id=get_inaturalist_data_atropelada, task_id=get_all_data, run_id=scheduled__2024-12-02T10:00:00+00:00, execution_date=20241202T100000, start_date=20241202T105209, end_date=20241202T105212
[2024-12-02T10:52:12.253+0000] {logging_mixin.py:190} INFO - Task instance in success state
[2024-12-02T10:52:12.254+0000] {logging_mixin.py:190} INFO -  Previous state of the Task instance: running
[2024-12-02T10:52:12.254+0000] {logging_mixin.py:190} INFO - Dag name:get_inaturalist_data_atropelada queued_at:2024-12-02 10:51:58.805451+00:00
[2024-12-02T10:52:12.255+0000] {logging_mixin.py:190} INFO - Task hostname:64b3b6a2b10b operator:_PythonDecoratedOperator
[2024-12-02T10:52:12.288+0000] {local_task_job_runner.py:266} INFO - Task exited with return code 0
[2024-12-02T10:52:12.338+0000] {taskinstance.py:3900} INFO - 1 downstream tasks scheduled from follow-on schedule check
[2024-12-02T10:52:12.349+0000] {local_task_job_runner.py:245} INFO - ::endgroup::
