[2024-10-31T11:55:49.647+0000] {local_task_job_runner.py:123} INFO - ::group::Pre task execution logs
[2024-10-31T11:55:49.710+0000] {taskinstance.py:2612} INFO - Dependencies all met for dep_context=non-requeueable deps ti=<TaskInstance: get_inaturalist_data_atropelada.get_all_data scheduled__2024-10-30T13:30:00+00:00 [queued]>
[2024-10-31T11:55:49.790+0000] {taskinstance.py:2612} INFO - Dependencies all met for dep_context=requeueable deps ti=<TaskInstance: get_inaturalist_data_atropelada.get_all_data scheduled__2024-10-30T13:30:00+00:00 [queued]>
[2024-10-31T11:55:49.796+0000] {taskinstance.py:2865} INFO - Starting attempt 1 of 4
[2024-10-31T11:55:49.961+0000] {taskinstance.py:2888} INFO - Executing <Task(_PythonDecoratedOperator): get_all_data> on 2024-10-30 13:30:00+00:00
[2024-10-31T11:55:50.162+0000] {warnings.py:112} WARNING - /home/***/.local/lib/python3.12/site-packages/***/task/task_runner/standard_task_runner.py:70: DeprecationWarning: This process (pid=58) is multi-threaded, use of fork() may lead to deadlocks in the child.
  pid = os.fork()

[2024-10-31T11:55:50.185+0000] {standard_task_runner.py:72} INFO - Started process 100 to run task
[2024-10-31T11:55:50.231+0000] {standard_task_runner.py:104} INFO - Running: ['***', 'tasks', 'run', 'get_inaturalist_data_atropelada', 'get_all_data', 'scheduled__2024-10-30T13:30:00+00:00', '--job-id', '266', '--raw', '--subdir', 'DAGS_FOLDER/inaturalist_dag.py', '--cfg-path', '/tmp/tmph9w14xd_']
[2024-10-31T11:55:50.238+0000] {standard_task_runner.py:105} INFO - Job 266: Subtask get_all_data
[2024-10-31T11:55:50.883+0000] {task_command.py:467} INFO - Running <TaskInstance: get_inaturalist_data_atropelada.get_all_data scheduled__2024-10-30T13:30:00+00:00 [running]> on host 587c00f37f8c
[2024-10-31T11:55:51.736+0000] {taskinstance.py:3131} INFO - Exporting env vars: AIRFLOW_CTX_DAG_OWNER='***' AIRFLOW_CTX_DAG_ID='get_inaturalist_data_atropelada' AIRFLOW_CTX_TASK_ID='get_all_data' AIRFLOW_CTX_EXECUTION_DATE='2024-10-30T13:30:00+00:00' AIRFLOW_CTX_TRY_NUMBER='1' AIRFLOW_CTX_DAG_RUN_ID='scheduled__2024-10-30T13:30:00+00:00'
[2024-10-31T11:55:51.764+0000] {logging_mixin.py:190} INFO - Task instance is in running state
[2024-10-31T11:55:51.765+0000] {logging_mixin.py:190} INFO -  Previous state of the Task instance: queued
[2024-10-31T11:55:51.766+0000] {logging_mixin.py:190} INFO - Current task name:get_all_data state:running start_date:2024-10-31 11:55:49.722146+00:00
[2024-10-31T11:55:51.783+0000] {logging_mixin.py:190} INFO - Dag name:get_inaturalist_data_atropelada and current dag run status:running
[2024-10-31T11:55:51.784+0000] {taskinstance.py:731} INFO - ::endgroup::
[2024-10-31T11:55:51.798+0000] {inaturalist_dag.py:129} INFO - Getting data from keyword: atropelada
[2024-10-31T11:55:53.079+0000] {inaturalist_dag.py:135} INFO - No more observations found, stopping.
[2024-10-31T11:55:53.095+0000] {crypto.py:82} WARNING - empty cryptography key - values will not be stored encrypted.
[2024-10-31T11:55:53.102+0000] {python.py:240} INFO - Done. Returned value was: []
[2024-10-31T11:55:53.242+0000] {taskinstance.py:340} INFO - ::group::Post task execution logs
[2024-10-31T11:55:53.243+0000] {taskinstance.py:352} INFO - Marking task as SUCCESS. dag_id=get_inaturalist_data_atropelada, task_id=get_all_data, run_id=scheduled__2024-10-30T13:30:00+00:00, execution_date=20241030T133000, start_date=20241031T115549, end_date=20241031T115553
[2024-10-31T11:55:53.278+0000] {logging_mixin.py:190} INFO - Task instance in success state
[2024-10-31T11:55:53.279+0000] {logging_mixin.py:190} INFO -  Previous state of the Task instance: running
[2024-10-31T11:55:53.280+0000] {logging_mixin.py:190} INFO - Dag name:get_inaturalist_data_atropelada queued_at:2024-10-31 11:55:26.416584+00:00
[2024-10-31T11:55:53.286+0000] {logging_mixin.py:190} INFO - Task hostname:587c00f37f8c operator:_PythonDecoratedOperator
[2024-10-31T11:55:53.342+0000] {local_task_job_runner.py:266} INFO - Task exited with return code 0
[2024-10-31T11:55:53.464+0000] {taskinstance.py:3900} INFO - 1 downstream tasks scheduled from follow-on schedule check
[2024-10-31T11:55:53.470+0000] {local_task_job_runner.py:245} INFO - ::endgroup::
