[2024-12-03T15:44:00.247+0000] {local_task_job_runner.py:123} INFO - ::group::Pre task execution logs
[2024-12-03T15:44:00.270+0000] {taskinstance.py:2612} INFO - Dependencies all met for dep_context=non-requeueable deps ti=<TaskInstance: get_inaturalist_data_roadkill.save_data manual__2024-12-03T15:43:29.968688+00:00 [queued]>
[2024-12-03T15:44:00.278+0000] {taskinstance.py:2612} INFO - Dependencies all met for dep_context=requeueable deps ti=<TaskInstance: get_inaturalist_data_roadkill.save_data manual__2024-12-03T15:43:29.968688+00:00 [queued]>
[2024-12-03T15:44:00.279+0000] {taskinstance.py:2865} INFO - Starting attempt 1 of 4
[2024-12-03T15:44:00.297+0000] {taskinstance.py:2888} INFO - Executing <Task(_PythonDecoratedOperator): save_data> on 2024-12-03 15:43:29.968688+00:00
[2024-12-03T15:44:00.311+0000] {warnings.py:112} WARNING - /home/***/.local/lib/python3.12/site-packages/***/task/task_runner/standard_task_runner.py:70: DeprecationWarning: This process (pid=71) is multi-threaded, use of fork() may lead to deadlocks in the child.
  pid = os.fork()

[2024-12-03T15:44:00.313+0000] {standard_task_runner.py:72} INFO - Started process 77 to run task
[2024-12-03T15:44:00.315+0000] {standard_task_runner.py:104} INFO - Running: ['***', 'tasks', 'run', 'get_inaturalist_data_roadkill', 'save_data', 'manual__2024-12-03T15:43:29.968688+00:00', '--job-id', '2208', '--raw', '--subdir', 'DAGS_FOLDER/inaturalist_dag.py', '--cfg-path', '/tmp/tmpuugygct9']
[2024-12-03T15:44:00.316+0000] {standard_task_runner.py:105} INFO - Job 2208: Subtask save_data
[2024-12-03T15:44:00.372+0000] {task_command.py:467} INFO - Running <TaskInstance: get_inaturalist_data_roadkill.save_data manual__2024-12-03T15:43:29.968688+00:00 [running]> on host 559daffc287d
[2024-12-03T15:44:00.504+0000] {taskinstance.py:3131} INFO - Exporting env vars: AIRFLOW_CTX_DAG_OWNER='***' AIRFLOW_CTX_DAG_ID='get_inaturalist_data_roadkill' AIRFLOW_CTX_TASK_ID='save_data' AIRFLOW_CTX_EXECUTION_DATE='2024-12-03T15:43:29.968688+00:00' AIRFLOW_CTX_TRY_NUMBER='1' AIRFLOW_CTX_DAG_RUN_ID='manual__2024-12-03T15:43:29.968688+00:00'
[2024-12-03T15:44:00.505+0000] {logging_mixin.py:190} INFO - Task instance is in running state
[2024-12-03T15:44:00.505+0000] {logging_mixin.py:190} INFO -  Previous state of the Task instance: queued
[2024-12-03T15:44:00.505+0000] {logging_mixin.py:190} INFO - Current task name:save_data state:running start_date:2024-12-03 15:44:00.270544+00:00
[2024-12-03T15:44:00.505+0000] {logging_mixin.py:190} INFO - Dag name:get_inaturalist_data_roadkill and current dag run status:running
[2024-12-03T15:44:00.506+0000] {taskinstance.py:731} INFO - ::endgroup::
[2024-12-03T15:46:13.749+0000] {connectionpool.py:870} WARNING - Retrying (Retry(total=4, connect=None, read=None, redirect=None, status=None)) after connection broken by 'ConnectTimeoutError(<urllib3.connection.HTTPConnection object at 0x7430361390d0>, 'Connection to 192.168.30.21 timed out. (connect timeout=300)')': /environbit?location=
[2024-12-03T15:46:21.633+0000] {local_task_job_runner.py:346} WARNING - State of this instance has been externally set to failed. Terminating instance.
[2024-12-03T15:46:21.634+0000] {local_task_job_runner.py:245} INFO - ::endgroup::
[2024-12-03T15:46:21.637+0000] {process_utils.py:132} INFO - Sending 15 to group 77. PIDs of all processes in the group: [77]
[2024-12-03T15:46:21.638+0000] {process_utils.py:87} INFO - Sending the signal 15 to group 77
[2024-12-03T15:46:21.639+0000] {taskinstance.py:3092} ERROR - Received SIGTERM. Terminating subprocesses.
[2024-12-03T15:46:21.658+0000] {taskinstance.py:340} INFO - ::group::Post task execution logs
[2024-12-03T15:46:21.691+0000] {process_utils.py:80} INFO - Process psutil.Process(pid=77, status='terminated', exitcode=0, started='15:43:59') (77) terminated with exit code 0
